802,Normal,"May 9, 2025 @ 11:22:49.776",15,10.12.25.3,Windows11,Microsoft-Windows-Sysmon/Operational,13,3164,,,,,,,NT AUTHORITY\\SYSTEM,,,,3,92307,Evidence of new service creation found in registry under HKLM\\System\\CurrentControlSet\\Services\\CredentialEnrollmentManagerUserSvc_29aa56\\ImagePath binary is: C:\\WINDOWS\\system32\\CredentialEnrollmentManager.exe,[T1543.003],"[Persistence, Privilege Escalation]",[Windows Service]
803,Normal,"May 9, 2025 @ 11:22:50.509",15,10.12.25.3,Windows11,Microsoft-Windows-Sysmon/Operational,13,3164,,,,,,,NT AUTHORITY\\SYSTEM,,,,3,92307,Evidence of new service creation found in registry under HKLM\\System\\CurrentControlSet\\Services\\DeviceAssociationBrokerSvc_29aa56\\ImagePath binary is: C:\\WINDOWS\\system32\\svchost.exe -k DevicesFlow -p,[T1543.003],"[Persistence, Privilege Escalation]",[Windows Service]
804,Normal,"May 9, 2025 @ 11:22:50.510",15,10.12.25.3,Windows11,Microsoft-Windows-Sysmon/Operational,13,3164,,,,,,,NT AUTHORITY\\SYSTEM,,,,3,92307,Evidence of new service creation found in registry under HKLM\\System\\CurrentControlSet\\Services\\DevicePickerUserSvc_29aa56\\ImagePath binary is: C:\\WINDOWS\\system32\\svchost.exe -k DevicesFlow,[T1543.003],"[Persistence, Privilege Escalation]",[Windows Service]
805,Normal,"May 9, 2025 @ 11:22:50.513",15,10.12.25.3,Windows11,Microsoft-Windows-Sysmon/Operational,13,3164,,,,,,,NT AUTHORITY\\SYSTEM,,,,3,92307,Evidence of new service creation found in registry under HKLM\\System\\CurrentControlSet\\Services\\DevicesFlowUserSvc_29aa56\\ImagePath binary is: C:\\WINDOWS\\system32\\svchost.exe -k DevicesFlow,[T1543.003],"[Persistence, Privilege Escalation]",[Windows Service]
806,Normal,"May 9, 2025 @ 11:22:50.514",15,10.12.25.3,Windows11,Microsoft-Windows-Sysmon/Operational,13,3164,,,,,,,NT AUTHORITY\\SYSTEM,,,,3,92307,Evidence of new service creation found in registry under HKLM\\System\\CurrentControlSet\\Services\\MessagingService_29aa56\\ImagePath binary is: C:\\WINDOWS\\system32\\svchost.exe -k UnistackSvcGroup,[T1543.003],"[Persistence, Privilege Escalation]",[Windows Service]
807,Normal,"May 9, 2025 @ 11:22:50.515",15,10.12.25.3,Windows11,Microsoft-Windows-Sysmon/Operational,13,3164,,,,,,,NT AUTHORITY\\SYSTEM,,,,3,92307,Evidence of new service creation found in registry under HKLM\\System\\CurrentControlSet\\Services\\NPSMSvc_29aa56\\ImagePath binary is: C:\\WINDOWS\\system32\\svchost.exe -k LocalService -p,[T1543.003],"[Persistence, Privilege Escalation]",[Windows Service]
808,Normal,"May 9, 2025 @ 11:22:50.516",15,10.12.25.3,Windows11,Microsoft-Windows-Sysmon/Operational,13,3164,,,,,,,NT AUTHORITY\\SYSTEM,,,,3,92307,Evidence of new service creation found in registry under HKLM\\System\\CurrentControlSet\\Services\\OneSyncSvc_29aa56\\ImagePath binary is: C:\\WINDOWS\\system32\\svchost.exe -k UnistackSvcGroup,[T1543.003],"[Persistence, Privilege Escalation]",[Windows Service]
809,Normal,"May 9, 2025 @ 11:22:50.518",15,10.12.25.3,Windows11,Microsoft-Windows-Sysmon/Operational,13,3164,,,,,,,NT AUTHORITY\\SYSTEM,,,,3,92307,Evidence of new service creation found in registry under HKLM\\System\\CurrentControlSet\\Services\\P9RdrService_29aa56\\ImagePath binary is: C:\\WINDOWS\\system32\\svchost.exe -k P9RdrService -p,[T1543.003],"[Persistence, Privilege Escalation]",[Windows Service]
810,Normal,"May 9, 2025 @ 11:22:50.518",15,10.12.25.3,Windows11,Microsoft-Windows-Sysmon/Operational,13,3164,,,,,,,NT AUTHORITY\\SYSTEM,,,,3,92307,Evidence of new service creation found in registry under HKLM\\System\\CurrentControlSet\\Services\\PenService_29aa56\\ImagePath binary is: C:\\WINDOWS\\system32\\svchost.exe -k PenService,[T1543.003],"[Persistence, Privilege Escalation]",[Windows Service]
811,Normal,"May 9, 2025 @ 11:22:50.519",15,10.12.25.3,Windows11,Microsoft-Windows-Sysmon/Operational,13,3164,,,,,,,NT AUTHORITY\\SYSTEM,,,,3,92307,Evidence of new service creation found in registry under HKLM\\System\\CurrentControlSet\\Services\\PimIndexMaintenanceSvc_29aa56\\ImagePath binary is: C:\\WINDOWS\\system32\\svchost.exe -k UnistackSvcGroup,[T1543.003],"[Persistence, Privilege Escalation]",[Windows Service]
812,Normal,"May 9, 2025 @ 11:22:50.526",15,10.12.25.3,Windows11,Microsoft-Windows-Sysmon/Operational,13,3164,,,,,,,NT AUTHORITY\\SYSTEM,,,,3,92307,Evidence of new service creation found in registry under HKLM\\System\\CurrentControlSet\\Services\\PrintWorkflowUserSvc_29aa56\\ImagePath binary is: C:\\WINDOWS\\system32\\svchost.exe -k PrintWorkflow,[T1543.003],"[Persistence, Privilege Escalation]",[Windows Service]
813,Normal,"May 9, 2025 @ 11:22:50.527",15,10.12.25.3,Windows11,Microsoft-Windows-Sysmon/Operational,13,3164,,,,,,,NT AUTHORITY\\SYSTEM,,,,3,92307,Evidence of new service creation found in registry under HKLM\\System\\CurrentControlSet\\Services\\UdkUserSvc_29aa56\\ImagePath binary is: C:\\WINDOWS\\system32\\svchost.exe -k UdkSvcGroup,[T1543.003],"[Persistence, Privilege Escalation]",[Windows Service]
814,Normal,"May 9, 2025 @ 11:22:50.528",15,10.12.25.3,Windows11,Microsoft-Windows-Sysmon/Operational,13,3164,,,,,,,NT AUTHORITY\\SYSTEM,,,,3,92307,Evidence of new service creation found in registry under HKLM\\System\\CurrentControlSet\\Services\\UserDataSvc_29aa56\\ImagePath binary is: C:\\WINDOWS\\system32\\svchost.exe -k UnistackSvcGroup,[T1543.003],"[Persistence, Privilege Escalation]",[Windows Service]
815,Normal,"May 9, 2025 @ 11:22:50.528",15,10.12.25.3,Windows11,Microsoft-Windows-Sysmon/Operational,13,3164,,,,,,,NT AUTHORITY\\SYSTEM,,,,3,92307,Evidence of new service creation found in registry under HKLM\\System\\CurrentControlSet\\Services\\UnistoreSvc_29aa56\\ImagePath binary is: C:\\WINDOWS\\System32\\svchost.exe -k UnistackSvcGroup,[T1543.003],"[Persistence, Privilege Escalation]",[Windows Service]
816,Normal,"May 9, 2025 @ 11:22:50.529",15,10.12.25.3,Windows11,Microsoft-Windows-Sysmon/Operational,13,3164,,,,,,,NT AUTHORITY\\SYSTEM,,,,3,92307,Evidence of new service creation found in registry under HKLM\\System\\CurrentControlSet\\Services\\webthreatdefusersvc_29aa56\\ImagePath binary is: C:\\WINDOWS\\system32\\svchost.exe -k LocalSystemNetworkRestricted -p,[T1543.003],"[Persistence, Privilege Escalation]",[Windows Service]
817,Normal,"May 9, 2025 @ 11:22:50.531",15,10.12.25.3,Windows11,Microsoft-Windows-Sysmon/Operational,13,3164,,,,,,,NT AUTHORITY\\SYSTEM,,,,3,92307,Evidence of new service creation found in registry under HKLM\\System\\CurrentControlSet\\Services\\WpnUserService_29aa56\\ImagePath binary is: C:\\WINDOWS\\system32\\svchost.exe -k UnistackSvcGroup,[T1543.003],"[Persistence, Privilege Escalation]",[Windows Service]
818,Normal,"May 9, 2025 @ 11:22:50.533",15,10.12.25.3,Windows11,Security,4688,4,,,,,,,,,C:\\WINDOWS\\system32\\svchost.exe -k UnistackSvcGroup,,3,67027,A process was created.,,,
819,Normal,"May 9, 2025 @ 11:22:50.535",15,10.12.25.3,Windows11,Security,4688,4,,,,,,,,,C:\\WINDOWS\\system32\\svchost.exe -k LocalSystemNetworkRestricted -p,,3,67027,A process was created.,,,
820,Normal,"May 9, 2025 @ 11:22:50.537",15,10.12.25.3,Windows11,Security,4688,4,,,,,,,,,taskhostw.exe {222A245B-E637-4AE9-A93F-A59CA119A75E},,3,67027,A process was created.,,,
821,Normal,"May 9, 2025 @ 11:22:51.254",15,10.12.25.3,Windows11,Security,4688,4,,,,,,,,,taskhostw.exe,,3,67027,A process was created.,,,
822,Normal,"May 9, 2025 @ 11:22:51.255",15,10.12.25.3,Windows11,Security,4688,4,,,,,,,,,"\""C:\\Program Files (x86)\\Microsoft\\EdgeUpdate\\MicrosoftEdgeUpdate.exe\"" /c",,3,67027,A process was created.,,,
823,Normal,"May 9, 2025 @ 11:22:51.633",15,10.12.25.3,Windows11,Security,4688,4,,,,,,,,,taskhostw.exe,,3,67027,A process was created.,,,
824,Normal,"May 9, 2025 @ 11:22:51.634",15,10.12.25.3,Windows11,Security,4688,4,,,,,,,,,C:\\WINDOWS\\system32\\userinit.exe,,3,67027,A process was created.,,,
825,Normal,"May 9, 2025 @ 11:22:51.636",15,10.12.25.3,Windows11,Security,4688,4,,,,,,,,,C:\\WINDOWS\\Explorer.EXE,,3,67027,A process was created.,,,
826,Normal,"May 9, 2025 @ 11:22:51.636",15,10.12.25.3,Windows11,Security,4688,4,,,,,,,,,C:\\WINDOWS\\Explorer.EXE,,3,67027,A process was created.,,,
827,Normal,"May 9, 2025 @ 11:22:51.853",16,10.12.25.5,Windows11EWS,Security,4688,4,,,,,,,,,"\""C:\\Program Files\\Common Files\\Siemens\\Automation\\Simatic OAM\\bin\\TC.exe\"" -flush",,3,67027,A process was created.,,,
828,Normal,"May 9, 2025 @ 11:22:53.392",15,10.12.25.3,Windows11,Security,4688,4,,,,,,,,,"\""C:\\Windows\\System32\\ShellHost.exe\""",,3,67027,A process was created.,,,
829,Normal,"May 9, 2025 @ 11:22:53.392",15,10.12.25.3,Windows11,Security,4688,4,,,,,,,,,"\""C:\\Windows\\System32\\ShellHost.exe\""",,3,67027,A process was created.,,,
830,Normal,"May 9, 2025 @ 11:22:54.682",15,10.12.25.3,Windows11,Security,4624,860,,Negotiate,Advapi,,,,,,,,3,60106,Windows Logon Success,[T1078],"[Defense Evasion, Persistence, Privilege Escalation, Initial Access]",[Valid Accounts]
831,Normal,"May 9, 2025 @ 11:22:54.682",15,10.12.25.3,Windows11,Security,4624,860,,Negotiate,Advapi,,,,,,,,3,60106,Windows Logon Success,[T1078],"[Defense Evasion, Persistence, Privilege Escalation, Initial Access]",[Valid Accounts]
832,Normal,"May 9, 2025 @ 11:22:54.694",15,10.12.25.3,Windows11,Security,4688,4,,,,,,,,,C:\\WINDOWS\\System32\\svchost.exe -k AppReadiness -p,,3,67027,A process was created.,,,
833,Normal,"May 9, 2025 @ 11:22:54.694",15,10.12.25.3,Windows11,Security,4688,4,,,,,,,,,C:\\WINDOWS\\System32\\svchost.exe -k AppReadiness -p,,3,67027,A process was created.,,,
834,Normal,"May 9, 2025 @ 11:22:55.362",16,10.12.25.5,Windows11EWS,Security,4688,4,,,,,,,,,"\""C:\\Program Files\\Common Files\\Siemens\\Automation\\Simatic OAM\\bin\\TC.exe\"" -flush",,3,67027,A process was created.,,,
835,Normal,"May 9, 2025 @ 11:22:55.362",16,10.12.25.5,Windows11EWS,Security,4688,4,,,,,,,,,"\""C:\\Program Files\\Common Files\\Siemens\\Automation\\Simatic OAM\\bin\\TC.exe\"" -flush",,3,67027,A process was created.,,,
836,Normal,"May 9, 2025 @ 11:22:57.273",15,10.12.25.3,Windows11,Security,4688,4,,,,,,,,,C:\\Windows\\System32\\smartscreen.exe -Embedding,,3,67027,A process was created.,,,
837,Normal,"May 9, 2025 @ 11:22:57.273",15,10.12.25.3,Windows11,Security,4688,4,,,,,,,,,C:\\Windows\\System32\\smartscreen.exe -Embedding,,3,67027,A process was created.,,,
838,Normal,"May 9, 2025 @ 11:22:57.276",15,10.12.25.3,Windows11,Security,4688,4,,,,,,,,,"\""C:\\Windows\\System32\\ie4uinit.exe\"" -UserConfig",,3,67027,A process was created.,,,
839,Normal,"May 9, 2025 @ 11:22:57.276",15,10.12.25.3,Windows11,Security,4688,4,,,,,,,,,"\""C:\\Windows\\System32\\ie4uinit.exe\"" -UserConfig",,3,67027,A process was created.,,,
840,Normal,"May 9, 2025 @ 11:22:57.453",16,10.12.25.5,Windows11EWS,Security,4688,4,,,,,,,,,taskhostw.exe,,3,67027,A process was created.,,,
841,Normal,"May 9, 2025 @ 11:22:57.453",16,10.12.25.5,Windows11EWS,Security,4688,4,,,,,,,,,taskhostw.exe,,3,67027,A process was created.,,,
842,Normal,"May 9, 2025 @ 11:22:57.537",16,10.12.25.5,Windows11EWS,,,,,,,,,,,,,,9,19005,SCA summary: CIS Microsoft Windows 11 Enterprise Benchmark v3.0.0: Score less than 30% (25),,,
843,Normal,"May 9, 2025 @ 11:22:57.537",16,10.12.25.5,Windows11EWS,,,,,,,,,,,,,,9,19005,SCA summary: CIS Microsoft Windows 11 Enterprise Benchmark v3.0.0: Score less than 30% (25),,,
844,Normal,"May 9, 2025 @ 11:22:59.315",15,10.12.25.3,Windows11,Security,4688,4,,,,,,,,,C:\\Windows\\System32\\ie4uinit.exe -ClearIconCache,,3,67027,A process was created.,,,
845,Normal,"May 9, 2025 @ 11:22:59.315",15,10.12.25.3,Windows11,Security,4688,4,,,,,,,,,C:\\Windows\\System32\\ie4uinit.exe -ClearIconCache,,3,67027,A process was created.,,,
846,Normal,"May 9, 2025 @ 11:22:59.470",16,10.12.25.5,Windows11EWS,Security,4688,4,,,,,,,,,"\""C:\\Program Files\\Common Files\\Siemens\\Automation\\Simatic OAM\\bin\\TC.exe\"" -flush",,3,67027,A process was created.,,,
847,Normal,"May 9, 2025 @ 11:22:59.470",16,10.12.25.5,Windows11EWS,Security,4688,4,,,,,,,,,"\""C:\\Program Files\\Common Files\\Siemens\\Automation\\Simatic OAM\\bin\\TC.exe\"" -flush",,3,67027,A process was created.,,,
848,Normal,"May 9, 2025 @ 11:23:02.357",15,10.12.25.3,Windows11,Security,4688,4,,,,,,,,,"C:\\WINDOWS\\system32\\rundll32.exe C:\\WINDOWS\\system32\\AppXDeploymentExtensions.OneCore.dll,ShellRefresh",,3,67027,A process was created.,,,
849,Normal,"May 9, 2025 @ 11:23:02.357",15,10.12.25.3,Windows11,Security,4688,4,,,,,,,,,"C:\\WINDOWS\\system32\\rundll32.exe C:\\WINDOWS\\system32\\AppXDeploymentExtensions.OneCore.dll,ShellRefresh",,3,67027,A process was created.,,,
850,Normal,"May 9, 2025 @ 11:23:03.600",16,10.12.25.5,Windows11EWS,Security,4688,4,,,,,,,,,"\""C:\\Program Files\\Common Files\\Siemens\\Automation\\Simatic OAM\\bin\\TC.exe\"" -flush",,3,67027,A process was created.,,,
851,Normal,"May 9, 2025 @ 11:23:03.600",16,10.12.25.5,Windows11EWS,Security,4688,4,,,,,,,,,"\""C:\\Program Files\\Common Files\\Siemens\\Automation\\Simatic OAM\\bin\\TC.exe\"" -flush",,3,67027,A process was created.,,,
852,Normal,"May 9, 2025 @ 11:23:04.463",15,10.12.25.3,Windows11,Security,4688,4,,,,,,,,,C:\\WINDOWS\\system32\\svchost.exe -k ClipboardSvcGroup -p,,3,67027,A process was created.,,,
853,Normal,"May 9, 2025 @ 11:23:04.463",15,10.12.25.3,Windows11,Security,4688,4,,,,,,,,,C:\\WINDOWS\\system32\\svchost.exe -k ClipboardSvcGroup -p,,3,67027,A process was created.,,,
854,Normal,"May 9, 2025 @ 11:23:05.649",15,10.12.25.3,Windows11,Security,4688,4,,,,,,,,,C:\\WINDOWS\\system32\\DllHost.exe /Processid:{AB8902B4-09CA-4BB6-B78D-A8F59079A8D5},,3,67027,A process was created.,,,
855,Normal,"May 9, 2025 @ 11:23:05.649",15,10.12.25.3,Windows11,Security,4688,4,,,,,,,,,C:\\WINDOWS\\system32\\DllHost.exe /Processid:{AB8902B4-09CA-4BB6-B78D-A8F59079A8D5},,3,67027,A process was created.,,,
856,Normal,"May 9, 2025 @ 11:23:07.834",16,10.12.25.5,Windows11EWS,Security,4688,4,,,,,,,,,"\""C:\\Program Files\\Common Files\\Siemens\\Automation\\Simatic OAM\\bin\\TC.exe\"" -flush",,3,67027,A process was created.,,,
857,Normal,"May 9, 2025 @ 11:23:07.834",16,10.12.25.5,Windows11EWS,Security,4688,4,,,,,,,,,"\""C:\\Program Files\\Common Files\\Siemens\\Automation\\Simatic OAM\\bin\\TC.exe\"" -flush",,3,67027,A process was created.,,,
858,Normal,"May 9, 2025 @ 11:23:08.908",15,10.12.25.3,Windows11,Security,4688,4,,,,,,,,,C:\\WINDOWS\\system32\\DllHost.exe /Processid:{69B7FE84-6361-4423-B948-1D64820B1E96},,3,67027,A process was created.,,,
859,Normal,"May 9, 2025 @ 11:23:08.908",15,10.12.25.3,Windows11,Security,4688,4,,,,,,,,,"\""C:\\WINDOWS\\system32\\usoclient.exe\"" StartWork",,3,67027,A process was created.,,,
860,Normal,"May 9, 2025 @ 11:23:08.908",15,10.12.25.3,Windows11,Security,4688,4,,,,,,,,,"\""C:\\WINDOWS\\system32\\usoclient.exe\"" StartWork",,3,67027,A process was created.,,,
861,Normal,"May 9, 2025 @ 11:23:08.908",15,10.12.25.3,Windows11,Security,4688,4,,,,,,,,,C:\\WINDOWS\\system32\\DllHost.exe /Processid:{69B7FE84-6361-4423-B948-1D64820B1E96},,3,67027,A process was created.,,,
862,Normal,"May 9, 2025 @ 11:23:10.133",15,10.12.25.3,Windows11,Security,4673,4,,,,,,,,,,,4,60107,Failed attempt to perform a privileged operation,[T1078],"[Defense Evasion, Persistence, Privilege Escalation, Initial Access]",[Valid Accounts]
863,Normal,"May 9, 2025 @ 11:23:10.133",15,10.12.25.3,Windows11,Security,4673,4,,,,,,,,,,,4,60107,Failed attempt to perform a privileged operation,[T1078],"[Defense Evasion, Persistence, Privilege Escalation, Initial Access]",[Valid Accounts]
864,Normal,"May 9, 2025 @ 11:23:11.249",15,10.12.25.3,Windows11,Security,4673,4,,,,,,,,,,,4,60107,Failed attempt to perform a privileged operation,[T1078],"[Defense Evasion, Persistence, Privilege Escalation, Initial Access]",[Valid Accounts]
865,Normal,"May 9, 2025 @ 11:23:11.249",15,10.12.25.3,Windows11,Security,4673,4,,,,,,,,,,,4,60107,Failed attempt to perform a privileged operation,[T1078],"[Defense Evasion, Persistence, Privilege Escalation, Initial Access]",[Valid Accounts]
866,Normal,"May 9, 2025 @ 11:23:11.255",15,10.12.25.3,Windows11,Security,4688,4,,,,,,,,,"\""C:\\WINDOWS\\SystemApps\\MicrosoftWindows.Client.CBS_cw5n1h2txyewy\\SearchHost.exe\"" -ServerName:CortanaUI.AppXstmwaab17q5s3y22tp6apqz7a45vwv65.mca",,3,67027,A process was created.,,,
867,Normal,"May 9, 2025 @ 11:23:11.255",15,10.12.25.3,Windows11,Security,4688,4,,,,,,,,,"\""C:\\WINDOWS\\SystemApps\\MicrosoftWindows.Client.CBS_cw5n1h2txyewy\\SearchHost.exe\"" -ServerName:CortanaUI.AppXstmwaab17q5s3y22tp6apqz7a45vwv65.mca",,3,67027,A process was created.,,,
868,Normal,"May 9, 2025 @ 11:23:11.260",15,10.12.25.3,Windows11,Security,4688,4,,,,,,,,,"\""C:\\WINDOWS\\SystemApps\\Microsoft.Windows.StartMenuExperienceHost_cw5n1h2txyewy\\StartMenuExperienceHost.exe\"" -ServerName:App.AppXywbrabmsek0gm3tkwpr5kwzbs55tkqay.mca",,3,67027,A process was created.,,,
869,Normal,"May 9, 2025 @ 11:23:11.260",15,10.12.25.3,Windows11,Security,4688,4,,,,,,,,,"\""C:\\WINDOWS\\SystemApps\\Microsoft.Windows.StartMenuExperienceHost_cw5n1h2txyewy\\StartMenuExperienceHost.exe\"" -ServerName:App.AppXywbrabmsek0gm3tkwpr5kwzbs55tkqay.mca",,3,67027,A process was created.,,,
870,Normal,"May 9, 2025 @ 11:23:11.717",15,10.12.25.3,Windows11,Security,4688,4,,,,,,,,,"\""C:\\Program Files\\WindowsApps\\MicrosoftWindows.Client.WebExperience_525.8401.30.0_x64__cw5n1h2txyewy\\Dashboard\\Widgets.exe\"" -ServerName:Microsoft.Windows.DashboardServer",,3,67027,A process was created.,,,
871,Normal,"May 9, 2025 @ 11:23:11.717",15,10.12.25.3,Windows11,Security,4688,4,,,,,,,,,"\""C:\\Program Files\\WindowsApps\\MicrosoftWindows.Client.WebExperience_525.8401.30.0_x64__cw5n1h2txyewy\\Dashboard\\Widgets.exe\"" -ServerName:Microsoft.Windows.DashboardServer",,3,67027,A process was created.,,,
872,Normal,"May 9, 2025 @ 11:23:11.720",15,10.12.25.3,Windows11,Security,4688,4,,,,,,,,,C:\\WINDOWS\\system32\\DllHost.exe /Processid:{133EAC4F-5891-4D04-BADA-D84870380A80},,3,67027,A process was created.,,,
873,Normal,"May 9, 2025 @ 11:23:11.720",15,10.12.25.3,Windows11,Security,4688,4,,,,,,,,,C:\\WINDOWS\\system32\\DllHost.exe /Processid:{133EAC4F-5891-4D04-BADA-D84870380A80},,3,67027,A process was created.,,,
874,Normal,"May 9, 2025 @ 11:23:11.801",16,10.12.25.5,Windows11EWS,Security,4688,4,,,,,,,,,"\""C:\\Program Files\\Common Files\\Siemens\\Automation\\Simatic OAM\\bin\\TC.exe\"" -flush",,3,67027,A process was created.,,,
875,Normal,"May 9, 2025 @ 11:23:11.801",16,10.12.25.5,Windows11EWS,Security,4688,4,,,,,,,,,"\""C:\\Program Files\\Common Files\\Siemens\\Automation\\Simatic OAM\\bin\\TC.exe\"" -flush",,3,67027,A process was created.,,,
876,Normal,"May 9, 2025 @ 11:23:11.932",15,10.12.25.3,Windows11,Security,4688,4,,,,,,,,,C:\\Windows\\System32\\RuntimeBroker.exe -Embedding,,3,67027,A process was created.,,,
877,Normal,"May 9, 2025 @ 11:23:11.932",15,10.12.25.3,Windows11,Security,4688,4,,,,,,,,,C:\\Windows\\System32\\RuntimeBroker.exe -Embedding,,3,67027,A process was created.,,,
878,Normal,"May 9, 2025 @ 11:23:13.217",15,10.12.25.3,Windows11,Security,4688,4,,,,,,,,,C:\\Windows\\System32\\RuntimeBroker.exe -Embedding,,3,67027,A process was created.,,,
879,Normal,"May 9, 2025 @ 11:23:13.217",16,10.12.25.5,Windows11EWS,System,7040,912,,,,,,,,,,,3,61104,Service startup type was changed,,,
880,Normal,"May 9, 2025 @ 11:23:13.217",16,10.12.25.5,Windows11EWS,System,7040,912,,,,,,,,,,,3,61104,Service startup type was changed,,,
881,Normal,"May 9, 2025 @ 11:23:13.217",15,10.12.25.3,Windows11,Security,4688,4,,,,,,,,,C:\\Windows\\System32\\RuntimeBroker.exe -Embedding,,3,67027,A process was created.,,,
882,Normal,"May 9, 2025 @ 11:23:13.218",15,10.12.25.3,Windows11,Security,4673,4,,,,,,,,,,,4,60107,Failed attempt to perform a privileged operation,[T1078],"[Defense Evasion, Persistence, Privilege Escalation, Initial Access]",[Valid Accounts]
883,Normal,"May 9, 2025 @ 11:23:13.218",15,10.12.25.3,Windows11,Security,4673,4,,,,,,,,,,,4,60107,Failed attempt to perform a privileged operation,[T1078],"[Defense Evasion, Persistence, Privilege Escalation, Initial Access]",[Valid Accounts]
884,Normal,"May 9, 2025 @ 11:23:14.061",15,10.12.25.3,Windows11,Security,4688,4,,,,,,,,,C:\\WINDOWS\\system32\\DllHost.exe /Processid:{AB8902B4-09CA-4BB6-B78D-A8F59079A8D5},,3,67027,A process was created.,,,
885,Normal,"May 9, 2025 @ 11:23:14.061",15,10.12.25.3,Windows11,Security,4688,4,,,,,,,,,C:\\WINDOWS\\system32\\DllHost.exe /Processid:{AB8902B4-09CA-4BB6-B78D-A8F59079A8D5},,3,67027,A process was created.,,,
886,Normal,"May 9, 2025 @ 11:23:14.073",15,10.12.25.3,Windows11,Security,4688,4,,,,,,,,,C:\\WINDOWS\\system32\\svchost.exe -k UdkSvcGroup,,3,67027,A process was created.,,,
887,Normal,"May 9, 2025 @ 11:23:14.073",15,10.12.25.3,Windows11,Security,4688,4,,,,,,,,,C:\\WINDOWS\\system32\\svchost.exe -k UdkSvcGroup,,3,67027,A process was created.,,,
888,Normal,"May 9, 2025 @ 11:23:14.371",16,10.12.25.5,Windows11EWS,Security,4688,4,,,,,,,,,"\""C:\\WINDOWS\\system32\\wermgr.exe\"" -upload",,3,67027,A process was created.,,,
889,Normal,"May 9, 2025 @ 11:23:14.371",16,10.12.25.5,Windows11EWS,Security,4688,4,,,,,,,,,"\""C:\\WINDOWS\\system32\\wermgr.exe\"" -upload",,3,67027,A process was created.,,,
890,Normal,"May 9, 2025 @ 11:23:16.141",15,10.12.25.3,Windows11,Security,4673,4,,,,,,,,,,,4,60107,Failed attempt to perform a privileged operation,[T1078],"[Defense Evasion, Persistence, Privilege Escalation, Initial Access]",[Valid Accounts]
891,Normal,"May 9, 2025 @ 11:23:16.141",15,10.12.25.3,Windows11,Security,4673,4,,,,,,,,,,,4,60107,Failed attempt to perform a privileged operation,[T1078],"[Defense Evasion, Persistence, Privilege Escalation, Initial Access]",[Valid Accounts]
892,Normal,"May 9, 2025 @ 11:23:16.165",15,10.12.25.3,Windows11,Security,4688,4,,,,,,,,,"\""C:\\WINDOWS\\system32\\BackgroundTaskHost.exe\"" -ServerName:BackgroundTaskHost.WebAccountProvider",,3,67027,A process was created.,,,
893,Normal,"May 9, 2025 @ 11:23:16.165",15,10.12.25.3,Windows11,Security,4688,4,,,,,,,,,"\""C:\\WINDOWS\\system32\\BackgroundTaskHost.exe\"" -ServerName:BackgroundTaskHost.WebAccountProvider",,3,67027,A process was created.,,,
894,Normal,"May 9, 2025 @ 11:23:16.177",16,10.12.25.5,Windows11EWS,Security,4688,4,,,,,,,,,"\""C:\\Program Files\\Common Files\\Siemens\\Automation\\Simatic OAM\\bin\\TC.exe\"" -flush",,3,67027,A process was created.,,,
895,Normal,"May 9, 2025 @ 11:23:16.177",16,10.12.25.5,Windows11EWS,Security,4688,4,,,,,,,,,"\""C:\\Program Files\\Common Files\\Siemens\\Automation\\Simatic OAM\\bin\\TC.exe\"" -flush",,3,67027,A process was created.,,,
896,Normal,"May 9, 2025 @ 11:23:16.180",16,10.12.25.5,Windows11EWS,Security,4688,4,,,,,,,,,C:\\WINDOWS\\system32\\sc.exe qc SiemensTiaAdmin,,3,67027,A process was created.,,,
897,Normal,"May 9, 2025 @ 11:23:16.180",16,10.12.25.5,Windows11EWS,Security,4688,4,,,,,,,,,C:\\WINDOWS\\system32\\sc.exe qc SiemensTiaAdmin,,3,67027,A process was created.,,,
898,Normal,"May 9, 2025 @ 11:23:16.185",16,10.12.25.5,Windows11EWS,Security,4688,4,,,,,,,,,\\??\\C:\\WINDOWS\\system32\\conhost.exe 0xffffffff -ForceV1,,3,67027,A process was created.,,,
899,Normal,"May 9, 2025 @ 11:23:16.185",16,10.12.25.5,Windows11EWS,Security,4688,4,,,,,,,,,\\??\\C:\\WINDOWS\\system32\\conhost.exe 0xffffffff -ForceV1,,3,67027,A process was created.,,,
900,Normal,"May 9, 2025 @ 11:23:16.185",16,10.12.25.5,Windows11EWS,Security,4688,4,,,,,,,,,C:\\WINDOWS\\system32\\sppsvc.exe,,3,67027,A process was created.,,,
901,Normal,"May 9, 2025 @ 11:23:16.185",16,10.12.25.5,Windows11EWS,Security,4688,4,,,,,,,,,C:\\WINDOWS\\system32\\sppsvc.exe,,3,67027,A process was created.,,,
902,Normal,"May 9, 2025 @ 11:23:16.186",16,10.12.25.5,Windows11EWS,Security,4688,4,,,,,,,,,C:\\WINDOWS\\system32\\sc.exe queryex SiemensTiaAdmin,,3,67027,A process was created.,,,
903,Normal,"May 9, 2025 @ 11:23:16.186",16,10.12.25.5,Windows11EWS,Security,4688,4,,,,,,,,,\\??\\C:\\WINDOWS\\system32\\conhost.exe 0xffffffff -ForceV1,,3,67027,A process was created.,,,
904,Normal,"May 9, 2025 @ 11:23:16.186",16,10.12.25.5,Windows11EWS,Security,4688,4,,,,,,,,,\\??\\C:\\WINDOWS\\system32\\conhost.exe 0xffffffff -ForceV1,,3,67027,A process was created.,,,
905,Normal,"May 9, 2025 @ 11:23:16.186",16,10.12.25.5,Windows11EWS,Security,4688,4,,,,,,,,,C:\\WINDOWS\\system32\\sc.exe queryex SiemensTiaAdmin,,3,67027,A process was created.,,,
906,Normal,"May 9, 2025 @ 11:23:16.187",16,10.12.25.5,Windows11EWS,Security,4688,4,,,,,,,,,\\??\\C:\\WINDOWS\\system32\\conhost.exe 0xffffffff -ForceV1,,3,67027,A process was created.,,,
907,Normal,"May 9, 2025 @ 11:23:16.187",16,10.12.25.5,Windows11EWS,Security,4688,4,,,,,,,,,C:\\WINDOWS\\system32\\sc.exe qfailure SiemensTiaAdmin,,3,67027,A process was created.,,,
908,Normal,"May 9, 2025 @ 11:23:16.187",16,10.12.25.5,Windows11EWS,Security,4688,4,,,,,,,,,\\??\\C:\\WINDOWS\\system32\\conhost.exe 0xffffffff -ForceV1,,3,67027,A process was created.,,,
909,Normal,"May 9, 2025 @ 11:23:16.187",16,10.12.25.5,Windows11EWS,Security,4688,4,,,,,,,,,C:\\WINDOWS\\system32\\sc.exe qfailure SiemensTiaAdmin,,3,67027,A process was created.,,,
910,Normal,"May 9, 2025 @ 11:23:16.940",16,10.12.25.5,Windows11EWS,Security,4688,4,,,,,,,,,C:\\WINDOWS\\system32\\sc.exe qsidtype SiemensTiaAdmin,,3,67027,A process was created.,,,
911,Normal,"May 9, 2025 @ 11:23:16.940",16,10.12.25.5,Windows11EWS,Security,4688,4,,,,,,,,,C:\\WINDOWS\\system32\\sc.exe qsidtype SiemensTiaAdmin,,3,67027,A process was created.,,,
912,Normal,"May 9, 2025 @ 11:23:16.941",16,10.12.25.5,Windows11EWS,Security,4688,4,,,,,,,,,\\??\\C:\\WINDOWS\\system32\\conhost.exe 0xffffffff -ForceV1,,3,67027,A process was created.,,,
913,Normal,"May 9, 2025 @ 11:23:16.941",16,10.12.25.5,Windows11EWS,Security,4688,4,,,,,,,,,\\??\\C:\\WINDOWS\\system32\\conhost.exe 0xffffffff -ForceV1,,3,67027,A process was created.,,,
914,Normal,"May 9, 2025 @ 11:23:16.942",16,10.12.25.5,Windows11EWS,Security,4688,4,,,,,,,,,C:\\WINDOWS\\system32\\svchost.exe -k LocalService,,3,67027,A process was created.,,,
915,Normal,"May 9, 2025 @ 11:23:16.942",16,10.12.25.5,Windows11EWS,Security,4688,4,,,,,,,,,C:\\WINDOWS\\system32\\sc.exe qprivs SiemensTiaAdmin,,3,67027,A process was created.,,,
916,Normal,"May 9, 2025 @ 11:23:16.942",16,10.12.25.5,Windows11EWS,Security,4688,4,,,,,,,,,C:\\WINDOWS\\system32\\svchost.exe -k LocalService,,3,67027,A process was created.,,,
917,Normal,"May 9, 2025 @ 11:23:16.942",16,10.12.25.5,Windows11EWS,Security,4688,4,,,,,,,,,C:\\WINDOWS\\system32\\sc.exe qprivs SiemensTiaAdmin,,3,67027,A process was created.,,,
918,Normal,"May 9, 2025 @ 11:23:16.945",16,10.12.25.5,Windows11EWS,Security,4688,4,,,,,,,,,"\""C:\\Program Files (x86)\\Microsoft\\EdgeUpdate\\Install\\{DE7F6742-BB62-4E7A-B87F-A1C709D62A5F}\\MicrosoftEdgeUpdateSetup_X86_1.3.195.57.exe\"" /update /sessionid \""{3DBED461-F3A2-4EAE-962A-4FC44855A5EA}\""",,3,67027,A process was created.,,,
919,Normal,"May 9, 2025 @ 11:23:16.945",16,10.12.25.5,Windows11EWS,Security,4688,4,,,,,,,,,"\""C:\\Program Files (x86)\\Microsoft\\EdgeUpdate\\Install\\{DE7F6742-BB62-4E7A-B87F-A1C709D62A5F}\\MicrosoftEdgeUpdateSetup_X86_1.3.195.57.exe\"" /update /sessionid \""{3DBED461-F3A2-4EAE-962A-4FC44855A5EA}\""",,3,67027,A process was created.,,,
920,Normal,"May 9, 2025 @ 11:23:16.947",16,10.12.25.5,Windows11EWS,Security,4688,4,,,,,,,,,\\??\\C:\\WINDOWS\\system32\\conhost.exe 0xffffffff -ForceV1,,3,67027,A process was created.,,,
921,Normal,"May 9, 2025 @ 11:23:16.947",16,10.12.25.5,Windows11EWS,Security,4688,4,,,,,,,,,\\??\\C:\\WINDOWS\\system32\\conhost.exe 0xffffffff -ForceV1,,3,67027,A process was created.,,,
922,Normal,"May 9, 2025 @ 11:23:17.645",15,10.12.25.3,Windows11,Security,4688,4,,,,,,,,,C:\\WINDOWS\\uus\\packages\\preview\\AMD64\\MoNotificationUx.exe /ClearActiveNotifications /CV Y7lP+c/bNEK82f5G.1.0.0,,3,67027,A process was created.,,,
923,Normal,"May 9, 2025 @ 11:23:17.645",15,10.12.25.3,Windows11,Security,4688,4,,,,,,,,,C:\\WINDOWS\\uus\\packages\\preview\\AMD64\\MoNotificationUx.exe /ClearActiveNotifications /CV Y7lP+c/bNEK82f5G.1.0.0,,3,67027,A process was created.,,,
924,Normal,"May 9, 2025 @ 11:23:18.030",16,10.12.25.5,Windows11EWS,Security,4688,4,,,,,,,,,C:\\WINDOWS\\system32\\certutil.exe -verifystore Root Windows11EWS-TIAADMIN-SYSTEM,,3,67027,A process was created.,,,
925,Normal,"May 9, 2025 @ 11:23:18.030",16,10.12.25.5,Windows11EWS,Security,4688,4,,,,,,,,,C:\\WINDOWS\\system32\\certutil.exe -verifystore Root Windows11EWS-TIAADMIN-SYSTEM,,3,67027,A process was created.,,,
926,Normal,"May 9, 2025 @ 11:23:18.030",16,10.12.25.5,Windows11EWS,Security,4688,4,,,,,,,,,taskhostw.exe,,3,67027,A process was created.,,,
927,Normal,"May 9, 2025 @ 11:23:18.031",16,10.12.25.5,Windows11EWS,Security,4688,4,,,,,,,,,"\""C:\\Program Files (x86)\\Microsoft\\EdgeUpdate\\MicrosoftEdgeUpdate.exe\"" /ping PD94bWwgdmVyc2lvbj0iMS4wIiBlbmNvZGluZz0iVVRGLTgiPz48cmVxdWVzdCBwcm90b2NvbD0iMy4wIiB1cGRhdGVyPSJPbWFoYSIgdXBkYXRlcnZlcnNpb249IjEuMy4xOTUuNDkiIHNoZWxsX3ZlcnNpb249IjEuMy4xODUuMjciIGlzbWFjaGluZT0iMSIgc2Vzc2lvbmlkPSJ7M0RCRUQ0NjEtRjNBMi00RUFFLTk2MkEtNEZDNDQ4NTVBNUVBfSIgdXNlcmlkPSJ7NjlENzAzMDEtNTlDOS00MTM3LUExREYtNTM5QTUyNDkzRDFCfSIgaW5zdGFsbHNvdXJjZT0iY29yZSIgcmVxdWVzdGlkPSJ7NTY0NUYwMjItQkRBQy00RjcxLUJGQjQtMjM2RjU3MEI3MDEwfSIgZGVkdXA9ImNyIiBkb21haW5qb2luZWQ9IjAiPjxodyBsb2dpY2FsX2NwdXM9IjQiIHBoeXNtZW1vcnk9IjIiIGRpc2tfdHlwZT0iMiIgc3NlPSIxIiBzc2UyPSIxIiBzc2UzPSIxIiBzc3NlMz0iMSIgc3NlNDE9IjEiIHNzZTQyPSIxIiBhdng9IjEiLz48b3MgcGxhdGZvcm09IndpbiIgdmVyc2lvbj0iMTAuMC4yNjEwMC4zNzc1IiBzcD0iIiBhcmNoPSJ4NjQiIHByb2R1Y3RfdHlwZT0iNDgiIGlzX3dpcD0iMCIgaXNfaW5fbG9ja2Rvd25fbW9kZT0iMCIvPjxvZW0gcHJvZHVjdF9tYW51ZmFjdHVyZXI9IlZNd2FyZSwgSW5jLiIgcHJvZHVjdF9uYW1lPSJWTXdhcmUyMCwxIi8-PGV4cCBldGFnPSImcXVvdDtFK3hiQXo2WTZzVTEyODliUzZxbDRWUkxia2pmQlVHVE1Kc2pySHI0NGlJPSZxdW90OyIvPjxhcHAgYXBwaWQ9IntGM0M0RkUwMC1FRkQ1LTQwM0ItOTU2OS0zOThBMjBGMUJBNEF9IiB2ZXJzaW9uPSIxLjMuMTk1LjQ5IiBuZXh0dmVyc2lvbj0iMS4zLjE5NS41NyIgbGFuZz0iIiBicmFuZD0iSU5CWCIgY2xpZW50PSIiIGluc3RhbGxhZ2U9IjQ1IiBjb2hvcnQ9InJyZkAwLjExIj48dXBkYXRlY2hlY2svPjxldmVudCBldmVudHR5cGU9IjEyIiBldmVudHJlc3VsdD0iMSIgZXJyb3Jjb2RlPSIwIiBleHRyYWNvZGUxPSIwIiBzeXN0ZW1fdXB0aW1lX3RpY2tzPSIyNzY2NzY2MjM5IiBkb25lX2JlZm9yZV9vb2JlX2NvbXBsZXRlPSIwIi8-PGV2ZW50IGV2ZW50dHlwZT0iMTMiIGV2ZW50cmVzdWx0PSIxIiBlcnJvcmNvZGU9IjAiIGV4dHJhY29kZTE9IjAiIHN5c3RlbV91cHRpbWVfdGlja3M9IjI3NjczODg2NTkiIGRvbmVfYmVmb3JlX29vYmVfY29tcGxldGU9IjAiLz48ZXZlbnQgZXZlbnR0eXBlPSIxNCIgZXZlbnRyZXN1bHQ9IjEiIGVycm9yY29kZT0iMCIgZXh0cmFjb2RlMT0iMCIgc3lzdGVtX3VwdGltZV90aWNrcz0iMzY4MDMzMjAwMiIgc291cmNlX3VybF9pbmRleD0iMCIgZG9uZV9iZWZvcmVfb29iZV9jb21wbGV0ZT0iMCIgZG93bmxvYWRlcj0iZG8iIHVybD0iaHR0cDovL21zZWRnZS5iLnRsdS5kbC5kZWxpdmVyeS5tcC5taWNyb3NvZnQuY29tL2ZpbGVzdHJlYW1pbmdzZXJ2aWNlL2ZpbGVzLzM1OGI3ZjNkLWI3YjctNDdmNS1hYmQxLWZiNjFkMTNmMGRhOD9QMT0xNzQ3MzkwOTA0JmFtcDtQMj00MDQmYW1wO1AzPTImYW1wO1A0PWlBRWtIa1pnJTJmZjNWNDduNjdidWNOVzVFdE0yY2R0TWltdTJOZ1lDdlJIWGpTVmFPNCUyZndzR0JBN09Ha01HY040MHgydzNER0hxUDBGTk5lMVVoRFU0QSUzZCUzZCIgc2VydmVyX2lwX2hpbnQ9IiIgY2RuX2NpZD0iLTEiIGNkbl9jY2M9IiIgY2RuX21zZWRnZV9yZWY9IiIgY2RuX2F6dXJlX3JlZl9vcmlnaW5fc2hpZWxkPSIiIGNkbl9jYWNoZT0iIiBjZG5fcDNwPSIiIGRvd25sb2FkZWQ9IjE2NTY5MDQiIHRvdGFsPSIxNjU2OTA0IiBkb3dubG9hZF90aW1lX21zPSI4OTAyMSIvPjxldmVudCBldmVudHR5cGU9IjE0IiBldmVudHJlc3VsdD0iMSIgZXJyb3Jjb2RlPSIwIiBleHRyYWNvZGUxPSIwIiBzeXN0ZW1fdXB0aW1lX3RpY2tzPSIzNjgyOTkxMDA2IiBzb3VyY2VfdXJsX2luZGV4PSIwIiBkb25lX2JlZm9yZV9vb2JlX2NvbXBsZXRlPSIwIi8-PGV2ZW50IGV2ZW50dHlwZT0iMTUiIGV2ZW50cmVzdWx0PSIxIiBlcnJvcmNvZGU9IjAiIGV4dHJhY29kZTE9IjAiIHN5c3RlbV91cHRpbWVfdGlja3M9IjM2ODk4MzIzMTEiIGRvbmVfYmVmb3JlX29vYmVfY29tcGxldGU9IjAiLz48cGluZyByPSI3IiByZD0iNjY5NiIgcGluZ19mcmVzaG5lc3M9IntDNjc2NzBERi1GQUIyLTQxODgtOUQ5Ny0xRjkyNkQ5RUM2RUR9Ii8-PC9hcHA-PGFwcCBhcHBpZD0iezU2RUIxOEY4LUIwMDgtNENCRC1CNkQyLThDOTdGRTdFOTA2Mn0iIHZlcnNpb249IjEzNS4wLjMxNzkuOTgiIG5leHR2ZXJzaW9uPSIiIGxhbmc9IiIgYnJhbmQ9IklOQlgiIGNsaWVudD0iIiBleHBlcmltZW50cz0iY29uc2VudD1mYWxzZSIgaW5zdGFsbGFnZT0iNDUiIGNvaG9ydD0icnJmQDAuOTAiIG9vYmVfaW5zdGFsbF90aW1lPSIxMzM4NzMyNzEyNjI3ODEwMTAiIHVwZGF0ZV9jb3VudD0iNCIgaXNfcGlubmVkX3N5c3RlbT0idHJ1ZSIgbGFzdF9sYXVuY2hfY291bnQ9IjEiIGxhc3RfbGF1bmNoX3RpbWU9IjEzMzkwNjUwNzY4MTgzOTAwMCI-PHVwZGF0ZWNoZWNrLz48cGluZyBhY3RpdmU9IjEiIGE9IjgiIHI9IjciIGFkPSI2Njk1IiByZD0iNjY5NiIgcGluZ19mcmVzaG5lc3M9InszQ0Q4MEU0OS1CQjdGLTQwODgtOUZCMC03RUU1N0FGOTRDMjF9Ii8-PC9hcHA-PGFwcCBhcHBpZD0ie0YzMDE3MjI2LUZFMkEtNDI5NS04QkRGLTAwQzNBOUE3RTRDNX0iIHZlcnNpb249IjEzNS4wLjMxNzkuOTgiIG5leHR2ZXJzaW9uPSIiIGxhbmc9IiIgYnJhbmQ9IklOQlgiIGNsaWVudD0iIiBleHBlcmltZW50cz0iY29uc2VudD1mYWxzZSIgaW5zdGFsbGFnZT0iNDUiIGNvaG9ydD0icnJmQDAuMjkiIHVwZGF0ZV9jb3VudD0iNCI-PHVwZGF0ZWNoZWNrLz48cGluZyByPSI3IiByZD0iNjY5NiIgcGluZ19mcmVzaG5lc3M9IntERUEyQTY0OC04RUZDLTQ4MTMtQjdEQi00QUMyREQ0NkE1NDh9Ii8-PC9hcHA-PC9yZXF1ZXN0Pg",,3,67027,A process was created.,,,
928,Normal,"May 9, 2025 @ 11:23:19.514",16,10.12.25.5,Windows11EWS,Security,4688,4,,,,,,,,,\\??\\C:\\WINDOWS\\system32\\conhost.exe 0xffffffff -ForceV1,,3,67027,A process was created.,,,
929,Normal,"May 9, 2025 @ 11:23:19.515",16,10.12.25.5,Windows11EWS,Security,4688,4,,,,,,,,,"\""C:\\Program Files\\Siemens\\Automation\\TIAADMIN\\server\\node.exe\"" --no-warnings \""C:\\Program Files\\Siemens\\Automation\\TIAADMIN\\server\\server.js\"" --runfork --runservice",,3,67027,A process was created.,,,
930,Normal,"May 9, 2025 @ 11:23:19.517",15,10.12.25.3,Windows11,Security,4673,4,,,,,,,,,,,4,60107,Failed attempt to perform a privileged operation,[T1078],"[Defense Evasion, Persistence, Privilege Escalation, Initial Access]",[Valid Accounts]
931,Normal,"May 9, 2025 @ 11:23:19.524",15,10.12.25.3,Windows11,Security,4673,4,,,,,,,,,,,4,60107,Failed attempt to perform a privileged operation,[T1078],"[Defense Evasion, Persistence, Privilege Escalation, Initial Access]",[Valid Accounts]
932,Normal,"May 9, 2025 @ 11:23:19.563",16,10.12.25.5,Windows11EWS,Security,4688,4,,,,,,,,,\\??\\C:\\WINDOWS\\system32\\conhost.exe 0xffffffff -ForceV1,,3,67027,A process was created.,,,
933,Normal,"May 9, 2025 @ 11:23:19.566",15,10.12.25.3,Windows11,Security,4673,4,,,,,,,,,,,4,60107,Failed attempt to perform a privileged operation,[T1078],"[Defense Evasion, Persistence, Privilege Escalation, Initial Access]",[Valid Accounts]
934,Normal,"May 9, 2025 @ 11:23:19.567",15,10.12.25.3,Windows11,Security,4688,4,,,,,,,,,"\""C:\\WINDOWS\\system32\\backgroundTaskHost.exe\"" -ServerName:Global.RulesEngine.AppXgphnekvm0vv49drvfehh4b6kyf6ckafp.mca",,3,67027,A process was created.,,,
935,Normal,"May 9, 2025 @ 11:23:19.567",15,10.12.25.3,Windows11,Security,4673,4,,,,,,,,,,,4,60107,Failed attempt to perform a privileged operation,[T1078],"[Defense Evasion, Persistence, Privilege Escalation, Initial Access]",[Valid Accounts]
936,Normal,"May 9, 2025 @ 11:23:19.574",15,10.12.25.3,Windows11,Security,4688,4,,,,,,,,,"\""C:\\WINDOWS\\system32\\backgroundTaskHost.exe\"" -ServerName:Global.DesktopSpotlight.AppXz2j21w56bgxkgsjhtn7zkjsepq96erz2.mca",,3,67027,A process was created.,,,
937,Normal,"May 9, 2025 @ 11:23:19.575",15,10.12.25.3,Windows11,Security,4688,4,,,,,,,,,"\""C:\\WINDOWS\\system32\\backgroundTaskHost.exe\"" -ServerName:Global.Accounts.AppXqe94epy97qwa6w3j6w132e8zvcs117nd.mca",,3,67027,A process was created.,,,
938,Normal,"May 9, 2025 @ 11:23:19.738",16,10.12.25.5,Windows11EWS,Security,4688,4,,,,,,,,,"\""C:\\Program Files\\Common Files\\Siemens\\Automation\\Simatic OAM\\bin\\TC.exe\"" -flush",,3,67027,A process was created.,,,
939,Normal,"May 9, 2025 @ 11:23:20.734",15,10.12.25.3,Windows11,Security,4673,4,,,,,,,,,,,4,60107,Failed attempt to perform a privileged operation,[T1078],"[Defense Evasion, Persistence, Privilege Escalation, Initial Access]",[Valid Accounts]
940,Normal,"May 9, 2025 @ 11:23:20.739",15,10.12.25.3,Windows11,Security,4688,4,,,,,,,,,taskhostw.exe SyncFromCloud,,3,67027,A process was created.,,,
941,Normal,"May 9, 2025 @ 11:23:20.959",15,10.12.25.3,Windows11,Security,4688,4,,,,,,,,,"\""C:\\WINDOWS\\system32\\backgroundTaskHost.exe\"" -ServerName:Global.IrisService.AppXwt29n3t7x7q6fgyrrbbqxwzkqjfjaw4y.mca",,3,67027,A process was created.,,,
942,Normal,"May 9, 2025 @ 11:23:20.960",15,10.12.25.3,Windows11,Security,4688,4,,,,,,,,,"\""C:\\WINDOWS\\system32\\backgroundTaskHost.exe\"" -ServerName:Global.wsw.AppXcx5gg4ftq7samr2je0nxerebxpgp1v9j.mca",,3,67027,A process was created.,,,
943,Normal,"May 9, 2025 @ 11:23:20.960",15,10.12.25.3,Windows11,Security,4673,4,,,,,,,,,,,4,60107,Failed attempt to perform a privileged operation,[T1078],"[Defense Evasion, Persistence, Privilege Escalation, Initial Access]",[Valid Accounts]
944,Normal,"May 9, 2025 @ 11:23:20.961",15,10.12.25.3,Windows11,Security,4688,4,,,,,,,,, -c -s 0 -f 0 -t Empty -m Empty -a 0 -u Empty,,3,67027,A process was created.,,,
945,Normal,"May 9, 2025 @ 11:23:20.962",15,10.12.25.3,Windows11,Security,4688,4,,,,,,,,,C:\\WINDOWS\\system32\\DllHost.exe /Processid:{7966B4D8-4FDC-4126-A10B-39A3209AD251},,3,67027,A process was created.,,,
946,Normal,"May 9, 2025 @ 11:23:20.962",15,10.12.25.3,Windows11,Security,4673,4,,,,,,,,,,,4,60107,Failed attempt to perform a privileged operation,[T1078],"[Defense Evasion, Persistence, Privilege Escalation, Initial Access]",[Valid Accounts]
947,Normal,"May 9, 2025 @ 11:23:21.497",15,10.12.25.3,Windows11,Security,4688,4,,,,,,,,,"\""C:\\Program Files\\WindowsApps\\Microsoft.WidgetsPlatformRuntime_1.6.9.0_x64__8wekyb3d8bbwe\\WidgetService\\WidgetService.exe\"" -RegisterProcessAsComServer -Embedding",,3,67027,A process was created.,,,
948,Normal,"May 9, 2025 @ 11:23:22.977",15,10.12.25.3,Windows11,Security,4688,4,,,,,,,,,"\""C:\\WINDOWS\\system32\\backgroundTaskHost.exe\"" -ServerName:WebExperienceHost.AppXt2rk6m02ana976jna04hdq35jfnzy7f7.mca",,3,67027,A process was created.,,,
949,Normal,"May 9, 2025 @ 11:23:22.980",15,10.12.25.3,Windows11,Security,4673,4,,,,,,,,,,,4,60107,Failed attempt to perform a privileged operation,[T1078],"[Defense Evasion, Persistence, Privilege Escalation, Initial Access]",[Valid Accounts]
950,Normal,"May 9, 2025 @ 11:23:23.028",15,10.12.25.3,Windows11,Security,4688,4,,,,,,,,,"\""C:\\WINDOWS\\system32\\backgroundTaskHost.exe\"" -ServerName:WindowsBackup.AppXg20mfg639r98zjt111v82s19ze9v9t09.mca",,3,67027,A process was created.,,,
951,Normal,"May 9, 2025 @ 11:23:24.480",15,10.12.25.3,Windows11,Security,4688,4,,,,,,,,,C:\\WINDOWS\\system32\\DllHost.exe /Processid:{973D20D7-562D-44B9-B70B-5A0F49CCDF3F},,3,67027,A process was created.,,,
952,Normal,"May 9, 2025 @ 11:23:25.313",16,10.12.25.5,Windows11EWS,Security,4688,4,,,,,,,,,"\""C:\\Program Files\\Common Files\\Siemens\\Automation\\Simatic OAM\\bin\\TC.exe\"" -flush",,3,67027,A process was created.,,,
953,Normal,"May 9, 2025 @ 11:23:25.325",15,10.12.25.3,Windows11,Security,4673,4,,,,,,,,,,,4,60107,Failed attempt to perform a privileged operation,[T1078],"[Defense Evasion, Persistence, Privilege Escalation, Initial Access]",[Valid Accounts]
954,Normal,"May 9, 2025 @ 11:23:26.019",15,10.12.25.3,Windows11,Security,4673,4,,,,,,,,,,,4,60107,Failed attempt to perform a privileged operation,[T1078],"[Defense Evasion, Persistence, Privilege Escalation, Initial Access]",[Valid Accounts]
955,Normal,"May 9, 2025 @ 11:23:26.019",15,10.12.25.3,Windows11,Security,4688,4,,,,,,,,,/QuitInfo:00000000000009E4;0000000000000AB8;,,3,67027,A process was created.,,,
956,Normal,"May 9, 2025 @ 11:23:28.495",16,10.12.25.5,Windows11EWS,Security,4688,4,,,,,,,,,"\""C:\\Program Files (x86)\\Microsoft\\Temp\\EUA976.tmp\\MicrosoftEdgeUpdate.exe\"" /update /sessionid \""{3DBED461-F3A2-4EAE-962A-4FC44855A5EA}\""",,3,67027,A process was created.,,,
957,Normal,"May 9, 2025 @ 11:23:28.495",16,10.12.25.5,Windows11EWS,Security,4688,4,,,,,,,,,C:\\WINDOWS\\System32\\svchost.exe -k LocalServiceNetworkRestricted -p,,3,67027,A process was created.,,,
958,Normal,"May 9, 2025 @ 11:23:29.444",15,10.12.25.3,Windows11,Security,4688,4,,,,,,,,,C:\\WINDOWS\\System32\\mobsync.exe -Embedding,,3,67027,A process was created.,,,
959,Normal,"May 9, 2025 @ 11:23:31.496",16,10.12.25.5,Windows11EWS,Security,4688,4,,,,,,,,,"\""C:\\Program Files\\Common Files\\Siemens\\Automation\\Simatic OAM\\bin\\TC.exe\"" -flush",,3,67027,A process was created.,,,
960,Normal,"May 9, 2025 @ 11:23:31.498",16,10.12.25.5,Windows11EWS,Security,4688,4,,,,,,,,,"\""C:\\Program Files (x86)\\Microsoft\\EdgeUpdate\\MicrosoftEdgeUpdate.exe\"" /regsvc",,3,67027,A process was created.,,,
961,Normal,"May 9, 2025 @ 11:23:31.861",16,10.12.25.5,Windows11EWS,Security,4688,4,,,,,,,,,"\""C:\\Program Files (x86)\\Microsoft\\EdgeUpdate\\MicrosoftEdgeUpdate.exe\"" /regserver",,3,67027,A process was created.,,,
962,Normal,"May 9, 2025 @ 11:23:31.980",16,10.12.25.5,Windows11EWS,Security,4688,4,,,,,,,,,"\""C:\\Program Files (x86)\\Microsoft\\EdgeUpdate\\1.3.195.57\\MicrosoftEdgeUpdateComRegisterShell64.exe\""",,3,67027,A process was created.,,,
963,Normal,"May 9, 2025 @ 11:23:32.105",16,10.12.25.5,Windows11EWS,Security,4688,4,,,,,,,,,"\""C:\\Program Files (x86)\\Microsoft\\EdgeUpdate\\1.3.195.57\\MicrosoftEdgeUpdateComRegisterShell64.exe\""",,3,67027,A process was created.,,,
964,Normal,"May 9, 2025 @ 11:23:32.106",16,10.12.25.5,Windows11EWS,Security,4688,4,,,,,,,,,"\""C:\\Program Files\\Common Files\\Siemens\\Automation\\Simatic OAM\\bin\\TC.exe\"" -flush",,3,67027,A process was created.,,,
965,Normal,"May 9, 2025 @ 11:23:34.003",16,10.12.25.5,Windows11EWS,Security,4688,4,,,,,,,,,"\""C:\\WINDOWS\\uus\\packages\\preview\\AMD64\\wuaucltcore.exe\"" /DeploymentHandlerFullPath \\\\?\\C:\\Windows\\UUS\\Packages\\Preview\\AMD64\\UpdateDeploy.dll /ClassId 54c02a67-1309-4f4e-aafc-6061923884d2 /RunHandlerComServer",,3,67027,A process was created.,,,
966,Normal,"May 9, 2025 @ 11:23:34.008",16,10.12.25.5,Windows11EWS,Security,4688,4,,,,,,,,,"\""C:\\Program Files (x86)\\Microsoft\\EdgeUpdate\\1.3.195.57\\MicrosoftEdgeUpdateComRegisterShell64.exe\""",,3,67027,A process was created.,,,
967,Normal,"May 9, 2025 @ 11:23:34.058",15,10.12.25.3,Windows11,Security,4673,4,,,,,,,,,,,4,60107,Failed attempt to perform a privileged operation,[T1078],"[Defense Evasion, Persistence, Privilege Escalation, Initial Access]",[Valid Accounts]
968,Normal,"May 9, 2025 @ 11:23:34.503",15,10.12.25.3,Windows11,Security,4688,4,,,,,,,,,"\""C:\\WINDOWS\\system32\\BackgroundTaskHost.exe\"" -ServerName:BackgroundTaskHost.WebAccountProvider",,3,67027,A process was created.,,,
969,Normal,"May 9, 2025 @ 11:23:37.296",15,10.12.25.3,Windows11,Security,4688,4,,,,,,,,,C:\\WINDOWS\\system32\\DllHost.exe /Processid:{7966B4D8-4FDC-4126-A10B-39A3209AD251},,3,67027,A process was created.,,,
