389,Normal,"May 9, 2025 @ 11:20:36.342",16,10.12.25.5,Windows11EWS,Microsoft-Windows-Sysmon/Operational,1,4416,,,,,,,NT AUTHORITY\\SYSTEM,"\""C:\\Program Files (x86)\\ossec-agent\\wazuh-agent.exe\""",net.exe accounts,,3,92031,Discovery activity executed,[T1087],[Discovery],[Account Discovery]
390,Normal,"May 9, 2025 @ 11:20:37.227",16,10.12.25.5,Windows11EWS,Security,4688,4,,,,,,,,,"\""C:\\Program Files\\Common Files\\Siemens\\Automation\\Simatic OAM\\bin\\TC.exe\"" -flush",,3,67027,A process was created.,,,
391,Normal,"May 9, 2025 @ 11:20:37.803",0,,wazuhVM,,,,,,,,,,,,,,3,52002,Apparmor DENIED,,,
392,Normal,"May 9, 2025 @ 11:20:37.803",0,,wazuhVM,,,,,,,,,,,,,,3,52002,Apparmor DENIED,,,
393,Normal,"May 9, 2025 @ 11:20:37.803",0,,wazuhVM,,,,,,,,,,,,,,3,52002,Apparmor DENIED,,,
394,Normal,"May 9, 2025 @ 11:20:38.450",16,10.12.25.5,Windows11EWS,Security,4688,4,,,,,,,,,\\??\\C:\\WINDOWS\\system32\\conhost.exe 0xffffffff -ForceV1,,3,67027,A process was created.,,,
395,Normal,"May 9, 2025 @ 11:20:39.617",16,10.12.25.5,Windows11EWS,Security,4688,4,,,,,,,,,"\""C:\\PROGRAM FILES (X86)\\COMMON FILES\\SIEMENS\\ACE\\BIN\\SCSDIALOGX.EXE\"" -Embedding",,3,67027,A process was created.,,,
396,Normal,"May 9, 2025 @ 11:20:39.717",16,10.12.25.5,Windows11EWS,Security,4624,932,,Negotiate,Advapi,,,,,,,,3,60106,Windows Logon Success,[T1078],"[Defense Evasion, Persistence, Privilege Escalation, Initial Access]",[Valid Accounts]
397,Normal,"May 9, 2025 @ 11:20:39.739",16,10.12.25.5,Windows11EWS,Security,4688,4,,,,,,,,,C:\\WINDOWS\\servicing\\TrustedInstaller.exe,,3,67027,A process was created.,,,
398,Normal,"May 9, 2025 @ 11:20:39.756",16,10.12.25.5,Windows11EWS,Security,4688,4,,,,,,,,,C:\\WINDOWS\\winsxs\\amd64_microsoft-windows-servicingstack_31bf3856ad364e35_10.0.26100.3764_none_a5067b2d776484b6\\TiWorker.exe -Embedding,,3,67027,A process was created.,,,
399,Normal,"May 9, 2025 @ 11:20:40.971",16,10.12.25.5,Windows11EWS,Security,4688,4,,,,,,,,,"C:\\WINDOWS\\system32\\wevtutil.exe uninstall-manifest \""C:\\ProgramData\\Microsoft\\Windows Defender\\Platform\\4.18.25030.2-0\\Microsoft-Antimalware-Service.man\""",,3,67027,A process was created.,,,
400,Normal,"May 9, 2025 @ 11:20:40.990",16,10.12.25.5,Windows11EWS,Security,4688,4,,,,,,,,,\\??\\C:\\WINDOWS\\system32\\conhost.exe 0xffffffff -ForceV1,,3,67027,A process was created.,,,
401,Normal,"May 9, 2025 @ 11:20:41.125",16,10.12.25.5,Windows11EWS,Security,4688,4,,,,,,,,,"\""C:\\Program Files\\Common Files\\Siemens\\Automation\\Simatic OAM\\bin\\TC.exe\"" -flush",,3,67027,A process was created.,,,
402,Normal,"May 9, 2025 @ 11:20:41.126",16,10.12.25.5,Windows11EWS,Security,4688,4,,,,,,,,,"C:\\WINDOWS\\system32\\wevtutil.exe install-manifest \""C:\\ProgramData\\Microsoft\\Windows Defender\\Platform\\4.18.25030.2-0\\Microsoft-Antimalware-Service.man\"" \""/resourceFilePath:C:\\ProgramData\\Microsoft\\Windows Defender\\Platform\\4.18.25030.2-0\\MpSvc.dll\"" \""/messageFilePath:C:\\ProgramData\\Microsoft\\Windows Defender\\Platform\\4.18.25030.2-0\\MpSvc.dll\"" \""/parameterFilePath:C:\\ProgramData\\Microsoft\\Windows Defender\\Platform\\4.18.25030.2-0\\MpSvc.dll\""",,3,67027,A process was created.,,,
403,Normal,"May 9, 2025 @ 11:20:41.127",16,10.12.25.5,Windows11EWS,Security,4688,4,,,,,,,,,\\??\\C:\\WINDOWS\\system32\\conhost.exe 0xffffffff -ForceV1,,3,67027,A process was created.,,,
404,Normal,"May 9, 2025 @ 11:20:41.808",0,,wazuhVM,,,,,,,,,,,,,,3,52002,Apparmor DENIED,,,
405,Normal,"May 9, 2025 @ 11:20:43.332",16,10.12.25.5,Windows11EWS,Security,4688,4,,,,,,,,,"C:\\WINDOWS\\system32\\wevtutil.exe uninstall-manifest \""C:\\ProgramData\\Microsoft\\Windows Defender\\Platform\\4.18.25030.2-0\\Microsoft-Antimalware-NIS.man\""",,3,67027,A process was created.,,,
406,Normal,"May 9, 2025 @ 11:20:43.444",16,10.12.25.5,Windows11EWS,Security,4688,4,,,,,,,,,\\??\\C:\\WINDOWS\\system32\\conhost.exe 0xffffffff -ForceV1,,3,67027,A process was created.,,,
407,Normal,"May 9, 2025 @ 11:20:43.832",0,,wazuhVM,,,,,,,,,,,,,,3,52002,Apparmor DENIED,,,
408,Normal,"May 9, 2025 @ 11:20:44.402",16,10.12.25.5,Windows11EWS,Security,4688,4,,,,,,,,,"C:\\WINDOWS\\system32\\wevtutil.exe install-manifest \""C:\\ProgramData\\Microsoft\\Windows Defender\\Platform\\4.18.25030.2-0\\Microsoft-Antimalware-NIS.man\"" \""/resourceFilePath:C:\\ProgramData\\Microsoft\\Windows Defender\\Platform\\4.18.25030.2-0\\NisSrv.exe\"" \""/messageFilePath:C:\\ProgramData\\Microsoft\\Windows Defender\\Platform\\4.18.25030.2-0\\NisSrv.exe\"" \""/parameterFilePath:C:\\ProgramData\\Microsoft\\Windows Defender\\Platform\\4.18.25030.2-0\\NisSrv.exe\""",,3,67027,A process was created.,,,
409,Normal,"May 9, 2025 @ 11:20:44.452",16,10.12.25.5,Windows11EWS,Security,4688,4,,,,,,,,,\\??\\C:\\WINDOWS\\system32\\conhost.exe 0xffffffff -ForceV1,,3,67027,A process was created.,,,
410,Normal,"May 9, 2025 @ 11:20:44.483",16,10.12.25.5,Windows11EWS,Security,4688,4,,,,,,,,,"\""C:\\ProgramData\\Microsoft\\Windows Defender\\Platform\\4.18.25030.2-0\\MpCmdRun.exe\"" -IdleTask -TaskName WdVerification",,3,67027,A process was created.,,,
411,Normal,"May 9, 2025 @ 11:20:44.551",16,10.12.25.5,Windows11EWS,Security,4688,4,,,,,,,,,"\""C:\\ProgramData\\Microsoft\\Windows Defender\\Platform\\4.18.25030.2-0\\MpCmdRun.exe\"" -IdleTask -TaskName WdCleanup",,3,67027,A process was created.,,,
412,Normal,"May 9, 2025 @ 11:20:46.089",16,10.12.25.5,Windows11EWS,Security,4688,4,,,,,,,,,C:\\WINDOWS\\System32\\sihclient.exe  /cv qtTdS/O/Z0Co8K7on6RD4A.0.2,,3,67027,A process was created.,,,
413,Normal,"May 9, 2025 @ 11:20:47.239",16,10.12.25.5,Windows11EWS,Security,4688,4,,,,,,,,,"C:\\WINDOWS\\system32\\wevtutil.exe uninstall-manifest \""C:\\ProgramData\\Microsoft\\Windows Defender\\Platform\\4.18.25030.2-0\\Microsoft-Antimalware-RTP.man\""",,3,67027,A process was created.,,,
414,Normal,"May 9, 2025 @ 11:20:47.341",16,10.12.25.5,Windows11EWS,Security,4688,4,,,,,,,,,\\??\\C:\\WINDOWS\\system32\\conhost.exe 0xffffffff -ForceV1,,3,67027,A process was created.,,,
415,Normal,"May 9, 2025 @ 11:20:47.364",16,10.12.25.5,Windows11EWS,Security,4688,4,,,,,,,,,"\""C:\\Program Files\\Common Files\\Siemens\\Automation\\Simatic OAM\\bin\\TC.exe\"" -flush",,3,67027,A process was created.,,,
416,Normal,"May 9, 2025 @ 11:20:47.406",16,10.12.25.5,Windows11EWS,Security,4688,4,,,,,,,,,\\??\\C:\\WINDOWS\\system32\\conhost.exe 0xffffffff -ForceV1,,3,67027,A process was created.,,,
417,Normal,"May 9, 2025 @ 11:20:47.421",16,10.12.25.5,Windows11EWS,Security,4688,4,,,,,,,,,"C:\\WINDOWS\\system32\\wevtutil.exe install-manifest \""C:\\ProgramData\\Microsoft\\Windows Defender\\Platform\\4.18.25030.2-0\\Microsoft-Antimalware-RTP.man\"" \""/resourceFilePath:C:\\ProgramData\\Microsoft\\Windows Defender\\Platform\\4.18.25030.2-0\\MpRtp.dll\"" \""/messageFilePath:C:\\ProgramData\\Microsoft\\Windows Defender\\Platform\\4.18.25030.2-0\\MpRtp.dll\"" \""/parameterFilePath:C:\\ProgramData\\Microsoft\\Windows Defender\\Platform\\4.18.25030.2-0\\MpRtp.dll\""",,3,67027,A process was created.,,,
418,Normal,"May 9, 2025 @ 11:20:47.438",16,10.12.25.5,Windows11EWS,Security,4688,4,,,,,,,,,\\??\\C:\\WINDOWS\\system32\\conhost.exe 0xffffffff -ForceV1,,3,67027,A process was created.,,,
419,Normal,"May 9, 2025 @ 11:20:48.906",16,10.12.25.5,Windows11EWS,Security,4688,4,,,,,,,,,"C:\\WINDOWS\\system32\\wevtutil.exe uninstall-manifest \""C:\\ProgramData\\Microsoft\\Windows Defender\\Platform\\4.18.25030.2-0\\Microsoft-Antimalware-Protection.man\""",,3,67027,A process was created.,,,
420,Normal,"May 9, 2025 @ 11:20:48.943",16,10.12.25.5,Windows11EWS,Security,4688,4,,,,,,,,,\\??\\C:\\WINDOWS\\system32\\conhost.exe 0xffffffff -ForceV1,,3,67027,A process was created.,,,
421,Normal,"May 9, 2025 @ 11:20:48.949",16,10.12.25.5,Windows11EWS,Security,4688,4,,,,,,,,,\\??\\C:\\WINDOWS\\system32\\conhost.exe 0xffffffff -ForceV1,,3,67027,A process was created.,,,
422,Normal,"May 9, 2025 @ 11:20:51.421",16,10.12.25.5,Windows11EWS,Security,4688,4,,,,,,,,,"C:\\WINDOWS\\system32\\wevtutil.exe install-manifest \""C:\\ProgramData\\Microsoft\\Windows Defender\\Platform\\4.18.25030.2-0\\Microsoft-Antimalware-Protection.man\"" \""/resourceFilePath:C:\\ProgramData\\Microsoft\\Windows Defender\\Platform\\4.18.25030.2-0\\MpClient.dll\"" \""/messageFilePath:C:\\ProgramData\\Microsoft\\Windows Defender\\Platform\\4.18.25030.2-0\\MpClient.dll\"" \""/parameterFilePath:C:\\ProgramData\\Microsoft\\Windows Defender\\Platform\\4.18.25030.2-0\\MpClient.dll\""",,3,67027,A process was created.,,,
423,Normal,"May 9, 2025 @ 11:20:51.422",16,10.12.25.5,Windows11EWS,Security,4688,4,,,,,,,,,\\??\\C:\\WINDOWS\\system32\\conhost.exe 0xffffffff -ForceV1,,3,67027,A process was created.,,,
424,Normal,"May 9, 2025 @ 11:20:52.378",16,10.12.25.5,Windows11EWS,Security,4688,4,,,,,,,,,"\""C:\\Program Files\\Common Files\\Siemens\\Automation\\Simatic OAM\\bin\\TC.exe\"" -flush",,3,67027,A process was created.,,,
425,Normal,"May 9, 2025 @ 11:20:53.325",16,10.12.25.5,Windows11EWS,Microsoft-Windows-Windows Defender/Operational,5007,4076,,,,,,,,,,,5,62154,Windows Defender: Antimalware platform feature configuration changed,,,
426,Normal,"May 9, 2025 @ 11:20:53.430",16,10.12.25.5,Windows11EWS,Microsoft-Windows-Windows Defender/Operational,5007,4076,,,,,,,,,,,5,62154,Windows Defender: Antimalware platform feature configuration changed,,,
427,Normal,"May 9, 2025 @ 11:20:53.543",16,10.12.25.5,Windows11EWS,Microsoft-Windows-Windows Defender/Operational,5007,4076,,,,,,,,,,,5,62154,Windows Defender: Antimalware platform feature configuration changed,,,
428,Normal,"May 9, 2025 @ 11:20:54.573",16,10.12.25.5,Windows11EWS,Microsoft-Windows-Windows Defender/Operational,5007,4076,,,,,,,,,,,5,62154,Windows Defender: Antimalware platform feature configuration changed,,,
429,Normal,"May 9, 2025 @ 11:20:55.807",16,10.12.25.5,Windows11EWS,Microsoft-Windows-Sysmon/Operational,1,4416,,,,,,,NT AUTHORITY\\SYSTEM,net.exe accounts,C:\\WINDOWS\\system32\\net1 accounts,,3,92031,Discovery activity executed,[T1087],[Discovery],[Account Discovery]
430,Normal,"May 9, 2025 @ 11:20:56.536",16,10.12.25.5,Windows11EWS,Security,4688,4,,,,,,,,,C:\\WINDOWS\\system32\\net1 accounts,,3,67027,A process was created.,,,
431,Normal,"May 9, 2025 @ 11:20:57.040",16,10.12.25.5,Windows11EWS,Security,4688,4,,,,,,,,,"\""C:\\Program Files\\Common Files\\Siemens\\Automation\\Simatic OAM\\bin\\TC.exe\"" -flush",,3,67027,A process was created.,,,
432,Normal,"May 9, 2025 @ 11:20:58.433",16,10.12.25.5,Windows11EWS,Security,4688,4,,,,,,,,,net.exe accounts,,3,67027,A process was created.,,,
433,Normal,"May 9, 2025 @ 11:20:58.434",16,10.12.25.5,Windows11EWS,Microsoft-Windows-Sysmon/Operational,1,4416,,,,,,,NT AUTHORITY\\SYSTEM,"\""C:\\Program Files (x86)\\ossec-agent\\wazuh-agent.exe\""",net.exe accounts,,3,92031,Discovery activity executed,[T1087],[Discovery],[Account Discovery]
434,Normal,"May 9, 2025 @ 11:20:58.434",16,10.12.25.5,Windows11EWS,Security,4688,4,,,,,,,,,\\??\\C:\\WINDOWS\\system32\\conhost.exe 0xffffffff -ForceV1,,3,67027,A process was created.,,,
435,Normal,"May 9, 2025 @ 11:20:58.865",16,10.12.25.5,Windows11EWS,Security,4624,932,,Negotiate,Advapi,,,,,,,,3,60106,Windows Logon Success,[T1078],"[Defense Evasion, Persistence, Privilege Escalation, Initial Access]",[Valid Accounts]
436,Normal,"May 9, 2025 @ 11:20:58.874",16,10.12.25.5,Windows11EWS,Security,4688,4,,,,,,,,,C:\\WINDOWS\\system32\\svchost.exe -k wsappx -p,,3,67027,A process was created.,,,
437,Normal,"May 9, 2025 @ 11:21:00.432",16,10.12.25.5,Windows11EWS,Security,4688,4,,,,,,,,,"\""C:\\Program Files\\Common Files\\Siemens\\Automation\\Simatic OAM\\bin\\s7epasrv64x.exe\""",,3,67027,A process was created.,,,
438,Normal,"May 9, 2025 @ 11:21:00.434",16,10.12.25.5,Windows11EWS,Security,4624,932,,Negotiate,Advapi,,,,,,,,3,60106,Windows Logon Success,[T1078],"[Defense Evasion, Persistence, Privilege Escalation, Initial Access]",[Valid Accounts]
439,Normal,"May 9, 2025 @ 11:21:00.455",16,10.12.25.5,Windows11EWS,Security,4688,4,,,,,,,,,C:\\WINDOWS\\system32\\SearchIndexer.exe /Embedding,,3,67027,A process was created.,,,
440,Normal,"May 9, 2025 @ 11:21:00.772",16,10.12.25.5,Windows11EWS,Microsoft-Windows-Sysmon/Operational,13,4416,,,,,,,NT AUTHORITY\\SYSTEM,,,,3,92307,Evidence of new service creation found in registry under HKLM\\System\\CurrentControlSet\\Services\\AarSvc_ac556\\ImagePath binary is: C:\\WINDOWS\\system32\\svchost.exe -k AarSvcGroup -p,[T1543.003],"[Persistence, Privilege Escalation]",[Windows Service]
441,Normal,"May 9, 2025 @ 11:21:00.799",16,10.12.25.5,Windows11EWS,Microsoft-Windows-Sysmon/Operational,13,4416,,,,,,,NT AUTHORITY\\SYSTEM,,,,3,92307,Evidence of new service creation found in registry under HKLM\\System\\CurrentControlSet\\Services\\BluetoothUserService_ac556\\ImagePath binary is: C:\\WINDOWS\\system32\\svchost.exe -k BthAppGroup -p,[T1543.003],"[Persistence, Privilege Escalation]",[Windows Service]
442,Normal,"May 9, 2025 @ 11:21:00.799",16,10.12.25.5,Windows11EWS,Microsoft-Windows-Sysmon/Operational,13,4416,,,,,,,NT AUTHORITY\\SYSTEM,,,,3,92307,Evidence of new service creation found in registry under HKLM\\System\\CurrentControlSet\\Services\\BcastDVRUserService_ac556\\ImagePath binary is: C:\\WINDOWS\\system32\\svchost.exe -k BcastDVRUserService,[T1543.003],"[Persistence, Privilege Escalation]",[Windows Service]
443,Normal,"May 9, 2025 @ 11:21:00.800",16,10.12.25.5,Windows11EWS,Microsoft-Windows-Sysmon/Operational,13,4416,,,,,,,NT AUTHORITY\\SYSTEM,,,,3,92307,Evidence of new service creation found in registry under HKLM\\System\\CurrentControlSet\\Services\\CaptureService_ac556\\ImagePath binary is: C:\\WINDOWS\\system32\\svchost.exe -k LocalService -p,[T1543.003],"[Persistence, Privilege Escalation]",[Windows Service]
444,Normal,"May 9, 2025 @ 11:21:00.821",16,10.12.25.5,Windows11EWS,Microsoft-Windows-Sysmon/Operational,13,4416,,,,,,,NT AUTHORITY\\SYSTEM,,,,3,92307,Evidence of new service creation found in registry under HKLM\\System\\CurrentControlSet\\Services\\cbdhsvc_ac556\\ImagePath binary is: C:\\WINDOWS\\system32\\svchost.exe -k ClipboardSvcGroup -p,[T1543.003],"[Persistence, Privilege Escalation]",[Windows Service]
445,Normal,"May 9, 2025 @ 11:21:00.822",16,10.12.25.5,Windows11EWS,Microsoft-Windows-Sysmon/Operational,13,4416,,,,,,,NT AUTHORITY\\SYSTEM,,,,3,92307,Evidence of new service creation found in registry under HKLM\\System\\CurrentControlSet\\Services\\CDPUserSvc_ac556\\ImagePath binary is: C:\\WINDOWS\\system32\\svchost.exe -k UnistackSvcGroup,[T1543.003],"[Persistence, Privilege Escalation]",[Windows Service]
446,Normal,"May 9, 2025 @ 11:21:00.871",16,10.12.25.5,Windows11EWS,Microsoft-Windows-Sysmon/Operational,13,4416,,,,,,,NT AUTHORITY\\SYSTEM,,,,3,92307,Evidence of new service creation found in registry under HKLM\\System\\CurrentControlSet\\Services\\CloudBackupRestoreSvc_ac556\\ImagePath binary is: C:\\WINDOWS\\system32\\svchost.exe -k UnistackSvcGroup,[T1543.003],"[Persistence, Privilege Escalation]",[Windows Service]
447,Normal,"May 9, 2025 @ 11:21:00.898",16,10.12.25.5,Windows11EWS,Microsoft-Windows-Sysmon/Operational,13,4416,,,,,,,NT AUTHORITY\\SYSTEM,,,,3,92307,Evidence of new service creation found in registry under HKLM\\System\\CurrentControlSet\\Services\\ConsentUxUserSvc_ac556\\ImagePath binary is: C:\\WINDOWS\\system32\\svchost.exe -k DevicesFlow,[T1543.003],"[Persistence, Privilege Escalation]",[Windows Service]
448,Normal,"May 9, 2025 @ 11:21:00.921",16,10.12.25.5,Windows11EWS,Microsoft-Windows-Sysmon/Operational,13,4416,,,,,,,NT AUTHORITY\\SYSTEM,,,,3,92307,Evidence of new service creation found in registry under HKLM\\System\\CurrentControlSet\\Services\\CredentialEnrollmentManagerUserSvc_ac556\\ImagePath binary is: C:\\WINDOWS\\system32\\CredentialEnrollmentManager.exe,[T1543.003],"[Persistence, Privilege Escalation]",[Windows Service]
449,Normal,"May 9, 2025 @ 11:21:01.019",16,10.12.25.5,Windows11EWS,Microsoft-Windows-Sysmon/Operational,13,4416,,,,,,,NT AUTHORITY\\SYSTEM,,,,3,92307,Evidence of new service creation found in registry under HKLM\\System\\CurrentControlSet\\Services\\DeviceAssociationBrokerSvc_ac556\\ImagePath binary is: C:\\WINDOWS\\system32\\svchost.exe -k DevicesFlow -p,[T1543.003],"[Persistence, Privilege Escalation]",[Windows Service]
450,Normal,"May 9, 2025 @ 11:21:01.103",16,10.12.25.5,Windows11EWS,Microsoft-Windows-Sysmon/Operational,13,4416,,,,,,,NT AUTHORITY\\SYSTEM,,,,3,92307,Evidence of new service creation found in registry under HKLM\\System\\CurrentControlSet\\Services\\DevicePickerUserSvc_ac556\\ImagePath binary is: C:\\WINDOWS\\system32\\svchost.exe -k DevicesFlow,[T1543.003],"[Persistence, Privilege Escalation]",[Windows Service]
451,Normal,"May 9, 2025 @ 11:21:01.257",16,10.12.25.5,Windows11EWS,Security,4674,4,,,,,,,,,,,5,60104,Windows audit failure event,,,
452,Normal,"May 9, 2025 @ 11:21:01.263",16,10.12.25.5,Windows11EWS,Microsoft-Windows-Sysmon/Operational,13,4416,,,,,,,NT AUTHORITY\\SYSTEM,,,,3,92307,Evidence of new service creation found in registry under HKLM\\System\\CurrentControlSet\\Services\\DevicesFlowUserSvc_ac556\\ImagePath binary is: C:\\WINDOWS\\system32\\svchost.exe -k DevicesFlow,[T1543.003],"[Persistence, Privilege Escalation]",[Windows Service]
453,Normal,"May 9, 2025 @ 11:21:01.468",16,10.12.25.5,Windows11EWS,Security,4688,4,,,,,,,,,sihost.exe,,3,67027,A process was created.,,,
454,Normal,"May 9, 2025 @ 11:21:01.583",16,10.12.25.5,Windows11EWS,Microsoft-Windows-Sysmon/Operational,13,4416,,,,,,,NT AUTHORITY\\SYSTEM,,,,3,92307,Evidence of new service creation found in registry under HKLM\\System\\CurrentControlSet\\Services\\MessagingService_ac556\\ImagePath binary is: C:\\WINDOWS\\system32\\svchost.exe -k UnistackSvcGroup,[T1543.003],"[Persistence, Privilege Escalation]",[Windows Service]
455,Normal,"May 9, 2025 @ 11:21:01.749",16,10.12.25.5,Windows11EWS,Security,4688,4,,,,,,,,,"\""C:\\PROGRAM FILES\\COMMON FILES\\SIEMENS\\ALMPANELPLUGIN\\ALMPANELPLUGIN.EXE\"" -Embedding",,3,67027,A process was created.,,,
456,Normal,"May 9, 2025 @ 11:21:01.759",16,10.12.25.5,Windows11EWS,Microsoft-Windows-Sysmon/Operational,13,4416,,,,,,,NT AUTHORITY\\SYSTEM,,,,3,92307,Evidence of new service creation found in registry under HKLM\\System\\CurrentControlSet\\Services\\NPSMSvc_ac556\\ImagePath binary is: C:\\WINDOWS\\system32\\svchost.exe -k LocalService -p,[T1543.003],"[Persistence, Privilege Escalation]",[Windows Service]
457,Normal,"May 9, 2025 @ 11:21:01.781",16,10.12.25.5,Windows11EWS,Security,4688,4,,,,,,,,,C:\\WINDOWS\\system32\\svchost.exe -k UnistackSvcGroup,,3,67027,A process was created.,,,
458,Normal,"May 9, 2025 @ 11:21:01.840",16,10.12.25.5,Windows11EWS,Security,4688,4,,,,,,,,,C:\\WINDOWS\\system32\\svchost.exe -k LocalSystemNetworkRestricted -p,,3,67027,A process was created.,,,
459,Normal,"May 9, 2025 @ 11:21:01.894",16,10.12.25.5,Windows11EWS,Microsoft-Windows-Sysmon/Operational,13,4416,,,,,,,NT AUTHORITY\\SYSTEM,,,,3,92307,Evidence of new service creation found in registry under HKLM\\System\\CurrentControlSet\\Services\\OneSyncSvc_ac556\\ImagePath binary is: C:\\WINDOWS\\system32\\svchost.exe -k UnistackSvcGroup,[T1543.003],"[Persistence, Privilege Escalation]",[Windows Service]
460,Normal,"May 9, 2025 @ 11:21:02.038",16,10.12.25.5,Windows11EWS,Security,4688,4,,,,,,,,,taskhostw.exe {222A245B-E637-4AE9-A93F-A59CA119A75E},,3,67027,A process was created.,,,
461,Normal,"May 9, 2025 @ 11:21:02.112",16,10.12.25.5,Windows11EWS,Security,4688,4,,,,,,,,,"\""C:\\Program Files (x86)\\Microsoft\\EdgeUpdate\\MicrosoftEdgeUpdate.exe\"" /c",,3,67027,A process was created.,,,
462,Normal,"May 9, 2025 @ 11:21:02.128",16,10.12.25.5,Windows11EWS,Microsoft-Windows-Sysmon/Operational,13,4416,,,,,,,NT AUTHORITY\\SYSTEM,,,,3,92307,Evidence of new service creation found in registry under HKLM\\System\\CurrentControlSet\\Services\\P9RdrService_ac556\\ImagePath binary is: C:\\WINDOWS\\system32\\svchost.exe -k P9RdrService -p,[T1543.003],"[Persistence, Privilege Escalation]",[Windows Service]
463,Normal,"May 9, 2025 @ 11:21:02.233",16,10.12.25.5,Windows11EWS,Security,4688,4,,,,,,,,,taskhostw.exe,,3,67027,A process was created.,,,
464,Normal,"May 9, 2025 @ 11:21:02.457",16,10.12.25.5,Windows11EWS,Microsoft-Windows-Sysmon/Operational,13,4416,,,,,,,NT AUTHORITY\\SYSTEM,,,,3,92307,Evidence of new service creation found in registry under HKLM\\System\\CurrentControlSet\\Services\\PenService_ac556\\ImagePath binary is: C:\\WINDOWS\\system32\\svchost.exe -k PenService,[T1543.003],"[Persistence, Privilege Escalation]",[Windows Service]
465,Normal,"May 9, 2025 @ 11:21:02.540",16,10.12.25.5,Windows11EWS,Security,4688,4,,,,,,,,,taskhostw.exe,,3,67027,A process was created.,,,
466,Normal,"May 9, 2025 @ 11:21:02.585",16,10.12.25.5,Windows11EWS,Microsoft-Windows-Sysmon/Operational,13,4416,,,,,,,NT AUTHORITY\\SYSTEM,,,,3,92307,Evidence of new service creation found in registry under HKLM\\System\\CurrentControlSet\\Services\\PimIndexMaintenanceSvc_ac556\\ImagePath binary is: C:\\WINDOWS\\system32\\svchost.exe -k UnistackSvcGroup,[T1543.003],"[Persistence, Privilege Escalation]",[Windows Service]
467,Normal,"May 9, 2025 @ 11:21:02.852",16,10.12.25.5,Windows11EWS,Microsoft-Windows-Sysmon/Operational,13,4416,,,,,,,NT AUTHORITY\\SYSTEM,,,,3,92307,Evidence of new service creation found in registry under HKLM\\System\\CurrentControlSet\\Services\\PrintWorkflowUserSvc_ac556\\ImagePath binary is: C:\\WINDOWS\\system32\\svchost.exe -k PrintWorkflow,[T1543.003],"[Persistence, Privilege Escalation]",[Windows Service]
468,Normal,"May 9, 2025 @ 11:21:03.089",16,10.12.25.5,Windows11EWS,Microsoft-Windows-Sysmon/Operational,13,4416,,,,,,,NT AUTHORITY\\SYSTEM,,,,3,92307,Evidence of new service creation found in registry under HKLM\\System\\CurrentControlSet\\Services\\UdkUserSvc_ac556\\ImagePath binary is: C:\\WINDOWS\\system32\\svchost.exe -k UdkSvcGroup,[T1543.003],"[Persistence, Privilege Escalation]",[Windows Service]
469,Normal,"May 9, 2025 @ 11:21:03.394",16,10.12.25.5,Windows11EWS,Microsoft-Windows-Sysmon/Operational,13,4416,,,,,,,NT AUTHORITY\\SYSTEM,,,,3,92307,Evidence of new service creation found in registry under HKLM\\System\\CurrentControlSet\\Services\\UnistoreSvc_ac556\\ImagePath binary is: C:\\WINDOWS\\System32\\svchost.exe -k UnistackSvcGroup,[T1543.003],"[Persistence, Privilege Escalation]",[Windows Service]
470,Normal,"May 9, 2025 @ 11:21:03.557",16,10.12.25.5,Windows11EWS,Microsoft-Windows-Sysmon/Operational,13,4416,,,,,,,NT AUTHORITY\\SYSTEM,,,,3,92307,Evidence of new service creation found in registry under HKLM\\System\\CurrentControlSet\\Services\\UserDataSvc_ac556\\ImagePath binary is: C:\\WINDOWS\\system32\\svchost.exe -k UnistackSvcGroup,[T1543.003],"[Persistence, Privilege Escalation]",[Windows Service]
471,Normal,"May 9, 2025 @ 11:21:03.697",16,10.12.25.5,Windows11EWS,Security,4688,4,,,,,,,,,"\""C:\\Program Files\\Common Files\\Siemens\\Automation\\Simatic OAM\\bin\\TC.exe\"" -flush",,3,67027,A process was created.,,,
472,Normal,"May 9, 2025 @ 11:21:03.814",16,10.12.25.5,Windows11EWS,Microsoft-Windows-Sysmon/Operational,13,4416,,,,,,,NT AUTHORITY\\SYSTEM,,,,3,92307,Evidence of new service creation found in registry under HKLM\\System\\CurrentControlSet\\Services\\webthreatdefusersvc_ac556\\ImagePath binary is: C:\\WINDOWS\\system32\\svchost.exe -k LocalSystemNetworkRestricted -p,[T1543.003],"[Persistence, Privilege Escalation]",[Windows Service]
473,Normal,"May 9, 2025 @ 11:21:04.232",16,10.12.25.5,Windows11EWS,Microsoft-Windows-Sysmon/Operational,13,4416,,,,,,,NT AUTHORITY\\SYSTEM,,,,3,92307,Evidence of new service creation found in registry under HKLM\\System\\CurrentControlSet\\Services\\WpnUserService_ac556\\ImagePath binary is: C:\\WINDOWS\\system32\\svchost.exe -k UnistackSvcGroup,[T1543.003],"[Persistence, Privilege Escalation]",[Windows Service]
474,Normal,"May 9, 2025 @ 11:21:05.284",16,10.12.25.5,Windows11EWS,Security,4624,932,,Negotiate,Advapi,,,,,,,,3,60106,Windows Logon Success,[T1078],"[Defense Evasion, Persistence, Privilege Escalation, Initial Access]",[Valid Accounts]
475,Normal,"May 9, 2025 @ 11:21:05.582",16,10.12.25.5,Windows11EWS,Application,1003,2212,,,,,,,,,,,3,60668,The Windows search service started.,,,
476,Normal,"May 9, 2025 @ 11:21:05.583",16,10.12.25.5,Windows11EWS,Security,4688,4,,,,,,,,,C:\\WINDOWS\\system32\\svchost.exe -k osprivacy -p,,3,67027,A process was created.,,,
477,Normal,"May 9, 2025 @ 11:21:06.670",16,10.12.25.5,Windows11EWS,Security,4688,4,,,,,,,,,C:\\WINDOWS\\system32\\userinit.exe,,3,67027,A process was created.,,,
478,Normal,"May 9, 2025 @ 11:21:06.941",16,10.12.25.5,Windows11EWS,Security,4688,4,,,,,,,,,C:\\WINDOWS\\Explorer.EXE,,3,67027,A process was created.,,,
479,Normal,"May 9, 2025 @ 11:21:07.068",16,10.12.25.5,Windows11EWS,Security,4688,4,,,,,,,,,"\""C:\\WINDOWS\\system32\\wermgr.exe\"" -upload",,3,67027,A process was created.,,,
480,Normal,"May 9, 2025 @ 11:21:07.468",16,10.12.25.5,Windows11EWS,Security,4688,4,,,,,,,,,AggregatorHost.exe,,3,67027,A process was created.,,,
481,Normal,"May 9, 2025 @ 11:21:07.628",16,10.12.25.5,Windows11EWS,Security,4688,4,,,,,,,,,"\""C:\\Windows\\System32\\ShellHost.exe\""",,3,67027,A process was created.,,,
482,Normal,"May 9, 2025 @ 11:21:08.426",16,10.12.25.5,Windows11EWS,Security,4624,932,,Negotiate,Advapi,,,,,,,,3,60106,Windows Logon Success,[T1078],"[Defense Evasion, Persistence, Privilege Escalation, Initial Access]",[Valid Accounts]
483,Normal,"May 9, 2025 @ 11:21:09.074",16,10.12.25.5,Windows11EWS,Security,4688,4,,,,,,,,,C:\\WINDOWS\\System32\\svchost.exe -k LocalSystemNetworkRestricted -p,,3,67027,A process was created.,,,
484,Normal,"May 9, 2025 @ 11:21:09.550",16,10.12.25.5,Windows11EWS,Security,4688,4,,,,,,,,,"\""C:\\Program Files (x86)\\Microsoft\\EdgeUpdate\\MicrosoftEdgeUpdate.exe\"" /ua /installsource core",,3,67027,A process was created.,,,
485,Normal,"May 9, 2025 @ 11:21:10.255",16,10.12.25.5,Windows11EWS,Security,4688,4,,,,,,,,,"\""C:\\Program Files\\Common Files\\Siemens\\Automation\\Simatic OAM\\bin\\TC.exe\"" -flush",,3,67027,A process was created.,,,
486,Normal,"May 9, 2025 @ 11:21:11.388",16,10.12.25.5,Windows11EWS,Security,4688,4,,,,,,,,,C:\\WINDOWS\\system32\\svchost.exe -k ClipboardSvcGroup -p,,3,67027,A process was created.,,,
487,Normal,"May 9, 2025 @ 11:21:11.549",16,10.12.25.5,Windows11EWS,Security,4688,4,,,,,,,,,C:\\WINDOWS\\System32\\svchost.exe -k LocalServiceNetworkRestricted,,3,67027,A process was created.,,,
488,Normal,"May 9, 2025 @ 11:21:12.172",16,10.12.25.5,Windows11EWS,Security,4673,4,,,,,,,,,,,4,60107,Failed attempt to perform a privileged operation,[T1078],"[Defense Evasion, Persistence, Privilege Escalation, Initial Access]",[Valid Accounts]
489,Normal,"May 9, 2025 @ 11:21:12.245",16,10.12.25.5,Windows11EWS,Security,4673,4,,,,,,,,,,,4,60107,Failed attempt to perform a privileged operation,[T1078],"[Defense Evasion, Persistence, Privilege Escalation, Initial Access]",[Valid Accounts]
490,Normal,"May 9, 2025 @ 11:21:12.344",16,10.12.25.5,Windows11EWS,Security,4673,4,,,,,,,,,,,4,60107,Failed attempt to perform a privileged operation,[T1078],"[Defense Evasion, Persistence, Privilege Escalation, Initial Access]",[Valid Accounts]
491,Normal,"May 9, 2025 @ 11:21:12.347",16,10.12.25.5,Windows11EWS,Security,4673,4,,,,,,,,,,,4,60107,Failed attempt to perform a privileged operation,[T1078],"[Defense Evasion, Persistence, Privilege Escalation, Initial Access]",[Valid Accounts]
492,Normal,"May 9, 2025 @ 11:21:12.572",16,10.12.25.5,Windows11EWS,Security,4673,4,,,,,,,,,,,4,60107,Failed attempt to perform a privileged operation,[T1078],"[Defense Evasion, Persistence, Privilege Escalation, Initial Access]",[Valid Accounts]
493,Normal,"May 9, 2025 @ 11:21:12.572",16,10.12.25.5,Windows11EWS,Security,4673,4,,,,,,,,,,,4,60107,Failed attempt to perform a privileged operation,[T1078],"[Defense Evasion, Persistence, Privilege Escalation, Initial Access]",[Valid Accounts]
494,Normal,"May 9, 2025 @ 11:21:12.630",16,10.12.25.5,Windows11EWS,Security,4673,4,,,,,,,,,,,4,60107,Failed attempt to perform a privileged operation,[T1078],"[Defense Evasion, Persistence, Privilege Escalation, Initial Access]",[Valid Accounts]
495,Normal,"May 9, 2025 @ 11:21:12.672",16,10.12.25.5,Windows11EWS,Security,4673,4,,,,,,,,,,,4,60107,Failed attempt to perform a privileged operation,[T1078],"[Defense Evasion, Persistence, Privilege Escalation, Initial Access]",[Valid Accounts]
496,Normal,"May 9, 2025 @ 11:21:12.755",16,10.12.25.5,Windows11EWS,Security,4673,4,,,,,,,,,,,4,60107,Failed attempt to perform a privileged operation,[T1078],"[Defense Evasion, Persistence, Privilege Escalation, Initial Access]",[Valid Accounts]
497,Normal,"May 9, 2025 @ 11:21:12.883",16,10.12.25.5,Windows11EWS,Security,4673,4,,,,,,,,,,,4,60107,Failed attempt to perform a privileged operation,[T1078],"[Defense Evasion, Persistence, Privilege Escalation, Initial Access]",[Valid Accounts]
498,Normal,"May 9, 2025 @ 11:21:13.018",16,10.12.25.5,Windows11EWS,Security,4673,4,,,,,,,,,,,4,60107,Failed attempt to perform a privileged operation,[T1078],"[Defense Evasion, Persistence, Privilege Escalation, Initial Access]",[Valid Accounts]
499,Normal,"May 9, 2025 @ 11:21:13.081",16,10.12.25.5,Windows11EWS,Security,4673,4,,,,,,,,,,,4,60107,Failed attempt to perform a privileged operation,[T1078],"[Defense Evasion, Persistence, Privilege Escalation, Initial Access]",[Valid Accounts]
500,Normal,"May 9, 2025 @ 11:21:13.613",16,10.12.25.5,Windows11EWS,Security,4673,4,,,,,,,,,,,4,60107,Failed attempt to perform a privileged operation,[T1078],"[Defense Evasion, Persistence, Privilege Escalation, Initial Access]",[Valid Accounts]
501,Normal,"May 9, 2025 @ 11:21:13.677",16,10.12.25.5,Windows11EWS,Security,4673,4,,,,,,,,,,,4,60107,Failed attempt to perform a privileged operation,[T1078],"[Defense Evasion, Persistence, Privilege Escalation, Initial Access]",[Valid Accounts]
502,Normal,"May 9, 2025 @ 11:21:13.871",16,10.12.25.5,Windows11EWS,Security,4673,4,,,,,,,,,,,4,60107,Failed attempt to perform a privileged operation,[T1078],"[Defense Evasion, Persistence, Privilege Escalation, Initial Access]",[Valid Accounts]
503,Normal,"May 9, 2025 @ 11:21:13.906",16,10.12.25.5,Windows11EWS,Security,4673,4,,,,,,,,,,,4,60107,Failed attempt to perform a privileged operation,[T1078],"[Defense Evasion, Persistence, Privilege Escalation, Initial Access]",[Valid Accounts]
504,Normal,"May 9, 2025 @ 11:21:14.114",16,10.12.25.5,Windows11EWS,Security,4673,4,,,,,,,,,,,4,60107,Failed attempt to perform a privileged operation,[T1078],"[Defense Evasion, Persistence, Privilege Escalation, Initial Access]",[Valid Accounts]
505,Normal,"May 9, 2025 @ 11:21:14.124",16,10.12.25.5,Windows11EWS,Security,4673,4,,,,,,,,,,,4,60107,Failed attempt to perform a privileged operation,[T1078],"[Defense Evasion, Persistence, Privilege Escalation, Initial Access]",[Valid Accounts]
506,Normal,"May 9, 2025 @ 11:21:14.130",16,10.12.25.5,Windows11EWS,Security,4688,4,,,,,,,,,C:\\WINDOWS\\system32\\DllHost.exe /Processid:{AB8902B4-09CA-4BB6-B78D-A8F59079A8D5},,3,67027,A process was created.,,,
507,Normal,"May 9, 2025 @ 11:21:14.539",16,10.12.25.5,Windows11EWS,Security,4688,4,,,,,,,,,"\""C:\\WINDOWS\\system32\\dxgiadaptercache.exe\""",,3,67027,A process was created.,,,
508,Normal,"May 9, 2025 @ 11:21:14.543",16,10.12.25.5,Windows11EWS,Security,4688,4,,,,,,,,,C:\\WINDOWS\\system32\\DllHost.exe /Processid:{69B7FE84-6361-4423-B948-1D64820B1E96},,3,67027,A process was created.,,,
509,Normal,"May 9, 2025 @ 11:21:14.788",16,10.12.25.5,Windows11EWS,Security,4673,4,,,,,,,,,,,4,60107,Failed attempt to perform a privileged operation,[T1078],"[Defense Evasion, Persistence, Privilege Escalation, Initial Access]",[Valid Accounts]
510,Normal,"May 9, 2025 @ 11:21:14.789",16,10.12.25.5,Windows11EWS,Security,4688,4,,,,,,,,,"\""C:\\WINDOWS\\SystemApps\\MicrosoftWindows.Client.CBS_cw5n1h2txyewy\\SearchHost.exe\"" -ServerName:CortanaUI.AppXstmwaab17q5s3y22tp6apqz7a45vwv65.mca",,3,67027,A process was created.,,,
511,Normal,"May 9, 2025 @ 11:21:14.796",16,10.12.25.5,Windows11EWS,Security,4673,4,,,,,,,,,,,4,60107,Failed attempt to perform a privileged operation,[T1078],"[Defense Evasion, Persistence, Privilege Escalation, Initial Access]",[Valid Accounts]
512,Normal,"May 9, 2025 @ 11:21:14.813",16,10.12.25.5,Windows11EWS,Security,4688,4,,,,,,,,,"\""C:\\WINDOWS\\SystemApps\\Microsoft.Windows.StartMenuExperienceHost_cw5n1h2txyewy\\StartMenuExperienceHost.exe\"" -ServerName:App.AppXywbrabmsek0gm3tkwpr5kwzbs55tkqay.mca",,3,67027,A process was created.,,,
513,Normal,"May 9, 2025 @ 11:21:14.965",16,10.12.25.5,Windows11EWS,Security,4673,4,,,,,,,,,,,4,60107,Failed attempt to perform a privileged operation,[T1078],"[Defense Evasion, Persistence, Privilege Escalation, Initial Access]",[Valid Accounts]
514,Normal,"May 9, 2025 @ 11:21:16.441",15,10.12.25.3,Windows11,Security,4688,4,,,,,,,,,C:\\WINDOWS\\system32\\compattelrunner.exe -cv:DFABG4rRc0W1LPz1.0.1 -wce:0000000000000210  -m:aeinv.dll -f:UpdateSoftwareInventoryW invsvc,,3,67027,A process was created.,,,
515,Normal,"May 9, 2025 @ 11:21:16.643",16,10.12.25.5,Windows11EWS,Microsoft-Windows-Windows Defender/Operational,5007,4076,,,,,,,,,,,5,62154,Windows Defender: Antimalware platform feature configuration changed,,,
516,Normal,"May 9, 2025 @ 11:21:17.307",16,10.12.25.5,Windows11EWS,Security,4688,4,,,,,,,,,"\""C:\\WINDOWS\\system32\\backgroundTaskHost.exe\"" -ServerName:App.AppXmtcan0h2tfbfy7k9kn8hbxb6dmzz1zh0.mca",,3,67027,A process was created.,,,
517,Normal,"May 9, 2025 @ 11:21:17.754",16,10.12.25.5,Windows11EWS,Security,4688,4,,,,,,,,,C:\\WINDOWS\\system32\\sppsvc.exe,,3,67027,A process was created.,,,
518,Normal,"May 9, 2025 @ 11:21:18.083",16,10.12.25.5,Windows11EWS,Security,4688,4,,,,,,,,,C:\\Windows\\System32\\RuntimeBroker.exe -Embedding,,3,67027,A process was created.,,,
519,Normal,"May 9, 2025 @ 11:21:18.359",16,10.12.25.5,Windows11EWS,Microsoft-Windows-Windows Defender/Operational,5007,4076,,,,,,,,,,,5,62154,Windows Defender: Antimalware platform feature configuration changed,,,
520,Normal,"May 9, 2025 @ 11:21:18.987",16,10.12.25.5,Windows11EWS,Security,4688,4,,,,,,,,,C:\\WINDOWS\\system32\\svchost.exe -k UdkSvcGroup,,3,67027,A process was created.,,,
521,Normal,"May 9, 2025 @ 11:21:19.535",16,10.12.25.5,Windows11EWS,Security,4688,4,,,,,,,,,"\""C:\\Program Files\\WindowsApps\\MicrosoftWindows.Client.WebExperience_525.8401.30.0_x64__cw5n1h2txyewy\\Dashboard\\Widgets.exe\"" -ServerName:Microsoft.Windows.DashboardServer",,3,67027,A process was created.,,,
522,Normal,"May 9, 2025 @ 11:21:20.445",16,10.12.25.5,Windows11EWS,Security,4673,4,,,,,,,,,,,4,60107,Failed attempt to perform a privileged operation,[T1078],"[Defense Evasion, Persistence, Privilege Escalation, Initial Access]",[Valid Accounts]
523,Normal,"May 9, 2025 @ 11:21:20.741",16,10.12.25.5,Windows11EWS,Security,4688,4,,,,,,,,,C:\\Windows\\System32\\RuntimeBroker.exe -Embedding,,3,67027,A process was created.,,,
524,Normal,"May 9, 2025 @ 11:21:20.870",16,10.12.25.5,Windows11EWS,Security,4688,4,,,,,,,,,/QuitInfo:0000000000000B14;0000000000000B18;,,3,67027,A process was created.,,,
525,Normal,"May 9, 2025 @ 11:21:21.211",16,10.12.25.5,Windows11EWS,Security,4688,4,,,,,,,,,"\""C:\\Program Files\\Common Files\\Siemens\\Automation\\Simatic OAM\\bin\\TC.exe\"" -flush",,3,67027,A process was created.,,,
526,Normal,"May 9, 2025 @ 11:21:21.513",16,10.12.25.5,Windows11EWS,Security,4673,4,,,,,,,,,,,4,60107,Failed attempt to perform a privileged operation,[T1078],"[Defense Evasion, Persistence, Privilege Escalation, Initial Access]",[Valid Accounts]
527,Normal,"May 9, 2025 @ 11:21:21.710",16,10.12.25.5,Windows11EWS,Security,4673,4,,,,,,,,,,,4,60107,Failed attempt to perform a privileged operation,[T1078],"[Defense Evasion, Persistence, Privilege Escalation, Initial Access]",[Valid Accounts]
528,Normal,"May 9, 2025 @ 11:21:21.711",16,10.12.25.5,Windows11EWS,Security,4688,4,,,,,,,,,"\""C:\\WINDOWS\\system32\\backgroundTaskHost.exe\"" -ServerName:WebExperienceHost.AppXt2rk6m02ana976jna04hdq35jfnzy7f7.mca",,3,67027,A process was created.,,,
529,Normal,"May 9, 2025 @ 11:21:21.863",16,10.12.25.5,Windows11EWS,Security,4673,4,,,,,,,,,,,4,60107,Failed attempt to perform a privileged operation,[T1078],"[Defense Evasion, Persistence, Privilege Escalation, Initial Access]",[Valid Accounts]
530,Normal,"May 9, 2025 @ 11:21:22.226",16,10.12.25.5,Windows11EWS,Security,4673,4,,,,,,,,,,,4,60107,Failed attempt to perform a privileged operation,[T1078],"[Defense Evasion, Persistence, Privilege Escalation, Initial Access]",[Valid Accounts]
531,Normal,"May 9, 2025 @ 11:21:22.467",16,10.12.25.5,Windows11EWS,Security,4688,4,,,,,,,,,"\""C:\\WINDOWS\\SystemApps\\MicrosoftWindows.Client.CBS_cw5n1h2txyewy\\WebExperienceHostApp.exe\"" ms-cxh://scoobe/?surface=mz",,3,67027,A process was created.,,,
532,Normal,"May 9, 2025 @ 11:21:22.473",16,10.12.25.5,Windows11EWS,Security,4688,4,,,,,,,,,"\""C:\\WINDOWS\\system32\\backgroundTaskHost.exe\"" -ServerName:Global.RulesEngine.AppXgphnekvm0vv49drvfehh4b6kyf6ckafp.mca",,3,67027,A process was created.,,,
533,Normal,"May 9, 2025 @ 11:21:22.485",16,10.12.25.5,Windows11EWS,Security,4688,4,,,,,,,,,"\""C:\\WINDOWS\\system32\\backgroundTaskHost.exe\"" -ServerName:Global.Accounts.AppXqe94epy97qwa6w3j6w132e8zvcs117nd.mca",,3,67027,A process was created.,,,
534,Normal,"May 9, 2025 @ 11:21:22.498",16,10.12.25.5,Windows11EWS,Security,4673,4,,,,,,,,,,,4,60107,Failed attempt to perform a privileged operation,[T1078],"[Defense Evasion, Persistence, Privilege Escalation, Initial Access]",[Valid Accounts]
535,Normal,"May 9, 2025 @ 11:21:22.588",16,10.12.25.5,Windows11EWS,Security,4673,4,,,,,,,,,,,4,60107,Failed attempt to perform a privileged operation,[T1078],"[Defense Evasion, Persistence, Privilege Escalation, Initial Access]",[Valid Accounts]
536,Normal,"May 9, 2025 @ 11:21:22.662",16,10.12.25.5,Windows11EWS,Security,4688,4,,,,,,,,,"\""C:\\Program Files\\WindowsApps\\Microsoft.WidgetsPlatformRuntime_1.6.9.0_x64__8wekyb3d8bbwe\\WidgetService\\WidgetService.exe\"" -RegisterProcessAsComServer -Embedding",,3,67027,A process was created.,,,
537,Normal,"May 9, 2025 @ 11:21:22.738",16,10.12.25.5,Windows11EWS,Security,4688,4,,,,,,,,,"\""C:\\WINDOWS\\system32\\backgroundTaskHost.exe\"" -ServerName:Global.DesktopSpotlight.AppXz2j21w56bgxkgsjhtn7zkjsepq96erz2.mca",,3,67027,A process was created.,,,
538,Normal,"May 9, 2025 @ 11:21:22.870",16,10.12.25.5,Windows11EWS,Security,4688,4,,,,,,,,,"\""C:\\WINDOWS\\system32\\backgroundTaskHost.exe\"" -ServerName:Global.wsw.AppXcx5gg4ftq7samr2je0nxerebxpgp1v9j.mca",,3,67027,A process was created.,,,
539,Normal,"May 9, 2025 @ 11:21:22.970",16,10.12.25.5,Windows11EWS,Security,4673,4,,,,,,,,,,,4,60107,Failed attempt to perform a privileged operation,[T1078],"[Defense Evasion, Persistence, Privilege Escalation, Initial Access]",[Valid Accounts]
540,Normal,"May 9, 2025 @ 11:21:23.057",16,10.12.25.5,Windows11EWS,Security,4688,4,,,,,,,,,"\""C:\\WINDOWS\\system32\\backgroundTaskHost.exe\"" -ServerName:Global.IrisService.AppXwt29n3t7x7q6fgyrrbbqxwzkqjfjaw4y.mca",,3,67027,A process was created.,,,
541,Normal,"May 9, 2025 @ 11:21:23.361",16,10.12.25.5,Windows11EWS,Security,4673,4,,,,,,,,,,,4,60107,Failed attempt to perform a privileged operation,[T1078],"[Defense Evasion, Persistence, Privilege Escalation, Initial Access]",[Valid Accounts]
542,Normal,"May 9, 2025 @ 11:21:23.445",16,10.12.25.5,Windows11EWS,Security,4673,4,,,,,,,,,,,4,60107,Failed attempt to perform a privileged operation,[T1078],"[Defense Evasion, Persistence, Privilege Escalation, Initial Access]",[Valid Accounts]
543,Normal,"May 9, 2025 @ 11:21:23.493",16,10.12.25.5,Windows11EWS,Security,4673,4,,,,,,,,,,,4,60107,Failed attempt to perform a privileged operation,[T1078],"[Defense Evasion, Persistence, Privilege Escalation, Initial Access]",[Valid Accounts]
544,Normal,"May 9, 2025 @ 11:21:23.697",16,10.12.25.5,Windows11EWS,Security,4673,4,,,,,,,,,,,4,60107,Failed attempt to perform a privileged operation,[T1078],"[Defense Evasion, Persistence, Privilege Escalation, Initial Access]",[Valid Accounts]
545,Normal,"May 9, 2025 @ 11:21:23.798",16,10.12.25.5,Windows11EWS,Security,4688,4,,,,,,,,,C:\\WINDOWS\\system32\\DllHost.exe /Processid:{7966B4D8-4FDC-4126-A10B-39A3209AD251},,3,67027,A process was created.,,,
546,Normal,"May 9, 2025 @ 11:21:23.813",16,10.12.25.5,Windows11EWS,Security,4688,4,,,,,,,,,C:\\WINDOWS\\system32\\DllHost.exe /Processid:{973D20D7-562D-44B9-B70B-5A0F49CCDF3F},,3,67027,A process was created.,,,
547,Normal,"May 9, 2025 @ 11:21:23.864",16,10.12.25.5,Windows11EWS,Security,4673,4,,,,,,,,,,,4,60107,Failed attempt to perform a privileged operation,[T1078],"[Defense Evasion, Persistence, Privilege Escalation, Initial Access]",[Valid Accounts]
548,Normal,"May 9, 2025 @ 11:21:28.307",16,10.12.25.5,Windows11EWS,Security,4688,4,,,,,,,,,"\""C:\\Program Files\\Common Files\\Siemens\\Automation\\Simatic OAM\\bin\\TC.exe\"" -flush",,3,67027,A process was created.,,,
549,Normal,"May 9, 2025 @ 11:21:28.797",16,10.12.25.5,Windows11EWS,Microsoft-Windows-Sysmon/Operational,1,4416,,,,,,,NT AUTHORITY\\SYSTEM,"\""C:\\Program Files (x86)\\ossec-agent\\wazuh-agent.exe\""",net.exe accounts,,3,92031,Discovery activity executed,[T1087],[Discovery],[Account Discovery]
550,Normal,"May 9, 2025 @ 11:21:29.717",16,10.12.25.5,Windows11EWS,Security,4688,4,,,,,,,,,net.exe accounts,,3,67027,A process was created.,,,
551,Normal,"May 9, 2025 @ 11:21:30.938",16,10.12.25.5,Windows11EWS,Security,4688,4,,,,,,,,,C:\\WINDOWS\\system32\\DllHost.exe /Processid:{AB8902B4-09CA-4BB6-B78D-A8F59079A8D5},,3,67027,A process was created.,,,
552,Normal,"May 9, 2025 @ 11:21:32.252",16,10.12.25.5,Windows11EWS,Security,4673,4,,,,,,,,,,,4,60107,Failed attempt to perform a privileged operation,[T1078],"[Defense Evasion, Persistence, Privilege Escalation, Initial Access]",[Valid Accounts]
553,Normal,"May 9, 2025 @ 11:21:32.284",16,10.12.25.5,Windows11EWS,Security,4688,4,,,,,,,,,"\""C:\\WINDOWS\\system32\\BackgroundTaskHost.exe\"" -ServerName:BackgroundTaskHost.WebAccountProvider",,3,67027,A process was created.,,,
554,Normal,"May 9, 2025 @ 11:21:32.438",16,10.12.25.5,Windows11EWS,Security,4688,4,,,,,,,,,"\""C:\\WINDOWS\\system32\\backgroundTaskHost.exe\"" -ServerName:WindowsBackup.AppXnn6fnh4raxtmg45ba8k2f4ykb7n0k3y4.mca",,3,67027,A process was created.,,,
555,Normal,"May 9, 2025 @ 11:21:32.548",16,10.12.25.5,Windows11EWS,Security,4673,4,,,,,,,,,,,4,60107,Failed attempt to perform a privileged operation,[T1078],"[Defense Evasion, Persistence, Privilege Escalation, Initial Access]",[Valid Accounts]
556,Normal,"May 9, 2025 @ 11:21:32.563",16,10.12.25.5,Windows11EWS,Security,4673,4,,,,,,,,,,,4,60107,Failed attempt to perform a privileged operation,[T1078],"[Defense Evasion, Persistence, Privilege Escalation, Initial Access]",[Valid Accounts]
557,Normal,"May 9, 2025 @ 11:21:32.698",16,10.12.25.5,Windows11EWS,Security,4688,4,,,,,,,,,"\""C:\\WINDOWS\\SystemApps\\Microsoft.LockApp_cw5n1h2txyewy\\LockApp.exe\"" -ServerName:WindowsDefaultLockScreen.AppX7y4nbzq37zn4ks9k7amqjywdat7d3j2z.mca",,3,67027,A process was created.,,,
558,Normal,"May 9, 2025 @ 11:21:33.097",16,10.12.25.5,Windows11EWS,Security,4688,4,,,,,,,,,"\""C:\\Program Files\\Common Files\\Siemens\\Automation\\Simatic OAM\\bin\\TC.exe\"" -flush",,3,67027,A process was created.,,,
559,Normal,"May 9, 2025 @ 11:21:34.641",16,10.12.25.5,Windows11EWS,Security,4688,4,,,,,,,,,C:\\Windows\\System32\\RuntimeBroker.exe -Embedding,,3,67027,A process was created.,,,
560,Normal,"May 9, 2025 @ 11:21:35.523",16,10.12.25.5,Windows11EWS,Security,4688,4,,,,,,,,, -c -s 0 -f 0 -t Empty -m Empty -a 0 -u Empty,,3,67027,A process was created.,,,
561,Normal,"May 9, 2025 @ 11:21:35.904",16,10.12.25.5,Windows11EWS,Security,4688,4,,,,,,,,,C:\\WINDOWS\\system32\\svchost.exe -k LocalService -p,,3,67027,A process was created.,,,
562,Normal,"May 9, 2025 @ 11:21:35.968",16,10.12.25.5,Windows11EWS,Security,4688,4,,,,,,,,,C:\\WINDOWS\\system32\\DllHost.exe /Processid:{AB8902B4-09CA-4BB6-B78D-A8F59079A8D5},,3,67027,A process was created.,,,
563,Normal,"May 9, 2025 @ 11:21:38.087",16,10.12.25.5,Windows11EWS,Security,4688,4,,,,,,,,,"\""C:\\Program Files (x86)\\Microsoft\\EdgeUpdate\\MicrosoftEdgeUpdate.exe\"" /svc",,3,67027,A process was created.,,,
564,Normal,"May 9, 2025 @ 11:21:38.386",16,10.12.25.5,Windows11EWS,Security,4688,4,,,,,,,,,C:\\WINDOWS\\system32\\DllHost.exe /Processid:{7966B4D8-4FDC-4126-A10B-39A3209AD251},,3,67027,A process was created.,,,
565,Normal,"May 9, 2025 @ 11:21:38.387",16,10.12.25.5,Windows11EWS,Security,4688,4,,,,,,,,,"\""C:\\Program Files\\Common Files\\Siemens\\Automation\\Simatic OAM\\bin\\TC.exe\"" -flush",,3,67027,A process was created.,,,
566,Normal,"May 9, 2025 @ 11:21:41.752",16,10.12.25.5,Windows11EWS,Security,4688,4,,,,,,,,,"\""C:\\Program Files\\Common Files\\Siemens\\Automation\\Simatic OAM\\bin\\PNIOMGR.exe\"" --start 0",,3,67027,A process was created.,,,
567,Normal,"May 9, 2025 @ 11:21:41.969",16,10.12.25.5,Windows11EWS,Security,4688,4,,,,,,,,,\\??\\C:\\WINDOWS\\system32\\conhost.exe 0xffffffff -ForceV1,,3,67027,A process was created.,,,
568,Normal,"May 9, 2025 @ 11:21:42.917",16,10.12.25.5,Windows11EWS,Security,4688,4,,,,,,,,,"\""C:\\Program Files\\Common Files\\Siemens\\Automation\\Simatic OAM\\bin\\TC.exe\"" -flush",,3,67027,A process was created.,,,
569,Normal,"May 9, 2025 @ 11:21:44.984",16,10.12.25.5,Windows11EWS,Security,4688,4,,,,,,,,,C:\\WINDOWS\\system32\\DllHost.exe /Processid:{AB8902B4-09CA-4BB6-B78D-A8F59079A8D5},,3,67027,A process was created.,,,
570,Normal,"May 9, 2025 @ 11:21:45.613",16,10.12.25.5,Windows11EWS,Security,4688,4,,,,,,,,,C:\\WINDOWS\\system32\\DllHost.exe /Processid:{338B40F9-9D68-4B53-A793-6B9AA0C5F63B},,3,67027,A process was created.,,,
571,Normal,"May 9, 2025 @ 11:21:45.619",16,10.12.25.5,Windows11EWS,Security,4688,4,,,,,,,,,C:\\Windows\\System32\\smartscreen.exe -Embedding,,3,67027,A process was created.,,,
572,Normal,"May 9, 2025 @ 11:21:47.431",16,10.12.25.5,Windows11EWS,Security,4688,4,,,,,,,,,"\""C:\\Program Files\\Common Files\\Siemens\\Automation\\Simatic OAM\\bin\\TC.exe\"" -flush",,3,67027,A process was created.,,,
573,Normal,"May 9, 2025 @ 11:21:47.667",16,10.12.25.5,Windows11EWS,Security,4673,4,,,,,,,,,,,4,60107,Failed attempt to perform a privileged operation,[T1078],"[Defense Evasion, Persistence, Privilege Escalation, Initial Access]",[Valid Accounts]
574,Normal,"May 9, 2025 @ 11:21:50.200",16,10.12.25.5,Windows11EWS,Security,4688,4,,,,,,,,,C:\\WINDOWS\\system32\\wbem\\wmiprvse.exe -secured -Embedding,,3,67027,A process was created.,,,
575,Normal,"May 9, 2025 @ 11:21:52.483",16,10.12.25.5,Windows11EWS,Security,4688,4,,,,,,,,,\\??\\C:\\WINDOWS\\system32\\conhost.exe 0xffffffff -ForceV1,,3,67027,A process was created.,,,
576,Normal,"May 9, 2025 @ 11:21:52.484",16,10.12.25.5,Windows11EWS,Security,4688,4,,,,,,,,,"\""C:\\Program Files\\Common Files\\Siemens\\Automation\\Simatic OAM\\bin\\TC.exe\"" -flush",,3,67027,A process was created.,,,
577,Normal,"May 9, 2025 @ 11:21:53.502",16,10.12.25.5,Windows11EWS,Security,4688,4,,,,,,,,,C:\\WINDOWS\\system32\\net1 accounts,,3,67027,A process was created.,,,
578,Normal,"May 9, 2025 @ 11:21:53.502",16,10.12.25.5,Windows11EWS,Security,4688,4,,,,,,,,,net.exe accounts,,3,67027,A process was created.,,,
579,Normal,"May 9, 2025 @ 11:21:53.503",16,10.12.25.5,Windows11EWS,Microsoft-Windows-Sysmon/Operational,1,4416,,,,,,,NT AUTHORITY\\SYSTEM,net.exe accounts,C:\\WINDOWS\\system32\\net1 accounts,,3,92031,Discovery activity executed,[T1087],[Discovery],[Account Discovery]
580,Normal,"May 9, 2025 @ 11:21:53.504",16,10.12.25.5,Windows11EWS,Microsoft-Windows-Sysmon/Operational,1,4416,,,,,,,NT AUTHORITY\\SYSTEM,"\""C:\\Program Files (x86)\\ossec-agent\\wazuh-agent.exe\""",net.exe accounts,,3,92031,Discovery activity executed,[T1087],[Discovery],[Account Discovery]
581,Normal,"May 9, 2025 @ 11:21:53.509",16,10.12.25.5,Windows11EWS,Security,4688,4,,,,,,,,,\\??\\C:\\WINDOWS\\system32\\conhost.exe 0xffffffff -ForceV1,,3,67027,A process was created.,,,
582,Normal,"May 9, 2025 @ 11:21:54.709",16,10.12.25.5,Windows11EWS,Microsoft-Windows-Sysmon/Operational,1,4416,,,,,,,NT AUTHORITY\\SYSTEM,net.exe accounts,C:\\WINDOWS\\system32\\net1 accounts,,3,92031,Discovery activity executed,[T1087],[Discovery],[Account Discovery]
583,Normal,"May 9, 2025 @ 11:21:54.755",16,10.12.25.5,Windows11EWS,Microsoft-Windows-Sysmon/Operational,1,4416,,,,,,,NT AUTHORITY\\SYSTEM,"\""C:\\Program Files (x86)\\ossec-agent\\wazuh-agent.exe\""",net.exe accounts,,3,92031,Discovery activity executed,[T1087],[Discovery],[Account Discovery]
584,Normal,"May 9, 2025 @ 11:21:54.812",16,10.12.25.5,Windows11EWS,Security,4688,4,,,,,,,,,C:\\WINDOWS\\system32\\net1 accounts,,3,67027,A process was created.,,,
585,Normal,"May 9, 2025 @ 11:21:54.814",16,10.12.25.5,Windows11EWS,Microsoft-Windows-Sysmon/Operational,1,4416,,,,,,,NT AUTHORITY\\SYSTEM,net.exe accounts,C:\\WINDOWS\\system32\\net1 accounts,,3,92031,Discovery activity executed,[T1087],[Discovery],[Account Discovery]
586,Normal,"May 9, 2025 @ 11:21:54.816",16,10.12.25.5,Windows11EWS,Microsoft-Windows-Sysmon/Operational,1,4416,,,,,,,NT AUTHORITY\\SYSTEM,"\""C:\\Program Files (x86)\\ossec-agent\\wazuh-agent.exe\""",net.exe accounts,,3,92031,Discovery activity executed,[T1087],[Discovery],[Account Discovery]
587,Normal,"May 9, 2025 @ 11:21:54.818",16,10.12.25.5,Windows11EWS,Microsoft-Windows-Sysmon/Operational,1,4416,,,,,,,NT AUTHORITY\\SYSTEM,net.exe accounts,C:\\WINDOWS\\system32\\net1 accounts,,3,92031,Discovery activity executed,[T1087],[Discovery],[Account Discovery]
