3205,Normal,"May 9, 2025 @ 13:57:21.849",15,10.12.25.3,Windows11,Microsoft-Windows-Windows Defender/Operational,5007,3168,,,,,,,,,,,5,62154,Windows Defender: Antimalware platform feature configuration changed,,,
3206,Normal,"May 9, 2025 @ 13:57:34.730",16,10.12.25.5,Windows11EWS,,,,,,,,,,,,,,3,503,Wazuh agent started.,,,
3207,Normal,"May 9, 2025 @ 13:57:35.092",16,10.12.25.5,Windows11EWS,Security,4688,4,,,,,,,,,"C:\\WINDOWS\\system32\\wevtutil.exe uninstall-manifest \""C:\\ProgramData\\Microsoft\\Windows Defender\\Platform\\4.18.25030.2-0\\Microsoft-Antimalware-AMFilter.man\""",,3,67027,A process was created.,,,
3208,Normal,"May 9, 2025 @ 13:57:35.147",16,10.12.25.5,Windows11EWS,Security,4688,4,,,,,,,,,\\??\\C:\\WINDOWS\\system32\\conhost.exe 0xffffffff -ForceV1,,3,67027,A process was created.,,,
3209,Normal,"May 9, 2025 @ 13:57:35.942",16,10.12.25.5,Windows11EWS,Security,4688,4,,,,,,,,,net.exe accounts,,3,67027,A process was created.,,,
3210,Normal,"May 9, 2025 @ 13:57:35.954",16,10.12.25.5,Windows11EWS,Security,4688,4,,,,,,,,,\\??\\C:\\WINDOWS\\system32\\conhost.exe 0xffffffff -ForceV1,,3,67027,A process was created.,,,
3211,Normal,"May 9, 2025 @ 13:57:35.965",16,10.12.25.5,Windows11EWS,Security,4624,960,,Negotiate,Advapi,,,,,,,,3,60106,Windows Logon Success,[T1078],"[Defense Evasion, Persistence, Privilege Escalation, Initial Access]",[Valid Accounts]
3212,Normal,"May 9, 2025 @ 13:57:36.021",16,10.12.25.5,Windows11EWS,Security,4688,4,,,,,,,,,"C:\\WINDOWS\\system32\\wevtutil.exe install-manifest \""C:\\ProgramData\\Microsoft\\Windows Defender\\Platform\\4.18.25030.2-0\\Microsoft-Antimalware-AMFilter.man\"" \""/resourceFilePath:C:\\ProgramData\\Microsoft\\Windows Defender\\Platform\\4.18.25030.2-0\\Drivers\\WdFilter.sys\"" \""/messageFilePath:C:\\ProgramData\\Microsoft\\Windows Defender\\Platform\\4.18.25030.2-0\\Drivers\\WdFilter.sys\"" \""/parameterFilePath:C:\\ProgramData\\Microsoft\\Windows Defender\\Platform\\4.18.25030.2-0\\Drivers\\WdFilter.sys\""",,3,67027,A process was created.,,,
3213,Normal,"May 9, 2025 @ 13:57:36.021",16,10.12.25.5,Windows11EWS,Security,4688,4,,,,,,,,,C:\\WINDOWS\\system32\\svchost.exe -k wsappx -p,,3,67027,A process was created.,,,
3214,Normal,"May 9, 2025 @ 13:57:36.024",16,10.12.25.5,Windows11EWS,Security,4688,4,,,,,,,,,\\??\\C:\\WINDOWS\\system32\\conhost.exe 0xffffffff -ForceV1,,3,67027,A process was created.,,,
3215,Normal,"May 9, 2025 @ 13:57:36.024",16,10.12.25.5,Windows11EWS,Security,4688,4,,,,,,,,,C:\\WINDOWS\\system32\\net1 accounts,,3,67027,A process was created.,,,
3216,Normal,"May 9, 2025 @ 13:57:36.025",16,10.12.25.5,Windows11EWS,Security,4688,4,,,,,,,,,"\""C:\\Program Files\\Common Files\\Siemens\\Automation\\Simatic OAM\\bin\\s7epasrv64x.exe\""",,3,67027,A process was created.,,,
3217,Normal,"May 9, 2025 @ 13:57:37.055",16,10.12.25.5,Windows11EWS,Security,4688,4,,,,,,,,,net.exe accounts,,3,67027,A process was created.,,,
3218,Normal,"May 9, 2025 @ 13:57:37.058",16,10.12.25.5,Windows11EWS,Security,4688,4,,,,,,,,,\\??\\C:\\WINDOWS\\system32\\conhost.exe 0xffffffff -ForceV1,,3,67027,A process was created.,,,
3219,Normal,"May 9, 2025 @ 13:57:37.062",16,10.12.25.5,Windows11EWS,Security,4688,4,,,,,,,,,C:\\WINDOWS\\system32\\net1 accounts,,3,67027,A process was created.,,,
3220,Normal,"May 9, 2025 @ 13:57:37.068",16,10.12.25.5,Windows11EWS,Security,4688,4,,,,,,,,,"C:\\WINDOWS\\system32\\wevtutil.exe uninstall-manifest \""C:\\ProgramData\\Microsoft\\Windows Defender\\Platform\\4.18.25030.2-0\\Microsoft-Windows-Windows Defender.man\""",,3,67027,A process was created.,,,
3221,Normal,"May 9, 2025 @ 13:57:37.076",16,10.12.25.5,Windows11EWS,Security,4688,4,,,,,,,,,\\??\\C:\\WINDOWS\\system32\\conhost.exe 0xffffffff -ForceV1,,3,67027,A process was created.,,,
3222,Normal,"May 9, 2025 @ 13:57:37.099",16,10.12.25.5,Windows11EWS,Security,4688,4,,,,,,,,,net.exe accounts,,3,67027,A process was created.,,,
3223,Normal,"May 9, 2025 @ 13:57:37.140",16,10.12.25.5,Windows11EWS,Security,4688,4,,,,,,,,,\\??\\C:\\WINDOWS\\system32\\conhost.exe 0xffffffff -ForceV1,,3,67027,A process was created.,,,
3224,Normal,"May 9, 2025 @ 13:57:37.152",16,10.12.25.5,Windows11EWS,Security,4688,4,,,,,,,,,C:\\WINDOWS\\system32\\net1 accounts,,3,67027,A process was created.,,,
3225,Normal,"May 9, 2025 @ 13:57:37.227",16,10.12.25.5,Windows11EWS,Security,4688,4,,,,,,,,,net.exe accounts,,3,67027,A process was created.,,,
3226,Normal,"May 9, 2025 @ 13:57:37.229",16,10.12.25.5,Windows11EWS,Security,4688,4,,,,,,,,,C:\\WINDOWS\\system32\\net1 accounts,,3,67027,A process was created.,,,
3227,Normal,"May 9, 2025 @ 13:57:37.229",16,10.12.25.5,Windows11EWS,Security,4688,4,,,,,,,,,\\??\\C:\\WINDOWS\\system32\\conhost.exe 0xffffffff -ForceV1,,3,67027,A process was created.,,,
3228,Normal,"May 9, 2025 @ 13:57:37.244",16,10.12.25.5,Windows11EWS,Security,4688,4,,,,,,,,,net.exe accounts,,3,67027,A process was created.,,,
3229,Normal,"May 9, 2025 @ 13:57:38.070",16,10.12.25.5,Windows11EWS,Security,4688,4,,,,,,,,,\\??\\C:\\WINDOWS\\system32\\conhost.exe 0xffffffff -ForceV1,,3,67027,A process was created.,,,
3230,Normal,"May 9, 2025 @ 13:57:38.183",16,10.12.25.5,Windows11EWS,Security,4688,4,,,,,,,,,"C:\\WINDOWS\\system32\\wevtutil.exe install-manifest \""C:\\ProgramData\\Microsoft\\Windows Defender\\Platform\\4.18.25030.2-0\\Microsoft-Windows-Windows Defender.man\"" \""/resourceFilePath:C:\\ProgramData\\Microsoft\\Windows Defender\\Platform\\4.18.25030.2-0\\MpEvMsg.dll\"" \""/messageFilePath:C:\\ProgramData\\Microsoft\\Windows Defender\\Platform\\4.18.25030.2-0\\MpEvMsg.dll\"" \""/parameterFilePath:C:\\ProgramData\\Microsoft\\Windows Defender\\Platform\\4.18.25030.2-0\\MpEvMsg.dll\""",,3,67027,A process was created.,,,
3231,Normal,"May 9, 2025 @ 13:57:38.185",16,10.12.25.5,Windows11EWS,Security,4688,4,,,,,,,,,\\??\\C:\\WINDOWS\\system32\\conhost.exe 0xffffffff -ForceV1,,3,67027,A process was created.,,,
3232,Normal,"May 9, 2025 @ 13:57:38.217",16,10.12.25.5,Windows11EWS,Security,4688,4,,,,,,,,,net.exe accounts,,3,67027,A process was created.,,,
3233,Normal,"May 9, 2025 @ 13:57:38.218",16,10.12.25.5,Windows11EWS,Security,4688,4,,,,,,,,,C:\\WINDOWS\\system32\\net1 accounts,,3,67027,A process was created.,,,
3234,Normal,"May 9, 2025 @ 13:57:38.219",16,10.12.25.5,Windows11EWS,Security,4688,4,,,,,,,,,\\??\\C:\\WINDOWS\\system32\\conhost.exe 0xffffffff -ForceV1,,3,67027,A process was created.,,,
3235,Normal,"May 9, 2025 @ 13:57:38.222",16,10.12.25.5,Windows11EWS,Security,4688,4,,,,,,,,,C:\\WINDOWS\\system32\\net1 accounts,,3,67027,A process was created.,,,
3236,Normal,"May 9, 2025 @ 13:57:38.222",16,10.12.25.5,Windows11EWS,Security,4688,4,,,,,,,,,net.exe accounts,,3,67027,A process was created.,,,
3237,Normal,"May 9, 2025 @ 13:57:38.223",16,10.12.25.5,Windows11EWS,Security,4688,4,,,,,,,,,\\??\\C:\\WINDOWS\\system32\\conhost.exe 0xffffffff -ForceV1,,3,67027,A process was created.,,,
3238,Normal,"May 9, 2025 @ 13:57:38.313",16,10.12.25.5,Windows11EWS,Security,4688,4,,,,,,,,,C:\\WINDOWS\\system32\\net1 accounts,,3,67027,A process was created.,,,
3239,Normal,"May 9, 2025 @ 13:57:38.315",16,10.12.25.5,Windows11EWS,Security,4688,4,,,,,,,,,net.exe accounts,,3,67027,A process was created.,,,
3240,Normal,"May 9, 2025 @ 13:57:38.319",16,10.12.25.5,Windows11EWS,Security,4688,4,,,,,,,,,\\??\\C:\\WINDOWS\\system32\\conhost.exe 0xffffffff -ForceV1,,3,67027,A process was created.,,,
3241,Normal,"May 9, 2025 @ 13:57:38.325",16,10.12.25.5,Windows11EWS,Security,4624,960,,Negotiate,Advapi,,,,,,,,3,60106,Windows Logon Success,[T1078],"[Defense Evasion, Persistence, Privilege Escalation, Initial Access]",[Valid Accounts]
3242,Normal,"May 9, 2025 @ 13:57:38.339",16,10.12.25.5,Windows11EWS,Security,4688,4,,,,,,,,,C:\\WINDOWS\\system32\\net1 accounts,,3,67027,A process was created.,,,
3243,Normal,"May 9, 2025 @ 13:57:38.349",16,10.12.25.5,Windows11EWS,Security,4688,4,,,,,,,,,C:\\WINDOWS\\system32\\SearchIndexer.exe /Embedding,,3,67027,A process was created.,,,
3244,Normal,"May 9, 2025 @ 13:57:38.474",16,10.12.25.5,Windows11EWS,Security,4688,4,,,,,,,,,net.exe accounts,,3,67027,A process was created.,,,
3245,Normal,"May 9, 2025 @ 13:57:38.487",16,10.12.25.5,Windows11EWS,Security,4688,4,,,,,,,,,\\??\\C:\\WINDOWS\\system32\\conhost.exe 0xffffffff -ForceV1,,3,67027,A process was created.,,,
3246,Normal,"May 9, 2025 @ 13:57:38.487",16,10.12.25.5,Windows11EWS,Security,4688,4,,,,,,,,,"\""C:\\WINDOWS\\system32\\wermgr.exe\"" -upload",,3,67027,A process was created.,,,
3247,Normal,"May 9, 2025 @ 13:57:39.198",16,10.12.25.5,Windows11EWS,Security,4688,4,,,,,,,,,"C:\\WINDOWS\\system32\\wevtutil.exe uninstall-manifest \""C:\\ProgramData\\Microsoft\\Windows Defender\\Platform\\4.18.25030.2-0\\Microsoft-Antimalware-Service.man\""",,3,67027,A process was created.,,,
3248,Normal,"May 9, 2025 @ 13:57:39.202",16,10.12.25.5,Windows11EWS,Security,4688,4,,,,,,,,,"C:\\WINDOWS\\system32\\wevtutil.exe install-manifest \""C:\\ProgramData\\Microsoft\\Windows Defender\\Platform\\4.18.25030.2-0\\Microsoft-Antimalware-Service.man\"" \""/resourceFilePath:C:\\ProgramData\\Microsoft\\Windows Defender\\Platform\\4.18.25030.2-0\\MpSvc.dll\"" \""/messageFilePath:C:\\ProgramData\\Microsoft\\Windows Defender\\Platform\\4.18.25030.2-0\\MpSvc.dll\"" \""/parameterFilePath:C:\\ProgramData\\Microsoft\\Windows Defender\\Platform\\4.18.25030.2-0\\MpSvc.dll\""",,3,67027,A process was created.,,,
3249,Normal,"May 9, 2025 @ 13:57:39.202",16,10.12.25.5,Windows11EWS,Security,4688,4,,,,,,,,,C:\\WINDOWS\\system32\\net1 accounts,,3,67027,A process was created.,,,
3250,Normal,"May 9, 2025 @ 13:57:39.203",16,10.12.25.5,Windows11EWS,Security,4688,4,,,,,,,,,\\??\\C:\\WINDOWS\\system32\\conhost.exe 0xffffffff -ForceV1,,3,67027,A process was created.,,,
3251,Normal,"May 9, 2025 @ 13:57:39.203",16,10.12.25.5,Windows11EWS,Security,4688,4,,,,,,,,,\\??\\C:\\WINDOWS\\system32\\conhost.exe 0xffffffff -ForceV1,,3,67027,A process was created.,,,
3252,Normal,"May 9, 2025 @ 13:57:39.204",16,10.12.25.5,Windows11EWS,Security,4688,4,,,,,,,,,C:\\WINDOWS\\system32\\net1 user guest,,3,67027,A process was created.,,,
3253,Normal,"May 9, 2025 @ 13:57:39.204",16,10.12.25.5,Windows11EWS,Security,4688,4,,,,,,,,,net user guest,,3,67027,A process was created.,,,
3254,Normal,"May 9, 2025 @ 13:57:39.205",16,10.12.25.5,Windows11EWS,Security,4688,4,,,,,,,,,\\??\\C:\\WINDOWS\\system32\\conhost.exe 0xffffffff -ForceV1,,3,67027,A process was created.,,,
3255,Normal,"May 9, 2025 @ 13:57:39.275",16,10.12.25.5,Windows11EWS,Security,4688,4,,,,,,,,,\\??\\C:\\WINDOWS\\system32\\conhost.exe 0xffffffff -ForceV1,,3,67027,A process was created.,,,
3256,Normal,"May 9, 2025 @ 13:57:39.275",16,10.12.25.5,Windows11EWS,Security,4688,4,,,,,,,,,"C:\\WINDOWS\\system32\\wevtutil.exe uninstall-manifest \""C:\\ProgramData\\Microsoft\\Windows Defender\\Platform\\4.18.25030.2-0\\Microsoft-Antimalware-NIS.man\""",,3,67027,A process was created.,,,
3257,Normal,"May 9, 2025 @ 13:57:39.276",16,10.12.25.5,Windows11EWS,Security,4688,4,,,,,,,,,net user guest,,3,67027,A process was created.,,,
3258,Normal,"May 9, 2025 @ 13:57:39.277",16,10.12.25.5,Windows11EWS,Security,4688,4,,,,,,,,,\\??\\C:\\WINDOWS\\system32\\conhost.exe 0xffffffff -ForceV1,,3,67027,A process was created.,,,
3259,Normal,"May 9, 2025 @ 13:57:39.277",16,10.12.25.5,Windows11EWS,Security,4688,4,,,,,,,,,C:\\WINDOWS\\system32\\net1 user guest,,3,67027,A process was created.,,,
3260,Normal,"May 9, 2025 @ 13:57:39.279",16,10.12.25.5,Windows11EWS,Security,4688,4,,,,,,,,,\\??\\C:\\WINDOWS\\system32\\conhost.exe 0xffffffff -ForceV1,,3,67027,A process was created.,,,
3261,Normal,"May 9, 2025 @ 13:57:39.282",16,10.12.25.5,Windows11EWS,Security,4688,4,,,,,,,,,C:\\WINDOWS\\system32\\net1 user administrator,,3,67027,A process was created.,,,
3262,Normal,"May 9, 2025 @ 13:57:39.283",16,10.12.25.5,Windows11EWS,Security,4688,4,,,,,,,,,\\??\\C:\\WINDOWS\\system32\\conhost.exe 0xffffffff -ForceV1,,3,67027,A process was created.,,,
3263,Normal,"May 9, 2025 @ 13:57:39.283",16,10.12.25.5,Windows11EWS,Security,4688,4,,,,,,,,,"\""C:\\PROGRAM FILES\\COMMON FILES\\SIEMENS\\ALMPANELPLUGIN\\ALMPANELPLUGIN.EXE\"" -Embedding",,3,67027,A process was created.,,,
3264,Normal,"May 9, 2025 @ 13:57:39.283",16,10.12.25.5,Windows11EWS,Security,4688,4,,,,,,,,,"C:\\WINDOWS\\system32\\wevtutil.exe install-manifest \""C:\\ProgramData\\Microsoft\\Windows Defender\\Platform\\4.18.25030.2-0\\Microsoft-Antimalware-NIS.man\"" \""/resourceFilePath:C:\\ProgramData\\Microsoft\\Windows Defender\\Platform\\4.18.25030.2-0\\NisSrv.exe\"" \""/messageFilePath:C:\\ProgramData\\Microsoft\\Windows Defender\\Platform\\4.18.25030.2-0\\NisSrv.exe\"" \""/parameterFilePath:C:\\ProgramData\\Microsoft\\Windows Defender\\Platform\\4.18.25030.2-0\\NisSrv.exe\""",,3,67027,A process was created.,,,
3265,Normal,"May 9, 2025 @ 13:57:39.345",16,10.12.25.5,Windows11EWS,Security,4688,4,,,,,,,,,C:\\WINDOWS\\system32\\net1 user guest,,3,67027,A process was created.,,,
3266,Normal,"May 9, 2025 @ 13:57:39.345",16,10.12.25.5,Windows11EWS,Security,4688,4,,,,,,,,,net user guest,,3,67027,A process was created.,,,
3267,Normal,"May 9, 2025 @ 13:57:39.346",16,10.12.25.5,Windows11EWS,Security,4688,4,,,,,,,,,\\??\\C:\\WINDOWS\\system32\\conhost.exe 0xffffffff -ForceV1,,3,67027,A process was created.,,,
3268,Normal,"May 9, 2025 @ 13:57:39.346",16,10.12.25.5,Windows11EWS,Security,4688,4,,,,,,,,,net user administrator,,3,67027,A process was created.,,,
3269,Normal,"May 9, 2025 @ 13:57:40.163",16,10.12.25.5,Windows11EWS,Security,4688,4,,,,,,,,,reg query HKLM\\SOFTWARE\\Microsoft\\Windows\\CurrentVersion\\Policies\\system /v legalnoticetext,,3,67027,A process was created.,,,
3270,Normal,"May 9, 2025 @ 13:57:40.171",16,10.12.25.5,Windows11EWS,Security,4688,4,,,,,,,,,\\??\\C:\\WINDOWS\\system32\\conhost.exe 0xffffffff -ForceV1,,3,67027,A process was created.,,,
3271,Normal,"May 9, 2025 @ 13:57:40.172",16,10.12.25.5,Windows11EWS,Security,4688,4,,,,,,,,,"C:\\WINDOWS\\system32\\wevtutil.exe uninstall-manifest \""C:\\ProgramData\\Microsoft\\Windows Defender\\Platform\\4.18.25030.2-0\\Microsoft-Antimalware-RTP.man\""",,3,67027,A process was created.,,,
3272,Normal,"May 9, 2025 @ 13:57:40.172",16,10.12.25.5,Windows11EWS,Security,4688,4,,,,,,,,,\\??\\C:\\WINDOWS\\system32\\conhost.exe 0xffffffff -ForceV1,,3,67027,A process was created.,,,
3273,Normal,"May 9, 2025 @ 13:57:40.198",16,10.12.25.5,Windows11EWS,Security,4688,4,,,,,,,,,reg query HKLM\\SOFTWARE\\Microsoft\\Windows\\CurrentVersion\\Policies\\system /v legalnoticecaption,,3,67027,A process was created.,,,
3274,Normal,"May 9, 2025 @ 13:57:40.198",16,10.12.25.5,Windows11EWS,Security,4688,4,,,,,,,,,\\??\\C:\\WINDOWS\\system32\\conhost.exe 0xffffffff -ForceV1,,3,67027,A process was created.,,,
3275,Normal,"May 9, 2025 @ 13:57:40.199",16,10.12.25.5,Windows11EWS,Security,4688,4,,,,,,,,,"C:\\WINDOWS\\system32\\wevtutil.exe install-manifest \""C:\\ProgramData\\Microsoft\\Windows Defender\\Platform\\4.18.25030.2-0\\Microsoft-Antimalware-RTP.man\"" \""/resourceFilePath:C:\\ProgramData\\Microsoft\\Windows Defender\\Platform\\4.18.25030.2-0\\MpRtp.dll\"" \""/messageFilePath:C:\\ProgramData\\Microsoft\\Windows Defender\\Platform\\4.18.25030.2-0\\MpRtp.dll\"" \""/parameterFilePath:C:\\ProgramData\\Microsoft\\Windows Defender\\Platform\\4.18.25030.2-0\\MpRtp.dll\""",,3,67027,A process was created.,,,
3276,Normal,"May 9, 2025 @ 13:57:40.199",16,10.12.25.5,Windows11EWS,Security,4688,4,,,,,,,,,"C:\\WINDOWS\\system32\\wevtutil.exe uninstall-manifest \""C:\\ProgramData\\Microsoft\\Windows Defender\\Platform\\4.18.25030.2-0\\Microsoft-Antimalware-Protection.man\""",,3,67027,A process was created.,,,
3277,Normal,"May 9, 2025 @ 13:57:40.199",16,10.12.25.5,Windows11EWS,Security,4688,4,,,,,,,,,\\??\\C:\\WINDOWS\\system32\\conhost.exe 0xffffffff -ForceV1,,3,67027,A process was created.,,,
3278,Normal,"May 9, 2025 @ 13:57:40.200",16,10.12.25.5,Windows11EWS,Security,4688,4,,,,,,,,,\\??\\C:\\WINDOWS\\system32\\conhost.exe 0xffffffff -ForceV1,,3,67027,A process was created.,,,
3279,Normal,"May 9, 2025 @ 13:57:41.208",16,10.12.25.5,Windows11EWS,Security,4688,4,,,,,,,,,"C:\\WINDOWS\\system32\\wevtutil.exe install-manifest \""C:\\ProgramData\\Microsoft\\Windows Defender\\Platform\\4.18.25030.2-0\\Microsoft-Antimalware-Protection.man\"" \""/resourceFilePath:C:\\ProgramData\\Microsoft\\Windows Defender\\Platform\\4.18.25030.2-0\\MpClient.dll\"" \""/messageFilePath:C:\\ProgramData\\Microsoft\\Windows Defender\\Platform\\4.18.25030.2-0\\MpClient.dll\"" \""/parameterFilePath:C:\\ProgramData\\Microsoft\\Windows Defender\\Platform\\4.18.25030.2-0\\MpClient.dll\""",,3,67027,A process was created.,,,
3280,Normal,"May 9, 2025 @ 13:57:41.338",16,10.12.25.5,Windows11EWS,Security,4688,4,,,,,,,,,\\??\\C:\\WINDOWS\\system32\\conhost.exe 0xffffffff -ForceV1,,3,67027,A process was created.,,,
3281,Normal,"May 9, 2025 @ 13:57:41.341",16,10.12.25.5,Windows11EWS,Security,4688,4,,,,,,,,,"auditpol.exe /get /subcategory:\""Credential Validation\""",,3,67027,A process was created.,,,
3282,Normal,"May 9, 2025 @ 13:57:41.414",16,10.12.25.5,Windows11EWS,Security,4688,4,,,,,,,,,\\??\\C:\\WINDOWS\\system32\\conhost.exe 0xffffffff -ForceV1,,3,67027,A process was created.,,,
3283,Normal,"May 9, 2025 @ 13:57:42.503",16,10.12.25.5,Windows11EWS,Microsoft-Windows-Windows Defender/Operational,5007,3880,,,,,,,,,,,5,62154,Windows Defender: Antimalware platform feature configuration changed,,,
3284,Normal,"May 9, 2025 @ 13:57:42.505",16,10.12.25.5,Windows11EWS,Microsoft-Windows-Windows Defender/Operational,5007,3880,,,,,,,,,,,5,62154,Windows Defender: Antimalware platform feature configuration changed,,,
3285,Normal,"May 9, 2025 @ 13:57:42.507",16,10.12.25.5,Windows11EWS,Microsoft-Windows-Windows Defender/Operational,5007,3880,,,,,,,,,,,5,62154,Windows Defender: Antimalware platform feature configuration changed,,,
3286,Normal,"May 9, 2025 @ 13:57:42.717",16,10.12.25.5,Windows11EWS,Security,4688,4,,,,,,,,,"auditpol.exe /get /subcategory:\""Application Group Management\""",,3,67027,A process was created.,,,
3287,Normal,"May 9, 2025 @ 13:57:42.719",16,10.12.25.5,Windows11EWS,Security,4688,4,,,,,,,,,\\??\\C:\\WINDOWS\\system32\\conhost.exe 0xffffffff -ForceV1,,3,67027,A process was created.,,,
3288,Normal,"May 9, 2025 @ 13:57:42.720",16,10.12.25.5,Windows11EWS,Security,4688,4,,,,,,,,,"auditpol.exe /get /subcategory:\""Security Group Management\""",,3,67027,A process was created.,,,
3289,Normal,"May 9, 2025 @ 13:57:42.721",16,10.12.25.5,Windows11EWS,Security,4688,4,,,,,,,,,\\??\\C:\\WINDOWS\\system32\\conhost.exe 0xffffffff -ForceV1,,3,67027,A process was created.,,,
3290,Normal,"May 9, 2025 @ 13:57:42.721",16,10.12.25.5,Windows11EWS,Security,4688,4,,,,,,,,,"auditpol.exe /get /subcategory:\""User Account Management\""",,3,67027,A process was created.,,,
3291,Normal,"May 9, 2025 @ 13:57:42.722",16,10.12.25.5,Windows11EWS,Security,4688,4,,,,,,,,,\\??\\C:\\WINDOWS\\system32\\conhost.exe 0xffffffff -ForceV1,,3,67027,A process was created.,,,
3292,Normal,"May 9, 2025 @ 13:57:42.725",16,10.12.25.5,Windows11EWS,Security,4688,4,,,,,,,,,"auditpol.exe /get /subcategory:\""Plug and Play Events\""",,3,67027,A process was created.,,,
3293,Normal,"May 9, 2025 @ 13:57:42.726",16,10.12.25.5,Windows11EWS,Security,4688,4,,,,,,,,,\\??\\C:\\WINDOWS\\system32\\conhost.exe 0xffffffff -ForceV1,,3,67027,A process was created.,,,
3294,Normal,"May 9, 2025 @ 13:57:42.727",16,10.12.25.5,Windows11EWS,Security,4688,4,,,,,,,,,"auditpol.exe /get /subcategory:\""Process Creation\""",,3,67027,A process was created.,,,
3295,Normal,"May 9, 2025 @ 13:57:42.730",16,10.12.25.5,Windows11EWS,Security,4688,4,,,,,,,,,\\??\\C:\\WINDOWS\\system32\\conhost.exe 0xffffffff -ForceV1,,3,67027,A process was created.,,,
3296,Normal,"May 9, 2025 @ 13:57:42.793",16,10.12.25.5,Windows11EWS,Security,4688,4,,,,,,,,,"auditpol.exe /get /subcategory:\""Account Lockout\""",,3,67027,A process was created.,,,
3297,Normal,"May 9, 2025 @ 13:57:42.794",16,10.12.25.5,Windows11EWS,Security,4688,4,,,,,,,,,\\??\\C:\\WINDOWS\\system32\\conhost.exe 0xffffffff -ForceV1,,3,67027,A process was created.,,,
3298,Normal,"May 9, 2025 @ 13:57:42.794",16,10.12.25.5,Windows11EWS,Security,4688,4,,,,,,,,,"auditpol.exe /get /subcategory:\""Group Membership\""",,3,67027,A process was created.,,,
3299,Normal,"May 9, 2025 @ 13:57:42.799",16,10.12.25.5,Windows11EWS,Security,4688,4,,,,,,,,,\\??\\C:\\WINDOWS\\system32\\conhost.exe 0xffffffff -ForceV1,,3,67027,A process was created.,,,
3300,Normal,"May 9, 2025 @ 13:57:42.942",16,10.12.25.5,Windows11EWS,Security,4688,4,,,,,,,,,AggregatorHost.exe,,3,67027,A process was created.,,,
3301,Normal,"May 9, 2025 @ 13:57:43.708",16,10.12.25.5,Windows11EWS,Microsoft-Windows-Windows Defender/Operational,5007,3880,,,,,,,,,,,5,62154,Windows Defender: Antimalware platform feature configuration changed,,,
3302,Normal,"May 9, 2025 @ 13:57:43.805",16,10.12.25.5,Windows11EWS,Security,4688,4,,,,,,,,,"auditpol.exe /get /subcategory:\""Logoff\""",,3,67027,A process was created.,,,
3303,Normal,"May 9, 2025 @ 13:57:43.805",16,10.12.25.5,Windows11EWS,Security,4688,4,,,,,,,,,\\??\\C:\\WINDOWS\\system32\\conhost.exe 0xffffffff -ForceV1,,3,67027,A process was created.,,,
3304,Normal,"May 9, 2025 @ 13:57:43.809",16,10.12.25.5,Windows11EWS,Security,4688,4,,,,,,,,,"auditpol.exe /get /subcategory:\""Logon\""",,3,67027,A process was created.,,,
3305,Normal,"May 9, 2025 @ 13:57:43.812",16,10.12.25.5,Windows11EWS,Security,4688,4,,,,,,,,,\\??\\C:\\WINDOWS\\system32\\conhost.exe 0xffffffff -ForceV1,,3,67027,A process was created.,,,
3306,Normal,"May 9, 2025 @ 13:57:43.815",16,10.12.25.5,Windows11EWS,Security,4688,4,,,,,,,,,"auditpol.exe /get /subcategory:\""Other Logon/Logoff Events\""",,3,67027,A process was created.,,,
3307,Normal,"May 9, 2025 @ 13:57:43.818",16,10.12.25.5,Windows11EWS,Security,4688,4,,,,,,,,,\\??\\C:\\WINDOWS\\system32\\conhost.exe 0xffffffff -ForceV1,,3,67027,A process was created.,,,
3308,Normal,"May 9, 2025 @ 13:57:43.823",16,10.12.25.5,Windows11EWS,Security,4688,4,,,,,,,,,"auditpol.exe /get /subcategory:\""Special Logon\""",,3,67027,A process was created.,,,
3309,Normal,"May 9, 2025 @ 13:57:43.826",16,10.12.25.5,Windows11EWS,Security,4688,4,,,,,,,,,\\??\\C:\\WINDOWS\\system32\\conhost.exe 0xffffffff -ForceV1,,3,67027,A process was created.,,,
3310,Normal,"May 9, 2025 @ 13:57:43.829",16,10.12.25.5,Windows11EWS,Security,4688,4,,,,,,,,,"auditpol.exe /get /subcategory:\""Detailed File Share\""",,3,67027,A process was created.,,,
3311,Normal,"May 9, 2025 @ 13:57:43.832",16,10.12.25.5,Windows11EWS,Security,4688,4,,,,,,,,,\\??\\C:\\WINDOWS\\system32\\conhost.exe 0xffffffff -ForceV1,,3,67027,A process was created.,,,
3312,Normal,"May 9, 2025 @ 13:57:43.835",16,10.12.25.5,Windows11EWS,Security,4688,4,,,,,,,,,"auditpol.exe /get /subcategory:\""File Share\""",,3,67027,A process was created.,,,
3313,Normal,"May 9, 2025 @ 13:57:43.838",16,10.12.25.5,Windows11EWS,Security,4688,4,,,,,,,,,\\??\\C:\\WINDOWS\\system32\\conhost.exe 0xffffffff -ForceV1,,3,67027,A process was created.,,,
3314,Normal,"May 9, 2025 @ 13:57:43.912",16,10.12.25.5,Windows11EWS,Application,1003,5956,,,,,,,,,,,3,60668,The Windows search service started.,,,
3315,Normal,"May 9, 2025 @ 13:57:45.635",16,10.12.25.5,Windows11EWS,Security,4688,4,,,,,,,,,"auditpol.exe /get /subcategory:\""Other Object Access Events\""",,3,67027,A process was created.,,,
3316,Normal,"May 9, 2025 @ 13:57:45.635",16,10.12.25.5,Windows11EWS,Microsoft-Windows-Windows Defender/Operational,5007,3880,,,,,,,,,,,5,62154,Windows Defender: Antimalware platform feature configuration changed,,,
3317,Normal,"May 9, 2025 @ 13:57:46.762",16,10.12.25.5,Windows11EWS,Security,4688,4,,,,,,,,,"auditpol.exe /get /subcategory:\""Removable Storage\""",,3,67027,A process was created.,,,
3318,Normal,"May 9, 2025 @ 13:57:46.762",16,10.12.25.5,Windows11EWS,Security,4688,4,,,,,,,,,\\??\\C:\\WINDOWS\\system32\\conhost.exe 0xffffffff -ForceV1,,3,67027,A process was created.,,,
3319,Normal,"May 9, 2025 @ 13:57:46.816",16,10.12.25.5,Windows11EWS,Security,4688,4,,,,,,,,,\\??\\C:\\WINDOWS\\system32\\conhost.exe 0xffffffff -ForceV1,,3,67027,A process was created.,,,
3320,Normal,"May 9, 2025 @ 13:57:46.817",16,10.12.25.5,Windows11EWS,Security,4688,4,,,,,,,,,"auditpol.exe /get /subcategory:\""Audit Policy Change\""",,3,67027,A process was created.,,,
3321,Normal,"May 9, 2025 @ 13:57:46.818",16,10.12.25.5,Windows11EWS,Security,4688,4,,,,,,,,,\\??\\C:\\WINDOWS\\system32\\conhost.exe 0xffffffff -ForceV1,,3,67027,A process was created.,,,
3322,Normal,"May 9, 2025 @ 13:57:47.822",16,10.12.25.5,Windows11EWS,Security,4688,4,,,,,,,,,"auditpol.exe /get /subcategory:\""Authentication Policy Change\""",,3,67027,A process was created.,,,
3323,Normal,"May 9, 2025 @ 13:57:47.823",16,10.12.25.5,Windows11EWS,Security,4688,4,,,,,,,,,\\??\\C:\\WINDOWS\\system32\\conhost.exe 0xffffffff -ForceV1,,3,67027,A process was created.,,,
3324,Normal,"May 9, 2025 @ 13:57:47.834",16,10.12.25.5,Windows11EWS,Security,4688,4,,,,,,,,,"auditpol.exe /get /subcategory:\""Authorization Policy Change\""",,3,67027,A process was created.,,,
3325,Normal,"May 9, 2025 @ 13:57:47.838",16,10.12.25.5,Windows11EWS,Security,4688,4,,,,,,,,,\\??\\C:\\WINDOWS\\system32\\conhost.exe 0xffffffff -ForceV1,,3,67027,A process was created.,,,
3326,Normal,"May 9, 2025 @ 13:57:47.870",16,10.12.25.5,Windows11EWS,Security,4688,4,,,,,,,,,\\??\\C:\\WINDOWS\\system32\\conhost.exe 0xffffffff -ForceV1,,3,67027,A process was created.,,,
3327,Normal,"May 9, 2025 @ 13:57:47.870",16,10.12.25.5,Windows11EWS,Security,4688,4,,,,,,,,,"auditpol.exe /get /subcategory:\""MPSSVC Rule-Level Policy Change\""",,3,67027,A process was created.,,,
3328,Normal,"May 9, 2025 @ 13:57:47.870",16,10.12.25.5,Windows11EWS,Security,4688,4,,,,,,,,,\\??\\C:\\WINDOWS\\system32\\conhost.exe 0xffffffff -ForceV1,,3,67027,A process was created.,,,
3329,Normal,"May 9, 2025 @ 13:57:47.870",16,10.12.25.5,Windows11EWS,Security,4688,4,,,,,,,,,"auditpol.exe /get /subcategory:\""Sensitive Privilege Use\""",,3,67027,A process was created.,,,
3330,Normal,"May 9, 2025 @ 13:57:47.871",16,10.12.25.5,Windows11EWS,Security,4688,4,,,,,,,,,"auditpol.exe /get /subcategory:\""Other Policy Change Events\""",,3,67027,A process was created.,,,
3331,Normal,"May 9, 2025 @ 13:57:47.871",16,10.12.25.5,Windows11EWS,Security,4688,4,,,,,,,,,\\??\\C:\\WINDOWS\\system32\\conhost.exe 0xffffffff -ForceV1,,3,67027,A process was created.,,,
3332,Normal,"May 9, 2025 @ 13:57:49.509",16,10.12.25.5,Windows11EWS,Security,4688,4,,,,,,,,,"auditpol.exe /get /subcategory:\""IPsec Driver\""",,3,67027,A process was created.,,,
3333,Normal,"May 9, 2025 @ 13:57:49.510",16,10.12.25.5,Windows11EWS,Microsoft-Windows-Windows Defender/Operational,5007,3880,,,,,,,,,,,5,62154,Windows Defender: Antimalware platform feature configuration changed,,,
3334,Normal,"May 9, 2025 @ 13:57:49.510",16,10.12.25.5,Windows11EWS,Security,4688,4,,,,,,,,,"auditpol.exe /get /subcategory:\""Other System Events\""",,3,67027,A process was created.,,,
3335,Normal,"May 9, 2025 @ 13:57:49.510",16,10.12.25.5,Windows11EWS,Security,4688,4,,,,,,,,,\\??\\C:\\WINDOWS\\system32\\conhost.exe 0xffffffff -ForceV1,,3,67027,A process was created.,,,
3336,Normal,"May 9, 2025 @ 13:57:49.510",16,10.12.25.5,Windows11EWS,Security,4688,4,,,,,,,,,\\??\\C:\\WINDOWS\\system32\\conhost.exe 0xffffffff -ForceV1,,3,67027,A process was created.,,,
3337,Normal,"May 9, 2025 @ 13:57:49.514",16,10.12.25.5,Windows11EWS,Security,4688,4,,,,,,,,,"auditpol.exe /get /subcategory:\""Security State Change\""",,3,67027,A process was created.,,,
3338,Normal,"May 9, 2025 @ 13:57:50.441",16,10.12.25.5,Windows11EWS,Security,4688,4,,,,,,,,,\\??\\C:\\WINDOWS\\system32\\conhost.exe 0xffffffff -ForceV1,,3,67027,A process was created.,,,
3339,Normal,"May 9, 2025 @ 13:57:50.444",16,10.12.25.5,Windows11EWS,Security,4688,4,,,,,,,,,"auditpol.exe /get /subcategory:\""Security System Extension\""",,3,67027,A process was created.,,,
3340,Normal,"May 9, 2025 @ 13:57:50.483",16,10.12.25.5,Windows11EWS,Security,4688,4,,,,,,,,,\\??\\C:\\WINDOWS\\system32\\conhost.exe 0xffffffff -ForceV1,,3,67027,A process was created.,,,
3341,Normal,"May 9, 2025 @ 13:57:50.513",16,10.12.25.5,Windows11EWS,Security,4688,4,,,,,,,,,"auditpol.exe /get /subcategory:\""System Integrity\""",,3,67027,A process was created.,,,
3342,Normal,"May 9, 2025 @ 13:57:50.514",16,10.12.25.5,Windows11EWS,Security,4688,4,,,,,,,,,\\??\\C:\\WINDOWS\\system32\\conhost.exe 0xffffffff -ForceV1,,3,67027,A process was created.,,,
3343,Normal,"May 9, 2025 @ 13:58:06.227",16,10.12.25.5,Windows11EWS,Security,4688,4,,,,,,,,,"\""C:\\Program Files\\Common Files\\Siemens\\Automation\\Simatic OAM\\bin\\PNIOMGR.exe\"" --start 0",,3,67027,A process was created.,,,
3344,Normal,"May 9, 2025 @ 13:58:06.234",16,10.12.25.5,Windows11EWS,Security,4688,4,,,,,,,,,\\??\\C:\\WINDOWS\\system32\\conhost.exe 0xffffffff -ForceV1,,3,67027,A process was created.,,,
3345,Normal,"May 9, 2025 @ 13:58:11.147",16,10.12.25.5,Windows11EWS,Security,4688,4,,,,,,,,,C:\\WINDOWS\\system32\\wbem\\unsecapp.exe -Embedding,,3,67027,A process was created.,,,
3346,Normal,"May 9, 2025 @ 13:58:11.157",16,10.12.25.5,Windows11EWS,Security,4688,4,,,,,,,,,C:\\WINDOWS\\system32\\wbem\\wmiprvse.exe -Embedding,,3,67027,A process was created.,,,
3347,Normal,"May 9, 2025 @ 13:58:11.164",16,10.12.25.5,Windows11EWS,Security,4688,4,,,,,,,,,C:\\WINDOWS\\system32\\wbem\\wmiprvse.exe -secured -Embedding,,3,67027,A process was created.,,,
3348,Normal,"May 9, 2025 @ 13:58:11.609",16,10.12.25.5,Windows11EWS,Microsoft-Windows-Sysmon/Operational,255,3668,,,,,,,,,,,5,61602,Windows Sysmon error event,,,
3349,Normal,"May 9, 2025 @ 13:58:12.236",16,10.12.25.5,Windows11EWS,Microsoft-Windows-Sysmon/Operational,1,3668,,,,,,,NT AUTHORITY\\SYSTEM,,net.exe accounts,,3,92031,Discovery activity executed,[T1087],[Discovery],[Account Discovery]
3350,Normal,"May 9, 2025 @ 13:58:12.238",16,10.12.25.5,Windows11EWS,Microsoft-Windows-Sysmon/Operational,1,3668,,,,,,,NT AUTHORITY\\SYSTEM,,C:\\WINDOWS\\system32\\svchost.exe -k wsappx -p,,12,61618,Sysmon - Suspicious Process - svchost.exe,[T1055],"[Defense Evasion, Privilege Escalation]",[Process Injection]
3351,Normal,"May 9, 2025 @ 13:58:12.259",16,10.12.25.5,Windows11EWS,Microsoft-Windows-Sysmon/Operational,1,3668,,,,,,,NT AUTHORITY\\SYSTEM,net.exe accounts,C:\\WINDOWS\\system32\\net1 accounts,,3,92031,Discovery activity executed,[T1087],[Discovery],[Account Discovery]
3352,Normal,"May 9, 2025 @ 13:58:12.387",16,10.12.25.5,Windows11EWS,Microsoft-Windows-Sysmon/Operational,1,3668,,,,,,,NT AUTHORITY\\SYSTEM,net.exe accounts,C:\\WINDOWS\\system32\\net1 accounts,,3,92031,Discovery activity executed,[T1087],[Discovery],[Account Discovery]
3353,Normal,"May 9, 2025 @ 13:58:12.387",16,10.12.25.5,Windows11EWS,Microsoft-Windows-Sysmon/Operational,1,3668,,,,,,,NT AUTHORITY\\SYSTEM,,net.exe accounts,,3,92031,Discovery activity executed,[T1087],[Discovery],[Account Discovery]
3354,Normal,"May 9, 2025 @ 13:58:12.456",16,10.12.25.5,Windows11EWS,Microsoft-Windows-Sysmon/Operational,1,3668,,,,,,,NT AUTHORITY\\SYSTEM,,net.exe accounts,,3,92031,Discovery activity executed,[T1087],[Discovery],[Account Discovery]
3355,Normal,"May 9, 2025 @ 13:58:12.528",16,10.12.25.5,Windows11EWS,Microsoft-Windows-Sysmon/Operational,1,3668,,,,,,,NT AUTHORITY\\SYSTEM,net.exe accounts,C:\\WINDOWS\\system32\\net1 accounts,,3,92031,Discovery activity executed,[T1087],[Discovery],[Account Discovery]
3356,Normal,"May 9, 2025 @ 13:58:12.608",16,10.12.25.5,Windows11EWS,Microsoft-Windows-Sysmon/Operational,1,3668,,,,,,,NT AUTHORITY\\SYSTEM,,net.exe accounts,,3,92031,Discovery activity executed,[T1087],[Discovery],[Account Discovery]
3357,Normal,"May 9, 2025 @ 13:58:12.652",16,10.12.25.5,Windows11EWS,Microsoft-Windows-Sysmon/Operational,1,3668,,,,,,,NT AUTHORITY\\SYSTEM,net.exe accounts,C:\\WINDOWS\\system32\\net1 accounts,,3,92031,Discovery activity executed,[T1087],[Discovery],[Account Discovery]
3358,Normal,"May 9, 2025 @ 13:58:12.652",16,10.12.25.5,Windows11EWS,Microsoft-Windows-Sysmon/Operational,1,3668,,,,,,,NT AUTHORITY\\SYSTEM,,net.exe accounts,,3,92031,Discovery activity executed,[T1087],[Discovery],[Account Discovery]
3359,Normal,"May 9, 2025 @ 13:58:12.806",16,10.12.25.5,Windows11EWS,Microsoft-Windows-Sysmon/Operational,1,3668,,,,,,,NT AUTHORITY\\SYSTEM,net.exe accounts,C:\\WINDOWS\\system32\\net1 accounts,,3,92031,Discovery activity executed,[T1087],[Discovery],[Account Discovery]
3360,Normal,"May 9, 2025 @ 13:58:12.807",16,10.12.25.5,Windows11EWS,Microsoft-Windows-Sysmon/Operational,1,3668,,,,,,,NT AUTHORITY\\SYSTEM,net.exe accounts,C:\\WINDOWS\\system32\\net1 accounts,,3,92031,Discovery activity executed,[T1087],[Discovery],[Account Discovery]
3361,Normal,"May 9, 2025 @ 13:58:12.807",16,10.12.25.5,Windows11EWS,Microsoft-Windows-Sysmon/Operational,1,3668,,,,,,,NT AUTHORITY\\SYSTEM,,net.exe accounts,,3,92031,Discovery activity executed,[T1087],[Discovery],[Account Discovery]
3362,Normal,"May 9, 2025 @ 13:58:12.855",16,10.12.25.5,Windows11EWS,Microsoft-Windows-Sysmon/Operational,1,3668,,,,,,,NT AUTHORITY\\SYSTEM,,net.exe accounts,,3,92031,Discovery activity executed,[T1087],[Discovery],[Account Discovery]
3363,Normal,"May 9, 2025 @ 13:58:12.990",15,10.12.25.3,Windows11,Security,4688,4,,,,,,,,,"\""C:\\Program Files (x86)\\Microsoft\\EdgeUpdate\\MicrosoftEdgeUpdate.exe\"" /svc",,3,67027,A process was created.,,,
3364,Normal,"May 9, 2025 @ 13:58:13.035",16,10.12.25.5,Windows11EWS,Microsoft-Windows-Sysmon/Operational,1,3668,,,,,,,NT AUTHORITY\\SYSTEM,,net.exe accounts,,3,92031,Discovery activity executed,[T1087],[Discovery],[Account Discovery]
3365,Normal,"May 9, 2025 @ 13:58:13.035",16,10.12.25.5,Windows11EWS,Microsoft-Windows-Sysmon/Operational,1,3668,,,,,,,NT AUTHORITY\\SYSTEM,net.exe accounts,C:\\WINDOWS\\system32\\net1 accounts,,3,92031,Discovery activity executed,[T1087],[Discovery],[Account Discovery]
3366,Normal,"May 9, 2025 @ 13:58:13.036",16,10.12.25.5,Windows11EWS,Microsoft-Windows-Sysmon/Operational,1,3668,,,,,,,NT AUTHORITY\\SYSTEM,net.exe accounts,C:\\WINDOWS\\system32\\net1 accounts,,3,92031,Discovery activity executed,[T1087],[Discovery],[Account Discovery]
3367,Normal,"May 9, 2025 @ 13:58:13.036",16,10.12.25.5,Windows11EWS,Microsoft-Windows-Sysmon/Operational,1,3668,,,,,,,NT AUTHORITY\\SYSTEM,,net.exe accounts,,3,92031,Discovery activity executed,[T1087],[Discovery],[Account Discovery]
3368,Normal,"May 9, 2025 @ 13:58:13.074",16,10.12.25.5,Windows11EWS,Microsoft-Windows-Sysmon/Operational,1,3668,,,,,,,NT AUTHORITY\\SYSTEM,net.exe accounts,C:\\WINDOWS\\system32\\net1 accounts,,3,92031,Discovery activity executed,[T1087],[Discovery],[Account Discovery]
3369,Normal,"May 9, 2025 @ 13:58:13.112",16,10.12.25.5,Windows11EWS,Microsoft-Windows-Sysmon/Operational,1,3668,,,,,,,NT AUTHORITY\\SYSTEM,net user guest,C:\\WINDOWS\\system32\\net1 user guest,,3,92039,A net.exe account discovery command was initiated,[T1087],[Discovery],[Account Discovery]
3370,Normal,"May 9, 2025 @ 13:58:13.112",16,10.12.25.5,Windows11EWS,Microsoft-Windows-Sysmon/Operational,1,3668,,,,,,,NT AUTHORITY\\SYSTEM,,net user guest,,3,92039,A net.exe account discovery command was initiated,[T1087],[Discovery],[Account Discovery]
3371,Normal,"May 9, 2025 @ 13:58:13.113",16,10.12.25.5,Windows11EWS,Microsoft-Windows-Sysmon/Operational,1,3668,,,,,,,NT AUTHORITY\\SYSTEM,,net user guest,,3,92039,A net.exe account discovery command was initiated,[T1087],[Discovery],[Account Discovery]
3372,Normal,"May 9, 2025 @ 13:58:13.113",16,10.12.25.5,Windows11EWS,Microsoft-Windows-Sysmon/Operational,1,3668,,,,,,,NT AUTHORITY\\SYSTEM,net user guest,C:\\WINDOWS\\system32\\net1 user guest,,3,92039,A net.exe account discovery command was initiated,[T1087],[Discovery],[Account Discovery]
3373,Normal,"May 9, 2025 @ 13:58:13.114",16,10.12.25.5,Windows11EWS,Microsoft-Windows-Sysmon/Operational,1,3668,,,,,,,NT AUTHORITY\\SYSTEM,net user administrator,C:\\WINDOWS\\system32\\net1 user administrator,,3,92039,A net.exe account discovery command was initiated,[T1087],[Discovery],[Account Discovery]
3374,Normal,"May 9, 2025 @ 13:58:13.114",16,10.12.25.5,Windows11EWS,Microsoft-Windows-Sysmon/Operational,1,3668,,,,,,,NT AUTHORITY\\SYSTEM,,net user administrator,,3,92039,A net.exe account discovery command was initiated,[T1087],[Discovery],[Account Discovery]
3375,Normal,"May 9, 2025 @ 13:58:13.182",16,10.12.25.5,Windows11EWS,Microsoft-Windows-Sysmon/Operational,1,3668,,,,,,,NT AUTHORITY\\SYSTEM,,net user guest,,3,92039,A net.exe account discovery command was initiated,[T1087],[Discovery],[Account Discovery]
3376,Normal,"May 9, 2025 @ 13:58:13.188",16,10.12.25.5,Windows11EWS,Microsoft-Windows-Sysmon/Operational,1,3668,,,,,,,NT AUTHORITY\\SYSTEM,net user guest,C:\\WINDOWS\\system32\\net1 user guest,,3,92039,A net.exe account discovery command was initiated,[T1087],[Discovery],[Account Discovery]
3377,Normal,"May 9, 2025 @ 13:58:13.196",16,10.12.25.5,Windows11EWS,Security,4624,960,,Negotiate,Advapi,,,,,,,,3,60106,Windows Logon Success,[T1078],"[Defense Evasion, Persistence, Privilege Escalation, Initial Access]",[Valid Accounts]
3378,Normal,"May 9, 2025 @ 13:58:13.196",16,10.12.25.5,Windows11EWS,Security,4688,4,,,,,,,,,C:\\WINDOWS\\servicing\\TrustedInstaller.exe,,3,67027,A process was created.,,,
3379,Normal,"May 9, 2025 @ 13:58:14.705",16,10.12.25.5,Windows11EWS,Security,4624,960,,Negotiate,Advapi,,,,,,,,3,60106,Windows Logon Success,[T1078],"[Defense Evasion, Persistence, Privilege Escalation, Initial Access]",[Valid Accounts]
3380,Normal,"May 9, 2025 @ 13:58:14.718",16,10.12.25.5,Windows11EWS,Security,4688,4,,,,,,,,,C:\\WINDOWS\\System32\\svchost.exe -k LocalSystemNetworkRestricted -p,,3,67027,A process was created.,,,
3381,Normal,"May 9, 2025 @ 13:58:14.811",16,10.12.25.5,Windows11EWS,Security,4688,4,,,,,,,,,"\""C:\\WINDOWS\\system32\\dxgiadaptercache.exe\""",,3,67027,A process was created.,,,
3382,Normal,"May 9, 2025 @ 13:58:14.815",16,10.12.25.5,Windows11EWS,Security,4688,4,,,,,,,,,C:\\WINDOWS\\winsxs\\amd64_microsoft-windows-servicingstack_31bf3856ad364e35_10.0.26100.3764_none_a5067b2d776484b6\\TiWorker.exe -Embedding,,3,67027,A process was created.,,,
3383,Normal,"May 9, 2025 @ 13:58:18.346",16,10.12.25.5,Windows11EWS,Microsoft-Windows-Windows Defender/Operational,5007,3880,,,,,,,,,,,5,62154,Windows Defender: Antimalware platform feature configuration changed,,,
3384,Normal,"May 9, 2025 @ 13:58:18.347",16,10.12.25.5,Windows11EWS,Microsoft-Windows-Windows Defender/Operational,5007,3880,,,,,,,,,,,5,62154,Windows Defender: Antimalware platform feature configuration changed,,,
3385,Normal,"May 9, 2025 @ 13:58:18.416",16,10.12.25.5,Windows11EWS,Microsoft-Windows-Windows Defender/Operational,5007,3880,,,,,,,,,,,5,62154,Windows Defender: Antimalware platform feature configuration changed,,,
3386,Normal,"May 9, 2025 @ 13:58:18.739",15,10.12.25.3,Windows11,Security,4688,4,,,,,,,,,"\""C:\\Program Files (x86)\\Microsoft\\EdgeUpdate\\MicrosoftEdgeUpdate.exe\"" /c",,3,67027,A process was created.,,,
3387,Normal,"May 9, 2025 @ 13:58:18.835",15,10.12.25.3,Windows11,Security,4624,888,,Negotiate,Advapi,,,,,,,,3,60106,Windows Logon Success,[T1078],"[Defense Evasion, Persistence, Privilege Escalation, Initial Access]",[Valid Accounts]
3388,Normal,"May 9, 2025 @ 13:58:18.885",15,10.12.25.3,Windows11,Security,4688,4,,,,,,,,,C:\\WINDOWS\\system32\\svchost.exe -k InvSvcGroup -p,,3,67027,A process was created.,,,
3389,Normal,"May 9, 2025 @ 13:58:19.526",16,10.12.25.5,Windows11EWS,Security,4688,4,,,,,,,,,"\""C:\\ProgramData\\Microsoft\\Windows Defender\\Platform\\4.18.25030.2-0\\NisSrv.exe\""",,3,67027,A process was created.,,,
3390,Normal,"May 9, 2025 @ 13:58:19.527",16,10.12.25.5,Windows11EWS,Microsoft-Windows-Windows Defender/Operational,5007,3880,,,,,,,,,,,5,62154,Windows Defender: Antimalware platform feature configuration changed,,,
3391,Normal,"May 9, 2025 @ 13:58:20.679",15,10.12.25.3,Windows11,Security,4688,4,,,,,,,,,C:\\WINDOWS\\System32\\svchost.exe -k NetworkService -p,,3,67027,A process was created.,,,
3392,Normal,"May 9, 2025 @ 13:58:20.696",15,10.12.25.3,Windows11,Security,4688,4,,,,,,,,,"\""C:\\Program Files (x86)\\Microsoft\\EdgeUpdate\\MicrosoftEdgeUpdate.exe\"" /ua /installsource core",,3,67027,A process was created.,,,
3393,Normal,"May 9, 2025 @ 13:58:24.197",15,10.12.25.3,Windows11,Security,4688,4,,,,,,,,,C:\\WINDOWS\\system32\\sppsvc.exe,,3,67027,A process was created.,,,
3394,Normal,"May 9, 2025 @ 13:58:26.879",16,10.12.25.5,Windows11EWS,Application,86,2028,,,,,,,,,,,9,60602,Windows application error event.,,,
3395,Normal,"May 9, 2025 @ 13:58:26.947",16,10.12.25.5,Windows11EWS,Application,86,2028,,,,,,,,,,,9,60602,Windows application error event.,,,
3396,Normal,"May 9, 2025 @ 13:58:27.715",16,10.12.25.5,Windows11EWS,Application,86,2028,,,,,,,,,,,9,60602,Windows application error event.,,,
3397,Normal,"May 9, 2025 @ 13:58:28.527",15,10.12.25.3,Windows11,Security,4624,888,,Negotiate,Advapi,,,,,,,,3,60106,Windows Logon Success,[T1078],"[Defense Evasion, Persistence, Privilege Escalation, Initial Access]",[Valid Accounts]
3398,Normal,"May 9, 2025 @ 13:58:28.617",15,10.12.25.3,Windows11,Security,4688,4,,,,,,,,,C:\\WINDOWS\\system32\\svchost.exe -k wusvcs -p,,3,67027,A process was created.,,,
3399,Normal,"May 9, 2025 @ 13:58:28.617",15,10.12.25.3,Windows11,Security,4688,4,,,,,,,,,C:\\WINDOWS\\system32\\svchost.exe -k LocalService,,3,67027,A process was created.,,,
3400,Normal,"May 9, 2025 @ 13:58:28.621",15,10.12.25.3,Windows11,Security,4688,4,,,,,,,,,"\""C:\\WINDOWS\\uus\\packages\\preview\\AMD64\\MoUsoCoreWorker.exe\"" useprivatenamespaces",,3,67027,A process was created.,,,
3401,Normal,"May 9, 2025 @ 13:58:31.423",15,10.12.25.3,Windows11,Security,4688,4,,,,,,,,,C:\\WINDOWS\\System32\\svchost.exe -k LocalServiceNetworkRestricted -p,,3,67027,A process was created.,,,
3402,Normal,"May 9, 2025 @ 13:58:31.446",15,10.12.25.3,Windows11,Security,4624,888,,Negotiate,Advapi,,,,,,,,3,60106,Windows Logon Success,[T1078],"[Defense Evasion, Persistence, Privilege Escalation, Initial Access]",[Valid Accounts]
3403,Normal,"May 9, 2025 @ 13:58:31.481",15,10.12.25.3,Windows11,Security,4688,4,,,,,,,,,C:\\WINDOWS\\system32\\SearchIndexer.exe /Embedding,,3,67027,A process was created.,,,
3404,Normal,"May 9, 2025 @ 13:58:32.998",15,10.12.25.3,Windows11,Application,1003,4040,,,,,,,,,,,3,60668,The Windows search service started.,,,
3405,Normal,"May 9, 2025 @ 13:58:43.550",16,10.12.25.5,Windows11EWS,Microsoft-Windows-Windows Defender/Operational,5007,3880,,,,,,,,,,,5,62154,Windows Defender: Antimalware platform feature configuration changed,,,
3406,Normal,"May 9, 2025 @ 13:58:43.550",16,10.12.25.5,Windows11EWS,Microsoft-Windows-Windows Defender/Operational,5007,3880,,,,,,,,,,,5,62154,Windows Defender: Antimalware platform feature configuration changed,,,
3407,Normal,"May 9, 2025 @ 13:58:50.428",16,10.12.25.5,Windows11EWS,Security,4624,960,,Negotiate,Advapi,,,,,,,,3,60106,Windows Logon Success,[T1078],"[Defense Evasion, Persistence, Privilege Escalation, Initial Access]",[Valid Accounts]
3408,Normal,"May 9, 2025 @ 13:58:50.429",16,10.12.25.5,Windows11EWS,Security,4688,4,,,,,,,,,C:\\WINDOWS\\System32\\svchost.exe -k WerSvcGroup,,3,67027,A process was created.,,,
3409,Normal,"May 9, 2025 @ 13:58:52.192",16,10.12.25.5,Windows11EWS,Application,1001,936,,,,,,,,,,,4,60608,Summary event of the report's signatures.,,,
3410,Normal,"May 9, 2025 @ 13:58:52.197",16,10.12.25.5,Windows11EWS,Application,1001,4012,,,,,,,,,,,4,60608,Summary event of the report's signatures.,,,
3411,Normal,"May 9, 2025 @ 13:58:52.206",16,10.12.25.5,Windows11EWS,Security,4688,4,,,,,,,,,"\""C:\\WINDOWS\\system32\\wermgr.exe\"" -upload",,3,67027,A process was created.,,,
3412,Normal,"May 9, 2025 @ 13:58:54.425",15,10.12.25.3,Windows11,Application,1001,4484,,,,,,,,,,,4,60608,Summary event of the report's signatures.,,,
3413,Normal,"May 9, 2025 @ 13:58:54.426",15,10.12.25.3,Windows11,Security,4688,4,,,,,,,,,taskhostw.exe,,3,67027,A process was created.,,,
3414,Normal,"May 9, 2025 @ 13:58:54.427",15,10.12.25.3,Windows11,Security,4688,4,,,,,,,,,"\""C:\\WINDOWS\\system32\\wermgr.exe\"" -upload",,3,67027,A process was created.,,,
3415,Normal,"May 9, 2025 @ 13:58:59.900",15,10.12.25.3,Windows11,Application,16384,1508,,,,,,,,,,,3,60642,Software protection service scheduled successfully.,,,
3416,Normal,"May 9, 2025 @ 13:59:59.911",15,10.12.25.3,Windows11,Security,4688,4,,,,,,,,,taskhostw.exe,,3,67027,A process was created.,,,
3417,Normal,"May 9, 2025 @ 14:00:00.197",15,10.12.25.3,Windows11,Security,4688,4,,,,,,,,,"\""C:\\WINDOWS\\system32\\sc.exe\"" start pushtoinstall registration",,3,67027,A process was created.,,,
3418,Normal,"May 9, 2025 @ 14:00:00.198",15,10.12.25.3,Windows11,Security,4688,4,,,,,,,,,\\??\\C:\\WINDOWS\\system32\\conhost.exe 0xffffffff -ForceV1,,3,67027,A process was created.,,,
3419,Normal,"May 9, 2025 @ 14:00:03.472",15,10.12.25.3,Windows11,Security,4688,4,,,,,,,,,C:\\WINDOWS\\system32\\sppsvc.exe,,3,67027,A process was created.,,,
3420,Normal,"May 9, 2025 @ 14:00:03.521",15,10.12.25.3,Windows11,Security,4688,4,,,,,,,,,wmiadap.exe /F /T /R,,3,67027,A process was created.,,,
3421,Normal,"May 9, 2025 @ 14:00:04.865",15,10.12.25.3,Windows11,Security,4624,888,,Negotiate,Advapi,,,,,,,,3,60106,Windows Logon Success,[T1078],"[Defense Evasion, Persistence, Privilege Escalation, Initial Access]",[Valid Accounts]
3422,Normal,"May 9, 2025 @ 14:00:04.865",15,10.12.25.3,Windows11,Security,4688,4,,,,,,,,,C:\\WINDOWS\\system32\\svchost.exe -k osprivacy -p,,3,67027,A process was created.,,,
3423,Normal,"May 9, 2025 @ 14:00:10.219",15,10.12.25.3,Windows11,Security,4624,888,,Negotiate,User32,127.0.0.1,,,,,,,3,60118,Windows Workstation Logon Success,[T1078],"[Defense Evasion, Persistence, Privilege Escalation, Initial Access]",[Valid Accounts]
3424,Normal,"May 9, 2025 @ 14:00:10.248",15,10.12.25.3,Windows11,Security,4624,888,,Negotiate,User32,127.0.0.1,,,,,,,3,60118,Windows Workstation Logon Success,[T1078],"[Defense Evasion, Persistence, Privilege Escalation, Initial Access]",[Valid Accounts]
3425,Normal,"May 9, 2025 @ 14:00:10.251",15,10.12.25.3,Windows11,Security,4672,888,,,,,,,,,,,3,67028,Special privileges assigned to new logon.,[T1484],"[Defense Evasion, Privilege Escalation]",[Domain Policy Modification]
3426,Normal,"May 9, 2025 @ 14:00:10.253",15,10.12.25.3,Windows11,Security,4688,4,,,,,,,,,C:\\WINDOWS\\system32\\svchost.exe -k WebThreatDefense -p,,3,67027,A process was created.,,,
3427,Normal,"May 9, 2025 @ 14:00:10.265",15,10.12.25.3,Windows11,Security,4673,4,,,,,,,,,,,4,60107,Failed attempt to perform a privileged operation,[T1078],"[Defense Evasion, Persistence, Privilege Escalation, Initial Access]",[Valid Accounts]
3428,Normal,"May 9, 2025 @ 14:00:11.671",15,10.12.25.3,Windows11,Security,4624,888,,Negotiate,Advapi,,,,,,,,3,60106,Windows Logon Success,[T1078],"[Defense Evasion, Persistence, Privilege Escalation, Initial Access]",[Valid Accounts]
3429,Normal,"May 9, 2025 @ 14:00:11.823",15,10.12.25.3,Windows11,Microsoft-Windows-Sysmon/Operational,13,3088,,,,,,,NT AUTHORITY\\SYSTEM,,,,3,92307,Evidence of new service creation found in registry under HKLM\\System\\CurrentControlSet\\Services\\AarSvc_11057d\\ImagePath binary is: C:\\WINDOWS\\system32\\svchost.exe -k AarSvcGroup -p,[T1543.003],"[Persistence, Privilege Escalation]",[Windows Service]
3430,Normal,"May 9, 2025 @ 14:00:11.824",15,10.12.25.3,Windows11,Security,4688,4,,,,,,,,,C:\\WINDOWS\\System32\\svchost.exe -k CameraMonitor,,3,67027,A process was created.,,,
3431,Normal,"May 9, 2025 @ 14:00:11.898",15,10.12.25.3,Windows11,Microsoft-Windows-Sysmon/Operational,13,3088,,,,,,,NT AUTHORITY\\SYSTEM,,,,3,92307,Evidence of new service creation found in registry under HKLM\\System\\CurrentControlSet\\Services\\BcastDVRUserService_11057d\\ImagePath binary is: C:\\WINDOWS\\system32\\svchost.exe -k BcastDVRUserService,[T1543.003],"[Persistence, Privilege Escalation]",[Windows Service]
3432,Normal,"May 9, 2025 @ 14:00:11.923",15,10.12.25.3,Windows11,Security,4674,4,,,,,,,,,,,5,60104,Windows audit failure event,,,
3433,Normal,"May 9, 2025 @ 14:00:11.956",15,10.12.25.3,Windows11,Security,4688,4,,,,,,,,,sihost.exe,,3,67027,A process was created.,,,
3434,Normal,"May 9, 2025 @ 14:00:11.956",15,10.12.25.3,Windows11,Microsoft-Windows-Sysmon/Operational,13,3088,,,,,,,NT AUTHORITY\\SYSTEM,,,,3,92307,Evidence of new service creation found in registry under HKLM\\System\\CurrentControlSet\\Services\\BluetoothUserService_11057d\\ImagePath binary is: C:\\WINDOWS\\system32\\svchost.exe -k BthAppGroup -p,[T1543.003],"[Persistence, Privilege Escalation]",[Windows Service]
3435,Normal,"May 9, 2025 @ 14:00:11.994",15,10.12.25.3,Windows11,Security,4688,4,,,,,,,,,C:\\WINDOWS\\system32\\svchost.exe -k UnistackSvcGroup,,3,67027,A process was created.,,,
3436,Normal,"May 9, 2025 @ 14:00:12.116",15,10.12.25.3,Windows11,Security,4688,4,,,,,,,,,C:\\WINDOWS\\system32\\svchost.exe -k LocalSystemNetworkRestricted -p,,3,67027,A process was created.,,,
3437,Normal,"May 9, 2025 @ 14:00:12.122",15,10.12.25.3,Windows11,Microsoft-Windows-Sysmon/Operational,13,3088,,,,,,,NT AUTHORITY\\SYSTEM,,,,3,92307,Evidence of new service creation found in registry under HKLM\\System\\CurrentControlSet\\Services\\CaptureService_11057d\\ImagePath binary is: C:\\WINDOWS\\system32\\svchost.exe -k LocalService -p,[T1543.003],"[Persistence, Privilege Escalation]",[Windows Service]
