588,Normal,"May 9, 2025 @ 11:21:54.819",16,10.12.25.5,Windows11EWS,Microsoft-Windows-Sysmon/Operational,1,4416,,,,,,,NT AUTHORITY\\SYSTEM,"\""C:\\Program Files (x86)\\ossec-agent\\wazuh-agent.exe\""",net.exe accounts,,3,92031,Discovery activity executed,[T1087],[Discovery],[Account Discovery]
589,Normal,"May 9, 2025 @ 11:21:54.820",16,10.12.25.5,Windows11EWS,Security,4688,4,,,,,,,,,net.exe accounts,,3,67027,A process was created.,,,
590,Normal,"May 9, 2025 @ 11:21:54.823",16,10.12.25.5,Windows11EWS,Security,4688,4,,,,,,,,,C:\\WINDOWS\\system32\\DllHost.exe /Processid:{133EAC4F-5891-4D04-BADA-D84870380A80},,3,67027,A process was created.,,,
591,Normal,"May 9, 2025 @ 11:21:54.837",16,10.12.25.5,Windows11EWS,Microsoft-Windows-Sysmon/Operational,1,4416,,,,,,,NT AUTHORITY\\SYSTEM,net.exe accounts,C:\\WINDOWS\\system32\\net1 accounts,,3,92031,Discovery activity executed,[T1087],[Discovery],[Account Discovery]
592,Normal,"May 9, 2025 @ 11:21:54.845",16,10.12.25.5,Windows11EWS,Security,4688,4,,,,,,,,,\\??\\C:\\WINDOWS\\system32\\conhost.exe 0xffffffff -ForceV1,,3,67027,A process was created.,,,
593,Normal,"May 9, 2025 @ 11:21:54.904",16,10.12.25.5,Windows11EWS,Security,4688,4,,,,,,,,,C:\\WINDOWS\\system32\\net1 accounts,,3,67027,A process was created.,,,
594,Normal,"May 9, 2025 @ 11:21:54.905",16,10.12.25.5,Windows11EWS,Security,4688,4,,,,,,,,,net.exe accounts,,3,67027,A process was created.,,,
595,Normal,"May 9, 2025 @ 11:21:54.907",16,10.12.25.5,Windows11EWS,Security,4688,4,,,,,,,,,C:\\WINDOWS\\system32\\net1 accounts,,3,67027,A process was created.,,,
596,Normal,"May 9, 2025 @ 11:21:54.908",16,10.12.25.5,Windows11EWS,Security,4688,4,,,,,,,,,C:\\Windows\\System32\\RuntimeBroker.exe -Embedding,,3,67027,A process was created.,,,
597,Normal,"May 9, 2025 @ 11:21:54.920",16,10.12.25.5,Windows11EWS,Security,4688,4,,,,,,,,,\\??\\C:\\WINDOWS\\system32\\conhost.exe 0xffffffff -ForceV1,,3,67027,A process was created.,,,
598,Normal,"May 9, 2025 @ 11:21:54.923",16,10.12.25.5,Windows11EWS,Security,4688,4,,,,,,,,,net.exe accounts,,3,67027,A process was created.,,,
599,Normal,"May 9, 2025 @ 11:21:54.925",16,10.12.25.5,Windows11EWS,Security,4688,4,,,,,,,,,\\??\\C:\\WINDOWS\\system32\\conhost.exe 0xffffffff -ForceV1,,3,67027,A process was created.,,,
600,Normal,"May 9, 2025 @ 11:21:54.944",16,10.12.25.5,Windows11EWS,Security,4688,4,,,,,,,,,C:\\WINDOWS\\system32\\net1 accounts,,3,67027,A process was created.,,,
601,Normal,"May 9, 2025 @ 11:21:55.344",16,10.12.25.5,Windows11EWS,Application,16384,8532,,,,,,,,,,,3,60642,Software protection service scheduled successfully.,,,
602,Normal,"May 9, 2025 @ 11:21:55.751",16,10.12.25.5,Windows11EWS,Microsoft-Windows-Sysmon/Operational,1,4416,,,,,,,NT AUTHORITY\\SYSTEM,"\""C:\\Program Files (x86)\\ossec-agent\\wazuh-agent.exe\""",net.exe accounts,,3,92031,Discovery activity executed,[T1087],[Discovery],[Account Discovery]
603,Normal,"May 9, 2025 @ 11:21:55.751",16,10.12.25.5,Windows11EWS,Security,4688,4,,,,,,,,,net.exe accounts,,3,67027,A process was created.,,,
604,Normal,"May 9, 2025 @ 11:21:55.752",16,10.12.25.5,Windows11EWS,Security,4688,4,,,,,,,,,\\??\\C:\\WINDOWS\\system32\\conhost.exe 0xffffffff -ForceV1,,3,67027,A process was created.,,,
605,Normal,"May 9, 2025 @ 11:21:55.794",16,10.12.25.5,Windows11EWS,Microsoft-Windows-Sysmon/Operational,1,4416,,,,,,,NT AUTHORITY\\SYSTEM,net.exe accounts,C:\\WINDOWS\\system32\\net1 accounts,,3,92031,Discovery activity executed,[T1087],[Discovery],[Account Discovery]
606,Normal,"May 9, 2025 @ 11:21:55.842",16,10.12.25.5,Windows11EWS,Security,4688,4,,,,,,,,,C:\\WINDOWS\\system32\\net1 accounts,,3,67027,A process was created.,,,
607,Normal,"May 9, 2025 @ 11:21:55.848",16,10.12.25.5,Windows11EWS,Microsoft-Windows-Sysmon/Operational,1,4416,,,,,,,NT AUTHORITY\\SYSTEM,"\""C:\\Program Files (x86)\\ossec-agent\\wazuh-agent.exe\""",net.exe accounts,,3,92031,Discovery activity executed,[T1087],[Discovery],[Account Discovery]
608,Normal,"May 9, 2025 @ 11:21:55.854",16,10.12.25.5,Windows11EWS,Security,4688,4,,,,,,,,,net.exe accounts,,3,67027,A process was created.,,,
609,Normal,"May 9, 2025 @ 11:21:55.882",16,10.12.25.5,Windows11EWS,Microsoft-Windows-Sysmon/Operational,1,4416,,,,,,,NT AUTHORITY\\SYSTEM,net.exe accounts,C:\\WINDOWS\\system32\\net1 accounts,,3,92031,Discovery activity executed,[T1087],[Discovery],[Account Discovery]
610,Normal,"May 9, 2025 @ 11:21:55.886",16,10.12.25.5,Windows11EWS,Security,4688,4,,,,,,,,,\\??\\C:\\WINDOWS\\system32\\conhost.exe 0xffffffff -ForceV1,,3,67027,A process was created.,,,
611,Normal,"May 9, 2025 @ 11:21:55.887",16,10.12.25.5,Windows11EWS,Security,4688,4,,,,,,,,,"\""C:\\Program Files\\Common Files\\Siemens\\Automation\\Simatic OAM\\bin\\TC.exe\"" -flush",,3,67027,A process was created.,,,
612,Normal,"May 9, 2025 @ 11:21:56.024",16,10.12.25.5,Windows11EWS,Security,4688,4,,,,,,,,,C:\\WINDOWS\\system32\\net1 accounts,,3,67027,A process was created.,,,
613,Normal,"May 9, 2025 @ 11:21:56.025",16,10.12.25.5,Windows11EWS,Security,4688,4,,,,,,,,,C:\\Windows\\System32\\oobe\\UserOOBEBroker.exe -Embedding,,3,67027,A process was created.,,,
614,Normal,"May 9, 2025 @ 11:21:56.031",16,10.12.25.5,Windows11EWS,Security,4776,932,,,,,,,,,,,5,60104,Windows audit failure event,,,
615,Normal,"May 9, 2025 @ 11:21:57.193",16,10.12.25.5,Windows11EWS,Security,4625,932,,Negotiate,User32,127.0.0.1,,,,,,,5,60122,Logon Failure - Unknown user or bad password,[T1531],[Impact],[Account Access Removal]
616,Normal,"May 9, 2025 @ 11:21:57.194",16,10.12.25.5,Windows11EWS,Security,4673,4,,,,,,,,,,,4,60107,Failed attempt to perform a privileged operation,[T1078],"[Defense Evasion, Persistence, Privilege Escalation, Initial Access]",[Valid Accounts]
617,Normal,"May 9, 2025 @ 11:21:57.195",16,10.12.25.5,Windows11EWS,Security,4673,4,,,,,,,,,,,4,60107,Failed attempt to perform a privileged operation,[T1078],"[Defense Evasion, Persistence, Privilege Escalation, Initial Access]",[Valid Accounts]
618,Normal,"May 9, 2025 @ 11:21:57.197",16,10.12.25.5,Windows11EWS,Security,4688,4,,,,,,,,,net user guest,,3,67027,A process was created.,,,
619,Normal,"May 9, 2025 @ 11:21:57.199",16,10.12.25.5,Windows11EWS,Security,4688,4,,,,,,,,,\\??\\C:\\WINDOWS\\system32\\conhost.exe 0xffffffff -ForceV1,,3,67027,A process was created.,,,
620,Normal,"May 9, 2025 @ 11:21:57.275",16,10.12.25.5,Windows11EWS,Microsoft-Windows-Sysmon/Operational,1,4416,,,,,,,NT AUTHORITY\\SYSTEM,"\""C:\\Program Files (x86)\\ossec-agent\\wazuh-agent.exe\""",net user guest,,3,92039,A net.exe account discovery command was initiated,[T1087],[Discovery],[Account Discovery]
621,Normal,"May 9, 2025 @ 11:21:57.276",16,10.12.25.5,Windows11EWS,Security,4688,4,,,,,,,,,"\""C:\\Users\\Engineer\\AppData\\Local\\Microsoft\\OneDrive\\25.065.0406.0002\\FileCoAuth.exe\"" -Embedding",,3,67027,A process was created.,,,
622,Normal,"May 9, 2025 @ 11:21:58.123",16,10.12.25.5,Windows11EWS,Security,4688,4,,,,,,,,,"\""C:\\ProgramData\\Microsoft\\Windows Defender\\Platform\\4.18.25030.2-0\\MpCmdRun.exe\"" SignatureUpdate -ScheduleJob -RestrictPrivileges",,3,67027,A process was created.,,,
623,Normal,"May 9, 2025 @ 11:21:58.123",16,10.12.25.5,Windows11EWS,Security,4673,4,,,,,,,,,,,4,60107,Failed attempt to perform a privileged operation,[T1078],"[Defense Evasion, Persistence, Privilege Escalation, Initial Access]",[Valid Accounts]
624,Normal,"May 9, 2025 @ 11:21:58.124",16,10.12.25.5,Windows11EWS,Security,4688,4,,,,,,,,,\\??\\C:\\WINDOWS\\system32\\conhost.exe 0xffffffff -ForceV1,,3,67027,A process was created.,,,
625,Normal,"May 9, 2025 @ 11:21:58.124",16,10.12.25.5,Windows11EWS,Security,4688,4,,,,,,,,,C:\\WINDOWS\\system32\\net1 user guest,,3,67027,A process was created.,,,
626,Normal,"May 9, 2025 @ 11:21:58.575",16,10.12.25.5,Windows11EWS,Microsoft-Windows-Sysmon/Operational,1,4416,,,,,,,NT AUTHORITY\\SYSTEM,net user guest,C:\\WINDOWS\\system32\\net1 user guest,,3,92039,A net.exe account discovery command was initiated,[T1087],[Discovery],[Account Discovery]
627,Normal,"May 9, 2025 @ 11:21:59.033",16,10.12.25.5,Windows11EWS,Security,4673,4,,,,,,,,,,,4,60107,Failed attempt to perform a privileged operation,[T1078],"[Defense Evasion, Persistence, Privilege Escalation, Initial Access]",[Valid Accounts]
628,Normal,"May 9, 2025 @ 11:21:59.034",16,10.12.25.5,Windows11EWS,Security,4688,4,,,,,,,,,"\""C:\\WINDOWS\\system32\\BackgroundTaskHost.exe\"" -ServerName:BackgroundTaskHost.WebAccountProvider",,3,67027,A process was created.,,,
629,Normal,"May 9, 2025 @ 11:21:59.035",16,10.12.25.5,Windows11EWS,Security,4688,4,,,,,,,,,net user guest,,3,67027,A process was created.,,,
630,Normal,"May 9, 2025 @ 11:21:59.040",16,10.12.25.5,Windows11EWS,Security,4688,4,,,,,,,,,\\??\\C:\\WINDOWS\\system32\\conhost.exe 0xffffffff -ForceV1,,3,67027,A process was created.,,,
631,Normal,"May 9, 2025 @ 11:21:59.041",16,10.12.25.5,Windows11EWS,Security,4688,4,,,,,,,,,C:\\WINDOWS\\system32\\net1 user guest,,3,67027,A process was created.,,,
632,Normal,"May 9, 2025 @ 11:21:59.197",16,10.12.25.5,Windows11EWS,Security,4688,4,,,,,,,,,C:\\Windows\\System32\\RuntimeBroker.exe -Embedding,,3,67027,A process was created.,,,
633,Normal,"May 9, 2025 @ 11:21:59.272",16,10.12.25.5,Windows11EWS,Microsoft-Windows-Sysmon/Operational,1,4416,,,,,,,NT AUTHORITY\\SYSTEM,"\""C:\\Program Files (x86)\\ossec-agent\\wazuh-agent.exe\""",net user guest,,3,92039,A net.exe account discovery command was initiated,[T1087],[Discovery],[Account Discovery]
634,Normal,"May 9, 2025 @ 11:21:59.280",16,10.12.25.5,Windows11EWS,Microsoft-Windows-Sysmon/Operational,1,4416,,,,,,,NT AUTHORITY\\SYSTEM,"\""C:\\Program Files (x86)\\ossec-agent\\wazuh-agent.exe\""",net user administrator,,3,92039,A net.exe account discovery command was initiated,[T1087],[Discovery],[Account Discovery]
635,Normal,"May 9, 2025 @ 11:21:59.284",16,10.12.25.5,Windows11EWS,Microsoft-Windows-Sysmon/Operational,1,4416,,,,,,,NT AUTHORITY\\SYSTEM,net user guest,C:\\WINDOWS\\system32\\net1 user guest,,3,92039,A net.exe account discovery command was initiated,[T1087],[Discovery],[Account Discovery]
636,Normal,"May 9, 2025 @ 11:21:59.653",16,10.12.25.5,Windows11EWS,Microsoft-Windows-Windows Defender/Operational,5007,4076,,,,,,,,,,,5,62154,Windows Defender: Antimalware platform feature configuration changed,,,
637,Normal,"May 9, 2025 @ 11:21:59.664",16,10.12.25.5,Windows11EWS,Microsoft-Windows-Windows Defender/Operational,5007,4076,,,,,,,,,,,5,62154,Windows Defender: Antimalware platform feature configuration changed,,,
638,Normal,"May 9, 2025 @ 11:21:59.667",16,10.12.25.5,Windows11EWS,Microsoft-Windows-Windows Defender/Operational,5007,4076,,,,,,,,,,,5,62154,Windows Defender: Antimalware platform feature configuration changed,,,
639,Normal,"May 9, 2025 @ 11:22:00.229",16,10.12.25.5,Windows11EWS,Security,4688,4,,,,,,,,,net user administrator,,3,67027,A process was created.,,,
640,Normal,"May 9, 2025 @ 11:22:00.321",16,10.12.25.5,Windows11EWS,Security,4688,4,,,,,,,,,\\??\\C:\\WINDOWS\\system32\\conhost.exe 0xffffffff -ForceV1,,3,67027,A process was created.,,,
641,Normal,"May 9, 2025 @ 11:22:00.461",16,10.12.25.5,Windows11EWS,Security,4688,4,,,,,,,,,"\""C:\\Program Files\\Common Files\\Siemens\\Automation\\Simatic OAM\\bin\\TC.exe\"" -flush",,3,67027,A process was created.,,,
642,Normal,"May 9, 2025 @ 11:22:00.481",16,10.12.25.5,Windows11EWS,Security,4688,4,,,,,,,,,"\""C:\\Program Files (x86)\\Microsoft\\Edge\\Application\\msedge.exe\"" --default-search-provider=? --out-pipe-name=MSEdgeDefaultc1936047h0c57h43c9h9367h02553fa25a88",,3,67027,A process was created.,,,
643,Normal,"May 9, 2025 @ 11:22:00.554",16,10.12.25.5,Windows11EWS,Security,4688,4,,,,,,,,,"\""C:\\ProgramData\\Microsoft\\Windows Defender\\Platform\\4.18.25030.2-0\\MpCmdRun.exe\"" SignaturesUpdateService -ScheduleJob -UnmanagedUpdate",,3,67027,A process was created.,,,
644,Normal,"May 9, 2025 @ 11:22:00.630",16,10.12.25.5,Windows11EWS,Security,4624,932,,Negotiate,User32,127.0.0.1,,,,,,,3,60118,Windows Workstation Logon Success,[T1078],"[Defense Evasion, Persistence, Privilege Escalation, Initial Access]",[Valid Accounts]
645,Normal,"May 9, 2025 @ 11:22:00.860",16,10.12.25.5,Windows11EWS,Security,4673,4,,,,,,,,,,,4,60107,Failed attempt to perform a privileged operation,[T1078],"[Defense Evasion, Persistence, Privilege Escalation, Initial Access]",[Valid Accounts]
646,Normal,"May 9, 2025 @ 11:22:00.962",16,10.12.25.5,Windows11EWS,Security,4624,932,,Negotiate,Advapi,,,,,,,,3,60106,Windows Logon Success,[T1078],"[Defense Evasion, Persistence, Privilege Escalation, Initial Access]",[Valid Accounts]
647,Normal,"May 9, 2025 @ 11:22:01.106",16,10.12.25.5,Windows11EWS,Security,4688,4,,,,,,,,,C:\\WINDOWS\\System32\\svchost.exe -k CameraMonitor,,3,67027,A process was created.,,,
648,Normal,"May 9, 2025 @ 11:22:01.438",16,10.12.25.5,Windows11EWS,Security,4688,4,,,,,,,,,taskhostw.exe KEYROAMING,,3,67027,A process was created.,,,
649,Normal,"May 9, 2025 @ 11:22:01.441",16,10.12.25.5,Windows11EWS,Microsoft-Windows-Windows Defender/Operational,5007,4076,,,,,,,,,,,5,62154,Windows Defender: Antimalware platform feature configuration changed,,,
650,Normal,"May 9, 2025 @ 11:22:01.442",16,10.12.25.5,Windows11EWS,Security,4688,4,,,,,,,,,\\??\\C:\\WINDOWS\\system32\\conhost.exe 0xffffffff -ForceV1,,3,67027,A process was created.,,,
651,Normal,"May 9, 2025 @ 11:22:01.444",16,10.12.25.5,Windows11EWS,Microsoft-Windows-Windows Defender/Operational,5007,4076,,,,,,,,,,,5,62154,Windows Defender: Antimalware platform feature configuration changed,,,
652,Normal,"May 9, 2025 @ 11:22:02.123",16,10.12.25.5,Windows11EWS,Security,4688,4,,,,,,,,,"\""C:\\ProgramData\\Microsoft\\Windows Defender\\Platform\\4.18.25030.2-0\\NisSrv.exe\""",,3,67027,A process was created.,,,
653,Normal,"May 9, 2025 @ 11:22:03.570",15,10.12.25.3,Windows11,Security,4688,4,,,,,,,,,"\""C:\\Program Files (x86)\\Microsoft\\EdgeUpdate\\MicrosoftEdgeUpdate.exe\"" /ua /installsource scheduler",,3,67027,A process was created.,,,
654,Normal,"May 9, 2025 @ 11:22:08.541",16,10.12.25.5,Windows11EWS,Security,4688,4,,,,,,,,,C:\\WINDOWS\\system32\\net1 user administrator,,3,67027,A process was created.,,,
655,Normal,"May 9, 2025 @ 11:22:08.548",16,10.12.25.5,Windows11EWS,Security,4688,4,,,,,,,,,"\""C:\\Program Files\\Common Files\\Siemens\\Automation\\Simatic OAM\\bin\\TC.exe\"" -flush",,3,67027,A process was created.,,,
656,Normal,"May 9, 2025 @ 11:22:08.978",16,10.12.25.5,Windows11EWS,Microsoft-Windows-Sysmon/Operational,1,4416,,,,,,,NT AUTHORITY\\SYSTEM,net user administrator,C:\\WINDOWS\\system32\\net1 user administrator,,3,92039,A net.exe account discovery command was initiated,[T1087],[Discovery],[Account Discovery]
657,Normal,"May 9, 2025 @ 11:22:12.788",16,10.12.25.5,Windows11EWS,Security,4688,4,,,,,,,,,"\""C:\\Program Files (x86)\\Microsoft\\Edge\\Application\\msedge.exe\"" --type=crashpad-handler \""--user-data-dir=C:\\Users\\Engineer\\AppData\\Local\\Microsoft\\Edge\\User Data\"" /prefetch:4 --monitor-self-annotation=ptype=crashpad-handler \""--database=C:\\Users\\Engineer\\AppData\\Local\\Microsoft\\Edge\\User Data\\Crashpad\"" --annotation=IsOfficialBuild=1 --annotation=channel= --annotation=chromium-version=135.0.7049.115 \""--annotation=exe=C:\\Program Files (x86)\\Microsoft\\Edge\\Application\\msedge.exe\"" --annotation=plat=Win64 --annotation=prod=Edge --annotation=ver=135.0.3179.98 --initial-client-data=0x25c,0x260,0x264,0x258,0x26c,0x7ffe36689240,0x7ffe3668924c,0x7ffe36689258",,3,67027,A process was created.,,,
658,Normal,"May 9, 2025 @ 11:22:12.789",16,10.12.25.5,Windows11EWS,Security,4688,4,,,,,,,,,net user guest,,3,67027,A process was created.,,,
659,Normal,"May 9, 2025 @ 11:22:12.789",16,10.12.25.5,Windows11EWS,Security,4688,4,,,,,,,,,C:\\WINDOWS\\system32\\DllHost.exe /Processid:{338B40F9-9D68-4B53-A793-6B9AA0C5F63B},,3,67027,A process was created.,,,
660,Normal,"May 9, 2025 @ 11:22:12.952",16,10.12.25.5,Windows11EWS,Microsoft-Windows-Windows Defender/Operational,5007,4076,,,,,,,,,,,5,62154,Windows Defender: Antimalware platform feature configuration changed,,,
661,Normal,"May 9, 2025 @ 11:22:12.952",16,10.12.25.5,Windows11EWS,Microsoft-Windows-Windows Defender/Operational,5007,4076,,,,,,,,,,,5,62154,Windows Defender: Antimalware platform feature configuration changed,,,
662,Normal,"May 9, 2025 @ 11:22:12.968",16,10.12.25.5,Windows11EWS,Microsoft-Windows-Sysmon/Operational,1,4416,,,,,,,NT AUTHORITY\\SYSTEM,"\""C:\\Program Files (x86)\\ossec-agent\\wazuh-agent.exe\""",net user guest,,3,92039,A net.exe account discovery command was initiated,[T1087],[Discovery],[Account Discovery]
663,Normal,"May 9, 2025 @ 11:22:13.826",16,10.12.25.5,Windows11EWS,Security,4688,4,,,,,,,,,\\??\\C:\\WINDOWS\\system32\\conhost.exe 0xffffffff -ForceV1,,3,67027,A process was created.,,,
664,Normal,"May 9, 2025 @ 11:22:13.827",16,10.12.25.5,Windows11EWS,Security,4688,4,,,,,,,,,C:\\WINDOWS\\system32\\net1 user guest,,3,67027,A process was created.,,,
665,Normal,"May 9, 2025 @ 11:22:13.835",16,10.12.25.5,Windows11EWS,Security,4688,4,,,,,,,,,reg query HKLM\\SOFTWARE\\Microsoft\\Windows\\CurrentVersion\\Policies\\system /v legalnoticetext,,3,67027,A process was created.,,,
666,Normal,"May 9, 2025 @ 11:22:13.836",16,10.12.25.5,Windows11EWS,Security,4688,4,,,,,,,,,taskhostw.exe $(Arg0),,3,67027,A process was created.,,,
667,Normal,"May 9, 2025 @ 11:22:13.837",16,10.12.25.5,Windows11EWS,Microsoft-Windows-Sysmon/Operational,1,4416,,,,,,,NT AUTHORITY\\SYSTEM,net user guest,C:\\WINDOWS\\system32\\net1 user guest,,3,92039,A net.exe account discovery command was initiated,[T1087],[Discovery],[Account Discovery]
668,Normal,"May 9, 2025 @ 11:22:16.005",15,10.12.25.3,Windows11,Security,4688,4,,,,,,,,,"\""C:\\WINDOWS\\system32\\sc.exe\"" start pushtoinstall registration",,3,67027,A process was created.,,,
669,Normal,"May 9, 2025 @ 11:22:16.005",15,10.12.25.3,Windows11,Security,4688,4,,,,,,,,,"\""C:\\WINDOWS\\system32\\wermgr.exe\"" -upload",,3,67027,A process was created.,,,
670,Normal,"May 9, 2025 @ 11:22:16.006",16,10.12.25.5,Windows11EWS,Security,4688,4,,,,,,,,,\\??\\C:\\WINDOWS\\system32\\conhost.exe 0xffffffff -ForceV1,,3,67027,A process was created.,,,
671,Normal,"May 9, 2025 @ 11:22:16.006",16,10.12.25.5,Windows11EWS,Security,4688,4,,,,,,,,,"\""C:\\Program Files (x86)\\Microsoft\\Edge\\Application\\msedge.exe\"" --type=gpu-process --no-pre-read-main-dll --gpu-preferences=UAAAAAAAAADgAAAEAAAAAAAAAAAAAAAAAABgAAEAAAAAAAAAAAAAAAAAAAACAAAAAAAAAAAAAAAAAAAAAAAAABAAAAAAAAAAEAAAAAAAAAAIAAAAAAAAAAgAAAAAAAAA --always-read-main-dll --field-trial-handle=2396,i,6189102461139419838,17949000590786125181,262144 --variations-seed-version --mojo-platform-channel-handle=2296 /prefetch:2",,3,67027,A process was created.,,,
672,Normal,"May 9, 2025 @ 11:22:16.007",15,10.12.25.3,Windows11,Security,4688,4,,,,,,,,,"\""C:\\WINDOWS\\system32\\sc.exe\"" start InventorySvc",,3,67027,A process was created.,,,
673,Normal,"May 9, 2025 @ 11:22:16.117",15,10.12.25.3,Windows11,Security,4688,4,,,,,,,,,taskhostw.exe,,3,67027,A process was created.,,,
674,Normal,"May 9, 2025 @ 11:22:16.119",16,10.12.25.5,Windows11EWS,Security,4688,4,,,,,,,,,"\""C:\\Program Files (x86)\\Microsoft\\Edge\\Application\\msedge.exe\"" --type=utility --utility-sub-type=network.mojom.NetworkService --lang=en-GB --service-sandbox-type=none --no-pre-read-main-dll --always-read-main-dll --field-trial-handle=2396,i,6189102461139419838,17949000590786125181,262144 --variations-seed-version --mojo-platform-channel-handle=2580 /prefetch:11",,3,67027,A process was created.,,,
675,Normal,"May 9, 2025 @ 11:22:16.120",15,10.12.25.3,Windows11,Security,4688,4,,,,,,,,,"\""C:\\WINDOWS\\System32\\wsqmcons.exe\""",,3,67027,A process was created.,,,
676,Normal,"May 9, 2025 @ 11:22:16.123",15,10.12.25.3,Windows11,Security,4688,4,,,,,,,,,"\""C:\\WINDOWS\\system32\\devicecensus.exe\"" SystemCxt",,3,67027,A process was created.,,,
677,Normal,"May 9, 2025 @ 11:22:16.123",15,10.12.25.3,Windows11,Security,4688,4,,,,,,,,,"\""C:\\WINDOWS\\system32\\usoclient.exe\"" StartScan",,3,67027,A process was created.,,,
678,Normal,"May 9, 2025 @ 11:22:16.125",15,10.12.25.3,Windows11,Security,4688,4,,,,,,,,,"\""C:\\WINDOWS\\system32\\rundll32.exe\"" C:\\WINDOWS\\system32\\PcaSvc.dll,PcaPatchSdbTask",,3,67027,A process was created.,,,
679,Normal,"May 9, 2025 @ 11:22:16.126",15,10.12.25.3,Windows11,Security,4624,860,,Negotiate,Advapi,,,,,,,,3,60106,Windows Logon Success,[T1078],"[Defense Evasion, Persistence, Privilege Escalation, Initial Access]",[Valid Accounts]
680,Normal,"May 9, 2025 @ 11:22:16.126",15,10.12.25.3,Windows11,Security,4688,4,,,,,,,,,"\""C:\\WINDOWS\\system32\\UIEOrchestrator.exe\"" /SendHeartbeat",,3,67027,A process was created.,,,
681,Normal,"May 9, 2025 @ 11:22:16.128",16,10.12.25.5,Windows11EWS,Security,4688,4,,,,,,,,,reg query HKLM\\SOFTWARE\\Microsoft\\Windows\\CurrentVersion\\Policies\\system /v legalnoticecaption,,3,67027,A process was created.,,,
682,Normal,"May 9, 2025 @ 11:22:16.128",16,10.12.25.5,Windows11EWS,Security,4688,4,,,,,,,,,"\""C:\\Program Files (x86)\\Microsoft\\Edge\\Application\\135.0.3179.98\\elevation_service.exe\""",,3,67027,A process was created.,,,
683,Normal,"May 9, 2025 @ 11:22:16.128",15,10.12.25.3,Windows11,Security,4688,4,,,,,,,,,C:\\WINDOWS\\system32\\svchost.exe -k wusvcs -p,,3,67027,A process was created.,,,
684,Normal,"May 9, 2025 @ 11:22:16.129",16,10.12.25.5,Windows11EWS,Security,4688,4,,,,,,,,,"\""C:\\Program Files\\Common Files\\Siemens\\Automation\\Simatic OAM\\bin\\TC.exe\"" -flush",,3,67027,A process was created.,,,
685,Normal,"May 9, 2025 @ 11:22:16.130",16,10.12.25.5,Windows11EWS,Security,4688,4,,,,,,,,,\\??\\C:\\WINDOWS\\system32\\conhost.exe 0xffffffff -ForceV1,,3,67027,A process was created.,,,
686,Normal,"May 9, 2025 @ 11:22:16.402",15,10.12.25.3,Windows11,Security,4688,4,,,,,,,,,\\??\\C:\\WINDOWS\\system32\\conhost.exe 0xffffffff -ForceV1,,3,67027,A process was created.,,,
687,Normal,"May 9, 2025 @ 11:22:16.410",15,10.12.25.3,Windows11,Security,4688,4,,,,,,,,,\\??\\C:\\WINDOWS\\system32\\conhost.exe 0xffffffff -ForceV1,,3,67027,A process was created.,,,
688,Normal,"May 9, 2025 @ 11:22:16.802",16,10.12.25.5,Windows11EWS,Security,4688,4,,,,,,,,,"\""C:\\Program Files (x86)\\Microsoft\\Edge\\Application\\msedge.exe\"" --type=utility --utility-sub-type=storage.mojom.StorageService --lang=en-GB --service-sandbox-type=service --no-pre-read-main-dll --always-read-main-dll --field-trial-handle=2396,i,6189102461139419838,17949000590786125181,262144 --variations-seed-version --mojo-platform-channel-handle=2816 /prefetch:13",,3,67027,A process was created.,,,
689,Normal,"May 9, 2025 @ 11:22:16.841",16,10.12.25.5,Windows11EWS,Security,4688,4,,,,,,,,,C:\\WINDOWS\\uus\\AMD64\\WaaSMedicAgent.exe f4f5ca7ffb86369ed5da5364fcf6d724 qtTdS/O/Z0Co8K7on6RD4A.0.1.0.0.0,,3,67027,A process was created.,,,
690,Normal,"May 9, 2025 @ 11:22:16.935",16,10.12.25.5,Windows11EWS,Security,4688,4,,,,,,,,,"auditpol.exe /get /subcategory:\""Credential Validation\""",,3,67027,A process was created.,,,
691,Normal,"May 9, 2025 @ 11:22:17.986",16,10.12.25.5,Windows11EWS,Security,4688,4,,,,,,,,,\\??\\C:\\WINDOWS\\system32\\conhost.exe 0xffffffff -ForceV1,,3,67027,A process was created.,,,
692,Normal,"May 9, 2025 @ 11:22:19.057",16,10.12.25.5,Windows11EWS,Security,4688,4,,,,,,,,,\\??\\C:\\WINDOWS\\system32\\conhost.exe 0xffffffff -ForceV1,,3,67027,A process was created.,,,
693,Normal,"May 9, 2025 @ 11:22:20.182",16,10.12.25.5,Windows11EWS,Application,86,1112,,,,,,,,,,,9,60602,Windows application error event.,,,
694,Normal,"May 9, 2025 @ 11:22:20.184",16,10.12.25.5,Windows11EWS,Application,86,1112,,,,,,,,,,,9,60602,Windows application error event.,,,
695,Normal,"May 9, 2025 @ 11:22:20.516",15,10.12.25.3,Windows11,Security,4624,860,,Negotiate,Advapi,,,,,,,,3,60106,Windows Logon Success,[T1078],"[Defense Evasion, Persistence, Privilege Escalation, Initial Access]",[Valid Accounts]
696,Normal,"May 9, 2025 @ 11:22:20.537",15,10.12.25.3,Windows11,Security,4688,4,,,,,,,,,C:\\WINDOWS\\System32\\svchost.exe -k netsvcs -p,,3,67027,A process was created.,,,
697,Normal,"May 9, 2025 @ 11:22:20.539",16,10.12.25.5,Windows11EWS,Security,4688,4,,,,,,,,,"auditpol.exe /get /subcategory:\""Application Group Management\""",,3,67027,A process was created.,,,
698,Normal,"May 9, 2025 @ 11:22:20.602",16,10.12.25.5,Windows11EWS,Security,4688,4,,,,,,,,,\\??\\C:\\WINDOWS\\system32\\conhost.exe 0xffffffff -ForceV1,,3,67027,A process was created.,,,
699,Normal,"May 9, 2025 @ 11:22:20.603",16,10.12.25.5,Windows11EWS,Security,4688,4,,,,,,,,,"auditpol.exe /get /subcategory:\""Security Group Management\""",,3,67027,A process was created.,,,
700,Normal,"May 9, 2025 @ 11:22:20.604",16,10.12.25.5,Windows11EWS,Security,4688,4,,,,,,,,,\\??\\C:\\WINDOWS\\system32\\conhost.exe 0xffffffff -ForceV1,,3,67027,A process was created.,,,
701,Normal,"May 9, 2025 @ 11:22:20.606",16,10.12.25.5,Windows11EWS,Security,4688,4,,,,,,,,,"auditpol.exe /get /subcategory:\""User Account Management\""",,3,67027,A process was created.,,,
702,Normal,"May 9, 2025 @ 11:22:20.609",16,10.12.25.5,Windows11EWS,Security,4688,4,,,,,,,,,\\??\\C:\\WINDOWS\\system32\\conhost.exe 0xffffffff -ForceV1,,3,67027,A process was created.,,,
703,Normal,"May 9, 2025 @ 11:22:20.609",16,10.12.25.5,Windows11EWS,Security,4688,4,,,,,,,,,"auditpol.exe /get /subcategory:\""Process Creation\""",,3,67027,A process was created.,,,
704,Normal,"May 9, 2025 @ 11:22:20.609",16,10.12.25.5,Windows11EWS,Security,4688,4,,,,,,,,,\\??\\C:\\WINDOWS\\system32\\conhost.exe 0xffffffff -ForceV1,,3,67027,A process was created.,,,
705,Normal,"May 9, 2025 @ 11:22:20.612",16,10.12.25.5,Windows11EWS,Security,4688,4,,,,,,,,,\\??\\C:\\WINDOWS\\system32\\conhost.exe 0xffffffff -ForceV1,,3,67027,A process was created.,,,
706,Normal,"May 9, 2025 @ 11:22:20.928",16,10.12.25.5,Windows11EWS,Security,4688,4,,,,,,,,,"auditpol.exe /get /subcategory:\""Account Lockout\""",,3,67027,A process was created.,,,
707,Normal,"May 9, 2025 @ 11:22:21.025",16,10.12.25.5,Windows11EWS,Security,4688,4,,,,,,,,,\\??\\C:\\WINDOWS\\system32\\conhost.exe 0xffffffff -ForceV1,,3,67027,A process was created.,,,
708,Normal,"May 9, 2025 @ 11:22:21.030",16,10.12.25.5,Windows11EWS,Application,86,1112,,,,,,,,,,,9,60602,Windows application error event.,,,
709,Normal,"May 9, 2025 @ 11:22:21.092",16,10.12.25.5,Windows11EWS,Security,4688,4,,,,,,,,,"auditpol.exe /get /subcategory:\""Plug and Play Events\""",,3,67027,A process was created.,,,
710,Normal,"May 9, 2025 @ 11:22:21.095",16,10.12.25.5,Windows11EWS,Security,4688,4,,,,,,,,,"\""C:\\Program Files\\Common Files\\Siemens\\Automation\\Simatic OAM\\bin\\TC.exe\"" -flush",,3,67027,A process was created.,,,
711,Normal,"May 9, 2025 @ 11:22:22.284",16,10.12.25.5,Windows11EWS,Security,4688,4,,,,,,,,,\\??\\C:\\WINDOWS\\system32\\conhost.exe 0xffffffff -ForceV1,,3,67027,A process was created.,,,
712,Normal,"May 9, 2025 @ 11:22:22.286",16,10.12.25.5,Windows11EWS,Security,4688,4,,,,,,,,,"auditpol.exe /get /subcategory:\""Group Membership\""",,3,67027,A process was created.,,,
713,Normal,"May 9, 2025 @ 11:22:22.286",16,10.12.25.5,Windows11EWS,Security,4688,4,,,,,,,,,\\??\\C:\\WINDOWS\\system32\\conhost.exe 0xffffffff -ForceV1,,3,67027,A process was created.,,,
714,Normal,"May 9, 2025 @ 11:22:22.340",16,10.12.25.5,Windows11EWS,Security,4688,4,,,,,,,,,"auditpol.exe /get /subcategory:\""Logoff\""",,3,67027,A process was created.,,,
715,Normal,"May 9, 2025 @ 11:22:23.383",16,10.12.25.5,Windows11EWS,Security,4688,4,,,,,,,,,"auditpol.exe /get /subcategory:\""Logon\""",,3,67027,A process was created.,,,
716,Normal,"May 9, 2025 @ 11:22:23.384",16,10.12.25.5,Windows11EWS,Security,4688,4,,,,,,,,,\\??\\C:\\WINDOWS\\system32\\conhost.exe 0xffffffff -ForceV1,,3,67027,A process was created.,,,
717,Normal,"May 9, 2025 @ 11:22:23.384",16,10.12.25.5,Windows11EWS,Security,4688,4,,,,,,,,,"auditpol.exe /get /subcategory:\""Detailed File Share\""",,3,67027,A process was created.,,,
718,Normal,"May 9, 2025 @ 11:22:23.384",16,10.12.25.5,Windows11EWS,Security,4688,4,,,,,,,,,"auditpol.exe /get /subcategory:\""Special Logon\""",,3,67027,A process was created.,,,
719,Normal,"May 9, 2025 @ 11:22:23.384",16,10.12.25.5,Windows11EWS,Security,4688,4,,,,,,,,,\\??\\C:\\WINDOWS\\system32\\conhost.exe 0xffffffff -ForceV1,,3,67027,A process was created.,,,
720,Normal,"May 9, 2025 @ 11:22:23.385",16,10.12.25.5,Windows11EWS,Security,4688,4,,,,,,,,,"auditpol.exe /get /subcategory:\""File Share\""",,3,67027,A process was created.,,,
721,Normal,"May 9, 2025 @ 11:22:23.385",16,10.12.25.5,Windows11EWS,Security,4688,4,,,,,,,,,\\??\\C:\\WINDOWS\\system32\\conhost.exe 0xffffffff -ForceV1,,3,67027,A process was created.,,,
722,Normal,"May 9, 2025 @ 11:22:23.386",16,10.12.25.5,Windows11EWS,Security,4688,4,,,,,,,,,\\??\\C:\\WINDOWS\\system32\\conhost.exe 0xffffffff -ForceV1,,3,67027,A process was created.,,,
723,Normal,"May 9, 2025 @ 11:22:23.386",16,10.12.25.5,Windows11EWS,Security,4688,4,,,,,,,,,\\??\\C:\\WINDOWS\\system32\\conhost.exe 0xffffffff -ForceV1,,3,67027,A process was created.,,,
724,Normal,"May 9, 2025 @ 11:22:23.386",16,10.12.25.5,Windows11EWS,Security,4688,4,,,,,,,,,"auditpol.exe /get /subcategory:\""Other Object Access Events\""",,3,67027,A process was created.,,,
725,Normal,"May 9, 2025 @ 11:22:23.395",16,10.12.25.5,Windows11EWS,Security,4688,4,,,,,,,,,"auditpol.exe /get /subcategory:\""Removable Storage\""",,3,67027,A process was created.,,,
726,Normal,"May 9, 2025 @ 11:22:23.396",16,10.12.25.5,Windows11EWS,Security,4688,4,,,,,,,,,"auditpol.exe /get /subcategory:\""Other Logon/Logoff Events\""",,3,67027,A process was created.,,,
727,Normal,"May 9, 2025 @ 11:22:23.420",16,10.12.25.5,Windows11EWS,Security,4688,4,,,,,,,,,\\??\\C:\\WINDOWS\\system32\\conhost.exe 0xffffffff -ForceV1,,3,67027,A process was created.,,,
728,Normal,"May 9, 2025 @ 11:22:24.185",16,10.12.25.5,Windows11EWS,Security,4688,4,,,,,,,,,\\??\\C:\\WINDOWS\\system32\\conhost.exe 0xffffffff -ForceV1,,3,67027,A process was created.,,,
729,Normal,"May 9, 2025 @ 11:22:24.220",16,10.12.25.5,Windows11EWS,Security,4688,4,,,,,,,,,"auditpol.exe /get /subcategory:\""Audit Policy Change\""",,3,67027,A process was created.,,,
730,Normal,"May 9, 2025 @ 11:22:24.227",16,10.12.25.5,Windows11EWS,Security,4688,4,,,,,,,,,\\??\\C:\\WINDOWS\\system32\\conhost.exe 0xffffffff -ForceV1,,3,67027,A process was created.,,,
731,Normal,"May 9, 2025 @ 11:22:24.228",16,10.12.25.5,Windows11EWS,Security,4688,4,,,,,,,,,"auditpol.exe /get /subcategory:\""Authentication Policy Change\""",,3,67027,A process was created.,,,
732,Normal,"May 9, 2025 @ 11:22:24.229",16,10.12.25.5,Windows11EWS,Security,4688,4,,,,,,,,,\\??\\C:\\WINDOWS\\system32\\conhost.exe 0xffffffff -ForceV1,,3,67027,A process was created.,,,
733,Normal,"May 9, 2025 @ 11:22:25.537",16,10.12.25.5,Windows11EWS,Security,4688,4,,,,,,,,,"auditpol.exe /get /subcategory:\""Authorization Policy Change\""",,3,67027,A process was created.,,,
734,Normal,"May 9, 2025 @ 11:22:26.244",16,10.12.25.5,Windows11EWS,Security,4688,4,,,,,,,,,\\??\\C:\\WINDOWS\\system32\\conhost.exe 0xffffffff -ForceV1,,3,67027,A process was created.,,,
735,Normal,"May 9, 2025 @ 11:22:26.247",16,10.12.25.5,Windows11EWS,Security,4688,4,,,,,,,,,"auditpol.exe /get /subcategory:\""MPSSVC Rule-Level Policy Change\""",,3,67027,A process was created.,,,
736,Normal,"May 9, 2025 @ 11:22:26.248",16,10.12.25.5,Windows11EWS,Security,4688,4,,,,,,,,,\\??\\C:\\WINDOWS\\system32\\conhost.exe 0xffffffff -ForceV1,,3,67027,A process was created.,,,
737,Normal,"May 9, 2025 @ 11:22:26.249",16,10.12.25.5,Windows11EWS,Security,4688,4,,,,,,,,,"\""C:\\Program Files\\Common Files\\Siemens\\Automation\\Simatic OAM\\bin\\TC.exe\"" -flush",,3,67027,A process was created.,,,
738,Normal,"May 9, 2025 @ 11:22:26.249",15,10.12.25.3,Windows11,Security,4688,4,,,,,,,,,"\""C:\\WINDOWS\\uus\\packages\\preview\\AMD64\\MoUsoCoreWorker.exe\"" useprivatenamespaces",,3,67027,A process was created.,,,
739,Normal,"May 9, 2025 @ 11:22:27.941",15,10.12.25.3,Windows11,Security,4688,4,,,,,,,,,C:\\WINDOWS\\system32\\wbem\\wmiprvse.exe -secured -Embedding,,3,67027,A process was created.,,,
740,Normal,"May 9, 2025 @ 11:22:27.943",16,10.12.25.5,Windows11EWS,Security,4688,4,,,,,,,,,"auditpol.exe /get /subcategory:\""Other Policy Change Events\""",,3,67027,A process was created.,,,
741,Normal,"May 9, 2025 @ 11:22:28.016",15,10.12.25.3,Windows11,Security,4688,4,,,,,,,,,C:\\WINDOWS\\system32\\svchost.exe -k osprivacy -p,,3,67027,A process was created.,,,
742,Normal,"May 9, 2025 @ 11:22:28.043",16,10.12.25.5,Windows11EWS,Security,4688,4,,,,,,,,,\\??\\C:\\WINDOWS\\system32\\conhost.exe 0xffffffff -ForceV1,,3,67027,A process was created.,,,
743,Normal,"May 9, 2025 @ 11:22:28.051",16,10.12.25.5,Windows11EWS,Security,4688,4,,,,,,,,,"auditpol.exe /get /subcategory:\""Sensitive Privilege Use\""",,3,67027,A process was created.,,,
744,Normal,"May 9, 2025 @ 11:22:28.053",16,10.12.25.5,Windows11EWS,Security,4688,4,,,,,,,,,\\??\\C:\\WINDOWS\\system32\\conhost.exe 0xffffffff -ForceV1,,3,67027,A process was created.,,,
745,Normal,"May 9, 2025 @ 11:22:28.054",15,10.12.25.3,Windows11,Security,4624,860,,Negotiate,Advapi,,,,,,,,3,60106,Windows Logon Success,[T1078],"[Defense Evasion, Persistence, Privilege Escalation, Initial Access]",[Valid Accounts]
746,Normal,"May 9, 2025 @ 11:22:29.210",16,10.12.25.5,Windows11EWS,Security,4688,4,,,,,,,,,"auditpol.exe /get /subcategory:\""IPsec Driver\""",,3,67027,A process was created.,,,
747,Normal,"May 9, 2025 @ 11:22:29.329",16,10.12.25.5,Windows11EWS,Security,4688,4,,,,,,,,,\\??\\C:\\WINDOWS\\system32\\conhost.exe 0xffffffff -ForceV1,,3,67027,A process was created.,,,
748,Normal,"May 9, 2025 @ 11:22:29.363",16,10.12.25.5,Windows11EWS,Security,4688,4,,,,,,,,,"auditpol.exe /get /subcategory:\""Other System Events\""",,3,67027,A process was created.,,,
749,Normal,"May 9, 2025 @ 11:22:29.900",16,10.12.25.5,Windows11EWS,Security,4688,4,,,,,,,,,\\??\\C:\\WINDOWS\\system32\\conhost.exe 0xffffffff -ForceV1,,3,67027,A process was created.,,,
750,Normal,"May 9, 2025 @ 11:22:29.902",16,10.12.25.5,Windows11EWS,Security,4688,4,,,,,,,,,"\""C:\\WINDOWS\\System32\\SearchProtocolHost.exe\"" Global\\UsGthrFltPipeMssGthrPipe1_ Global\\UsGthrCtrlFltPipeMssGthrPipe1 1 -2147483646 \""Software\\Microsoft\\Windows Search\"" \""Mozilla/4.0 (compatible; MSIE 6.0; Windows NT; MS Search 4.0 Robot)\"" \""C:\\ProgramData\\Microsoft\\Search\\Data\\Temp\\usgthrsvc\"" \""DownLevelDaemon\""",,3,67027,A process was created.,,,
751,Normal,"May 9, 2025 @ 11:22:29.968",16,10.12.25.5,Windows11EWS,Security,4688,4,,,,,,,,,"auditpol.exe /get /subcategory:\""Security State Change\""",,3,67027,A process was created.,,,
752,Normal,"May 9, 2025 @ 11:22:29.969",16,10.12.25.5,Windows11EWS,Security,4688,4,,,,,,,,,\\??\\C:\\WINDOWS\\system32\\conhost.exe 0xffffffff -ForceV1,,3,67027,A process was created.,,,
753,Normal,"May 9, 2025 @ 11:22:30.421",16,10.12.25.5,Windows11EWS,Security,4688,4,,,,,,,,,"auditpol.exe /get /subcategory:\""Security System Extension\""",,3,67027,A process was created.,,,
754,Normal,"May 9, 2025 @ 11:22:30.421",16,10.12.25.5,Windows11EWS,Security,4688,4,,,,,,,,,"\""C:\\WINDOWS\\uus\\packages\\preview\\AMD64\\MoUsoCoreWorker.exe\"" useprivatenamespaces",,3,67027,A process was created.,,,
755,Normal,"May 9, 2025 @ 11:22:30.423",16,10.12.25.5,Windows11EWS,Security,4688,4,,,,,,,,,"\""C:\\Program Files\\Common Files\\Siemens\\Automation\\Simatic OAM\\bin\\TC.exe\"" -flush",,3,67027,A process was created.,,,
756,Normal,"May 9, 2025 @ 11:22:30.427",16,10.12.25.5,Windows11EWS,Security,4688,4,,,,,,,,,\\??\\C:\\WINDOWS\\system32\\conhost.exe 0xffffffff -ForceV1,,3,67027,A process was created.,,,
757,Normal,"May 9, 2025 @ 11:22:31.506",16,10.12.25.5,Windows11EWS,Security,4688,4,,,,,,,,,taskhostw.exe -flow showtoast -checkup recoverability,,3,67027,A process was created.,,,
758,Normal,"May 9, 2025 @ 11:22:31.521",16,10.12.25.5,Windows11EWS,Security,4688,4,,,,,,,,,"auditpol.exe /get /subcategory:\""System Integrity\""",,3,67027,A process was created.,,,
759,Normal,"May 9, 2025 @ 11:22:31.588",16,10.12.25.5,Windows11EWS,Security,4688,4,,,,,,,,,\\??\\C:\\WINDOWS\\system32\\conhost.exe 0xffffffff -ForceV1,,3,67027,A process was created.,,,
760,Normal,"May 9, 2025 @ 11:22:34.565",15,10.12.25.3,Windows11,Microsoft-Windows-Sysmon/Operational,13,3164,,,,,,,NT AUTHORITY\\SYSTEM,,,,3,92307,"Evidence of new service creation found in registry under HKLM\\System\\CurrentControlSet\\Services\\MicrosoftEdgeElevationService\\ImagePath binary is: \""C:\\Program Files (x86)\\Microsoft\\Edge\\Application\\136.0.3240.50\\elevation_service.exe\""",[T1543.003],"[Persistence, Privilege Escalation]",[Windows Service]
761,Normal,"May 9, 2025 @ 11:22:34.678",16,10.12.25.5,Windows11EWS,Security,4688,4,,,,,,,,,"\""C:\\Program Files\\Common Files\\Siemens\\Automation\\Simatic OAM\\bin\\TC.exe\"" -flush",,3,67027,A process was created.,,,
762,Normal,"May 9, 2025 @ 11:22:35.460",16,10.12.25.5,Windows11EWS,Security,4688,4,,,,,,,,,C:\\WINDOWS\\uus\\packages\\preview\\AMD64\\MoNotificationUx.exe /ClearActiveNotifications /CV PJM6pP4TAkOuq7I/.1.0.0,,3,67027,A process was created.,,,
763,Normal,"May 9, 2025 @ 11:22:36.523",15,10.12.25.3,Windows11,Security,4688,4,,,,,,,,,"\""C:\\Program Files (x86)\\Microsoft\\EdgeUpdate\\Install\\{76535960-46BB-4E5A-8689-A3AAA9206ECB}\\EDGEMITMP_9C38D.tmp\\setup.exe\"" --msedge --channel=stable --system-level --verbose-logging --create-shortcuts=2 --install-level=1",,3,67027,A process was created.,,,
764,Normal,"May 9, 2025 @ 11:22:36.566",15,10.12.25.3,Windows11,Security,4688,4,,,,,,,,,"\""C:\\Program Files (x86)\\Microsoft\\EdgeUpdate\\Install\\{76535960-46BB-4E5A-8689-A3AAA9206ECB}\\EDGEMITMP_9C38D.tmp\\setup.exe\"" --type=crashpad-handler /prefetch:4 --monitor-self-annotation=ptype=crashpad-handler --database=C:\\WINDOWS\\SystemTemp\\MsEdgeCrashpad --annotation=IsOfficialBuild=1 --annotation=channel= --annotation=chromium-version=136.0.7103.49 \""--annotation=exe=C:\\Program Files (x86)\\Microsoft\\EdgeUpdate\\Install\\{76535960-46BB-4E5A-8689-A3AAA9206ECB}\\EDGEMITMP_9C38D.tmp\\setup.exe\"" --annotation=plat=Win64 --annotation=prod=Edge --annotation=ver=136.0.3240.50 --initial-client-data=0x248,0x24c,0x250,0x230,0x254,0x7ff79742f3e8,0x7ff79742f3f4,0x7ff79742f400",,3,67027,A process was created.,,,
765,Normal,"May 9, 2025 @ 11:22:38.538",16,10.12.25.5,Windows11EWS,Security,4688,4,,,,,,,,,"\""C:\\Program Files\\Common Files\\Siemens\\Automation\\Simatic OAM\\bin\\TC.exe\"" -flush",,3,67027,A process was created.,,,
766,Normal,"May 9, 2025 @ 11:22:38.962",0,,wazuhVM,,,,,,,,,,,,,,3,52002,Apparmor DENIED,,,
767,Normal,"May 9, 2025 @ 11:22:38.962",0,,wazuhVM,,,,,,,,,,,,,,3,52002,Apparmor DENIED,,,
768,Normal,"May 9, 2025 @ 11:22:38.962",0,,wazuhVM,,,,,,,,,,,,,,3,52002,Apparmor DENIED,,,
769,Normal,"May 9, 2025 @ 11:22:39.862",16,10.12.25.5,Windows11EWS,Security,4624,932,,Negotiate,Advapi,,,,,,,,3,60106,Windows Logon Success,[T1078],"[Defense Evasion, Persistence, Privilege Escalation, Initial Access]",[Valid Accounts]
770,Normal,"May 9, 2025 @ 11:22:39.895",16,10.12.25.5,Windows11EWS,Security,4688,4,,,,,,,,,C:\\WINDOWS\\system32\\svchost.exe -k InvSvcGroup -p,,3,67027,A process was created.,,,
771,Normal,"May 9, 2025 @ 11:22:40.078",16,10.12.25.5,Windows11EWS,Security,4688,4,,,,,,,,,C:\\WINDOWS\\System32\\svchost.exe -k NetworkService -p,,3,67027,A process was created.,,,
772,Normal,"May 9, 2025 @ 11:22:40.322",16,10.12.25.5,Windows11EWS,,,,,,,,,,,,,,5,19012,"CIS Microsoft Windows 11 Enterprise Benchmark v3.0.0: Ensure 'Maximum password age' is set to '365 or fewer days, but not 0'.: Status changed from passed to 'not applicable'",,,
773,Normal,"May 9, 2025 @ 11:22:40.709",15,10.12.25.3,Windows11,Security,4688,4,,,,,,,,,"\""C:\\Program Files (x86)\\Microsoft\\Edge\\Application\\136.0.3240.50\\Installer\\setup.exe\"" --msedge --channel=stable --register-package-identity --verbose-logging --system-level",,3,67027,A process was created.,,,
774,Normal,"May 9, 2025 @ 11:22:40.918",15,10.12.25.3,Windows11,Security,4688,4,,,,,,,,,"\""C:\\Program Files (x86)\\Microsoft\\Edge\\Application\\136.0.3240.50\\Installer\\setup.exe\"" --msedge --channel=stable --remove-deprecated-packages --verbose-logging --system-level",,3,67027,A process was created.,,,
775,Normal,"May 9, 2025 @ 11:22:40.948",15,10.12.25.3,Windows11,Security,4688,4,,,,,,,,,"\""C:\\Program Files (x86)\\Microsoft\\Edge\\Application\\136.0.3240.50\\Installer\\setup.exe\"" --type=crashpad-handler /prefetch:4 --monitor-self-annotation=ptype=crashpad-handler --database=C:\\WINDOWS\\SystemTemp\\MsEdgeCrashpad --annotation=IsOfficialBuild=1 --annotation=channel= --annotation=chromium-version=136.0.7103.49 \""--annotation=exe=C:\\Program Files (x86)\\Microsoft\\Edge\\Application\\136.0.3240.50\\Installer\\setup.exe\"" --annotation=plat=Win64 --annotation=prod=Edge --annotation=ver=136.0.3240.50 --initial-client-data=0x250,0x254,0x258,0x22c,0x25c,0x7ff6a5ccf3e8,0x7ff6a5ccf3f4,0x7ff6a5ccf400",,3,67027,A process was created.,,,
776,Normal,"May 9, 2025 @ 11:22:41.135",15,10.12.25.3,Windows11,Security,4688,4,,,,,,,,,"\""C:\\Program Files (x86)\\Microsoft\\Edge\\Application\\136.0.3240.50\\Installer\\setup.exe\"" --msedge --channel=stable --update-game-assist-package --verbose-logging --system-level",,3,67027,A process was created.,,,
777,Normal,"May 9, 2025 @ 11:22:41.482",15,10.12.25.3,Windows11,Security,4624,860,,Negotiate,Advapi,,,,,,,,3,60106,Windows Logon Success,[T1078],"[Defense Evasion, Persistence, Privilege Escalation, Initial Access]",[Valid Accounts]
778,Normal,"May 9, 2025 @ 11:22:41.530",15,10.12.25.3,Windows11,Security,4688,4,,,,,,,,,"\""C:\\Program Files (x86)\\Microsoft\\Edge\\Application\\136.0.3240.50\\Installer\\setup.exe\"" --type=crashpad-handler /prefetch:4 --monitor-self-annotation=ptype=crashpad-handler --database=C:\\WINDOWS\\SystemTemp\\MsEdgeCrashpad --annotation=IsOfficialBuild=1 --annotation=channel= --annotation=chromium-version=136.0.7103.49 \""--annotation=exe=C:\\Program Files (x86)\\Microsoft\\Edge\\Application\\136.0.3240.50\\Installer\\setup.exe\"" --annotation=plat=Win64 --annotation=prod=Edge --annotation=ver=136.0.3240.50 --initial-client-data=0x258,0x25c,0x260,0x230,0x264,0x7ff6a5ccf3e8,0x7ff6a5ccf3f4,0x7ff6a5ccf400",,3,67027,A process was created.,,,
779,Normal,"May 9, 2025 @ 11:22:41.576",15,10.12.25.3,Windows11,Security,4688,4,,,,,,,,,C:\\WINDOWS\\system32\\svchost.exe -k WbioSvcGroup,,3,67027,A process was created.,,,
780,Normal,"May 9, 2025 @ 11:22:41.588",15,10.12.25.3,Windows11,Security,4688,4,,,,,,,,,"\""C:\\Program Files (x86)\\Microsoft\\Edge\\Application\\136.0.3240.50\\Installer\\setup.exe\"" --type=crashpad-handler /prefetch:4 --monitor-self-annotation=ptype=crashpad-handler --database=C:\\WINDOWS\\SystemTemp\\MsEdgeCrashpad --annotation=IsOfficialBuild=1 --annotation=channel= --annotation=chromium-version=136.0.7103.49 \""--annotation=exe=C:\\Program Files (x86)\\Microsoft\\Edge\\Application\\136.0.3240.50\\Installer\\setup.exe\"" --annotation=plat=Win64 --annotation=prod=Edge --annotation=ver=136.0.3240.50 --initial-client-data=0x254,0x258,0x25c,0x230,0x260,0x7ff6a5ccf3e8,0x7ff6a5ccf3f4,0x7ff6a5ccf400",,3,67027,A process was created.,,,
781,Normal,"May 9, 2025 @ 11:22:43.330",16,10.12.25.5,Windows11EWS,Security,4688,4,,,,,,,,,"\""C:\\Program Files\\Common Files\\Siemens\\Automation\\Simatic OAM\\bin\\TC.exe\"" -flush",,3,67027,A process was created.,,,
782,Normal,"May 9, 2025 @ 11:22:44.254",15,10.12.25.3,Windows11,Security,4624,860,,Negotiate,User32,127.0.0.1,,,,,,,3,60118,Windows Workstation Logon Success,[T1078],"[Defense Evasion, Persistence, Privilege Escalation, Initial Access]",[Valid Accounts]
783,Normal,"May 9, 2025 @ 11:22:44.283",15,10.12.25.3,Windows11,Security,4624,860,,Negotiate,User32,127.0.0.1,,,,,,,3,60118,Windows Workstation Logon Success,[T1078],"[Defense Evasion, Persistence, Privilege Escalation, Initial Access]",[Valid Accounts]
784,Normal,"May 9, 2025 @ 11:22:44.514",15,10.12.25.3,Windows11,Security,4672,860,,,,,,,,,,,3,67028,Special privileges assigned to new logon.,[T1484],"[Defense Evasion, Privilege Escalation]",[Domain Policy Modification]
785,Normal,"May 9, 2025 @ 11:22:44.515",15,10.12.25.3,Windows11,Security,4673,4,,,,,,,,,,,4,60107,Failed attempt to perform a privileged operation,[T1078],"[Defense Evasion, Persistence, Privilege Escalation, Initial Access]",[Valid Accounts]
786,Normal,"May 9, 2025 @ 11:22:44.515",15,10.12.25.3,Windows11,Security,4688,4,,,,,,,,,C:\\WINDOWS\\system32\\svchost.exe -k WebThreatDefense -p,,3,67027,A process was created.,,,
787,Normal,"May 9, 2025 @ 11:22:44.535",16,10.12.25.5,Windows11EWS,Security,4688,4,,,,,,,,,"\""C:\\Program Files\\Siemens\\Automation\\TIAADMIN\\server\\node.exe\"" \""--no-warnings\"" \""C:\\Program Files\\Siemens\\Automation\\TIAADMIN\\server\\server.js\"" \""--runservice\""",,3,67027,A process was created.,,,
788,Normal,"May 9, 2025 @ 11:22:44.885",15,10.12.25.3,Windows11,Security,4688,4,,,,,,,,,"\""C:\\WINDOWS\\System32\\SearchProtocolHost.exe\"" Global\\UsGthrFltPipeMssGthrPipe3_ Global\\UsGthrCtrlFltPipeMssGthrPipe3 1 -2147483646 \""Software\\Microsoft\\Windows Search\"" \""Mozilla/4.0 (compatible; MSIE 6.0; Windows NT; MS Search 4.0 Robot)\"" \""C:\\ProgramData\\Microsoft\\Search\\Data\\Temp\\usgthrsvc\"" \""DownLevelDaemon\""",,3,67027,A process was created.,,,
789,Normal,"May 9, 2025 @ 11:22:45.203",15,10.12.25.3,Windows11,Security,4624,860,,Negotiate,Advapi,,,,,,,,3,60106,Windows Logon Success,[T1078],"[Defense Evasion, Persistence, Privilege Escalation, Initial Access]",[Valid Accounts]
790,Normal,"May 9, 2025 @ 11:22:46.291",15,10.12.25.3,Windows11,Security,4688,4,,,,,,,,,C:\\WINDOWS\\System32\\svchost.exe -k CameraMonitor,,3,67027,A process was created.,,,
791,Normal,"May 9, 2025 @ 11:22:46.909",15,10.12.25.3,Windows11,Security,4674,4,,,,,,,,,,,5,60104,Windows audit failure event,,,
792,Normal,"May 9, 2025 @ 11:22:47.344",15,10.12.25.3,Windows11,Security,4688,4,,,,,,,,,sihost.exe,,3,67027,A process was created.,,,
793,Normal,"May 9, 2025 @ 11:22:48.685",16,10.12.25.5,Windows11EWS,Security,4688,4,,,,,,,,,"\""C:\\Program Files\\Common Files\\Siemens\\Automation\\Simatic OAM\\bin\\TC.exe\"" -flush",,3,67027,A process was created.,,,
794,Normal,"May 9, 2025 @ 11:22:49.294",15,10.12.25.3,Windows11,Microsoft-Windows-Sysmon/Operational,13,3164,,,,,,,NT AUTHORITY\\SYSTEM,,,,3,92307,Evidence of new service creation found in registry under HKLM\\System\\CurrentControlSet\\Services\\AarSvc_29aa56\\ImagePath binary is: C:\\WINDOWS\\system32\\svchost.exe -k AarSvcGroup -p,[T1543.003],"[Persistence, Privilege Escalation]",[Windows Service]
795,Normal,"May 9, 2025 @ 11:22:49.303",15,10.12.25.3,Windows11,Microsoft-Windows-Sysmon/Operational,13,3164,,,,,,,NT AUTHORITY\\SYSTEM,,,,3,92307,Evidence of new service creation found in registry under HKLM\\System\\CurrentControlSet\\Services\\BcastDVRUserService_29aa56\\ImagePath binary is: C:\\WINDOWS\\system32\\svchost.exe -k BcastDVRUserService,[T1543.003],"[Persistence, Privilege Escalation]",[Windows Service]
796,Normal,"May 9, 2025 @ 11:22:49.307",15,10.12.25.3,Windows11,Microsoft-Windows-Sysmon/Operational,13,3164,,,,,,,NT AUTHORITY\\SYSTEM,,,,3,92307,Evidence of new service creation found in registry under HKLM\\System\\CurrentControlSet\\Services\\BluetoothUserService_29aa56\\ImagePath binary is: C:\\WINDOWS\\system32\\svchost.exe -k BthAppGroup -p,[T1543.003],"[Persistence, Privilege Escalation]",[Windows Service]
797,Normal,"May 9, 2025 @ 11:22:49.307",15,10.12.25.3,Windows11,Microsoft-Windows-Sysmon/Operational,13,3164,,,,,,,NT AUTHORITY\\SYSTEM,,,,3,92307,Evidence of new service creation found in registry under HKLM\\System\\CurrentControlSet\\Services\\CaptureService_29aa56\\ImagePath binary is: C:\\WINDOWS\\system32\\svchost.exe -k LocalService -p,[T1543.003],"[Persistence, Privilege Escalation]",[Windows Service]
798,Normal,"May 9, 2025 @ 11:22:49.316",15,10.12.25.3,Windows11,Microsoft-Windows-Sysmon/Operational,13,3164,,,,,,,NT AUTHORITY\\SYSTEM,,,,3,92307,Evidence of new service creation found in registry under HKLM\\System\\CurrentControlSet\\Services\\cbdhsvc_29aa56\\ImagePath binary is: C:\\WINDOWS\\system32\\svchost.exe -k ClipboardSvcGroup -p,[T1543.003],"[Persistence, Privilege Escalation]",[Windows Service]
799,Normal,"May 9, 2025 @ 11:22:49.318",15,10.12.25.3,Windows11,Microsoft-Windows-Sysmon/Operational,13,3164,,,,,,,NT AUTHORITY\\SYSTEM,,,,3,92307,Evidence of new service creation found in registry under HKLM\\System\\CurrentControlSet\\Services\\CDPUserSvc_29aa56\\ImagePath binary is: C:\\WINDOWS\\system32\\svchost.exe -k UnistackSvcGroup,[T1543.003],"[Persistence, Privilege Escalation]",[Windows Service]
800,Normal,"May 9, 2025 @ 11:22:49.319",15,10.12.25.3,Windows11,Microsoft-Windows-Sysmon/Operational,13,3164,,,,,,,NT AUTHORITY\\SYSTEM,,,,3,92307,Evidence of new service creation found in registry under HKLM\\System\\CurrentControlSet\\Services\\CloudBackupRestoreSvc_29aa56\\ImagePath binary is: C:\\WINDOWS\\system32\\svchost.exe -k UnistackSvcGroup,[T1543.003],"[Persistence, Privilege Escalation]",[Windows Service]
801,Normal,"May 9, 2025 @ 11:22:49.771",15,10.12.25.3,Windows11,Microsoft-Windows-Sysmon/Operational,13,3164,,,,,,,NT AUTHORITY\\SYSTEM,,,,3,92307,Evidence of new service creation found in registry under HKLM\\System\\CurrentControlSet\\Services\\ConsentUxUserSvc_29aa56\\ImagePath binary is: C:\\WINDOWS\\system32\\svchost.exe -k DevicesFlow,[T1543.003],"[Persistence, Privilege Escalation]",[Windows Service]
