216,Normal,"May 9, 2025 @ 11:15:54.212",15,10.12.25.3,Windows11,Microsoft-Windows-Sysmon/Operational,11,3164,,,,,,,NT AUTHORITY\\SYSTEM,,,,6,92217,Executable dropped in Windows root folder,[T1570],[Lateral Movement],[Lateral Tool Transfer]
217,Normal,"May 9, 2025 @ 11:15:55.406",15,10.12.25.3,Windows11,Security,4688,4,,,,,,,,,"C:\\WINDOWS\\SysWOW64\\regsvr32.exe /s \""C:\\WINDOWS\\SysWOW64\\PrintConfig.dll\""",,3,67027,A process was created.,,,
218,Normal,"May 9, 2025 @ 11:15:56.138",15,10.12.25.3,Windows11,Security,4688,4,,,,,,,,,"\""C:\\Program Files (x86)\\Microsoft\\EdgeUpdate\\MicrosoftEdgeUpdate.exe\"" /svc",,3,67027,A process was created.,,,
219,Normal,"May 9, 2025 @ 11:15:56.139",15,10.12.25.3,Windows11,Security,4688,4,,,,,,,,,C:\\WINDOWS\\System32\\vdsldr.exe -Embedding,,3,67027,A process was created.,,,
220,Normal,"May 9, 2025 @ 11:15:56.202",15,10.12.25.3,Windows11,Security,4624,860,,Negotiate,Advapi,,,,,,,,3,60106,Windows Logon Success,[T1078],"[Defense Evasion, Persistence, Privilege Escalation, Initial Access]",[Valid Accounts]
221,Normal,"May 9, 2025 @ 11:15:56.231",15,10.12.25.3,Windows11,Security,4688,4,,,,,,,,,C:\\WINDOWS\\System32\\vds.exe,,3,67027,A process was created.,,,
222,Normal,"May 9, 2025 @ 11:15:57.933",15,10.12.25.3,Windows11,Security,4688,4,,,,,,,,,"\""C:\\Program Files (x86)\\Microsoft\\EdgeUpdate\\MicrosoftEdgeUpdate.exe\"" /c",,3,67027,A process was created.,,,
223,Normal,"May 9, 2025 @ 11:15:58.016",15,10.12.25.3,Windows11,Security,4624,860,,Negotiate,Advapi,,,,,,,,3,60106,Windows Logon Success,[T1078],"[Defense Evasion, Persistence, Privilege Escalation, Initial Access]",[Valid Accounts]
224,Normal,"May 9, 2025 @ 11:15:58.025",15,10.12.25.3,Windows11,Security,4688,4,,,,,,,,,C:\\WINDOWS\\system32\\svchost.exe -k InvSvcGroup -p,,3,67027,A process was created.,,,
225,Normal,"May 9, 2025 @ 11:15:58.078",15,10.12.25.3,Windows11,Security,4688,4,,,,,,,,,"\""C:\\Program Files (x86)\\Microsoft\\EdgeUpdate\\MicrosoftEdgeUpdate.exe\"" /ua /installsource core",,3,67027,A process was created.,,,
226,Normal,"May 9, 2025 @ 11:16:01.209",15,10.12.25.3,Windows11,Security,4688,4,,,,,,,,,C:\\WINDOWS\\System32\\svchost.exe -k NetworkService -p,,3,67027,A process was created.,,,
227,Normal,"May 9, 2025 @ 11:16:14.935",15,10.12.25.3,Windows11,Application,16384,2788,,,,,,,,,,,3,60642,Software protection service scheduled successfully.,,,
228,Normal,"May 9, 2025 @ 11:16:25.846",15,10.12.25.3,Windows11,Microsoft-Windows-Sysmon/Operational,11,3164,,,,,,,NT AUTHORITY\\SYSTEM,,,,12,92206,"DLL file created by printer spool service, possible malware binary drop from PrintNightmare exploit",[T1574.010],"[Persistence, Privilege Escalation, Defense Evasion]",[Services File Permissions Weakness]
229,Normal,"May 9, 2025 @ 11:16:25.850",15,10.12.25.3,Windows11,Microsoft-Windows-Sysmon/Operational,11,3164,,,,,,,NT AUTHORITY\\SYSTEM,,,,12,92206,"DLL file created by printer spool service, possible malware binary drop from PrintNightmare exploit",[T1574.010],"[Persistence, Privilege Escalation, Defense Evasion]",[Services File Permissions Weakness]
230,Normal,"May 9, 2025 @ 11:16:27.782",15,10.12.25.3,Windows11,Microsoft-Windows-Sysmon/Operational,11,3164,,,,,,,NT AUTHORITY\\SYSTEM,,,,12,92206,"DLL file created by printer spool service, possible malware binary drop from PrintNightmare exploit",[T1574.010],"[Persistence, Privilege Escalation, Defense Evasion]",[Services File Permissions Weakness]
231,Normal,"May 9, 2025 @ 11:16:28.109",15,10.12.25.3,Windows11,Security,4688,4,,,,,,,,,"\""C:\\Program Files (x86)\\Microsoft\\EdgeUpdate\\MicrosoftEdgeUpdate.exe\"" /svc",,3,67027,A process was created.,,,
232,Normal,"May 9, 2025 @ 11:16:29.302",15,10.12.25.3,Windows11,Security,4688,4,,,,,,,,,C:\\WINDOWS\\Microsoft.NET\\Framework\\v4.0.30319\\Ngen.exe  Update /Queue /Delay,,3,67027,A process was created.,,,
233,Normal,"May 9, 2025 @ 11:16:29.368",15,10.12.25.3,Windows11,Security,4688,4,,,,,,,,,C:\\WINDOWS\\Microsoft.NET\\Framework64\\v4.0.30319\\Ngen.exe  Update /Queue /Delay,,3,67027,A process was created.,,,
234,Normal,"May 9, 2025 @ 11:16:29.369",15,10.12.25.3,Windows11,Security,4688,4,,,,,,,,,\\??\\C:\\WINDOWS\\system32\\conhost.exe 0xffffffff -ForceV1,,3,67027,A process was created.,,,
235,Normal,"May 9, 2025 @ 11:16:29.403",15,10.12.25.3,Windows11,Security,4688,4,,,,,,,,,\\??\\C:\\WINDOWS\\system32\\conhost.exe 0xffffffff -ForceV1,,3,67027,A process was created.,,,
236,Normal,"May 9, 2025 @ 11:16:30.381",15,10.12.25.3,Windows11,Security,4688,4,,,,,,,,,"C:\\Windows\\Microsoft.NET\\Framework64\\v4.0.30319\\mscorsvw.exe -StartupEvent 22c -InterruptEvent 0 -NGENProcess 21c -Pipe 228 -Comment \""NGen Worker Process\""",,3,67027,A process was created.,,,
237,Normal,"May 9, 2025 @ 11:16:30.400",15,10.12.25.3,Windows11,Security,4688,4,,,,,,,,,"C:\\Windows\\Microsoft.NET\\Framework\\v4.0.30319\\mscorsvw.exe -StartupEvent 270 -InterruptEvent 0 -NGENProcess 228 -Pipe 22c -Comment \""NGen Worker Process\""",,3,67027,A process was created.,,,
238,Normal,"May 9, 2025 @ 11:16:31.462",15,10.12.25.3,Windows11,Security,4688,4,,,,,,,,,"C:\\Windows\\Microsoft.NET\\Framework64\\v4.0.30319\\mscorsvw.exe -StartupEvent 2a4 -InterruptEvent 0 -NGENProcess 22c -Pipe 298 -Comment \""NGen Worker Process\""",,3,67027,A process was created.,,,
239,Normal,"May 9, 2025 @ 11:16:31.522",15,10.12.25.3,Windows11,Security,4688,4,,,,,,,,,taskhostw.exe {222A245B-E637-4AE9-A93F-A59CA119A75E},,3,67027,A process was created.,,,
240,Normal,"May 9, 2025 @ 11:16:31.537",15,10.12.25.3,Windows11,Security,4688,4,,,,,,,,,"C:\\Windows\\Microsoft.NET\\Framework64\\v4.0.30319\\mscorsvw.exe -StartupEvent 2a4 -InterruptEvent 0 -NGENProcess 274 -Pipe 29c -Comment \""NGen Worker Process\""",,3,67027,A process was created.,,,
241,Normal,"May 9, 2025 @ 11:16:31.567",15,10.12.25.3,Windows11,Security,4688,4,,,,,,,,,"C:\\Windows\\Microsoft.NET\\Framework\\v4.0.30319\\mscorsvw.exe -StartupEvent 324 -InterruptEvent 0 -NGENProcess 318 -Pipe 320 -Comment \""NGen Worker Process\""",,3,67027,A process was created.,,,
242,Normal,"May 9, 2025 @ 11:16:33.038",15,10.12.25.3,Windows11,Security,4688,4,,,,,,,,,"C:\\Windows\\Microsoft.NET\\Framework\\v4.0.30319\\mscorsvw.exe -StartupEvent 338 -InterruptEvent 0 -NGENProcess 340 -Pipe 32c -Comment \""NGen Worker Process\""",,3,67027,A process was created.,,,
243,Normal,"May 9, 2025 @ 11:16:33.099",15,10.12.25.3,Windows11,Security,4688,4,,,,,,,,,"\""C:\\Windows\\Microsoft.NET\\Framework64\\v4.0.30319\\NGenTask.exe\"" /RuntimeWide /Critical /StopEvent:532",,3,67027,A process was created.,,,
244,Normal,"May 9, 2025 @ 11:16:33.100",15,10.12.25.3,Windows11,Security,4688,4,,,,,,,,,\\??\\C:\\WINDOWS\\system32\\conhost.exe 0xffffffff -ForceV1,,3,67027,A process was created.,,,
245,Normal,"May 9, 2025 @ 11:16:33.104",15,10.12.25.3,Windows11,Security,4688,4,,,,,,,,,"\""C:\\Windows\\Microsoft.NET\\Framework\\v4.0.30319\\NGenTask.exe\"" /RuntimeWide /Critical /StopEvent:1000",,3,67027,A process was created.,,,
246,Normal,"May 9, 2025 @ 11:16:34.222",15,10.12.25.3,Windows11,Security,4688,4,,,,,,,,,\\??\\C:\\WINDOWS\\system32\\conhost.exe 0xffffffff -ForceV1,,3,67027,A process was created.,,,
247,Normal,"May 9, 2025 @ 11:16:38.315",15,10.12.25.3,Windows11,Security,4688,4,,,,,,,,,"\""C:\\Windows\\Microsoft.NET\\Framework64\\v4.0.30319\\ngen.exe\"" ExecuteQueuedItems 2 /LegacyServiceBehavior",,3,67027,A process was created.,,,
248,Normal,"May 9, 2025 @ 11:16:38.331",15,10.12.25.3,Windows11,Security,4688,4,,,,,,,,,"\""C:\\Windows\\Microsoft.NET\\Framework\\v4.0.30319\\ngen.exe\"" ExecuteQueuedItems 2 /LegacyServiceBehavior",,3,67027,A process was created.,,,
249,Normal,"May 9, 2025 @ 11:16:41.185",15,10.12.25.3,Windows11,Security,4688,4,,,,,,,,,"\""C:\\Program Files (x86)\\Microsoft\\EdgeUpdate\\Install\\{172FB946-0164-4D00-A83D-BE8209EC2B2D}\\MicrosoftEdgeUpdateSetup_X86_1.3.195.57.exe\"" /update /sessionid \""{8E3A38FA-F7C6-41D9-BDED-1351E9BD89A1}\""",,3,67027,A process was created.,,,
250,Normal,"May 9, 2025 @ 11:16:41.241",15,10.12.25.3,Windows11,Security,4688,4,,,,,,,,,"\""C:\\Program Files (x86)\\Microsoft\\EdgeUpdate\\MicrosoftEdgeUpdate.exe\"" /ping PD94bWwgdmVyc2lvbj0iMS4wIiBlbmNvZGluZz0iVVRGLTgiPz48cmVxdWVzdCBwcm90b2NvbD0iMy4wIiB1cGRhdGVyPSJPbWFoYSIgdXBkYXRlcnZlcnNpb249IjEuMy4xOTUuNDkiIHNoZWxsX3ZlcnNpb249IjEuMy4xODUuMjciIGlzbWFjaGluZT0iMSIgc2Vzc2lvbmlkPSJ7OEUzQTM4RkEtRjdDNi00MUQ5LUJERUQtMTM1MUU5QkQ4OUExfSIgdXNlcmlkPSJ7MjdBMTkwQjUtNkFFQy00OTg4LThBMDQtM0Y5QjY5Njc3RUU0fSIgaW5zdGFsbHNvdXJjZT0iY29yZSIgcmVxdWVzdGlkPSJ7OEI1ODBBRUMtNTlEMS00NzFCLUI2RTgtQkE1ODkxNjRFQTI0fSIgZGVkdXA9ImNyIiBkb21haW5qb2luZWQ9IjAiPjxodyBsb2dpY2FsX2NwdXM9IjQiIHBoeXNtZW1vcnk9IjIiIGRpc2tfdHlwZT0iMiIgc3NlPSIxIiBzc2UyPSIxIiBzc2UzPSIxIiBzc3NlMz0iMSIgc3NlNDE9IjEiIHNzZTQyPSIxIiBhdng9IjEiLz48b3MgcGxhdGZvcm09IndpbiIgdmVyc2lvbj0iMTAuMC4yNjEwMC4zNzc1IiBzcD0iIiBhcmNoPSJ4NjQiIHByb2R1Y3RfdHlwZT0iNDgiIGlzX3dpcD0iMCIgaXNfaW5fbG9ja2Rvd25fbW9kZT0iMCIvPjxvZW0gcHJvZHVjdF9tYW51ZmFjdHVyZXI9IlZNd2FyZSwgSW5jLiIgcHJvZHVjdF9uYW1lPSJWTXdhcmUyMCwxIi8-PGV4cCBldGFnPSImcXVvdDtFK3hiQXo2WTZzVTEyODliUzZxbDRWUkxia2pmQlVHVE1Kc2pySHI0NGlJPSZxdW90OyIvPjxhcHAgYXBwaWQ9IntGM0M0RkUwMC1FRkQ1LTQwM0ItOTU2OS0zOThBMjBGMUJBNEF9IiB2ZXJzaW9uPSIxLjMuMTk1LjQ5IiBuZXh0dmVyc2lvbj0iMS4zLjE5NS41NyIgbGFuZz0iIiBicmFuZD0iSU5CWCIgY2xpZW50PSIiIGluc3RhbGxhZ2U9IjQ1IiBjb2hvcnQ9InJyZkAwLjExIj48dXBkYXRlY2hlY2svPjxldmVudCBldmVudHR5cGU9IjEyIiBldmVudHJlc3VsdD0iMSIgZXJyb3Jjb2RlPSIwIiBleHRyYWNvZGUxPSIwIiBzeXN0ZW1fdXB0aW1lX3RpY2tzPSIyMDczODA5MjczIiBkb25lX2JlZm9yZV9vb2JlX2NvbXBsZXRlPSIwIi8-PGV2ZW50IGV2ZW50dHlwZT0iMTMiIGV2ZW50cmVzdWx0PSIxIiBlcnJvcmNvZGU9IjAiIGV4dHJhY29kZTE9IjAiIHN5c3RlbV91cHRpbWVfdGlja3M9IjIwNzQ0NTM5NTQiIGRvbmVfYmVmb3JlX29vYmVfY29tcGxldGU9IjAiLz48ZXZlbnQgZXZlbnR0eXBlPSIxNCIgZXZlbnRyZXN1bHQ9IjEiIGVycm9yY29kZT0iMCIgZXh0cmFjb2RlMT0iMCIgc3lzdGVtX3VwdGltZV90aWNrcz0iMjEyMDM5ODk5MyIgc291cmNlX3VybF9pbmRleD0iMCIgZG9uZV9iZWZvcmVfb29iZV9jb21wbGV0ZT0iMCIgZG93bmxvYWRlcj0iZG8iIHVybD0iaHR0cDovL21zZWRnZS5iLnRsdS5kbC5kZWxpdmVyeS5tcC5taWNyb3NvZnQuY29tL2ZpbGVzdHJlYW1pbmdzZXJ2aWNlL2ZpbGVzLzM1OGI3ZjNkLWI3YjctNDdmNS1hYmQxLWZiNjFkMTNmMGRhOD9QMT0xNzQ3MzkwNTk0JmFtcDtQMj00MDQmYW1wO1AzPTImYW1wO1A0PWt4ZTNUeDlpY2JZN25ZUWZJQjNrVGNqVlNIbWliQlhuallCJTJmN0RWTDVQdWRHM0hhZWJteGJKQUh5Z2tTVXh5bk9NYjR4TFFHcVdKbFhlOUtpejRWRlElM2QlM2QiIHNlcnZlcl9pcF9oaW50PSIiIGNkbl9jaWQ9Ii0xIiBjZG5fY2NjPSIiIGNkbl9tc2VkZ2VfcmVmPSIiIGNkbl9henVyZV9yZWZfb3JpZ2luX3NoaWVsZD0iIiBjZG5fY2FjaGU9IiIgY2RuX3AzcD0iIiBkb3dubG9hZGVkPSIxNjU2OTA0IiB0b3RhbD0iMTY1NjkwNCIgZG93bmxvYWRfdGltZV9tcz0iMjc5MSIvPjxldmVudCBldmVudHR5cGU9IjE0IiBldmVudHJlc3VsdD0iMSIgZXJyb3Jjb2RlPSIwIiBleHRyYWNvZGUxPSIwIiBzeXN0ZW1fdXB0aW1lX3RpY2tzPSIyMTIwOTg2NTIzIiBzb3VyY2VfdXJsX2luZGV4PSIwIiBkb25lX2JlZm9yZV9vb2JlX2NvbXBsZXRlPSIwIi8-PGV2ZW50IGV2ZW50dHlwZT0iMTUiIGV2ZW50cmVzdWx0PSIxIiBlcnJvcmNvZGU9IjAiIGV4dHJhY29kZTE9IjAiIHN5c3RlbV91cHRpbWVfdGlja3M9IjIxMjcyOTQzMDMiIGRvbmVfYmVmb3JlX29vYmVfY29tcGxldGU9IjAiLz48cGluZyByPSI3IiByZD0iNjY5NiIgcGluZ19mcmVzaG5lc3M9IntGMUIxRjg5RS04RURFLTQyRDYtODBENS1DQjQ5ODQ0RTUwMTB9Ii8-PC9hcHA-PGFwcCBhcHBpZD0iezU2RUIxOEY4LUIwMDgtNENCRC1CNkQyLThDOTdGRTdFOTA2Mn0iIHZlcnNpb249IjEzNS4wLjMxNzkuOTgiIG5leHR2ZXJzaW9uPSIiIGxhbmc9IiIgYnJhbmQ9IklOQlgiIGNsaWVudD0iIiBleHBlcmltZW50cz0iY29uc2VudD1mYWxzZSIgaW5zdGFsbGFnZT0iNDUiIGNvaG9ydD0icnJmQDAuOTAiIG9vYmVfaW5zdGFsbF90aW1lPSIxMzM4NzMyNzEyNjI3ODEwMTAiIHVwZGF0ZV9jb3VudD0iNCI-PHVwZGF0ZWNoZWNrLz48cGluZyByPSI3IiByZD0iNjY5NiIgcGluZ19mcmVzaG5lc3M9Ins4NDc4NjY5Qy02MjVCLTQ2MzQtOTBFNy0yQTYyOTFDOEZEQjZ9Ii8-PC9hcHA-PGFwcCBhcHBpZD0ie0YzMDE3MjI2LUZFMkEtNDI5NS04QkRGLTAwQzNBOUE3RTRDNX0iIHZlcnNpb249IjEzNS4wLjMxNzkuOTgiIG5leHR2ZXJzaW9uPSIiIGxhbmc9IiIgYnJhbmQ9IklOQlgiIGNsaWVudD0iIiBleHBlcmltZW50cz0iY29uc2VudD1mYWxzZSIgaW5zdGFsbGFnZT0iNDUiIGNvaG9ydD0icnJmQDAuMjkiIHVwZGF0ZV9jb3VudD0iNCI-PHVwZGF0ZWNoZWNrLz48cGluZyByPSI3IiByZD0iNjY5NiIgcGluZ19mcmVzaG5lc3M9Ins5NDExMTZBNS0xQzMzLTRCNkUtOEQ2OC02QTc5QkI0RUQ3NkJ9Ii8-PC9hcHA-PC9yZXF1ZXN0Pg",,3,67027,A process was created.,,,
251,Normal,"May 9, 2025 @ 11:16:46.707",15,10.12.25.3,Windows11,System,7023,840,,,,,,,,,,,5,61102,Windows System error event,,,
252,Normal,"May 9, 2025 @ 11:16:46.721",15,10.12.25.3,Windows11,Security,4688,4,,,,,,,,,"C:\\Windows\\Microsoft.NET\\Framework\\v4.0.30319\\mscorsvw.exe -StartupEvent 290 -InterruptEvent 0 -NGENProcess 244 -Pipe 28c -Comment \""NGen Worker Process\""",,3,67027,A process was created.,,,
253,Normal,"May 9, 2025 @ 11:16:47.819",15,10.12.25.3,Windows11,Security,4688,4,,,,,,,,,C:\\WINDOWS\\system32\\svchost.exe -k LocalService,,3,67027,A process was created.,,,
254,Normal,"May 9, 2025 @ 11:16:47.858",15,10.12.25.3,Windows11,Security,4688,4,,,,,,,,,"\""C:\\Program Files (x86)\\Microsoft\\Temp\\EU4353.tmp\\MicrosoftEdgeUpdate.exe\"" /update /sessionid \""{8E3A38FA-F7C6-41D9-BDED-1351E9BD89A1}\""",,3,67027,A process was created.,,,
255,Normal,"May 9, 2025 @ 11:16:50.252",15,10.12.25.3,Windows11,Security,4688,4,,,,,,,,,"\""C:\\WINDOWS\\system32\\wermgr.exe\"" -upload",,3,67027,A process was created.,,,
256,Normal,"May 9, 2025 @ 11:16:50.313",15,10.12.25.3,Windows11,Security,4688,4,,,,,,,,,"C:\\Windows\\Microsoft.NET\\Framework\\v4.0.30319\\mscorsvw.exe -StartupEvent 308 -InterruptEvent 0 -NGENProcess 304 -Pipe 2f4 -Comment \""NGen Worker Process\""",,3,67027,A process was created.,,,
257,Normal,"May 9, 2025 @ 11:16:52.118",15,10.12.25.3,Windows11,Security,4688,4,,,,,,,,,taskhostw.exe,,3,67027,A process was created.,,,
258,Normal,"May 9, 2025 @ 11:18:59.246",0,,wazuhVM,,,,,,,,,,,,,,7,533,Listened ports status (netstat) changed (new port opened or closed).,,,
259,Normal,"May 9, 2025 @ 11:19:02.111",15,10.12.25.3,Windows11,System,10010,416,,,,,,,,,,,5,61102,Windows System error event,,,
260,Normal,"May 9, 2025 @ 11:19:02.458",15,10.12.25.3,Windows11,Security,4688,4,,,,,,,,,"C:\\Windows\\Microsoft.NET\\Framework\\v4.0.30319\\mscorsvw.exe -StartupEvent 310 -InterruptEvent 0 -NGENProcess 330 -Pipe 308 -Comment \""NGen Worker Process\""",,3,67027,A process was created.,,,
261,Normal,"May 9, 2025 @ 11:19:02.735",15,10.12.25.3,Windows11,Application,1003,2788,,,,,,,,,,,3,60668,The Windows search service started.,,,
262,Normal,"May 9, 2025 @ 11:19:02.991",15,10.12.25.3,Windows11,Microsoft-Windows-Sysmon/Operational,11,3164,,,,,,,NT AUTHORITY\\SYSTEM,,,,6,92217,Executable dropped in Windows root folder,[T1570],[Lateral Movement],[Lateral Tool Transfer]
263,Normal,"May 9, 2025 @ 11:19:03.008",15,10.12.25.3,Windows11,Microsoft-Windows-Sysmon/Operational,11,3164,,,,,,,NT AUTHORITY\\SYSTEM,,,,6,92217,Executable dropped in Windows root folder,[T1570],[Lateral Movement],[Lateral Tool Transfer]
264,Normal,"May 9, 2025 @ 11:19:03.068",15,10.12.25.3,Windows11,Microsoft-Windows-Sysmon/Operational,11,3164,,,,,,,NT AUTHORITY\\SYSTEM,,,,6,92217,Executable dropped in Windows root folder,[T1570],[Lateral Movement],[Lateral Tool Transfer]
265,Normal,"May 9, 2025 @ 11:19:03.262",15,10.12.25.3,Windows11,Security,4688,4,,,,,,,,,"\""C:\\Program Files (x86)\\Microsoft\\EdgeUpdate\\MicrosoftEdgeUpdate.exe\"" /regserver",,3,67027,A process was created.,,,
266,Normal,"May 9, 2025 @ 11:19:03.277",15,10.12.25.3,Windows11,Microsoft-Windows-Windows Defender/Operational,5007,3128,,,,,,,,,,,5,62154,Windows Defender: Antimalware platform feature configuration changed,,,
267,Normal,"May 9, 2025 @ 11:19:03.478",15,10.12.25.3,Windows11,Microsoft-Windows-Windows Defender/Operational,2000,3128,,,,,,,SYSTEM,,,,3,62130,Windows Defender: Antimalware definitions updated successfully,,,
268,Normal,"May 9, 2025 @ 11:19:03.559",15,10.12.25.3,Windows11,Microsoft-Windows-Windows Defender/Operational,2000,3128,,,,,,,SYSTEM,,,,3,62130,Windows Defender: Antimalware definitions updated successfully,,,
269,Normal,"May 9, 2025 @ 11:19:03.691",15,10.12.25.3,Windows11,Security,4688,4,,,,,,,,,"\""C:\\Program Files (x86)\\Microsoft\\EdgeUpdate\\1.3.195.57\\MicrosoftEdgeUpdateComRegisterShell64.exe\""",,3,67027,A process was created.,,,
270,Normal,"May 9, 2025 @ 11:19:03.838",15,10.12.25.3,Windows11,Security,4616,4,,,,,,,,,,,5,60132,System time changed,,,
271,Normal,"May 9, 2025 @ 11:19:03.866",15,10.12.25.3,Windows11,Security,4616,4,,,,,,,,,,,5,60132,System time changed,,,
272,Normal,"May 9, 2025 @ 11:19:03.884",15,10.12.25.3,Windows11,Security,4688,4,,,,,,,,,"\""C:\\WINDOWS\\system32\\dmclient.exe\"" utcwnf",,3,67027,A process was created.,,,
273,Normal,"May 9, 2025 @ 11:19:03.927",15,10.12.25.3,Windows11,Security,4688,4,,,,,,,,,\\??\\C:\\WINDOWS\\system32\\conhost.exe 0xffffffff -ForceV1,,3,67027,A process was created.,,,
274,Normal,"May 9, 2025 @ 11:19:04.046",15,10.12.25.3,Windows11,System,7023,840,,,,,,,,,,,5,61102,Windows System error event,,,
275,Normal,"May 9, 2025 @ 11:19:04.046",15,10.12.25.3,Windows11,Security,4688,4,,,,,,,,,"C:\\Windows\\Microsoft.NET\\Framework\\v4.0.30319\\mscorsvw.exe -StartupEvent 310 -InterruptEvent 0 -NGENProcess 344 -Pipe 25c -Comment \""NGen Worker Process\""",,3,67027,A process was created.,,,
276,Normal,"May 9, 2025 @ 11:19:04.056",15,10.12.25.3,Windows11,System,7040,840,,,,,,,,,,,3,61104,Service startup type was changed,,,
277,Normal,"May 9, 2025 @ 11:19:04.057",15,10.12.25.3,Windows11,System,7040,840,,,,,,,,,,,3,61104,Service startup type was changed,,,
278,Normal,"May 9, 2025 @ 11:19:04.057",15,10.12.25.3,Windows11,Security,4688,4,,,,,,,,,"\""C:\\Program Files (x86)\\Microsoft\\EdgeUpdate\\1.3.195.57\\MicrosoftEdgeUpdateComRegisterShell64.exe\""",,3,67027,A process was created.,,,
279,Normal,"May 9, 2025 @ 11:19:04.058",15,10.12.25.3,Windows11,Security,4688,4,,,,,,,,,"\""C:\\Program Files (x86)\\Microsoft\\EdgeUpdate\\1.3.195.57\\MicrosoftEdgeUpdateComRegisterShell64.exe\""",,3,67027,A process was created.,,,
280,Normal,"May 9, 2025 @ 11:19:04.151",15,10.12.25.3,Windows11,Security,4688,4,,,,,,,,,"C:\\Windows\\Microsoft.NET\\Framework\\v4.0.30319\\mscorsvw.exe -StartupEvent 334 -InterruptEvent 0 -NGENProcess 324 -Pipe 304 -Comment \""NGen Worker Process\""",,3,67027,A process was created.,,,
281,Normal,"May 9, 2025 @ 11:19:04.151",15,10.12.25.3,Windows11,Security,4688,4,,,,,,,,,"C:\\Windows\\Microsoft.NET\\Framework\\v4.0.30319\\mscorsvw.exe -StartupEvent 334 -InterruptEvent 0 -NGENProcess 348 -Pipe 340 -Comment \""NGen Worker Process\""",,3,67027,A process was created.,,,
282,Normal,"May 9, 2025 @ 11:19:04.152",15,10.12.25.3,Windows11,Security,4688,4,,,,,,,,,C:\\WINDOWS\\System32\\svchost.exe -k LocalServiceNetworkRestricted -p,,3,67027,A process was created.,,,
283,Normal,"May 9, 2025 @ 11:19:04.152",15,10.12.25.3,Windows11,Security,4688,4,,,,,,,,,"C:\\Windows\\Microsoft.NET\\Framework\\v4.0.30319\\mscorsvw.exe -StartupEvent 364 -InterruptEvent 0 -NGENProcess 35c -Pipe 360 -Comment \""NGen Worker Process\""",,3,67027,A process was created.,,,
284,Normal,"May 9, 2025 @ 11:19:04.196",15,10.12.25.3,Windows11,Security,4624,860,,Negotiate,Advapi,,,,,,,,3,60106,Windows Logon Success,[T1078],"[Defense Evasion, Persistence, Privilege Escalation, Initial Access]",[Valid Accounts]
285,Normal,"May 9, 2025 @ 11:19:04.197",15,10.12.25.3,Windows11,Security,4688,4,,,,,,,,,C:\\WINDOWS\\system32\\SearchIndexer.exe /Embedding,,3,67027,A process was created.,,,
286,Normal,"May 9, 2025 @ 11:19:04.197",15,10.12.25.3,Windows11,Security,4688,4,,,,,,,,,"\""C:\\Program Files (x86)\\Microsoft\\EdgeUpdate\\MicrosoftEdgeUpdate.exe\"" /svc",,3,67027,A process was created.,,,
287,Normal,"May 9, 2025 @ 11:19:04.245",15,10.12.25.3,Windows11,Security,4688,4,,,,,,,,,"C:\\Windows\\Microsoft.NET\\Framework\\v4.0.30319\\mscorsvw.exe -StartupEvent 358 -InterruptEvent 0 -NGENProcess 364 -Pipe 398 -Comment \""NGen Worker Process\""",,3,67027,A process was created.,,,
288,Normal,"May 9, 2025 @ 11:19:04.246",15,10.12.25.3,Windows11,Security,4688,4,,,,,,,,,"\""C:\\Program Files (x86)\\Microsoft\\EdgeUpdate\\MicrosoftEdgeUpdate.exe\"" /c",,3,67027,A process was created.,,,
289,Normal,"May 9, 2025 @ 11:19:04.249",15,10.12.25.3,Windows11,Security,4688,4,,,,,,,,,C:\\WINDOWS\\uus\\AMD64\\WaaSMedicAgent.exe 30dc3742b31793f9c87fe20455757c16 V4QRUN8jYU+LHMwrUXjrHQ.0.1.0.3.0,,3,67027,A process was created.,,,
290,Normal,"May 9, 2025 @ 11:19:04.261",15,10.12.25.3,Windows11,Security,4688,4,,,,,,,,,\\??\\C:\\WINDOWS\\system32\\conhost.exe 0xffffffff -ForceV1,,3,67027,A process was created.,,,
291,Normal,"May 9, 2025 @ 11:19:04.280",15,10.12.25.3,Windows11,Security,4688,4,,,,,,,,,"\""C:\\Program Files (x86)\\Microsoft\\EdgeUpdate\\MicrosoftEdgeUpdate.exe\"" /ua /installsource core",,3,67027,A process was created.,,,
292,Normal,"May 9, 2025 @ 11:19:04.281",15,10.12.25.3,Windows11,Security,4688,4,,,,,,,,,"C:\\Windows\\Microsoft.NET\\Framework\\v4.0.30319\\mscorsvw.exe -StartupEvent 368 -InterruptEvent 0 -NGENProcess 348 -Pipe 310 -Comment \""NGen Worker Process\""",,3,67027,A process was created.,,,
293,Normal,"May 9, 2025 @ 11:19:04.312",15,10.12.25.3,Windows11,Security,4688,4,,,,,,,,,\\??\\C:\\WINDOWS\\system32\\conhost.exe 0xffffffff -ForceV1,,3,67027,A process was created.,,,
294,Normal,"May 9, 2025 @ 11:19:04.312",15,10.12.25.3,Windows11,Security,4688,4,,,,,,,,,C:\\WINDOWS\\uus\\AMD64\\WaaSMedicAgent.exe 30dc3742b31793f9c87fe20455757c16 V4QRUN8jYU+LHMwrUXjrHQ.0.1.0.3.0,,3,67027,A process was created.,,,
295,Normal,"May 9, 2025 @ 11:19:04.329",15,10.12.25.3,Windows11,Security,4688,4,,,,,,,,,"\""C:\\Program Files (x86)\\Microsoft\\EdgeUpdate\\MicrosoftEdgeUpdate.exe\"" /ping PD94bWwgdmVyc2lvbj0iMS4wIiBlbmNvZGluZz0iVVRGLTgiPz48cmVxdWVzdCBwcm90b2NvbD0iMy4wIiB1cGRhdGVyPSJPbWFoYSIgdXBkYXRlcnZlcnNpb249IjEuMy4xOTUuNTciIHNoZWxsX3ZlcnNpb249IjEuMy4xODUuMjciIGlzbWFjaGluZT0iMSIgc2Vzc2lvbmlkPSJ7OEUzQTM4RkEtRjdDNi00MUQ5LUJERUQtMTM1MUU5QkQ4OUExfSIgdXNlcmlkPSJ7MjdBMTkwQjUtNkFFQy00OTg4LThBMDQtM0Y5QjY5Njc3RUU0fSIgaW5zdGFsbHNvdXJjZT0ic2VsZnVwZGF0ZSIgcmVxdWVzdGlkPSJ7QzdFMDUxMTQtRUFGRS00MTA3LTg3OTYtNzdFMERENDRDNTA1fSIgZGVkdXA9ImNyIiBkb21haW5qb2luZWQ9IjAiPjxodyBsb2dpY2FsX2NwdXM9IjQiIHBoeXNtZW1vcnk9IjIiIGRpc2tfdHlwZT0iMiIgc3NlPSIxIiBzc2UyPSIxIiBzc2UzPSIxIiBzc3NlMz0iMSIgc3NlNDE9IjEiIHNzZTQyPSIxIiBhdng9IjEiLz48b3MgcGxhdGZvcm09IndpbiIgdmVyc2lvbj0iMTAuMC4yNjEwMC4zNzc1IiBzcD0iIiBhcmNoPSJ4NjQiIHByb2R1Y3RfdHlwZT0iNDgiIGlzX3dpcD0iMCIgaXNfaW5fbG9ja2Rvd25fbW9kZT0iMCIvPjxvZW0gcHJvZHVjdF9tYW51ZmFjdHVyZXI9IlZNd2FyZSwgSW5jLiIgcHJvZHVjdF9uYW1lPSJWTXdhcmUyMCwxIi8-PGV4cCBldGFnPSImcXVvdDtFK3hiQXo2WTZzVTEyODliUzZxbDRWUkxia2pmQlVHVE1Kc2pySHI0NGlJPSZxdW90OyIvPjxhcHAgYXBwaWQ9IntGM0M0RkUwMC1FRkQ1LTQwM0ItOTU2OS0zOThBMjBGMUJBNEF9IiB2ZXJzaW9uPSIxLjMuMTk1LjQ5IiBuZXh0dmVyc2lvbj0iMS4zLjE5NS41NyIgbGFuZz0iIiBicmFuZD0iSU5CWCIgY2xpZW50PSIiIGluc3RhbGxhZ2U9IjQ1IiBpbnN0YWxsZGF0ZXRpbWU9IjE3NDI4NTMyMzAiIGNvaG9ydD0icnJmQDAuMTEiPjxldmVudCBldmVudHR5cGU9IjMiIGV2ZW50cmVzdWx0PSIxIiBlcnJvcmNvZGU9IjAiIGV4dHJhY29kZTE9IjAiIHN5c3RlbV91cHRpbWVfdGlja3M9IjI1MDgwMTE5MDkiLz48L2FwcD48L3JlcXVlc3Q-",,3,67027,A process was created.,,,
296,Normal,"May 9, 2025 @ 11:19:04.330",15,10.12.25.3,Windows11,Security,4688,4,,,,,,,,,"C:\\Windows\\Microsoft.NET\\Framework\\v4.0.30319\\mscorsvw.exe -StartupEvent 36c -InterruptEvent 0 -NGENProcess 364 -Pipe 310 -Comment \""NGen Worker Process\""",,3,67027,A process was created.,,,
297,Normal,"May 9, 2025 @ 11:19:04.356",15,10.12.25.3,Windows11,Security,4688,4,,,,,,,,,"C:\\Windows\\Microsoft.NET\\Framework\\v4.0.30319\\mscorsvw.exe -StartupEvent 3a4 -InterruptEvent 0 -NGENProcess 35c -Pipe 3a0 -Comment \""NGen Worker Process\""",,3,67027,A process was created.,,,
298,Normal,"May 9, 2025 @ 11:19:04.376",15,10.12.25.3,Windows11,Security,4688,4,,,,,,,,,"C:\\Windows\\Microsoft.NET\\Framework\\v4.0.30319\\mscorsvw.exe -StartupEvent 34c -InterruptEvent 0 -NGENProcess 39c -Pipe 36c -Comment \""NGen Worker Process\""",,3,67027,A process was created.,,,
299,Normal,"May 9, 2025 @ 11:19:04.403",15,10.12.25.3,Windows11,Security,4688,4,,,,,,,,,"C:\\Windows\\Microsoft.NET\\Framework\\v4.0.30319\\mscorsvw.exe -StartupEvent 258 -InterruptEvent 0 -NGENProcess 270 -Pipe 34c -Comment \""NGen Worker Process\""",,3,67027,A process was created.,,,
300,Normal,"May 9, 2025 @ 11:19:04.403",15,10.12.25.3,Windows11,Security,4688,4,,,,,,,,,"C:\\Windows\\Microsoft.NET\\Framework\\v4.0.30319\\mscorsvw.exe -StartupEvent 35c -InterruptEvent 0 -NGENProcess 388 -Pipe 39c -Comment \""NGen Worker Process\""",,3,67027,A process was created.,,,
301,Normal,"May 9, 2025 @ 11:19:04.419",15,10.12.25.3,Windows11,Security,4688,4,,,,,,,,,"C:\\Windows\\Microsoft.NET\\Framework\\v4.0.30319\\mscorsvw.exe -StartupEvent 398 -InterruptEvent 0 -NGENProcess 350 -Pipe 3bc -Comment \""NGen Worker Process\""",,3,67027,A process was created.,,,
302,Normal,"May 9, 2025 @ 11:19:04.453",15,10.12.25.3,Windows11,Security,4688,4,,,,,,,,,"C:\\Windows\\Microsoft.NET\\Framework\\v4.0.30319\\mscorsvw.exe -StartupEvent 35c -InterruptEvent 0 -NGENProcess 3b0 -Pipe 330 -Comment \""NGen Worker Process\""",,3,67027,A process was created.,,,
303,Normal,"May 9, 2025 @ 11:19:04.456",15,10.12.25.3,Windows11,Security,4688,4,,,,,,,,,"C:\\Windows\\Microsoft.NET\\Framework64\\v4.0.30319\\mscorsvw.exe -StartupEvent 294 -InterruptEvent 0 -NGENProcess 280 -Pipe 290 -Comment \""NGen Worker Process\""",,3,67027,A process was created.,,,
304,Normal,"May 9, 2025 @ 11:19:04.467",15,10.12.25.3,Windows11,Security,4688,4,,,,,,,,,"C:\\Windows\\Microsoft.NET\\Framework64\\v4.0.30319\\mscorsvw.exe -StartupEvent 238 -InterruptEvent 0 -NGENProcess 2d4 -Pipe 248 -Comment \""NGen Worker Process\""",,3,67027,A process was created.,,,
305,Normal,"May 9, 2025 @ 11:19:04.515",15,10.12.25.3,Windows11,Security,4688,4,,,,,,,,,"\""C:\\Windows\\Microsoft.NET\\Framework\\v4.0.30319\\ngen.exe\"" install \""System.Core, Version=4.0.0.0, Culture=neutral, PublicKeyToken=b77a5c561934e089\"" /NoDependencies /noroot /version:v4.0.30319 /LegacyServiceBehavior",,3,67027,A process was created.,,,
306,Normal,"May 9, 2025 @ 11:19:04.527",15,10.12.25.3,Windows11,Security,4688,4,,,,,,,,,"\""C:\\WINDOWS\\System32\\SearchProtocolHost.exe\"" Global\\UsGthrFltPipeMssGthrPipe1_ Global\\UsGthrCtrlFltPipeMssGthrPipe1 1 -2147483646 \""Software\\Microsoft\\Windows Search\"" \""Mozilla/4.0 (compatible; MSIE 6.0; Windows NT; MS Search 4.0 Robot)\"" \""C:\\ProgramData\\Microsoft\\Search\\Data\\Temp\\usgthrsvc\"" \""DownLevelDaemon\""",,3,67027,A process was created.,,,
307,Normal,"May 9, 2025 @ 11:19:04.555",15,10.12.25.3,Windows11,Security,4688,4,,,,,,,,,"C:\\Windows\\Microsoft.NET\\Framework64\\v4.0.30319\\mscorsvw.exe -StartupEvent 218 -InterruptEvent 0 -NGENProcess 304 -Pipe 210 -Comment \""NGen Worker Process\""",,3,67027,A process was created.,,,
308,Normal,"May 9, 2025 @ 11:19:04.590",15,10.12.25.3,Windows11,Security,4688,4,,,,,,,,,"C:\\Windows\\Microsoft.NET\\Framework64\\v4.0.30319\\mscorsvw.exe -StartupEvent 320 -InterruptEvent 0 -NGENProcess 314 -Pipe 31c -Comment \""NGen Worker Process\""",,3,67027,A process was created.,,,
309,Normal,"May 9, 2025 @ 11:19:04.590",15,10.12.25.3,Windows11,Security,4688,4,,,,,,,,,"C:\\Windows\\Microsoft.NET\\Framework64\\v4.0.30319\\mscorsvw.exe -StartupEvent 2c8 -InterruptEvent 0 -NGENProcess 238 -Pipe 2cc -Comment \""NGen Worker Process\""",,3,67027,A process was created.,,,
310,Normal,"May 9, 2025 @ 11:19:04.633",15,10.12.25.3,Windows11,Security,4688,4,,,,,,,,,"C:\\Windows\\Microsoft.NET\\Framework64\\v4.0.30319\\mscorsvw.exe -StartupEvent 2c0 -InterruptEvent 0 -NGENProcess 238 -Pipe 1f0 -Comment \""NGen Worker Process\""",,3,67027,A process was created.,,,
311,Normal,"May 9, 2025 @ 11:19:04.633",15,10.12.25.3,Windows11,Security,4688,4,,,,,,,,,"C:\\Windows\\Microsoft.NET\\Framework64\\v4.0.30319\\mscorsvw.exe -StartupEvent 2c0 -InterruptEvent 0 -NGENProcess 19c -Pipe 318 -Comment \""NGen Worker Process\""",,3,67027,A process was created.,,,
312,Normal,"May 9, 2025 @ 11:19:04.663",15,10.12.25.3,Windows11,Security,4688,4,,,,,,,,,"C:\\Windows\\Microsoft.NET\\Framework64\\v4.0.30319\\mscorsvw.exe -StartupEvent 304 -InterruptEvent 0 -NGENProcess 20c -Pipe 230 -Comment \""NGen Worker Process\""",,3,67027,A process was created.,,,
313,Normal,"May 9, 2025 @ 11:19:04.698",15,10.12.25.3,Windows11,Security,4688,4,,,,,,,,,"C:\\Windows\\Microsoft.NET\\Framework64\\v4.0.30319\\mscorsvw.exe -StartupEvent 328 -InterruptEvent 0 -NGENProcess 2f0 -Pipe 2e8 -Comment \""NGen Worker Process\""",,3,67027,A process was created.,,,
314,Normal,"May 9, 2025 @ 11:19:04.700",15,10.12.25.3,Windows11,Security,4688,4,,,,,,,,,"C:\\Windows\\Microsoft.NET\\Framework64\\v4.0.30319\\mscorsvw.exe -StartupEvent 2d4 -InterruptEvent 0 -NGENProcess 2c8 -Pipe 304 -Comment \""NGen Worker Process\""",,3,67027,A process was created.,,,
315,Normal,"May 9, 2025 @ 11:19:04.722",15,10.12.25.3,Windows11,Security,4688,4,,,,,,,,,"C:\\Windows\\Microsoft.NET\\Framework64\\v4.0.30319\\mscorsvw.exe -StartupEvent 318 -InterruptEvent 0 -NGENProcess 238 -Pipe 2e0 -Comment \""NGen Worker Process\""",,3,67027,A process was created.,,,
316,Normal,"May 9, 2025 @ 11:19:04.754",15,10.12.25.3,Windows11,Security,4688,4,,,,,,,,,"C:\\Windows\\Microsoft.NET\\Framework64\\v4.0.30319\\mscorsvw.exe -StartupEvent 360 -InterruptEvent 0 -NGENProcess 354 -Pipe 35c -Comment \""NGen Worker Process\""",,3,67027,A process was created.,,,
317,Normal,"May 9, 2025 @ 11:19:04.790",15,10.12.25.3,Windows11,Security,4688,4,,,,,,,,,"C:\\Windows\\Microsoft.NET\\Framework64\\v4.0.30319\\mscorsvw.exe -StartupEvent 320 -InterruptEvent 0 -NGENProcess 330 -Pipe 318 -Comment \""NGen Worker Process\""",,3,67027,A process was created.,,,
318,Normal,"May 9, 2025 @ 11:19:04.800",15,10.12.25.3,Windows11,Security,4688,4,,,,,,,,,"C:\\Windows\\Microsoft.NET\\Framework64\\v4.0.30319\\mscorsvw.exe -StartupEvent 324 -InterruptEvent 0 -NGENProcess 238 -Pipe 26c -Comment \""NGen Worker Process\""",,3,67027,A process was created.,,,
319,Normal,"May 9, 2025 @ 11:19:04.815",15,10.12.25.3,Windows11,Security,4688,4,,,,,,,,,"\""C:\\Program Files (x86)\\Microsoft\\EdgeUpdate\\MicrosoftEdgeUpdate.exe\"" /svc",,3,67027,A process was created.,,,
320,Normal,"May 9, 2025 @ 11:19:04.861",15,10.12.25.3,Windows11,Security,4688,4,,,,,,,,,"C:\\Windows\\Microsoft.NET\\Framework64\\v4.0.30319\\mscorsvw.exe -StartupEvent 280 -InterruptEvent 0 -NGENProcess 238 -Pipe 2c0 -Comment \""NGen Worker Process\""",,3,67027,A process was created.,,,
321,Normal,"May 9, 2025 @ 11:19:04.882",15,10.12.25.3,Windows11,Security,4688,4,,,,,,,,,"C:\\Windows\\Microsoft.NET\\Framework64\\v4.0.30319\\mscorsvw.exe -StartupEvent 380 -InterruptEvent 0 -NGENProcess 2e4 -Pipe 37c -Comment \""NGen Worker Process\""",,3,67027,A process was created.,,,
322,Normal,"May 9, 2025 @ 11:19:04.884",15,10.12.25.3,Windows11,Security,4688,4,,,,,,,,,"C:\\Windows\\Microsoft.NET\\Framework64\\v4.0.30319\\mscorsvw.exe -StartupEvent 3bc -InterruptEvent 0 -NGENProcess 3b0 -Pipe 3b8 -Comment \""NGen Worker Process\""",,3,67027,A process was created.,,,
323,Normal,"May 9, 2025 @ 11:19:04.885",15,10.12.25.3,Windows11,Security,4688,4,,,,,,,,,wmiadap.exe /F /T /R,,3,67027,A process was created.,,,
324,Normal,"May 9, 2025 @ 11:19:04.895",15,10.12.25.3,Windows11,Security,4688,4,,,,,,,,,"C:\\Windows\\Microsoft.NET\\Framework64\\v4.0.30319\\mscorsvw.exe -StartupEvent 3bc -InterruptEvent 0 -NGENProcess 2d8 -Pipe 320 -Comment \""NGen Worker Process\""",,3,67027,A process was created.,,,
325,Normal,"May 9, 2025 @ 11:19:04.948",15,10.12.25.3,Windows11,Security,4688,4,,,,,,,,,"C:\\Windows\\Microsoft.NET\\Framework64\\v4.0.30319\\mscorsvw.exe -StartupEvent 32c -InterruptEvent 0 -NGENProcess 390 -Pipe 330 -Comment \""NGen Worker Process\""",,3,67027,A process was created.,,,
326,Normal,"May 9, 2025 @ 11:19:04.964",15,10.12.25.3,Windows11,Security,4688,4,,,,,,,,,"C:\\Windows\\Microsoft.NET\\Framework64\\v4.0.30319\\mscorsvw.exe -StartupEvent 37c -InterruptEvent 0 -NGENProcess 36c -Pipe 38c -Comment \""NGen Worker Process\""",,3,67027,A process was created.,,,
327,Normal,"May 9, 2025 @ 11:19:04.987",15,10.12.25.3,Windows11,Security,4688,4,,,,,,,,,"C:\\Windows\\Microsoft.NET\\Framework64\\v4.0.30319\\mscorsvw.exe -StartupEvent 3a4 -InterruptEvent 0 -NGENProcess 38c -Pipe 3b0 -Comment \""NGen Worker Process\""",,3,67027,A process was created.,,,
328,Normal,"May 9, 2025 @ 11:19:05.032",15,10.12.25.3,Windows11,Security,4688,4,,,,,,,,,"C:\\Windows\\Microsoft.NET\\Framework64\\v4.0.30319\\mscorsvw.exe -StartupEvent 368 -InterruptEvent 0 -NGENProcess 338 -Pipe 21c -Comment \""NGen Worker Process\""",,3,67027,A process was created.,,,
329,Normal,"May 9, 2025 @ 11:19:05.070",15,10.12.25.3,Windows11,Security,4688,4,,,,,,,,,"C:\\Windows\\Microsoft.NET\\Framework64\\v4.0.30319\\mscorsvw.exe -StartupEvent 340 -InterruptEvent 0 -NGENProcess 338 -Pipe 19c -Comment \""NGen Worker Process\""",,3,67027,A process was created.,,,
330,Normal,"May 9, 2025 @ 11:19:05.074",15,10.12.25.3,Windows11,Security,4688,4,,,,,,,,,C:\\WINDOWS\\winsxs\\amd64_microsoft-windows-servicingstack_31bf3856ad364e35_10.0.26100.3764_none_a5067b2d776484b6\\TiWorker.exe -Embedding,,3,67027,A process was created.,,,
331,Normal,"May 9, 2025 @ 11:19:05.096",15,10.12.25.3,Windows11,Security,4688,4,,,,,,,,,"C:\\Windows\\Microsoft.NET\\Framework64\\v4.0.30319\\mscorsvw.exe -StartupEvent 384 -InterruptEvent 0 -NGENProcess 38c -Pipe 3bc -Comment \""NGen Worker Process\""",,3,67027,A process was created.,,,
332,Normal,"May 9, 2025 @ 11:19:05.111",15,10.12.25.3,Windows11,Security,4688,4,,,,,,,,,"C:\\Windows\\Microsoft.NET\\Framework64\\v4.0.30319\\mscorsvw.exe -StartupEvent 350 -InterruptEvent 0 -NGENProcess 39c -Pipe 360 -Comment \""NGen Worker Process\""",,3,67027,A process was created.,,,
333,Normal,"May 9, 2025 @ 11:19:05.141",15,10.12.25.3,Windows11,Security,4688,4,,,,,,,,,"C:\\Windows\\Microsoft.NET\\Framework64\\v4.0.30319\\mscorsvw.exe -StartupEvent 218 -InterruptEvent 0 -NGENProcess 37c -Pipe 38c -Comment \""NGen Worker Process\""",,3,67027,A process was created.,,,
334,Normal,"May 9, 2025 @ 11:19:05.143",15,10.12.25.3,Windows11,Security,4688,4,,,,,,,,,"C:\\Windows\\Microsoft.NET\\Framework64\\v4.0.30319\\mscorsvw.exe -StartupEvent 340 -InterruptEvent 0 -NGENProcess 32c -Pipe 3bc -Comment \""NGen Worker Process\""",,3,67027,A process was created.,,,
335,Normal,"May 9, 2025 @ 11:19:05.155",15,10.12.25.3,Windows11,Security,4688,4,,,,,,,,,"C:\\Windows\\Microsoft.NET\\Framework64\\v4.0.30319\\mscorsvw.exe -StartupEvent 32c -InterruptEvent 0 -NGENProcess 38c -Pipe 340 -Comment \""NGen Worker Process\""",,3,67027,A process was created.,,,
336,Normal,"May 9, 2025 @ 11:19:05.206",15,10.12.25.3,Windows11,Security,4688,4,,,,,,,,,"C:\\Windows\\Microsoft.NET\\Framework64\\v4.0.30319\\mscorsvw.exe -StartupEvent 20c -InterruptEvent 0 -NGENProcess 358 -Pipe 34c -Comment \""NGen Worker Process\""",,3,67027,A process was created.,,,
337,Normal,"May 9, 2025 @ 11:19:05.235",15,10.12.25.3,Windows11,Security,4688,4,,,,,,,,,"C:\\Windows\\Microsoft.NET\\Framework64\\v4.0.30319\\mscorsvw.exe -StartupEvent 2d4 -InterruptEvent 0 -NGENProcess 38c -Pipe 2f0 -Comment \""NGen Worker Process\""",,3,67027,A process was created.,,,
338,Normal,"May 9, 2025 @ 11:19:05.247",15,10.12.25.3,Windows11,Security,4688,4,,,,,,,,,"C:\\Windows\\Microsoft.NET\\Framework64\\v4.0.30319\\mscorsvw.exe -StartupEvent 37c -InterruptEvent 0 -NGENProcess 33c -Pipe 390 -Comment \""NGen Worker Process\""",,3,67027,A process was created.,,,
339,Normal,"May 9, 2025 @ 11:19:05.247",15,10.12.25.3,Windows11,Security,4688,4,,,,,,,,,"C:\\Windows\\Microsoft.NET\\Framework64\\v4.0.30319\\mscorsvw.exe -StartupEvent 37c -InterruptEvent 0 -NGENProcess 324 -Pipe 218 -Comment \""NGen Worker Process\""",,3,67027,A process was created.,,,
340,Normal,"May 9, 2025 @ 11:19:05.267",15,10.12.25.3,Windows11,Security,4688,4,,,,,,,,,"C:\\Windows\\Microsoft.NET\\Framework64\\v4.0.30319\\mscorsvw.exe -StartupEvent 3a0 -InterruptEvent 0 -NGENProcess 328 -Pipe 32c -Comment \""NGen Worker Process\""",,3,67027,A process was created.,,,
341,Normal,"May 9, 2025 @ 11:19:05.298",15,10.12.25.3,Windows11,Security,4688,4,,,,,,,,,"C:\\Windows\\Microsoft.NET\\Framework64\\v4.0.30319\\mscorsvw.exe -StartupEvent 348 -InterruptEvent 0 -NGENProcess 3b4 -Pipe 3ac -Comment \""NGen Worker Process\""",,3,67027,A process was created.,,,
342,Normal,"May 9, 2025 @ 11:19:05.312",15,10.12.25.3,Windows11,Security,4688,4,,,,,,,,,"C:\\Windows\\Microsoft.NET\\Framework64\\v4.0.30319\\mscorsvw.exe -StartupEvent 3a0 -InterruptEvent 0 -NGENProcess 39c -Pipe 37c -Comment \""NGen Worker Process\""",,3,67027,A process was created.,,,
343,Normal,"May 9, 2025 @ 11:19:05.375",15,10.12.25.3,Windows11,Security,4688,4,,,,,,,,,"C:\\Windows\\Microsoft.NET\\Framework64\\v4.0.30319\\mscorsvw.exe -StartupEvent 33c -InterruptEvent 0 -NGENProcess 344 -Pipe 378 -Comment \""NGen Worker Process\""",,3,67027,A process was created.,,,
344,Normal,"May 9, 2025 @ 11:19:05.376",15,10.12.25.3,Windows11,Security,4688,4,,,,,,,,,"C:\\Windows\\Microsoft.NET\\Framework64\\v4.0.30319\\mscorsvw.exe -StartupEvent 3a0 -InterruptEvent 0 -NGENProcess 328 -Pipe 2d0 -Comment \""NGen Worker Process\""",,3,67027,A process was created.,,,
345,Normal,"May 9, 2025 @ 11:19:05.377",15,10.12.25.3,Windows11,Security,4688,4,,,,,,,,,"C:\\Windows\\Microsoft.NET\\Framework\\v4.0.30319\\mscorsvw.exe -StartupEvent 22c -InterruptEvent 0 -NGENProcess 230 -Pipe 228 -Comment \""NGen Worker Process\""",,3,67027,A process was created.,,,
346,Normal,"May 9, 2025 @ 11:19:05.401",15,10.12.25.3,Windows11,Security,4688,4,,,,,,,,,"\""C:\\Windows\\Microsoft.NET\\Framework64\\v4.0.30319\\ngen.exe\"" install \""System.Core, Version=4.0.0.0, Culture=neutral, PublicKeyToken=b77a5c561934e089\"" /NoDependencies /noroot /version:v4.0.30319 /LegacyServiceBehavior",,3,67027,A process was created.,,,
347,Normal,"May 9, 2025 @ 11:19:05.449",15,10.12.25.3,Windows11,Security,4688,4,,,,,,,,,"C:\\Windows\\Microsoft.NET\\Framework64\\v4.0.30319\\mscorsvw.exe -StartupEvent 178 -InterruptEvent 0 -NGENProcess 1f0 -Pipe bc -Comment \""NGen Worker Process\""",,3,67027,A process was created.,,,
348,Normal,"May 9, 2025 @ 11:19:05.530",15,10.12.25.3,Windows11,Security,4688,4,,,,,,,,,"\""C:\\Program Files (x86)\\Microsoft\\EdgeUpdate\\Install\\{76535960-46BB-4E5A-8689-A3AAA9206ECB}\\MicrosoftEdge_X64_136.0.3240.50_135.0.3179.98.exe\"" --msedge --verbose-logging --do-not-launch-msedge --system-level --channel=stable",,3,67027,A process was created.,,,
349,Normal,"May 9, 2025 @ 11:19:05.532",15,10.12.25.3,Windows11,Security,4688,4,,,,,,,,,taskhostw.exe,,3,67027,A process was created.,,,
350,Normal,"May 9, 2025 @ 11:19:05.568",15,10.12.25.3,Windows11,Security,4688,4,,,,,,,,,"\""C:\\Program Files (x86)\\Microsoft\\EdgeUpdate\\Install\\{76535960-46BB-4E5A-8689-A3AAA9206ECB}\\EDGEMITMP_9C38D.tmp\\setup.exe\"" --install-archive=\""C:\\Program Files (x86)\\Microsoft\\EdgeUpdate\\Install\\{76535960-46BB-4E5A-8689-A3AAA9206ECB}\\MicrosoftEdge_X64_136.0.3240.50_135.0.3179.98.exe\"" --previous-version=\""135.0.3179.98\"" --msedge --verbose-logging --do-not-launch-msedge --system-level --channel=stable",,3,67027,A process was created.,,,
351,Normal,"May 9, 2025 @ 11:19:05.570",15,10.12.25.3,Windows11,Security,4688,4,,,,,,,,,"\""C:\\Program Files (x86)\\Microsoft\\EdgeUpdate\\Install\\{76535960-46BB-4E5A-8689-A3AAA9206ECB}\\EDGEMITMP_9C38D.tmp\\setup.exe\"" --type=crashpad-handler /prefetch:4 --monitor-self-annotation=ptype=crashpad-handler --database=C:\\WINDOWS\\SystemTemp\\MsEdgeCrashpad --annotation=IsOfficialBuild=1 --annotation=channel= --annotation=chromium-version=136.0.7103.49 \""--annotation=exe=C:\\Program Files (x86)\\Microsoft\\EdgeUpdate\\Install\\{76535960-46BB-4E5A-8689-A3AAA9206ECB}\\EDGEMITMP_9C38D.tmp\\setup.exe\"" --annotation=plat=Win64 --annotation=prod=Edge --annotation=ver=136.0.3240.50 --initial-client-data=0x248,0x24c,0x250,0x224,0x254,0x7ff79742f3e8,0x7ff79742f3f4,0x7ff79742f400",,3,67027,A process was created.,,,
352,Normal,"May 9, 2025 @ 11:19:05.591",15,10.12.25.3,Windows11,Security,4624,860,,Negotiate,Advapi,,,,,,,,3,60106,Windows Logon Success,[T1078],"[Defense Evasion, Persistence, Privilege Escalation, Initial Access]",[Valid Accounts]
353,Normal,"May 9, 2025 @ 11:19:05.638",15,10.12.25.3,Windows11,Security,4688,4,,,,,,,,,C:\\WINDOWS\\System32\\svchost.exe -k CameraMonitor,,3,67027,A process was created.,,,
354,Normal,"May 9, 2025 @ 11:19:05.638",15,10.12.25.3,Windows11,Security,4624,860,,Negotiate,Advapi,,,,,,,,3,60106,Windows Logon Success,[T1078],"[Defense Evasion, Persistence, Privilege Escalation, Initial Access]",[Valid Accounts]
355,Normal,"May 9, 2025 @ 11:19:05.708",15,10.12.25.3,Windows11,Security,4688,4,,,,,,,,,C:\\WINDOWS\\system32\\svchost.exe -k LocalSystemNetworkRestricted,,3,67027,A process was created.,,,
356,Normal,"May 9, 2025 @ 11:19:05.727",15,10.12.25.3,Windows11,Security,4688,4,,,,,,,,,/QuitInfo:00000000000009E4;0000000000000290;,,3,67027,A process was created.,,,
357,Normal,"May 9, 2025 @ 11:19:05.750",15,10.12.25.3,Windows11,Security,4688,4,,,,,,,,,C:\\WINDOWS\\System32\\svchost.exe -k LocalServiceNetworkRestricted,,3,67027,A process was created.,,,
358,Normal,"May 9, 2025 @ 11:19:05.846",15,10.12.25.3,Windows11,Security,4673,4,,,,,,,,,,,4,60107,Failed attempt to perform a privileged operation,[T1078],"[Defense Evasion, Persistence, Privilege Escalation, Initial Access]",[Valid Accounts]
359,Normal,"May 9, 2025 @ 11:19:05.849",15,10.12.25.3,Windows11,Security,4673,4,,,,,,,,,,,4,60107,Failed attempt to perform a privileged operation,[T1078],"[Defense Evasion, Persistence, Privilege Escalation, Initial Access]",[Valid Accounts]
360,Normal,"May 9, 2025 @ 11:19:05.853",15,10.12.25.3,Windows11,Security,4673,4,,,,,,,,,,,4,60107,Failed attempt to perform a privileged operation,[T1078],"[Defense Evasion, Persistence, Privilege Escalation, Initial Access]",[Valid Accounts]
361,Normal,"May 9, 2025 @ 11:19:05.853",15,10.12.25.3,Windows11,Security,4673,4,,,,,,,,,,,4,60107,Failed attempt to perform a privileged operation,[T1078],"[Defense Evasion, Persistence, Privilege Escalation, Initial Access]",[Valid Accounts]
362,Normal,"May 9, 2025 @ 11:19:05.854",15,10.12.25.3,Windows11,Security,4673,4,,,,,,,,,,,4,60107,Failed attempt to perform a privileged operation,[T1078],"[Defense Evasion, Persistence, Privilege Escalation, Initial Access]",[Valid Accounts]
363,Normal,"May 9, 2025 @ 11:19:05.854",15,10.12.25.3,Windows11,Security,4673,4,,,,,,,,,,,4,60107,Failed attempt to perform a privileged operation,[T1078],"[Defense Evasion, Persistence, Privilege Escalation, Initial Access]",[Valid Accounts]
364,Normal,"May 9, 2025 @ 11:19:05.855",15,10.12.25.3,Windows11,Security,4673,4,,,,,,,,,,,4,60107,Failed attempt to perform a privileged operation,[T1078],"[Defense Evasion, Persistence, Privilege Escalation, Initial Access]",[Valid Accounts]
365,Normal,"May 9, 2025 @ 11:19:05.855",15,10.12.25.3,Windows11,Security,4673,4,,,,,,,,,,,4,60107,Failed attempt to perform a privileged operation,[T1078],"[Defense Evasion, Persistence, Privilege Escalation, Initial Access]",[Valid Accounts]
366,Normal,"May 9, 2025 @ 11:19:05.869",15,10.12.25.3,Windows11,Security,4673,4,,,,,,,,,,,4,60107,Failed attempt to perform a privileged operation,[T1078],"[Defense Evasion, Persistence, Privilege Escalation, Initial Access]",[Valid Accounts]
367,Normal,"May 9, 2025 @ 11:19:05.948",15,10.12.25.3,Windows11,Security,4673,4,,,,,,,,,,,4,60107,Failed attempt to perform a privileged operation,[T1078],"[Defense Evasion, Persistence, Privilege Escalation, Initial Access]",[Valid Accounts]
368,Normal,"May 9, 2025 @ 11:19:06.038",15,10.12.25.3,Windows11,Security,4673,4,,,,,,,,,,,4,60107,Failed attempt to perform a privileged operation,[T1078],"[Defense Evasion, Persistence, Privilege Escalation, Initial Access]",[Valid Accounts]
369,Normal,"May 9, 2025 @ 11:19:06.041",15,10.12.25.3,Windows11,Security,4673,4,,,,,,,,,,,4,60107,Failed attempt to perform a privileged operation,[T1078],"[Defense Evasion, Persistence, Privilege Escalation, Initial Access]",[Valid Accounts]
370,Normal,"May 9, 2025 @ 11:19:06.042",15,10.12.25.3,Windows11,Security,4673,4,,,,,,,,,,,4,60107,Failed attempt to perform a privileged operation,[T1078],"[Defense Evasion, Persistence, Privilege Escalation, Initial Access]",[Valid Accounts]
371,Normal,"May 9, 2025 @ 11:19:06.045",15,10.12.25.3,Windows11,Security,4688,4,,,,,,,,,taskhostw.exe SBServicing,,3,67027,A process was created.,,,
372,Normal,"May 9, 2025 @ 11:19:06.961",0,,wazuhVM,,,,,,,,,,,,,,3,502,Wazuh server started.,,,
373,Normal,"May 9, 2025 @ 11:19:07.463",0,,wazuhVM,,,,,,,,,,,,,,3,5502,PAM: Login session closed.,,,
374,Normal,"May 9, 2025 @ 11:19:23.308",15,10.12.25.3,Windows11,System,10010,416,,,,,,,,,,,5,61102,Windows System error event,,,
375,Normal,"May 9, 2025 @ 11:19:26.302",15,10.12.25.3,Windows11,Security,4688,4,,,,,,,,,"\""C:\\WINDOWS\\uus\\packages\\preview\\AMD64\\MoUsoCoreWorker.exe\"" useprivatenamespaces",,3,67027,A process was created.,,,
376,Normal,"May 9, 2025 @ 11:19:36.503",15,10.12.25.3,Windows11,Security,4688,4,,,,,,,,,"\""C:\\WINDOWS\\System32\\SearchProtocolHost.exe\"" Global\\UsGthrFltPipeMssGthrPipe2_ Global\\UsGthrCtrlFltPipeMssGthrPipe2 1 -2147483646 \""Software\\Microsoft\\Windows Search\"" \""Mozilla/4.0 (compatible; MSIE 6.0; Windows NT; MS Search 4.0 Robot)\"" \""C:\\ProgramData\\Microsoft\\Search\\Data\\Temp\\usgthrsvc\"" \""DownLevelDaemon\""",,3,67027,A process was created.,,,
377,Normal,"May 9, 2025 @ 11:20:07.628",0,,wazuhVM,,,,,,,,,,,,,,3,5402,Successful sudo to ROOT executed.,[T1548.003],"[Privilege Escalation, Defense Evasion]",[Sudo and Sudo Caching]
378,Normal,"May 9, 2025 @ 11:20:07.629",0,,wazuhVM,,,,,,,,,,,,,,3,5501,PAM: Login session opened.,[T1078],"[Defense Evasion, Persistence, Privilege Escalation, Initial Access]",[Valid Accounts]
379,Normal,"May 9, 2025 @ 11:20:07.645",0,,wazuhVM,,,,,,,,,,,,,,3,5502,PAM: Login session closed.,,,
380,Normal,"May 9, 2025 @ 11:20:13.647",0,,wazuhVM,,,,,,,,,,,,,,3,5402,Successful sudo to ROOT executed.,[T1548.003],"[Privilege Escalation, Defense Evasion]",[Sudo and Sudo Caching]
381,Normal,"May 9, 2025 @ 11:20:13.647",0,,wazuhVM,,,,,,,,,,,,,,3,5501,PAM: Login session opened.,[T1078],"[Defense Evasion, Persistence, Privilege Escalation, Initial Access]",[Valid Accounts]
382,Normal,"May 9, 2025 @ 11:20:17.681",0,,wazuhVM,,,,,,,,,,,,,,3,5502,PAM: Login session closed.,,,
383,Normal,"May 9, 2025 @ 11:20:33.312",16,10.12.25.5,Windows11EWS,,,,,,,,,,,,,,3,503,Wazuh agent started.,,,
384,Normal,"May 9, 2025 @ 11:20:34.438",16,10.12.25.5,Windows11EWS,Security,4688,4,,,,,,,,,"C:\\WINDOWS\\system32\\wevtutil.exe uninstall-manifest \""C:\\ProgramData\\Microsoft\\Windows Defender\\Platform\\4.18.25030.2-0\\Microsoft-Windows-Windows Defender.man\""",,3,67027,A process was created.,,,
385,Normal,"May 9, 2025 @ 11:20:34.441",16,10.12.25.5,Windows11EWS,Security,4688,4,,,,,,,,,\\??\\C:\\WINDOWS\\system32\\conhost.exe 0xffffffff -ForceV1,,3,67027,A process was created.,,,
386,Normal,"May 9, 2025 @ 11:20:34.635",16,10.12.25.5,Windows11EWS,Security,4688,4,,,,,,,,,net.exe accounts,,3,67027,A process was created.,,,
387,Normal,"May 9, 2025 @ 11:20:35.864",16,10.12.25.5,Windows11EWS,Security,4688,4,,,,,,,,,"C:\\WINDOWS\\system32\\wevtutil.exe install-manifest \""C:\\ProgramData\\Microsoft\\Windows Defender\\Platform\\4.18.25030.2-0\\Microsoft-Windows-Windows Defender.man\"" \""/resourceFilePath:C:\\ProgramData\\Microsoft\\Windows Defender\\Platform\\4.18.25030.2-0\\MpEvMsg.dll\"" \""/messageFilePath:C:\\ProgramData\\Microsoft\\Windows Defender\\Platform\\4.18.25030.2-0\\MpEvMsg.dll\"" \""/parameterFilePath:C:\\ProgramData\\Microsoft\\Windows Defender\\Platform\\4.18.25030.2-0\\MpEvMsg.dll\""",,3,67027,A process was created.,,,
388,Normal,"May 9, 2025 @ 11:20:35.981",16,10.12.25.5,Windows11EWS,Security,4688,4,,,,,,,,,\\??\\C:\\WINDOWS\\system32\\conhost.exe 0xffffffff -ForceV1,,3,67027,A process was created.,,,
