2667,Normal,"May 9, 2025 @ 13:38:26.499",15,10.12.25.3,Windows11,Microsoft-Windows-Sysmon/Operational,11,3008,,,,,,,NT AUTHORITY\\SYSTEM,,,,6,92217,Executable dropped in Windows root folder,[T1570],[Lateral Movement],[Lateral Tool Transfer]
2668,Normal,"May 9, 2025 @ 13:38:26.526",15,10.12.25.3,Windows11,Security,4688,4,,,,,,,,,"C:\\Windows\\Microsoft.NET\\Framework64\\v4.0.30319\\mscorsvw.exe -StartupEvent 358 -InterruptEvent 0 -NGENProcess 32c -Pipe 35c -Comment \""NGen Worker Process\""",,3,67027,A process was created.,,,
2669,Normal,"May 9, 2025 @ 13:38:26.692",15,10.12.25.3,Windows11,Security,4688,4,,,,,,,,,"C:\\Windows\\Microsoft.NET\\Framework64\\v4.0.30319\\mscorsvw.exe -StartupEvent 3b0 -InterruptEvent 0 -NGENProcess 304 -Pipe 340 -Comment \""NGen Worker Process\""",,3,67027,A process was created.,,,
2670,Normal,"May 9, 2025 @ 13:38:26.978",15,10.12.25.3,Windows11,Microsoft-Windows-Sysmon/Operational,11,3008,,,,,,,NT AUTHORITY\\SYSTEM,,,,6,92217,Executable dropped in Windows root folder,[T1570],[Lateral Movement],[Lateral Tool Transfer]
2671,Normal,"May 9, 2025 @ 13:38:27.069",15,10.12.25.3,Windows11,Security,4688,4,,,,,,,,,"C:\\Windows\\Microsoft.NET\\Framework64\\v4.0.30319\\mscorsvw.exe -StartupEvent 3ac -InterruptEvent 0 -NGENProcess 3d8 -Pipe 3a8 -Comment \""NGen Worker Process\""",,3,67027,A process was created.,,,
2672,Normal,"May 9, 2025 @ 13:38:27.199",15,10.12.25.3,Windows11,Security,4688,4,,,,,,,,,"C:\\Windows\\Microsoft.NET\\Framework64\\v4.0.30319\\mscorsvw.exe -StartupEvent 3f4 -InterruptEvent 0 -NGENProcess 3f0 -Pipe 3e4 -Comment \""NGen Worker Process\""",,3,67027,A process was created.,,,
2673,Normal,"May 9, 2025 @ 13:38:28.363",15,10.12.25.3,Windows11,Microsoft-Windows-Sysmon/Operational,11,3008,,,,,,,NT AUTHORITY\\SYSTEM,,,,6,92217,Executable dropped in Windows root folder,[T1570],[Lateral Movement],[Lateral Tool Transfer]
2674,Normal,"May 9, 2025 @ 13:38:28.587",15,10.12.25.3,Windows11,Security,4688,4,,,,,,,,,"C:\\Windows\\Microsoft.NET\\Framework64\\v4.0.30319\\mscorsvw.exe -StartupEvent 3b0 -InterruptEvent 0 -NGENProcess 39c -Pipe 390 -Comment \""NGen Worker Process\""",,3,67027,A process was created.,,,
2675,Normal,"May 9, 2025 @ 13:38:28.596",15,10.12.25.3,Windows11,Security,4688,4,,,,,,,,,"C:\\Windows\\Microsoft.NET\\Framework64\\v4.0.30319\\mscorsvw.exe -StartupEvent 3dc -InterruptEvent 0 -NGENProcess 390 -Pipe 3e8 -Comment \""NGen Worker Process\""",,3,67027,A process was created.,,,
2676,Normal,"May 9, 2025 @ 13:38:31.052",15,10.12.25.3,Windows11,Security,4688,4,,,,,,,,,"C:\\Windows\\Microsoft.NET\\Framework64\\v4.0.30319\\mscorsvw.exe -StartupEvent 3dc -InterruptEvent 0 -NGENProcess 3ac -Pipe 304 -Comment \""NGen Worker Process\""",,3,67027,A process was created.,,,
2677,Normal,"May 9, 2025 @ 13:38:34.006",15,10.12.25.3,Windows11,System,7040,844,,,,,,,,,,,3,61104,Service startup type was changed,,,
2678,Normal,"May 9, 2025 @ 13:38:36.171",15,10.12.25.3,Windows11,Microsoft-Windows-Sysmon/Operational,11,3008,,,,,,,NT AUTHORITY\\SYSTEM,,,,6,92217,Executable dropped in Windows root folder,[T1570],[Lateral Movement],[Lateral Tool Transfer]
2679,Normal,"May 9, 2025 @ 13:38:36.634",15,10.12.25.3,Windows11,Security,4688,4,,,,,,,,,"C:\\Windows\\Microsoft.NET\\Framework64\\v4.0.30319\\mscorsvw.exe -StartupEvent 29c -InterruptEvent 0 -NGENProcess 3f8 -Pipe 38c -Comment \""NGen Worker Process\""",,3,67027,A process was created.,,,
2680,Normal,"May 9, 2025 @ 13:38:40.460",15,10.12.25.3,Windows11,Security,4688,4,,,,,,,,,"C:\\Windows\\Microsoft.NET\\Framework64\\v4.0.30319\\mscorsvw.exe -StartupEvent 3e0 -InterruptEvent 0 -NGENProcess 330 -Pipe 378 -Comment \""NGen Worker Process\""",,3,67027,A process was created.,,,
2681,Normal,"May 9, 2025 @ 13:38:42.326",15,10.12.25.3,Windows11,Microsoft-Windows-Sysmon/Operational,11,3008,,,,,,,NT AUTHORITY\\SYSTEM,,,,6,92217,Executable dropped in Windows root folder,[T1570],[Lateral Movement],[Lateral Tool Transfer]
2682,Normal,"May 9, 2025 @ 13:38:43.997",15,10.12.25.3,Windows11,Security,4688,4,,,,,,,,,"C:\\Windows\\Microsoft.NET\\Framework64\\v4.0.30319\\mscorsvw.exe -StartupEvent 3ec -InterruptEvent 0 -NGENProcess 3cc -Pipe 3dc -Comment \""NGen Worker Process\""",,3,67027,A process was created.,,,
2683,Normal,"May 9, 2025 @ 13:38:44.031",15,10.12.25.3,Windows11,Security,4688,4,,,,,,,,,C:\\Windows\\System32\\Dism\\dismhost.exe {9B19AF82-22FF-4811-8AC0-4D94A516ECFA},,3,67027,A process was created.,,,
2684,Normal,"May 9, 2025 @ 13:38:45.901",15,10.12.25.3,Windows11,Security,4688,4,,,,,,,,,"C:\\Windows\\Microsoft.NET\\Framework64\\v4.0.30319\\mscorsvw.exe -StartupEvent 2d4 -InterruptEvent 0 -NGENProcess 390 -Pipe 3c0 -Comment \""NGen Worker Process\""",,3,67027,A process was created.,,,
2685,Normal,"May 9, 2025 @ 13:38:48.158",15,10.12.25.3,Windows11,Microsoft-Windows-Sysmon/Operational,11,3008,,,,,,,NT AUTHORITY\\SYSTEM,,,,6,92217,Executable dropped in Windows root folder,[T1570],[Lateral Movement],[Lateral Tool Transfer]
2686,Normal,"May 9, 2025 @ 13:38:48.223",15,10.12.25.3,Windows11,Security,4688,4,,,,,,,,,"C:\\Windows\\Microsoft.NET\\Framework64\\v4.0.30319\\mscorsvw.exe -StartupEvent 358 -InterruptEvent 0 -NGENProcess 398 -Pipe 384 -Comment \""NGen Worker Process\""",,3,67027,A process was created.,,,
2687,Normal,"May 9, 2025 @ 13:38:48.230",15,10.12.25.3,Windows11,Security,4688,4,,,,,,,,,"C:\\Windows\\Microsoft.NET\\Framework64\\v4.0.30319\\mscorsvw.exe -StartupEvent 2f4 -InterruptEvent 0 -NGENProcess 38c -Pipe 220 -Comment \""NGen Worker Process\""",,3,67027,A process was created.,,,
2688,Normal,"May 9, 2025 @ 13:38:54.065",15,10.12.25.3,Windows11,Microsoft-Windows-Sysmon/Operational,11,3008,,,,,,,NT AUTHORITY\\SYSTEM,,,,6,92217,Executable dropped in Windows root folder,[T1570],[Lateral Movement],[Lateral Tool Transfer]
2689,Normal,"May 9, 2025 @ 13:38:54.370",15,10.12.25.3,Windows11,Security,4688,4,,,,,,,,,"C:\\Windows\\Microsoft.NET\\Framework64\\v4.0.30319\\mscorsvw.exe -StartupEvent 3c4 -InterruptEvent 0 -NGENProcess 3c8 -Pipe 1e0 -Comment \""NGen Worker Process\""",,3,67027,A process was created.,,,
2690,Normal,"May 9, 2025 @ 13:38:54.393",15,10.12.25.3,Windows11,Security,4688,4,,,,,,,,,"C:\\Windows\\Microsoft.NET\\Framework64\\v4.0.30319\\mscorsvw.exe -StartupEvent 288 -InterruptEvent 0 -NGENProcess 3ec -Pipe 36c -Comment \""NGen Worker Process\""",,3,67027,A process was created.,,,
2691,Normal,"May 9, 2025 @ 13:39:04.193",16,10.12.25.5,Windows11EWS,Security,4673,4,,,,,,,,,,,4,60107,Failed attempt to perform a privileged operation,[T1078],"[Defense Evasion, Persistence, Privilege Escalation, Initial Access]",[Valid Accounts]
2692,Normal,"May 9, 2025 @ 13:39:04.193",16,10.12.25.5,Windows11EWS,Security,4688,4,,,,,,,,,"\""C:\\WINDOWS\\system32\\backgroundTaskHost.exe\"" -ServerName:App.AppXmtcan0h2tfbfy7k9kn8hbxb6dmzz1zh0.mca",,3,67027,A process was created.,,,
2693,Normal,"May 9, 2025 @ 13:39:10.809",16,10.12.25.5,Windows11EWS,Security,4688,4,,,,,,,,,"\""C:\\WINDOWS\\system32\\usoclient.exe\"" StartWork",,3,67027,A process was created.,,,
2694,Normal,"May 9, 2025 @ 13:39:13.097",16,10.12.25.5,Windows11EWS,Security,4688,4,,,,,,,,,"\""C:\\WINDOWS\\uus\\packages\\preview\\AMD64\\MoUsoCoreWorker.exe\"" useprivatenamespaces",,3,67027,A process was created.,,,
2695,Normal,"May 9, 2025 @ 13:39:13.101",16,10.12.25.5,Windows11EWS,Security,4624,948,,Negotiate,Advapi,,,,,,,,3,60106,Windows Logon Success,[T1078],"[Defense Evasion, Persistence, Privilege Escalation, Initial Access]",[Valid Accounts]
2696,Normal,"May 9, 2025 @ 13:39:13.210",16,10.12.25.5,Windows11EWS,Security,4688,4,,,,,,,,,C:\\WINDOWS\\system32\\svchost.exe -k wusvcs -p,,3,67027,A process was created.,,,
2697,Normal,"May 9, 2025 @ 13:39:19.235",16,10.12.25.5,Windows11EWS,Security,4688,4,,,,,,,,,taskhostw.exe,,3,67027,A process was created.,,,
2698,Normal,"May 9, 2025 @ 13:39:26.158",15,10.12.25.3,Windows11,Microsoft-Windows-Sysmon/Operational,11,3008,,,,,,,NT AUTHORITY\\SYSTEM,,,,6,92217,Executable dropped in Windows root folder,[T1570],[Lateral Movement],[Lateral Tool Transfer]
2699,Normal,"May 9, 2025 @ 13:39:29.763",16,10.12.25.5,Windows11EWS,Security,4688,4,,,,,,,,,C:\\WINDOWS\\system32\\sppsvc.exe,,3,67027,A process was created.,,,
2700,Normal,"May 9, 2025 @ 13:39:29.935",15,10.12.25.3,Windows11,Security,4688,4,,,,,,,,,C:\\Windows\\System32\\Dism\\dismhost.exe {51D64450-6BA3-4B69-9A16-4BDE1EDC6A40},,3,67027,A process was created.,,,
2701,Normal,"May 9, 2025 @ 13:39:31.509",15,10.12.25.3,Windows11,Security,4688,4,,,,,,,,,"C:\\Windows\\Microsoft.NET\\Framework64\\v4.0.30319\\mscorsvw.exe -StartupEvent 2f4 -InterruptEvent 0 -NGENProcess 374 -Pipe 3d8 -Comment \""NGen Worker Process\""",,3,67027,A process was created.,,,
2702,Normal,"May 9, 2025 @ 13:39:31.510",15,10.12.25.3,Windows11,Security,4688,4,,,,,,,,,"C:\\Windows\\Microsoft.NET\\Framework64\\v4.0.30319\\mscorsvw.exe -StartupEvent 390 -InterruptEvent 0 -NGENProcess 2b8 -Pipe 3d4 -Comment \""NGen Worker Process\""",,3,67027,A process was created.,,,
2703,Normal,"May 9, 2025 @ 13:39:36.029",15,10.12.25.3,Windows11,Microsoft-Windows-Sysmon/Operational,11,3008,,,,,,,NT AUTHORITY\\SYSTEM,,,,6,92217,Executable dropped in Windows root folder,[T1570],[Lateral Movement],[Lateral Tool Transfer]
2704,Normal,"May 9, 2025 @ 13:39:36.202",15,10.12.25.3,Windows11,Security,4688,4,,,,,,,,,"C:\\Windows\\Microsoft.NET\\Framework64\\v4.0.30319\\mscorsvw.exe -StartupEvent 3f4 -InterruptEvent 0 -NGENProcess 358 -Pipe 3ac -Comment \""NGen Worker Process\""",,3,67027,A process was created.,,,
2705,Normal,"May 9, 2025 @ 13:39:37.448",15,10.12.25.3,Windows11,Security,4688,4,,,,,,,,,"C:\\Windows\\Microsoft.NET\\Framework64\\v4.0.30319\\mscorsvw.exe -StartupEvent 388 -InterruptEvent 0 -NGENProcess 39c -Pipe 348 -Comment \""NGen Worker Process\""",,3,67027,A process was created.,,,
2706,Normal,"May 9, 2025 @ 13:39:38.017",16,10.12.25.5,Windows11EWS,Security,4673,4,,,,,,,,,,,4,60107,Failed attempt to perform a privileged operation,[T1078],"[Defense Evasion, Persistence, Privilege Escalation, Initial Access]",[Valid Accounts]
2707,Normal,"May 9, 2025 @ 13:39:40.701",16,10.12.25.5,Windows11EWS,Security,4688,4,,,,,,,,,C:\\Windows\\System32\\RuntimeBroker.exe -Embedding,,3,67027,A process was created.,,,
2708,Normal,"May 9, 2025 @ 13:39:42.775",15,10.12.25.3,Windows11,Microsoft-Windows-Sysmon/Operational,11,3008,,,,,,,NT AUTHORITY\\SYSTEM,,,,6,92217,Executable dropped in Windows root folder,[T1570],[Lateral Movement],[Lateral Tool Transfer]
2709,Normal,"May 9, 2025 @ 13:39:42.911",15,10.12.25.3,Windows11,Security,4688,4,,,,,,,,,"C:\\Windows\\Microsoft.NET\\Framework64\\v4.0.30319\\mscorsvw.exe -StartupEvent 38c -InterruptEvent 0 -NGENProcess 354 -Pipe 248 -Comment \""NGen Worker Process\""",,3,67027,A process was created.,,,
2710,Normal,"May 9, 2025 @ 13:39:44.072",15,10.12.25.3,Windows11,Security,4688,4,,,,,,,,,"C:\\Windows\\Microsoft.NET\\Framework64\\v4.0.30319\\mscorsvw.exe -StartupEvent 37c -InterruptEvent 0 -NGENProcess 3b8 -Pipe 3e0 -Comment \""NGen Worker Process\""",,3,67027,A process was created.,,,
2711,Normal,"May 9, 2025 @ 13:39:45.993",15,10.12.25.3,Windows11,Microsoft-Windows-Sysmon/Operational,11,3008,,,,,,,NT AUTHORITY\\SYSTEM,,,,6,92217,Executable dropped in Windows root folder,[T1570],[Lateral Movement],[Lateral Tool Transfer]
2712,Normal,"May 9, 2025 @ 13:39:46.696",15,10.12.25.3,Windows11,Security,4688,4,,,,,,,,,"C:\\Windows\\Microsoft.NET\\Framework64\\v4.0.30319\\mscorsvw.exe -StartupEvent 31c -InterruptEvent 0 -NGENProcess 3b8 -Pipe 3e0 -Comment \""NGen Worker Process\""",,3,67027,A process was created.,,,
2713,Normal,"May 9, 2025 @ 13:39:48.583",15,10.12.25.3,Windows11,Security,4688,4,,,,,,,,,"C:\\Windows\\Microsoft.NET\\Framework64\\v4.0.30319\\mscorsvw.exe -StartupEvent 348 -InterruptEvent 0 -NGENProcess 350 -Pipe 2cc -Comment \""NGen Worker Process\""",,3,67027,A process was created.,,,
2714,Normal,"May 9, 2025 @ 13:39:50.304",15,10.12.25.3,Windows11,Security,4688,4,,,,,,,,,"C:\\Windows\\Microsoft.NET\\Framework64\\v4.0.30319\\mscorsvw.exe -StartupEvent 350 -InterruptEvent 0 -NGENProcess 338 -Pipe 3bc -Comment \""NGen Worker Process\""",,3,67027,A process was created.,,,
2715,Normal,"May 9, 2025 @ 13:39:52.064",16,10.12.25.5,Windows11EWS,Security,4673,4,,,,,,,,,,,4,60107,Failed attempt to perform a privileged operation,[T1078],"[Defense Evasion, Persistence, Privilege Escalation, Initial Access]",[Valid Accounts]
2716,Normal,"May 9, 2025 @ 13:39:52.107",16,10.12.25.5,Windows11EWS,Security,4688,4,,,,,,,,,"\""C:\\WINDOWS\\system32\\BackgroundTaskHost.exe\"" -ServerName:BackgroundTaskHost.WebAccountProvider",,3,67027,A process was created.,,,
2717,Normal,"May 9, 2025 @ 13:39:57.581",16,10.12.25.5,Windows11EWS,Security,4688,4,,,,,,,,,C:\\Windows\\System32\\RuntimeBroker.exe -Embedding,,3,67027,A process was created.,,,
2718,Normal,"May 9, 2025 @ 13:39:59.788",16,10.12.25.5,Windows11EWS,Security,4688,4,,,,,,,,,taskhostw.exe,,3,67027,A process was created.,,,
2719,Normal,"May 9, 2025 @ 13:40:02.436",16,10.12.25.5,Windows11EWS,Security,4688,4,,,,,,,,,"\""C:\\WINDOWS\\System32\\usoclient.exe\"" StartStoreUpdates",,3,67027,A process was created.,,,
2720,Normal,"May 9, 2025 @ 13:40:04.582",15,10.12.25.3,Windows11,Microsoft-Windows-Sysmon/Operational,11,3008,,,,,,,NT AUTHORITY\\SYSTEM,,,,6,92217,Executable dropped in Windows root folder,[T1570],[Lateral Movement],[Lateral Tool Transfer]
2721,Normal,"May 9, 2025 @ 13:40:05.160",15,10.12.25.3,Windows11,Security,4688,4,,,,,,,,,"C:\\Windows\\Microsoft.NET\\Framework64\\v4.0.30319\\mscorsvw.exe -StartupEvent 398 -InterruptEvent 0 -NGENProcess 3a0 -Pipe 358 -Comment \""NGen Worker Process\""",,3,67027,A process was created.,,,
2722,Normal,"May 9, 2025 @ 13:40:06.661",15,10.12.25.3,Windows11,Security,4688,4,,,,,,,,,"C:\\Windows\\Microsoft.NET\\Framework64\\v4.0.30319\\mscorsvw.exe -StartupEvent 3d4 -InterruptEvent 0 -NGENProcess 338 -Pipe 2c0 -Comment \""NGen Worker Process\""",,3,67027,A process was created.,,,
2723,Normal,"May 9, 2025 @ 13:40:10.133",15,10.12.25.3,Windows11,Microsoft-Windows-Sysmon/Operational,11,3008,,,,,,,NT AUTHORITY\\SYSTEM,,,,6,92217,Executable dropped in Windows root folder,[T1570],[Lateral Movement],[Lateral Tool Transfer]
2724,Normal,"May 9, 2025 @ 13:40:10.505",15,10.12.25.3,Windows11,Security,4688,4,,,,,,,,,"C:\\Windows\\Microsoft.NET\\Framework64\\v4.0.30319\\mscorsvw.exe -StartupEvent 3a0 -InterruptEvent 0 -NGENProcess 3a4 -Pipe 288 -Comment \""NGen Worker Process\""",,3,67027,A process was created.,,,
2725,Normal,"May 9, 2025 @ 13:40:10.514",15,10.12.25.3,Windows11,Security,4688,4,,,,,,,,,"C:\\Windows\\Microsoft.NET\\Framework64\\v4.0.30319\\mscorsvw.exe -StartupEvent 2c8 -InterruptEvent 0 -NGENProcess 3fc -Pipe 3b8 -Comment \""NGen Worker Process\""",,3,67027,A process was created.,,,
2726,Normal,"May 9, 2025 @ 13:40:12.061",15,10.12.25.3,Windows11,Microsoft-Windows-Sysmon/Operational,11,3008,,,,,,,NT AUTHORITY\\SYSTEM,,,,6,92217,Executable dropped in Windows root folder,[T1570],[Lateral Movement],[Lateral Tool Transfer]
2727,Normal,"May 9, 2025 @ 13:40:12.110",15,10.12.25.3,Windows11,Security,4688,4,,,,,,,,,"C:\\Windows\\Microsoft.NET\\Framework64\\v4.0.30319\\mscorsvw.exe -StartupEvent 2c8 -InterruptEvent 0 -NGENProcess 3b0 -Pipe 2b8 -Comment \""NGen Worker Process\""",,3,67027,A process was created.,,,
2728,Normal,"May 9, 2025 @ 13:40:13.243",15,10.12.25.3,Windows11,Security,4688,4,,,,,,,,,"C:\\Windows\\Microsoft.NET\\Framework64\\v4.0.30319\\mscorsvw.exe -StartupEvent 31c -InterruptEvent 0 -NGENProcess 354 -Pipe 3a0 -Comment \""NGen Worker Process\""",,3,67027,A process was created.,,,
2729,Normal,"May 9, 2025 @ 13:40:17.039",16,10.12.25.5,Windows11EWS,Security,4688,4,,,,,,,,,C:\\WINDOWS\\system32\\DllHost.exe /Processid:{338B40F9-9D68-4B53-A793-6B9AA0C5F63B},,3,67027,A process was created.,,,
2730,Normal,"May 9, 2025 @ 13:40:18.573",15,10.12.25.3,Windows11,Microsoft-Windows-Sysmon/Operational,11,3008,,,,,,,NT AUTHORITY\\SYSTEM,,,,6,92217,Executable dropped in Windows root folder,[T1570],[Lateral Movement],[Lateral Tool Transfer]
2731,Normal,"May 9, 2025 @ 13:40:18.796",16,10.12.25.5,Windows11EWS,Security,4688,4,,,,,,,,,C:\\WINDOWS\\system32\\wbem\\wmiprvse.exe -secured -Embedding,,3,67027,A process was created.,,,
2732,Normal,"May 9, 2025 @ 13:40:18.804",15,10.12.25.3,Windows11,Security,4688,4,,,,,,,,,"C:\\Windows\\Microsoft.NET\\Framework64\\v4.0.30319\\mscorsvw.exe -StartupEvent 350 -InterruptEvent 0 -NGENProcess 398 -Pipe 354 -Comment \""NGen Worker Process\""",,3,67027,A process was created.,,,
2733,Normal,"May 9, 2025 @ 13:40:20.047",15,10.12.25.3,Windows11,Security,4688,4,,,,,,,,,"C:\\Windows\\Microsoft.NET\\Framework64\\v4.0.30319\\mscorsvw.exe -StartupEvent 334 -InterruptEvent 0 -NGENProcess 3a4 -Pipe 3b4 -Comment \""NGen Worker Process\""",,3,67027,A process was created.,,,
2734,Normal,"May 9, 2025 @ 13:40:27.361",15,10.12.25.3,Windows11,Microsoft-Windows-Sysmon/Operational,11,3008,,,,,,,NT AUTHORITY\\SYSTEM,,,,6,92217,Executable dropped in Windows root folder,[T1570],[Lateral Movement],[Lateral Tool Transfer]
2735,Normal,"May 9, 2025 @ 13:40:27.663",15,10.12.25.3,Windows11,Security,4688,4,,,,,,,,,"C:\\Windows\\Microsoft.NET\\Framework64\\v4.0.30319\\mscorsvw.exe -StartupEvent 2b4 -InterruptEvent 0 -NGENProcess 334 -Pipe 30c -Comment \""NGen Worker Process\""",,3,67027,A process was created.,,,
2736,Normal,"May 9, 2025 @ 13:40:27.695",15,10.12.25.3,Windows11,Security,4688,4,,,,,,,,,"C:\\Windows\\Microsoft.NET\\Framework64\\v4.0.30319\\mscorsvw.exe -StartupEvent 334 -InterruptEvent 0 -NGENProcess 2b0 -Pipe 2b4 -Comment \""NGen Worker Process\""",,3,67027,A process was created.,,,
2737,Normal,"May 9, 2025 @ 13:40:29.766",15,10.12.25.3,Windows11,Microsoft-Windows-Sysmon/Operational,11,3008,,,,,,,NT AUTHORITY\\SYSTEM,,,,6,92217,Executable dropped in Windows root folder,[T1570],[Lateral Movement],[Lateral Tool Transfer]
2738,Normal,"May 9, 2025 @ 13:40:29.904",15,10.12.25.3,Windows11,Security,4688,4,,,,,,,,,"C:\\Windows\\Microsoft.NET\\Framework64\\v4.0.30319\\mscorsvw.exe -StartupEvent 38c -InterruptEvent 0 -NGENProcess 364 -Pipe 310 -Comment \""NGen Worker Process\""",,3,67027,A process was created.,,,
2739,Normal,"May 9, 2025 @ 13:40:29.909",15,10.12.25.3,Windows11,Security,4688,4,,,,,,,,,"C:\\Windows\\Microsoft.NET\\Framework64\\v4.0.30319\\mscorsvw.exe -StartupEvent 334 -InterruptEvent 0 -NGENProcess 2b0 -Pipe 348 -Comment \""NGen Worker Process\""",,3,67027,A process was created.,,,
2740,Normal,"May 9, 2025 @ 13:40:31.839",15,10.12.25.3,Windows11,Microsoft-Windows-Sysmon/Operational,11,3008,,,,,,,NT AUTHORITY\\SYSTEM,,,,6,92217,Executable dropped in Windows root folder,[T1570],[Lateral Movement],[Lateral Tool Transfer]
2741,Normal,"May 9, 2025 @ 13:40:31.888",15,10.12.25.3,Windows11,Security,4688,4,,,,,,,,,"C:\\Windows\\Microsoft.NET\\Framework64\\v4.0.30319\\mscorsvw.exe -StartupEvent 39c -InterruptEvent 0 -NGENProcess 348 -Pipe 330 -Comment \""NGen Worker Process\""",,3,67027,A process was created.,,,
2742,Normal,"May 9, 2025 @ 13:40:31.907",15,10.12.25.3,Windows11,Security,4688,4,,,,,,,,,"C:\\Windows\\Microsoft.NET\\Framework64\\v4.0.30319\\mscorsvw.exe -StartupEvent 3fc -InterruptEvent 0 -NGENProcess 3d4 -Pipe 330 -Comment \""NGen Worker Process\""",,3,67027,A process was created.,,,
2743,Normal,"May 9, 2025 @ 13:40:36.159",16,10.12.25.5,Windows11EWS,Application,16384,5836,,,,,,,,,,,3,60642,Software protection service scheduled successfully.,,,
2744,Normal,"May 9, 2025 @ 13:40:37.394",15,10.12.25.3,Windows11,Microsoft-Windows-Sysmon/Operational,11,3008,,,,,,,NT AUTHORITY\\SYSTEM,,,,6,92217,Executable dropped in Windows root folder,[T1570],[Lateral Movement],[Lateral Tool Transfer]
2745,Normal,"May 9, 2025 @ 13:40:37.680",15,10.12.25.3,Windows11,Security,4688,4,,,,,,,,,"C:\\Windows\\Microsoft.NET\\Framework64\\v4.0.30319\\mscorsvw.exe -StartupEvent 374 -InterruptEvent 0 -NGENProcess 2d4 -Pipe 310 -Comment \""NGen Worker Process\""",,3,67027,A process was created.,,,
2746,Normal,"May 9, 2025 @ 13:40:37.684",15,10.12.25.3,Windows11,Security,4688,4,,,,,,,,,"C:\\Windows\\Microsoft.NET\\Framework64\\v4.0.30319\\mscorsvw.exe -StartupEvent 37c -InterruptEvent 0 -NGENProcess 38c -Pipe 2cc -Comment \""NGen Worker Process\""",,3,67027,A process was created.,,,
2747,Normal,"May 9, 2025 @ 13:40:43.668",16,10.12.25.5,Windows11EWS,Security,4688,4,,,,,,,,,taskhostw.exe,,3,67027,A process was created.,,,
2748,Normal,"May 9, 2025 @ 13:40:47.260",15,10.12.25.3,Windows11,Microsoft-Windows-Sysmon/Operational,11,3008,,,,,,,NT AUTHORITY\\SYSTEM,,,,6,92217,Executable dropped in Windows root folder,[T1570],[Lateral Movement],[Lateral Tool Transfer]
2749,Normal,"May 9, 2025 @ 13:40:47.584",15,10.12.25.3,Windows11,Security,4688,4,,,,,,,,,"C:\\Windows\\Microsoft.NET\\Framework64\\v4.0.30319\\mscorsvw.exe -StartupEvent 378 -InterruptEvent 0 -NGENProcess 2fc -Pipe 320 -Comment \""NGen Worker Process\""",,3,67027,A process was created.,,,
2750,Normal,"May 9, 2025 @ 13:40:47.592",15,10.12.25.3,Windows11,Security,4688,4,,,,,,,,,"C:\\Windows\\Microsoft.NET\\Framework64\\v4.0.30319\\mscorsvw.exe -StartupEvent 3e8 -InterruptEvent 0 -NGENProcess 304 -Pipe 3e4 -Comment \""NGen Worker Process\""",,3,67027,A process was created.,,,
2751,Normal,"May 9, 2025 @ 13:40:56.957",15,10.12.25.3,Windows11,Microsoft-Windows-Sysmon/Operational,11,3008,,,,,,,NT AUTHORITY\\SYSTEM,,,,6,92217,Executable dropped in Windows root folder,[T1570],[Lateral Movement],[Lateral Tool Transfer]
2752,Normal,"May 9, 2025 @ 13:40:57.398",15,10.12.25.3,Windows11,Security,4688,4,,,,,,,,,"C:\\Windows\\Microsoft.NET\\Framework64\\v4.0.30319\\mscorsvw.exe -StartupEvent 210 -InterruptEvent 0 -NGENProcess 2d0 -Pipe 324 -Comment \""NGen Worker Process\""",,3,67027,A process was created.,,,
2753,Normal,"May 9, 2025 @ 13:41:05.926",15,10.12.25.3,Windows11,Security,4688,4,,,,,,,,,"C:\\Windows\\Microsoft.NET\\Framework64\\v4.0.30319\\mscorsvw.exe -StartupEvent 300 -InterruptEvent 0 -NGENProcess 39c -Pipe 2ac -Comment \""NGen Worker Process\""",,3,67027,A process was created.,,,
2754,Normal,"May 9, 2025 @ 13:41:11.653",15,10.12.25.3,Windows11,Microsoft-Windows-Sysmon/Operational,11,3008,,,,,,,NT AUTHORITY\\SYSTEM,,,,6,92217,Executable dropped in Windows root folder,[T1570],[Lateral Movement],[Lateral Tool Transfer]
2755,Normal,"May 9, 2025 @ 13:41:11.848",15,10.12.25.3,Windows11,Security,4688,4,,,,,,,,,"C:\\Windows\\Microsoft.NET\\Framework64\\v4.0.30319\\mscorsvw.exe -StartupEvent 368 -InterruptEvent 0 -NGENProcess 304 -Pipe 210 -Comment \""NGen Worker Process\""",,3,67027,A process was created.,,,
2756,Normal,"May 9, 2025 @ 13:41:11.854",15,10.12.25.3,Windows11,Security,4688,4,,,,,,,,,"C:\\Windows\\Microsoft.NET\\Framework64\\v4.0.30319\\mscorsvw.exe -StartupEvent 314 -InterruptEvent 0 -NGENProcess 340 -Pipe 2a8 -Comment \""NGen Worker Process\""",,3,67027,A process was created.,,,
2757,Normal,"May 9, 2025 @ 13:41:11.858",15,10.12.25.3,Windows11,Security,4688,4,,,,,,,,,"C:\\Windows\\Microsoft.NET\\Framework64\\v4.0.30319\\mscorsvw.exe -StartupEvent 344 -InterruptEvent 0 -NGENProcess 2d0 -Pipe 340 -Comment \""NGen Worker Process\""",,3,67027,A process was created.,,,
2758,Normal,"May 9, 2025 @ 13:41:11.862",15,10.12.25.3,Windows11,Security,4688,4,,,,,,,,,"C:\\Windows\\Microsoft.NET\\Framework64\\v4.0.30319\\mscorsvw.exe -StartupEvent 360 -InterruptEvent 0 -NGENProcess 3d0 -Pipe 370 -Comment \""NGen Worker Process\""",,3,67027,A process was created.,,,
2759,Normal,"May 9, 2025 @ 13:41:11.867",15,10.12.25.3,Windows11,Security,4688,4,,,,,,,,,"C:\\Windows\\Microsoft.NET\\Framework64\\v4.0.30319\\mscorsvw.exe -StartupEvent 2b4 -InterruptEvent 0 -NGENProcess 3d0 -Pipe 360 -Comment \""NGen Worker Process\""",,3,67027,A process was created.,,,
2760,Normal,"May 9, 2025 @ 13:41:14.539",15,10.12.25.3,Windows11,Security,4688,4,,,,,,,,,"C:\\Windows\\Microsoft.NET\\Framework64\\v4.0.30319\\mscorsvw.exe -StartupEvent 390 -InterruptEvent 0 -NGENProcess 1b4 -Pipe 3b0 -Comment \""NGen Worker Process\""",,3,67027,A process was created.,,,
2761,Normal,"May 9, 2025 @ 13:41:14.540",15,10.12.25.3,Windows11,Security,4688,4,,,,,,,,,"C:\\Windows\\Microsoft.NET\\Framework64\\v4.0.30319\\mscorsvw.exe -StartupEvent 39c -InterruptEvent 0 -NGENProcess 338 -Pipe 244 -Comment \""NGen Worker Process\""",,3,67027,A process was created.,,,
2762,Normal,"May 9, 2025 @ 13:41:15.808",15,10.12.25.3,Windows11,Microsoft-Windows-Sysmon/Operational,11,3008,,,,,,,NT AUTHORITY\\SYSTEM,,,,6,92217,Executable dropped in Windows root folder,[T1570],[Lateral Movement],[Lateral Tool Transfer]
2763,Normal,"May 9, 2025 @ 13:41:16.165",15,10.12.25.3,Windows11,Security,4688,4,,,,,,,,,"C:\\Windows\\Microsoft.NET\\Framework64\\v4.0.30319\\mscorsvw.exe -StartupEvent 300 -InterruptEvent 0 -NGENProcess 2b4 -Pipe 37c -Comment \""NGen Worker Process\""",,3,67027,A process was created.,,,
2764,Normal,"May 9, 2025 @ 13:41:16.165",15,10.12.25.3,Windows11,Security,4688,4,,,,,,,,,"C:\\Windows\\Microsoft.NET\\Framework64\\v4.0.30319\\mscorsvw.exe -StartupEvent 2b4 -InterruptEvent 0 -NGENProcess 348 -Pipe 2ec -Comment \""NGen Worker Process\""",,3,67027,A process was created.,,,
2765,Normal,"May 9, 2025 @ 13:41:16.166",15,10.12.25.3,Windows11,Security,4688,4,,,,,,,,,"C:\\Windows\\Microsoft.NET\\Framework64\\v4.0.30319\\mscorsvw.exe -StartupEvent 20c -InterruptEvent 0 -NGENProcess 1b4 -Pipe 39c -Comment \""NGen Worker Process\""",,3,67027,A process was created.,,,
2766,Normal,"May 9, 2025 @ 13:41:17.033",15,10.12.25.3,Windows11,Microsoft-Windows-Sysmon/Operational,11,3008,,,,,,,NT AUTHORITY\\SYSTEM,,,,6,92217,Executable dropped in Windows root folder,[T1570],[Lateral Movement],[Lateral Tool Transfer]
2767,Normal,"May 9, 2025 @ 13:41:17.036",15,10.12.25.3,Windows11,Microsoft-Windows-Sysmon/Operational,11,3008,,,,,,,NT AUTHORITY\\SYSTEM,,,,6,92217,Executable dropped in Windows root folder,[T1570],[Lateral Movement],[Lateral Tool Transfer]
2768,Normal,"May 9, 2025 @ 13:41:17.038",15,10.12.25.3,Windows11,Microsoft-Windows-Sysmon/Operational,11,3008,,,,,,,NT AUTHORITY\\SYSTEM,,,,6,92217,Executable dropped in Windows root folder,[T1570],[Lateral Movement],[Lateral Tool Transfer]
2769,Normal,"May 9, 2025 @ 13:41:17.548",15,10.12.25.3,Windows11,Security,4688,4,,,,,,,,,"C:\\Windows\\Microsoft.NET\\Framework64\\v4.0.30319\\mscorsvw.exe -StartupEvent 374 -InterruptEvent 0 -NGENProcess 2b4 -Pipe 2c8 -Comment \""NGen Worker Process\""",,3,67027,A process was created.,,,
2770,Normal,"May 9, 2025 @ 13:41:17.548",15,10.12.25.3,Windows11,Security,4688,4,,,,,,,,,"C:\\Windows\\Microsoft.NET\\Framework64\\v4.0.30319\\mscorsvw.exe -StartupEvent 398 -InterruptEvent 0 -NGENProcess 33c -Pipe 328 -Comment \""NGen Worker Process\""",,3,67027,A process was created.,,,
2771,Normal,"May 9, 2025 @ 13:41:17.549",15,10.12.25.3,Windows11,Security,4688,4,,,,,,,,,"C:\\Windows\\Microsoft.NET\\Framework64\\v4.0.30319\\mscorsvw.exe -StartupEvent 2e8 -InterruptEvent 0 -NGENProcess 3a4 -Pipe 350 -Comment \""NGen Worker Process\""",,3,67027,A process was created.,,,
2772,Normal,"May 9, 2025 @ 13:41:17.549",15,10.12.25.3,Windows11,Security,4688,4,,,,,,,,,"C:\\Windows\\Microsoft.NET\\Framework64\\v4.0.30319\\mscorsvw.exe -StartupEvent 3d0 -InterruptEvent 0 -NGENProcess 374 -Pipe 3fc -Comment \""NGen Worker Process\""",,3,67027,A process was created.,,,
2773,Normal,"May 9, 2025 @ 13:41:18.653",15,10.12.25.3,Windows11,Security,4688,4,,,,,,,,,"C:\\Windows\\Microsoft.NET\\Framework64\\v4.0.30319\\mscorsvw.exe -StartupEvent 3dc -InterruptEvent 0 -NGENProcess 2e8 -Pipe 338 -Comment \""NGen Worker Process\""",,3,67027,A process was created.,,,
2774,Normal,"May 9, 2025 @ 13:41:18.658",15,10.12.25.3,Windows11,Security,4688,4,,,,,,,,,"C:\\Windows\\Microsoft.NET\\Framework64\\v4.0.30319\\mscorsvw.exe -StartupEvent 3ec -InterruptEvent 0 -NGENProcess 3d4 -Pipe 378 -Comment \""NGen Worker Process\""",,3,67027,A process was created.,,,
2775,Normal,"May 9, 2025 @ 13:41:18.665",15,10.12.25.3,Windows11,Security,4688,4,,,,,,,,,"C:\\Windows\\Microsoft.NET\\Framework64\\v4.0.30319\\mscorsvw.exe -StartupEvent 300 -InterruptEvent 0 -NGENProcess 2e8 -Pipe 3d0 -Comment \""NGen Worker Process\""",,3,67027,A process was created.,,,
2776,Normal,"May 9, 2025 @ 13:41:18.671",15,10.12.25.3,Windows11,Security,4688,4,,,,,,,,,"C:\\Windows\\Microsoft.NET\\Framework64\\v4.0.30319\\mscorsvw.exe -StartupEvent 364 -InterruptEvent 0 -NGENProcess 314 -Pipe 2d4 -Comment \""NGen Worker Process\""",,3,67027,A process was created.,,,
2777,Normal,"May 9, 2025 @ 13:41:18.676",15,10.12.25.3,Windows11,Security,4688,4,,,,,,,,,"C:\\Windows\\Microsoft.NET\\Framework64\\v4.0.30319\\mscorsvw.exe -StartupEvent 1b4 -InterruptEvent 0 -NGENProcess 2d8 -Pipe 20c -Comment \""NGen Worker Process\""",,3,67027,A process was created.,,,
2778,Normal,"May 9, 2025 @ 13:41:18.775",15,10.12.25.3,Windows11,Microsoft-Windows-Sysmon/Operational,11,3008,,,,,,,NT AUTHORITY\\SYSTEM,,,,6,92217,Executable dropped in Windows root folder,[T1570],[Lateral Movement],[Lateral Tool Transfer]
2779,Normal,"May 9, 2025 @ 13:41:18.777",15,10.12.25.3,Windows11,Microsoft-Windows-Sysmon/Operational,11,3008,,,,,,,NT AUTHORITY\\SYSTEM,,,,6,92217,Executable dropped in Windows root folder,[T1570],[Lateral Movement],[Lateral Tool Transfer]
2780,Normal,"May 9, 2025 @ 13:41:20.152",15,10.12.25.3,Windows11,Security,4688,4,,,,,,,,,"C:\\Windows\\Microsoft.NET\\Framework64\\v4.0.30319\\mscorsvw.exe -StartupEvent 3e8 -InterruptEvent 0 -NGENProcess 3dc -Pipe 2b0 -Comment \""NGen Worker Process\""",,3,67027,A process was created.,,,
2781,Normal,"May 9, 2025 @ 13:41:20.152",15,10.12.25.3,Windows11,Security,4688,4,,,,,,,,,"C:\\Windows\\Microsoft.NET\\Framework64\\v4.0.30319\\mscorsvw.exe -StartupEvent 398 -InterruptEvent 0 -NGENProcess 3a8 -Pipe 344 -Comment \""NGen Worker Process\""",,3,67027,A process was created.,,,
2782,Normal,"May 9, 2025 @ 13:41:21.288",15,10.12.25.3,Windows11,Microsoft-Windows-Sysmon/Operational,11,3008,,,,,,,NT AUTHORITY\\SYSTEM,,,,6,92217,Executable dropped in Windows root folder,[T1570],[Lateral Movement],[Lateral Tool Transfer]
2783,Normal,"May 9, 2025 @ 13:41:21.288",15,10.12.25.3,Windows11,Microsoft-Windows-Sysmon/Operational,11,3008,,,,,,,NT AUTHORITY\\SYSTEM,,,,6,92217,Executable dropped in Windows root folder,[T1570],[Lateral Movement],[Lateral Tool Transfer]
2784,Normal,"May 9, 2025 @ 13:41:21.314",15,10.12.25.3,Windows11,Security,4688,4,,,,,,,,,"C:\\Windows\\Microsoft.NET\\Framework64\\v4.0.30319\\mscorsvw.exe -StartupEvent 374 -InterruptEvent 0 -NGENProcess 38c -Pipe 2d0 -Comment \""NGen Worker Process\""",,3,67027,A process was created.,,,
2785,Normal,"May 9, 2025 @ 13:41:21.314",15,10.12.25.3,Windows11,Security,4688,4,,,,,,,,,"C:\\Windows\\Microsoft.NET\\Framework64\\v4.0.30319\\mscorsvw.exe -StartupEvent 2d8 -InterruptEvent 0 -NGENProcess 3a8 -Pipe 3f8 -Comment \""NGen Worker Process\""",,3,67027,A process was created.,,,
2786,Normal,"May 9, 2025 @ 13:41:21.347",15,10.12.25.3,Windows11,Security,4688,4,,,,,,,,,"C:\\Windows\\Microsoft.NET\\Framework64\\v4.0.30319\\mscorsvw.exe -StartupEvent 334 -InterruptEvent 0 -NGENProcess 3ec -Pipe 3d4 -Comment \""NGen Worker Process\""",,3,67027,A process was created.,,,
2787,Normal,"May 9, 2025 @ 13:41:26.771",15,10.12.25.3,Windows11,Security,4688,4,,,,,,,,,"C:\\Windows\\Microsoft.NET\\Framework64\\v4.0.30319\\mscorsvw.exe -StartupEvent 374 -InterruptEvent 0 -NGENProcess 348 -Pipe 3a4 -Comment \""NGen Worker Process\""",,3,67027,A process was created.,,,
2788,Normal,"May 9, 2025 @ 13:41:35.680",15,10.12.25.3,Windows11,Microsoft-Windows-Sysmon/Operational,11,3008,,,,,,,NT AUTHORITY\\SYSTEM,,,,6,92217,Executable dropped in Windows root folder,[T1570],[Lateral Movement],[Lateral Tool Transfer]
2789,Normal,"May 9, 2025 @ 13:41:35.845",15,10.12.25.3,Windows11,Security,4688,4,,,,,,,,,"C:\\Windows\\Microsoft.NET\\Framework64\\v4.0.30319\\mscorsvw.exe -StartupEvent 3a8 -InterruptEvent 0 -NGENProcess 390 -Pipe 364 -Comment \""NGen Worker Process\""",,3,67027,A process was created.,,,
2790,Normal,"May 9, 2025 @ 13:41:36.873",15,10.12.25.3,Windows11,Security,4688,4,,,,,,,,,"C:\\Windows\\Microsoft.NET\\Framework64\\v4.0.30319\\mscorsvw.exe -StartupEvent 374 -InterruptEvent 0 -NGENProcess 390 -Pipe 3dc -Comment \""NGen Worker Process\""",,3,67027,A process was created.,,,
2791,Normal,"May 9, 2025 @ 13:41:36.878",15,10.12.25.3,Windows11,Security,4688,4,,,,,,,,,"C:\\Windows\\Microsoft.NET\\Framework64\\v4.0.30319\\mscorsvw.exe -StartupEvent 3ec -InterruptEvent 0 -NGENProcess 38c -Pipe 348 -Comment \""NGen Worker Process\""",,3,67027,A process was created.,,,
2792,Normal,"May 9, 2025 @ 13:41:37.586",15,10.12.25.3,Windows11,Microsoft-Windows-Sysmon/Operational,11,3008,,,,,,,NT AUTHORITY\\SYSTEM,,,,6,92217,Executable dropped in Windows root folder,[T1570],[Lateral Movement],[Lateral Tool Transfer]
2793,Normal,"May 9, 2025 @ 13:41:38.474",15,10.12.25.3,Windows11,Security,4688,4,,,,,,,,,"C:\\Windows\\Microsoft.NET\\Framework64\\v4.0.30319\\mscorsvw.exe -StartupEvent 368 -InterruptEvent 0 -NGENProcess 3a8 -Pipe 374 -Comment \""NGen Worker Process\""",,3,67027,A process was created.,,,
2794,Normal,"May 9, 2025 @ 13:41:38.478",15,10.12.25.3,Windows11,Security,4688,4,,,,,,,,,"C:\\Windows\\Microsoft.NET\\Framework64\\v4.0.30319\\mscorsvw.exe -StartupEvent 33c -InterruptEvent 0 -NGENProcess 334 -Pipe 3a8 -Comment \""NGen Worker Process\""",,3,67027,A process was created.,,,
2795,Normal,"May 9, 2025 @ 13:41:38.483",15,10.12.25.3,Windows11,Security,4688,4,,,,,,,,,"C:\\Windows\\Microsoft.NET\\Framework64\\v4.0.30319\\mscorsvw.exe -StartupEvent 1b4 -InterruptEvent 0 -NGENProcess 334 -Pipe 3e8 -Comment \""NGen Worker Process\""",,3,67027,A process was created.,,,
2796,Normal,"May 9, 2025 @ 13:41:38.598",15,10.12.25.3,Windows11,Microsoft-Windows-Sysmon/Operational,11,3008,,,,,,,NT AUTHORITY\\SYSTEM,,,,6,92217,Executable dropped in Windows root folder,[T1570],[Lateral Movement],[Lateral Tool Transfer]
2797,Normal,"May 9, 2025 @ 13:41:43.408",15,10.12.25.3,Windows11,Microsoft-Windows-Sysmon/Operational,11,3008,,,,,,,NT AUTHORITY\\SYSTEM,,,,6,92217,Executable dropped in Windows root folder,[T1570],[Lateral Movement],[Lateral Tool Transfer]
2798,Normal,"May 9, 2025 @ 13:41:43.443",15,10.12.25.3,Windows11,Security,4688,4,,,,,,,,,"C:\\Windows\\Microsoft.NET\\Framework64\\v4.0.30319\\mscorsvw.exe -StartupEvent 390 -InterruptEvent 0 -NGENProcess 2b4 -Pipe 38c -Comment \""NGen Worker Process\""",,3,67027,A process was created.,,,
2799,Normal,"May 9, 2025 @ 13:41:43.448",15,10.12.25.3,Windows11,Security,4688,4,,,,,,,,,"C:\\Windows\\Microsoft.NET\\Framework64\\v4.0.30319\\mscorsvw.exe -StartupEvent 314 -InterruptEvent 0 -NGENProcess 334 -Pipe 2fc -Comment \""NGen Worker Process\""",,3,67027,A process was created.,,,
2800,Normal,"May 9, 2025 @ 13:41:44.441",15,10.12.25.3,Windows11,Microsoft-Windows-Sysmon/Operational,11,3008,,,,,,,NT AUTHORITY\\SYSTEM,,,,6,92217,Executable dropped in Windows root folder,[T1570],[Lateral Movement],[Lateral Tool Transfer]
2801,Normal,"May 9, 2025 @ 13:41:44.487",15,10.12.25.3,Windows11,Security,4688,4,,,,,,,,,"C:\\Windows\\Microsoft.NET\\Framework64\\v4.0.30319\\mscorsvw.exe -StartupEvent 314 -InterruptEvent 0 -NGENProcess 310 -Pipe 2f8 -Comment \""NGen Worker Process\""",,3,67027,A process was created.,,,
2802,Normal,"May 9, 2025 @ 13:41:44.487",15,10.12.25.3,Windows11,Security,4688,4,,,,,,,,,"C:\\Windows\\Microsoft.NET\\Framework64\\v4.0.30319\\mscorsvw.exe -StartupEvent 368 -InterruptEvent 0 -NGENProcess 1b4 -Pipe 33c -Comment \""NGen Worker Process\""",,3,67027,A process was created.,,,
2803,Normal,"May 9, 2025 @ 13:41:50.415",15,10.12.25.3,Windows11,Security,4688,4,,,,,,,,,"C:\\Windows\\Microsoft.NET\\Framework64\\v4.0.30319\\mscorsvw.exe -StartupEvent 314 -InterruptEvent 0 -NGENProcess 3f4 -Pipe 304 -Comment \""NGen Worker Process\""",,3,67027,A process was created.,,,
2804,Normal,"May 9, 2025 @ 13:41:52.430",15,10.12.25.3,Windows11,Security,4688,4,,,,,,,,,"C:\\Windows\\Microsoft.NET\\Framework64\\v4.0.30319\\mscorsvw.exe -StartupEvent 36c -InterruptEvent 0 -NGENProcess 1e0 -Pipe 34c -Comment \""NGen Worker Process\""",,3,67027,A process was created.,,,
2805,Normal,"May 9, 2025 @ 13:41:52.435",15,10.12.25.3,Windows11,Security,4688,4,,,,,,,,,"C:\\Windows\\Microsoft.NET\\Framework64\\v4.0.30319\\mscorsvw.exe -StartupEvent 3f0 -InterruptEvent 0 -NGENProcess 2e8 -Pipe 380 -Comment \""NGen Worker Process\""",,3,67027,A process was created.,,,
2806,Normal,"May 9, 2025 @ 13:41:52.464",15,10.12.25.3,Windows11,Security,4688,4,,,,,,,,,"C:\\Windows\\Microsoft.NET\\Framework64\\v4.0.30319\\mscorsvw.exe -StartupEvent 248 -InterruptEvent 0 -NGENProcess 3ac -Pipe 3ec -Comment \""NGen Worker Process\""",,3,67027,A process was created.,,,
2807,Normal,"May 9, 2025 @ 13:41:55.680",15,10.12.25.3,Windows11,Security,4688,4,,,,,,,,,"C:\\Windows\\Microsoft.NET\\Framework64\\v4.0.30319\\mscorsvw.exe -StartupEvent 2b4 -InterruptEvent 0 -NGENProcess 398 -Pipe 2e8 -Comment \""NGen Worker Process\""",,3,67027,A process was created.,,,
2808,Normal,"May 9, 2025 @ 13:41:57.488",15,10.12.25.3,Windows11,Security,4688,4,,,,,,,,,"C:\\Windows\\Microsoft.NET\\Framework64\\v4.0.30319\\mscorsvw.exe -StartupEvent 390 -InterruptEvent 0 -NGENProcess 36c -Pipe 3ac -Comment \""NGen Worker Process\""",,3,67027,A process was created.,,,
2809,Normal,"May 9, 2025 @ 13:41:57.490",15,10.12.25.3,Windows11,Security,4688,4,,,,,,,,,"C:\\Windows\\Microsoft.NET\\Framework64\\v4.0.30319\\mscorsvw.exe -StartupEvent 3cc -InterruptEvent 0 -NGENProcess 36c -Pipe 3f0 -Comment \""NGen Worker Process\""",,3,67027,A process was created.,,,
