1958,Normal,"May 9, 2025 @ 13:24:39.772",16,10.12.25.5,Windows11EWS,Microsoft-Windows-Windows Defender/Operational,5007,3912,,,,,,,,,,,5,62154,Windows Defender: Antimalware platform feature configuration changed,,,
1959,Normal,"May 9, 2025 @ 13:24:39.942",16,10.12.25.5,Windows11EWS,Security,4688,4,,,,,,,,,"\""C:\\PROGRAM FILES\\COMMON FILES\\SIEMENS\\ALMPANELPLUGIN\\ALMPANELPLUGIN.EXE\"" -Embedding",,3,67027,A process was created.,,,
1960,Normal,"May 9, 2025 @ 13:24:39.952",16,10.12.25.5,Windows11EWS,Security,4688,4,,,,,,,,,"auditpol.exe /get /subcategory:\""Application Group Management\""",,3,67027,A process was created.,,,
1961,Normal,"May 9, 2025 @ 13:24:39.957",16,10.12.25.5,Windows11EWS,Security,4688,4,,,,,,,,,\\??\\C:\\WINDOWS\\system32\\conhost.exe 0xffffffff -ForceV1,,3,67027,A process was created.,,,
1962,Normal,"May 9, 2025 @ 13:24:39.960",16,10.12.25.5,Windows11EWS,Security,4624,948,,Negotiate,Advapi,,,,,,,,3,60106,Windows Logon Success,[T1078],"[Defense Evasion, Persistence, Privilege Escalation, Initial Access]",[Valid Accounts]
1963,Normal,"May 9, 2025 @ 13:24:39.965",16,10.12.25.5,Windows11EWS,Security,4688,4,,,,,,,,,C:\\WINDOWS\\System32\\svchost.exe -k LocalSystemNetworkRestricted -p,,3,67027,A process was created.,,,
1964,Normal,"May 9, 2025 @ 13:24:39.967",16,10.12.25.5,Windows11EWS,Security,4688,4,,,,,,,,,"auditpol.exe /get /subcategory:\""Security Group Management\""",,3,67027,A process was created.,,,
1965,Normal,"May 9, 2025 @ 13:24:39.970",16,10.12.25.5,Windows11EWS,Security,4688,4,,,,,,,,,\\??\\C:\\WINDOWS\\system32\\conhost.exe 0xffffffff -ForceV1,,3,67027,A process was created.,,,
1966,Normal,"May 9, 2025 @ 13:24:39.972",16,10.12.25.5,Windows11EWS,Security,4688,4,,,,,,,,,"auditpol.exe /get /subcategory:\""User Account Management\""",,3,67027,A process was created.,,,
1967,Normal,"May 9, 2025 @ 13:24:39.975",16,10.12.25.5,Windows11EWS,Security,4688,4,,,,,,,,,\\??\\C:\\WINDOWS\\system32\\conhost.exe 0xffffffff -ForceV1,,3,67027,A process was created.,,,
1968,Normal,"May 9, 2025 @ 13:24:39.978",16,10.12.25.5,Windows11EWS,Security,4688,4,,,,,,,,,"\""C:\\PROGRAM FILES (X86)\\COMMON FILES\\SIEMENS\\ACE\\BIN\\SCSDIALOGX.EXE\"" -Embedding",,3,67027,A process was created.,,,
1969,Normal,"May 9, 2025 @ 13:24:41.459",16,10.12.25.5,Windows11EWS,Microsoft-Windows-Windows Defender/Operational,5007,3912,,,,,,,,,,,5,62154,Windows Defender: Antimalware platform feature configuration changed,,,
1970,Normal,"May 9, 2025 @ 13:24:41.460",16,10.12.25.5,Windows11EWS,Security,4688,4,,,,,,,,,"auditpol.exe /get /subcategory:\""Plug and Play Events\""",,3,67027,A process was created.,,,
1971,Normal,"May 9, 2025 @ 13:24:41.462",16,10.12.25.5,Windows11EWS,Security,4624,948,,Negotiate,Advapi,,,,,,,,3,60106,Windows Logon Success,[T1078],"[Defense Evasion, Persistence, Privilege Escalation, Initial Access]",[Valid Accounts]
1972,Normal,"May 9, 2025 @ 13:24:41.462",16,10.12.25.5,Windows11EWS,Security,4688,4,,,,,,,,,\\??\\C:\\WINDOWS\\system32\\conhost.exe 0xffffffff -ForceV1,,3,67027,A process was created.,,,
1973,Normal,"May 9, 2025 @ 13:24:41.465",16,10.12.25.5,Windows11EWS,Security,4688,4,,,,,,,,,C:\\WINDOWS\\system32\\svchost.exe -k osprivacy -p,,3,67027,A process was created.,,,
1974,Normal,"May 9, 2025 @ 13:24:42.541",16,10.12.25.5,Windows11EWS,Security,4688,4,,,,,,,,,"auditpol.exe /get /subcategory:\""Process Creation\""",,3,67027,A process was created.,,,
1975,Normal,"May 9, 2025 @ 13:24:42.609",16,10.12.25.5,Windows11EWS,Security,4688,4,,,,,,,,,\\??\\C:\\WINDOWS\\system32\\conhost.exe 0xffffffff -ForceV1,,3,67027,A process was created.,,,
1976,Normal,"May 9, 2025 @ 13:24:42.615",16,10.12.25.5,Windows11EWS,Security,4688,4,,,,,,,,,C:\\WINDOWS\\system32\\DllHost.exe /Processid:{338B40F9-9D68-4B53-A793-6B9AA0C5F63B},,3,67027,A process was created.,,,
1977,Normal,"May 9, 2025 @ 13:24:42.619",16,10.12.25.5,Windows11EWS,Security,4688,4,,,,,,,,,"auditpol.exe /get /subcategory:\""Account Lockout\""",,3,67027,A process was created.,,,
1978,Normal,"May 9, 2025 @ 13:24:42.622",16,10.12.25.5,Windows11EWS,Security,4688,4,,,,,,,,,\\??\\C:\\WINDOWS\\system32\\conhost.exe 0xffffffff -ForceV1,,3,67027,A process was created.,,,
1979,Normal,"May 9, 2025 @ 13:24:43.693",16,10.12.25.5,Windows11EWS,Security,4688,4,,,,,,,,,"auditpol.exe /get /subcategory:\""Group Membership\""",,3,67027,A process was created.,,,
1980,Normal,"May 9, 2025 @ 13:24:43.706",16,10.12.25.5,Windows11EWS,Security,4688,4,,,,,,,,,\\??\\C:\\WINDOWS\\system32\\conhost.exe 0xffffffff -ForceV1,,3,67027,A process was created.,,,
1981,Normal,"May 9, 2025 @ 13:24:43.710",16,10.12.25.5,Windows11EWS,Security,4688,4,,,,,,,,,"auditpol.exe /get /subcategory:\""Logoff\""",,3,67027,A process was created.,,,
1982,Normal,"May 9, 2025 @ 13:24:43.736",16,10.12.25.5,Windows11EWS,Security,4688,4,,,,,,,,,\\??\\C:\\WINDOWS\\system32\\conhost.exe 0xffffffff -ForceV1,,3,67027,A process was created.,,,
1983,Normal,"May 9, 2025 @ 13:24:45.300",16,10.12.25.5,Windows11EWS,Security,4688,4,,,,,,,,,"auditpol.exe /get /subcategory:\""Logon\""",,3,67027,A process was created.,,,
1984,Normal,"May 9, 2025 @ 13:24:45.479",16,10.12.25.5,Windows11EWS,Security,4688,4,,,,,,,,,\\??\\C:\\WINDOWS\\system32\\conhost.exe 0xffffffff -ForceV1,,3,67027,A process was created.,,,
1985,Normal,"May 9, 2025 @ 13:24:45.493",16,10.12.25.5,Windows11EWS,Security,4688,4,,,,,,,,,"auditpol.exe /get /subcategory:\""Other Logon/Logoff Events\""",,3,67027,A process was created.,,,
1986,Normal,"May 9, 2025 @ 13:24:45.502",16,10.12.25.5,Windows11EWS,Security,4688,4,,,,,,,,,\\??\\C:\\WINDOWS\\system32\\conhost.exe 0xffffffff -ForceV1,,3,67027,A process was created.,,,
1987,Normal,"May 9, 2025 @ 13:24:45.508",16,10.12.25.5,Windows11EWS,Security,4688,4,,,,,,,,,"auditpol.exe /get /subcategory:\""Special Logon\""",,3,67027,A process was created.,,,
1988,Normal,"May 9, 2025 @ 13:24:45.532",16,10.12.25.5,Windows11EWS,Security,4688,4,,,,,,,,,\\??\\C:\\WINDOWS\\system32\\conhost.exe 0xffffffff -ForceV1,,3,67027,A process was created.,,,
1989,Normal,"May 9, 2025 @ 13:24:45.532",16,10.12.25.5,Windows11EWS,Security,4688,4,,,,,,,,,\\??\\C:\\WINDOWS\\system32\\conhost.exe 0xffffffff -ForceV1,,3,67027,A process was created.,,,
1990,Normal,"May 9, 2025 @ 13:24:45.533",16,10.12.25.5,Windows11EWS,Security,4688,4,,,,,,,,,"auditpol.exe /get /subcategory:\""Detailed File Share\""",,3,67027,A process was created.,,,
1991,Normal,"May 9, 2025 @ 13:24:46.137",16,10.12.25.5,Windows11EWS,Microsoft-Windows-Windows Defender/Operational,5007,3912,,,,,,,,,,,5,62154,Windows Defender: Antimalware platform feature configuration changed,,,
1992,Normal,"May 9, 2025 @ 13:24:46.292",16,10.12.25.5,Windows11EWS,Application,1003,6716,,,,,,,,,,,3,60668,The Windows search service started.,,,
1993,Normal,"May 9, 2025 @ 13:24:47.056",16,10.12.25.5,Windows11EWS,Security,4688,4,,,,,,,,,"auditpol.exe /get /subcategory:\""File Share\""",,3,67027,A process was created.,,,
1994,Normal,"May 9, 2025 @ 13:24:47.083",16,10.12.25.5,Windows11EWS,Security,4688,4,,,,,,,,,\\??\\C:\\WINDOWS\\system32\\conhost.exe 0xffffffff -ForceV1,,3,67027,A process was created.,,,
1995,Normal,"May 9, 2025 @ 13:24:47.099",16,10.12.25.5,Windows11EWS,Security,4688,4,,,,,,,,,"auditpol.exe /get /subcategory:\""Other Object Access Events\""",,3,67027,A process was created.,,,
1996,Normal,"May 9, 2025 @ 13:24:47.118",16,10.12.25.5,Windows11EWS,Security,4688,4,,,,,,,,,\\??\\C:\\WINDOWS\\system32\\conhost.exe 0xffffffff -ForceV1,,3,67027,A process was created.,,,
1997,Normal,"May 9, 2025 @ 13:24:48.114",16,10.12.25.5,Windows11EWS,Security,4688,4,,,,,,,,,"auditpol.exe /get /subcategory:\""Removable Storage\""",,3,67027,A process was created.,,,
1998,Normal,"May 9, 2025 @ 13:24:48.157",16,10.12.25.5,Windows11EWS,Security,4688,4,,,,,,,,,\\??\\C:\\WINDOWS\\system32\\conhost.exe 0xffffffff -ForceV1,,3,67027,A process was created.,,,
1999,Normal,"May 9, 2025 @ 13:24:48.204",16,10.12.25.5,Windows11EWS,Security,4688,4,,,,,,,,,"auditpol.exe /get /subcategory:\""Audit Policy Change\""",,3,67027,A process was created.,,,
2000,Normal,"May 9, 2025 @ 13:24:48.236",16,10.12.25.5,Windows11EWS,Security,4688,4,,,,,,,,,\\??\\C:\\WINDOWS\\system32\\conhost.exe 0xffffffff -ForceV1,,3,67027,A process was created.,,,
2001,Normal,"May 9, 2025 @ 13:24:48.269",16,10.12.25.5,Windows11EWS,Security,4688,4,,,,,,,,,"auditpol.exe /get /subcategory:\""Authentication Policy Change\""",,3,67027,A process was created.,,,
2002,Normal,"May 9, 2025 @ 13:24:48.322",16,10.12.25.5,Windows11EWS,Security,4688,4,,,,,,,,,\\??\\C:\\WINDOWS\\system32\\conhost.exe 0xffffffff -ForceV1,,3,67027,A process was created.,,,
2003,Normal,"May 9, 2025 @ 13:24:48.336",16,10.12.25.5,Windows11EWS,Security,4688,4,,,,,,,,,AggregatorHost.exe,,3,67027,A process was created.,,,
2004,Normal,"May 9, 2025 @ 13:24:48.350",16,10.12.25.5,Windows11EWS,Security,4688,4,,,,,,,,,"auditpol.exe /get /subcategory:\""Authorization Policy Change\""",,3,67027,A process was created.,,,
2005,Normal,"May 9, 2025 @ 13:24:48.364",16,10.12.25.5,Windows11EWS,Security,4688,4,,,,,,,,,\\??\\C:\\WINDOWS\\system32\\conhost.exe 0xffffffff -ForceV1,,3,67027,A process was created.,,,
2006,Normal,"May 9, 2025 @ 13:24:48.397",16,10.12.25.5,Windows11EWS,Security,4688,4,,,,,,,,,"auditpol.exe /get /subcategory:\""MPSSVC Rule-Level Policy Change\""",,3,67027,A process was created.,,,
2007,Normal,"May 9, 2025 @ 13:24:48.427",16,10.12.25.5,Windows11EWS,Security,4688,4,,,,,,,,,"auditpol.exe /get /subcategory:\""Other Policy Change Events\""",,3,67027,A process was created.,,,
2008,Normal,"May 9, 2025 @ 13:24:48.427",16,10.12.25.5,Windows11EWS,Security,4688,4,,,,,,,,,\\??\\C:\\WINDOWS\\system32\\conhost.exe 0xffffffff -ForceV1,,3,67027,A process was created.,,,
2009,Normal,"May 9, 2025 @ 13:24:48.455",16,10.12.25.5,Windows11EWS,Security,4688,4,,,,,,,,,\\??\\C:\\WINDOWS\\system32\\conhost.exe 0xffffffff -ForceV1,,3,67027,A process was created.,,,
2010,Normal,"May 9, 2025 @ 13:24:48.459",16,10.12.25.5,Windows11EWS,Security,4688,4,,,,,,,,,\\??\\C:\\WINDOWS\\system32\\conhost.exe 0xffffffff -ForceV1,,3,67027,A process was created.,,,
2011,Normal,"May 9, 2025 @ 13:24:48.460",16,10.12.25.5,Windows11EWS,Security,4688,4,,,,,,,,,"auditpol.exe /get /subcategory:\""Sensitive Privilege Use\""",,3,67027,A process was created.,,,
2012,Normal,"May 9, 2025 @ 13:24:48.461",16,10.12.25.5,Windows11EWS,Security,4688,4,,,,,,,,,"auditpol.exe /get /subcategory:\""IPsec Driver\""",,3,67027,A process was created.,,,
2013,Normal,"May 9, 2025 @ 13:24:48.474",16,10.12.25.5,Windows11EWS,Security,4688,4,,,,,,,,,\\??\\C:\\WINDOWS\\system32\\conhost.exe 0xffffffff -ForceV1,,3,67027,A process was created.,,,
2014,Normal,"May 9, 2025 @ 13:24:48.475",16,10.12.25.5,Windows11EWS,Security,4688,4,,,,,,,,,"auditpol.exe /get /subcategory:\""Other System Events\""",,3,67027,A process was created.,,,
2015,Normal,"May 9, 2025 @ 13:24:48.489",16,10.12.25.5,Windows11EWS,Security,4688,4,,,,,,,,,\\??\\C:\\WINDOWS\\system32\\conhost.exe 0xffffffff -ForceV1,,3,67027,A process was created.,,,
2016,Normal,"May 9, 2025 @ 13:24:48.533",16,10.12.25.5,Windows11EWS,Security,4688,4,,,,,,,,,\\??\\C:\\WINDOWS\\system32\\conhost.exe 0xffffffff -ForceV1,,3,67027,A process was created.,,,
2017,Normal,"May 9, 2025 @ 13:24:48.533",16,10.12.25.5,Windows11EWS,Security,4688,4,,,,,,,,,"auditpol.exe /get /subcategory:\""Security State Change\""",,3,67027,A process was created.,,,
2018,Normal,"May 9, 2025 @ 13:24:49.227",16,10.12.25.5,Windows11EWS,Security,4688,4,,,,,,,,,"auditpol.exe /get /subcategory:\""Security System Extension\""",,3,67027,A process was created.,,,
2019,Normal,"May 9, 2025 @ 13:24:49.245",16,10.12.25.5,Windows11EWS,Security,4688,4,,,,,,,,,\\??\\C:\\WINDOWS\\system32\\conhost.exe 0xffffffff -ForceV1,,3,67027,A process was created.,,,
2020,Normal,"May 9, 2025 @ 13:24:49.282",16,10.12.25.5,Windows11EWS,Security,4688,4,,,,,,,,,"auditpol.exe /get /subcategory:\""System Integrity\""",,3,67027,A process was created.,,,
2021,Normal,"May 9, 2025 @ 13:24:49.305",16,10.12.25.5,Windows11EWS,Security,4688,4,,,,,,,,,\\??\\C:\\WINDOWS\\system32\\conhost.exe 0xffffffff -ForceV1,,3,67027,A process was created.,,,
2022,Normal,"May 9, 2025 @ 13:24:50.848",16,10.12.25.5,Windows11EWS,Security,4688,4,,,,,,,,,C:\\WINDOWS\\system32\\userinit.exe,,3,67027,A process was created.,,,
2023,Normal,"May 9, 2025 @ 13:24:50.851",16,10.12.25.5,Windows11EWS,Security,4688,4,,,,,,,,,C:\\WINDOWS\\Explorer.EXE,,3,67027,A process was created.,,,
2024,Normal,"May 9, 2025 @ 13:24:53.873",16,10.12.25.5,Windows11EWS,Security,4688,4,,,,,,,,,"\""C:\\Windows\\System32\\ShellHost.exe\""",,3,67027,A process was created.,,,
2025,Normal,"May 9, 2025 @ 13:24:54.748",16,10.12.25.5,Windows11EWS,,,,,,,,,,,,,,3,19015,"CIS Microsoft Windows 11 Enterprise Benchmark v3.0.0: Ensure 'Maximum password age' is set to '365 or fewer days, but not 0'.: Status changed from 'not applicable' to passed",,,
2026,Normal,"May 9, 2025 @ 13:24:55.969",16,10.12.25.5,Windows11EWS,Security,4624,948,,Negotiate,Advapi,,,,,,,,3,60106,Windows Logon Success,[T1078],"[Defense Evasion, Persistence, Privilege Escalation, Initial Access]",[Valid Accounts]
2027,Normal,"May 9, 2025 @ 13:24:55.973",16,10.12.25.5,Windows11EWS,Security,4688,4,,,,,,,,,C:\\WINDOWS\\System32\\svchost.exe -k AppReadiness -p,,3,67027,A process was created.,,,
2028,Normal,"May 9, 2025 @ 13:24:59.057",16,10.12.25.5,Windows11EWS,Security,4688,4,,,,,,,,,"\""C:\\Program Files\\Common Files\\Siemens\\Automation\\Simatic OAM\\bin\\PNIOMGR.exe\"" --start 0",,3,67027,A process was created.,,,
2029,Normal,"May 9, 2025 @ 13:24:59.057",16,10.12.25.5,Windows11EWS,Security,4688,4,,,,,,,,,\\??\\C:\\WINDOWS\\system32\\conhost.exe 0xffffffff -ForceV1,,3,67027,A process was created.,,,
2030,Normal,"May 9, 2025 @ 13:25:03.598",15,10.12.25.3,Windows11,Security,4688,4,,,,,,,,,wmiadap.exe /F /T /R,,3,67027,A process was created.,,,
2031,Normal,"May 9, 2025 @ 13:25:03.772",16,10.12.25.5,Windows11EWS,Security,4688,4,,,,,,,,,"C:\\WINDOWS\\system32\\rundll32.exe C:\\WINDOWS\\system32\\AppXDeploymentExtensions.OneCore.dll,ShellRefresh",,3,67027,A process was created.,,,
2032,Normal,"May 9, 2025 @ 13:25:07.278",16,10.12.25.5,Windows11EWS,Security,4688,4,,,,,,,,,"\""C:\\WINDOWS\\system32\\dxgiadaptercache.exe\""",,3,67027,A process was created.,,,
2033,Normal,"May 9, 2025 @ 13:25:07.279",15,10.12.25.3,Windows11,Security,4688,4,,,,,,,,,"\""C:\\Program Files (x86)\\Microsoft\\Edge\\Application\\msedge.exe\"" --type=utility --utility-sub-type=asset_store.mojom.AssetStoreService --lang=en-GB --service-sandbox-type=asset_store_service --no-pre-read-main-dll --always-read-main-dll --field-trial-handle=2340,i,6060090785297826930,4527760222078284358,262144 --variations-seed-version --mojo-platform-channel-handle=4288 /prefetch:14",,3,67027,A process was created.,,,
2034,Normal,"May 9, 2025 @ 13:25:08.772",16,10.12.25.5,Windows11EWS,Security,4688,4,,,,,,,,,C:\\WINDOWS\\System32\\svchost.exe -k LocalServiceNetworkRestricted,,3,67027,A process was created.,,,
2035,Normal,"May 9, 2025 @ 13:25:08.775",16,10.12.25.5,Windows11EWS,Security,4688,4,,,,,,,,,"\""C:\\Program Files (x86)\\Microsoft\\EdgeUpdate\\MicrosoftEdgeUpdate.exe\"" /ua /installsource core",,3,67027,A process was created.,,,
2036,Normal,"May 9, 2025 @ 13:25:08.876",16,10.12.25.5,Windows11EWS,Microsoft-Windows-Windows Defender/Operational,5007,3912,,,,,,,,,,,5,62154,Windows Defender: Antimalware platform feature configuration changed,,,
2037,Normal,"May 9, 2025 @ 13:25:08.910",16,10.12.25.5,Windows11EWS,Microsoft-Windows-Windows Defender/Operational,5007,3912,,,,,,,,,,,5,62154,Windows Defender: Antimalware platform feature configuration changed,,,
2038,Normal,"May 9, 2025 @ 13:25:08.910",16,10.12.25.5,Windows11EWS,Microsoft-Windows-Windows Defender/Operational,5007,3912,,,,,,,,,,,5,62154,Windows Defender: Antimalware platform feature configuration changed,,,
2039,Normal,"May 9, 2025 @ 13:25:09.846",16,10.12.25.5,Windows11EWS,Microsoft-Windows-Windows Defender/Operational,5007,3912,,,,,,,,,,,5,62154,Windows Defender: Antimalware platform feature configuration changed,,,
2040,Normal,"May 9, 2025 @ 13:25:09.848",16,10.12.25.5,Windows11EWS,Microsoft-Windows-Windows Defender/Operational,5007,3912,,,,,,,,,,,5,62154,Windows Defender: Antimalware platform feature configuration changed,,,
2041,Normal,"May 9, 2025 @ 13:25:09.984",16,10.12.25.5,Windows11EWS,,,,,,,,,,,,,,9,19005,SCA summary: CIS Microsoft Windows 11 Enterprise Benchmark v3.0.0: Score less than 30% (25),,,
2042,Normal,"May 9, 2025 @ 13:25:10.584",16,10.12.25.5,Windows11EWS,Security,4688,4,,,,,,,,,"\""C:\\ProgramData\\Microsoft\\Windows Defender\\Platform\\4.18.25030.2-0\\NisSrv.exe\""",,3,67027,A process was created.,,,
2043,Normal,"May 9, 2025 @ 13:25:11.777",16,10.12.25.5,Windows11EWS,Security,4688,4,,,,,,,,,/QuitInfo:00000000000009A0;00000000000009A4;,,3,67027,A process was created.,,,
2044,Normal,"May 9, 2025 @ 13:25:12.863",16,10.12.25.5,Windows11EWS,Security,4673,4,,,,,,,,,,,4,60107,Failed attempt to perform a privileged operation,[T1078],"[Defense Evasion, Persistence, Privilege Escalation, Initial Access]",[Valid Accounts]
2045,Normal,"May 9, 2025 @ 13:25:12.869",16,10.12.25.5,Windows11EWS,Security,4673,4,,,,,,,,,,,4,60107,Failed attempt to perform a privileged operation,[T1078],"[Defense Evasion, Persistence, Privilege Escalation, Initial Access]",[Valid Accounts]
2046,Normal,"May 9, 2025 @ 13:25:12.870",16,10.12.25.5,Windows11EWS,Security,4673,4,,,,,,,,,,,4,60107,Failed attempt to perform a privileged operation,[T1078],"[Defense Evasion, Persistence, Privilege Escalation, Initial Access]",[Valid Accounts]
2047,Normal,"May 9, 2025 @ 13:25:12.870",16,10.12.25.5,Windows11EWS,Security,4673,4,,,,,,,,,,,4,60107,Failed attempt to perform a privileged operation,[T1078],"[Defense Evasion, Persistence, Privilege Escalation, Initial Access]",[Valid Accounts]
2048,Normal,"May 9, 2025 @ 13:25:12.872",16,10.12.25.5,Windows11EWS,Security,4673,4,,,,,,,,,,,4,60107,Failed attempt to perform a privileged operation,[T1078],"[Defense Evasion, Persistence, Privilege Escalation, Initial Access]",[Valid Accounts]
2049,Normal,"May 9, 2025 @ 13:25:12.873",16,10.12.25.5,Windows11EWS,Security,4673,4,,,,,,,,,,,4,60107,Failed attempt to perform a privileged operation,[T1078],"[Defense Evasion, Persistence, Privilege Escalation, Initial Access]",[Valid Accounts]
2050,Normal,"May 9, 2025 @ 13:25:12.877",16,10.12.25.5,Windows11EWS,Security,4673,4,,,,,,,,,,,4,60107,Failed attempt to perform a privileged operation,[T1078],"[Defense Evasion, Persistence, Privilege Escalation, Initial Access]",[Valid Accounts]
2051,Normal,"May 9, 2025 @ 13:25:12.877",16,10.12.25.5,Windows11EWS,Security,4673,4,,,,,,,,,,,4,60107,Failed attempt to perform a privileged operation,[T1078],"[Defense Evasion, Persistence, Privilege Escalation, Initial Access]",[Valid Accounts]
2052,Normal,"May 9, 2025 @ 13:25:12.878",16,10.12.25.5,Windows11EWS,Security,4673,4,,,,,,,,,,,4,60107,Failed attempt to perform a privileged operation,[T1078],"[Defense Evasion, Persistence, Privilege Escalation, Initial Access]",[Valid Accounts]
2053,Normal,"May 9, 2025 @ 13:25:12.881",16,10.12.25.5,Windows11EWS,Security,4673,4,,,,,,,,,,,4,60107,Failed attempt to perform a privileged operation,[T1078],"[Defense Evasion, Persistence, Privilege Escalation, Initial Access]",[Valid Accounts]
2054,Normal,"May 9, 2025 @ 13:25:12.881",16,10.12.25.5,Windows11EWS,Security,4673,4,,,,,,,,,,,4,60107,Failed attempt to perform a privileged operation,[T1078],"[Defense Evasion, Persistence, Privilege Escalation, Initial Access]",[Valid Accounts]
2055,Normal,"May 9, 2025 @ 13:25:12.882",16,10.12.25.5,Windows11EWS,Security,4673,4,,,,,,,,,,,4,60107,Failed attempt to perform a privileged operation,[T1078],"[Defense Evasion, Persistence, Privilege Escalation, Initial Access]",[Valid Accounts]
2056,Normal,"May 9, 2025 @ 13:25:12.883",16,10.12.25.5,Windows11EWS,Security,4673,4,,,,,,,,,,,4,60107,Failed attempt to perform a privileged operation,[T1078],"[Defense Evasion, Persistence, Privilege Escalation, Initial Access]",[Valid Accounts]
2057,Normal,"May 9, 2025 @ 13:25:12.883",16,10.12.25.5,Windows11EWS,Security,4673,4,,,,,,,,,,,4,60107,Failed attempt to perform a privileged operation,[T1078],"[Defense Evasion, Persistence, Privilege Escalation, Initial Access]",[Valid Accounts]
2058,Normal,"May 9, 2025 @ 13:25:12.883",16,10.12.25.5,Windows11EWS,Security,4673,4,,,,,,,,,,,4,60107,Failed attempt to perform a privileged operation,[T1078],"[Defense Evasion, Persistence, Privilege Escalation, Initial Access]",[Valid Accounts]
2059,Normal,"May 9, 2025 @ 13:25:12.884",16,10.12.25.5,Windows11EWS,Security,4673,4,,,,,,,,,,,4,60107,Failed attempt to perform a privileged operation,[T1078],"[Defense Evasion, Persistence, Privilege Escalation, Initial Access]",[Valid Accounts]
2060,Normal,"May 9, 2025 @ 13:25:12.884",16,10.12.25.5,Windows11EWS,Security,4673,4,,,,,,,,,,,4,60107,Failed attempt to perform a privileged operation,[T1078],"[Defense Evasion, Persistence, Privilege Escalation, Initial Access]",[Valid Accounts]
2061,Normal,"May 9, 2025 @ 13:25:12.885",16,10.12.25.5,Windows11EWS,Security,4673,4,,,,,,,,,,,4,60107,Failed attempt to perform a privileged operation,[T1078],"[Defense Evasion, Persistence, Privilege Escalation, Initial Access]",[Valid Accounts]
2062,Normal,"May 9, 2025 @ 13:25:17.069",16,10.12.25.5,Windows11EWS,Security,4673,4,,,,,,,,,,,4,60107,Failed attempt to perform a privileged operation,[T1078],"[Defense Evasion, Persistence, Privilege Escalation, Initial Access]",[Valid Accounts]
2063,Normal,"May 9, 2025 @ 13:25:17.070",16,10.12.25.5,Windows11EWS,Security,4673,4,,,,,,,,,,,4,60107,Failed attempt to perform a privileged operation,[T1078],"[Defense Evasion, Persistence, Privilege Escalation, Initial Access]",[Valid Accounts]
2064,Normal,"May 9, 2025 @ 13:25:17.070",16,10.12.25.5,Windows11EWS,Security,4673,4,,,,,,,,,,,4,60107,Failed attempt to perform a privileged operation,[T1078],"[Defense Evasion, Persistence, Privilege Escalation, Initial Access]",[Valid Accounts]
2065,Normal,"May 9, 2025 @ 13:25:18.928",16,10.12.25.5,Windows11EWS,Application,86,1948,,,,,,,,,,,9,60602,Windows application error event.,,,
2066,Normal,"May 9, 2025 @ 13:25:18.991",16,10.12.25.5,Windows11EWS,Application,86,1948,,,,,,,,,,,9,60602,Windows application error event.,,,
2067,Normal,"May 9, 2025 @ 13:25:18.995",16,10.12.25.5,Windows11EWS,Security,4688,4,,,,,,,,,C:\\WINDOWS\\system32\\svchost.exe -k ClipboardSvcGroup -p,,3,67027,A process was created.,,,
2068,Normal,"May 9, 2025 @ 13:25:19.379",16,10.12.25.5,Windows11EWS,Application,86,1948,,,,,,,,,,,9,60602,Windows application error event.,,,
2069,Normal,"May 9, 2025 @ 13:25:21.014",16,10.12.25.5,Windows11EWS,Security,4688,4,,,,,,,,, -c -s 0 -f 0 -t Empty -m Empty -a 0 -u Empty,,3,67027,A process was created.,,,
2070,Normal,"May 9, 2025 @ 13:25:24.999",16,10.12.25.5,Windows11EWS,Security,4688,4,,,,,,,,,C:\\WINDOWS\\system32\\DllHost.exe /Processid:{AB8902B4-09CA-4BB6-B78D-A8F59079A8D5},,3,67027,A process was created.,,,
2071,Normal,"May 9, 2025 @ 13:25:28.388",16,10.12.25.5,Windows11EWS,Security,4688,4,,,,,,,,,C:\\WINDOWS\\system32\\DllHost.exe /Processid:{69B7FE84-6361-4423-B948-1D64820B1E96},,3,67027,A process was created.,,,
2072,Normal,"May 9, 2025 @ 13:25:29.682",16,10.12.25.5,Windows11EWS,Security,4673,4,,,,,,,,,,,4,60107,Failed attempt to perform a privileged operation,[T1078],"[Defense Evasion, Persistence, Privilege Escalation, Initial Access]",[Valid Accounts]
2073,Normal,"May 9, 2025 @ 13:25:29.885",16,10.12.25.5,Windows11EWS,Security,4673,4,,,,,,,,,,,4,60107,Failed attempt to perform a privileged operation,[T1078],"[Defense Evasion, Persistence, Privilege Escalation, Initial Access]",[Valid Accounts]
2074,Normal,"May 9, 2025 @ 13:25:29.892",16,10.12.25.5,Windows11EWS,Security,4688,4,,,,,,,,,"\""C:\\WINDOWS\\SystemApps\\MicrosoftWindows.Client.CBS_cw5n1h2txyewy\\SearchHost.exe\"" -ServerName:CortanaUI.AppXstmwaab17q5s3y22tp6apqz7a45vwv65.mca",,3,67027,A process was created.,,,
2075,Normal,"May 9, 2025 @ 13:25:29.898",16,10.12.25.5,Windows11EWS,Security,4688,4,,,,,,,,,"\""C:\\WINDOWS\\SystemApps\\Microsoft.Windows.StartMenuExperienceHost_cw5n1h2txyewy\\StartMenuExperienceHost.exe\"" -ServerName:App.AppXywbrabmsek0gm3tkwpr5kwzbs55tkqay.mca",,3,67027,A process was created.,,,
2076,Normal,"May 9, 2025 @ 13:25:29.905",16,10.12.25.5,Windows11EWS,Security,4688,4,,,,,,,,,"\""C:\\Program Files\\WindowsApps\\MicrosoftWindows.Client.WebExperience_525.8401.30.0_x64__cw5n1h2txyewy\\Dashboard\\Widgets.exe\"" -ServerName:Microsoft.Windows.DashboardServer",,3,67027,A process was created.,,,
2077,Normal,"May 9, 2025 @ 13:25:31.126",16,10.12.25.5,Windows11EWS,Security,4673,4,,,,,,,,,,,4,60107,Failed attempt to perform a privileged operation,[T1078],"[Defense Evasion, Persistence, Privilege Escalation, Initial Access]",[Valid Accounts]
2078,Normal,"May 9, 2025 @ 13:25:31.130",16,10.12.25.5,Windows11EWS,Security,4688,4,,,,,,,,,C:\\WINDOWS\\system32\\svchost.exe -k UdkSvcGroup,,3,67027,A process was created.,,,
2079,Normal,"May 9, 2025 @ 13:25:31.134",16,10.12.25.5,Windows11EWS,Security,4688,4,,,,,,,,,C:\\Windows\\System32\\RuntimeBroker.exe -Embedding,,3,67027,A process was created.,,,
2080,Normal,"May 9, 2025 @ 13:25:31.138",16,10.12.25.5,Windows11EWS,Security,4688,4,,,,,,,,,C:\\Windows\\System32\\RuntimeBroker.exe -Embedding,,3,67027,A process was created.,,,
2081,Normal,"May 9, 2025 @ 13:25:32.289",16,10.12.25.5,Windows11EWS,Security,4688,4,,,,,,,,,"\""C:\\Program Files\\WindowsApps\\Microsoft.WidgetsPlatformRuntime_1.6.9.0_x64__8wekyb3d8bbwe\\WidgetService\\WidgetService.exe\"" -RegisterProcessAsComServer -Embedding",,3,67027,A process was created.,,,
2082,Normal,"May 9, 2025 @ 13:25:32.292",16,10.12.25.5,Windows11EWS,Security,4673,4,,,,,,,,,,,4,60107,Failed attempt to perform a privileged operation,[T1078],"[Defense Evasion, Persistence, Privilege Escalation, Initial Access]",[Valid Accounts]
2083,Normal,"May 9, 2025 @ 13:25:37.619",16,10.12.25.5,Windows11EWS,Security,4688,4,,,,,,,,,C:\\WINDOWS\\system32\\DllHost.exe /Processid:{7966B4D8-4FDC-4126-A10B-39A3209AD251},,3,67027,A process was created.,,,
2084,Normal,"May 9, 2025 @ 13:25:37.625",16,10.12.25.5,Windows11EWS,Security,4673,4,,,,,,,,,,,4,60107,Failed attempt to perform a privileged operation,[T1078],"[Defense Evasion, Persistence, Privilege Escalation, Initial Access]",[Valid Accounts]
2085,Normal,"May 9, 2025 @ 13:25:37.631",16,10.12.25.5,Windows11EWS,Security,4688,4,,,,,,,,,C:\\WINDOWS\\system32\\DllHost.exe /Processid:{973D20D7-562D-44B9-B70B-5A0F49CCDF3F},,3,67027,A process was created.,,,
2086,Normal,"May 9, 2025 @ 13:25:38.799",15,10.12.25.3,Windows11,Security,4688,4,,,,,,,,,taskhostw.exe,,3,67027,A process was created.,,,
2087,Normal,"May 9, 2025 @ 13:25:39.435",16,10.12.25.5,Windows11EWS,Security,4688,4,,,,,,,,,C:\\WINDOWS\\system32\\DllHost.exe /Processid:{AB8902B4-09CA-4BB6-B78D-A8F59079A8D5},,3,67027,A process was created.,,,
2088,Normal,"May 9, 2025 @ 13:25:39.441",16,10.12.25.5,Windows11EWS,Security,4673,4,,,,,,,,,,,4,60107,Failed attempt to perform a privileged operation,[T1078],"[Defense Evasion, Persistence, Privilege Escalation, Initial Access]",[Valid Accounts]
2089,Normal,"May 9, 2025 @ 13:25:39.441",16,10.12.25.5,Windows11EWS,Security,4673,4,,,,,,,,,,,4,60107,Failed attempt to perform a privileged operation,[T1078],"[Defense Evasion, Persistence, Privilege Escalation, Initial Access]",[Valid Accounts]
2090,Normal,"May 9, 2025 @ 13:25:39.446",16,10.12.25.5,Windows11EWS,Security,4688,4,,,,,,,,,"\""C:\\WINDOWS\\system32\\backgroundTaskHost.exe\"" -ServerName:App.AppXfkd8mejksk4ancwf4vtyhmkvtzn1jcbs.mca",,3,67027,A process was created.,,,
2091,Normal,"May 9, 2025 @ 13:25:39.658",16,10.12.25.5,Windows11EWS,Microsoft-Windows-Windows Defender/Operational,5007,3912,,,,,,,,,,,5,62154,Windows Defender: Antimalware platform feature configuration changed,,,
2092,Normal,"May 9, 2025 @ 13:25:39.660",16,10.12.25.5,Windows11EWS,Microsoft-Windows-Windows Defender/Operational,5007,3912,,,,,,,,,,,5,62154,Windows Defender: Antimalware platform feature configuration changed,,,
2093,Normal,"May 9, 2025 @ 13:25:45.032",16,10.12.25.5,Windows11EWS,Security,4688,4,,,,,,,,,C:\\WINDOWS\\System32\\mobsync.exe -Embedding,,3,67027,A process was created.,,,
2094,Normal,"May 9, 2025 @ 13:25:46.668",16,10.12.25.5,Windows11EWS,Security,4688,4,,,,,,,,,C:\\WINDOWS\\system32\\DllHost.exe /Processid:{AB8902B4-09CA-4BB6-B78D-A8F59079A8D5},,3,67027,A process was created.,,,
2095,Normal,"May 9, 2025 @ 13:25:51.105",16,10.12.25.5,Windows11EWS,Security,4688,4,,,,,,,,,"\""C:\\WINDOWS\\system32\\BackgroundTaskHost.exe\"" -ServerName:BackgroundTaskHost.WebAccountProvider",,3,67027,A process was created.,,,
2096,Normal,"May 9, 2025 @ 13:25:51.105",16,10.12.25.5,Windows11EWS,Security,4673,4,,,,,,,,,,,4,60107,Failed attempt to perform a privileged operation,[T1078],"[Defense Evasion, Persistence, Privilege Escalation, Initial Access]",[Valid Accounts]
2097,Normal,"May 9, 2025 @ 13:25:51.107",16,10.12.25.5,Windows11EWS,Security,4688,4,,,,,,,,,C:\\WINDOWS\\system32\\DllHost.exe /Processid:{7966B4D8-4FDC-4126-A10B-39A3209AD251},,3,67027,A process was created.,,,
2098,Normal,"May 9, 2025 @ 13:25:56.209",15,10.12.25.3,Windows11,Security,4688,4,,,,,,,,,taskhostw.exe SBServicing,,3,67027,A process was created.,,,
2099,Normal,"May 9, 2025 @ 13:26:00.817",16,10.12.25.5,Windows11EWS,Security,4688,4,,,,,,,,,"C:\\WINDOWS\\system32\\rundll32.exe C:\\WINDOWS\\system32\\AppXDeploymentExtensions.OneCore.dll,ShellRefresh",,3,67027,A process was created.,,,
2100,Normal,"May 9, 2025 @ 13:26:02.271",16,10.12.25.5,Windows11EWS,Security,4688,4,,,,,,,,,"\""C:\\Program Files\\WindowsApps\\Microsoft.YourPhone_1.25032.76.0_x64__8wekyb3d8bbwe\\PhoneExperienceHost.exe\"" -ComServer:Background -Embedding",,3,67027,A process was created.,,,
2101,Normal,"May 9, 2025 @ 13:26:02.274",16,10.12.25.5,Windows11EWS,Security,4673,4,,,,,,,,,,,4,60107,Failed attempt to perform a privileged operation,[T1078],"[Defense Evasion, Persistence, Privilege Escalation, Initial Access]",[Valid Accounts]
2102,Normal,"May 9, 2025 @ 13:26:10.093",16,10.12.25.5,Windows11EWS,Security,4673,4,,,,,,,,,,,4,60107,Failed attempt to perform a privileged operation,[T1078],"[Defense Evasion, Persistence, Privilege Escalation, Initial Access]",[Valid Accounts]
2103,Normal,"May 9, 2025 @ 13:26:10.097",16,10.12.25.5,Windows11EWS,Security,4673,4,,,,,,,,,,,4,60107,Failed attempt to perform a privileged operation,[T1078],"[Defense Evasion, Persistence, Privilege Escalation, Initial Access]",[Valid Accounts]
2104,Normal,"May 9, 2025 @ 13:26:10.105",16,10.12.25.5,Windows11EWS,Security,4673,4,,,,,,,,,,,4,60107,Failed attempt to perform a privileged operation,[T1078],"[Defense Evasion, Persistence, Privilege Escalation, Initial Access]",[Valid Accounts]
2105,Normal,"May 9, 2025 @ 13:26:10.109",16,10.12.25.5,Windows11EWS,Security,4673,4,,,,,,,,,,,4,60107,Failed attempt to perform a privileged operation,[T1078],"[Defense Evasion, Persistence, Privilege Escalation, Initial Access]",[Valid Accounts]
2106,Normal,"May 9, 2025 @ 13:26:10.118",16,10.12.25.5,Windows11EWS,Security,4673,4,,,,,,,,,,,4,60107,Failed attempt to perform a privileged operation,[T1078],"[Defense Evasion, Persistence, Privilege Escalation, Initial Access]",[Valid Accounts]
2107,Normal,"May 9, 2025 @ 13:26:10.123",16,10.12.25.5,Windows11EWS,Security,4673,4,,,,,,,,,,,4,60107,Failed attempt to perform a privileged operation,[T1078],"[Defense Evasion, Persistence, Privilege Escalation, Initial Access]",[Valid Accounts]
2108,Normal,"May 9, 2025 @ 13:26:10.128",16,10.12.25.5,Windows11EWS,Security,4673,4,,,,,,,,,,,4,60107,Failed attempt to perform a privileged operation,[T1078],"[Defense Evasion, Persistence, Privilege Escalation, Initial Access]",[Valid Accounts]
2109,Normal,"May 9, 2025 @ 13:26:10.134",16,10.12.25.5,Windows11EWS,Security,4673,4,,,,,,,,,,,4,60107,Failed attempt to perform a privileged operation,[T1078],"[Defense Evasion, Persistence, Privilege Escalation, Initial Access]",[Valid Accounts]
2110,Normal,"May 9, 2025 @ 13:26:10.140",16,10.12.25.5,Windows11EWS,Security,4673,4,,,,,,,,,,,4,60107,Failed attempt to perform a privileged operation,[T1078],"[Defense Evasion, Persistence, Privilege Escalation, Initial Access]",[Valid Accounts]
2111,Normal,"May 9, 2025 @ 13:26:10.160",16,10.12.25.5,Windows11EWS,Security,4673,4,,,,,,,,,,,4,60107,Failed attempt to perform a privileged operation,[T1078],"[Defense Evasion, Persistence, Privilege Escalation, Initial Access]",[Valid Accounts]
2112,Normal,"May 9, 2025 @ 13:26:10.161",16,10.12.25.5,Windows11EWS,Security,4673,4,,,,,,,,,,,4,60107,Failed attempt to perform a privileged operation,[T1078],"[Defense Evasion, Persistence, Privilege Escalation, Initial Access]",[Valid Accounts]
2113,Normal,"May 9, 2025 @ 13:26:10.162",16,10.12.25.5,Windows11EWS,Security,4673,4,,,,,,,,,,,4,60107,Failed attempt to perform a privileged operation,[T1078],"[Defense Evasion, Persistence, Privilege Escalation, Initial Access]",[Valid Accounts]
2114,Normal,"May 9, 2025 @ 13:26:10.171",16,10.12.25.5,Windows11EWS,Security,4673,4,,,,,,,,,,,4,60107,Failed attempt to perform a privileged operation,[T1078],"[Defense Evasion, Persistence, Privilege Escalation, Initial Access]",[Valid Accounts]
2115,Normal,"May 9, 2025 @ 13:26:10.175",16,10.12.25.5,Windows11EWS,Security,4673,4,,,,,,,,,,,4,60107,Failed attempt to perform a privileged operation,[T1078],"[Defense Evasion, Persistence, Privilege Escalation, Initial Access]",[Valid Accounts]
2116,Normal,"May 9, 2025 @ 13:26:10.184",16,10.12.25.5,Windows11EWS,Security,4673,4,,,,,,,,,,,4,60107,Failed attempt to perform a privileged operation,[T1078],"[Defense Evasion, Persistence, Privilege Escalation, Initial Access]",[Valid Accounts]
2117,Normal,"May 9, 2025 @ 13:26:10.184",16,10.12.25.5,Windows11EWS,Security,4673,4,,,,,,,,,,,4,60107,Failed attempt to perform a privileged operation,[T1078],"[Defense Evasion, Persistence, Privilege Escalation, Initial Access]",[Valid Accounts]
2118,Normal,"May 9, 2025 @ 13:26:10.188",16,10.12.25.5,Windows11EWS,Security,4673,4,,,,,,,,,,,4,60107,Failed attempt to perform a privileged operation,[T1078],"[Defense Evasion, Persistence, Privilege Escalation, Initial Access]",[Valid Accounts]
2119,Normal,"May 9, 2025 @ 13:26:10.194",16,10.12.25.5,Windows11EWS,Security,4673,4,,,,,,,,,,,4,60107,Failed attempt to perform a privileged operation,[T1078],"[Defense Evasion, Persistence, Privilege Escalation, Initial Access]",[Valid Accounts]
2120,Normal,"May 9, 2025 @ 13:26:10.197",16,10.12.25.5,Windows11EWS,Security,4673,4,,,,,,,,,,,4,60107,Failed attempt to perform a privileged operation,[T1078],"[Defense Evasion, Persistence, Privilege Escalation, Initial Access]",[Valid Accounts]
2121,Normal,"May 9, 2025 @ 13:26:10.202",16,10.12.25.5,Windows11EWS,Security,4673,4,,,,,,,,,,,4,60107,Failed attempt to perform a privileged operation,[T1078],"[Defense Evasion, Persistence, Privilege Escalation, Initial Access]",[Valid Accounts]
2122,Normal,"May 9, 2025 @ 13:26:10.244",16,10.12.25.5,Windows11EWS,Security,4673,4,,,,,,,,,,,4,60107,Failed attempt to perform a privileged operation,[T1078],"[Defense Evasion, Persistence, Privilege Escalation, Initial Access]",[Valid Accounts]
2123,Normal,"May 9, 2025 @ 13:26:11.614",16,10.12.25.5,Windows11EWS,Security,4624,948,,Negotiate,Advapi,,,,,,,,3,60106,Windows Logon Success,[T1078],"[Defense Evasion, Persistence, Privilege Escalation, Initial Access]",[Valid Accounts]
2124,Normal,"May 9, 2025 @ 13:26:11.625",16,10.12.25.5,Windows11EWS,Security,4688,4,,,,,,,,,C:\\WINDOWS\\System32\\svchost.exe -k netsvcs -p,,3,67027,A process was created.,,,
2125,Normal,"May 9, 2025 @ 13:26:13.743",16,10.12.25.5,Windows11EWS,Security,4624,948,,Negotiate,User32,127.0.0.1,,,,,,,3,60118,Windows Workstation Logon Success,[T1078],"[Defense Evasion, Persistence, Privilege Escalation, Initial Access]",[Valid Accounts]
2126,Normal,"May 9, 2025 @ 13:26:13.750",16,10.12.25.5,Windows11EWS,Security,4673,4,,,,,,,,,,,4,60107,Failed attempt to perform a privileged operation,[T1078],"[Defense Evasion, Persistence, Privilege Escalation, Initial Access]",[Valid Accounts]
2127,Normal,"May 9, 2025 @ 13:26:13.763",16,10.12.25.5,Windows11EWS,Security,4688,4,,,,,,,,,taskhostw.exe KEYROAMING,,3,67027,A process was created.,,,
2128,Normal,"May 9, 2025 @ 13:26:13.774",16,10.12.25.5,Windows11EWS,Security,4624,948,,Negotiate,Advapi,,,,,,,,3,60106,Windows Logon Success,[T1078],"[Defense Evasion, Persistence, Privilege Escalation, Initial Access]",[Valid Accounts]
2129,Normal,"May 9, 2025 @ 13:26:13.783",16,10.12.25.5,Windows11EWS,Microsoft-Windows-Windows Defender/Operational,5007,3912,,,,,,,,,,,5,62154,Windows Defender: Antimalware platform feature configuration changed,,,
2130,Normal,"May 9, 2025 @ 13:26:13.789",16,10.12.25.5,Windows11EWS,Security,4688,4,,,,,,,,,C:\\WINDOWS\\System32\\svchost.exe -k CameraMonitor,,3,67027,A process was created.,,,
2131,Normal,"May 9, 2025 @ 13:26:13.797",16,10.12.25.5,Windows11EWS,Security,4688,4,,,,,,,,,C:\\Windows\\System32\\smartscreen.exe -Embedding,,3,67027,A process was created.,,,
2132,Normal,"May 9, 2025 @ 13:26:13.808",16,10.12.25.5,Windows11EWS,Security,4688,4,,,,,,,,,"\""C:\\Windows\\System32\\SecurityHealthSystray.exe\""",,3,67027,A process was created.,,,
2133,Normal,"May 9, 2025 @ 13:26:13.828",16,10.12.25.5,Windows11EWS,Security,4624,948,,Negotiate,Advapi,,,,,,,,3,60106,Windows Logon Success,[T1078],"[Defense Evasion, Persistence, Privilege Escalation, Initial Access]",[Valid Accounts]
2134,Normal,"May 9, 2025 @ 13:26:13.857",16,10.12.25.5,Windows11EWS,Security,4688,4,,,,,,,,,C:\\WINDOWS\\system32\\SecurityHealthService.exe,,3,67027,A process was created.,,,
2135,Normal,"May 9, 2025 @ 13:26:17.104",16,10.12.25.5,Windows11EWS,Security,4673,4,,,,,,,,,,,4,60107,Failed attempt to perform a privileged operation,[T1078],"[Defense Evasion, Persistence, Privilege Escalation, Initial Access]",[Valid Accounts]
2136,Normal,"May 9, 2025 @ 13:26:26.389",15,10.12.25.3,Windows11,Security,4688,4,,,,,,,,,"\""C:\\WINDOWS\\uus\\packages\\preview\\AMD64\\MoUsoCoreWorker.exe\"" useprivatenamespaces",,3,67027,A process was created.,,,
2137,Normal,"May 9, 2025 @ 13:26:26.389",16,10.12.25.5,Windows11EWS,Security,4688,4,,,,,,,,,taskhostw.exe $(Arg0),,3,67027,A process was created.,,,
2138,Normal,"May 9, 2025 @ 13:26:26.390",16,10.12.25.5,Windows11EWS,Security,4688,4,,,,,,,,,C:\\WINDOWS\\system32\\DllHost.exe /Processid:{AB8902B4-09CA-4BB6-B78D-A8F59079A8D5},,3,67027,A process was created.,,,
2139,Normal,"May 9, 2025 @ 13:26:26.392",15,10.12.25.3,Windows11,Security,4624,864,,Negotiate,Advapi,,,,,,,,3,60106,Windows Logon Success,[T1078],"[Defense Evasion, Persistence, Privilege Escalation, Initial Access]",[Valid Accounts]
2140,Normal,"May 9, 2025 @ 13:26:26.393",15,10.12.25.3,Windows11,Security,4688,4,,,,,,,,,C:\\WINDOWS\\system32\\svchost.exe -k wusvcs -p,,3,67027,A process was created.,,,
2141,Normal,"May 9, 2025 @ 13:26:27.464",15,10.12.25.3,Windows11,Security,4673,4,,,,,,,,,,,4,60107,Failed attempt to perform a privileged operation,[T1078],"[Defense Evasion, Persistence, Privilege Escalation, Initial Access]",[Valid Accounts]
2142,Normal,"May 9, 2025 @ 13:26:27.475",15,10.12.25.3,Windows11,Security,4688,4,,,,,,,,,"\""C:\\WINDOWS\\system32\\BackgroundTaskHost.exe\"" -ServerName:BackgroundTaskHost.WebAccountProvider",,3,67027,A process was created.,,,
2143,Normal,"May 9, 2025 @ 13:26:27.480",15,10.12.25.3,Windows11,Security,4688,4,,,,,,,,,C:\\Windows\\System32\\RuntimeBroker.exe -Embedding,,3,67027,A process was created.,,,
2144,Normal,"May 9, 2025 @ 13:26:31.804",16,10.12.25.5,Windows11EWS,Security,4688,4,,,,,,,,,"\""C:\\Users\\Engineer\\AppData\\Local\\Microsoft\\OneDrive\\OneDrive.exe\"" /background",,3,67027,A process was created.,,,
2145,Normal,"May 9, 2025 @ 13:26:34.783",15,10.12.25.3,Windows11,Security,4688,4,,,,,,,,,taskhostw.exe Logon,,3,67027,A process was created.,,,
2146,Normal,"May 9, 2025 @ 13:26:34.795",15,10.12.25.3,Windows11,Security,4688,4,,,,,,,,,"\""C:\\WINDOWS\\system32\\sc.exe\"" start pushtoinstall login",,3,67027,A process was created.,,,
2147,Normal,"May 9, 2025 @ 13:26:34.795",15,10.12.25.3,Windows11,Security,4688,4,,,,,,,,,\\??\\C:\\WINDOWS\\system32\\conhost.exe 0xffffffff -ForceV1,,3,67027,A process was created.,,,
2148,Normal,"May 9, 2025 @ 13:26:36.035",16,10.12.25.5,Windows11EWS,Security,4688,4,,,,,,,,,"\""C:\\Users\\Engineer\\AppData\\Local\\Microsoft\\OneDrive\\25.065.0406.0002\\FileCoAuth.exe\"" -Embedding",,3,67027,A process was created.,,,
2149,Normal,"May 9, 2025 @ 13:26:44.499",16,10.12.25.5,Windows11EWS,Security,4688,4,,,,,,,,,taskhostw.exe -flow showtoast -checkup recoverability,,3,67027,A process was created.,,,
2150,Normal,"May 9, 2025 @ 13:26:46.286",16,10.12.25.5,Windows11EWS,Security,4688,4,,,,,,,,,\\\\?\\C:\\Windows\\System32\\SecurityHealth\\10.0.27777.1008-0\\SecurityHealthHost.exe {08728914-3F57-4D52-9E31-49DAECA5A80A} -Embedding,,3,67027,A process was created.,,,
2151,Normal,"May 9, 2025 @ 13:26:47.639",16,10.12.25.5,Windows11EWS,Security,4688,4,,,,,,,,,"\""C:\\Program Files (x86)\\Microsoft\\EdgeUpdate\\MicrosoftEdgeUpdate.exe\"" /svc",,3,67027,A process was created.,,,
2152,Normal,"May 9, 2025 @ 13:26:47.675",16,10.12.25.5,Windows11EWS,Security,4688,4,,,,,,,,,"\""C:\\Program Files (x86)\\Microsoft\\EdgeUpdate\\MicrosoftEdgeUpdate.exe\"" /c",,3,67027,A process was created.,,,
2153,Normal,"May 9, 2025 @ 13:26:47.679",16,10.12.25.5,Windows11EWS,Security,4624,948,,Negotiate,Advapi,,,,,,,,3,60106,Windows Logon Success,[T1078],"[Defense Evasion, Persistence, Privilege Escalation, Initial Access]",[Valid Accounts]
2154,Normal,"May 9, 2025 @ 13:26:47.696",16,10.12.25.5,Windows11EWS,Security,4688,4,,,,,,,,,C:\\WINDOWS\\system32\\svchost.exe -k InvSvcGroup -p,,3,67027,A process was created.,,,
2155,Normal,"May 9, 2025 @ 13:26:47.700",16,10.12.25.5,Windows11EWS,Security,4688,4,,,,,,,,,C:\\WINDOWS\\System32\\svchost.exe -k NetworkService -p,,3,67027,A process was created.,,,
2156,Normal,"May 9, 2025 @ 13:26:47.742",16,10.12.25.5,Windows11EWS,Security,4688,4,,,,,,,,,"\""C:\\Program Files\\Siemens\\Automation\\TIAADMIN\\server\\node.exe\"" \""--no-warnings\"" \""C:\\Program Files\\Siemens\\Automation\\TIAADMIN\\server\\server.js\"" \""--runservice\""",,3,67027,A process was created.,,,
2157,Normal,"May 9, 2025 @ 13:26:54.529",16,10.12.25.5,Windows11EWS,Security,4688,4,,,,,,,,,"\""C:\\Users\\Engineer\\AppData\\Local\\Microsoft\\OneDrive\\Update\\OneDriveSetup.exe\"" /update /restart /updateSource:ODU",,3,67027,A process was created.,,,
2158,Normal,"May 9, 2025 @ 13:26:56.116",16,10.12.25.5,Windows11EWS,Security,4688,4,,,,,,,,,C:\\Users\\Engineer\\AppData\\Local\\Microsoft\\OneDrive\\Update\\OneDriveSetup.exe /update /restart /updateSource:ODU  /peruser  /childprocess  /extractFilesWithLessThreadCount  /renameReplaceOneDriveExe  /renameReplaceODSUExe  /removeNonCurrentVersions  /enableODSUReportingMode  /installWebView2  /SetPerProcessSystemDPIForceOffKey /EnableNucleusAutoStartFix /RegisterOneDriveLauncherAutoStartTask /EnableOneDriveLauncherRampDownloads,,3,67027,A process was created.,,,
