2440,Normal,"May 9, 2025 @ 13:32:57.451",15,10.12.25.3,Windows11,Microsoft-Windows-PowerShell/Operational,4104,8116,,,,,,,,,,,4,91842,"Powershell executed ""Get-Item -Path"". Script trying to see files in path",[T1083],[Discovery],[File and Directory Discovery]
2441,Normal,"May 9, 2025 @ 13:33:36.553",16,10.12.25.5,Windows11EWS,Security,4673,4,,,,,,,,,,,4,60107,Failed attempt to perform a privileged operation,[T1078],"[Defense Evasion, Persistence, Privilege Escalation, Initial Access]",[Valid Accounts]
2442,Normal,"May 9, 2025 @ 13:33:36.591",16,10.12.25.5,Windows11EWS,Security,4688,4,,,,,,,,,"\""C:\\WINDOWS\\system32\\backgroundTaskHost.exe\"" -ServerName:App.AppXmtcan0h2tfbfy7k9kn8hbxb6dmzz1zh0.mca",,3,67027,A process was created.,,,
2443,Normal,"May 9, 2025 @ 13:33:39.908",16,10.12.25.5,Windows11EWS,Security,4688,4,,,,,,,,,C:\\WINDOWS\\system32\\DllHost.exe /Processid:{AB8902B4-09CA-4BB6-B78D-A8F59079A8D5},,3,67027,A process was created.,,,
2444,Normal,"May 9, 2025 @ 13:33:57.150",15,10.12.25.3,Windows11,Security,4688,4,,,,,,,,,"\""C:\\WINDOWS\\uus\\packages\\preview\\AMD64\\MoUsoCoreWorker.exe\"" useprivatenamespaces",,3,67027,A process was created.,,,
2445,Normal,"May 9, 2025 @ 13:33:57.150",15,10.12.25.3,Windows11,Security,4688,4,,,,,,,,,"\""C:\\WINDOWS\\system32\\usoclient.exe\"" StartWork",,3,67027,A process was created.,,,
2446,Normal,"May 9, 2025 @ 13:33:57.173",15,10.12.25.3,Windows11,Security,4624,864,,Negotiate,Advapi,,,,,,,,3,60106,Windows Logon Success,[T1078],"[Defense Evasion, Persistence, Privilege Escalation, Initial Access]",[Valid Accounts]
2447,Normal,"May 9, 2025 @ 13:33:57.247",15,10.12.25.3,Windows11,Security,4688,4,,,,,,,,,C:\\WINDOWS\\system32\\svchost.exe -k wusvcs -p,,3,67027,A process was created.,,,
2448,Normal,"May 9, 2025 @ 13:33:58.525",15,10.12.25.3,Windows11,Security,4673,4,,,,,,,,,,,4,60107,Failed attempt to perform a privileged operation,[T1078],"[Defense Evasion, Persistence, Privilege Escalation, Initial Access]",[Valid Accounts]
2449,Normal,"May 9, 2025 @ 13:33:58.528",15,10.12.25.3,Windows11,Security,4688,4,,,,,,,,,"\""C:\\WINDOWS\\system32\\BackgroundTaskHost.exe\"" -ServerName:BackgroundTaskHost.WebAccountProvider",,3,67027,A process was created.,,,
2450,Normal,"May 9, 2025 @ 13:33:58.532",15,10.12.25.3,Windows11,Security,4688,4,,,,,,,,,C:\\Windows\\System32\\RuntimeBroker.exe -Embedding,,3,67027,A process was created.,,,
2451,Normal,"May 9, 2025 @ 13:34:53.222",16,10.12.25.5,Windows11EWS,Security,4688,4,,,,,,,,,"\""C:\\WINDOWS\\system32\\ProvTool.exe\"" /turn 5 /source LogonIdleTask",,3,67027,A process was created.,,,
2452,Normal,"May 9, 2025 @ 13:34:53.328",16,10.12.25.5,Windows11EWS,Security,4688,4,,,,,,,,,"\""C:\\WINDOWS\\system32\\speech_onecore\\common\\SpeechModelDownload.exe\""",,3,67027,A process was created.,,,
2453,Normal,"May 9, 2025 @ 13:34:53.328",16,10.12.25.5,Windows11EWS,Security,4688,4,,,,,,,,,\\??\\C:\\WINDOWS\\system32\\conhost.exe 0xffffffff -ForceV1,,3,67027,A process was created.,,,
2454,Normal,"May 9, 2025 @ 13:34:53.328",16,10.12.25.5,Windows11EWS,Security,4688,4,,,,,,,,,"\""C:\\WINDOWS\\system32\\UCPDMgr.exe\""",,3,67027,A process was created.,,,
2455,Normal,"May 9, 2025 @ 13:34:53.328",16,10.12.25.5,Windows11EWS,Security,4688,4,,,,,,,,,taskhostw.exe -IntegrityCheck,,3,67027,A process was created.,,,
2456,Normal,"May 9, 2025 @ 13:34:53.329",16,10.12.25.5,Windows11EWS,Security,4624,948,,Negotiate,Advapi,,,,,,,,3,60106,Windows Logon Success,[T1078],"[Defense Evasion, Persistence, Privilege Escalation, Initial Access]",[Valid Accounts]
2457,Normal,"May 9, 2025 @ 13:34:53.350",16,10.12.25.5,Windows11EWS,Security,4688,4,,,,,,,,,C:\\WINDOWS\\system32\\svchost.exe -k GPSvcGroup,,3,67027,A process was created.,,,
2458,Normal,"May 9, 2025 @ 13:34:53.350",16,10.12.25.5,Windows11EWS,Security,4688,4,,,,,,,,,C:\\WINDOWS\\system32\\svchost.exe -k netsvcs -p,,3,67027,A process was created.,,,
2459,Normal,"May 9, 2025 @ 13:34:53.350",16,10.12.25.5,Windows11EWS,Security,4624,948,,Negotiate,Advapi,,,,,,,,3,60106,Windows Logon Success,[T1078],"[Defense Evasion, Persistence, Privilege Escalation, Initial Access]",[Valid Accounts]
2460,Normal,"May 9, 2025 @ 13:35:01.377",16,10.12.25.5,Windows11EWS,Security,4688,4,,,,,,,,,"\""C:\\WINDOWS\\system32\\defrag.exe\"" -p 4c8 -s 0000000000000BD4 -b -OnlyPreferred C:",,3,67027,A process was created.,,,
2461,Normal,"May 9, 2025 @ 13:35:01.383",16,10.12.25.5,Windows11EWS,Security,4688,4,,,,,,,,,\\??\\C:\\WINDOWS\\system32\\conhost.exe 0xffffffff -ForceV1,,3,67027,A process was created.,,,
2462,Normal,"May 9, 2025 @ 13:35:01.389",16,10.12.25.5,Windows11EWS,Security,4624,948,,Negotiate,Advapi,,,,,,,,3,60106,Windows Logon Success,[T1078],"[Defense Evasion, Persistence, Privilege Escalation, Initial Access]",[Valid Accounts]
2463,Normal,"May 9, 2025 @ 13:35:01.399",16,10.12.25.5,Windows11EWS,Security,4688,4,,,,,,,,,C:\\WINDOWS\\system32\\svchost.exe -k defragsvc,,3,67027,A process was created.,,,
2464,Normal,"May 9, 2025 @ 13:35:07.269",15,10.12.25.3,Windows11,Security,4688,4,,,,,,,,,"\""C:\\WINDOWS\\uus\\packages\\preview\\AMD64\\MoUsoCoreWorker.exe\"" useprivatenamespaces",,3,67027,A process was created.,,,
2465,Normal,"May 9, 2025 @ 13:35:07.289",15,10.12.25.3,Windows11,Security,4624,864,,Negotiate,Advapi,,,,,,,,3,60106,Windows Logon Success,[T1078],"[Defense Evasion, Persistence, Privilege Escalation, Initial Access]",[Valid Accounts]
2466,Normal,"May 9, 2025 @ 13:35:07.342",15,10.12.25.3,Windows11,Security,4688,4,,,,,,,,,C:\\WINDOWS\\system32\\svchost.exe -k wusvcs -p,,3,67027,A process was created.,,,
2467,Normal,"May 9, 2025 @ 13:35:09.292",16,10.12.25.5,Windows11EWS,Security,4688,4,,,,,,,,,"\""C:\\ProgramData\\Microsoft\\Windows Defender\\Platform\\4.18.25030.2-0\\MpCmdRun.exe\"" SignatureUpdate -ScheduleJob -RestrictPrivileges",,3,67027,A process was created.,,,
2468,Normal,"May 9, 2025 @ 13:35:09.299",16,10.12.25.5,Windows11EWS,Security,4688,4,,,,,,,,,\\??\\C:\\WINDOWS\\system32\\conhost.exe 0xffffffff -ForceV1,,3,67027,A process was created.,,,
2469,Normal,"May 9, 2025 @ 13:35:09.305",16,10.12.25.5,Windows11EWS,Security,4688,4,,,,,,,,,"\""C:\\ProgramData\\Microsoft\\Windows Defender\\Platform\\4.18.25030.2-0\\MpCmdRun.exe\"" SignaturesUpdateService -ScheduleJob -UnmanagedUpdate",,3,67027,A process was created.,,,
2470,Normal,"May 9, 2025 @ 13:35:09.310",16,10.12.25.5,Windows11EWS,Security,4688,4,,,,,,,,,\\??\\C:\\WINDOWS\\system32\\conhost.exe 0xffffffff -ForceV1,,3,67027,A process was created.,,,
2471,Normal,"May 9, 2025 @ 13:35:37.329",15,10.12.25.3,Windows11,Security,4688,4,,,,,,,,,"\""C:\\WINDOWS\\system32\\ProvTool.exe\"" /turn 5 /source LogonIdleTask",,3,67027,A process was created.,,,
2472,Normal,"May 9, 2025 @ 13:35:37.369",15,10.12.25.3,Windows11,Security,4688,4,,,,,,,,,"\""C:\\WINDOWS\\system32\\UCPDMgr.exe\""",,3,67027,A process was created.,,,
2473,Normal,"May 9, 2025 @ 13:35:37.370",15,10.12.25.3,Windows11,Security,4688,4,,,,,,,,,\\??\\C:\\WINDOWS\\system32\\conhost.exe 0xffffffff -ForceV1,,3,67027,A process was created.,,,
2474,Normal,"May 9, 2025 @ 13:35:37.387",15,10.12.25.3,Windows11,Security,4688,4,,,,,,,,,taskhostw.exe -IntegrityCheck,,3,67027,A process was created.,,,
2475,Normal,"May 9, 2025 @ 13:35:37.423",15,10.12.25.3,Windows11,Security,4688,4,,,,,,,,,"\""C:\\WINDOWS\\system32\\speech_onecore\\common\\SpeechModelDownload.exe\""",,3,67027,A process was created.,,,
2476,Normal,"May 9, 2025 @ 13:35:39.599",15,10.12.25.3,Windows11,Security,4624,864,,Negotiate,Advapi,,,,,,,,3,60106,Windows Logon Success,[T1078],"[Defense Evasion, Persistence, Privilege Escalation, Initial Access]",[Valid Accounts]
2477,Normal,"May 9, 2025 @ 13:35:39.647",15,10.12.25.3,Windows11,Security,4688,4,,,,,,,,,C:\\WINDOWS\\system32\\svchost.exe -k netsvcs -p,,3,67027,A process was created.,,,
2478,Normal,"May 9, 2025 @ 13:35:46.421",15,10.12.25.3,Windows11,Security,4688,4,,,,,,,,,"\""C:\\WINDOWS\\system32\\defrag.exe\"" -p 47c -s 0000000000000BEC -b -OnlyPreferred C:",,3,67027,A process was created.,,,
2479,Normal,"May 9, 2025 @ 13:35:46.432",15,10.12.25.3,Windows11,Security,4688,4,,,,,,,,,\\??\\C:\\WINDOWS\\system32\\conhost.exe 0xffffffff -ForceV1,,3,67027,A process was created.,,,
2480,Normal,"May 9, 2025 @ 13:35:46.437",15,10.12.25.3,Windows11,Security,4624,864,,Negotiate,Advapi,,,,,,,,3,60106,Windows Logon Success,[T1078],"[Defense Evasion, Persistence, Privilege Escalation, Initial Access]",[Valid Accounts]
2481,Normal,"May 9, 2025 @ 13:35:46.449",15,10.12.25.3,Windows11,Security,4688,4,,,,,,,,,C:\\WINDOWS\\system32\\svchost.exe -k defragsvc,,3,67027,A process was created.,,,
2482,Normal,"May 9, 2025 @ 13:35:53.888",16,10.12.25.5,Windows11EWS,Security,4688,4,,,,,,,,,"\""C:\\WINDOWS\\system32\\tzsync.exe\""",,3,67027,A process was created.,,,
2483,Normal,"May 9, 2025 @ 13:35:53.931",16,10.12.25.5,Windows11EWS,Security,4688,4,,,,,,,,,"\""C:\\WINDOWS\\system32\\la57setup.exe\""",,3,67027,A process was created.,,,
2484,Normal,"May 9, 2025 @ 13:35:53.949",16,10.12.25.5,Windows11EWS,Security,4688,4,,,,,,,,,\\??\\C:\\WINDOWS\\system32\\conhost.exe 0xffffffff -ForceV1,,3,67027,A process was created.,,,
2485,Normal,"May 9, 2025 @ 13:35:53.961",16,10.12.25.5,Windows11EWS,Security,4688,4,,,,,,,,,taskhostw.exe,,3,67027,A process was created.,,,
2486,Normal,"May 9, 2025 @ 13:35:53.993",16,10.12.25.5,Windows11EWS,Security,4688,4,,,,,,,,,"\""C:\\WINDOWS\\system32\\usoclient.exe\"" ReportPolicies",,3,67027,A process was created.,,,
2487,Normal,"May 9, 2025 @ 13:35:54.005",16,10.12.25.5,Windows11EWS,Security,4688,4,,,,,,,,,\\??\\C:\\WINDOWS\\system32\\conhost.exe 0xffffffff -ForceV1,,3,67027,A process was created.,,,
2488,Normal,"May 9, 2025 @ 13:35:54.022",16,10.12.25.5,Windows11EWS,Security,4688,4,,,,,,,,,"\""C:\\WINDOWS\\system32\\defrag.exe\"" -c -h -o -$",,3,67027,A process was created.,,,
2489,Normal,"May 9, 2025 @ 13:35:54.040",16,10.12.25.5,Windows11EWS,Microsoft-Windows-Sysmon/Operational,11,3716,,,,,,,WINDOWS11EWS\\Engineer,,,,15,92213,Executable file dropped in folder commonly used by malware,[T1105],[Command and Control],[Ingress Tool Transfer]
2490,Normal,"May 9, 2025 @ 13:35:54.040",16,10.12.25.5,Windows11EWS,Security,4688,4,,,,,,,,,"\""C:\\WINDOWS\\system32\\lpremove.exe\""",,3,67027,A process was created.,,,
2491,Normal,"May 9, 2025 @ 13:35:54.041",16,10.12.25.5,Windows11EWS,Security,4688,4,,,,,,,,,taskhostw.exe,,3,67027,A process was created.,,,
2492,Normal,"May 9, 2025 @ 13:35:54.042",16,10.12.25.5,Windows11EWS,Microsoft-Windows-Sysmon/Operational,11,3716,,,,,,,WINDOWS11EWS\\Engineer,,,,15,92213,Executable file dropped in folder commonly used by malware,[T1105],[Command and Control],[Ingress Tool Transfer]
2493,Normal,"May 9, 2025 @ 13:35:54.087",16,10.12.25.5,Windows11EWS,Security,4688,4,,,,,,,,,"\""C:\\WINDOWS\\system32\\rundll32.exe\"" Windows.Storage.ApplicationData.dll,CleanupTemporaryState",,3,67027,A process was created.,,,
2494,Normal,"May 9, 2025 @ 13:35:54.087",16,10.12.25.5,Windows11EWS,Microsoft-Windows-Sysmon/Operational,11,3716,,,,,,,WINDOWS11EWS\\Engineer,,,,15,92213,Executable file dropped in folder commonly used by malware,[T1105],[Command and Control],[Ingress Tool Transfer]
2495,Normal,"May 9, 2025 @ 13:35:54.088",16,10.12.25.5,Windows11EWS,Security,4688,4,,,,,,,,,"\""C:\\WINDOWS\\system32\\disksnapshot.exe\"" -z",,3,67027,A process was created.,,,
2496,Normal,"May 9, 2025 @ 13:35:54.089",16,10.12.25.5,Windows11EWS,Microsoft-Windows-Sysmon/Operational,11,3716,,,,,,,WINDOWS11EWS\\Engineer,,,,15,92213,Executable file dropped in folder commonly used by malware,[T1105],[Command and Control],[Ingress Tool Transfer]
2497,Normal,"May 9, 2025 @ 13:35:54.089",16,10.12.25.5,Windows11EWS,Microsoft-Windows-Sysmon/Operational,11,3716,,,,,,,WINDOWS11EWS\\Engineer,,,,15,92213,Executable file dropped in folder commonly used by malware,[T1105],[Command and Control],[Ingress Tool Transfer]
2498,Normal,"May 9, 2025 @ 13:35:54.090",16,10.12.25.5,Windows11EWS,Microsoft-Windows-Sysmon/Operational,11,3716,,,,,,,WINDOWS11EWS\\Engineer,,,,15,92213,Executable file dropped in folder commonly used by malware,[T1105],[Command and Control],[Ingress Tool Transfer]
2499,Normal,"May 9, 2025 @ 13:35:54.091",16,10.12.25.5,Windows11EWS,Security,4688,4,,,,,,,,,"\""C:\\WINDOWS\\system32\\dstokenclean.exe\""",,3,67027,A process was created.,,,
2500,Normal,"May 9, 2025 @ 13:35:54.101",16,10.12.25.5,Windows11EWS,Microsoft-Windows-Sysmon/Operational,11,3716,,,,,,,WINDOWS11EWS\\Engineer,,,,15,92213,Executable file dropped in folder commonly used by malware,[T1105],[Command and Control],[Ingress Tool Transfer]
2501,Normal,"May 9, 2025 @ 13:35:54.123",16,10.12.25.5,Windows11EWS,Security,4688,4,,,,,,,,,"\""C:\\WINDOWS\\system32\\dmclient.exe\""",,3,67027,A process was created.,,,
2502,Normal,"May 9, 2025 @ 13:35:54.152",16,10.12.25.5,Windows11EWS,Security,4688,4,,,,,,,,,"\""C:\\WINDOWS\\system32\\sc.exe\"" start w32time task_started",,3,67027,A process was created.,,,
2503,Normal,"May 9, 2025 @ 13:35:54.158",16,10.12.25.5,Windows11EWS,Microsoft-Windows-Sysmon/Operational,11,3716,,,,,,,WINDOWS11EWS\\Engineer,,,,15,92213,Executable file dropped in folder commonly used by malware,[T1105],[Command and Control],[Ingress Tool Transfer]
2504,Normal,"May 9, 2025 @ 13:35:54.184",16,10.12.25.5,Windows11EWS,Microsoft-Windows-Sysmon/Operational,11,3716,,,,,,,WINDOWS11EWS\\Engineer,,,,15,92213,Executable file dropped in folder commonly used by malware,[T1105],[Command and Control],[Ingress Tool Transfer]
2505,Normal,"May 9, 2025 @ 13:35:54.185",16,10.12.25.5,Windows11EWS,Security,4688,4,,,,,,,,,"\""C:\\WINDOWS\\system32\\rundll32.exe\"" C:\\WINDOWS\\system32\\CapabilityAccessManager.dll,CapabilityAccessManagerDoStoreMaintenance",,3,67027,A process was created.,,,
2506,Normal,"May 9, 2025 @ 13:35:54.186",16,10.12.25.5,Windows11EWS,Microsoft-Windows-Sysmon/Operational,11,3716,,,,,,,WINDOWS11EWS\\Engineer,,,,15,92213,Executable file dropped in folder commonly used by malware,[T1105],[Command and Control],[Ingress Tool Transfer]
2507,Normal,"May 9, 2025 @ 13:35:54.192",16,10.12.25.5,Windows11EWS,Security,4688,4,,,,,,,,,"\""C:\\WINDOWS\\system32\\rundll32.exe\"" C:\\WINDOWS\\system32\\Windows.StateRepositoryClient.dll,StateRepositoryDoMaintenanceTasks",,3,67027,A process was created.,,,
2508,Normal,"May 9, 2025 @ 13:35:54.194",16,10.12.25.5,Windows11EWS,Security,4688,4,,,,,,,,,"\""C:\\ProgramData\\Microsoft\\Windows Defender\\Platform\\4.18.25030.2-0\\MpCmdRun.exe\"" -IdleTask -TaskName WdCacheMaintenance",,3,67027,A process was created.,,,
2509,Normal,"May 9, 2025 @ 13:35:54.226",16,10.12.25.5,Windows11EWS,Security,4688,4,,,,,,,,,"\""C:\\WINDOWS\\system32\\rundll32.exe\"" Startupscan.dll,SusRunTask",,3,67027,A process was created.,,,
2510,Normal,"May 9, 2025 @ 13:35:54.296",16,10.12.25.5,Windows11EWS,Security,4688,4,,,,,,,,,taskhostw.exe,,3,67027,A process was created.,,,
2511,Normal,"May 9, 2025 @ 13:35:54.332",16,10.12.25.5,Windows11EWS,Security,4688,4,,,,,,,,,"\""C:\\ProgramData\\Microsoft\\Windows Defender\\Platform\\4.18.25030.2-0\\MpCmdRun.exe\"" Scan -ScheduleJob -ScanTrigger 55 -IdleScheduledJob",,3,67027,A process was created.,,,
2512,Normal,"May 9, 2025 @ 13:35:55.108",16,10.12.25.5,Windows11EWS,Security,4688,4,,,,,,,,,C:\\WINDOWS\\System32\\sdiagnhost.exe -Embedding,,3,67027,A process was created.,,,
2513,Normal,"May 9, 2025 @ 13:35:55.129",16,10.12.25.5,Windows11EWS,Security,4688,4,,,,,,,,,\\??\\C:\\WINDOWS\\system32\\conhost.exe 0xffffffff -ForceV1,,3,67027,A process was created.,,,
2514,Normal,"May 9, 2025 @ 13:35:55.144",16,10.12.25.5,Windows11EWS,Security,4688,4,,,,,,,,,\\??\\C:\\WINDOWS\\system32\\conhost.exe 0xffffffff -ForceV1,,3,67027,A process was created.,,,
2515,Normal,"May 9, 2025 @ 13:35:56.165",16,10.12.25.5,Windows11EWS,Security,4688,4,,,,,,,,,\\??\\C:\\WINDOWS\\system32\\conhost.exe 0xffffffff -ForceV1,,3,67027,A process was created.,,,
2516,Normal,"May 9, 2025 @ 13:35:56.223",16,10.12.25.5,Windows11EWS,Security,4688,4,,,,,,,,,\\??\\C:\\WINDOWS\\system32\\conhost.exe 0xffffffff -ForceV1,,3,67027,A process was created.,,,
2517,Normal,"May 9, 2025 @ 13:35:57.335",16,10.12.25.5,Windows11EWS,Microsoft-Windows-Sysmon/Operational,11,3716,,,,,,,WINDOWS11EWS\\Engineer,,,,15,92213,Executable file dropped in folder commonly used by malware,[T1105],[Command and Control],[Ingress Tool Transfer]
2518,Normal,"May 9, 2025 @ 13:35:57.336",16,10.12.25.5,Windows11EWS,Security,4688,4,,,,,,,,,\\??\\C:\\WINDOWS\\system32\\conhost.exe 0xffffffff -ForceV1,,3,67027,A process was created.,,,
2519,Normal,"May 9, 2025 @ 13:35:57.336",16,10.12.25.5,Windows11EWS,Security,4688,4,,,,,,,,,\\??\\C:\\WINDOWS\\system32\\conhost.exe 0xffffffff -ForceV1,,3,67027,A process was created.,,,
2520,Normal,"May 9, 2025 @ 13:35:57.340",16,10.12.25.5,Windows11EWS,Security,4688,4,,,,,,,,,\\??\\C:\\WINDOWS\\system32\\conhost.exe 0xffffffff -ForceV1,,3,67027,A process was created.,,,
2521,Normal,"May 9, 2025 @ 13:35:57.347",16,10.12.25.5,Windows11EWS,Security,4688,4,,,,,,,,,\\??\\C:\\WINDOWS\\system32\\conhost.exe 0xffffffff -ForceV1,,3,67027,A process was created.,,,
2522,Normal,"May 9, 2025 @ 13:35:57.382",16,10.12.25.5,Windows11EWS,Security,4688,4,,,,,,,,,\\??\\C:\\WINDOWS\\system32\\conhost.exe 0xffffffff -ForceV1,,3,67027,A process was created.,,,
2523,Normal,"May 9, 2025 @ 13:35:57.712",16,10.12.25.5,Windows11EWS,Application,102,1224,,,,,,,,,,,3,60805,The database engine is starting a new instance.,,,
2524,Normal,"May 9, 2025 @ 13:35:57.820",16,10.12.25.5,Windows11EWS,Application,300,1224,,,,,,,,,,,3,60807,The database engine is initiating recovery steps.,,,
2525,Normal,"May 9, 2025 @ 13:35:57.891",16,10.12.25.5,Windows11EWS,Application,301,1224,,,,,,,,,,,3,60808,The database engine is replaying log file C:\Winnt\system32\wins\j50.log.,,,
2526,Normal,"May 9, 2025 @ 13:35:57.948",16,10.12.25.5,Windows11EWS,Application,302,1224,,,,,,,,,,,3,60809,The database engine has completed recovery steps.,,,
2527,Normal,"May 9, 2025 @ 13:35:58.123",16,10.12.25.5,Windows11EWS,Application,326,1224,,,,,,,,,,,3,60798,The database engine attached a database.,,,
2528,Normal,"May 9, 2025 @ 13:35:59.613",16,10.12.25.5,Windows11EWS,Security,4624,948,,Negotiate,Advapi,,,,,,,,3,60106,Windows Logon Success,[T1078],"[Defense Evasion, Persistence, Privilege Escalation, Initial Access]",[Valid Accounts]
2529,Normal,"May 9, 2025 @ 13:35:59.629",16,10.12.25.5,Windows11EWS,Security,4688,4,,,,,,,,,C:\\WINDOWS\\servicing\\TrustedInstaller.exe,,3,67027,A process was created.,,,
2530,Normal,"May 9, 2025 @ 13:36:00.163",16,10.12.25.5,Windows11EWS,Microsoft-Windows-Windows Defender/Operational,1000,3912,,,,,,,SYSTEM,,,,3,62107,Windows Defender: Antimalware scan started,,,
2531,Normal,"May 9, 2025 @ 13:36:02.837",16,10.12.25.5,Windows11EWS,Security,4688,4,,,,,,,,,C:\\Windows\\System32\\smartscreen.exe -Embedding,,3,67027,A process was created.,,,
2532,Normal,"May 9, 2025 @ 13:36:08.612",16,10.12.25.5,Windows11EWS,Security,4688,4,,,,,,,,,"\""C:\\Windows\\Microsoft.NET\\Framework\\v4.0.30319\\NGenTask.exe\"" /RuntimeWide /StopEvent:688",,3,67027,A process was created.,,,
2533,Normal,"May 9, 2025 @ 13:36:08.624",16,10.12.25.5,Windows11EWS,Security,4688,4,,,,,,,,,"\""C:\\Windows\\Microsoft.NET\\Framework64\\v4.0.30319\\NGenTask.exe\"" /RuntimeWide /StopEvent:220",,3,67027,A process was created.,,,
2534,Normal,"May 9, 2025 @ 13:36:08.631",16,10.12.25.5,Windows11EWS,Security,4688,4,,,,,,,,,\\??\\C:\\WINDOWS\\system32\\conhost.exe 0xffffffff -ForceV1,,3,67027,A process was created.,,,
2535,Normal,"May 9, 2025 @ 13:36:08.645",16,10.12.25.5,Windows11EWS,Security,4688,4,,,,,,,,,\\??\\C:\\WINDOWS\\system32\\conhost.exe 0xffffffff -ForceV1,,3,67027,A process was created.,,,
2536,Normal,"May 9, 2025 @ 13:36:10.760",16,10.12.25.5,Windows11EWS,Security,4688,4,,,,,,,,,C:\\WINDOWS\\winsxs\\amd64_microsoft-windows-servicingstack_31bf3856ad364e35_10.0.26100.3764_none_a5067b2d776484b6\\TiWorker.exe -Embedding,,3,67027,A process was created.,,,
2537,Normal,"May 9, 2025 @ 13:36:13.952",16,10.12.25.5,Windows11EWS,Security,4688,4,,,,,,,,,"\""C:\\Windows\\Microsoft.NET\\Framework64\\v4.0.30319\\ngen.exe\"" RemoveTaskDelayStartTrigger /LegacyServiceBehavior",,3,67027,A process was created.,,,
2538,Normal,"May 9, 2025 @ 13:36:15.309",16,10.12.25.5,Windows11EWS,Security,4688,4,,,,,,,,,"\""C:\\Windows\\Microsoft.NET\\Framework64\\v4.0.30319\\ngen.exe\"" ExecuteQueuedItems /LegacyServiceBehavior",,3,67027,A process was created.,,,
2539,Normal,"May 9, 2025 @ 13:36:18.418",16,10.12.25.5,Windows11EWS,Security,4688,4,,,,,,,,,\\\\?\\C:\\Windows\\System32\\SecurityHealth\\10.0.27777.1008-0\\SecurityHealthHost.exe {08728914-3F57-4D52-9E31-49DAECA5A80A} -Embedding,,3,67027,A process was created.,,,
2540,Normal,"May 9, 2025 @ 13:36:23.915",16,10.12.25.5,Windows11EWS,Security,4688,4,,,,,,,,,"\""C:\\WINDOWS\\system32\\cleanmgr.exe\"" /autocleanstoragesense /d C:",,3,67027,A process was created.,,,
2541,Normal,"May 9, 2025 @ 13:36:27.894",16,10.12.25.5,Windows11EWS,Security,4688,4,,,,,,,,,"\""C:\\Windows\\Microsoft.NET\\Framework64\\v4.0.30319\\ngen.exe\"" install \""System.Core, Version=4.0.0.0, Culture=neutral, PublicKeyToken=b77a5c561934e089\"" /NoDependencies /noroot /version:v4.0.30319 /LegacyServiceBehavior",,3,67027,A process was created.,,,
2542,Normal,"May 9, 2025 @ 13:36:30.445",16,10.12.25.5,Windows11EWS,Security,4688,4,,,,,,,,,"C:\\Windows\\Microsoft.NET\\Framework64\\v4.0.30319\\mscorsvw.exe -StartupEvent 1f8 -InterruptEvent 0 -NGENProcess 198 -Pipe 1ec -Comment \""NGen Worker Process\""",,3,67027,A process was created.,,,
2543,Normal,"May 9, 2025 @ 13:36:32.047",16,10.12.25.5,Windows11EWS,Security,4688,4,,,,,,,,,"\""C:\\Windows\\Microsoft.NET\\Framework\\v4.0.30319\\ngen.exe\"" RemoveTaskDelayStartTrigger /LegacyServiceBehavior",,3,67027,A process was created.,,,
2544,Normal,"May 9, 2025 @ 13:36:32.072",16,10.12.25.5,Windows11EWS,Security,4688,4,,,,,,,,,"\""C:\\Windows\\Microsoft.NET\\Framework\\v4.0.30319\\ngen.exe\"" ExecuteQueuedItems /LegacyServiceBehavior",,3,67027,A process was created.,,,
2545,Normal,"May 9, 2025 @ 13:36:33.165",16,10.12.25.5,Windows11EWS,Security,4688,4,,,,,,,,,\\\\?\\C:\\Windows\\System32\\SecurityHealth\\10.0.27777.1008-0\\SecurityHealthHost.exe {08728914-3F57-4D52-9E31-49DAECA5A80A} -Embedding,,3,67027,A process was created.,,,
2546,Normal,"May 9, 2025 @ 13:36:34.123",15,10.12.25.3,Windows11,Security,4688,4,,,,,,,,,"\""C:\\WINDOWS\\system32\\usoclient.exe\"" StartWork",,3,67027,A process was created.,,,
2547,Normal,"May 9, 2025 @ 13:36:34.153",15,10.12.25.3,Windows11,Security,4624,864,,Negotiate,Advapi,,,,,,,,3,60106,Windows Logon Success,[T1078],"[Defense Evasion, Persistence, Privilege Escalation, Initial Access]",[Valid Accounts]
2548,Normal,"May 9, 2025 @ 13:36:34.159",15,10.12.25.3,Windows11,Security,4688,4,,,,,,,,,"\""C:\\WINDOWS\\uus\\packages\\preview\\AMD64\\MoUsoCoreWorker.exe\"" useprivatenamespaces",,3,67027,A process was created.,,,
2549,Normal,"May 9, 2025 @ 13:36:34.162",15,10.12.25.3,Windows11,Security,4688,4,,,,,,,,,C:\\WINDOWS\\system32\\svchost.exe -k wusvcs -p,,3,67027,A process was created.,,,
2550,Normal,"May 9, 2025 @ 13:36:34.194",15,10.12.25.3,Windows11,Security,4688,4,,,,,,,,,taskhostw.exe -RegisterUserDevice -NewAccount,,3,67027,A process was created.,,,
2551,Normal,"May 9, 2025 @ 13:36:35.469",15,10.12.25.3,Windows11,Security,4673,4,,,,,,,,,,,4,60107,Failed attempt to perform a privileged operation,[T1078],"[Defense Evasion, Persistence, Privilege Escalation, Initial Access]",[Valid Accounts]
2552,Normal,"May 9, 2025 @ 13:36:35.488",15,10.12.25.3,Windows11,Security,4688,4,,,,,,,,,"\""C:\\WINDOWS\\system32\\BackgroundTaskHost.exe\"" -ServerName:BackgroundTaskHost.WebAccountProvider",,3,67027,A process was created.,,,
2553,Normal,"May 9, 2025 @ 13:36:35.514",15,10.12.25.3,Windows11,Security,4688,4,,,,,,,,,C:\\Windows\\System32\\RuntimeBroker.exe -Embedding,,3,67027,A process was created.,,,
2554,Normal,"May 9, 2025 @ 13:36:36.379",16,10.12.25.5,Windows11EWS,Security,4688,4,,,,,,,,,"\""C:\\Windows\\Microsoft.NET\\Framework\\v4.0.30319\\ngen.exe\"" install \""System.Core, Version=4.0.0.0, Culture=neutral, PublicKeyToken=b77a5c561934e089\"" /NoDependencies /noroot /version:v4.0.30319 /LegacyServiceBehavior",,3,67027,A process was created.,,,
2555,Normal,"May 9, 2025 @ 13:36:36.419",16,10.12.25.5,Windows11EWS,Security,4688,4,,,,,,,,,"C:\\Windows\\Microsoft.NET\\Framework\\v4.0.30319\\mscorsvw.exe -StartupEvent 23c -InterruptEvent 0 -NGENProcess 224 -Pipe 238 -Comment \""NGen Worker Process\""",,3,67027,A process was created.,,,
2556,Normal,"May 9, 2025 @ 13:36:36.545",15,10.12.25.3,Windows11,Security,4624,864,,Negotiate,Advapi,,,,,,,,3,60106,Windows Logon Success,[T1078],"[Defense Evasion, Persistence, Privilege Escalation, Initial Access]",[Valid Accounts]
2557,Normal,"May 9, 2025 @ 13:36:36.564",15,10.12.25.3,Windows11,Security,4688,4,,,,,,,,,C:\\WINDOWS\\servicing\\TrustedInstaller.exe,,3,67027,A process was created.,,,
2558,Normal,"May 9, 2025 @ 13:36:36.565",15,10.12.25.3,Windows11,Security,4688,4,,,,,,,,,C:\\WINDOWS\\system32\\wbem\\wmiprvse.exe -secured -Embedding,,3,67027,A process was created.,,,
2559,Normal,"May 9, 2025 @ 13:36:38.027",15,10.12.25.3,Windows11,Security,4688,4,,,,,,,,,taskhostw.exe,,3,67027,A process was created.,,,
2560,Normal,"May 9, 2025 @ 13:36:38.342",16,10.12.25.5,Windows11EWS,Security,4688,4,,,,,,,,,"\""C:\\Windows\\Microsoft.NET\\Framework64\\v4.0.30319\\NGenTask.exe\"" /StopEvent:1340",,3,67027,A process was created.,,,
2561,Normal,"May 9, 2025 @ 13:36:38.366",16,10.12.25.5,Windows11EWS,Security,4688,4,,,,,,,,,\\??\\C:\\WINDOWS\\system32\\conhost.exe 0xffffffff -ForceV1,,3,67027,A process was created.,,,
2562,Normal,"May 9, 2025 @ 13:36:40.064",15,10.12.25.3,Windows11,Security,4688,4,,,,,,,,,C:\\WINDOWS\\system32\\sppsvc.exe,,3,67027,A process was created.,,,
2563,Normal,"May 9, 2025 @ 13:36:41.373",15,10.12.25.3,Windows11,Security,4688,4,,,,,,,,,C:\\WINDOWS\\winsxs\\amd64_microsoft-windows-servicingstack_31bf3856ad364e35_10.0.26100.3764_none_a5067b2d776484b6\\TiWorker.exe -Embedding,,3,67027,A process was created.,,,
2564,Normal,"May 9, 2025 @ 13:36:42.612",16,10.12.25.5,Windows11EWS,Security,4688,4,,,,,,,,,"\""C:\\Windows\\Microsoft.NET\\Framework\\v4.0.30319\\NGenTask.exe\"" /StopEvent:1460",,3,67027,A process was created.,,,
2565,Normal,"May 9, 2025 @ 13:36:42.654",16,10.12.25.5,Windows11EWS,Security,4688,4,,,,,,,,,\\??\\C:\\WINDOWS\\system32\\conhost.exe 0xffffffff -ForceV1,,3,67027,A process was created.,,,
2566,Normal,"May 9, 2025 @ 13:36:43.753",16,10.12.25.5,Windows11EWS,Security,4688,4,,,,,,,,,"\""C:\\WINDOWS\\system32\\devicecensus.exe\"" UserCxt",,3,67027,A process was created.,,,
2567,Normal,"May 9, 2025 @ 13:36:50.410",15,10.12.25.3,Windows11,Security,4624,864,,Negotiate,Advapi,,,,,,,,3,60106,Windows Logon Success,[T1078],"[Defense Evasion, Persistence, Privilege Escalation, Initial Access]",[Valid Accounts]
2568,Normal,"May 9, 2025 @ 13:36:50.423",15,10.12.25.3,Windows11,Security,4688,4,,,,,,,,,C:\\WINDOWS\\system32\\svchost.exe -k wsappx -p,,3,67027,A process was created.,,,
2569,Normal,"May 9, 2025 @ 13:37:01.407",16,10.12.25.5,Windows11EWS,Security,4688,4,,,,,,,,,C:\\Windows\\System32\\Dism\\dismhost.exe {E94B3627-E724-413B-A4E4-FD4D6ADCEFB6},,3,67027,A process was created.,,,
2570,Normal,"May 9, 2025 @ 13:37:06.357",15,10.12.25.3,Windows11,Security,4688,4,,,,,,,,,"\""C:\\WINDOWS\\system32\\tzsync.exe\""",,3,67027,A process was created.,,,
2571,Normal,"May 9, 2025 @ 13:37:06.387",15,10.12.25.3,Windows11,Security,4688,4,,,,,,,,,"\""C:\\WINDOWS\\system32\\la57setup.exe\""",,3,67027,A process was created.,,,
2572,Normal,"May 9, 2025 @ 13:37:06.401",15,10.12.25.3,Windows11,Security,4688,4,,,,,,,,,\\??\\C:\\WINDOWS\\system32\\conhost.exe 0xffffffff -ForceV1,,3,67027,A process was created.,,,
2573,Normal,"May 9, 2025 @ 13:37:06.418",15,10.12.25.3,Windows11,Security,4688,4,,,,,,,,,taskhostw.exe,,3,67027,A process was created.,,,
2574,Normal,"May 9, 2025 @ 13:37:06.473",15,10.12.25.3,Windows11,Security,4688,4,,,,,,,,,\\??\\C:\\WINDOWS\\system32\\conhost.exe 0xffffffff -ForceV1,,3,67027,A process was created.,,,
2575,Normal,"May 9, 2025 @ 13:37:06.476",15,10.12.25.3,Windows11,Security,4688,4,,,,,,,,,taskhostw.exe,,3,67027,A process was created.,,,
2576,Normal,"May 9, 2025 @ 13:37:06.497",15,10.12.25.3,Windows11,Security,4688,4,,,,,,,,,"\""C:\\WINDOWS\\system32\\usoclient.exe\"" ReportPolicies",,3,67027,A process was created.,,,
2577,Normal,"May 9, 2025 @ 13:37:06.592",15,10.12.25.3,Windows11,Security,4688,4,,,,,,,,,"\""C:\\WINDOWS\\system32\\defrag.exe\"" -c -h -o -$",,3,67027,A process was created.,,,
2578,Normal,"May 9, 2025 @ 13:37:06.595",15,10.12.25.3,Windows11,Security,4688,4,,,,,,,,,"\""C:\\WINDOWS\\system32\\lpremove.exe\""",,3,67027,A process was created.,,,
2579,Normal,"May 9, 2025 @ 13:37:06.595",15,10.12.25.3,Windows11,Security,4688,4,,,,,,,,,taskhostw.exe,,3,67027,A process was created.,,,
2580,Normal,"May 9, 2025 @ 13:37:06.635",15,10.12.25.3,Windows11,Microsoft-Windows-Sysmon/Operational,11,3008,,,,,,,Windows11\\Windows11,,,,6,92200,Scripting file created under Windows Temp or User folder,[T1059 T1105],"[Execution, Command and Control]","[Command and Scripting Interpreter, Ingress Tool Transfer]"
2581,Normal,"May 9, 2025 @ 13:37:06.650",15,10.12.25.3,Windows11,Security,4688,4,,,,,,,,,\\??\\C:\\WINDOWS\\system32\\conhost.exe 0xffffffff -ForceV1,,3,67027,A process was created.,,,
2582,Normal,"May 9, 2025 @ 13:37:06.687",15,10.12.25.3,Windows11,Security,4688,4,,,,,,,,,"\""C:\\WINDOWS\\system32\\rundll32.exe\"" Windows.Storage.ApplicationData.dll,CleanupTemporaryState",,3,67027,A process was created.,,,
2583,Normal,"May 9, 2025 @ 13:37:06.705",15,10.12.25.3,Windows11,Microsoft-Windows-Sysmon/Operational,11,3008,,,,,,,Windows11\\Windows11,,,,6,92217,Executable dropped in Windows root folder,[T1570],[Lateral Movement],[Lateral Tool Transfer]
2584,Normal,"May 9, 2025 @ 13:37:06.706",15,10.12.25.3,Windows11,Security,4688,4,,,,,,,,,\\??\\C:\\WINDOWS\\system32\\conhost.exe 0xffffffff -ForceV1,,3,67027,A process was created.,,,
2585,Normal,"May 9, 2025 @ 13:37:06.720",16,10.12.25.5,Windows11EWS,Security,4688,4,,,,,,,,,"\""C:\\WINDOWS\\system32\\usoclient.exe\"" StartWork",,3,67027,A process was created.,,,
2586,Normal,"May 9, 2025 @ 13:37:06.748",15,10.12.25.3,Windows11,Security,4688,4,,,,,,,,,"\""C:\\WINDOWS\\system32\\disksnapshot.exe\"" -z",,3,67027,A process was created.,,,
2587,Normal,"May 9, 2025 @ 13:37:06.748",15,10.12.25.3,Windows11,Microsoft-Windows-Sysmon/Operational,11,3008,,,,,,,Windows11\\Windows11,,,,6,92200,Scripting file created under Windows Temp or User folder,[T1059 T1105],"[Execution, Command and Control]","[Command and Scripting Interpreter, Ingress Tool Transfer]"
2588,Normal,"May 9, 2025 @ 13:37:06.749",15,10.12.25.3,Windows11,Microsoft-Windows-Sysmon/Operational,11,3008,,,,,,,Windows11\\Windows11,,,,6,92200,Scripting file created under Windows Temp or User folder,[T1059 T1105],"[Execution, Command and Control]","[Command and Scripting Interpreter, Ingress Tool Transfer]"
2589,Normal,"May 9, 2025 @ 13:37:06.751",15,10.12.25.3,Windows11,Microsoft-Windows-Sysmon/Operational,11,3008,,,,,,,Windows11\\Windows11,,,,6,92200,Scripting file created under Windows Temp or User folder,[T1059 T1105],"[Execution, Command and Control]","[Command and Scripting Interpreter, Ingress Tool Transfer]"
2590,Normal,"May 9, 2025 @ 13:37:06.776",15,10.12.25.3,Windows11,Security,4688,4,,,,,,,,,"\""C:\\WINDOWS\\system32\\dstokenclean.exe\""",,3,67027,A process was created.,,,
2591,Normal,"May 9, 2025 @ 13:37:06.776",15,10.12.25.3,Windows11,Security,4688,4,,,,,,,,,"\""C:\\WINDOWS\\system32\\dmclient.exe\""",,3,67027,A process was created.,,,
2592,Normal,"May 9, 2025 @ 13:37:06.778",15,10.12.25.3,Windows11,Microsoft-Windows-Sysmon/Operational,11,3008,,,,,,,Windows11\\Windows11,,,,6,92200,Scripting file created under Windows Temp or User folder,[T1059 T1105],"[Execution, Command and Control]","[Command and Scripting Interpreter, Ingress Tool Transfer]"
2593,Normal,"May 9, 2025 @ 13:37:06.803",15,10.12.25.3,Windows11,Microsoft-Windows-Sysmon/Operational,11,3008,,,,,,,Windows11\\Windows11,,,,6,92200,Scripting file created under Windows Temp or User folder,[T1059 T1105],"[Execution, Command and Control]","[Command and Scripting Interpreter, Ingress Tool Transfer]"
2594,Normal,"May 9, 2025 @ 13:37:06.841",15,10.12.25.3,Windows11,Microsoft-Windows-Sysmon/Operational,11,3008,,,,,,,Windows11\\Windows11,,,,6,92200,Scripting file created under Windows Temp or User folder,[T1059 T1105],"[Execution, Command and Control]","[Command and Scripting Interpreter, Ingress Tool Transfer]"
2595,Normal,"May 9, 2025 @ 13:37:06.845",15,10.12.25.3,Windows11,Microsoft-Windows-Sysmon/Operational,11,3008,,,,,,,Windows11\\Windows11,,,,6,92200,Scripting file created under Windows Temp or User folder,[T1059 T1105],"[Execution, Command and Control]","[Command and Scripting Interpreter, Ingress Tool Transfer]"
2596,Normal,"May 9, 2025 @ 13:37:06.845",15,10.12.25.3,Windows11,Security,4688,4,,,,,,,,,"\""C:\\WINDOWS\\system32\\sc.exe\"" start w32time task_started",,3,67027,A process was created.,,,
2597,Normal,"May 9, 2025 @ 13:37:06.857",15,10.12.25.3,Windows11,Security,4688,4,,,,,,,,,"\""C:\\WINDOWS\\system32\\rundll32.exe\"" C:\\WINDOWS\\system32\\CapabilityAccessManager.dll,CapabilityAccessManagerDoStoreMaintenance",,3,67027,A process was created.,,,
2598,Normal,"May 9, 2025 @ 13:37:06.899",15,10.12.25.3,Windows11,Microsoft-Windows-Sysmon/Operational,11,3008,,,,,,,Windows11\\Windows11,,,,6,92200,Scripting file created under Windows Temp or User folder,[T1059 T1105],"[Execution, Command and Control]","[Command and Scripting Interpreter, Ingress Tool Transfer]"
2599,Normal,"May 9, 2025 @ 13:37:06.900",15,10.12.25.3,Windows11,Security,4688,4,,,,,,,,,"\""C:\\WINDOWS\\system32\\rundll32.exe\"" C:\\WINDOWS\\system32\\Windows.StateRepositoryClient.dll,StateRepositoryDoMaintenanceTasks",,3,67027,A process was created.,,,
2600,Normal,"May 9, 2025 @ 13:37:06.902",15,10.12.25.3,Windows11,Security,4688,4,,,,,,,,,"\""C:\\ProgramData\\Microsoft\\Windows Defender\\Platform\\4.18.25030.2-0\\MpCmdRun.exe\"" Scan -ScheduleJob -ScanTrigger 55 -IdleScheduledJob",,3,67027,A process was created.,,,
2601,Normal,"May 9, 2025 @ 13:37:06.937",15,10.12.25.3,Windows11,Security,4688,4,,,,,,,,,"\""C:\\ProgramData\\Microsoft\\Windows Defender\\Platform\\4.18.25030.2-0\\MpCmdRun.exe\"" -IdleTask -TaskName WdCacheMaintenance",,3,67027,A process was created.,,,
2602,Normal,"May 9, 2025 @ 13:37:06.977",15,10.12.25.3,Windows11,Security,4688,4,,,,,,,,,"\""C:\\WINDOWS\\system32\\rundll32.exe\"" Startupscan.dll,SusRunTask",,3,67027,A process was created.,,,
2603,Normal,"May 9, 2025 @ 13:37:06.990",15,10.12.25.3,Windows11,Security,4688,4,,,,,,,,,taskhostw.exe,,3,67027,A process was created.,,,
2604,Normal,"May 9, 2025 @ 13:37:08.097",15,10.12.25.3,Windows11,Security,4688,4,,,,,,,,,\\??\\C:\\WINDOWS\\system32\\conhost.exe 0xffffffff -ForceV1,,3,67027,A process was created.,,,
2605,Normal,"May 9, 2025 @ 13:37:08.163",15,10.12.25.3,Windows11,Security,4688,4,,,,,,,,,\\??\\C:\\WINDOWS\\system32\\conhost.exe 0xffffffff -ForceV1,,3,67027,A process was created.,,,
2606,Normal,"May 9, 2025 @ 13:37:08.494",15,10.12.25.3,Windows11,Security,4688,4,,,,,,,,,\\??\\C:\\WINDOWS\\system32\\conhost.exe 0xffffffff -ForceV1,,3,67027,A process was created.,,,
2607,Normal,"May 9, 2025 @ 13:37:08.539",15,10.12.25.3,Windows11,Security,4688,4,,,,,,,,,\\??\\C:\\WINDOWS\\system32\\conhost.exe 0xffffffff -ForceV1,,3,67027,A process was created.,,,
2608,Normal,"May 9, 2025 @ 13:37:08.540",15,10.12.25.3,Windows11,Security,4688,4,,,,,,,,,\\??\\C:\\WINDOWS\\system32\\conhost.exe 0xffffffff -ForceV1,,3,67027,A process was created.,,,
2609,Normal,"May 9, 2025 @ 13:37:08.542",15,10.12.25.3,Windows11,Security,4688,4,,,,,,,,,\\??\\C:\\WINDOWS\\system32\\conhost.exe 0xffffffff -ForceV1,,3,67027,A process was created.,,,
2610,Normal,"May 9, 2025 @ 13:37:08.543",15,10.12.25.3,Windows11,Security,4688,4,,,,,,,,,C:\\WINDOWS\\System32\\sdiagnhost.exe -Embedding,,3,67027,A process was created.,,,
2611,Normal,"May 9, 2025 @ 13:37:08.618",15,10.12.25.3,Windows11,Security,4688,4,,,,,,,,,\\??\\C:\\WINDOWS\\system32\\conhost.exe 0xffffffff -ForceV1,,3,67027,A process was created.,,,
2612,Normal,"May 9, 2025 @ 13:37:09.640",16,10.12.25.5,Windows11EWS,Security,4688,4,,,,,,,,,"\""C:\\WINDOWS\\uus\\packages\\preview\\AMD64\\MoUsoCoreWorker.exe\"" useprivatenamespaces",,3,67027,A process was created.,,,
2613,Normal,"May 9, 2025 @ 13:37:12.219",15,10.12.25.3,Windows11,Microsoft-Windows-Sysmon/Operational,11,3008,,,,,,,Windows11\\Windows11,,,,15,92213,Executable file dropped in folder commonly used by malware,[T1105],[Command and Control],[Ingress Tool Transfer]
2614,Normal,"May 9, 2025 @ 13:37:13.237",15,10.12.25.3,Windows11,Security,4688,4,,,,,,,,,"\""C:\\Windows\\Microsoft.NET\\Framework\\v4.0.30319\\NGenTask.exe\"" /RuntimeWide /StopEvent:1208",,3,67027,A process was created.,,,
2615,Normal,"May 9, 2025 @ 13:37:13.353",15,10.12.25.3,Windows11,Security,4688,4,,,,,,,,,"\""C:\\Windows\\Microsoft.NET\\Framework64\\v4.0.30319\\NGenTask.exe\"" /RuntimeWide /StopEvent:1244",,3,67027,A process was created.,,,
2616,Normal,"May 9, 2025 @ 13:37:13.464",15,10.12.25.3,Windows11,Security,4688,4,,,,,,,,,\\??\\C:\\WINDOWS\\system32\\conhost.exe 0xffffffff -ForceV1,,3,67027,A process was created.,,,
2617,Normal,"May 9, 2025 @ 13:37:16.202",15,10.12.25.3,Windows11,Security,4688,4,,,,,,,,,\\??\\C:\\WINDOWS\\system32\\conhost.exe 0xffffffff -ForceV1,,3,67027,A process was created.,,,
2618,Normal,"May 9, 2025 @ 13:37:16.247",15,10.12.25.3,Windows11,Security,4688,4,,,,,,,,,"\""C:\\Windows\\Microsoft.NET\\Framework64\\v4.0.30319\\ngen.exe\"" RemoveTaskDelayStartTrigger /LegacyServiceBehavior",,3,67027,A process was created.,,,
2619,Normal,"May 9, 2025 @ 13:37:16.624",15,10.12.25.3,Windows11,Microsoft-Windows-Windows Defender/Operational,1000,3120,,,,,,,SYSTEM,,,,3,62107,Windows Defender: Antimalware scan started,,,
2620,Normal,"May 9, 2025 @ 13:37:18.104",15,10.12.25.3,Windows11,Application,102,1148,,,,,,,,,,,3,60805,The database engine is starting a new instance.,,,
2621,Normal,"May 9, 2025 @ 13:37:18.234",15,10.12.25.3,Windows11,Application,300,1148,,,,,,,,,,,3,60807,The database engine is initiating recovery steps.,,,
2622,Normal,"May 9, 2025 @ 13:37:18.422",15,10.12.25.3,Windows11,Application,301,1148,,,,,,,,,,,3,60808,The database engine is replaying log file C:\Winnt\system32\wins\j50.log.,,,
2623,Normal,"May 9, 2025 @ 13:37:18.432",15,10.12.25.3,Windows11,Application,302,1148,,,,,,,,,,,3,60809,The database engine has completed recovery steps.,,,
2624,Normal,"May 9, 2025 @ 13:37:18.598",15,10.12.25.3,Windows11,Application,326,1148,,,,,,,,,,,3,60798,The database engine attached a database.,,,
2625,Normal,"May 9, 2025 @ 13:37:18.628",15,10.12.25.3,Windows11,System,7040,844,,,,,,,,,,,3,61104,Service startup type was changed,,,
2626,Normal,"May 9, 2025 @ 13:37:19.009",15,10.12.25.3,Windows11,Security,4688,4,,,,,,,,,C:\\Windows\\System32\\smartscreen.exe -Embedding,,3,67027,A process was created.,,,
2627,Normal,"May 9, 2025 @ 13:37:19.021",15,10.12.25.3,Windows11,Security,4688,4,,,,,,,,,"\""C:\\Windows\\Microsoft.NET\\Framework64\\v4.0.30319\\ngen.exe\"" ExecuteQueuedItems /LegacyServiceBehavior",,3,67027,A process was created.,,,
2628,Normal,"May 9, 2025 @ 13:37:56.957",0,,wazuhVM,,,,,,,,,,,,,,3,52002,Apparmor DENIED,,,
2629,Normal,"May 9, 2025 @ 13:38:19.175",15,10.12.25.3,Windows11,Security,4688,4,,,,,,,,,"\""C:\\Windows\\Microsoft.NET\\Framework\\v4.0.30319\\ngen.exe\"" ExecuteQueuedItems /LegacyServiceBehavior",,3,67027,A process was created.,,,
2630,Normal,"May 9, 2025 @ 13:38:19.216",15,10.12.25.3,Windows11,Microsoft-Windows-PowerShell/Operational,4104,1992,,,,,,,,,,,14,91823,"Powershell script used ""Invoke-command"" cmdlet to execute code on remote computer",[T1059.001 T1021.006],"[Execution, Lateral Movement]","[PowerShell, Windows Remote Management]"
2631,Normal,"May 9, 2025 @ 13:38:21.102",15,10.12.25.3,Windows11,Security,4688,4,,,,,,,,,"C:\\Windows\\Microsoft.NET\\Framework64\\v4.0.30319\\mscorsvw.exe -StartupEvent 20c -InterruptEvent 0 -NGENProcess 1e0 -Pipe 208 -Comment \""NGen Worker Process\""",,3,67027,A process was created.,,,
2632,Normal,"May 9, 2025 @ 13:38:21.243",15,10.12.25.3,Windows11,Security,4688,4,,,,,,,,,"\""C:\\WINDOWS\\system32\\cleanmgr.exe\"" /autocleanstoragesense /d C:",,3,67027,A process was created.,,,
2633,Normal,"May 9, 2025 @ 13:38:21.661",15,10.12.25.3,Windows11,Security,4688,4,,,,,,,,,"C:\\Windows\\Microsoft.NET\\Framework64\\v4.0.30319\\mscorsvw.exe -StartupEvent 264 -InterruptEvent 0 -NGENProcess 288 -Pipe 2ac -Comment \""NGen Worker Process\""",,3,67027,A process was created.,,,
2634,Normal,"May 9, 2025 @ 13:38:22.008",15,10.12.25.3,Windows11,Security,4688,4,,,,,,,,,"\""C:\\WINDOWS\\system32\\devicecensus.exe\"" UserCxt",,3,67027,A process was created.,,,
2635,Normal,"May 9, 2025 @ 13:38:22.567",15,10.12.25.3,Windows11,Application,16384,7996,,,,,,,,,,,3,60642,Software protection service scheduled successfully.,,,
2636,Normal,"May 9, 2025 @ 13:38:22.915",15,10.12.25.3,Windows11,Security,4688,4,,,,,,,,,"C:\\Windows\\Microsoft.NET\\Framework64\\v4.0.30319\\mscorsvw.exe -StartupEvent 2ec -InterruptEvent 0 -NGENProcess 2e0 -Pipe 2e8 -Comment \""NGen Worker Process\""",,3,67027,A process was created.,,,
2637,Normal,"May 9, 2025 @ 13:38:23.241",15,10.12.25.3,Windows11,Security,4688,4,,,,,,,,,"C:\\Windows\\Microsoft.NET\\Framework64\\v4.0.30319\\mscorsvw.exe -StartupEvent 2e4 -InterruptEvent 0 -NGENProcess 2c8 -Pipe 2d8 -Comment \""NGen Worker Process\""",,3,67027,A process was created.,,,
2638,Normal,"May 9, 2025 @ 13:38:23.720",15,10.12.25.3,Windows11,Security,4688,4,,,,,,,,,"C:\\Windows\\Microsoft.NET\\Framework64\\v4.0.30319\\mscorsvw.exe -StartupEvent 29c -InterruptEvent 0 -NGENProcess 2f0 -Pipe 2fc -Comment \""NGen Worker Process\""",,3,67027,A process was created.,,,
2639,Normal,"May 9, 2025 @ 13:38:23.722",15,10.12.25.3,Windows11,Security,4688,4,,,,,,,,,"C:\\Windows\\Microsoft.NET\\Framework64\\v4.0.30319\\mscorsvw.exe -StartupEvent 2c8 -InterruptEvent 0 -NGENProcess 2ac -Pipe 2f0 -Comment \""NGen Worker Process\""",,3,67027,A process was created.,,,
2640,Normal,"May 9, 2025 @ 13:38:23.737",15,10.12.25.3,Windows11,Security,4688,4,,,,,,,,,"C:\\Windows\\Microsoft.NET\\Framework64\\v4.0.30319\\mscorsvw.exe -StartupEvent 310 -InterruptEvent 0 -NGENProcess 29c -Pipe 2f8 -Comment \""NGen Worker Process\""",,3,67027,A process was created.,,,
2641,Normal,"May 9, 2025 @ 13:38:23.759",15,10.12.25.3,Windows11,Security,4688,4,,,,,,,,,"C:\\Windows\\Microsoft.NET\\Framework64\\v4.0.30319\\mscorsvw.exe -StartupEvent 2cc -InterruptEvent 0 -NGENProcess 29c -Pipe 2ec -Comment \""NGen Worker Process\""",,3,67027,A process was created.,,,
2642,Normal,"May 9, 2025 @ 13:38:23.776",15,10.12.25.3,Windows11,Security,4688,4,,,,,,,,,"C:\\Windows\\Microsoft.NET\\Framework64\\v4.0.30319\\mscorsvw.exe -StartupEvent 31c -InterruptEvent 0 -NGENProcess 304 -Pipe 320 -Comment \""NGen Worker Process\""",,3,67027,A process was created.,,,
2643,Normal,"May 9, 2025 @ 13:38:23.790",15,10.12.25.3,Windows11,Security,4688,4,,,,,,,,,"C:\\Windows\\Microsoft.NET\\Framework64\\v4.0.30319\\mscorsvw.exe -StartupEvent 300 -InterruptEvent 0 -NGENProcess 334 -Pipe 2ac -Comment \""NGen Worker Process\""",,3,67027,A process was created.,,,
2644,Normal,"May 9, 2025 @ 13:38:23.790",15,10.12.25.3,Windows11,Security,4688,4,,,,,,,,,"C:\\Windows\\Microsoft.NET\\Framework64\\v4.0.30319\\mscorsvw.exe -StartupEvent 340 -InterruptEvent 0 -NGENProcess 31c -Pipe 34c -Comment \""NGen Worker Process\""",,3,67027,A process was created.,,,
2645,Normal,"May 9, 2025 @ 13:38:23.798",15,10.12.25.3,Windows11,Security,4688,4,,,,,,,,,"C:\\Windows\\Microsoft.NET\\Framework64\\v4.0.30319\\mscorsvw.exe -StartupEvent 2b8 -InterruptEvent 0 -NGENProcess 2c0 -Pipe 288 -Comment \""NGen Worker Process\""",,3,67027,A process was created.,,,
2646,Normal,"May 9, 2025 @ 13:38:23.824",15,10.12.25.3,Windows11,Security,4688,4,,,,,,,,,"C:\\Windows\\Microsoft.NET\\Framework64\\v4.0.30319\\mscorsvw.exe -StartupEvent 288 -InterruptEvent 0 -NGENProcess 314 -Pipe 210 -Comment \""NGen Worker Process\""",,3,67027,A process was created.,,,
2647,Normal,"May 9, 2025 @ 13:38:23.945",15,10.12.25.3,Windows11,Security,4688,4,,,,,,,,,"C:\\Windows\\Microsoft.NET\\Framework64\\v4.0.30319\\mscorsvw.exe -StartupEvent 2a8 -InterruptEvent 0 -NGENProcess 2d4 -Pipe 2f4 -Comment \""NGen Worker Process\""",,3,67027,A process was created.,,,
2648,Normal,"May 9, 2025 @ 13:38:23.971",15,10.12.25.3,Windows11,Security,4688,4,,,,,,,,,"C:\\Windows\\Microsoft.NET\\Framework64\\v4.0.30319\\mscorsvw.exe -StartupEvent 29c -InterruptEvent 0 -NGENProcess 2f4 -Pipe 2d0 -Comment \""NGen Worker Process\""",,3,67027,A process was created.,,,
2649,Normal,"May 9, 2025 @ 13:38:23.972",15,10.12.25.3,Windows11,Security,4688,4,,,,,,,,,"C:\\Windows\\Microsoft.NET\\Framework64\\v4.0.30319\\mscorsvw.exe -StartupEvent 364 -InterruptEvent 0 -NGENProcess 2b4 -Pipe 360 -Comment \""NGen Worker Process\""",,3,67027,A process was created.,,,
2650,Normal,"May 9, 2025 @ 13:38:23.985",15,10.12.25.3,Windows11,Security,4688,4,,,,,,,,,"C:\\Windows\\Microsoft.NET\\Framework64\\v4.0.30319\\mscorsvw.exe -StartupEvent 36c -InterruptEvent 0 -NGENProcess 330 -Pipe 354 -Comment \""NGen Worker Process\""",,3,67027,A process was created.,,,
2651,Normal,"May 9, 2025 @ 13:38:24.004",15,10.12.25.3,Windows11,Security,4688,4,,,,,,,,,"C:\\Windows\\Microsoft.NET\\Framework64\\v4.0.30319\\mscorsvw.exe -StartupEvent 288 -InterruptEvent 0 -NGENProcess 35c -Pipe 2d4 -Comment \""NGen Worker Process\""",,3,67027,A process was created.,,,
2652,Normal,"May 9, 2025 @ 13:38:24.186",15,10.12.25.3,Windows11,Microsoft-Windows-Sysmon/Operational,11,3008,,,,,,,NT AUTHORITY\\SYSTEM,,,,6,92217,Executable dropped in Windows root folder,[T1570],[Lateral Movement],[Lateral Tool Transfer]
2653,Normal,"May 9, 2025 @ 13:38:24.186",15,10.12.25.3,Windows11,Security,4688,4,,,,,,,,,"C:\\Windows\\Microsoft.NET\\Framework64\\v4.0.30319\\mscorsvw.exe -StartupEvent 35c -InterruptEvent 0 -NGENProcess 358 -Pipe 288 -Comment \""NGen Worker Process\""",,3,67027,A process was created.,,,
2654,Normal,"May 9, 2025 @ 13:38:24.187",15,10.12.25.3,Windows11,Microsoft-Windows-Sysmon/Operational,11,3008,,,,,,,NT AUTHORITY\\SYSTEM,,,,6,92217,Executable dropped in Windows root folder,[T1570],[Lateral Movement],[Lateral Tool Transfer]
2655,Normal,"May 9, 2025 @ 13:38:24.187",15,10.12.25.3,Windows11,Microsoft-Windows-Sysmon/Operational,11,3008,,,,,,,NT AUTHORITY\\SYSTEM,,,,6,92217,Executable dropped in Windows root folder,[T1570],[Lateral Movement],[Lateral Tool Transfer]
2656,Normal,"May 9, 2025 @ 13:38:24.207",15,10.12.25.3,Windows11,Microsoft-Windows-Sysmon/Operational,11,3008,,,,,,,NT AUTHORITY\\SYSTEM,,,,6,92217,Executable dropped in Windows root folder,[T1570],[Lateral Movement],[Lateral Tool Transfer]
2657,Normal,"May 9, 2025 @ 13:38:24.208",15,10.12.25.3,Windows11,Microsoft-Windows-Sysmon/Operational,11,3008,,,,,,,NT AUTHORITY\\SYSTEM,,,,6,92217,Executable dropped in Windows root folder,[T1570],[Lateral Movement],[Lateral Tool Transfer]
2658,Normal,"May 9, 2025 @ 13:38:24.229",15,10.12.25.3,Windows11,Microsoft-Windows-Sysmon/Operational,11,3008,,,,,,,NT AUTHORITY\\SYSTEM,,,,6,92217,Executable dropped in Windows root folder,[T1570],[Lateral Movement],[Lateral Tool Transfer]
2659,Normal,"May 9, 2025 @ 13:38:24.238",15,10.12.25.3,Windows11,System,7040,844,,,,,,,,,,,3,61104,Service startup type was changed,,,
2660,Normal,"May 9, 2025 @ 13:38:24.505",15,10.12.25.3,Windows11,Security,4688,4,,,,,,,,,"C:\\Windows\\Microsoft.NET\\Framework64\\v4.0.30319\\mscorsvw.exe -StartupEvent 370 -InterruptEvent 0 -NGENProcess 37c -Pipe 344 -Comment \""NGen Worker Process\""",,3,67027,A process was created.,,,
2661,Normal,"May 9, 2025 @ 13:38:24.534",15,10.12.25.3,Windows11,Security,4688,4,,,,,,,,,C:\\WINDOWS\\System32\\svchost.exe -k NetworkService -p,,3,67027,A process was created.,,,
2662,Normal,"May 9, 2025 @ 13:38:24.591",15,10.12.25.3,Windows11,Security,4624,864,,Negotiate,Advapi,,,,,,,,3,60106,Windows Logon Success,[T1078],"[Defense Evasion, Persistence, Privilege Escalation, Initial Access]",[Valid Accounts]
2663,Normal,"May 9, 2025 @ 13:38:24.645",15,10.12.25.3,Windows11,Security,4688,4,,,,,,,,,C:\\WINDOWS\\system32\\svchost.exe -k wusvcs -p,,3,67027,A process was created.,,,
2664,Normal,"May 9, 2025 @ 13:38:25.287",15,10.12.25.3,Windows11,Microsoft-Windows-PowerShell/Operational,4104,1992,,,,,,,,,,,14,91823,"Powershell script used ""Invoke-command"" cmdlet to execute code on remote computer",[T1059.001 T1021.006],"[Execution, Lateral Movement]","[PowerShell, Windows Remote Management]"
2665,Normal,"May 9, 2025 @ 13:38:25.711",15,10.12.25.3,Windows11,Microsoft-Windows-PowerShell/Operational,4104,1992,,,,,,,,,,,4,91820,Powershell script recursively collected files from a filesystem search,[T1083 T1119],"[Discovery, Collection]","[File and Directory Discovery, Automated Collection]"
2666,Normal,"May 9, 2025 @ 13:38:26.230",15,10.12.25.3,Windows11,Microsoft-Windows-PowerShell/Operational,4104,1992,,,,,,,,,,,4,91820,Powershell script recursively collected files from a filesystem search,[T1083 T1119],"[Discovery, Collection]","[File and Directory Discovery, Automated Collection]"
