2810,Normal,"May 9, 2025 @ 13:42:38.560",15,10.12.25.3,Windows11,Microsoft-Windows-Sysmon/Operational,11,3008,,,,,,,NT AUTHORITY\\SYSTEM,,,,6,92217,Executable dropped in Windows root folder,[T1570],[Lateral Movement],[Lateral Tool Transfer]
2811,Normal,"May 9, 2025 @ 13:42:39.949",15,10.12.25.3,Windows11,Security,4688,4,,,,,,,,,"C:\\Windows\\Microsoft.NET\\Framework64\\v4.0.30319\\mscorsvw.exe -StartupEvent 3d8 -InterruptEvent 0 -NGENProcess 2b4 -Pipe 390 -Comment \""NGen Worker Process\""",,3,67027,A process was created.,,,
2812,Normal,"May 9, 2025 @ 13:42:42.208",15,10.12.25.3,Windows11,Security,4688,4,,,,,,,,,"C:\\Windows\\Microsoft.NET\\Framework64\\v4.0.30319\\mscorsvw.exe -StartupEvent 3c4 -InterruptEvent 0 -NGENProcess 3e0 -Pipe 368 -Comment \""NGen Worker Process\""",,3,67027,A process was created.,,,
2813,Normal,"May 9, 2025 @ 13:42:42.209",15,10.12.25.3,Windows11,Security,4688,4,,,,,,,,,"C:\\Windows\\Microsoft.NET\\Framework64\\v4.0.30319\\mscorsvw.exe -StartupEvent 384 -InterruptEvent 0 -NGENProcess 1b4 -Pipe 3cc -Comment \""NGen Worker Process\""",,3,67027,A process was created.,,,
2814,Normal,"May 9, 2025 @ 13:42:42.376",15,10.12.25.3,Windows11,Security,4688,4,,,,,,,,,"C:\\Windows\\Microsoft.NET\\Framework64\\v4.0.30319\\mscorsvw.exe -StartupEvent 310 -InterruptEvent 0 -NGENProcess 3d8 -Pipe 384 -Comment \""NGen Worker Process\""",,3,67027,A process was created.,,,
2815,Normal,"May 9, 2025 @ 13:42:42.391",15,10.12.25.3,Windows11,Security,4688,4,,,,,,,,,"C:\\Windows\\Microsoft.NET\\Framework64\\v4.0.30319\\mscorsvw.exe -StartupEvent 1e0 -InterruptEvent 0 -NGENProcess 1b4 -Pipe 36c -Comment \""NGen Worker Process\""",,3,67027,A process was created.,,,
2816,Normal,"May 9, 2025 @ 13:42:42.391",15,10.12.25.3,Windows11,Security,4688,4,,,,,,,,,"C:\\Windows\\Microsoft.NET\\Framework64\\v4.0.30319\\mscorsvw.exe -StartupEvent 1e0 -InterruptEvent 0 -NGENProcess 35c -Pipe 3c4 -Comment \""NGen Worker Process\""",,3,67027,A process was created.,,,
2817,Normal,"May 9, 2025 @ 13:42:43.709",15,10.12.25.3,Windows11,Security,4688,4,,,,,,,,,"C:\\Windows\\Microsoft.NET\\Framework64\\v4.0.30319\\mscorsvw.exe -StartupEvent 35c -InterruptEvent 0 -NGENProcess 310 -Pipe 2b4 -Comment \""NGen Worker Process\""",,3,67027,A process was created.,,,
2818,Normal,"May 9, 2025 @ 13:42:43.726",15,10.12.25.3,Windows11,Security,4688,4,,,,,,,,,"C:\\Windows\\Microsoft.NET\\Framework64\\v4.0.30319\\mscorsvw.exe -StartupEvent 3d8 -InterruptEvent 0 -NGENProcess 3c0 -Pipe 398 -Comment \""NGen Worker Process\""",,3,67027,A process was created.,,,
2819,Normal,"May 9, 2025 @ 13:42:43.726",15,10.12.25.3,Windows11,Security,4688,4,,,,,,,,,"C:\\Windows\\Microsoft.NET\\Framework64\\v4.0.30319\\mscorsvw.exe -StartupEvent 314 -InterruptEvent 0 -NGENProcess 248 -Pipe 310 -Comment \""NGen Worker Process\""",,3,67027,A process was created.,,,
2820,Normal,"May 9, 2025 @ 13:42:43.732",15,10.12.25.3,Windows11,Security,4688,4,,,,,,,,,"C:\\Windows\\Microsoft.NET\\Framework64\\v4.0.30319\\mscorsvw.exe -StartupEvent 1b4 -InterruptEvent 0 -NGENProcess 334 -Pipe 3c0 -Comment \""NGen Worker Process\""",,3,67027,A process was created.,,,
2821,Normal,"May 9, 2025 @ 13:42:43.747",15,10.12.25.3,Windows11,Security,4688,4,,,,,,,,,"C:\\Windows\\Microsoft.NET\\Framework64\\v4.0.30319\\mscorsvw.exe -StartupEvent 3d8 -InterruptEvent 0 -NGENProcess 3f4 -Pipe 1e0 -Comment \""NGen Worker Process\""",,3,67027,A process was created.,,,
2822,Normal,"May 9, 2025 @ 13:42:43.747",15,10.12.25.3,Windows11,Security,4688,4,,,,,,,,,"C:\\Windows\\Microsoft.NET\\Framework64\\v4.0.30319\\mscorsvw.exe -StartupEvent 3f4 -InterruptEvent 0 -NGENProcess 35c -Pipe 314 -Comment \""NGen Worker Process\""",,3,67027,A process was created.,,,
2823,Normal,"May 9, 2025 @ 13:42:44.747",15,10.12.25.3,Windows11,Security,4688,4,,,,,,,,,"C:\\Windows\\Microsoft.NET\\Framework64\\v4.0.30319\\mscorsvw.exe -StartupEvent 3e0 -InterruptEvent 0 -NGENProcess 220 -Pipe 1b4 -Comment \""NGen Worker Process\""",,3,67027,A process was created.,,,
2824,Normal,"May 9, 2025 @ 13:42:44.767",15,10.12.25.3,Windows11,Security,4688,4,,,,,,,,,"C:\\Windows\\Microsoft.NET\\Framework64\\v4.0.30319\\mscorsvw.exe -StartupEvent 434 -InterruptEvent 0 -NGENProcess 428 -Pipe 430 -Comment \""NGen Worker Process\""",,3,67027,A process was created.,,,
2825,Normal,"May 9, 2025 @ 13:42:44.767",15,10.12.25.3,Windows11,Security,4688,4,,,,,,,,,"C:\\Windows\\Microsoft.NET\\Framework64\\v4.0.30319\\mscorsvw.exe -StartupEvent 3e0 -InterruptEvent 0 -NGENProcess 408 -Pipe 334 -Comment \""NGen Worker Process\""",,3,67027,A process was created.,,,
2826,Normal,"May 9, 2025 @ 13:42:44.772",15,10.12.25.3,Windows11,Security,4688,4,,,,,,,,,"C:\\Windows\\Microsoft.NET\\Framework64\\v4.0.30319\\mscorsvw.exe -StartupEvent 440 -InterruptEvent 0 -NGENProcess 41c -Pipe 404 -Comment \""NGen Worker Process\""",,3,67027,A process was created.,,,
2827,Normal,"May 9, 2025 @ 13:42:44.785",15,10.12.25.3,Windows11,Security,4688,4,,,,,,,,,"C:\\Windows\\Microsoft.NET\\Framework64\\v4.0.30319\\mscorsvw.exe -StartupEvent 450 -InterruptEvent 0 -NGENProcess 418 -Pipe 438 -Comment \""NGen Worker Process\""",,3,67027,A process was created.,,,
2828,Normal,"May 9, 2025 @ 13:42:44.785",15,10.12.25.3,Windows11,Security,4688,4,,,,,,,,,"C:\\Windows\\Microsoft.NET\\Framework64\\v4.0.30319\\mscorsvw.exe -StartupEvent 464 -InterruptEvent 0 -NGENProcess 418 -Pipe 458 -Comment \""NGen Worker Process\""",,3,67027,A process was created.,,,
2829,Normal,"May 9, 2025 @ 13:42:44.791",15,10.12.25.3,Windows11,Security,4688,4,,,,,,,,,"C:\\Windows\\Microsoft.NET\\Framework64\\v4.0.30319\\mscorsvw.exe -StartupEvent 44c -InterruptEvent 0 -NGENProcess 42c -Pipe 41c -Comment \""NGen Worker Process\""",,3,67027,A process was created.,,,
2830,Normal,"May 9, 2025 @ 13:42:45.892",15,10.12.25.3,Windows11,Security,4688,4,,,,,,,,,"C:\\Windows\\Microsoft.NET\\Framework64\\v4.0.30319\\mscorsvw.exe -StartupEvent 43c -InterruptEvent 0 -NGENProcess 428 -Pipe 46c -Comment \""NGen Worker Process\""",,3,67027,A process was created.,,,
2831,Normal,"May 9, 2025 @ 13:42:45.894",15,10.12.25.3,Windows11,Security,4688,4,,,,,,,,,"C:\\Windows\\Microsoft.NET\\Framework64\\v4.0.30319\\mscorsvw.exe -StartupEvent 44c -InterruptEvent 0 -NGENProcess 448 -Pipe 47c -Comment \""NGen Worker Process\""",,3,67027,A process was created.,,,
2832,Normal,"May 9, 2025 @ 13:42:45.895",15,10.12.25.3,Windows11,Security,4688,4,,,,,,,,,"C:\\Windows\\Microsoft.NET\\Framework64\\v4.0.30319\\mscorsvw.exe -StartupEvent 48c -InterruptEvent 0 -NGENProcess 424 -Pipe 474 -Comment \""NGen Worker Process\""",,3,67027,A process was created.,,,
2833,Normal,"May 9, 2025 @ 13:42:45.899",15,10.12.25.3,Windows11,Security,4688,4,,,,,,,,,"C:\\Windows\\Microsoft.NET\\Framework64\\v4.0.30319\\mscorsvw.exe -StartupEvent 480 -InterruptEvent 0 -NGENProcess 424 -Pipe 484 -Comment \""NGen Worker Process\""",,3,67027,A process was created.,,,
2834,Normal,"May 9, 2025 @ 13:42:45.947",15,10.12.25.3,Windows11,Security,4688,4,,,,,,,,,"C:\\Windows\\Microsoft.NET\\Framework64\\v4.0.30319\\mscorsvw.exe -StartupEvent 434 -InterruptEvent 0 -NGENProcess 49c -Pipe 220 -Comment \""NGen Worker Process\""",,3,67027,A process was created.,,,
2835,Normal,"May 9, 2025 @ 13:42:47.593",15,10.12.25.3,Windows11,Security,4688,4,,,,,,,,,"C:\\Windows\\Microsoft.NET\\Framework64\\v4.0.30319\\mscorsvw.exe -StartupEvent 424 -InterruptEvent 0 -NGENProcess 4b0 -Pipe 480 -Comment \""NGen Worker Process\""",,3,67027,A process was created.,,,
2836,Normal,"May 9, 2025 @ 13:42:49.565",15,10.12.25.3,Windows11,Security,4688,4,,,,,,,,,"C:\\Windows\\Microsoft.NET\\Framework64\\v4.0.30319\\mscorsvw.exe -StartupEvent 4b8 -InterruptEvent 0 -NGENProcess 414 -Pipe 300 -Comment \""NGen Worker Process\""",,3,67027,A process was created.,,,
2837,Normal,"May 9, 2025 @ 13:42:50.662",15,10.12.25.3,Windows11,Security,4688,4,,,,,,,,,"C:\\Windows\\Microsoft.NET\\Framework64\\v4.0.30319\\mscorsvw.exe -StartupEvent 4a0 -InterruptEvent 0 -NGENProcess 410 -Pipe 498 -Comment \""NGen Worker Process\""",,3,67027,A process was created.,,,
2838,Normal,"May 9, 2025 @ 13:42:50.668",15,10.12.25.3,Windows11,Security,4688,4,,,,,,,,,"C:\\Windows\\Microsoft.NET\\Framework64\\v4.0.30319\\mscorsvw.exe -StartupEvent 49c -InterruptEvent 0 -NGENProcess 4c4 -Pipe 4c8 -Comment \""NGen Worker Process\""",,3,67027,A process was created.,,,
2839,Normal,"May 9, 2025 @ 13:42:50.672",15,10.12.25.3,Windows11,Security,4688,4,,,,,,,,,"C:\\Windows\\Microsoft.NET\\Framework64\\v4.0.30319\\mscorsvw.exe -StartupEvent 3f4 -InterruptEvent 0 -NGENProcess 4d4 -Pipe 3d8 -Comment \""NGen Worker Process\""",,3,67027,A process was created.,,,
2840,Normal,"May 9, 2025 @ 13:42:50.677",15,10.12.25.3,Windows11,Security,4688,4,,,,,,,,,"C:\\Windows\\Microsoft.NET\\Framework64\\v4.0.30319\\mscorsvw.exe -StartupEvent 4d8 -InterruptEvent 0 -NGENProcess 4e4 -Pipe 4b8 -Comment \""NGen Worker Process\""",,3,67027,A process was created.,,,
2841,Normal,"May 9, 2025 @ 13:42:50.682",15,10.12.25.3,Windows11,Security,4688,4,,,,,,,,,"C:\\Windows\\Microsoft.NET\\Framework64\\v4.0.30319\\mscorsvw.exe -StartupEvent 4dc -InterruptEvent 0 -NGENProcess 4e4 -Pipe 4e0 -Comment \""NGen Worker Process\""",,3,67027,A process was created.,,,
2842,Normal,"May 9, 2025 @ 13:42:50.686",15,10.12.25.3,Windows11,Security,4688,4,,,,,,,,,"C:\\Windows\\Microsoft.NET\\Framework64\\v4.0.30319\\mscorsvw.exe -StartupEvent 4e4 -InterruptEvent 0 -NGENProcess 414 -Pipe 4dc -Comment \""NGen Worker Process\""",,3,67027,A process was created.,,,
2843,Normal,"May 9, 2025 @ 13:42:50.692",15,10.12.25.3,Windows11,Security,4688,4,,,,,,,,,"C:\\Windows\\Microsoft.NET\\Framework64\\v4.0.30319\\mscorsvw.exe -StartupEvent 518 -InterruptEvent 0 -NGENProcess 4f8 -Pipe 514 -Comment \""NGen Worker Process\""",,3,67027,A process was created.,,,
2844,Normal,"May 9, 2025 @ 13:42:50.697",15,10.12.25.3,Windows11,Security,4688,4,,,,,,,,,"C:\\Windows\\Microsoft.NET\\Framework64\\v4.0.30319\\mscorsvw.exe -StartupEvent 4c4 -InterruptEvent 0 -NGENProcess 520 -Pipe 424 -Comment \""NGen Worker Process\""",,3,67027,A process was created.,,,
2845,Normal,"May 9, 2025 @ 13:42:50.702",15,10.12.25.3,Windows11,Security,4688,4,,,,,,,,,"C:\\Windows\\Microsoft.NET\\Framework64\\v4.0.30319\\mscorsvw.exe -StartupEvent 528 -InterruptEvent 0 -NGENProcess 4c4 -Pipe 524 -Comment \""NGen Worker Process\""",,3,67027,A process was created.,,,
2846,Normal,"May 9, 2025 @ 13:42:50.707",15,10.12.25.3,Windows11,Security,4688,4,,,,,,,,,"C:\\Windows\\Microsoft.NET\\Framework64\\v4.0.30319\\mscorsvw.exe -StartupEvent 528 -InterruptEvent 0 -NGENProcess 4b0 -Pipe 520 -Comment \""NGen Worker Process\""",,3,67027,A process was created.,,,
2847,Normal,"May 9, 2025 @ 13:42:50.712",15,10.12.25.3,Windows11,Security,4688,4,,,,,,,,,"C:\\Windows\\Microsoft.NET\\Framework64\\v4.0.30319\\mscorsvw.exe -StartupEvent 52c -InterruptEvent 0 -NGENProcess 4f8 -Pipe 538 -Comment \""NGen Worker Process\""",,3,67027,A process was created.,,,
2848,Normal,"May 9, 2025 @ 13:42:50.717",15,10.12.25.3,Windows11,Security,4688,4,,,,,,,,,"C:\\Windows\\Microsoft.NET\\Framework64\\v4.0.30319\\mscorsvw.exe -StartupEvent 4f8 -InterruptEvent 0 -NGENProcess 530 -Pipe 50c -Comment \""NGen Worker Process\""",,3,67027,A process was created.,,,
2849,Normal,"May 9, 2025 @ 13:42:50.723",15,10.12.25.3,Windows11,Security,4688,4,,,,,,,,,"C:\\Windows\\Microsoft.NET\\Framework64\\v4.0.30319\\mscorsvw.exe -StartupEvent 550 -InterruptEvent 0 -NGENProcess 4fc -Pipe 544 -Comment \""NGen Worker Process\""",,3,67027,A process was created.,,,
2850,Normal,"May 9, 2025 @ 13:42:51.705",15,10.12.25.3,Windows11,Security,4688,4,,,,,,,,,"C:\\Windows\\Microsoft.NET\\Framework64\\v4.0.30319\\mscorsvw.exe -StartupEvent 530 -InterruptEvent 0 -NGENProcess 49c -Pipe 4f8 -Comment \""NGen Worker Process\""",,3,67027,A process was created.,,,
2851,Normal,"May 9, 2025 @ 13:42:51.713",15,10.12.25.3,Windows11,Security,4688,4,,,,,,,,,"C:\\Windows\\Microsoft.NET\\Framework64\\v4.0.30319\\mscorsvw.exe -StartupEvent 530 -InterruptEvent 0 -NGENProcess 560 -Pipe 554 -Comment \""NGen Worker Process\""",,3,67027,A process was created.,,,
2852,Normal,"May 9, 2025 @ 13:42:51.715",15,10.12.25.3,Windows11,Security,4688,4,,,,,,,,,"C:\\Windows\\Microsoft.NET\\Framework64\\v4.0.30319\\mscorsvw.exe -StartupEvent 55c -InterruptEvent 0 -NGENProcess 35c -Pipe 4e8 -Comment \""NGen Worker Process\""",,3,67027,A process was created.,,,
2853,Normal,"May 9, 2025 @ 13:42:51.720",15,10.12.25.3,Windows11,Security,4688,4,,,,,,,,,"C:\\Windows\\Microsoft.NET\\Framework64\\v4.0.30319\\mscorsvw.exe -StartupEvent 35c -InterruptEvent 0 -NGENProcess 49c -Pipe 55c -Comment \""NGen Worker Process\""",,3,67027,A process was created.,,,
2854,Normal,"May 9, 2025 @ 13:43:01.596",15,10.12.25.3,Windows11,Security,4688,4,,,,,,,,,C:\\WINDOWS\\system32\\wbem\\wmiprvse.exe -secured -Embedding,,3,67027,A process was created.,,,
2855,Normal,"May 9, 2025 @ 13:43:04.114",15,10.12.25.3,Windows11,Security,4688,4,,,,,,,,,"C:\\Windows\\Microsoft.NET\\Framework\\v4.0.30319\\mscorsvw.exe -StartupEvent 220 -InterruptEvent 0 -NGENProcess 224 -Pipe 258 -Comment \""NGen Worker Process\""",,3,67027,A process was created.,,,
2856,Normal,"May 9, 2025 @ 13:43:04.119",15,10.12.25.3,Windows11,Security,4688,4,,,,,,,,,"\""C:\\Windows\\Microsoft.NET\\Framework64\\v4.0.30319\\ngen.exe\"" install \""System.Core, Version=4.0.0.0, Culture=neutral, PublicKeyToken=b77a5c561934e089\"" /NoDependencies /noroot /version:v4.0.30319 /LegacyServiceBehavior",,3,67027,A process was created.,,,
2857,Normal,"May 9, 2025 @ 13:43:09.467",15,10.12.25.3,Windows11,Security,4688,4,,,,,,,,,"C:\\Windows\\Microsoft.NET\\Framework\\v4.0.30319\\mscorsvw.exe -StartupEvent 2fc -InterruptEvent 0 -NGENProcess 2e0 -Pipe 318 -Comment \""NGen Worker Process\""",,3,67027,A process was created.,,,
2858,Normal,"May 9, 2025 @ 13:43:13.477",15,10.12.25.3,Windows11,Security,4688,4,,,,,,,,,"C:\\Windows\\Microsoft.NET\\Framework\\v4.0.30319\\mscorsvw.exe -StartupEvent 2fc -InterruptEvent 0 -NGENProcess 2dc -Pipe 300 -Comment \""NGen Worker Process\""",,3,67027,A process was created.,,,
2859,Normal,"May 9, 2025 @ 13:43:13.518",15,10.12.25.3,Windows11,Security,4688,4,,,,,,,,,"C:\\Windows\\Microsoft.NET\\Framework\\v4.0.30319\\mscorsvw.exe -StartupEvent 324 -InterruptEvent 0 -NGENProcess 2e0 -Pipe 2dc -Comment \""NGen Worker Process\""",,3,67027,A process was created.,,,
2860,Normal,"May 9, 2025 @ 13:43:15.812",15,10.12.25.3,Windows11,Security,4688,4,,,,,,,,,"C:\\Windows\\Microsoft.NET\\Framework\\v4.0.30319\\mscorsvw.exe -StartupEvent 320 -InterruptEvent 0 -NGENProcess 334 -Pipe 328 -Comment \""NGen Worker Process\""",,3,67027,A process was created.,,,
2861,Normal,"May 9, 2025 @ 13:43:18.859",15,10.12.25.3,Windows11,Security,4688,4,,,,,,,,,"C:\\Windows\\Microsoft.NET\\Framework\\v4.0.30319\\mscorsvw.exe -StartupEvent 2fc -InterruptEvent 0 -NGENProcess 33c -Pipe 31c -Comment \""NGen Worker Process\""",,3,67027,A process was created.,,,
2862,Normal,"May 9, 2025 @ 13:43:21.245",15,10.12.25.3,Windows11,Microsoft-Windows-Sysmon/Operational,11,3008,,,,,,,NT AUTHORITY\\SYSTEM,,,,6,92217,Executable dropped in Windows root folder,[T1570],[Lateral Movement],[Lateral Tool Transfer]
2863,Normal,"May 9, 2025 @ 13:43:21.344",15,10.12.25.3,Windows11,Security,4688,4,,,,,,,,,"C:\\Windows\\Microsoft.NET\\Framework\\v4.0.30319\\mscorsvw.exe -StartupEvent 310 -InterruptEvent 0 -NGENProcess 224 -Pipe 338 -Comment \""NGen Worker Process\""",,3,67027,A process was created.,,,
2864,Normal,"May 9, 2025 @ 13:43:21.352",15,10.12.25.3,Windows11,Security,4688,4,,,,,,,,,"C:\\Windows\\Microsoft.NET\\Framework\\v4.0.30319\\mscorsvw.exe -StartupEvent 344 -InterruptEvent 0 -NGENProcess 2e8 -Pipe 354 -Comment \""NGen Worker Process\""",,3,67027,A process was created.,,,
2865,Normal,"May 9, 2025 @ 13:43:21.407",15,10.12.25.3,Windows11,Security,4688,4,,,,,,,,,"C:\\Windows\\Microsoft.NET\\Framework\\v4.0.30319\\mscorsvw.exe -StartupEvent 2f4 -InterruptEvent 0 -NGENProcess 2fc -Pipe 2f0 -Comment \""NGen Worker Process\""",,3,67027,A process was created.,,,
2866,Normal,"May 9, 2025 @ 13:43:22.769",15,10.12.25.3,Windows11,Security,4688,4,,,,,,,,,"C:\\Windows\\Microsoft.NET\\Framework\\v4.0.30319\\mscorsvw.exe -StartupEvent 36c -InterruptEvent 0 -NGENProcess 32c -Pipe 378 -Comment \""NGen Worker Process\""",,3,67027,A process was created.,,,
2867,Normal,"May 9, 2025 @ 13:43:24.649",15,10.12.25.3,Windows11,Microsoft-Windows-Sysmon/Operational,11,3008,,,,,,,NT AUTHORITY\\SYSTEM,,,,6,92217,Executable dropped in Windows root folder,[T1570],[Lateral Movement],[Lateral Tool Transfer]
2868,Normal,"May 9, 2025 @ 13:43:24.719",15,10.12.25.3,Windows11,Security,4688,4,,,,,,,,,"C:\\Windows\\Microsoft.NET\\Framework\\v4.0.30319\\mscorsvw.exe -StartupEvent 36c -InterruptEvent 0 -NGENProcess 224 -Pipe 2fc -Comment \""NGen Worker Process\""",,3,67027,A process was created.,,,
2869,Normal,"May 9, 2025 @ 13:43:24.731",15,10.12.25.3,Windows11,Security,4688,4,,,,,,,,,"C:\\Windows\\Microsoft.NET\\Framework\\v4.0.30319\\mscorsvw.exe -StartupEvent 320 -InterruptEvent 0 -NGENProcess 310 -Pipe 2f4 -Comment \""NGen Worker Process\""",,3,67027,A process was created.,,,
2870,Normal,"May 9, 2025 @ 13:43:27.340",15,10.12.25.3,Windows11,Security,4688,4,,,,,,,,,"C:\\Windows\\Microsoft.NET\\Framework\\v4.0.30319\\mscorsvw.exe -StartupEvent 2e8 -InterruptEvent 0 -NGENProcess 3a0 -Pipe 34c -Comment \""NGen Worker Process\""",,3,67027,A process was created.,,,
2871,Normal,"May 9, 2025 @ 13:43:32.633",15,10.12.25.3,Windows11,Microsoft-Windows-Sysmon/Operational,11,3008,,,,,,,NT AUTHORITY\\SYSTEM,,,,6,92217,Executable dropped in Windows root folder,[T1570],[Lateral Movement],[Lateral Tool Transfer]
2872,Normal,"May 9, 2025 @ 13:43:32.874",15,10.12.25.3,Windows11,Security,4688,4,,,,,,,,,"C:\\Windows\\Microsoft.NET\\Framework\\v4.0.30319\\mscorsvw.exe -StartupEvent 2f8 -InterruptEvent 0 -NGENProcess 2e8 -Pipe 38c -Comment \""NGen Worker Process\""",,3,67027,A process was created.,,,
2873,Normal,"May 9, 2025 @ 13:43:32.874",15,10.12.25.3,Windows11,Security,4688,4,,,,,,,,,"C:\\Windows\\Microsoft.NET\\Framework\\v4.0.30319\\mscorsvw.exe -StartupEvent 30c -InterruptEvent 0 -NGENProcess 2f4 -Pipe 340 -Comment \""NGen Worker Process\""",,3,67027,A process was created.,,,
2874,Normal,"May 9, 2025 @ 13:43:34.400",15,10.12.25.3,Windows11,Microsoft-Windows-Sysmon/Operational,11,3008,,,,,,,NT AUTHORITY\\SYSTEM,,,,6,92217,Executable dropped in Windows root folder,[T1570],[Lateral Movement],[Lateral Tool Transfer]
2875,Normal,"May 9, 2025 @ 13:43:34.787",15,10.12.25.3,Windows11,Security,4688,4,,,,,,,,,"C:\\Windows\\Microsoft.NET\\Framework\\v4.0.30319\\mscorsvw.exe -StartupEvent 2f8 -InterruptEvent 0 -NGENProcess 2d8 -Pipe 3a8 -Comment \""NGen Worker Process\""",,3,67027,A process was created.,,,
2876,Normal,"May 9, 2025 @ 13:43:34.802",15,10.12.25.3,Windows11,Security,4688,4,,,,,,,,,"C:\\Windows\\Microsoft.NET\\Framework\\v4.0.30319\\mscorsvw.exe -StartupEvent 394 -InterruptEvent 0 -NGENProcess 224 -Pipe 374 -Comment \""NGen Worker Process\""",,3,67027,A process was created.,,,
2877,Normal,"May 9, 2025 @ 13:43:40.367",15,10.12.25.3,Windows11,Microsoft-Windows-Sysmon/Operational,11,3008,,,,,,,NT AUTHORITY\\SYSTEM,,,,6,92217,Executable dropped in Windows root folder,[T1570],[Lateral Movement],[Lateral Tool Transfer]
2878,Normal,"May 9, 2025 @ 13:43:40.765",15,10.12.25.3,Windows11,Security,4688,4,,,,,,,,,"C:\\Windows\\Microsoft.NET\\Framework\\v4.0.30319\\mscorsvw.exe -StartupEvent 2f4 -InterruptEvent 0 -NGENProcess 390 -Pipe 2e0 -Comment \""NGen Worker Process\""",,3,67027,A process was created.,,,
2879,Normal,"May 9, 2025 @ 13:43:40.765",15,10.12.25.3,Windows11,Security,4688,4,,,,,,,,,"C:\\Windows\\Microsoft.NET\\Framework\\v4.0.30319\\mscorsvw.exe -StartupEvent 288 -InterruptEvent 0 -NGENProcess 398 -Pipe 38c -Comment \""NGen Worker Process\""",,3,67027,A process was created.,,,
2880,Normal,"May 9, 2025 @ 13:43:43.046",15,10.12.25.3,Windows11,Microsoft-Windows-Sysmon/Operational,11,3008,,,,,,,NT AUTHORITY\\SYSTEM,,,,6,92217,Executable dropped in Windows root folder,[T1570],[Lateral Movement],[Lateral Tool Transfer]
2881,Normal,"May 9, 2025 @ 13:43:46.394",15,10.12.25.3,Windows11,Security,4688,4,,,,,,,,,"C:\\Windows\\Microsoft.NET\\Framework\\v4.0.30319\\mscorsvw.exe -StartupEvent 3b8 -InterruptEvent 0 -NGENProcess 3b4 -Pipe 3ac -Comment \""NGen Worker Process\""",,3,67027,A process was created.,,,
2882,Normal,"May 9, 2025 @ 13:43:47.857",15,10.12.25.3,Windows11,Security,4688,4,,,,,,,,,"C:\\Windows\\Microsoft.NET\\Framework\\v4.0.30319\\mscorsvw.exe -StartupEvent 3ac -InterruptEvent 0 -NGENProcess 3d4 -Pipe 3c8 -Comment \""NGen Worker Process\""",,3,67027,A process was created.,,,
2883,Normal,"May 9, 2025 @ 13:43:52.181",15,10.12.25.3,Windows11,Microsoft-Windows-Sysmon/Operational,11,3008,,,,,,,NT AUTHORITY\\SYSTEM,,,,6,92217,Executable dropped in Windows root folder,[T1570],[Lateral Movement],[Lateral Tool Transfer]
2884,Normal,"May 9, 2025 @ 13:43:52.574",15,10.12.25.3,Windows11,System,7040,844,,,,,,,,,,,3,61104,Service startup type was changed,,,
2885,Normal,"May 9, 2025 @ 13:43:52.633",15,10.12.25.3,Windows11,Security,4688,4,,,,,,,,,"C:\\Windows\\Microsoft.NET\\Framework\\v4.0.30319\\mscorsvw.exe -StartupEvent 3a8 -InterruptEvent 0 -NGENProcess 3b8 -Pipe 3dc -Comment \""NGen Worker Process\""",,3,67027,A process was created.,,,
2886,Normal,"May 9, 2025 @ 13:43:52.634",15,10.12.25.3,Windows11,Security,4688,4,,,,,,,,,"C:\\Windows\\Microsoft.NET\\Framework\\v4.0.30319\\mscorsvw.exe -StartupEvent 3f4 -InterruptEvent 0 -NGENProcess 32c -Pipe 3f0 -Comment \""NGen Worker Process\""",,3,67027,A process was created.,,,
2887,Normal,"May 9, 2025 @ 13:43:56.909",15,10.12.25.3,Windows11,Microsoft-Windows-Sysmon/Operational,11,3008,,,,,,,NT AUTHORITY\\SYSTEM,,,,6,92217,Executable dropped in Windows root folder,[T1570],[Lateral Movement],[Lateral Tool Transfer]
2888,Normal,"May 9, 2025 @ 13:43:57.309",15,10.12.25.3,Windows11,Security,4688,4,,,,,,,,,"C:\\Windows\\Microsoft.NET\\Framework\\v4.0.30319\\mscorsvw.exe -StartupEvent 3e8 -InterruptEvent 0 -NGENProcess 33c -Pipe 3e0 -Comment \""NGen Worker Process\""",,3,67027,A process was created.,,,
2889,Normal,"May 9, 2025 @ 13:43:59.058",15,10.12.25.3,Windows11,Security,4688,4,,,,,,,,,"C:\\Windows\\Microsoft.NET\\Framework\\v4.0.30319\\mscorsvw.exe -StartupEvent 3d4 -InterruptEvent 0 -NGENProcess 3e4 -Pipe 3cc -Comment \""NGen Worker Process\""",,3,67027,A process was created.,,,
2890,Normal,"May 9, 2025 @ 13:44:05.198",15,10.12.25.3,Windows11,Microsoft-Windows-Sysmon/Operational,11,3008,,,,,,,NT AUTHORITY\\SYSTEM,,,,6,92217,Executable dropped in Windows root folder,[T1570],[Lateral Movement],[Lateral Tool Transfer]
2891,Normal,"May 9, 2025 @ 13:44:05.627",15,10.12.25.3,Windows11,Security,4688,4,,,,,,,,,"C:\\Windows\\Microsoft.NET\\Framework\\v4.0.30319\\mscorsvw.exe -StartupEvent 3d4 -InterruptEvent 0 -NGENProcess 3f8 -Pipe 33c -Comment \""NGen Worker Process\""",,3,67027,A process was created.,,,
2892,Normal,"May 9, 2025 @ 13:44:07.156",16,10.12.25.5,Windows11EWS,Security,4688,4,,,,,,,,,C:\\WINDOWS\\system32\\sppsvc.exe,,3,67027,A process was created.,,,
2893,Normal,"May 9, 2025 @ 13:44:08.410",15,10.12.25.3,Windows11,Security,4688,4,,,,,,,,,"C:\\Windows\\Microsoft.NET\\Framework\\v4.0.30319\\mscorsvw.exe -StartupEvent 370 -InterruptEvent 0 -NGENProcess 2d8 -Pipe 3fc -Comment \""NGen Worker Process\""",,3,67027,A process was created.,,,
2894,Normal,"May 9, 2025 @ 13:44:08.649",16,10.12.25.5,Windows11EWS,System,20,1240,,,,,,,,,,,5,61102,Windows System error event,,,
2895,Normal,"May 9, 2025 @ 13:44:09.054",16,10.12.25.5,Windows11EWS,Security,4688,4,,,,,,,,,taskhostw.exe,,3,67027,A process was created.,,,
2896,Normal,"May 9, 2025 @ 13:44:10.339",16,10.12.25.5,Windows11EWS,Security,4624,948,,Negotiate,Advapi,,,,,,,,3,60106,Windows Logon Success,[T1078],"[Defense Evasion, Persistence, Privilege Escalation, Initial Access]",[Valid Accounts]
2897,Normal,"May 9, 2025 @ 13:44:10.421",16,10.12.25.5,Windows11EWS,Security,4688,4,,,,,,,,,C:\\WINDOWS\\System32\\svchost.exe -k WerSvcGroup,,3,67027,A process was created.,,,
2898,Normal,"May 9, 2025 @ 13:44:13.583",16,10.12.25.5,Windows11EWS,Security,4688,4,,,,,,,,,"\""C:\\WINDOWS\\system32\\wermgr.exe\"" -upload",,3,67027,A process was created.,,,
2899,Normal,"May 9, 2025 @ 13:44:13.651",16,10.12.25.5,Windows11EWS,Application,1001,8356,,,,,,,,,,,4,60608,Summary event of the report's signatures.,,,
2900,Normal,"May 9, 2025 @ 13:44:20.498",15,10.12.25.3,Windows11,Microsoft-Windows-Sysmon/Operational,11,3008,,,,,,,NT AUTHORITY\\SYSTEM,,,,6,92217,Executable dropped in Windows root folder,[T1570],[Lateral Movement],[Lateral Tool Transfer]
2901,Normal,"May 9, 2025 @ 13:44:20.840",15,10.12.25.3,Windows11,Security,4688,4,,,,,,,,,"C:\\Windows\\Microsoft.NET\\Framework\\v4.0.30319\\mscorsvw.exe -StartupEvent 3e8 -InterruptEvent 0 -NGENProcess 394 -Pipe 3d4 -Comment \""NGen Worker Process\""",,3,67027,A process was created.,,,
2902,Normal,"May 9, 2025 @ 13:44:23.463",15,10.12.25.3,Windows11,Security,4688,4,,,,,,,,,"C:\\Windows\\Microsoft.NET\\Framework\\v4.0.30319\\mscorsvw.exe -StartupEvent 3b0 -InterruptEvent 0 -NGENProcess 3b8 -Pipe 3f4 -Comment \""NGen Worker Process\""",,3,67027,A process was created.,,,
2903,Normal,"May 9, 2025 @ 13:44:25.902",15,10.12.25.3,Windows11,Microsoft-Windows-Sysmon/Operational,11,3008,,,,,,,NT AUTHORITY\\SYSTEM,,,,6,92217,Executable dropped in Windows root folder,[T1570],[Lateral Movement],[Lateral Tool Transfer]
2904,Normal,"May 9, 2025 @ 13:44:26.076",15,10.12.25.3,Windows11,Security,4688,4,,,,,,,,,"C:\\Windows\\Microsoft.NET\\Framework\\v4.0.30319\\mscorsvw.exe -StartupEvent 37c -InterruptEvent 0 -NGENProcess 310 -Pipe 3a8 -Comment \""NGen Worker Process\""",,3,67027,A process was created.,,,
2905,Normal,"May 9, 2025 @ 13:44:26.093",15,10.12.25.3,Windows11,Security,4688,4,,,,,,,,,"C:\\Windows\\Microsoft.NET\\Framework\\v4.0.30319\\mscorsvw.exe -StartupEvent 37c -InterruptEvent 0 -NGENProcess 384 -Pipe 320 -Comment \""NGen Worker Process\""",,3,67027,A process was created.,,,
2906,Normal,"May 9, 2025 @ 13:44:26.097",15,10.12.25.3,Windows11,Security,4688,4,,,,,,,,,"C:\\Windows\\Microsoft.NET\\Framework\\v4.0.30319\\mscorsvw.exe -StartupEvent 3bc -InterruptEvent 0 -NGENProcess 39c -Pipe 388 -Comment \""NGen Worker Process\""",,3,67027,A process was created.,,,
2907,Normal,"May 9, 2025 @ 13:44:27.412",15,10.12.25.3,Windows11,Security,4688,4,,,,,,,,,"C:\\Windows\\Microsoft.NET\\Framework\\v4.0.30319\\mscorsvw.exe -StartupEvent 36c -InterruptEvent 0 -NGENProcess 39c -Pipe 3c0 -Comment \""NGen Worker Process\""",,3,67027,A process was created.,,,
2908,Normal,"May 9, 2025 @ 13:44:27.413",15,10.12.25.3,Windows11,Security,4688,4,,,,,,,,,"C:\\Windows\\Microsoft.NET\\Framework\\v4.0.30319\\mscorsvw.exe -StartupEvent 384 -InterruptEvent 0 -NGENProcess 2ec -Pipe 39c -Comment \""NGen Worker Process\""",,3,67027,A process was created.,,,
2909,Normal,"May 9, 2025 @ 13:44:27.440",15,10.12.25.3,Windows11,Security,4688,4,,,,,,,,,"C:\\Windows\\Microsoft.NET\\Framework\\v4.0.30319\\mscorsvw.exe -StartupEvent 384 -InterruptEvent 0 -NGENProcess 3bc -Pipe 36c -Comment \""NGen Worker Process\""",,3,67027,A process was created.,,,
2910,Normal,"May 9, 2025 @ 13:44:29.376",15,10.12.25.3,Windows11,Security,4688,4,,,,,,,,,"C:\\Windows\\Microsoft.NET\\Framework\\v4.0.30319\\mscorsvw.exe -StartupEvent 3c4 -InterruptEvent 0 -NGENProcess 320 -Pipe 3d0 -Comment \""NGen Worker Process\""",,3,67027,A process was created.,,,
2911,Normal,"May 9, 2025 @ 13:44:30.345",15,10.12.25.3,Windows11,Microsoft-Windows-Sysmon/Operational,11,3008,,,,,,,NT AUTHORITY\\SYSTEM,,,,6,92217,Executable dropped in Windows root folder,[T1570],[Lateral Movement],[Lateral Tool Transfer]
2912,Normal,"May 9, 2025 @ 13:44:30.524",15,10.12.25.3,Windows11,Security,4688,4,,,,,,,,,"C:\\Windows\\Microsoft.NET\\Framework\\v4.0.30319\\mscorsvw.exe -StartupEvent 2f8 -InterruptEvent 0 -NGENProcess 310 -Pipe 38c -Comment \""NGen Worker Process\""",,3,67027,A process was created.,,,
2913,Normal,"May 9, 2025 @ 13:44:30.525",15,10.12.25.3,Windows11,Security,4688,4,,,,,,,,,"C:\\Windows\\Microsoft.NET\\Framework\\v4.0.30319\\mscorsvw.exe -StartupEvent 380 -InterruptEvent 0 -NGENProcess 2e8 -Pipe 3e4 -Comment \""NGen Worker Process\""",,3,67027,A process was created.,,,
2914,Normal,"May 9, 2025 @ 13:44:31.506",16,10.12.25.5,Windows11EWS,Application,1001,9356,,,,,,,,,,,4,60608,Summary event of the report's signatures.,,,
2915,Normal,"May 9, 2025 @ 13:44:31.618",15,10.12.25.3,Windows11,Microsoft-Windows-Sysmon/Operational,11,3008,,,,,,,NT AUTHORITY\\SYSTEM,,,,6,92217,Executable dropped in Windows root folder,[T1570],[Lateral Movement],[Lateral Tool Transfer]
2916,Normal,"May 9, 2025 @ 13:44:31.710",15,10.12.25.3,Windows11,Security,4688,4,,,,,,,,,"C:\\Windows\\Microsoft.NET\\Framework\\v4.0.30319\\mscorsvw.exe -StartupEvent 320 -InterruptEvent 0 -NGENProcess 358 -Pipe 3bc -Comment \""NGen Worker Process\""",,3,67027,A process was created.,,,
2917,Normal,"May 9, 2025 @ 13:44:31.939",15,10.12.25.3,Windows11,Security,4688,4,,,,,,,,,"C:\\Windows\\Microsoft.NET\\Framework\\v4.0.30319\\mscorsvw.exe -StartupEvent 368 -InterruptEvent 0 -NGENProcess 3c4 -Pipe 3b8 -Comment \""NGen Worker Process\""",,3,67027,A process was created.,,,
2918,Normal,"May 9, 2025 @ 13:44:32.713",15,10.12.25.3,Windows11,Microsoft-Windows-Sysmon/Operational,11,3008,,,,,,,NT AUTHORITY\\SYSTEM,,,,6,92217,Executable dropped in Windows root folder,[T1570],[Lateral Movement],[Lateral Tool Transfer]
2919,Normal,"May 9, 2025 @ 13:44:32.714",15,10.12.25.3,Windows11,Microsoft-Windows-Sysmon/Operational,11,3008,,,,,,,NT AUTHORITY\\SYSTEM,,,,6,92217,Executable dropped in Windows root folder,[T1570],[Lateral Movement],[Lateral Tool Transfer]
2920,Normal,"May 9, 2025 @ 13:44:32.861",15,10.12.25.3,Windows11,Security,4688,4,,,,,,,,,"C:\\Windows\\Microsoft.NET\\Framework\\v4.0.30319\\mscorsvw.exe -StartupEvent 304 -InterruptEvent 0 -NGENProcess 3ec -Pipe 224 -Comment \""NGen Worker Process\""",,3,67027,A process was created.,,,
2921,Normal,"May 9, 2025 @ 13:44:32.886",15,10.12.25.3,Windows11,Security,4688,4,,,,,,,,,"C:\\Windows\\Microsoft.NET\\Framework\\v4.0.30319\\mscorsvw.exe -StartupEvent 3b0 -InterruptEvent 0 -NGENProcess 2f8 -Pipe 3a4 -Comment \""NGen Worker Process\""",,3,67027,A process was created.,,,
2922,Normal,"May 9, 2025 @ 13:44:32.886",15,10.12.25.3,Windows11,Security,4688,4,,,,,,,,,"C:\\Windows\\Microsoft.NET\\Framework\\v4.0.30319\\mscorsvw.exe -StartupEvent 3b0 -InterruptEvent 0 -NGENProcess 310 -Pipe 3f8 -Comment \""NGen Worker Process\""",,3,67027,A process was created.,,,
2923,Normal,"May 9, 2025 @ 13:44:34.486",15,10.12.25.3,Windows11,Security,4688,4,,,,,,,,,"C:\\Windows\\Microsoft.NET\\Framework\\v4.0.30319\\mscorsvw.exe -StartupEvent 3ac -InterruptEvent 0 -NGENProcess 2f8 -Pipe 304 -Comment \""NGen Worker Process\""",,3,67027,A process was created.,,,
2924,Normal,"May 9, 2025 @ 13:44:34.770",15,10.12.25.3,Windows11,Microsoft-Windows-Sysmon/Operational,11,3008,,,,,,,NT AUTHORITY\\SYSTEM,,,,6,92217,Executable dropped in Windows root folder,[T1570],[Lateral Movement],[Lateral Tool Transfer]
2925,Normal,"May 9, 2025 @ 13:44:37.399",15,10.12.25.3,Windows11,Security,4688,4,,,,,,,,,"C:\\Windows\\Microsoft.NET\\Framework\\v4.0.30319\\mscorsvw.exe -StartupEvent 384 -InterruptEvent 0 -NGENProcess 380 -Pipe 358 -Comment \""NGen Worker Process\""",,3,67027,A process was created.,,,
2926,Normal,"May 9, 2025 @ 13:44:37.406",15,10.12.25.3,Windows11,Security,4688,4,,,,,,,,,"C:\\Windows\\Microsoft.NET\\Framework\\v4.0.30319\\mscorsvw.exe -StartupEvent 3cc -InterruptEvent 0 -NGENProcess 390 -Pipe 320 -Comment \""NGen Worker Process\""",,3,67027,A process was created.,,,
2927,Normal,"May 9, 2025 @ 13:44:37.412",15,10.12.25.3,Windows11,Security,4688,4,,,,,,,,,"C:\\Windows\\Microsoft.NET\\Framework\\v4.0.30319\\mscorsvw.exe -StartupEvent 3e8 -InterruptEvent 0 -NGENProcess 3dc -Pipe 32c -Comment \""NGen Worker Process\""",,3,67027,A process was created.,,,
2928,Normal,"May 9, 2025 @ 13:44:38.555",15,10.12.25.3,Windows11,Microsoft-Windows-Sysmon/Operational,11,3008,,,,,,,NT AUTHORITY\\SYSTEM,,,,6,92217,Executable dropped in Windows root folder,[T1570],[Lateral Movement],[Lateral Tool Transfer]
2929,Normal,"May 9, 2025 @ 13:44:38.641",15,10.12.25.3,Windows11,Security,4688,4,,,,,,,,,"C:\\Windows\\Microsoft.NET\\Framework\\v4.0.30319\\mscorsvw.exe -StartupEvent 3b0 -InterruptEvent 0 -NGENProcess 394 -Pipe 2d8 -Comment \""NGen Worker Process\""",,3,67027,A process was created.,,,
2930,Normal,"May 9, 2025 @ 13:44:38.656",15,10.12.25.3,Windows11,Security,4688,4,,,,,,,,,"C:\\Windows\\Microsoft.NET\\Framework\\v4.0.30319\\mscorsvw.exe -StartupEvent 3cc -InterruptEvent 0 -NGENProcess 368 -Pipe 37c -Comment \""NGen Worker Process\""",,3,67027,A process was created.,,,
2931,Normal,"May 9, 2025 @ 13:44:38.760",16,10.12.25.5,Windows11EWS,Application,16384,9268,,,,,,,,,,,3,60642,Software protection service scheduled successfully.,,,
2932,Normal,"May 9, 2025 @ 13:44:39.632",15,10.12.25.3,Windows11,Microsoft-Windows-Sysmon/Operational,11,3008,,,,,,,NT AUTHORITY\\SYSTEM,,,,6,92217,Executable dropped in Windows root folder,[T1570],[Lateral Movement],[Lateral Tool Transfer]
2933,Normal,"May 9, 2025 @ 13:44:39.744",15,10.12.25.3,Windows11,Security,4688,4,,,,,,,,,"C:\\Windows\\Microsoft.NET\\Framework\\v4.0.30319\\mscorsvw.exe -StartupEvent 3ec -InterruptEvent 0 -NGENProcess 384 -Pipe 394 -Comment \""NGen Worker Process\""",,3,67027,A process was created.,,,
2934,Normal,"May 9, 2025 @ 13:44:39.754",15,10.12.25.3,Windows11,Security,4688,4,,,,,,,,,"C:\\Windows\\Microsoft.NET\\Framework\\v4.0.30319\\mscorsvw.exe -StartupEvent 384 -InterruptEvent 0 -NGENProcess 310 -Pipe 370 -Comment \""NGen Worker Process\""",,3,67027,A process was created.,,,
2935,Normal,"May 9, 2025 @ 13:44:40.805",15,10.12.25.3,Windows11,Microsoft-Windows-Sysmon/Operational,11,3008,,,,,,,NT AUTHORITY\\SYSTEM,,,,6,92217,Executable dropped in Windows root folder,[T1570],[Lateral Movement],[Lateral Tool Transfer]
2936,Normal,"May 9, 2025 @ 13:44:40.970",15,10.12.25.3,Windows11,Security,4688,4,,,,,,,,,"C:\\Windows\\Microsoft.NET\\Framework\\v4.0.30319\\mscorsvw.exe -StartupEvent 368 -InterruptEvent 0 -NGENProcess 310 -Pipe 2e8 -Comment \""NGen Worker Process\""",,3,67027,A process was created.,,,
2937,Normal,"May 9, 2025 @ 13:44:40.980",15,10.12.25.3,Windows11,Security,4688,4,,,,,,,,,"C:\\Windows\\Microsoft.NET\\Framework\\v4.0.30319\\mscorsvw.exe -StartupEvent 2ec -InterruptEvent 0 -NGENProcess 3ac -Pipe 310 -Comment \""NGen Worker Process\""",,3,67027,A process was created.,,,
2938,Normal,"May 9, 2025 @ 13:44:42.633",15,10.12.25.3,Windows11,Microsoft-Windows-Sysmon/Operational,11,3008,,,,,,,NT AUTHORITY\\SYSTEM,,,,6,92217,Executable dropped in Windows root folder,[T1570],[Lateral Movement],[Lateral Tool Transfer]
2939,Normal,"May 9, 2025 @ 13:44:42.897",15,10.12.25.3,Windows11,Security,4688,4,,,,,,,,,"C:\\Windows\\Microsoft.NET\\Framework\\v4.0.30319\\mscorsvw.exe -StartupEvent 368 -InterruptEvent 0 -NGENProcess 3ac -Pipe 2f8 -Comment \""NGen Worker Process\""",,3,67027,A process was created.,,,
2940,Normal,"May 9, 2025 @ 13:44:42.906",15,10.12.25.3,Windows11,Security,4688,4,,,,,,,,,"C:\\Windows\\Microsoft.NET\\Framework\\v4.0.30319\\mscorsvw.exe -StartupEvent 380 -InterruptEvent 0 -NGENProcess 3c4 -Pipe 3e8 -Comment \""NGen Worker Process\""",,3,67027,A process was created.,,,
2941,Normal,"May 9, 2025 @ 13:44:42.920",15,10.12.25.3,Windows11,Security,4688,4,,,,,,,,,"C:\\Windows\\Microsoft.NET\\Framework\\v4.0.30319\\mscorsvw.exe -StartupEvent 3c4 -InterruptEvent 0 -NGENProcess 390 -Pipe 380 -Comment \""NGen Worker Process\""",,3,67027,A process was created.,,,
2942,Normal,"May 9, 2025 @ 13:44:44.029",15,10.12.25.3,Windows11,Security,4688,4,,,,,,,,,"C:\\Windows\\Microsoft.NET\\Framework\\v4.0.30319\\mscorsvw.exe -StartupEvent 3ac -InterruptEvent 0 -NGENProcess 384 -Pipe 3cc -Comment \""NGen Worker Process\""",,3,67027,A process was created.,,,
2943,Normal,"May 9, 2025 @ 13:44:44.053",15,10.12.25.3,Windows11,Security,4688,4,,,,,,,,,"C:\\Windows\\Microsoft.NET\\Framework\\v4.0.30319\\mscorsvw.exe -StartupEvent 3ac -InterruptEvent 0 -NGENProcess 3dc -Pipe 390 -Comment \""NGen Worker Process\""",,3,67027,A process was created.,,,
2944,Normal,"May 9, 2025 @ 13:44:45.877",15,10.12.25.3,Windows11,Security,4688,4,,,,,,,,,"C:\\Windows\\Microsoft.NET\\Framework\\v4.0.30319\\mscorsvw.exe -StartupEvent 40c -InterruptEvent 0 -NGENProcess 3b0 -Pipe 2ec -Comment \""NGen Worker Process\""",,3,67027,A process was created.,,,
2945,Normal,"May 9, 2025 @ 13:44:46.902",15,10.12.25.3,Windows11,Security,4688,4,,,,,,,,,"C:\\Windows\\Microsoft.NET\\Framework\\v4.0.30319\\mscorsvw.exe -StartupEvent 418 -InterruptEvent 0 -NGENProcess 3b0 -Pipe 424 -Comment \""NGen Worker Process\""",,3,67027,A process was created.,,,
2946,Normal,"May 9, 2025 @ 13:44:49.462",15,10.12.25.3,Windows11,Security,4688,4,,,,,,,,,"C:\\Windows\\Microsoft.NET\\Framework\\v4.0.30319\\mscorsvw.exe -StartupEvent 438 -InterruptEvent 0 -NGENProcess 444 -Pipe 430 -Comment \""NGen Worker Process\""",,3,67027,A process was created.,,,
2947,Normal,"May 9, 2025 @ 13:44:49.470",15,10.12.25.3,Windows11,Security,4688,4,,,,,,,,,"C:\\Windows\\Microsoft.NET\\Framework\\v4.0.30319\\mscorsvw.exe -StartupEvent 440 -InterruptEvent 0 -NGENProcess 3dc -Pipe 434 -Comment \""NGen Worker Process\""",,3,67027,A process was created.,,,
2948,Normal,"May 9, 2025 @ 13:44:49.477",15,10.12.25.3,Windows11,Security,4688,4,,,,,,,,,"C:\\Windows\\Microsoft.NET\\Framework\\v4.0.30319\\mscorsvw.exe -StartupEvent 41c -InterruptEvent 0 -NGENProcess 384 -Pipe 3dc -Comment \""NGen Worker Process\""",,3,67027,A process was created.,,,
2949,Normal,"May 9, 2025 @ 13:44:49.490",15,10.12.25.3,Windows11,Security,4688,4,,,,,,,,,"C:\\Windows\\Microsoft.NET\\Framework\\v4.0.30319\\mscorsvw.exe -StartupEvent 438 -InterruptEvent 0 -NGENProcess 3b0 -Pipe 428 -Comment \""NGen Worker Process\""",,3,67027,A process was created.,,,
2950,Normal,"May 9, 2025 @ 13:44:50.551",15,10.12.25.3,Windows11,Security,4688,4,,,,,,,,,"C:\\Windows\\Microsoft.NET\\Framework\\v4.0.30319\\mscorsvw.exe -StartupEvent 43c -InterruptEvent 0 -NGENProcess 384 -Pipe 404 -Comment \""NGen Worker Process\""",,3,67027,A process was created.,,,
2951,Normal,"May 9, 2025 @ 13:44:50.562",15,10.12.25.3,Windows11,Security,4688,4,,,,,,,,,"C:\\Windows\\Microsoft.NET\\Framework\\v4.0.30319\\mscorsvw.exe -StartupEvent 3ac -InterruptEvent 0 -NGENProcess 3e8 -Pipe 420 -Comment \""NGen Worker Process\""",,3,67027,A process was created.,,,
2952,Normal,"May 9, 2025 @ 13:44:50.615",15,10.12.25.3,Windows11,Security,4688,4,,,,,,,,,"C:\\Windows\\Microsoft.NET\\Framework\\v4.0.30319\\mscorsvw.exe -StartupEvent 454 -InterruptEvent 0 -NGENProcess 414 -Pipe 440 -Comment \""NGen Worker Process\""",,3,67027,A process was created.,,,
2953,Normal,"May 9, 2025 @ 13:44:50.617",15,10.12.25.3,Windows11,Security,4688,4,,,,,,,,,"C:\\Windows\\Microsoft.NET\\Framework\\v4.0.30319\\mscorsvw.exe -StartupEvent 44c -InterruptEvent 0 -NGENProcess 464 -Pipe 454 -Comment \""NGen Worker Process\""",,3,67027,A process was created.,,,
2954,Normal,"May 9, 2025 @ 13:44:50.617",15,10.12.25.3,Windows11,Security,4688,4,,,,,,,,,"C:\\Windows\\Microsoft.NET\\Framework\\v4.0.30319\\mscorsvw.exe -StartupEvent 448 -InterruptEvent 0 -NGENProcess 46c -Pipe 444 -Comment \""NGen Worker Process\""",,3,67027,A process was created.,,,
2955,Normal,"May 9, 2025 @ 13:44:50.618",15,10.12.25.3,Windows11,Security,4688,4,,,,,,,,,"C:\\Windows\\Microsoft.NET\\Framework\\v4.0.30319\\mscorsvw.exe -StartupEvent 450 -InterruptEvent 0 -NGENProcess 47c -Pipe 45c -Comment \""NGen Worker Process\""",,3,67027,A process was created.,,,
2956,Normal,"May 9, 2025 @ 13:44:51.781",15,10.12.25.3,Windows11,Security,4688,4,,,,,,,,,"C:\\Windows\\Microsoft.NET\\Framework\\v4.0.30319\\mscorsvw.exe -StartupEvent 450 -InterruptEvent 0 -NGENProcess 368 -Pipe 40c -Comment \""NGen Worker Process\""",,3,67027,A process was created.,,,
2957,Normal,"May 9, 2025 @ 13:44:51.781",15,10.12.25.3,Windows11,Security,4688,4,,,,,,,,,"C:\\Windows\\Microsoft.NET\\Framework\\v4.0.30319\\mscorsvw.exe -StartupEvent 3ac -InterruptEvent 0 -NGENProcess 410 -Pipe 448 -Comment \""NGen Worker Process\""",,3,67027,A process was created.,,,
2958,Normal,"May 9, 2025 @ 13:44:51.782",15,10.12.25.3,Windows11,Security,4688,4,,,,,,,,,"C:\\Windows\\Microsoft.NET\\Framework\\v4.0.30319\\mscorsvw.exe -StartupEvent 408 -InterruptEvent 0 -NGENProcess 414 -Pipe 368 -Comment \""NGen Worker Process\""",,3,67027,A process was created.,,,
2959,Normal,"May 9, 2025 @ 13:44:51.791",15,10.12.25.3,Windows11,Security,4688,4,,,,,,,,,"C:\\Windows\\Microsoft.NET\\Framework\\v4.0.30319\\mscorsvw.exe -StartupEvent 480 -InterruptEvent 0 -NGENProcess 410 -Pipe 48c -Comment \""NGen Worker Process\""",,3,67027,A process was created.,,,
2960,Normal,"May 9, 2025 @ 13:44:53.010",15,10.12.25.3,Windows11,Security,4688,4,,,,,,,,,"C:\\Windows\\Microsoft.NET\\Framework\\v4.0.30319\\mscorsvw.exe -StartupEvent 410 -InterruptEvent 0 -NGENProcess 3c4 -Pipe 480 -Comment \""NGen Worker Process\""",,3,67027,A process was created.,,,
2961,Normal,"May 9, 2025 @ 13:44:53.344",15,10.12.25.3,Windows11,Security,4688,4,,,,,,,,,"C:\\Windows\\Microsoft.NET\\Framework\\v4.0.30319\\mscorsvw.exe -StartupEvent 44c -InterruptEvent 0 -NGENProcess 3c4 -Pipe 414 -Comment \""NGen Worker Process\""",,3,67027,A process was created.,,,
2962,Normal,"May 9, 2025 @ 13:44:53.382",15,10.12.25.3,Windows11,Security,4688,4,,,,,,,,,"C:\\Windows\\Microsoft.NET\\Framework\\v4.0.30319\\mscorsvw.exe -StartupEvent 43c -InterruptEvent 0 -NGENProcess 3b0 -Pipe 438 -Comment \""NGen Worker Process\""",,3,67027,A process was created.,,,
2963,Normal,"May 9, 2025 @ 13:44:53.382",15,10.12.25.3,Windows11,Security,4688,4,,,,,,,,,"C:\\Windows\\Microsoft.NET\\Framework\\v4.0.30319\\mscorsvw.exe -StartupEvent 49c -InterruptEvent 0 -NGENProcess 3e8 -Pipe 450 -Comment \""NGen Worker Process\""",,3,67027,A process was created.,,,
2964,Normal,"May 9, 2025 @ 13:44:54.341",15,10.12.25.3,Windows11,Security,4688,4,,,,,,,,,"C:\\Windows\\Microsoft.NET\\Framework\\v4.0.30319\\mscorsvw.exe -StartupEvent 498 -InterruptEvent 0 -NGENProcess 42c -Pipe 47c -Comment \""NGen Worker Process\""",,3,67027,A process was created.,,,
2965,Normal,"May 9, 2025 @ 13:44:54.355",15,10.12.25.3,Windows11,Security,4688,4,,,,,,,,,"C:\\Windows\\Microsoft.NET\\Framework\\v4.0.30319\\mscorsvw.exe -StartupEvent 460 -InterruptEvent 0 -NGENProcess 4a8 -Pipe 494 -Comment \""NGen Worker Process\""",,3,67027,A process was created.,,,
2966,Normal,"May 9, 2025 @ 13:44:55.775",15,10.12.25.3,Windows11,Security,4688,4,,,,,,,,,"C:\\Windows\\Microsoft.NET\\Framework64\\v4.0.30319\\mscorsvw.exe -StartupEvent 1f4 -InterruptEvent 0 -NGENProcess 1e4 -Pipe 1f0 -Comment \""NGen Worker Process\""",,3,67027,A process was created.,,,
2967,Normal,"May 9, 2025 @ 13:45:02.139",15,10.12.25.3,Windows11,Security,4688,4,,,,,,,,,"\""C:\\Windows\\Microsoft.NET\\Framework64\\v4.0.30319\\NGenTask.exe\"" /StopEvent:1340",,3,67027,A process was created.,,,
2968,Normal,"May 9, 2025 @ 13:45:02.140",15,10.12.25.3,Windows11,Security,4688,4,,,,,,,,,\\??\\C:\\WINDOWS\\system32\\conhost.exe 0xffffffff -ForceV1,,3,67027,A process was created.,,,
2969,Normal,"May 9, 2025 @ 13:45:10.635",15,10.12.25.3,Windows11,Security,4688,4,,,,,,,,,"\""C:\\Windows\\Microsoft.NET\\Framework\\v4.0.30319\\ngen.exe\"" install \""System.Core, Version=4.0.0.0, Culture=neutral, PublicKeyToken=b77a5c561934e089\"" /NoDependencies /noroot /version:v4.0.30319 /LegacyServiceBehavior",,3,67027,A process was created.,,,
2970,Normal,"May 9, 2025 @ 13:45:12.217",15,10.12.25.3,Windows11,Security,4688,4,,,,,,,,,"C:\\Windows\\Microsoft.NET\\Framework\\v4.0.30319\\mscorsvw.exe -StartupEvent 248 -InterruptEvent 0 -NGENProcess 234 -Pipe 244 -Comment \""NGen Worker Process\""",,3,67027,A process was created.,,,
2971,Normal,"May 9, 2025 @ 13:45:14.771",15,10.12.25.3,Windows11,Security,4688,4,,,,,,,,,"\""C:\\Windows\\Microsoft.NET\\Framework\\v4.0.30319\\NGenTask.exe\"" /StopEvent:1428",,3,67027,A process was created.,,,
2972,Normal,"May 9, 2025 @ 13:45:14.790",15,10.12.25.3,Windows11,Security,4688,4,,,,,,,,,\\??\\C:\\WINDOWS\\system32\\conhost.exe 0xffffffff -ForceV1,,3,67027,A process was created.,,,
2973,Normal,"May 9, 2025 @ 13:47:20.039",16,10.12.25.5,Windows11EWS,Security,4673,4,,,,,,,,,,,4,60107,Failed attempt to perform a privileged operation,[T1078],"[Defense Evasion, Persistence, Privilege Escalation, Initial Access]",[Valid Accounts]
2974,Normal,"May 9, 2025 @ 13:47:20.235",16,10.12.25.5,Windows11EWS,Security,4688,4,,,,,,,,,"\""C:\\WINDOWS\\system32\\BackgroundTaskHost.exe\"" -ServerName:BackgroundTaskHost.WebAccountProvider",,3,67027,A process was created.,,,
2975,Normal,"May 9, 2025 @ 13:47:20.680",16,10.12.25.5,Windows11EWS,Security,4688,4,,,,,,,,,C:\\Windows\\System32\\RuntimeBroker.exe -Embedding,,3,67027,A process was created.,,,
2976,Normal,"May 9, 2025 @ 13:47:21.345",16,10.12.25.5,Windows11EWS,Security,4688,4,,,,,,,,,C:\\WINDOWS\\system32\\sppsvc.exe,,3,67027,A process was created.,,,
2977,Normal,"May 9, 2025 @ 13:47:28.867",15,10.12.25.3,Windows11,System,7040,844,,,,,,,,,,,3,61104,Service startup type was changed,,,
2978,Normal,"May 9, 2025 @ 13:47:51.158",16,10.12.25.5,Windows11EWS,Application,16384,10144,,,,,,,,,,,3,60642,Software protection service scheduled successfully.,,,
2979,Normal,"May 9, 2025 @ 13:48:20.608",15,10.12.25.3,Windows11,Security,4688,4,,,,,,,,,C:\\WINDOWS\\system32\\wbem\\wmiprvse.exe -secured -Embedding,,3,67027,A process was created.,,,
2980,Normal,"May 9, 2025 @ 13:48:20.608",15,10.12.25.3,Windows11,Security,4688,4,,,,,,,,,C:\\WINDOWS\\system32\\wbem\\wmiprvse.exe -secured -Embedding,,3,67027,A process was created.,,,
