1769,Normal,"May 9, 2025 @ 13:22:12.329",15,10.12.25.3,Windows11,Microsoft-Windows-Windows Defender/Operational,5007,3120,,,,,,,,,,,5,62154,Windows Defender: Antimalware platform feature configuration changed,,,
1770,Normal,"May 9, 2025 @ 13:22:13.281",15,10.12.25.3,Windows11,Security,4624,864,,Negotiate,Advapi,,,,,,,,3,60106,Windows Logon Success,[T1078],"[Defense Evasion, Persistence, Privilege Escalation, Initial Access]",[Valid Accounts]
1771,Normal,"May 9, 2025 @ 13:22:13.295",15,10.12.25.3,Windows11,Security,4688,4,,,,,,,,,C:\\WINDOWS\\System32\\svchost.exe -k netsvcs -p,,3,67027,A process was created.,,,
1772,Normal,"May 9, 2025 @ 13:22:15.074",15,10.12.25.3,Windows11,Security,4688,4,,,,,,,,,"\""C:\\Program Files (x86)\\ossec-agent\\win32ui.exe\""",,3,67027,A process was created.,,,
1773,Normal,"May 9, 2025 @ 13:22:15.076",15,10.12.25.3,Windows11,Security,4688,4,,,,,,,,,consent.exe 1164 538 0000023E41FFE710,,3,67027,A process was created.,,,
1774,Normal,"May 9, 2025 @ 13:22:15.562",15,10.12.25.3,Windows11,Security,4688,4,,,,,,,,,/QuitInfo:0000000000000ACC;00000000000005C8;,,3,67027,A process was created.,,,
1775,Normal,"May 9, 2025 @ 13:22:17.870",15,10.12.25.3,Windows11,Security,4688,4,,,,,,,,,"\""C:\\Program Files (x86)\\ossec-agent\\win32ui.exe\""",,3,67027,A process was created.,,,
1776,Normal,"May 9, 2025 @ 13:22:19.817",15,10.12.25.3,Windows11,Security,4688,4,,,,,,,,,C:\\Windows\\System32\\RuntimeBroker.exe -Embedding,,3,67027,A process was created.,,,
1777,Normal,"May 9, 2025 @ 13:22:35.053",15,10.12.25.3,Windows11,Security,4688,4,,,,,,,,,\\\\?\\C:\\Windows\\System32\\SecurityHealth\\10.0.27777.1008-0\\SecurityHealthHost.exe {08728914-3F57-4D52-9E31-49DAECA5A80A} -Embedding,,3,67027,A process was created.,,,
1778,Normal,"May 9, 2025 @ 13:22:36.998",15,10.12.25.3,Windows11,Security,4688,4,,,,,,,,,"\""C:\\Program Files (x86)\\Microsoft\\Edge\\Application\\msedge.exe\"" --type=utility --utility-sub-type=chrome.mojom.UtilWin --lang=en-GB --service-sandbox-type=none --message-loop-type-ui --no-pre-read-main-dll --always-read-main-dll --field-trial-handle=2340,i,6060090785297826930,4527760222078284358,262144 --variations-seed-version --mojo-platform-channel-handle=5180 /prefetch:14",,3,67027,A process was created.,,,
1779,Normal,"May 9, 2025 @ 13:22:37.008",15,10.12.25.3,Windows11,Security,4688,4,,,,,,,,,"\""C:\\Program Files (x86)\\Microsoft\\Edge\\Application\\msedge.exe\"" --type=utility --utility-sub-type=chrome.mojom.UtilWin --lang=en-GB --service-sandbox-type=none --message-loop-type-ui --no-pre-read-main-dll --always-read-main-dll --field-trial-handle=2340,i,6060090785297826930,4527760222078284358,262144 --variations-seed-version --mojo-platform-channel-handle=1520 /prefetch:14",,3,67027,A process was created.,,,
1780,Normal,"May 9, 2025 @ 13:22:37.009",15,10.12.25.3,Windows11,Security,4688,4,,,,,,,,,"\""C:\\Program Files (x86)\\Microsoft\\Edge\\Application\\msedge.exe\"" --type=utility --utility-sub-type=chrome.mojom.UtilWin --lang=en-GB --service-sandbox-type=none --message-loop-type-ui --no-pre-read-main-dll --always-read-main-dll --field-trial-handle=2340,i,6060090785297826930,4527760222078284358,262144 --variations-seed-version --mojo-platform-channel-handle=5172 /prefetch:14",,3,67027,A process was created.,,,
1781,Normal,"May 9, 2025 @ 13:22:40.857",15,10.12.25.3,Windows11,Security,4688,4,,,,,,,,,taskhostw.exe $(Arg0),,3,67027,A process was created.,,,
1782,Normal,"May 9, 2025 @ 13:22:49.551",0,,wazuhVM,,,,,,,,,,,,,,7,533,Listened ports status (netstat) changed (new port opened or closed).,,,
1783,Normal,"May 9, 2025 @ 13:23:00.259",15,10.12.25.3,Windows11,Security,4688,4,,,,,,,,,"\""C:\\Program Files (x86)\\Microsoft\\EdgeUpdate\\MicrosoftEdgeUpdate.exe\"" /svc",,3,67027,A process was created.,,,
1784,Normal,"May 9, 2025 @ 13:23:00.274",15,10.12.25.3,Windows11,Security,4688,4,,,,,,,,,"\""C:\\Program Files (x86)\\Microsoft\\EdgeUpdate\\MicrosoftEdgeUpdate.exe\"" /c",,3,67027,A process was created.,,,
1785,Normal,"May 9, 2025 @ 13:23:00.281",15,10.12.25.3,Windows11,Security,4624,864,,Negotiate,Advapi,,,,,,,,3,60106,Windows Logon Success,[T1078],"[Defense Evasion, Persistence, Privilege Escalation, Initial Access]",[Valid Accounts]
1786,Normal,"May 9, 2025 @ 13:23:00.330",15,10.12.25.3,Windows11,Security,4688,4,,,,,,,,,C:\\WINDOWS\\system32\\svchost.exe -k InvSvcGroup -p,,3,67027,A process was created.,,,
1787,Normal,"May 9, 2025 @ 13:23:00.330",15,10.12.25.3,Windows11,Security,4688,4,,,,,,,,,C:\\WINDOWS\\System32\\svchost.exe -k NetworkService -p,,3,67027,A process was created.,,,
1788,Normal,"May 9, 2025 @ 13:23:00.382",15,10.12.25.3,Windows11,Security,4688,4,,,,,,,,,C:\\WINDOWS\\system32\\sppsvc.exe,,3,67027,A process was created.,,,
1789,Normal,"May 9, 2025 @ 13:23:01.854",15,10.12.25.3,Windows11,Security,4624,864,,Negotiate,Advapi,,,,,,,,3,60106,Windows Logon Success,[T1078],"[Defense Evasion, Persistence, Privilege Escalation, Initial Access]",[Valid Accounts]
1790,Normal,"May 9, 2025 @ 13:23:01.881",15,10.12.25.3,Windows11,Security,4688,4,,,,,,,,,C:\\WINDOWS\\system32\\svchost.exe -k wusvcs -p,,3,67027,A process was created.,,,
1791,Normal,"May 9, 2025 @ 13:23:01.925",15,10.12.25.3,Windows11,Security,4688,4,,,,,,,,,"\""C:\\WINDOWS\\uus\\packages\\preview\\AMD64\\MoUsoCoreWorker.exe\"" useprivatenamespaces",,3,67027,A process was created.,,,
1792,Normal,"May 9, 2025 @ 13:23:01.926",15,10.12.25.3,Windows11,Security,4688,4,,,,,,,,,C:\\WINDOWS\\System32\\svchost.exe -k LocalServiceNetworkRestricted -p,,3,67027,A process was created.,,,
1793,Normal,"May 9, 2025 @ 13:23:01.927",15,10.12.25.3,Windows11,Security,4688,4,,,,,,,,,C:\\WINDOWS\\system32\\svchost.exe -k LocalService,,3,67027,A process was created.,,,
1794,Normal,"May 9, 2025 @ 13:23:03.186",15,10.12.25.3,Windows11,Security,4673,4,,,,,,,,,,,4,60107,Failed attempt to perform a privileged operation,[T1078],"[Defense Evasion, Persistence, Privilege Escalation, Initial Access]",[Valid Accounts]
1795,Normal,"May 9, 2025 @ 13:23:03.267",15,10.12.25.3,Windows11,Security,4688,4,,,,,,,,,"\""C:\\WINDOWS\\system32\\BackgroundTaskHost.exe\"" -ServerName:BackgroundTaskHost.WebAccountProvider",,3,67027,A process was created.,,,
1796,Normal,"May 9, 2025 @ 13:23:03.393",15,10.12.25.3,Windows11,Security,4688,4,,,,,,,,,C:\\Windows\\System32\\RuntimeBroker.exe -Embedding,,3,67027,A process was created.,,,
1797,Normal,"May 9, 2025 @ 13:23:03.396",15,10.12.25.3,Windows11,Security,4688,4,,,,,,,,,C:\\WINDOWS\\uus\\packages\\preview\\AMD64\\MoNotificationUx.exe /ClearActiveNotifications /CV t2OS5ybenEm3CCuX.1.0.0,,3,67027,A process was created.,,,
1798,Normal,"May 9, 2025 @ 13:23:04.717",15,10.12.25.3,Windows11,Security,4688,4,,,,,,,,,"\""C:\\Windows\\ImmersiveControlPanel\\SystemSettings.exe\"" -ServerName:microsoft.windows.immersivecontrolpanel",,3,67027,A process was created.,,,
1799,Normal,"May 9, 2025 @ 13:23:04.726",15,10.12.25.3,Windows11,Security,4688,4,,,,,,,,,C:\\WINDOWS\\system32\\ApplicationFrameHost.exe -Embedding,,3,67027,A process was created.,,,
1800,Normal,"May 9, 2025 @ 13:23:07.639",15,10.12.25.3,Windows11,Security,4688,4,,,,,,,,,"\""C:\\Program Files (x86)\\Microsoft\\Edge\\Application\\msedge.exe\"" --type=utility --utility-sub-type=unzip.mojom.Unzipper --lang=en-GB --service-sandbox-type=service --no-pre-read-main-dll --always-read-main-dll --field-trial-handle=2340,i,6060090785297826930,4527760222078284358,262144 --variations-seed-version --mojo-platform-channel-handle=5212 /prefetch:14",,3,67027,A process was created.,,,
1801,Normal,"May 9, 2025 @ 13:23:07.639",15,10.12.25.3,Windows11,Security,4688,4,,,,,,,,,"\""C:\\Program Files (x86)\\Microsoft\\Edge\\Application\\msedge.exe\"" --type=utility --utility-sub-type=unzip.mojom.Unzipper --lang=en-GB --service-sandbox-type=service --no-pre-read-main-dll --always-read-main-dll --field-trial-handle=2340,i,6060090785297826930,4527760222078284358,262144 --variations-seed-version --mojo-platform-channel-handle=5308 /prefetch:14",,3,67027,A process was created.,,,
1802,Normal,"May 9, 2025 @ 13:23:07.646",15,10.12.25.3,Windows11,Security,4673,4,,,,,,,,,,,4,60107,Failed attempt to perform a privileged operation,[T1078],"[Defense Evasion, Persistence, Privilege Escalation, Initial Access]",[Valid Accounts]
1803,Normal,"May 9, 2025 @ 13:23:08.898",15,10.12.25.3,Windows11,Security,4673,4,,,,,,,,,,,4,60107,Failed attempt to perform a privileged operation,[T1078],"[Defense Evasion, Persistence, Privilege Escalation, Initial Access]",[Valid Accounts]
1804,Normal,"May 9, 2025 @ 13:23:08.939",15,10.12.25.3,Windows11,Security,4688,4,,,,,,,,,"\""C:\\Program Files (x86)\\Microsoft\\Edge\\Application\\msedge.exe\"" --type=utility --utility-sub-type=unzip.mojom.Unzipper --lang=en-GB --service-sandbox-type=service --no-pre-read-main-dll --always-read-main-dll --field-trial-handle=2340,i,6060090785297826930,4527760222078284358,262144 --variations-seed-version --mojo-platform-channel-handle=5308 /prefetch:14",,3,67027,A process was created.,,,
1805,Normal,"May 9, 2025 @ 13:23:11.688",15,10.12.25.3,Windows11,Security,4673,4,,,,,,,,,,,4,60107,Failed attempt to perform a privileged operation,[T1078],"[Defense Evasion, Persistence, Privilege Escalation, Initial Access]",[Valid Accounts]
1806,Normal,"May 9, 2025 @ 13:23:36.014",15,10.12.25.3,Windows11,Application,16384,2424,,,,,,,,,,,3,60642,Software protection service scheduled successfully.,,,
1807,Normal,"May 9, 2025 @ 13:23:56.195",15,10.12.25.3,Windows11,Security,4688,4,,,,,,,,,"\""C:\\WINDOWS\\system32\\wermgr.exe\"" -upload",,3,67027,A process was created.,,,
1808,Normal,"May 9, 2025 @ 13:23:57.743",15,10.12.25.3,Windows11,Security,4688,4,,,,,,,,,taskhostw.exe,,3,67027,A process was created.,,,
1809,Normal,"May 9, 2025 @ 13:24:07.002",15,10.12.25.3,Windows11,Security,4688,4,,,,,,,,,"\""C:\\Program Files (x86)\\Microsoft\\Edge\\Application\\msedge.exe\"" --type=gpu-process --disable-gpu-sandbox --use-gl=disabled --gpu-vendor-id=5140 --gpu-device-id=140 --gpu-sub-system-id=0 --gpu-revision=0 --gpu-driver-version=10.0.26100.3624 --no-pre-read-main-dll --gpu-preferences=UAAAAAAAAADoAAAEAAAAAAAAAAAAAAAAAABgAAEAAAAAAAAAAAAAAAAAAABCAAAAAAAAAAAAAAAAAAAAAAAAABAAAAAAAAAAEAAAAAAAAAAIAAAAAAAAAAgAAAAAAAAA --always-read-main-dll --field-trial-handle=2340,i,6060090785297826930,4527760222078284358,262144 --variations-seed-version --mojo-platform-channel-handle=816 /prefetch:10",,3,67027,A process was created.,,,
1810,Normal,"May 9, 2025 @ 13:24:19.802",15,10.12.25.3,Windows11,Security,4688,4,,,,,,,,,C:\\WINDOWS\\system32\\wbem\\wmiprvse.exe -secured -Embedding,,3,67027,A process was created.,,,
1811,Normal,"May 9, 2025 @ 13:24:28.789",16,10.12.25.5,Windows11EWS,,,,,,,,,,,,,,3,503,Wazuh agent started.,,,
1812,Normal,"May 9, 2025 @ 13:24:29.557",16,10.12.25.5,Windows11EWS,Security,4688,4,,,,,,,,,"C:\\WINDOWS\\system32\\wevtutil.exe uninstall-manifest \""C:\\ProgramData\\Microsoft\\Windows Defender\\Platform\\4.18.25030.2-0\\Microsoft-Antimalware-AMFilter.man\""",,3,67027,A process was created.,,,
1813,Normal,"May 9, 2025 @ 13:24:29.565",16,10.12.25.5,Windows11EWS,Security,4688,4,,,,,,,,,\\??\\C:\\WINDOWS\\system32\\conhost.exe 0xffffffff -ForceV1,,3,67027,A process was created.,,,
1814,Normal,"May 9, 2025 @ 13:24:29.565",16,10.12.25.5,Windows11EWS,Security,4688,4,,,,,,,,,C:\\WINDOWS\\system32\\wbem\\unsecapp.exe -Embedding,,3,67027,A process was created.,,,
1815,Normal,"May 9, 2025 @ 13:24:29.567",16,10.12.25.5,Windows11EWS,Security,4688,4,,,,,,,,,net.exe accounts,,3,67027,A process was created.,,,
1816,Normal,"May 9, 2025 @ 13:24:29.609",16,10.12.25.5,Windows11EWS,Security,4688,4,,,,,,,,,\\??\\C:\\WINDOWS\\system32\\conhost.exe 0xffffffff -ForceV1,,3,67027,A process was created.,,,
1817,Normal,"May 9, 2025 @ 13:24:30.446",16,10.12.25.5,Windows11EWS,Security,4688,4,,,,,,,,,"C:\\WINDOWS\\system32\\wevtutil.exe install-manifest \""C:\\ProgramData\\Microsoft\\Windows Defender\\Platform\\4.18.25030.2-0\\Microsoft-Antimalware-AMFilter.man\"" \""/resourceFilePath:C:\\ProgramData\\Microsoft\\Windows Defender\\Platform\\4.18.25030.2-0\\Drivers\\WdFilter.sys\"" \""/messageFilePath:C:\\ProgramData\\Microsoft\\Windows Defender\\Platform\\4.18.25030.2-0\\Drivers\\WdFilter.sys\"" \""/parameterFilePath:C:\\ProgramData\\Microsoft\\Windows Defender\\Platform\\4.18.25030.2-0\\Drivers\\WdFilter.sys\""",,3,67027,A process was created.,,,
1818,Normal,"May 9, 2025 @ 13:24:30.453",16,10.12.25.5,Windows11EWS,Security,4688,4,,,,,,,,,\\??\\C:\\WINDOWS\\system32\\conhost.exe 0xffffffff -ForceV1,,3,67027,A process was created.,,,
1819,Normal,"May 9, 2025 @ 13:24:30.464",16,10.12.25.5,Windows11EWS,Security,4688,4,,,,,,,,,C:\\WINDOWS\\system32\\net1 accounts,,3,67027,A process was created.,,,
1820,Normal,"May 9, 2025 @ 13:24:32.157",16,10.12.25.5,Windows11EWS,Security,4688,4,,,,,,,,,C:\\WINDOWS\\system32\\wbem\\wmiprvse.exe -secured -Embedding,,3,67027,A process was created.,,,
1821,Normal,"May 9, 2025 @ 13:24:32.449",16,10.12.25.5,Windows11EWS,Security,4688,4,,,,,,,,,C:\\WINDOWS\\system32\\wbem\\wmiprvse.exe -Embedding,,3,67027,A process was created.,,,
1822,Normal,"May 9, 2025 @ 13:24:32.456",16,10.12.25.5,Windows11EWS,Security,4688,4,,,,,,,,,net.exe accounts,,3,67027,A process was created.,,,
1823,Normal,"May 9, 2025 @ 13:24:32.462",16,10.12.25.5,Windows11EWS,Security,4688,4,,,,,,,,,\\??\\C:\\WINDOWS\\system32\\conhost.exe 0xffffffff -ForceV1,,3,67027,A process was created.,,,
1824,Normal,"May 9, 2025 @ 13:24:32.467",16,10.12.25.5,Windows11EWS,Security,4688,4,,,,,,,,,"C:\\WINDOWS\\system32\\wevtutil.exe uninstall-manifest \""C:\\ProgramData\\Microsoft\\Windows Defender\\Platform\\4.18.25030.2-0\\Microsoft-Windows-Windows Defender.man\""",,3,67027,A process was created.,,,
1825,Normal,"May 9, 2025 @ 13:24:32.471",16,10.12.25.5,Windows11EWS,Security,4688,4,,,,,,,,,\\??\\C:\\WINDOWS\\system32\\conhost.exe 0xffffffff -ForceV1,,3,67027,A process was created.,,,
1826,Normal,"May 9, 2025 @ 13:24:32.477",16,10.12.25.5,Windows11EWS,Security,4688,4,,,,,,,,,C:\\WINDOWS\\system32\\net1 accounts,,3,67027,A process was created.,,,
1827,Normal,"May 9, 2025 @ 13:24:32.496",16,10.12.25.5,Windows11EWS,Security,4688,4,,,,,,,,,net.exe accounts,,3,67027,A process was created.,,,
1828,Normal,"May 9, 2025 @ 13:24:32.500",16,10.12.25.5,Windows11EWS,Security,4688,4,,,,,,,,,\\??\\C:\\WINDOWS\\system32\\conhost.exe 0xffffffff -ForceV1,,3,67027,A process was created.,,,
1829,Normal,"May 9, 2025 @ 13:24:32.917",16,10.12.25.5,Windows11EWS,Security,4688,4,,,,,,,,,"C:\\WINDOWS\\system32\\wevtutil.exe install-manifest \""C:\\ProgramData\\Microsoft\\Windows Defender\\Platform\\4.18.25030.2-0\\Microsoft-Windows-Windows Defender.man\"" \""/resourceFilePath:C:\\ProgramData\\Microsoft\\Windows Defender\\Platform\\4.18.25030.2-0\\MpEvMsg.dll\"" \""/messageFilePath:C:\\ProgramData\\Microsoft\\Windows Defender\\Platform\\4.18.25030.2-0\\MpEvMsg.dll\"" \""/parameterFilePath:C:\\ProgramData\\Microsoft\\Windows Defender\\Platform\\4.18.25030.2-0\\MpEvMsg.dll\""",,3,67027,A process was created.,,,
1830,Normal,"May 9, 2025 @ 13:24:32.925",16,10.12.25.5,Windows11EWS,Security,4688,4,,,,,,,,,\\??\\C:\\WINDOWS\\system32\\conhost.exe 0xffffffff -ForceV1,,3,67027,A process was created.,,,
1831,Normal,"May 9, 2025 @ 13:24:32.935",16,10.12.25.5,Windows11EWS,Security,4688,4,,,,,,,,,C:\\WINDOWS\\system32\\net1 accounts,,3,67027,A process was created.,,,
1832,Normal,"May 9, 2025 @ 13:24:32.941",16,10.12.25.5,Windows11EWS,Security,4688,4,,,,,,,,,net.exe accounts,,3,67027,A process was created.,,,
1833,Normal,"May 9, 2025 @ 13:24:32.945",16,10.12.25.5,Windows11EWS,Security,4688,4,,,,,,,,,\\??\\C:\\WINDOWS\\system32\\conhost.exe 0xffffffff -ForceV1,,3,67027,A process was created.,,,
1834,Normal,"May 9, 2025 @ 13:24:32.951",16,10.12.25.5,Windows11EWS,Security,4688,4,,,,,,,,,C:\\WINDOWS\\system32\\net1 accounts,,3,67027,A process was created.,,,
1835,Normal,"May 9, 2025 @ 13:24:32.956",16,10.12.25.5,Windows11EWS,Security,4688,4,,,,,,,,,net.exe accounts,,3,67027,A process was created.,,,
1836,Normal,"May 9, 2025 @ 13:24:32.959",16,10.12.25.5,Windows11EWS,Security,4688,4,,,,,,,,,\\??\\C:\\WINDOWS\\system32\\conhost.exe 0xffffffff -ForceV1,,3,67027,A process was created.,,,
1837,Normal,"May 9, 2025 @ 13:24:33.061",16,10.12.25.5,Windows11EWS,Security,4688,4,,,,,,,,,C:\\WINDOWS\\system32\\net1 accounts,,3,67027,A process was created.,,,
1838,Normal,"May 9, 2025 @ 13:24:33.062",16,10.12.25.5,Windows11EWS,Security,4688,4,,,,,,,,,net.exe accounts,,3,67027,A process was created.,,,
1839,Normal,"May 9, 2025 @ 13:24:33.063",16,10.12.25.5,Windows11EWS,Security,4688,4,,,,,,,,,\\??\\C:\\WINDOWS\\system32\\conhost.exe 0xffffffff -ForceV1,,3,67027,A process was created.,,,
1840,Normal,"May 9, 2025 @ 13:24:33.064",16,10.12.25.5,Windows11EWS,Security,4688,4,,,,,,,,,C:\\WINDOWS\\system32\\net1 accounts,,3,67027,A process was created.,,,
1841,Normal,"May 9, 2025 @ 13:24:33.064",16,10.12.25.5,Windows11EWS,Security,4688,4,,,,,,,,,\\??\\C:\\WINDOWS\\system32\\conhost.exe 0xffffffff -ForceV1,,3,67027,A process was created.,,,
1842,Normal,"May 9, 2025 @ 13:24:33.066",16,10.12.25.5,Windows11EWS,Security,4688,4,,,,,,,,,net.exe accounts,,3,67027,A process was created.,,,
1843,Normal,"May 9, 2025 @ 13:24:33.073",16,10.12.25.5,Windows11EWS,Security,4688,4,,,,,,,,,C:\\WINDOWS\\system32\\net1 accounts,,3,67027,A process was created.,,,
1844,Normal,"May 9, 2025 @ 13:24:33.074",16,10.12.25.5,Windows11EWS,Security,4688,4,,,,,,,,,net.exe accounts,,3,67027,A process was created.,,,
1845,Normal,"May 9, 2025 @ 13:24:33.076",16,10.12.25.5,Windows11EWS,Security,4688,4,,,,,,,,,\\??\\C:\\WINDOWS\\system32\\conhost.exe 0xffffffff -ForceV1,,3,67027,A process was created.,,,
1846,Normal,"May 9, 2025 @ 13:24:33.083",16,10.12.25.5,Windows11EWS,Security,4688,4,,,,,,,,,C:\\WINDOWS\\system32\\net1 accounts,,3,67027,A process was created.,,,
1847,Normal,"May 9, 2025 @ 13:24:33.090",16,10.12.25.5,Windows11EWS,Security,4688,4,,,,,,,,,net.exe accounts,,3,67027,A process was created.,,,
1848,Normal,"May 9, 2025 @ 13:24:33.097",16,10.12.25.5,Windows11EWS,Security,4688,4,,,,,,,,,\\??\\C:\\WINDOWS\\system32\\conhost.exe 0xffffffff -ForceV1,,3,67027,A process was created.,,,
1849,Normal,"May 9, 2025 @ 13:24:33.103",16,10.12.25.5,Windows11EWS,Security,4688,4,,,,,,,,,C:\\WINDOWS\\system32\\net1 accounts,,3,67027,A process was created.,,,
1850,Normal,"May 9, 2025 @ 13:24:33.609",16,10.12.25.5,Windows11EWS,Microsoft-Windows-Sysmon/Operational,1,3716,,,,,,,NT AUTHORITY\\SYSTEM,"\""C:\\Program Files (x86)\\ossec-agent\\wazuh-agent.exe\""",net.exe accounts,,3,92031,Discovery activity executed,[T1087],[Discovery],[Account Discovery]
1851,Normal,"May 9, 2025 @ 13:24:33.610",16,10.12.25.5,Windows11EWS,Microsoft-Windows-Sysmon/Operational,1,3716,,,,,,,NT AUTHORITY\\SYSTEM,net.exe accounts,C:\\WINDOWS\\system32\\net1 accounts,,3,92031,Discovery activity executed,[T1087],[Discovery],[Account Discovery]
1852,Normal,"May 9, 2025 @ 13:24:33.610",16,10.12.25.5,Windows11EWS,Microsoft-Windows-Sysmon/Operational,1,3716,,,,,,,NT AUTHORITY\\SYSTEM,"\""C:\\Program Files (x86)\\ossec-agent\\wazuh-agent.exe\""",net.exe accounts,,3,92031,Discovery activity executed,[T1087],[Discovery],[Account Discovery]
1853,Normal,"May 9, 2025 @ 13:24:33.611",16,10.12.25.5,Windows11EWS,Microsoft-Windows-Sysmon/Operational,1,3716,,,,,,,NT AUTHORITY\\SYSTEM,net.exe accounts,C:\\WINDOWS\\system32\\net1 accounts,,3,92031,Discovery activity executed,[T1087],[Discovery],[Account Discovery]
1854,Normal,"May 9, 2025 @ 13:24:33.611",16,10.12.25.5,Windows11EWS,Microsoft-Windows-Sysmon/Operational,1,3716,,,,,,,NT AUTHORITY\\SYSTEM,"\""C:\\Program Files (x86)\\ossec-agent\\wazuh-agent.exe\""",net.exe accounts,,3,92031,Discovery activity executed,[T1087],[Discovery],[Account Discovery]
1855,Normal,"May 9, 2025 @ 13:24:33.674",16,10.12.25.5,Windows11EWS,Microsoft-Windows-Sysmon/Operational,1,3716,,,,,,,NT AUTHORITY\\SYSTEM,net.exe accounts,C:\\WINDOWS\\system32\\net1 accounts,,3,92031,Discovery activity executed,[T1087],[Discovery],[Account Discovery]
1856,Normal,"May 9, 2025 @ 13:24:33.750",16,10.12.25.5,Windows11EWS,Microsoft-Windows-Sysmon/Operational,1,3716,,,,,,,NT AUTHORITY\\SYSTEM,net.exe accounts,C:\\WINDOWS\\system32\\net1 accounts,,3,92031,Discovery activity executed,[T1087],[Discovery],[Account Discovery]
1857,Normal,"May 9, 2025 @ 13:24:33.752",16,10.12.25.5,Windows11EWS,Microsoft-Windows-Sysmon/Operational,1,3716,,,,,,,NT AUTHORITY\\SYSTEM,"\""C:\\Program Files (x86)\\ossec-agent\\wazuh-agent.exe\""",net.exe accounts,,3,92031,Discovery activity executed,[T1087],[Discovery],[Account Discovery]
1858,Normal,"May 9, 2025 @ 13:24:33.754",16,10.12.25.5,Windows11EWS,Microsoft-Windows-Sysmon/Operational,1,3716,,,,,,,NT AUTHORITY\\SYSTEM,"\""C:\\Program Files (x86)\\ossec-agent\\wazuh-agent.exe\""",net.exe accounts,,3,92031,Discovery activity executed,[T1087],[Discovery],[Account Discovery]
1859,Normal,"May 9, 2025 @ 13:24:33.919",16,10.12.25.5,Windows11EWS,Microsoft-Windows-Sysmon/Operational,1,3716,,,,,,,NT AUTHORITY\\SYSTEM,net.exe accounts,C:\\WINDOWS\\system32\\net1 accounts,,3,92031,Discovery activity executed,[T1087],[Discovery],[Account Discovery]
1860,Normal,"May 9, 2025 @ 13:24:33.936",16,10.12.25.5,Windows11EWS,Microsoft-Windows-Sysmon/Operational,1,3716,,,,,,,NT AUTHORITY\\SYSTEM,"\""C:\\Program Files (x86)\\ossec-agent\\wazuh-agent.exe\""",net.exe accounts,,3,92031,Discovery activity executed,[T1087],[Discovery],[Account Discovery]
1861,Normal,"May 9, 2025 @ 13:24:33.951",16,10.12.25.5,Windows11EWS,Microsoft-Windows-Sysmon/Operational,1,3716,,,,,,,NT AUTHORITY\\SYSTEM,net.exe accounts,C:\\WINDOWS\\system32\\net1 accounts,,3,92031,Discovery activity executed,[T1087],[Discovery],[Account Discovery]
1862,Normal,"May 9, 2025 @ 13:24:33.968",16,10.12.25.5,Windows11EWS,Microsoft-Windows-Sysmon/Operational,1,3716,,,,,,,NT AUTHORITY\\SYSTEM,"\""C:\\Program Files (x86)\\ossec-agent\\wazuh-agent.exe\""",net.exe accounts,,3,92031,Discovery activity executed,[T1087],[Discovery],[Account Discovery]
1863,Normal,"May 9, 2025 @ 13:24:33.982",16,10.12.25.5,Windows11EWS,Microsoft-Windows-Sysmon/Operational,1,3716,,,,,,,NT AUTHORITY\\SYSTEM,net.exe accounts,C:\\WINDOWS\\system32\\net1 accounts,,3,92031,Discovery activity executed,[T1087],[Discovery],[Account Discovery]
1864,Normal,"May 9, 2025 @ 13:24:33.998",16,10.12.25.5,Windows11EWS,Microsoft-Windows-Sysmon/Operational,1,3716,,,,,,,NT AUTHORITY\\SYSTEM,"\""C:\\Program Files (x86)\\ossec-agent\\wazuh-agent.exe\""",net.exe accounts,,3,92031,Discovery activity executed,[T1087],[Discovery],[Account Discovery]
1865,Normal,"May 9, 2025 @ 13:24:34.020",16,10.12.25.5,Windows11EWS,Microsoft-Windows-Sysmon/Operational,1,3716,,,,,,,NT AUTHORITY\\SYSTEM,net.exe accounts,C:\\WINDOWS\\system32\\net1 accounts,,3,92031,Discovery activity executed,[T1087],[Discovery],[Account Discovery]
1866,Normal,"May 9, 2025 @ 13:24:34.020",16,10.12.25.5,Windows11EWS,Microsoft-Windows-Sysmon/Operational,1,3716,,,,,,,NT AUTHORITY\\SYSTEM,"\""C:\\Program Files (x86)\\ossec-agent\\wazuh-agent.exe\""",net.exe accounts,,3,92031,Discovery activity executed,[T1087],[Discovery],[Account Discovery]
1867,Normal,"May 9, 2025 @ 13:24:34.030",16,10.12.25.5,Windows11EWS,Microsoft-Windows-Sysmon/Operational,1,3716,,,,,,,NT AUTHORITY\\SYSTEM,net.exe accounts,C:\\WINDOWS\\system32\\net1 accounts,,3,92031,Discovery activity executed,[T1087],[Discovery],[Account Discovery]
1868,Normal,"May 9, 2025 @ 13:24:34.126",16,10.12.25.5,Windows11EWS,Microsoft-Windows-Sysmon/Operational,1,3716,,,,,,,NT AUTHORITY\\SYSTEM,"\""C:\\Program Files (x86)\\ossec-agent\\wazuh-agent.exe\""",net user guest,,3,92039,A net.exe account discovery command was initiated,[T1087],[Discovery],[Account Discovery]
1869,Normal,"May 9, 2025 @ 13:24:34.128",16,10.12.25.5,Windows11EWS,Microsoft-Windows-Sysmon/Operational,1,3716,,,,,,,NT AUTHORITY\\SYSTEM,net user guest,C:\\WINDOWS\\system32\\net1 user guest,,3,92039,A net.exe account discovery command was initiated,[T1087],[Discovery],[Account Discovery]
1870,Normal,"May 9, 2025 @ 13:24:34.129",16,10.12.25.5,Windows11EWS,Microsoft-Windows-Sysmon/Operational,1,3716,,,,,,,NT AUTHORITY\\SYSTEM,"\""C:\\Program Files (x86)\\ossec-agent\\wazuh-agent.exe\""",net user guest,,3,92039,A net.exe account discovery command was initiated,[T1087],[Discovery],[Account Discovery]
1871,Normal,"May 9, 2025 @ 13:24:34.177",16,10.12.25.5,Windows11EWS,Security,4688,4,,,,,,,,,"C:\\WINDOWS\\system32\\wevtutil.exe uninstall-manifest \""C:\\ProgramData\\Microsoft\\Windows Defender\\Platform\\4.18.25030.2-0\\Microsoft-Antimalware-Service.man\""",,3,67027,A process was created.,,,
1872,Normal,"May 9, 2025 @ 13:24:34.193",16,10.12.25.5,Windows11EWS,Security,4688,4,,,,,,,,,\\??\\C:\\WINDOWS\\system32\\conhost.exe 0xffffffff -ForceV1,,3,67027,A process was created.,,,
1873,Normal,"May 9, 2025 @ 13:24:34.198",16,10.12.25.5,Windows11EWS,Security,4688,4,,,,,,,,,net user guest,,3,67027,A process was created.,,,
1874,Normal,"May 9, 2025 @ 13:24:34.201",16,10.12.25.5,Windows11EWS,Security,4688,4,,,,,,,,,\\??\\C:\\WINDOWS\\system32\\conhost.exe 0xffffffff -ForceV1,,3,67027,A process was created.,,,
1875,Normal,"May 9, 2025 @ 13:24:34.203",16,10.12.25.5,Windows11EWS,Security,4688,4,,,,,,,,,C:\\WINDOWS\\system32\\net1 user guest,,3,67027,A process was created.,,,
1876,Normal,"May 9, 2025 @ 13:24:34.206",16,10.12.25.5,Windows11EWS,Security,4688,4,,,,,,,,,"C:\\WINDOWS\\system32\\wevtutil.exe install-manifest \""C:\\ProgramData\\Microsoft\\Windows Defender\\Platform\\4.18.25030.2-0\\Microsoft-Antimalware-Service.man\"" \""/resourceFilePath:C:\\ProgramData\\Microsoft\\Windows Defender\\Platform\\4.18.25030.2-0\\MpSvc.dll\"" \""/messageFilePath:C:\\ProgramData\\Microsoft\\Windows Defender\\Platform\\4.18.25030.2-0\\MpSvc.dll\"" \""/parameterFilePath:C:\\ProgramData\\Microsoft\\Windows Defender\\Platform\\4.18.25030.2-0\\MpSvc.dll\""",,3,67027,A process was created.,,,
1877,Normal,"May 9, 2025 @ 13:24:34.209",16,10.12.25.5,Windows11EWS,Security,4688,4,,,,,,,,,\\??\\C:\\WINDOWS\\system32\\conhost.exe 0xffffffff -ForceV1,,3,67027,A process was created.,,,
1878,Normal,"May 9, 2025 @ 13:24:34.236",16,10.12.25.5,Windows11EWS,Security,4688,4,,,,,,,,,net user guest,,3,67027,A process was created.,,,
1879,Normal,"May 9, 2025 @ 13:24:34.246",16,10.12.25.5,Windows11EWS,Security,4688,4,,,,,,,,,\\??\\C:\\WINDOWS\\system32\\conhost.exe 0xffffffff -ForceV1,,3,67027,A process was created.,,,
1880,Normal,"May 9, 2025 @ 13:24:34.248",16,10.12.25.5,Windows11EWS,Security,4624,948,,Negotiate,Advapi,,,,,,,,3,60106,Windows Logon Success,[T1078],"[Defense Evasion, Persistence, Privilege Escalation, Initial Access]",[Valid Accounts]
1881,Normal,"May 9, 2025 @ 13:24:34.254",16,10.12.25.5,Windows11EWS,Security,4688,4,,,,,,,,,C:\\WINDOWS\\system32\\svchost.exe -k wsappx -p,,3,67027,A process was created.,,,
1882,Normal,"May 9, 2025 @ 13:24:34.257",16,10.12.25.5,Windows11EWS,Security,4688,4,,,,,,,,,C:\\WINDOWS\\system32\\net1 user guest,,3,67027,A process was created.,,,
1883,Normal,"May 9, 2025 @ 13:24:34.264",16,10.12.25.5,Windows11EWS,Security,4688,4,,,,,,,,,net user administrator,,3,67027,A process was created.,,,
1884,Normal,"May 9, 2025 @ 13:24:34.268",16,10.12.25.5,Windows11EWS,Security,4688,4,,,,,,,,,\\??\\C:\\WINDOWS\\system32\\conhost.exe 0xffffffff -ForceV1,,3,67027,A process was created.,,,
1885,Normal,"May 9, 2025 @ 13:24:34.270",16,10.12.25.5,Windows11EWS,Security,4688,4,,,,,,,,,"C:\\WINDOWS\\system32\\wevtutil.exe uninstall-manifest \""C:\\ProgramData\\Microsoft\\Windows Defender\\Platform\\4.18.25030.2-0\\Microsoft-Antimalware-NIS.man\""",,3,67027,A process was created.,,,
1886,Normal,"May 9, 2025 @ 13:24:34.272",16,10.12.25.5,Windows11EWS,Security,4688,4,,,,,,,,,\\??\\C:\\WINDOWS\\system32\\conhost.exe 0xffffffff -ForceV1,,3,67027,A process was created.,,,
1887,Normal,"May 9, 2025 @ 13:24:34.275",16,10.12.25.5,Windows11EWS,Security,4688,4,,,,,,,,,C:\\WINDOWS\\system32\\net1 user administrator,,3,67027,A process was created.,,,
1888,Normal,"May 9, 2025 @ 13:24:34.283",16,10.12.25.5,Windows11EWS,Security,4688,4,,,,,,,,,"C:\\WINDOWS\\system32\\wevtutil.exe install-manifest \""C:\\ProgramData\\Microsoft\\Windows Defender\\Platform\\4.18.25030.2-0\\Microsoft-Antimalware-NIS.man\"" \""/resourceFilePath:C:\\ProgramData\\Microsoft\\Windows Defender\\Platform\\4.18.25030.2-0\\NisSrv.exe\"" \""/messageFilePath:C:\\ProgramData\\Microsoft\\Windows Defender\\Platform\\4.18.25030.2-0\\NisSrv.exe\"" \""/parameterFilePath:C:\\ProgramData\\Microsoft\\Windows Defender\\Platform\\4.18.25030.2-0\\NisSrv.exe\""",,3,67027,A process was created.,,,
1889,Normal,"May 9, 2025 @ 13:24:34.294",16,10.12.25.5,Windows11EWS,Security,4688,4,,,,,,,,,\\??\\C:\\WINDOWS\\system32\\conhost.exe 0xffffffff -ForceV1,,3,67027,A process was created.,,,
1890,Normal,"May 9, 2025 @ 13:24:34.308",16,10.12.25.5,Windows11EWS,Security,4624,948,,Negotiate,Advapi,,,,,,,,3,60106,Windows Logon Success,[T1078],"[Defense Evasion, Persistence, Privilege Escalation, Initial Access]",[Valid Accounts]
1891,Normal,"May 9, 2025 @ 13:24:34.316",16,10.12.25.5,Windows11EWS,Security,4688,4,,,,,,,,,net user guest,,3,67027,A process was created.,,,
1892,Normal,"May 9, 2025 @ 13:24:34.351",16,10.12.25.5,Windows11EWS,Microsoft-Windows-Sysmon/Operational,1,3716,,,,,,,NT AUTHORITY\\SYSTEM,net user guest,C:\\WINDOWS\\system32\\net1 user guest,,3,92039,A net.exe account discovery command was initiated,[T1087],[Discovery],[Account Discovery]
1893,Normal,"May 9, 2025 @ 13:24:34.569",16,10.12.25.5,Windows11EWS,Microsoft-Windows-Sysmon/Operational,1,3716,,,,,,,NT AUTHORITY\\SYSTEM,"\""C:\\Program Files (x86)\\ossec-agent\\wazuh-agent.exe\""",net user administrator,,3,92039,A net.exe account discovery command was initiated,[T1087],[Discovery],[Account Discovery]
1894,Normal,"May 9, 2025 @ 13:24:34.571",16,10.12.25.5,Windows11EWS,Microsoft-Windows-Sysmon/Operational,1,3716,,,,,,,NT AUTHORITY\\SYSTEM,net user administrator,C:\\WINDOWS\\system32\\net1 user administrator,,3,92039,A net.exe account discovery command was initiated,[T1087],[Discovery],[Account Discovery]
1895,Normal,"May 9, 2025 @ 13:24:34.574",16,10.12.25.5,Windows11EWS,Microsoft-Windows-Sysmon/Operational,1,3716,,,,,,,NT AUTHORITY\\SYSTEM,"\""C:\\Program Files (x86)\\ossec-agent\\wazuh-agent.exe\""",net user guest,,3,92039,A net.exe account discovery command was initiated,[T1087],[Discovery],[Account Discovery]
1896,Normal,"May 9, 2025 @ 13:24:34.607",16,10.12.25.5,Windows11EWS,Microsoft-Windows-Sysmon/Operational,1,3716,,,,,,,NT AUTHORITY\\SYSTEM,net user guest,C:\\WINDOWS\\system32\\net1 user guest,,3,92039,A net.exe account discovery command was initiated,[T1087],[Discovery],[Account Discovery]
1897,Normal,"May 9, 2025 @ 13:24:34.629",15,10.12.25.3,Windows11,Security,4673,4,,,,,,,,,,,4,60107,Failed attempt to perform a privileged operation,[T1078],"[Defense Evasion, Persistence, Privilege Escalation, Initial Access]",[Valid Accounts]
1898,Normal,"May 9, 2025 @ 13:24:34.668",15,10.12.25.3,Windows11,Security,4688,4,,,,,,,,,"\""C:\\WINDOWS\\system32\\backgroundTaskHost.exe\"" -ServerName:OobeHost.AppXdcwkjpb46w3zw4hbmx5jfxajhymjka0d.mca",,3,67027,A process was created.,,,
1899,Normal,"May 9, 2025 @ 13:24:35.044",16,10.12.25.5,Windows11EWS,Security,4688,4,,,,,,,,,\\??\\C:\\WINDOWS\\system32\\conhost.exe 0xffffffff -ForceV1,,3,67027,A process was created.,,,
1900,Normal,"May 9, 2025 @ 13:24:35.048",16,10.12.25.5,Windows11EWS,Security,4688,4,,,,,,,,,C:\\WINDOWS\\servicing\\TrustedInstaller.exe,,3,67027,A process was created.,,,
1901,Normal,"May 9, 2025 @ 13:24:35.054",16,10.12.25.5,Windows11EWS,Security,4688,4,,,,,,,,,C:\\WINDOWS\\system32\\net1 user guest,,3,67027,A process was created.,,,
1902,Normal,"May 9, 2025 @ 13:24:35.146",16,10.12.25.5,Windows11EWS,Security,4688,4,,,,,,,,,"C:\\WINDOWS\\system32\\wevtutil.exe uninstall-manifest \""C:\\ProgramData\\Microsoft\\Windows Defender\\Platform\\4.18.25030.2-0\\Microsoft-Antimalware-RTP.man\""",,3,67027,A process was created.,,,
1903,Normal,"May 9, 2025 @ 13:24:35.148",16,10.12.25.5,Windows11EWS,Security,4688,4,,,,,,,,,\\??\\C:\\WINDOWS\\system32\\conhost.exe 0xffffffff -ForceV1,,3,67027,A process was created.,,,
1904,Normal,"May 9, 2025 @ 13:24:35.152",16,10.12.25.5,Windows11EWS,Security,4688,4,,,,,,,,,reg query HKLM\\SOFTWARE\\Microsoft\\Windows\\CurrentVersion\\Policies\\system /v legalnoticetext,,3,67027,A process was created.,,,
1905,Normal,"May 9, 2025 @ 13:24:35.155",16,10.12.25.5,Windows11EWS,Security,4688,4,,,,,,,,,"C:\\WINDOWS\\system32\\wevtutil.exe install-manifest \""C:\\ProgramData\\Microsoft\\Windows Defender\\Platform\\4.18.25030.2-0\\Microsoft-Antimalware-RTP.man\"" \""/resourceFilePath:C:\\ProgramData\\Microsoft\\Windows Defender\\Platform\\4.18.25030.2-0\\MpRtp.dll\"" \""/messageFilePath:C:\\ProgramData\\Microsoft\\Windows Defender\\Platform\\4.18.25030.2-0\\MpRtp.dll\"" \""/parameterFilePath:C:\\ProgramData\\Microsoft\\Windows Defender\\Platform\\4.18.25030.2-0\\MpRtp.dll\""",,3,67027,A process was created.,,,
1906,Normal,"May 9, 2025 @ 13:24:35.157",16,10.12.25.5,Windows11EWS,Security,4688,4,,,,,,,,,\\??\\C:\\WINDOWS\\system32\\conhost.exe 0xffffffff -ForceV1,,3,67027,A process was created.,,,
1907,Normal,"May 9, 2025 @ 13:24:35.159",16,10.12.25.5,Windows11EWS,Security,4688,4,,,,,,,,,"\""C:\\Program Files\\Common Files\\Siemens\\Automation\\Simatic OAM\\bin\\s7epasrv64x.exe\""",,3,67027,A process was created.,,,
1908,Normal,"May 9, 2025 @ 13:24:35.179",16,10.12.25.5,Windows11EWS,Security,4688,4,,,,,,,,,\\??\\C:\\WINDOWS\\system32\\conhost.exe 0xffffffff -ForceV1,,3,67027,A process was created.,,,
1909,Normal,"May 9, 2025 @ 13:24:36.132",16,10.12.25.5,Windows11EWS,Security,4688,4,,,,,,,,,"C:\\WINDOWS\\system32\\wevtutil.exe uninstall-manifest \""C:\\ProgramData\\Microsoft\\Windows Defender\\Platform\\4.18.25030.2-0\\Microsoft-Antimalware-Protection.man\""",,3,67027,A process was created.,,,
1910,Normal,"May 9, 2025 @ 13:24:36.139",16,10.12.25.5,Windows11EWS,Security,4688,4,,,,,,,,,\\??\\C:\\WINDOWS\\system32\\conhost.exe 0xffffffff -ForceV1,,3,67027,A process was created.,,,
1911,Normal,"May 9, 2025 @ 13:24:36.141",16,10.12.25.5,Windows11EWS,Security,4688,4,,,,,,,,,C:\\WINDOWS\\winsxs\\amd64_microsoft-windows-servicingstack_31bf3856ad364e35_10.0.26100.3764_none_a5067b2d776484b6\\TiWorker.exe -Embedding,,3,67027,A process was created.,,,
1912,Normal,"May 9, 2025 @ 13:24:36.156",15,10.12.25.3,Windows11,Security,4688,4,,,,,,,,,C:\\Windows\\System32\\RuntimeBroker.exe -Embedding,,3,67027,A process was created.,,,
1913,Normal,"May 9, 2025 @ 13:24:36.160",16,10.12.25.5,Windows11EWS,Security,4674,4,,,,,,,,,,,5,60104,Windows audit failure event,,,
1914,Normal,"May 9, 2025 @ 13:24:36.172",16,10.12.25.5,Windows11EWS,Security,4688,4,,,,,,,,,"C:\\WINDOWS\\system32\\wevtutil.exe install-manifest \""C:\\ProgramData\\Microsoft\\Windows Defender\\Platform\\4.18.25030.2-0\\Microsoft-Antimalware-Protection.man\"" \""/resourceFilePath:C:\\ProgramData\\Microsoft\\Windows Defender\\Platform\\4.18.25030.2-0\\MpClient.dll\"" \""/messageFilePath:C:\\ProgramData\\Microsoft\\Windows Defender\\Platform\\4.18.25030.2-0\\MpClient.dll\"" \""/parameterFilePath:C:\\ProgramData\\Microsoft\\Windows Defender\\Platform\\4.18.25030.2-0\\MpClient.dll\""",,3,67027,A process was created.,,,
1915,Normal,"May 9, 2025 @ 13:24:36.177",16,10.12.25.5,Windows11EWS,Security,4688,4,,,,,,,,,C:\\WINDOWS\\system32\\svchost.exe -k UnistackSvcGroup,,3,67027,A process was created.,,,
1916,Normal,"May 9, 2025 @ 13:24:36.184",16,10.12.25.5,Windows11EWS,Security,4688,4,,,,,,,,,sihost.exe,,3,67027,A process was created.,,,
1917,Normal,"May 9, 2025 @ 13:24:36.188",16,10.12.25.5,Windows11EWS,Security,4688,4,,,,,,,,,\\??\\C:\\WINDOWS\\system32\\conhost.exe 0xffffffff -ForceV1,,3,67027,A process was created.,,,
1918,Normal,"May 9, 2025 @ 13:24:36.195",16,10.12.25.5,Windows11EWS,Security,4688,4,,,,,,,,,C:\\WINDOWS\\system32\\svchost.exe -k LocalSystemNetworkRestricted -p,,3,67027,A process was created.,,,
1919,Normal,"May 9, 2025 @ 13:24:36.923",16,10.12.25.5,Windows11EWS,Microsoft-Windows-Sysmon/Operational,13,3716,,,,,,,NT AUTHORITY\\SYSTEM,,,,3,92307,Evidence of new service creation found in registry under HKLM\\System\\CurrentControlSet\\Services\\AarSvc_807bb\\ImagePath binary is: C:\\WINDOWS\\system32\\svchost.exe -k AarSvcGroup -p,[T1543.003],"[Persistence, Privilege Escalation]",[Windows Service]
1920,Normal,"May 9, 2025 @ 13:24:36.924",16,10.12.25.5,Windows11EWS,Microsoft-Windows-Sysmon/Operational,13,3716,,,,,,,NT AUTHORITY\\SYSTEM,,,,3,92307,Evidence of new service creation found in registry under HKLM\\System\\CurrentControlSet\\Services\\BcastDVRUserService_807bb\\ImagePath binary is: C:\\WINDOWS\\system32\\svchost.exe -k BcastDVRUserService,[T1543.003],"[Persistence, Privilege Escalation]",[Windows Service]
1921,Normal,"May 9, 2025 @ 13:24:36.925",16,10.12.25.5,Windows11EWS,Microsoft-Windows-Sysmon/Operational,13,3716,,,,,,,NT AUTHORITY\\SYSTEM,,,,3,92307,Evidence of new service creation found in registry under HKLM\\System\\CurrentControlSet\\Services\\BluetoothUserService_807bb\\ImagePath binary is: C:\\WINDOWS\\system32\\svchost.exe -k BthAppGroup -p,[T1543.003],"[Persistence, Privilege Escalation]",[Windows Service]
1922,Normal,"May 9, 2025 @ 13:24:36.926",16,10.12.25.5,Windows11EWS,Microsoft-Windows-Sysmon/Operational,13,3716,,,,,,,NT AUTHORITY\\SYSTEM,,,,3,92307,Evidence of new service creation found in registry under HKLM\\System\\CurrentControlSet\\Services\\cbdhsvc_807bb\\ImagePath binary is: C:\\WINDOWS\\system32\\svchost.exe -k ClipboardSvcGroup -p,[T1543.003],"[Persistence, Privilege Escalation]",[Windows Service]
1923,Normal,"May 9, 2025 @ 13:24:36.927",16,10.12.25.5,Windows11EWS,Microsoft-Windows-Sysmon/Operational,13,3716,,,,,,,NT AUTHORITY\\SYSTEM,,,,3,92307,Evidence of new service creation found in registry under HKLM\\System\\CurrentControlSet\\Services\\CaptureService_807bb\\ImagePath binary is: C:\\WINDOWS\\system32\\svchost.exe -k LocalService -p,[T1543.003],"[Persistence, Privilege Escalation]",[Windows Service]
1924,Normal,"May 9, 2025 @ 13:24:36.946",16,10.12.25.5,Windows11EWS,Microsoft-Windows-Sysmon/Operational,13,3716,,,,,,,NT AUTHORITY\\SYSTEM,,,,3,92307,Evidence of new service creation found in registry under HKLM\\System\\CurrentControlSet\\Services\\CDPUserSvc_807bb\\ImagePath binary is: C:\\WINDOWS\\system32\\svchost.exe -k UnistackSvcGroup,[T1543.003],"[Persistence, Privilege Escalation]",[Windows Service]
1925,Normal,"May 9, 2025 @ 13:24:36.968",16,10.12.25.5,Windows11EWS,Microsoft-Windows-Sysmon/Operational,13,3716,,,,,,,NT AUTHORITY\\SYSTEM,,,,3,92307,Evidence of new service creation found in registry under HKLM\\System\\CurrentControlSet\\Services\\CloudBackupRestoreSvc_807bb\\ImagePath binary is: C:\\WINDOWS\\system32\\svchost.exe -k UnistackSvcGroup,[T1543.003],"[Persistence, Privilege Escalation]",[Windows Service]
1926,Normal,"May 9, 2025 @ 13:24:36.991",16,10.12.25.5,Windows11EWS,Microsoft-Windows-Sysmon/Operational,13,3716,,,,,,,NT AUTHORITY\\SYSTEM,,,,3,92307,Evidence of new service creation found in registry under HKLM\\System\\CurrentControlSet\\Services\\ConsentUxUserSvc_807bb\\ImagePath binary is: C:\\WINDOWS\\system32\\svchost.exe -k DevicesFlow,[T1543.003],"[Persistence, Privilege Escalation]",[Windows Service]
1927,Normal,"May 9, 2025 @ 13:24:37.075",16,10.12.25.5,Windows11EWS,Microsoft-Windows-Sysmon/Operational,13,3716,,,,,,,NT AUTHORITY\\SYSTEM,,,,3,92307,Evidence of new service creation found in registry under HKLM\\System\\CurrentControlSet\\Services\\CredentialEnrollmentManagerUserSvc_807bb\\ImagePath binary is: C:\\WINDOWS\\system32\\CredentialEnrollmentManager.exe,[T1543.003],"[Persistence, Privilege Escalation]",[Windows Service]
1928,Normal,"May 9, 2025 @ 13:24:37.076",16,10.12.25.5,Windows11EWS,Microsoft-Windows-Sysmon/Operational,13,3716,,,,,,,NT AUTHORITY\\SYSTEM,,,,3,92307,Evidence of new service creation found in registry under HKLM\\System\\CurrentControlSet\\Services\\DeviceAssociationBrokerSvc_807bb\\ImagePath binary is: C:\\WINDOWS\\system32\\svchost.exe -k DevicesFlow -p,[T1543.003],"[Persistence, Privilege Escalation]",[Windows Service]
1929,Normal,"May 9, 2025 @ 13:24:37.076",16,10.12.25.5,Windows11EWS,Microsoft-Windows-Sysmon/Operational,13,3716,,,,,,,NT AUTHORITY\\SYSTEM,,,,3,92307,Evidence of new service creation found in registry under HKLM\\System\\CurrentControlSet\\Services\\DevicePickerUserSvc_807bb\\ImagePath binary is: C:\\WINDOWS\\system32\\svchost.exe -k DevicesFlow,[T1543.003],"[Persistence, Privilege Escalation]",[Windows Service]
1930,Normal,"May 9, 2025 @ 13:24:37.102",16,10.12.25.5,Windows11EWS,Microsoft-Windows-Sysmon/Operational,13,3716,,,,,,,NT AUTHORITY\\SYSTEM,,,,3,92307,Evidence of new service creation found in registry under HKLM\\System\\CurrentControlSet\\Services\\DevicesFlowUserSvc_807bb\\ImagePath binary is: C:\\WINDOWS\\system32\\svchost.exe -k DevicesFlow,[T1543.003],"[Persistence, Privilege Escalation]",[Windows Service]
1931,Normal,"May 9, 2025 @ 13:24:37.134",16,10.12.25.5,Windows11EWS,Microsoft-Windows-Sysmon/Operational,13,3716,,,,,,,NT AUTHORITY\\SYSTEM,,,,3,92307,Evidence of new service creation found in registry under HKLM\\System\\CurrentControlSet\\Services\\MessagingService_807bb\\ImagePath binary is: C:\\WINDOWS\\system32\\svchost.exe -k UnistackSvcGroup,[T1543.003],"[Persistence, Privilege Escalation]",[Windows Service]
1932,Normal,"May 9, 2025 @ 13:24:37.170",16,10.12.25.5,Windows11EWS,Microsoft-Windows-Sysmon/Operational,13,3716,,,,,,,NT AUTHORITY\\SYSTEM,,,,3,92307,Evidence of new service creation found in registry under HKLM\\System\\CurrentControlSet\\Services\\NPSMSvc_807bb\\ImagePath binary is: C:\\WINDOWS\\system32\\svchost.exe -k LocalService -p,[T1543.003],"[Persistence, Privilege Escalation]",[Windows Service]
1933,Normal,"May 9, 2025 @ 13:24:37.198",16,10.12.25.5,Windows11EWS,Microsoft-Windows-Sysmon/Operational,13,3716,,,,,,,NT AUTHORITY\\SYSTEM,,,,3,92307,Evidence of new service creation found in registry under HKLM\\System\\CurrentControlSet\\Services\\OneSyncSvc_807bb\\ImagePath binary is: C:\\WINDOWS\\system32\\svchost.exe -k UnistackSvcGroup,[T1543.003],"[Persistence, Privilege Escalation]",[Windows Service]
1934,Normal,"May 9, 2025 @ 13:24:37.308",16,10.12.25.5,Windows11EWS,Microsoft-Windows-Sysmon/Operational,13,3716,,,,,,,NT AUTHORITY\\SYSTEM,,,,3,92307,Evidence of new service creation found in registry under HKLM\\System\\CurrentControlSet\\Services\\P9RdrService_807bb\\ImagePath binary is: C:\\WINDOWS\\system32\\svchost.exe -k P9RdrService -p,[T1543.003],"[Persistence, Privilege Escalation]",[Windows Service]
1935,Normal,"May 9, 2025 @ 13:24:37.310",16,10.12.25.5,Windows11EWS,Microsoft-Windows-Sysmon/Operational,13,3716,,,,,,,NT AUTHORITY\\SYSTEM,,,,3,92307,Evidence of new service creation found in registry under HKLM\\System\\CurrentControlSet\\Services\\PenService_807bb\\ImagePath binary is: C:\\WINDOWS\\system32\\svchost.exe -k PenService,[T1543.003],"[Persistence, Privilege Escalation]",[Windows Service]
1936,Normal,"May 9, 2025 @ 13:24:37.316",16,10.12.25.5,Windows11EWS,Microsoft-Windows-Sysmon/Operational,13,3716,,,,,,,NT AUTHORITY\\SYSTEM,,,,3,92307,Evidence of new service creation found in registry under HKLM\\System\\CurrentControlSet\\Services\\PimIndexMaintenanceSvc_807bb\\ImagePath binary is: C:\\WINDOWS\\system32\\svchost.exe -k UnistackSvcGroup,[T1543.003],"[Persistence, Privilege Escalation]",[Windows Service]
1937,Normal,"May 9, 2025 @ 13:24:37.328",16,10.12.25.5,Windows11EWS,Microsoft-Windows-Sysmon/Operational,13,3716,,,,,,,NT AUTHORITY\\SYSTEM,,,,3,92307,Evidence of new service creation found in registry under HKLM\\System\\CurrentControlSet\\Services\\PrintWorkflowUserSvc_807bb\\ImagePath binary is: C:\\WINDOWS\\system32\\svchost.exe -k PrintWorkflow,[T1543.003],"[Persistence, Privilege Escalation]",[Windows Service]
1938,Normal,"May 9, 2025 @ 13:24:37.355",16,10.12.25.5,Windows11EWS,Microsoft-Windows-Sysmon/Operational,13,3716,,,,,,,NT AUTHORITY\\SYSTEM,,,,3,92307,Evidence of new service creation found in registry under HKLM\\System\\CurrentControlSet\\Services\\UdkUserSvc_807bb\\ImagePath binary is: C:\\WINDOWS\\system32\\svchost.exe -k UdkSvcGroup,[T1543.003],"[Persistence, Privilege Escalation]",[Windows Service]
1939,Normal,"May 9, 2025 @ 13:24:37.392",16,10.12.25.5,Windows11EWS,Microsoft-Windows-Sysmon/Operational,13,3716,,,,,,,NT AUTHORITY\\SYSTEM,,,,3,92307,Evidence of new service creation found in registry under HKLM\\System\\CurrentControlSet\\Services\\UnistoreSvc_807bb\\ImagePath binary is: C:\\WINDOWS\\System32\\svchost.exe -k UnistackSvcGroup,[T1543.003],"[Persistence, Privilege Escalation]",[Windows Service]
1940,Normal,"May 9, 2025 @ 13:24:37.465",16,10.12.25.5,Windows11EWS,Microsoft-Windows-Sysmon/Operational,13,3716,,,,,,,NT AUTHORITY\\SYSTEM,,,,3,92307,Evidence of new service creation found in registry under HKLM\\System\\CurrentControlSet\\Services\\UserDataSvc_807bb\\ImagePath binary is: C:\\WINDOWS\\system32\\svchost.exe -k UnistackSvcGroup,[T1543.003],"[Persistence, Privilege Escalation]",[Windows Service]
1941,Normal,"May 9, 2025 @ 13:24:37.467",16,10.12.25.5,Windows11EWS,Microsoft-Windows-Sysmon/Operational,13,3716,,,,,,,NT AUTHORITY\\SYSTEM,,,,3,92307,Evidence of new service creation found in registry under HKLM\\System\\CurrentControlSet\\Services\\webthreatdefusersvc_807bb\\ImagePath binary is: C:\\WINDOWS\\system32\\svchost.exe -k LocalSystemNetworkRestricted -p,[T1543.003],"[Persistence, Privilege Escalation]",[Windows Service]
1942,Normal,"May 9, 2025 @ 13:24:37.490",16,10.12.25.5,Windows11EWS,Microsoft-Windows-Sysmon/Operational,13,3716,,,,,,,NT AUTHORITY\\SYSTEM,,,,3,92307,Evidence of new service creation found in registry under HKLM\\System\\CurrentControlSet\\Services\\WpnUserService_807bb\\ImagePath binary is: C:\\WINDOWS\\system32\\svchost.exe -k UnistackSvcGroup,[T1543.003],"[Persistence, Privilege Escalation]",[Windows Service]
1943,Normal,"May 9, 2025 @ 13:24:37.550",16,10.12.25.5,Windows11EWS,Microsoft-Windows-Windows Defender/Operational,5007,3912,,,,,,,,,,,5,62154,Windows Defender: Antimalware platform feature configuration changed,,,
1944,Normal,"May 9, 2025 @ 13:24:37.579",16,10.12.25.5,Windows11EWS,Microsoft-Windows-Windows Defender/Operational,5007,3912,,,,,,,,,,,5,62154,Windows Defender: Antimalware platform feature configuration changed,,,
1945,Normal,"May 9, 2025 @ 13:24:37.631",16,10.12.25.5,Windows11EWS,Security,4688,4,,,,,,,,,taskhostw.exe USER,,3,67027,A process was created.,,,
1946,Normal,"May 9, 2025 @ 13:24:37.631",16,10.12.25.5,Windows11EWS,Security,4688,4,,,,,,,,,taskhostw.exe {222A245B-E637-4AE9-A93F-A59CA119A75E},,3,67027,A process was created.,,,
1947,Normal,"May 9, 2025 @ 13:24:37.634",16,10.12.25.5,Windows11EWS,Security,4688,4,,,,,,,,,"\""C:\\Program Files (x86)\\Microsoft\\EdgeUpdate\\MicrosoftEdgeUpdate.exe\"" /c",,3,67027,A process was created.,,,
1948,Normal,"May 9, 2025 @ 13:24:37.639",16,10.12.25.5,Windows11EWS,Security,4688,4,,,,,,,,,reg query HKLM\\SOFTWARE\\Microsoft\\Windows\\CurrentVersion\\Policies\\system /v legalnoticecaption,,3,67027,A process was created.,,,
1949,Normal,"May 9, 2025 @ 13:24:37.642",16,10.12.25.5,Windows11EWS,Security,4688,4,,,,,,,,,taskhostw.exe,,3,67027,A process was created.,,,
1950,Normal,"May 9, 2025 @ 13:24:37.659",16,10.12.25.5,Windows11EWS,Security,4688,4,,,,,,,,,\\??\\C:\\WINDOWS\\system32\\conhost.exe 0xffffffff -ForceV1,,3,67027,A process was created.,,,
1951,Normal,"May 9, 2025 @ 13:24:37.675",16,10.12.25.5,Windows11EWS,Security,4624,948,,Negotiate,Advapi,,,,,,,,3,60106,Windows Logon Success,[T1078],"[Defense Evasion, Persistence, Privilege Escalation, Initial Access]",[Valid Accounts]
1952,Normal,"May 9, 2025 @ 13:24:38.329",16,10.12.25.5,Windows11EWS,Security,4688,4,,,,,,,,,C:\\WINDOWS\\system32\\SearchIndexer.exe /Embedding,,3,67027,A process was created.,,,
1953,Normal,"May 9, 2025 @ 13:24:38.332",16,10.12.25.5,Windows11EWS,Security,4688,4,,,,,,,,,"auditpol.exe /get /subcategory:\""Credential Validation\""",,3,67027,A process was created.,,,
1954,Normal,"May 9, 2025 @ 13:24:38.334",16,10.12.25.5,Windows11EWS,Security,4688,4,,,,,,,,,\\??\\C:\\WINDOWS\\system32\\conhost.exe 0xffffffff -ForceV1,,3,67027,A process was created.,,,
1955,Normal,"May 9, 2025 @ 13:24:38.337",16,10.12.25.5,Windows11EWS,Security,4688,4,,,,,,,,,"\""C:\\WINDOWS\\system32\\wermgr.exe\"" -upload",,3,67027,A process was created.,,,
1956,Normal,"May 9, 2025 @ 13:24:38.709",16,10.12.25.5,Windows11EWS,Microsoft-Windows-Windows Defender/Operational,5007,3912,,,,,,,,,,,5,62154,Windows Defender: Antimalware platform feature configuration changed,,,
1957,Normal,"May 9, 2025 @ 13:24:38.711",16,10.12.25.5,Windows11EWS,Microsoft-Windows-Windows Defender/Operational,5007,3912,,,,,,,,,,,5,62154,Windows Defender: Antimalware platform feature configuration changed,,,
