4377,Attack Step 3,"May 9, 2025 @ 15:58:18.718",16,10.12.25.5,Windows11EWS,Microsoft-Windows-Windows Defender/Operational,1150,3880,,,,,,,,,,,3,62128,Windows Defender: Antimalware platform is running and in a healthy state,,,
4378,Attack Step 3,"May 9, 2025 @ 15:58:20.278",15,10.12.25.3,Windows11,Security,4624,888,,Negotiate,Advapi,,,,,,,,3,67022,Non network or service local logon.,,,
4379,Attack Step 3,"May 9, 2025 @ 15:58:20.348",15,10.12.25.3,Windows11,Security,4688,4,,,,,,,,,"\""fontdrvhost.exe\""",,3,67027,A process was created.,,,
4380,Attack Step 3,"May 9, 2025 @ 15:58:20.540",15,10.12.25.3,Windows11,Security,4624,888,,Negotiate,Advapi,,,,,,,,3,67022,Non network or service local logon.,,,
4381,Attack Step 3,"May 9, 2025 @ 15:58:20.576",15,10.12.25.3,Windows11,Security,4624,888,,Negotiate,Advapi,,,,,,,,3,67022,Non network or service local logon.,,,
4382,Attack Step 3,"May 9, 2025 @ 15:58:20.579",15,10.12.25.3,Windows11,Security,4672,888,,,,,,,,,,,3,67028,Special privileges assigned to new logon.,[T1484],"[Defense Evasion, Privilege Escalation]",[Domain Policy Modification]
4383,Attack Step 3,"May 9, 2025 @ 15:58:20.720",15,10.12.25.3,Windows11,Security,4672,888,,,,,,,,,,,3,67028,Special privileges assigned to new logon.,[T1484],"[Defense Evasion, Privilege Escalation]",[Domain Policy Modification]
4384,Attack Step 3,"May 9, 2025 @ 15:58:20.763",15,10.12.25.3,Windows11,Security,4688,4,,,,,,,,,"\""LogonUI.exe\"" /flags:0x2 /state0:0xa3dbd855 /state1:0x41c64e6d",,3,67027,A process was created.,,,
4385,Attack Step 3,"May 9, 2025 @ 15:58:20.849",15,10.12.25.3,Windows11,Security,4688,4,,,,,,,,,"\""dwm.exe\""",,3,67027,A process was created.,,,
4386,Attack Step 3,"May 9, 2025 @ 15:58:20.868",15,10.12.25.3,Windows11,Security,4688,4,,,,,,,,,C:\\WINDOWS\\system32\\DllHost.exe /Processid:{6C752774-29FB-4E50-8BB1-97098425A77C},,3,67027,A process was created.,,,
4387,Attack Step 3,"May 9, 2025 @ 15:58:20.869",15,10.12.25.3,Windows11,Security,4624,888,,Negotiate,Advapi,,,,,,,,3,60106,Windows Logon Success,[T1078],"[Defense Evasion, Persistence, Privilege Escalation, Initial Access]",[Valid Accounts]
4388,Attack Step 3,"May 9, 2025 @ 15:58:20.870",15,10.12.25.3,Windows11,Security,4688,4,,,,,,,,,C:\\WINDOWS\\system32\\svchost.exe -k GPSvcGroup,,3,67027,A process was created.,,,
4389,Attack Step 3,"May 9, 2025 @ 15:58:20.871",15,10.12.25.3,Windows11,Security,4688,4,,,,,,,,,"\""C:\\Windows\\System32\\WUDFHost.exe\"" -HostGUID:{193a1820-d9ac-4997-8c55-be817523f6aa} -IoEventPortName:\\UMDFCommunicationPorts\\WUDF\\HostProcess-eaa23b32-0ee2-4f4a-ae2a-5d1230d20af9 -SystemEventPortName:\\UMDFCommunicationPorts\\WUDF\\HostProcess-abdfbb4c-86f8-4046-8c97-823fbf44891b -IoCancelEventPortName:\\UMDFCommunicationPorts\\WUDF\\HostProcess-c68799f3-716a-4339-b182-1461e0fe3140 -NonStateChangingEventPortName:\\UMDFCommunicationPorts\\WUDF\\HostProcess-a2c679c0-2a8a-4426-b500-974f64498121 -LifetimeId:a1f36aec-247a-4b21-84ad-3ecdccebd231 -DeviceGroupId: -HostArg:16",,3,67027,A process was created.,,,
4390,Attack Step 3,"May 9, 2025 @ 15:58:21.214",15,10.12.25.3,Windows11,Security,4624,888,,Negotiate,Advapi,,,,,,,,3,60106,Windows Logon Success,[T1078],"[Defense Evasion, Persistence, Privilege Escalation, Initial Access]",[Valid Accounts]
4391,Attack Step 3,"May 9, 2025 @ 15:58:21.264",15,10.12.25.3,Windows11,Security,4688,4,,,,,,,,,C:\\WINDOWS\\System32\\svchost.exe -k CameraMonitor,,3,67027,A process was created.,,,
4392,Attack Step 3,"May 9, 2025 @ 15:58:22.335",15,10.12.25.3,Windows11,Security,4688,4,,,,,,,,,C:\\WINDOWS\\system32\\wbem\\wmiprvse.exe -Embedding,,3,67027,A process was created.,,,
4393,Attack Step 3,"May 9, 2025 @ 15:58:22.393",15,10.12.25.3,Windows11,Security,4688,4,,,,,,,,,/QuitInfo:0000000000000F3C;0000000000000F90;,,3,67027,A process was created.,,,
4394,Attack Step 3,"May 9, 2025 @ 15:58:23.826",15,10.12.25.3,Windows11,Security,4673,4,,,,,,,,,,,4,60107,Failed attempt to perform a privileged operation,[T1078],"[Defense Evasion, Persistence, Privilege Escalation, Initial Access]",[Valid Accounts]
4395,Attack Step 3,"May 9, 2025 @ 15:58:23.878",15,10.12.25.3,Windows11,Security,4673,4,,,,,,,,,,,4,60107,Failed attempt to perform a privileged operation,[T1078],"[Defense Evasion, Persistence, Privilege Escalation, Initial Access]",[Valid Accounts]
4396,Attack Step 3,"May 9, 2025 @ 15:58:23.958",15,10.12.25.3,Windows11,Security,4673,4,,,,,,,,,,,4,60107,Failed attempt to perform a privileged operation,[T1078],"[Defense Evasion, Persistence, Privilege Escalation, Initial Access]",[Valid Accounts]
4397,Attack Step 3,"May 9, 2025 @ 15:58:24.034",15,10.12.25.3,Windows11,Security,4673,4,,,,,,,,,,,4,60107,Failed attempt to perform a privileged operation,[T1078],"[Defense Evasion, Persistence, Privilege Escalation, Initial Access]",[Valid Accounts]
4398,Attack Step 3,"May 9, 2025 @ 15:58:24.042",15,10.12.25.3,Windows11,Security,4673,4,,,,,,,,,,,4,60107,Failed attempt to perform a privileged operation,[T1078],"[Defense Evasion, Persistence, Privilege Escalation, Initial Access]",[Valid Accounts]
4399,Attack Step 3,"May 9, 2025 @ 15:58:24.100",15,10.12.25.3,Windows11,Security,4673,4,,,,,,,,,,,4,60107,Failed attempt to perform a privileged operation,[T1078],"[Defense Evasion, Persistence, Privilege Escalation, Initial Access]",[Valid Accounts]
4400,Attack Step 3,"May 9, 2025 @ 15:58:24.146",15,10.12.25.3,Windows11,Security,4673,4,,,,,,,,,,,4,60107,Failed attempt to perform a privileged operation,[T1078],"[Defense Evasion, Persistence, Privilege Escalation, Initial Access]",[Valid Accounts]
4401,Attack Step 3,"May 9, 2025 @ 15:58:24.272",15,10.12.25.3,Windows11,Security,4673,4,,,,,,,,,,,4,60107,Failed attempt to perform a privileged operation,[T1078],"[Defense Evasion, Persistence, Privilege Escalation, Initial Access]",[Valid Accounts]
4402,Attack Step 3,"May 9, 2025 @ 15:58:24.344",15,10.12.25.3,Windows11,Security,4673,4,,,,,,,,,,,4,60107,Failed attempt to perform a privileged operation,[T1078],"[Defense Evasion, Persistence, Privilege Escalation, Initial Access]",[Valid Accounts]
4403,Attack Step 3,"May 9, 2025 @ 15:58:24.453",15,10.12.25.3,Windows11,Security,4673,4,,,,,,,,,,,4,60107,Failed attempt to perform a privileged operation,[T1078],"[Defense Evasion, Persistence, Privilege Escalation, Initial Access]",[Valid Accounts]
4404,Attack Step 3,"May 9, 2025 @ 15:58:24.516",15,10.12.25.3,Windows11,Security,4673,4,,,,,,,,,,,4,60107,Failed attempt to perform a privileged operation,[T1078],"[Defense Evasion, Persistence, Privilege Escalation, Initial Access]",[Valid Accounts]
4405,Attack Step 3,"May 9, 2025 @ 15:58:24.611",15,10.12.25.3,Windows11,Security,4673,4,,,,,,,,,,,4,60107,Failed attempt to perform a privileged operation,[T1078],"[Defense Evasion, Persistence, Privilege Escalation, Initial Access]",[Valid Accounts]
4406,Attack Step 3,"May 9, 2025 @ 15:58:24.698",15,10.12.25.3,Windows11,Security,4673,4,,,,,,,,,,,4,60107,Failed attempt to perform a privileged operation,[T1078],"[Defense Evasion, Persistence, Privilege Escalation, Initial Access]",[Valid Accounts]
4407,Attack Step 3,"May 9, 2025 @ 15:58:24.746",15,10.12.25.3,Windows11,Security,4673,4,,,,,,,,,,,4,60107,Failed attempt to perform a privileged operation,[T1078],"[Defense Evasion, Persistence, Privilege Escalation, Initial Access]",[Valid Accounts]
4408,Attack Step 3,"May 9, 2025 @ 15:58:24.834",15,10.12.25.3,Windows11,Security,4673,4,,,,,,,,,,,4,60107,Failed attempt to perform a privileged operation,[T1078],"[Defense Evasion, Persistence, Privilege Escalation, Initial Access]",[Valid Accounts]
4409,Attack Step 3,"May 9, 2025 @ 15:58:27.069",15,10.12.25.3,Windows11,Security,4624,888,,Negotiate,User32,10.12.25.23,,,,,,,3,92653,User: WORKGROUP\Windows11 logged using Remote Desktop Connection (RDP) from ip:10.12.25.23.,[T1021.001 T1078.002],"[Lateral Movement, Defense Evasion, Persistence, Privilege Escalation, Initial Access]","[Remote Desktop Protocol, Domain Accounts]"
4410,Attack Step 3,"May 9, 2025 @ 15:58:27.098",15,10.12.25.3,Windows11,Security,4624,888,,Negotiate,User32,10.12.25.23,,,,,,,3,92653,User: WORKGROUP\Windows11 logged using Remote Desktop Connection (RDP) from ip:10.12.25.23.,[T1021.001 T1078.002],"[Lateral Movement, Defense Evasion, Persistence, Privilege Escalation, Initial Access]","[Remote Desktop Protocol, Domain Accounts]"
4411,Attack Step 3,"May 9, 2025 @ 15:58:27.118",15,10.12.25.3,Windows11,Security,4672,888,,,,,,,,,,,3,67028,Special privileges assigned to new logon.,[T1484],"[Defense Evasion, Privilege Escalation]",[Domain Policy Modification]
4412,Attack Step 3,"May 9, 2025 @ 15:58:27.158",15,10.12.25.3,Windows11,Security,4673,4,,,,,,,,,,,4,60107,Failed attempt to perform a privileged operation,[T1078],"[Defense Evasion, Persistence, Privilege Escalation, Initial Access]",[Valid Accounts]
4413,Attack Step 3,"May 9, 2025 @ 15:58:28.742",15,10.12.25.3,Windows11,Security,4688,4,,,,,,,,,\\SystemRoot\\System32\\smss.exe 00000100 000000dc,,3,67027,A process was created.,,,
4414,Attack Step 3,"May 9, 2025 @ 15:58:28.798",15,10.12.25.3,Windows11,Security,4688,4,,,,,,,,,"\""LogonUI.exe\"" /flags:0x0 /state0:0xa3d4b055 /state1:0x41c64e6d",,3,67027,A process was created.,,,
4415,Attack Step 3,"May 9, 2025 @ 15:58:28.913",15,10.12.25.3,Windows11,Security,4688,4,,,,,,,,,"%SystemRoot%\\system32\\csrss.exe ObjectDirectory=\\Windows SharedSection=1024,20480,768 Windows=On SubSystemType=Windows ServerDll=basesrv,1 ServerDll=winsrv:UserServerDllInitialization,3 ServerDll=sxssrv,4 ProfileControl=Off MaxRequestThreads=16",,3,67027,A process was created.,,,
4416,Attack Step 3,"May 9, 2025 @ 15:58:29.019",15,10.12.25.3,Windows11,Security,4688,4,,,,,,,,,"\""C:\\WINDOWS\\uus\\packages\\preview\\AMD64\\MoUsoCoreWorker.exe\"" useprivatenamespaces",,3,67027,A process was created.,,,
4417,Attack Step 3,"May 9, 2025 @ 15:58:29.644",15,10.12.25.3,Windows11,Security,4688,4,,,,,,,,,C:\\WINDOWS\\system32\\TSTheme.exe -Embedding,,3,67027,A process was created.,,,
4418,Attack Step 3,"May 9, 2025 @ 15:58:29.815",15,10.12.25.3,Windows11,Security,4688,4,,,,,,,,,winlogon.exe,,3,67027,A process was created.,,,
4419,Attack Step 3,"May 9, 2025 @ 15:58:30.060",15,10.12.25.3,Windows11,Security,4624,888,,Negotiate,Advapi,,,,,,,,3,67022,Non network or service local logon.,,,
4420,Attack Step 3,"May 9, 2025 @ 15:58:30.199",15,10.12.25.3,Windows11,Security,4688,4,,,,,,,,,"\""fontdrvhost.exe\""",,3,67027,A process was created.,,,
4421,Attack Step 3,"May 9, 2025 @ 15:58:30.538",15,10.12.25.3,Windows11,Security,4688,4,,,,,,,,,"\""LogonUI.exe\"" /flags:0x2 /state0:0xa3d50855 /state1:0x41c64e6d",,3,67027,A process was created.,,,
4422,Attack Step 3,"May 9, 2025 @ 15:58:30.763",15,10.12.25.3,Windows11,Security,4624,888,,Negotiate,Advapi,,,,,,,,3,67022,Non network or service local logon.,,,
4423,Attack Step 3,"May 9, 2025 @ 15:58:30.786",15,10.12.25.3,Windows11,Security,4624,888,,Negotiate,Advapi,,,,,,,,3,67022,Non network or service local logon.,,,
4424,Attack Step 3,"May 9, 2025 @ 15:58:30.841",15,10.12.25.3,Windows11,Security,4672,888,,,,,,,,,,,3,67028,Special privileges assigned to new logon.,[T1484],"[Defense Evasion, Privilege Escalation]",[Domain Policy Modification]
4425,Attack Step 3,"May 9, 2025 @ 15:58:30.886",15,10.12.25.3,Windows11,Security,4672,888,,,,,,,,,,,3,67028,Special privileges assigned to new logon.,[T1484],"[Defense Evasion, Privilege Escalation]",[Domain Policy Modification]
4426,Attack Step 3,"May 9, 2025 @ 15:58:30.929",15,10.12.25.3,Windows11,Security,4688,4,,,,,,,,,"\""dwm.exe\""",,3,67027,A process was created.,,,
4427,Attack Step 3,"May 9, 2025 @ 15:58:30.982",15,10.12.25.3,Windows11,Security,4624,888,,Negotiate,Advapi,,,,,,,,3,60106,Windows Logon Success,[T1078],"[Defense Evasion, Persistence, Privilege Escalation, Initial Access]",[Valid Accounts]
4428,Attack Step 3,"May 9, 2025 @ 15:58:31.059",15,10.12.25.3,Windows11,Security,4688,4,,,,,,,,,C:\\WINDOWS\\system32\\svchost.exe -k wusvcs -p,,3,67027,A process was created.,,,
4429,Attack Step 3,"May 9, 2025 @ 15:58:31.101",15,10.12.25.3,Windows11,Security,4673,4,,,,,,,,,,,4,60107,Failed attempt to perform a privileged operation,[T1078],"[Defense Evasion, Persistence, Privilege Escalation, Initial Access]",[Valid Accounts]
4430,Attack Step 3,"May 9, 2025 @ 15:58:34.753",15,10.12.25.3,Windows11,Security,4688,4,,,,,,,,,taskhostw.exe,,3,67027,A process was created.,,,
4431,Attack Step 3,"May 9, 2025 @ 15:58:35.150",15,10.12.25.3,Windows11,Security,4688,4,,,,,,,,,"\""C:\\Windows\\System32\\WUDFHost.exe\"" -HostGUID:{193a1820-d9ac-4997-8c55-be817523f6aa} -IoEventPortName:\\UMDFCommunicationPorts\\WUDF\\HostProcess-69603ecf-3606-43b0-86b1-41bcf192a9ff -SystemEventPortName:\\UMDFCommunicationPorts\\WUDF\\HostProcess-df333664-4bdc-42ec-8d89-613b66eb2e4e -IoCancelEventPortName:\\UMDFCommunicationPorts\\WUDF\\HostProcess-a1d407f4-bdcc-4bd1-b8dd-07b8d6674012 -NonStateChangingEventPortName:\\UMDFCommunicationPorts\\WUDF\\HostProcess-95c8467d-c6a3-4e76-bdbd-402260029d63 -LifetimeId:5e6b7b4f-34ce-4820-8402-f57a094e4c50 -DeviceGroupId: -HostArg:16",,3,67027,A process was created.,,,
4432,Attack Step 3,"May 9, 2025 @ 15:58:35.374",15,10.12.25.3,Windows11,Security,4674,4,,,,,,,,,,,5,60104,Windows audit failure event,,,
4433,Attack Step 3,"May 9, 2025 @ 15:58:35.480",15,10.12.25.3,Windows11,Security,4688,4,,,,,,,,,rdpclip,,3,67027,A process was created.,,,
4434,Attack Step 3,"May 9, 2025 @ 15:58:35.732",15,10.12.25.3,Windows11,Security,4673,4,,,,,,,,,,,4,60107,Failed attempt to perform a privileged operation,[T1078],"[Defense Evasion, Persistence, Privilege Escalation, Initial Access]",[Valid Accounts]
4435,Attack Step 3,"May 9, 2025 @ 15:58:35.826",15,10.12.25.3,Windows11,Security,4673,4,,,,,,,,,,,4,60107,Failed attempt to perform a privileged operation,[T1078],"[Defense Evasion, Persistence, Privilege Escalation, Initial Access]",[Valid Accounts]
4436,Attack Step 3,"May 9, 2025 @ 15:58:35.941",15,10.12.25.3,Windows11,Security,4673,4,,,,,,,,,,,4,60107,Failed attempt to perform a privileged operation,[T1078],"[Defense Evasion, Persistence, Privilege Escalation, Initial Access]",[Valid Accounts]
4437,Attack Step 3,"May 9, 2025 @ 15:58:36.034",15,10.12.25.3,Windows11,Security,4673,4,,,,,,,,,,,4,60107,Failed attempt to perform a privileged operation,[T1078],"[Defense Evasion, Persistence, Privilege Escalation, Initial Access]",[Valid Accounts]
4438,Attack Step 3,"May 9, 2025 @ 15:58:36.166",15,10.12.25.3,Windows11,Security,4673,4,,,,,,,,,,,4,60107,Failed attempt to perform a privileged operation,[T1078],"[Defense Evasion, Persistence, Privilege Escalation, Initial Access]",[Valid Accounts]
4439,Attack Step 3,"May 9, 2025 @ 15:58:36.285",15,10.12.25.3,Windows11,Security,4688,4,,,,,,,,,atbroker.exe,,3,67027,A process was created.,,,
4440,Attack Step 3,"May 9, 2025 @ 15:58:36.442",15,10.12.25.3,Windows11,Security,4624,888,,Negotiate,Advapi,,,,,,,,3,60106,Windows Logon Success,[T1078],"[Defense Evasion, Persistence, Privilege Escalation, Initial Access]",[Valid Accounts]
4441,Attack Step 3,"May 9, 2025 @ 15:58:36.720",15,10.12.25.3,Windows11,Security,4688,4,,,,,,,,,C:\\WINDOWS\\system32\\svchost.exe -k LocalSystemNetworkRestricted,,3,67027,A process was created.,,,
4442,Attack Step 3,"May 9, 2025 @ 15:58:36.800",15,10.12.25.3,Windows11,Security,4673,4,,,,,,,,,,,4,60107,Failed attempt to perform a privileged operation,[T1078],"[Defense Evasion, Persistence, Privilege Escalation, Initial Access]",[Valid Accounts]
4443,Attack Step 3,"May 9, 2025 @ 15:58:36.888",15,10.12.25.3,Windows11,Security,4673,4,,,,,,,,,,,4,60107,Failed attempt to perform a privileged operation,[T1078],"[Defense Evasion, Persistence, Privilege Escalation, Initial Access]",[Valid Accounts]
4444,Attack Step 3,"May 9, 2025 @ 15:58:36.908",15,10.12.25.3,Windows11,Security,4673,4,,,,,,,,,,,4,60107,Failed attempt to perform a privileged operation,[T1078],"[Defense Evasion, Persistence, Privilege Escalation, Initial Access]",[Valid Accounts]
4445,Attack Step 3,"May 9, 2025 @ 15:58:37.048",15,10.12.25.3,Windows11,Security,4673,4,,,,,,,,,,,4,60107,Failed attempt to perform a privileged operation,[T1078],"[Defense Evasion, Persistence, Privilege Escalation, Initial Access]",[Valid Accounts]
4446,Attack Step 3,"May 9, 2025 @ 15:58:37.082",15,10.12.25.3,Windows11,Security,4673,4,,,,,,,,,,,4,60107,Failed attempt to perform a privileged operation,[T1078],"[Defense Evasion, Persistence, Privilege Escalation, Initial Access]",[Valid Accounts]
4447,Attack Step 3,"May 9, 2025 @ 15:58:37.158",15,10.12.25.3,Windows11,Security,4673,4,,,,,,,,,,,4,60107,Failed attempt to perform a privileged operation,[T1078],"[Defense Evasion, Persistence, Privilege Escalation, Initial Access]",[Valid Accounts]
4448,Attack Step 3,"May 9, 2025 @ 15:58:37.264",15,10.12.25.3,Windows11,Security,4673,4,,,,,,,,,,,4,60107,Failed attempt to perform a privileged operation,[T1078],"[Defense Evasion, Persistence, Privilege Escalation, Initial Access]",[Valid Accounts]
4449,Attack Step 3,"May 9, 2025 @ 15:58:37.470",15,10.12.25.3,Windows11,Security,4673,4,,,,,,,,,,,4,60107,Failed attempt to perform a privileged operation,[T1078],"[Defense Evasion, Persistence, Privilege Escalation, Initial Access]",[Valid Accounts]
4450,Attack Step 3,"May 9, 2025 @ 15:58:37.567",15,10.12.25.3,Windows11,Security,4688,4,,,,,,,,,taskhostw.exe,,3,67027,A process was created.,,,
4451,Attack Step 3,"May 9, 2025 @ 15:58:37.743",15,10.12.25.3,Windows11,Security,4673,4,,,,,,,,,,,4,60107,Failed attempt to perform a privileged operation,[T1078],"[Defense Evasion, Persistence, Privilege Escalation, Initial Access]",[Valid Accounts]
4452,Attack Step 3,"May 9, 2025 @ 15:58:38.091",15,10.12.25.3,Windows11,Security,4673,4,,,,,,,,,,,4,60107,Failed attempt to perform a privileged operation,[T1078],"[Defense Evasion, Persistence, Privilege Escalation, Initial Access]",[Valid Accounts]
4453,Attack Step 3,"May 9, 2025 @ 15:58:38.527",15,10.12.25.3,Windows11,Security,4673,4,,,,,,,,,,,4,60107,Failed attempt to perform a privileged operation,[T1078],"[Defense Evasion, Persistence, Privilege Escalation, Initial Access]",[Valid Accounts]
4454,Attack Step 3,"May 9, 2025 @ 15:58:38.634",15,10.12.25.3,Windows11,Security,4673,4,,,,,,,,,,,4,60107,Failed attempt to perform a privileged operation,[T1078],"[Defense Evasion, Persistence, Privilege Escalation, Initial Access]",[Valid Accounts]
4455,Attack Step 3,"May 9, 2025 @ 15:58:38.748",15,10.12.25.3,Windows11,Security,4673,4,,,,,,,,,,,4,60107,Failed attempt to perform a privileged operation,[T1078],"[Defense Evasion, Persistence, Privilege Escalation, Initial Access]",[Valid Accounts]
4456,Attack Step 3,"May 9, 2025 @ 15:58:38.863",15,10.12.25.3,Windows11,Security,4673,4,,,,,,,,,,,4,60107,Failed attempt to perform a privileged operation,[T1078],"[Defense Evasion, Persistence, Privilege Escalation, Initial Access]",[Valid Accounts]
4457,Attack Step 3,"May 9, 2025 @ 15:58:38.923",15,10.12.25.3,Windows11,Security,4673,4,,,,,,,,,,,4,60107,Failed attempt to perform a privileged operation,[T1078],"[Defense Evasion, Persistence, Privilege Escalation, Initial Access]",[Valid Accounts]
4458,Attack Step 3,"May 9, 2025 @ 15:58:39.113",15,10.12.25.3,Windows11,Security,4688,4,,,,,,,,,"\""C:\\WINDOWS\\system32\\BackgroundTaskHost.exe\"" -ServerName:BackgroundTaskHost.WebAccountProvider",,3,67027,A process was created.,,,
4459,Attack Step 3,"May 9, 2025 @ 15:58:39.114",15,10.12.25.3,Windows11,Security,4688,4,,,,,,,,,C:\\Windows\\System32\\RuntimeBroker.exe -Embedding,,3,67027,A process was created.,,,
4460,Attack Step 3,"May 9, 2025 @ 15:58:39.719",15,10.12.25.3,Windows11,Microsoft-Windows-Windows Defender/Operational,5007,3168,,,,,,,,,,,5,62154,Windows Defender: Antimalware platform feature configuration changed,,,
4461,Attack Step 3,"May 9, 2025 @ 15:58:41.531",15,10.12.25.3,Windows11,Security,4688,4,,,,,,,,,C:\\WINDOWS\\system32\\DllHost.exe /Processid:{AB8902B4-09CA-4BB6-B78D-A8F59079A8D5},,3,67027,A process was created.,,,
4462,Attack Step 3,"May 9, 2025 @ 15:58:43.163",15,10.12.25.3,Windows11,Security,4688,4,,,,,,,,,C:\\WINDOWS\\system32\\DllHost.exe /Processid:{133EAC4F-5891-4D04-BADA-D84870380A80},,3,67027,A process was created.,,,
4463,Attack Step 3,"May 9, 2025 @ 15:58:43.239",15,10.12.25.3,Windows11,Security,4688,4,,,,,,,,,C:\\WINDOWS\\System32\\sdbinst.exe -m -bg,,3,67027,A process was created.,,,
4464,Attack Step 3,"May 9, 2025 @ 15:58:43.252",15,10.12.25.3,Windows11,Security,4688,4,,,,,,,,,\\??\\C:\\WINDOWS\\system32\\conhost.exe 0xffffffff -ForceV1,,3,67027,A process was created.,,,
4465,Attack Step 3,"May 9, 2025 @ 15:58:43.423",15,10.12.25.3,Windows11,Microsoft-Windows-Sysmon/Operational,1,3088,,,,,,,NT AUTHORITY\\SYSTEM,C:\\WINDOWS\\System32\\svchost.exe -k LocalSystemNetworkRestricted -p,C:\\WINDOWS\\System32\\sdbinst.exe -m -bg,,12,92058,Application Compatibility Database launched,[T1546.011],"[Privilege Escalation, Persistence]",[Application Shimming]
4466,Attack Step 3,"May 9, 2025 @ 15:58:48.945",15,10.12.25.3,Windows11,Security,4688,4,,,,,,,,,C:\\Windows\\System32\\smartscreen.exe -Embedding,,3,67027,A process was created.,,,
4467,Attack Step 3,"May 9, 2025 @ 15:58:50.026",15,10.12.25.3,Windows11,Security,4688,4,,,,,,,,,\\\\?\\C:\\Windows\\System32\\SecurityHealth\\10.0.27777.1008-0\\SecurityHealthHost.exe {08728914-3F57-4D52-9E31-49DAECA5A80A} -Embedding,,3,67027,A process was created.,,,
4468,Attack Step 3,"May 9, 2025 @ 15:59:02.123",16,10.12.25.5,Windows11EWS,Security,4688,4,,,,,,,,,C:\\WINDOWS\\system32\\wbem\\wmiprvse.exe -secured -Embedding,,3,67027,A process was created.,,,
4469,Attack Step 3,"May 9, 2025 @ 15:59:02.142",16,10.12.25.5,Windows11EWS,Security,4624,960,,Negotiate,Advapi,,,,,,,,3,60106,Windows Logon Success,[T1078],"[Defense Evasion, Persistence, Privilege Escalation, Initial Access]",[Valid Accounts]
4470,Attack Step 3,"May 9, 2025 @ 15:59:02.219",16,10.12.25.5,Windows11EWS,Security,4688,4,,,,,,,,,C:\\WINDOWS\\servicing\\TrustedInstaller.exe,,3,67027,A process was created.,,,
4471,Attack Step 3,"May 9, 2025 @ 15:59:02.357",16,10.12.25.5,Windows11EWS,Security,4688,4,,,,,,,,,C:\\WINDOWS\\winsxs\\amd64_microsoft-windows-servicingstack_31bf3856ad364e35_10.0.26100.3764_none_a5067b2d776484b6\\TiWorker.exe -Embedding,,3,67027,A process was created.,,,
4472,Attack Step 3,"May 9, 2025 @ 15:59:09.139",15,10.12.25.3,Windows11,Security,4688,4,,,,,,,,,taskhostw.exe -flow showtoast -checkup recoverability,,3,67027,A process was created.,,,
4473,Attack Step 3,"May 9, 2025 @ 15:59:45.454",15,10.12.25.3,Windows11,Security,4688,4,,,,,,,,,"\""C:\\WINDOWS\\System32\\SearchProtocolHost.exe\"" Global\\UsGthrFltPipeMssGthrPipe_S-1-5-21-1228744127-581660863-1459446450-10013_ Global\\UsGthrCtrlFltPipeMssGthrPipe_S-1-5-21-1228744127-581660863-1459446450-10013 1 -2147483646 \""Software\\Microsoft\\Windows Search\"" \""Mozilla/4.0 (compatible; MSIE 6.0; Windows NT; MS Search 4.0 Robot)\"" \""C:\\ProgramData\\Microsoft\\Search\\Data\\Temp\\usgthrsvc\"" \""DownLevelDaemon\""  \""1\""",,3,67027,A process was created.,,,
4474,Attack Step 3,"May 9, 2025 @ 16:00:03.749",16,10.12.25.5,Windows11EWS,Security,4688,4,,,,,,,,,"\""C:\\WINDOWS\\uus\\packages\\preview\\AMD64\\MoUsoCoreWorker.exe\"" useprivatenamespaces",,3,67027,A process was created.,,,
4475,Attack Step 3,"May 9, 2025 @ 16:00:05.384",16,10.12.25.5,Windows11EWS,Security,4688,4,,,,,,,,,C:\\WINDOWS\\system32\\svchost.exe -k wusvcs -p,,3,67027,A process was created.,,,
4476,Attack Step 3,"May 9, 2025 @ 16:00:05.395",16,10.12.25.5,Windows11EWS,Security,4624,960,,Negotiate,Advapi,,,,,,,,3,60106,Windows Logon Success,[T1078],"[Defense Evasion, Persistence, Privilege Escalation, Initial Access]",[Valid Accounts]
4477,Attack Step 3,"May 9, 2025 @ 16:00:07.760",16,10.12.25.5,Windows11EWS,Security,4688,4,,,,,,,,,C:\\WINDOWS\\system32\\sppsvc.exe,,3,67027,A process was created.,,,
4478,Attack Step 3,"May 9, 2025 @ 16:00:13.426",15,10.12.25.3,Windows11,Security,4688,4,,,,,,,,,taskhostw.exe,,3,67027,A process was created.,,,
4479,Attack Step 3,"May 9, 2025 @ 16:00:14.491",15,10.12.25.3,Windows11,Security,4624,888,,Negotiate,Advapi,,,,,,,,3,60106,Windows Logon Success,[T1078],"[Defense Evasion, Persistence, Privilege Escalation, Initial Access]",[Valid Accounts]
4480,Attack Step 3,"May 9, 2025 @ 16:00:14.579",15,10.12.25.3,Windows11,Security,4688,4,,,,,,,,,C:\\WINDOWS\\winsxs\\amd64_microsoft-windows-servicingstack_31bf3856ad364e35_10.0.26100.3764_none_a5067b2d776484b6\\TiWorker.exe -Embedding,,3,67027,A process was created.,,,
4481,Attack Step 3,"May 9, 2025 @ 16:00:14.589",15,10.12.25.3,Windows11,Security,4688,4,,,,,,,,,C:\\WINDOWS\\servicing\\TrustedInstaller.exe,,3,67027,A process was created.,,,
4482,Attack Step 3,"May 9, 2025 @ 16:00:25.957",16,10.12.25.5,Windows11EWS,Security,4624,960,,Negotiate,Advapi,,,,,,,,3,60106,Windows Logon Success,[T1078],"[Defense Evasion, Persistence, Privilege Escalation, Initial Access]",[Valid Accounts]
4483,Attack Step 3,"May 9, 2025 @ 16:00:25.995",16,10.12.25.5,Windows11EWS,Security,4688,4,,,,,,,,,C:\\WINDOWS\\system32\\svchost.exe -k wsappx -p,,3,67027,A process was created.,,,
4484,Attack Step 3,"May 9, 2025 @ 16:00:28.396",16,10.12.25.5,Windows11EWS,Security,4688,4,,,,,,,,,C:\\WINDOWS\\System32\\sdbinst.exe -m -bg,,3,67027,A process was created.,,,
4485,Attack Step 3,"May 9, 2025 @ 16:00:28.398",16,10.12.25.5,Windows11EWS,Microsoft-Windows-Sysmon/Operational,1,3668,,,,,,,NT AUTHORITY\\SYSTEM,,C:\\WINDOWS\\System32\\sdbinst.exe -m -bg,,12,92058,Application Compatibility Database launched,[T1546.011],"[Privilege Escalation, Persistence]",[Application Shimming]
4486,Attack Step 3,"May 9, 2025 @ 16:00:28.400",16,10.12.25.5,Windows11EWS,Security,4688,4,,,,,,,,,\\??\\C:\\WINDOWS\\system32\\conhost.exe 0xffffffff -ForceV1,,3,67027,A process was created.,,,
4487,Attack Step 3,"May 9, 2025 @ 16:00:39.065",16,10.12.25.5,Windows11EWS,Application,16384,4264,,,,,,,,,,,3,60642,Software protection service scheduled successfully.,,,
4488,Attack Step 3,"May 9, 2025 @ 16:00:44.835",15,10.12.25.3,Windows11,Security,4688,4,,,,,,,,,"\""C:\\WINDOWS\\uus\\packages\\preview\\AMD64\\MoUsoCoreWorker.exe\"" useprivatenamespaces",,3,67027,A process was created.,,,
4489,Attack Step 3,"May 9, 2025 @ 16:00:44.927",15,10.12.25.3,Windows11,Security,4624,888,,Negotiate,Advapi,,,,,,,,3,60106,Windows Logon Success,[T1078],"[Defense Evasion, Persistence, Privilege Escalation, Initial Access]",[Valid Accounts]
4490,Attack Step 3,"May 9, 2025 @ 16:00:44.935",15,10.12.25.3,Windows11,Security,4688,4,,,,,,,,,C:\\WINDOWS\\system32\\svchost.exe -k wusvcs -p,,3,67027,A process was created.,,,
4491,Attack Step 3,"May 9, 2025 @ 16:00:46.669",15,10.12.25.3,Windows11,Security,4688,4,,,,,,,,,"\""C:\\WINDOWS\\system32\\BackgroundTaskHost.exe\"" -ServerName:BackgroundTaskHost.WebAccountProvider",,3,67027,A process was created.,,,
4492,Attack Step 3,"May 9, 2025 @ 16:00:46.669",15,10.12.25.3,Windows11,Security,4673,4,,,,,,,,,,,4,60107,Failed attempt to perform a privileged operation,[T1078],"[Defense Evasion, Persistence, Privilege Escalation, Initial Access]",[Valid Accounts]
4493,Attack Step 3,"May 9, 2025 @ 16:00:46.685",15,10.12.25.3,Windows11,Security,4688,4,,,,,,,,,C:\\Windows\\System32\\RuntimeBroker.exe -Embedding,,3,67027,A process was created.,,,
4494,Attack Step 3,"May 9, 2025 @ 16:00:50.359",15,10.12.25.3,Windows11,Security,4673,4,,,,,,,,,,,4,60107,Failed attempt to perform a privileged operation,[T1078],"[Defense Evasion, Persistence, Privilege Escalation, Initial Access]",[Valid Accounts]
4495,Attack Step 3,"May 9, 2025 @ 16:00:50.363",15,10.12.25.3,Windows11,Security,4688,4,,,,,,,,,"\""C:\\WINDOWS\\system32\\BackgroundTaskHost.exe\"" -ServerName:BackgroundTaskHost.WebAccountProvider",,3,67027,A process was created.,,,
4496,Attack Step 3,"May 9, 2025 @ 16:00:52.776",15,10.12.25.3,Windows11,Security,4688,4,,,,,,,,,taskhostw.exe,,3,67027,A process was created.,,,
4497,Attack Step 3,"May 9, 2025 @ 16:00:54.583",15,10.12.25.3,Windows11,Security,4688,4,,,,,,,,,"\""C:\\WINDOWS\\system32\\usoclient.exe\"" StartScan",,3,67027,A process was created.,,,
4498,Attack Step 3,"May 9, 2025 @ 16:02:15.319",16,10.12.25.5,Windows11EWS,Security,4688,4,,,,,,,,,"\""C:\\WINDOWS\\system32\\usoclient.exe\"" StartScan",,3,67027,A process was created.,,,
4499,Attack Step 3,"May 9, 2025 @ 16:02:15.330",16,10.12.25.5,Windows11EWS,Security,4688,4,,,,,,,,,"\""C:\\WINDOWS\\uus\\packages\\preview\\AMD64\\MoUsoCoreWorker.exe\"" useprivatenamespaces",,3,67027,A process was created.,,,
4500,Attack Step 3,"May 9, 2025 @ 16:02:15.369",16,10.12.25.5,Windows11EWS,Security,4624,960,,Negotiate,Advapi,,,,,,,,3,60106,Windows Logon Success,[T1078],"[Defense Evasion, Persistence, Privilege Escalation, Initial Access]",[Valid Accounts]
4501,Attack Step 3,"May 9, 2025 @ 16:02:15.424",16,10.12.25.5,Windows11EWS,Security,4688,4,,,,,,,,,C:\\WINDOWS\\system32\\svchost.exe -k wusvcs -p,,3,67027,A process was created.,,,
4502,Attack Step 3,"May 9, 2025 @ 16:05:04.829",16,10.12.25.5,Windows11EWS,Security,4688,4,,,,,,,,,"\""C:\\Program Files\\Siemens\\Automation\\TIAADMIN\\server\\node.exe\"" \""--no-warnings\"" \""C:\\Program Files\\Siemens\\Automation\\TIAADMIN\\server\\server.js\"" \""--runservice\""",,3,67027,A process was created.,,,
4503,Attack Step 3,"May 9, 2025 @ 16:05:07.186",16,10.12.25.5,Windows11EWS,Security,4688,4,,,,,,,,,C:\\WINDOWS\\system32\\sc.exe qc SiemensTiaAdmin,,3,67027,A process was created.,,,
4504,Attack Step 3,"May 9, 2025 @ 16:05:07.236",16,10.12.25.5,Windows11EWS,Security,4688,4,,,,,,,,,\\??\\C:\\WINDOWS\\system32\\conhost.exe 0xffffffff -ForceV1,,3,67027,A process was created.,,,
4505,Attack Step 3,"May 9, 2025 @ 16:05:07.243",16,10.12.25.5,Windows11EWS,Security,4688,4,,,,,,,,,\\??\\C:\\WINDOWS\\system32\\conhost.exe 0xffffffff -ForceV1,,3,67027,A process was created.,,,
4506,Attack Step 3,"May 9, 2025 @ 16:05:07.243",16,10.12.25.5,Windows11EWS,Security,4688,4,,,,,,,,,C:\\WINDOWS\\system32\\sc.exe qsidtype SiemensTiaAdmin,,3,67027,A process was created.,,,
4507,Attack Step 3,"May 9, 2025 @ 16:05:07.243",16,10.12.25.5,Windows11EWS,Security,4688,4,,,,,,,,,\\??\\C:\\WINDOWS\\system32\\conhost.exe 0xffffffff -ForceV1,,3,67027,A process was created.,,,
4508,Attack Step 3,"May 9, 2025 @ 16:05:07.243",16,10.12.25.5,Windows11EWS,Security,4688,4,,,,,,,,,\\??\\C:\\WINDOWS\\system32\\conhost.exe 0xffffffff -ForceV1,,3,67027,A process was created.,,,
4509,Attack Step 3,"May 9, 2025 @ 16:05:07.244",16,10.12.25.5,Windows11EWS,Security,4688,4,,,,,,,,,C:\\WINDOWS\\system32\\sc.exe qfailure SiemensTiaAdmin,,3,67027,A process was created.,,,
4510,Attack Step 3,"May 9, 2025 @ 16:05:07.245",16,10.12.25.5,Windows11EWS,Security,4688,4,,,,,,,,,C:\\WINDOWS\\system32\\sc.exe queryex SiemensTiaAdmin,,3,67027,A process was created.,,,
4511,Attack Step 3,"May 9, 2025 @ 16:05:08.247",16,10.12.25.5,Windows11EWS,Security,4688,4,,,,,,,,,C:\\WINDOWS\\system32\\sc.exe qprivs SiemensTiaAdmin,,3,67027,A process was created.,,,
4512,Attack Step 3,"May 9, 2025 @ 16:05:08.271",16,10.12.25.5,Windows11EWS,Security,4688,4,,,,,,,,,\\??\\C:\\WINDOWS\\system32\\conhost.exe 0xffffffff -ForceV1,,3,67027,A process was created.,,,
4513,Attack Step 3,"May 9, 2025 @ 16:05:08.356",16,10.12.25.5,Windows11EWS,Security,4688,4,,,,,,,,,C:\\WINDOWS\\system32\\certutil.exe -verifystore Root Windows11EWS-TIAADMIN-SYSTEM,,3,67027,A process was created.,,,
4514,Attack Step 3,"May 9, 2025 @ 16:05:08.363",16,10.12.25.5,Windows11EWS,Security,4688,4,,,,,,,,,\\??\\C:\\WINDOWS\\system32\\conhost.exe 0xffffffff -ForceV1,,3,67027,A process was created.,,,
4515,Attack Step 3,"May 9, 2025 @ 16:05:08.389",16,10.12.25.5,Windows11EWS,Security,4688,4,,,,,,,,,"\""C:\\Program Files\\Siemens\\Automation\\TIAADMIN\\server\\node.exe\"" --no-warnings \""C:\\Program Files\\Siemens\\Automation\\TIAADMIN\\server\\server.js\"" --runfork --runservice",,3,67027,A process was created.,,,
4516,Attack Step 3,"May 9, 2025 @ 16:05:08.456",16,10.12.25.5,Windows11EWS,Security,4688,4,,,,,,,,,\\??\\C:\\WINDOWS\\system32\\conhost.exe 0xffffffff -ForceV1,,3,67027,A process was created.,,,
4517,Attack Step 3,"May 9, 2025 @ 16:05:21.662",16,10.12.25.5,Windows11EWS,Security,4688,4,,,,,,,,,C:\\WINDOWS\\system32\\sc.exe qc almservice,,3,67027,A process was created.,,,
4518,Attack Step 3,"May 9, 2025 @ 16:05:21.670",16,10.12.25.5,Windows11EWS,Security,4688,4,,,,,,,,,\\??\\C:\\WINDOWS\\system32\\conhost.exe 0xffffffff -ForceV1,,3,67027,A process was created.,,,
4519,Attack Step 3,"May 9, 2025 @ 16:05:21.713",16,10.12.25.5,Windows11EWS,Security,4688,4,,,,,,,,,\\??\\C:\\WINDOWS\\system32\\conhost.exe 0xffffffff -ForceV1,,3,67027,A process was created.,,,
4520,Attack Step 3,"May 9, 2025 @ 16:05:21.713",16,10.12.25.5,Windows11EWS,Security,4688,4,,,,,,,,,C:\\WINDOWS\\system32\\sc.exe qc almservice,,3,67027,A process was created.,,,
4521,Attack Step 3,"May 9, 2025 @ 16:05:23.340",16,10.12.25.5,Windows11EWS,Security,4688,4,,,,,,,,,"C:\\WINDOWS\\system32\\cmd.exe /d /s /c \""wmic logicaldisk get Caption,FreeSpace,Size,VolumeSerialNumber,Description  /format:list\""",,3,67027,A process was created.,,,
4522,Attack Step 3,"May 9, 2025 @ 16:05:23.377",16,10.12.25.5,Windows11EWS,Security,4688,4,,,,,,,,,"\""C:\\Program Files\\Siemens\\Automation\\TIAADMIN\\server\\modules\\soft\\native\\BITSJobsInventory.exe\"" \""\"" \""\"" \""\""",,3,67027,A process was created.,,,
4523,Attack Step 3,"May 9, 2025 @ 16:05:23.381",16,10.12.25.5,Windows11EWS,Microsoft-Windows-Sysmon/Operational,1,3668,,,,,,,NT AUTHORITY\\SYSTEM,"\""C:\\Program Files\\Siemens\\Automation\\TIAADMIN\\server\\node.exe\"" \""--no-warnings\"" \""C:\\Program Files\\Siemens\\Automation\\TIAADMIN\\server\\server.js\"" \""--runservice\""","C:\\WINDOWS\\system32\\cmd.exe /d /s /c \""wmic logicaldisk get Caption,FreeSpace,Size,VolumeSerialNumber,Description  /format:list\""",,4,92052,Windows command prompt started by an abnormal process,[T1059.003],[Execution],[Windows Command Shell]
4524,Attack Step 3,"May 9, 2025 @ 16:05:23.394",16,10.12.25.5,Windows11EWS,Security,4688,4,,,,,,,,,"C:\\WINDOWS\\system32\\cmd.exe /d /s /c \""%windir%\\System32\\REG QUERY HKEY_LOCAL_MACHINE\\SOFTWARE\\Microsoft\\Cryptography /v MachineGuid\""",,3,67027,A process was created.,,,
4525,Attack Step 3,"May 9, 2025 @ 16:05:23.400",16,10.12.25.5,Windows11EWS,Security,4688,4,,,,,,,,,\\??\\C:\\WINDOWS\\system32\\conhost.exe 0xffffffff -ForceV1,,3,67027,A process was created.,,,
4526,Attack Step 3,"May 9, 2025 @ 16:05:23.401",16,10.12.25.5,Windows11EWS,Microsoft-Windows-Sysmon/Operational,1,3668,,,,,,,NT AUTHORITY\\SYSTEM,"\""C:\\Program Files\\Siemens\\Automation\\TIAADMIN\\server\\node.exe\"" \""--no-warnings\"" \""C:\\Program Files\\Siemens\\Automation\\TIAADMIN\\server\\server.js\"" \""--runservice\""","C:\\WINDOWS\\system32\\cmd.exe /d /s /c \""%%windir%%\\System32\\REG QUERY HKEY_LOCAL_MACHINE\\SOFTWARE\\Microsoft\\Cryptography /v MachineGuid\""",,4,92052,Windows command prompt started by an abnormal process,[T1059.003],[Execution],[Windows Command Shell]
4527,Attack Step 3,"May 9, 2025 @ 16:05:23.408",16,10.12.25.5,Windows11EWS,Security,4688,4,,,,,,,,,\\??\\C:\\WINDOWS\\system32\\conhost.exe 0xffffffff -ForceV1,,3,67027,A process was created.,,,
4528,Attack Step 3,"May 9, 2025 @ 16:05:23.422",16,10.12.25.5,Windows11EWS,Security,4688,4,,,,,,,,,C:\\WINDOWS\\System32\\REG  QUERY HKEY_LOCAL_MACHINE\\SOFTWARE\\Microsoft\\Cryptography /v MachineGuid,,3,67027,A process was created.,,,
4529,Attack Step 3,"May 9, 2025 @ 16:05:24.907",16,10.12.25.5,Windows11EWS,System,7040,916,,,,,,,,,,,3,61104,Service startup type was changed,,,
4530,Attack Step 3,"May 9, 2025 @ 16:05:24.917",16,10.12.25.5,Windows11EWS,System,7031,916,,,,,,,,,,,5,61107,TIA Administrator terminated unexpectedly,,,
4531,Attack Step 3,"May 9, 2025 @ 16:07:25.975",15,10.12.25.3,Windows11,Security,4688,4,,,,,,,,,"\""C:\\WINDOWS\\System32\\SearchProtocolHost.exe\"" Global\\UsGthrFltPipeMssGthrPipe_S-1-5-21-1228744127-581660863-1459446450-10014_ Global\\UsGthrCtrlFltPipeMssGthrPipe_S-1-5-21-1228744127-581660863-1459446450-10014 1 -2147483646 \""Software\\Microsoft\\Windows Search\"" \""Mozilla/4.0 (compatible; MSIE 6.0; Windows NT; MS Search 4.0 Robot)\"" \""C:\\ProgramData\\Microsoft\\Search\\Data\\Temp\\usgthrsvc\"" \""DownLevelDaemon\""  \""1\""",,3,67027,A process was created.,,,
4532,Attack Step 3,"May 9, 2025 @ 16:07:42.660",15,10.12.25.3,Windows11,Security,4688,4,,,,,,,,,"\""C:\\WINDOWS\\uus\\packages\\preview\\AMD64\\MoUsoCoreWorker.exe\"" useprivatenamespaces",,3,67027,A process was created.,,,
4533,Attack Step 3,"May 9, 2025 @ 16:07:42.738",15,10.12.25.3,Windows11,Security,4688,4,,,,,,,,,"\""LogonUI.exe\"" /flags:0x0 /state0:0xa3d01055 /state1:0x41c64e6d",,3,67027,A process was created.,,,
4534,Attack Step 3,"May 9, 2025 @ 16:07:42.819",15,10.12.25.3,Windows11,Security,4688,4,,,,,,,,,C:\\WINDOWS\\system32\\TSTheme.exe -Embedding,,3,67027,A process was created.,,,
4535,Attack Step 3,"May 9, 2025 @ 16:07:42.912",15,10.12.25.3,Windows11,Security,4624,888,,Negotiate,Advapi,,,,,,,,3,60106,Windows Logon Success,[T1078],"[Defense Evasion, Persistence, Privilege Escalation, Initial Access]",[Valid Accounts]
4536,Attack Step 3,"May 9, 2025 @ 16:07:43.098",15,10.12.25.3,Windows11,Security,4624,888,,Negotiate,Advapi,,,,,,,,3,60106,Windows Logon Success,[T1078],"[Defense Evasion, Persistence, Privilege Escalation, Initial Access]",[Valid Accounts]
4537,Attack Step 3,"May 9, 2025 @ 16:07:43.189",15,10.12.25.3,Windows11,Security,4688,4,,,,,,,,,C:\\WINDOWS\\System32\\svchost.exe -k CameraMonitor,,3,67027,A process was created.,,,
4538,Attack Step 3,"May 9, 2025 @ 16:07:43.242",15,10.12.25.3,Windows11,Security,4688,4,,,,,,,,,C:\\WINDOWS\\system32\\svchost.exe -k wusvcs -p,,3,67027,A process was created.,,,
4539,Attack Step 3,"May 9, 2025 @ 16:07:43.990",15,10.12.25.3,Windows11,Security,4688,4,,,,,,,,,taskhostw.exe KEYROAMING,,3,67027,A process was created.,,,
4540,Attack Step 3,"May 9, 2025 @ 16:07:43.994",15,10.12.25.3,Windows11,Security,4688,4,,,,,,,,,C:\\WINDOWS\\system32\\DllHost.exe /Processid:{AB8902B4-09CA-4BB6-B78D-A8F59079A8D5},,3,67027,A process was created.,,,
4541,Attack Step 3,"May 9, 2025 @ 16:07:43.998",15,10.12.25.3,Windows11,Security,4673,4,,,,,,,,,,,4,60107,Failed attempt to perform a privileged operation,[T1078],"[Defense Evasion, Persistence, Privilege Escalation, Initial Access]",[Valid Accounts]
4542,Attack Step 3,"May 9, 2025 @ 16:07:44.009",15,10.12.25.3,Windows11,Security,4688,4,,,,,,,,,"\""C:\\WINDOWS\\system32\\BackgroundTaskHost.exe\"" -ServerName:BackgroundTaskHost.WebAccountProvider",,3,67027,A process was created.,,,
4543,Attack Step 3,"May 9, 2025 @ 16:07:44.016",15,10.12.25.3,Windows11,Security,4688,4,,,,,,,,,C:\\Windows\\System32\\RuntimeBroker.exe -Embedding,,3,67027,A process was created.,,,
4544,Attack Step 3,"May 9, 2025 @ 16:11:11.606",16,10.12.25.5,Windows11EWS,Security,4688,4,,,,,,,,,"\""C:\\Program Files (x86)\\Microsoft\\EdgeUpdate\\MicrosoftEdgeUpdate.exe\"" /ua /installsource core",,3,67027,A process was created.,,,
4545,Attack Step 3,"May 9, 2025 @ 16:11:44.799",15,10.12.25.3,Windows11,Security,4688,4,,,,,,,,,"\""C:\\Program Files (x86)\\Microsoft\\EdgeUpdate\\MicrosoftEdgeUpdate.exe\"" /ua /installsource core",,3,67027,A process was created.,,,
4546,Attack Step 4,"May 9, 2025 @ 16:15:26.012",15,10.12.25.3,Windows11,Security,4672,888,,,,,,,,,,,3,67028,Special privileges assigned to new logon.,[T1484],"[Defense Evasion, Privilege Escalation]",[Domain Policy Modification]
4547,Attack Step 4,"May 9, 2025 @ 16:15:26.015",15,10.12.25.3,Windows11,Security,4624,888,,NTLM,NtLmSsp,10.12.25.23,,,,,,,6,92652,"Successful Remote Logon Detected - User:\Windows11 - NTLM authentication, possible pass-the-hash attack.",[T1550.002 T1078.002],"[Defense Evasion, Lateral Movement, Persistence, Privilege Escalation, Initial Access]","[Pass the Hash, Domain Accounts]"
4548,Attack Step 4,"May 9, 2025 @ 16:15:26.122",15,10.12.25.3,Windows11,Security,4688,4,,,,,,,,,C:\\WINDOWS\\system32\\wsmprovhost.exe -Embedding,,3,67027,A process was created.,,,
4549,Attack Step 4,"May 9, 2025 @ 16:15:28.136",15,10.12.25.3,Windows11,Microsoft-Windows-Sysmon/Operational,11,3088,,,,,,,Windows11\\Windows11,,,,15,92213,Executable file dropped in folder commonly used by malware,[T1105],[Command and Control],[Ingress Tool Transfer]
4550,Attack Step 4,"May 9, 2025 @ 16:15:53.969",15,10.12.25.3,Windows11,Security,4624,888,,Negotiate,Advapi,,,,,,,,3,60106,Windows Logon Success,[T1078],"[Defense Evasion, Persistence, Privilege Escalation, Initial Access]",[Valid Accounts]
4551,Attack Step 4,"May 9, 2025 @ 16:15:54.015",15,10.12.25.3,Windows11,Security,4688,4,,,,,,,,,C:\\WINDOWS\\system32\\svchost.exe -k GPSvcGroup,,3,67027,A process was created.,,,
4552,Attack Step 4,"May 9, 2025 @ 16:16:09.050",15,10.12.25.3,Windows11,Security,4624,888,,NTLM,NtLmSsp,10.12.25.23,,,,,,,6,92652,"Successful Remote Logon Detected - User:\Windows11 - NTLM authentication, possible pass-the-hash attack.",[T1550.002 T1078.002],"[Defense Evasion, Lateral Movement, Persistence, Privilege Escalation, Initial Access]","[Pass the Hash, Domain Accounts]"
4553,Attack Step 4,"May 9, 2025 @ 16:16:09.050",15,10.12.25.3,Windows11,Security,4672,888,,,,,,,,,,,3,67028,Special privileges assigned to new logon.,[T1484],"[Defense Evasion, Privilege Escalation]",[Domain Policy Modification]
4554,Attack Step 4,"May 9, 2025 @ 16:16:14.213",15,10.12.25.3,Windows11,Microsoft-Windows-PowerShell/Operational,4103,7040,,,,,,,,,,"CommandInvocation(Invoke-WebRequest): \""Invoke-WebRequest\""  ParameterBinding(Invoke-WebRequest): name=\""Uri\""; value=\""https://download.sysinternals.com/files/PSTools.zip\""  ParameterBinding(Invoke-WebRequest): name=\""OutFile\""; value=\""C:\\Users\\Public\\PSTools4.zip\""",5,100206,"Invoke Webrequest executed, possible download cradle detected.",[T1059.001],[Execution],[PowerShell]
4555,Attack Step 4,"May 9, 2025 @ 16:16:14.773",15,10.12.25.3,Windows11,Security,4688,4,,,,,,,,,"\""C:\\WINDOWS\\System32\\SearchProtocolHost.exe\"" Global\\UsGthrFltPipeMssGthrPipe5_ Global\\UsGthrCtrlFltPipeMssGthrPipe5 1 -2147483646 \""Software\\Microsoft\\Windows Search\"" \""Mozilla/4.0 (compatible; MSIE 6.0; Windows NT; MS Search 4.0 Robot)\"" \""C:\\ProgramData\\Microsoft\\Search\\Data\\Temp\\usgthrsvc\"" \""DownLevelDaemon\""",,3,67027,A process was created.,,,
4556,Attack Step 4,"May 9, 2025 @ 16:16:30.554",15,10.12.25.3,Windows11,Microsoft-Windows-PowerShell/Operational,4104,7040,,,,,,,,,,,4,91811,"Powershell script executed ""Expand-Archive""",[T1105],[Command and Control],[Ingress Tool Transfer]
4557,Attack Step 4,"May 9, 2025 @ 16:16:30.591",15,10.12.25.3,Windows11,Security,4672,888,,,,,,,,,,,3,67028,Special privileges assigned to new logon.,[T1484],"[Defense Evasion, Privilege Escalation]",[Domain Policy Modification]
4558,Attack Step 4,"May 9, 2025 @ 16:16:30.591",15,10.12.25.3,Windows11,Security,4624,888,,NTLM,NtLmSsp,10.12.25.23,,,,,,,6,92652,"Successful Remote Logon Detected - User:\Windows11 - NTLM authentication, possible pass-the-hash attack.",[T1550.002 T1078.002],"[Defense Evasion, Lateral Movement, Persistence, Privilege Escalation, Initial Access]","[Pass the Hash, Domain Accounts]"
4559,Attack Step 4,"May 9, 2025 @ 16:16:32.700",15,10.12.25.3,Windows11,Microsoft-Windows-Sysmon/Operational,11,3088,,,,,,,Windows11\\Windows11,,,,12,92207,Executable file dropped in Users\Public folder,[T1105],[Command and Control],[Ingress Tool Transfer]
4560,Attack Step 4,"May 9, 2025 @ 16:16:32.719",15,10.12.25.3,Windows11,Microsoft-Windows-Sysmon/Operational,11,3088,,,,,,,Windows11\\Windows11,,,,12,92207,Executable file dropped in Users\Public folder,[T1105],[Command and Control],[Ingress Tool Transfer]
4561,Attack Step 4,"May 9, 2025 @ 16:16:32.806",15,10.12.25.3,Windows11,Microsoft-Windows-Sysmon/Operational,11,3088,,,,,,,Windows11\\Windows11,,,,12,92207,Executable file dropped in Users\Public folder,[T1105],[Command and Control],[Ingress Tool Transfer]
4562,Attack Step 4,"May 9, 2025 @ 16:16:32.807",15,10.12.25.3,Windows11,Microsoft-Windows-Sysmon/Operational,11,3088,,,,,,,Windows11\\Windows11,,,,12,92207,Executable file dropped in Users\Public folder,[T1105],[Command and Control],[Ingress Tool Transfer]
4563,Attack Step 4,"May 9, 2025 @ 16:16:32.859",15,10.12.25.3,Windows11,Microsoft-Windows-Sysmon/Operational,11,3088,,,,,,,Windows11\\Windows11,,,,12,92207,Executable file dropped in Users\Public folder,[T1105],[Command and Control],[Ingress Tool Transfer]
4564,Attack Step 4,"May 9, 2025 @ 16:16:32.923",15,10.12.25.3,Windows11,Microsoft-Windows-Sysmon/Operational,11,3088,,,,,,,Windows11\\Windows11,,,,12,92207,Executable file dropped in Users\Public folder,[T1105],[Command and Control],[Ingress Tool Transfer]
4565,Attack Step 4,"May 9, 2025 @ 16:16:32.924",15,10.12.25.3,Windows11,Microsoft-Windows-Sysmon/Operational,11,3088,,,,,,,Windows11\\Windows11,,,,12,92207,Executable file dropped in Users\Public folder,[T1105],[Command and Control],[Ingress Tool Transfer]
4566,Attack Step 4,"May 9, 2025 @ 16:16:32.925",15,10.12.25.3,Windows11,Microsoft-Windows-Sysmon/Operational,11,3088,,,,,,,Windows11\\Windows11,,,,12,92207,Executable file dropped in Users\Public folder,[T1105],[Command and Control],[Ingress Tool Transfer]
4567,Attack Step 4,"May 9, 2025 @ 16:16:32.925",15,10.12.25.3,Windows11,Microsoft-Windows-Sysmon/Operational,11,3088,,,,,,,Windows11\\Windows11,,,,12,92207,Executable file dropped in Users\Public folder,[T1105],[Command and Control],[Ingress Tool Transfer]
4568,Attack Step 4,"May 9, 2025 @ 16:16:32.929",15,10.12.25.3,Windows11,Microsoft-Windows-Sysmon/Operational,11,3088,,,,,,,Windows11\\Windows11,,,,12,92207,Executable file dropped in Users\Public folder,[T1105],[Command and Control],[Ingress Tool Transfer]
4569,Attack Step 4,"May 9, 2025 @ 16:16:32.965",15,10.12.25.3,Windows11,Microsoft-Windows-Sysmon/Operational,11,3088,,,,,,,Windows11\\Windows11,,,,12,92207,Executable file dropped in Users\Public folder,[T1105],[Command and Control],[Ingress Tool Transfer]
4570,Attack Step 4,"May 9, 2025 @ 16:16:33.029",15,10.12.25.3,Windows11,Microsoft-Windows-Sysmon/Operational,11,3088,,,,,,,Windows11\\Windows11,,,,12,92207,Executable file dropped in Users\Public folder,[T1105],[Command and Control],[Ingress Tool Transfer]
4571,Attack Step 4,"May 9, 2025 @ 16:16:33.091",15,10.12.25.3,Windows11,Microsoft-Windows-Sysmon/Operational,11,3088,,,,,,,Windows11\\Windows11,,,,12,92207,Executable file dropped in Users\Public folder,[T1105],[Command and Control],[Ingress Tool Transfer]
4572,Attack Step 4,"May 9, 2025 @ 16:16:33.144",15,10.12.25.3,Windows11,Microsoft-Windows-Sysmon/Operational,11,3088,,,,,,,Windows11\\Windows11,,,,12,92207,Executable file dropped in Users\Public folder,[T1105],[Command and Control],[Ingress Tool Transfer]
4573,Attack Step 4,"May 9, 2025 @ 16:16:33.148",15,10.12.25.3,Windows11,Microsoft-Windows-Sysmon/Operational,11,3088,,,,,,,Windows11\\Windows11,,,,12,92207,Executable file dropped in Users\Public folder,[T1105],[Command and Control],[Ingress Tool Transfer]
4574,Attack Step 4,"May 9, 2025 @ 16:16:33.230",15,10.12.25.3,Windows11,Microsoft-Windows-Sysmon/Operational,11,3088,,,,,,,Windows11\\Windows11,,,,12,92207,Executable file dropped in Users\Public folder,[T1105],[Command and Control],[Ingress Tool Transfer]
4575,Attack Step 4,"May 9, 2025 @ 16:16:33.308",15,10.12.25.3,Windows11,Microsoft-Windows-Sysmon/Operational,11,3088,,,,,,,Windows11\\Windows11,,,,12,92207,Executable file dropped in Users\Public folder,[T1105],[Command and Control],[Ingress Tool Transfer]
4576,Attack Step 4,"May 9, 2025 @ 16:16:33.371",15,10.12.25.3,Windows11,Microsoft-Windows-Sysmon/Operational,11,3088,,,,,,,Windows11\\Windows11,,,,12,92207,Executable file dropped in Users\Public folder,[T1105],[Command and Control],[Ingress Tool Transfer]
4577,Attack Step 4,"May 9, 2025 @ 16:16:33.413",15,10.12.25.3,Windows11,Microsoft-Windows-Sysmon/Operational,11,3088,,,,,,,Windows11\\Windows11,,,,12,92207,Executable file dropped in Users\Public folder,[T1105],[Command and Control],[Ingress Tool Transfer]
4578,Attack Step 4,"May 9, 2025 @ 16:16:33.486",15,10.12.25.3,Windows11,Microsoft-Windows-Sysmon/Operational,11,3088,,,,,,,Windows11\\Windows11,,,,12,92207,Executable file dropped in Users\Public folder,[T1105],[Command and Control],[Ingress Tool Transfer]
4579,Attack Step 4,"May 9, 2025 @ 16:16:33.490",15,10.12.25.3,Windows11,Microsoft-Windows-Sysmon/Operational,11,3088,,,,,,,Windows11\\Windows11,,,,12,92207,Executable file dropped in Users\Public folder,[T1105],[Command and Control],[Ingress Tool Transfer]
4580,Attack Step 4,"May 9, 2025 @ 16:16:33.534",15,10.12.25.3,Windows11,Microsoft-Windows-Sysmon/Operational,11,3088,,,,,,,Windows11\\Windows11,,,,12,92207,Executable file dropped in Users\Public folder,[T1105],[Command and Control],[Ingress Tool Transfer]
4581,Attack Step 4,"May 9, 2025 @ 16:16:33.605",15,10.12.25.3,Windows11,Microsoft-Windows-Sysmon/Operational,11,3088,,,,,,,Windows11\\Windows11,,,,12,92207,Executable file dropped in Users\Public folder,[T1105],[Command and Control],[Ingress Tool Transfer]
4582,Attack Step 4,"May 9, 2025 @ 16:16:33.605",15,10.12.25.3,Windows11,Microsoft-Windows-Sysmon/Operational,11,3088,,,,,,,Windows11\\Windows11,,,,12,92207,Executable file dropped in Users\Public folder,[T1105],[Command and Control],[Ingress Tool Transfer]
4583,Attack Step 4,"May 9, 2025 @ 16:16:33.649",15,10.12.25.3,Windows11,Microsoft-Windows-Sysmon/Operational,11,3088,,,,,,,Windows11\\Windows11,,,,12,92207,Executable file dropped in Users\Public folder,[T1105],[Command and Control],[Ingress Tool Transfer]
