1394,Normal,"May 9, 2025 @ 11:36:54.097",16,10.12.25.5,Windows11EWS,Microsoft-Windows-Sysmon/Operational,1,4416,,,,,,,NT AUTHORITY\\SYSTEM,"\""C:\\Program Files\\Siemens\\Automation\\TIAADMIN\\server\\node.exe\"" \""--no-warnings\"" \""C:\\Program Files\\Siemens\\Automation\\TIAADMIN\\server\\server.js\"" \""--runservice\""","C:\\WINDOWS\\system32\\cmd.exe /d /s /c \""%%windir%%\\System32\\REG QUERY HKEY_LOCAL_MACHINE\\SOFTWARE\\Microsoft\\Cryptography /v MachineGuid\""",,4,92052,Windows command prompt started by an abnormal process,[T1059.003],[Execution],[Windows Command Shell]
1395,Normal,"May 9, 2025 @ 11:36:54.728",16,10.12.25.5,Windows11EWS,System,7031,912,,,,,,,,,,,5,61107,TIA Administrator terminated unexpectedly,,,
1396,Normal,"May 9, 2025 @ 11:36:55.356",15,10.12.25.3,Windows11,Security,4688,4,,,,,,,,,C:\\WINDOWS\\system32\\wbem\\wmiprvse.exe -secured -Embedding,,3,67027,A process was created.,,,
1397,Normal,"May 9, 2025 @ 11:37:01.391",0,,wazuhVM,,,,,,,,,,,,,,7,533,Listened ports status (netstat) changed (new port opened or closed).,,,
1398,Normal,"May 9, 2025 @ 11:37:01.451",15,10.12.25.3,Windows11,System,20,1060,,,,,,,,,,,5,61102,Windows System error event,,,
1399,Normal,"May 9, 2025 @ 11:37:06.971",15,10.12.25.3,Windows11,Security,4688,4,,,,,,,,,C:\\WINDOWS\\system32\\compattelrunner.exe -cv:DFABG4rRc0W1LPz1.0.4 -wce:0000000000000210  -m:devinv.dll -f:CreateDeviceInventory,,3,67027,A process was created.,,,
1400,Normal,"May 9, 2025 @ 11:37:06.972",15,10.12.25.3,Windows11,Security,4688,4,,,,,,,,,"\""C:\\Program Files (x86)\\Microsoft\\Edge\\Application\\msedge.exe\"" --type=utility --utility-sub-type=asset_store.mojom.AssetStoreService --lang=en-GB --service-sandbox-type=asset_store_service --no-pre-read-main-dll --always-read-main-dll --field-trial-handle=1992,i,12765322401789080612,2666233780739743436,262144 --variations-seed-version --mojo-platform-channel-handle=7548 /prefetch:14",,3,67027,A process was created.,,,
1401,Normal,"May 9, 2025 @ 11:37:22.166",16,10.12.25.5,Windows11EWS,Security,4624,932,,Negotiate,Advapi,,,,,,,,3,60106,Windows Logon Success,[T1078],"[Defense Evasion, Persistence, Privilege Escalation, Initial Access]",[Valid Accounts]
1402,Normal,"May 9, 2025 @ 11:37:22.167",16,10.12.25.5,Windows11EWS,Security,4688,4,,,,,,,,,C:\\WINDOWS\\System32\\svchost.exe -k CameraMonitor,,3,67027,A process was created.,,,
1403,Normal,"May 9, 2025 @ 11:37:22.169",16,10.12.25.5,Windows11EWS,Security,4688,4,,,,,,,,,C:\\WINDOWS\\System32\\svchost.exe -k Camera,,3,67027,A process was created.,,,
1404,Normal,"May 9, 2025 @ 11:37:26.560",16,10.12.25.5,Windows11EWS,Security,4673,4,,,,,,,,,,,4,60107,Failed attempt to perform a privileged operation,[T1078],"[Defense Evasion, Persistence, Privilege Escalation, Initial Access]",[Valid Accounts]
1405,Normal,"May 9, 2025 @ 11:37:27.748",16,10.12.25.5,Windows11EWS,Security,4673,4,,,,,,,,,,,4,60107,Failed attempt to perform a privileged operation,[T1078],"[Defense Evasion, Persistence, Privilege Escalation, Initial Access]",[Valid Accounts]
1406,Normal,"May 9, 2025 @ 11:37:27.752",16,10.12.25.5,Windows11EWS,Security,4673,4,,,,,,,,,,,4,60107,Failed attempt to perform a privileged operation,[T1078],"[Defense Evasion, Persistence, Privilege Escalation, Initial Access]",[Valid Accounts]
1407,Normal,"May 9, 2025 @ 11:37:27.755",16,10.12.25.5,Windows11EWS,Security,4673,4,,,,,,,,,,,4,60107,Failed attempt to perform a privileged operation,[T1078],"[Defense Evasion, Persistence, Privilege Escalation, Initial Access]",[Valid Accounts]
1408,Normal,"May 9, 2025 @ 11:37:27.772",16,10.12.25.5,Windows11EWS,Security,4688,4,,,,,,,,,"\""C:\\WINDOWS\\system32\\backgroundTaskHost.exe\"" -ServerName:OobeHost.AppXdcwkjpb46w3zw4hbmx5jfxajhymjka0d.mca",,3,67027,A process was created.,,,
1409,Normal,"May 9, 2025 @ 11:37:27.810",16,10.12.25.5,Windows11EWS,Security,4688,4,,,,,,,,,"\""C:\\WINDOWS\\system32\\backgroundTaskHost.exe\"" -ServerName:App.AppXfkd8mejksk4ancwf4vtyhmkvtzn1jcbs.mca",,3,67027,A process was created.,,,
1410,Normal,"May 9, 2025 @ 11:37:27.811",16,10.12.25.5,Windows11EWS,Security,4688,4,,,,,,,,,"\""C:\\WINDOWS\\system32\\backgroundTaskHost.exe\"" -ServerName:App.AppXe9cvj1thv1hmcw0cs98xm3r97tyzy2xs.mca",,3,67027,A process was created.,,,
1411,Normal,"May 9, 2025 @ 11:37:31.390",16,10.12.25.5,Windows11EWS,Security,4688,4,,,,,,,,,C:\\WINDOWS\\System32\\mobsync.exe -Embedding,,3,67027,A process was created.,,,
1412,Normal,"May 9, 2025 @ 11:37:36.184",16,10.12.25.5,Windows11EWS,Security,4673,4,,,,,,,,,,,4,60107,Failed attempt to perform a privileged operation,[T1078],"[Defense Evasion, Persistence, Privilege Escalation, Initial Access]",[Valid Accounts]
1413,Normal,"May 9, 2025 @ 11:37:37.412",16,10.12.25.5,Windows11EWS,Security,4688,4,,,,,,,,,"\""C:\\Program Files (x86)\\Microsoft\\EdgeWebView\\Application\\135.0.3179.98\\msedgewebview2.exe\"" --type=gpu-process --disable-gpu-sandbox --use-gl=disabled --gpu-vendor-id=5140 --gpu-device-id=140 --gpu-sub-system-id=0 --gpu-revision=0 --gpu-driver-version=10.0.26100.3624 --noerrdialogs --user-data-dir=\""C:\\Users\\Engineer\\AppData\\Local\\Packages\\MicrosoftWindows.Client.WebExperience_cw5n1h2txyewy\\LocalState\\EBWebView\"" --webview-exe-name=Widgets.exe --webview-exe-version=525.8401.20.0 --embedded-browser-webview=1 --no-pre-read-main-dll --gpu-preferences=UAAAAAAAAADoAAAEAAAAAAAAAAAAAAAAAABgAAEAAAAAAAAAAAAAAAAAAABCAAAAAAAAAAAAAAAAAAAAAAAAABAAAAAAAAAAEAAAAAAAAAAIAAAAAAAAAAgAAAAAAAAA --always-read-main-dll --field-trial-handle=1788,i,9932586443574054993,11319253262182182435,262144 --enable-features=ForceSWDCompWhenDCompFallbackRequired,msAggressiveCacheTrimming,msCustomDataPartition,msWebView2NoTabForScreenShare,msWindowsTaskManager --disable-features=BackForwardCache,BackgroundTabLoadingFromPerformanceManager,CloseOmniboxPopupOnInactiveAreaClick,CollectAVProductsInfo,CollectCodeIntegrityInfo,EnableHangWatcher,FilterAdsOnAbusiveSites,GetWifiProtocol,LoginDetection,PreconnectToSearch,SafetyHub,SegmentationPlatform,SpareRendererForSitePerProcess,Ukm,WebPayments,msAITrackerClassification,msAbydosForWindowlessWV2,msAffirmVirtualCard,msAllowChromeWebstore,msAllowMSAPrtSSOForNonMSAProfile,msApplicationGuard,msAskBeforeClosingMultipleTabs,msAutoToggleAADPrtSSOForNonAADProfile,msAutofillEdgeCoupons,msAutofillEdgeCouponsAutoApply,msAutofillEdgeServiceRequest,msAutomaticTabFreeze,msBrowserSettingsSupported,msCoarseGeolocationService,msDataProtection,msDesktopMode,msDesktopRewards,msDisableVariationsSeedFetchThrottling,msEEProactiveHistory,msETFOffstoreExtensionFileDataCollection,msETFPasswordTheftDNRActionSignals,msEdgeAdPlatformUI,msEdgeAddWebCapturetoCollections,msEdgeAutofillAdvancedSuggestionsBasic,msEdgeAutofillOneClickAutocomplete,msEdgeAutofillSaveGSPR100InDb,msEdgeAutofillShowDeployedPassword,msEdgeAutofillSs,msEdgeBrowserEssentialsShowUpdateSection,msEdgeCloudConfigService,msEdgeCloudConfigServiceV2,msEdgeCohorts,msEdgeCollectionsPrismExperiment1,msEdgeCollectionsPrismOverallMigration,msEdgeComposeNext,msEdgeEnableNurturingFramework,msEdgeEnclavePrefsBasic,msEdgeEnclavePrefsNotification,msEdgeFaviconService,msEdgeHJTelemetry,msEdgeHubAppSkype,msEdgeImageEditorUI,msEdgeLinkDoctor,msEdgeMouseGestureDefaultEnabled,msEdgeMouseGestureSupported,msEdgeNewDeviceFre,msEdgeOnRampFRE,msEdgeOnRampImport,msEdgePDFCMHighlightUX,msEdgePasswordIris,msEdgePasswordIrisSaveBubble,msEdgeProngPersonalization,msEdgeReadingView,msEdgeRose,msEdgeSendTabToSelf,msEdgeSettingsImport,msEdgeSettingsImportV2,msEdgeShoppingPersistentStorage,msEdgeShoppingUI,msEdgeSmartFind,msEdgeSuperDragDefaultEnabled,msEdgeSuperDragDropSupported,msEdgeTipping,msEdgeTranslate,msEdgeUseCaptivePortalService,msEdgeWebContentFilteringFeedback,msEdgeWorkSearchBanner,msEnableCustomJobMemoryLimitsOnXbox,msEnableMIPForPDF,msEnablePdfUpsell,msEnableThirdPartyScanning,msEnableWebSignInCta,msEnableWebToBrowserSignIn,msEndpointDlp,msEntityExtraction,msExtensionTelemetryFramework,msExternalTaskManager,msFileSystemAccessDirectoryIterationBlocklistCheck,msForceBrowserSignIn,msForeignSessionsPage,msGeolocationAccessService,msGeolocationOSLocationPermissionFallback,msGeolocationSQMService,msGeolocationService,msGrowthInfraLaunchSourceLogging,msGuidedSwitchAllowed,msHubPinPersist,msImplicitSignin,msIrm,msIrmv2,msKlarnaVirtualCard,msLoadStatistics,msLogIsEdgePinnedToTaskbarOnLaunch,msMIPCrossTenantPdfViewSupport,msMdatpWebSiteDlp,msNotificationPermissionForPWA,msOnHoverSearchInSidebar,msOpenOfficeDocumentsInWebViewer,msPasswordBreachDetection,msPdfAnnotationsVisibility,msPdfDataRecovery,msPdfDigitalSignatureRead,msPdfFreeText,msPdfFreeTextForCJK,msPdfHighlightMode,msPdfInking,msPdfKeyphraseSupport,msPdfOOUI,msPdfPopupMarkerRenderer,msPdfShare,msPdfSharedLibrary,msPdfTextNote,msPdfTextNoteMoreMenu,msPdfThumbnailCache,msPdfUnderside,msPdfViewRestore,msPersonalizationUMA,msPriceComparison,msPromptDefaultHandlerForPDF,msReactiveSearch,msReadAloud,msReadAloudPdf,msRedirectToShoreline,msRevokeExtensions,msSaasDlp,msShoppingTrigger,msShorelineSearch,msShorelineSearchFindOnPageWebUI,msShowOfflineGameEntrance,msShowReadAloudIconInAddressBar,msShowUXForAADPrtSSOForNonAADProfile,msSuspendMessageForNewSessionWhenHavingPendingNavigation,msSyncEdgeCollections,msTabResourceStats,msTokenizationAutofillInlineEnabled,msTouchMode,msTriggeringSignalGenerator,msUserUnderstanding,msVideoSuperResolutionUI,msWalletBuyNow,msWalletCheckout,msWalletDiagnosticDataLogger,msWalletHubEntry,msWalletHubIntlP3,msWalletPartialCard,msWalletPasswordCategorization,msWalletPasswordCategorizationPlatformExpansion,msWalletTokenizationCardMetadata,msWalletTokenizedAutofill,msWebAssist,msWebAssistHistorySearchService,msWebOOUI,msWindowsUserActivities,msZipPayVirtualCard --variations-seed-version --mojo-platform-channel-handle=4324 /prefetch:10 /pfhostedapp:bbee653ad5d461f7265ca33b8d62b0b69aeb801d",,3,67027,A process was created.,,,
1414,Normal,"May 9, 2025 @ 11:37:41.349",16,10.12.25.5,Windows11EWS,Security,4673,4,,,,,,,,,,,4,60107,Failed attempt to perform a privileged operation,[T1078],"[Defense Evasion, Persistence, Privilege Escalation, Initial Access]",[Valid Accounts]
1415,Normal,"May 9, 2025 @ 11:37:41.368",16,10.12.25.5,Windows11EWS,Security,4688,4,,,,,,,,,"\""C:\\WINDOWS\\system32\\backgroundTaskHost.exe\"" -ServerName:App.AppXfkd8mejksk4ancwf4vtyhmkvtzn1jcbs.mca",,3,67027,A process was created.,,,
1416,Normal,"May 9, 2025 @ 11:37:42.963",16,10.12.25.5,Windows11EWS,Security,4673,4,,,,,,,,,,,4,60107,Failed attempt to perform a privileged operation,[T1078],"[Defense Evasion, Persistence, Privilege Escalation, Initial Access]",[Valid Accounts]
1417,Normal,"May 9, 2025 @ 11:37:43.038",16,10.12.25.5,Windows11EWS,Security,4688,4,,,,,,,,,"\""C:\\WINDOWS\\system32\\backgroundTaskHost.exe\"" -ServerName:App.AppXfkd8mejksk4ancwf4vtyhmkvtzn1jcbs.mca",,3,67027,A process was created.,,,
1418,Normal,"May 9, 2025 @ 11:37:43.661",0,,wazuhVM,,,,,,,,,,,,,,3,5501,PAM: Login session opened.,[T1078],"[Defense Evasion, Persistence, Privilege Escalation, Initial Access]",[Valid Accounts]
1419,Normal,"May 9, 2025 @ 11:37:43.912",16,10.12.25.5,Windows11EWS,Security,4673,4,,,,,,,,,,,4,60107,Failed attempt to perform a privileged operation,[T1078],"[Defense Evasion, Persistence, Privilege Escalation, Initial Access]",[Valid Accounts]
1420,Normal,"May 9, 2025 @ 11:37:45.820",16,10.12.25.5,Windows11EWS,Security,4673,4,,,,,,,,,,,4,60107,Failed attempt to perform a privileged operation,[T1078],"[Defense Evasion, Persistence, Privilege Escalation, Initial Access]",[Valid Accounts]
1421,Normal,"May 9, 2025 @ 11:37:45.820",15,10.12.25.3,Windows11,Security,4688,4,,,,,,,,,"\""C:\\WINDOWS\\system32\\usoclient.exe\"" StartWork",,3,67027,A process was created.,,,
1422,Normal,"May 9, 2025 @ 11:37:45.821",15,10.12.25.3,Windows11,Security,4688,4,,,,,,,,,"\""C:\\WINDOWS\\uus\\packages\\preview\\AMD64\\MoUsoCoreWorker.exe\"" useprivatenamespaces",,3,67027,A process was created.,,,
1423,Normal,"May 9, 2025 @ 11:37:45.822",16,10.12.25.5,Windows11EWS,Security,4688,4,,,,,,,,,"\""C:\\WINDOWS\\system32\\backgroundTaskHost.exe\"" -ServerName:App.AppXpybpk6fj2fe0gb0jan49e6dncngk3pa1.mca",,3,67027,A process was created.,,,
1424,Normal,"May 9, 2025 @ 11:37:46.863",16,10.12.25.5,Windows11EWS,Security,4673,4,,,,,,,,,,,4,60107,Failed attempt to perform a privileged operation,[T1078],"[Defense Evasion, Persistence, Privilege Escalation, Initial Access]",[Valid Accounts]
1425,Normal,"May 9, 2025 @ 11:37:46.896",16,10.12.25.5,Windows11EWS,Security,4688,4,,,,,,,,,"\""C:\\WINDOWS\\system32\\BackgroundTaskHost.exe\"" -ServerName:BackgroundTaskHost.WebAccountProvider",,3,67027,A process was created.,,,
1426,Normal,"May 9, 2025 @ 11:37:46.931",16,10.12.25.5,Windows11EWS,Security,4688,4,,,,,,,,,"\""LogonUI.exe\"" /flags:0x4 /state0:0xa3d21855 /state1:0x41c64e6d",,3,67027,A process was created.,,,
1427,Normal,"May 9, 2025 @ 11:37:47.229",15,10.12.25.3,Windows11,Security,4624,860,,Negotiate,Advapi,,,,,,,,3,60106,Windows Logon Success,[T1078],"[Defense Evasion, Persistence, Privilege Escalation, Initial Access]",[Valid Accounts]
1428,Normal,"May 9, 2025 @ 11:37:47.230",15,10.12.25.3,Windows11,Security,4688,4,,,,,,,,,C:\\WINDOWS\\system32\\svchost.exe -k wusvcs -p,,3,67027,A process was created.,,,
1429,Normal,"May 9, 2025 @ 11:37:47.767",16,10.12.25.5,Windows11EWS,System,1074,700,,,,,,,,,,,3,67018,System shutdown initiated.,[T1529],[Impact],[System Shutdown/Reboot]
1430,Normal,"May 9, 2025 @ 11:37:48.555",16,10.12.25.5,Windows11EWS,Security,4688,4,,,,,,,,,C:\\Windows\\System32\\RuntimeBroker.exe -Embedding,,3,67027,A process was created.,,,
1431,Normal,"May 9, 2025 @ 11:37:49.695",15,10.12.25.3,Windows11,Security,4688,4,,,,,,,,,taskhostw.exe -RegisterUserDevice -NewAccount,,3,67027,A process was created.,,,
1432,Normal,"May 9, 2025 @ 11:37:49.740",15,10.12.25.3,Windows11,Security,4688,4,,,,,,,,,taskhostw.exe,,3,67027,A process was created.,,,
1433,Normal,"May 9, 2025 @ 11:37:52.158",15,10.12.25.3,Windows11,Security,4688,4,,,,,,,,,C:\\WINDOWS\\system32\\wbem\\wmiprvse.exe -secured -Embedding,,3,67027,A process was created.,,,
1434,Normal,"May 9, 2025 @ 11:37:52.208",15,10.12.25.3,Windows11,Security,4688,4,,,,,,,,,"\""C:\\WINDOWS\\System32\\usoclient.exe\"" StartStoreUpdates",,3,67027,A process was created.,,,
1435,Normal,"May 9, 2025 @ 11:37:52.280",15,10.12.25.3,Windows11,Security,4688,4,,,,,,,,,C:\\WINDOWS\\system32\\sppsvc.exe,,3,67027,A process was created.,,,
1436,Normal,"May 9, 2025 @ 11:37:52.316",15,10.12.25.3,Windows11,Security,4624,860,,Negotiate,Advapi,,,,,,,,3,60106,Windows Logon Success,[T1078],"[Defense Evasion, Persistence, Privilege Escalation, Initial Access]",[Valid Accounts]
1437,Normal,"May 9, 2025 @ 11:37:52.346",15,10.12.25.3,Windows11,Security,4688,4,,,,,,,,,C:\\WINDOWS\\servicing\\TrustedInstaller.exe,,3,67027,A process was created.,,,
1438,Normal,"May 9, 2025 @ 11:37:53.586",15,10.12.25.3,Windows11,Security,4688,4,,,,,,,,,C:\\WINDOWS\\winsxs\\amd64_microsoft-windows-servicingstack_31bf3856ad364e35_10.0.26100.3764_none_a5067b2d776484b6\\TiWorker.exe -Embedding,,3,67027,A process was created.,,,
1439,Normal,"May 9, 2025 @ 11:38:01.825",16,10.12.25.5,Windows11EWS,Application,6000,844,,,,,,,,,,,5,60775,WSearch was unavailable to handle a notification event.,,,
1440,Normal,"May 9, 2025 @ 11:38:03.267",16,10.12.25.5,Windows11EWS,Security,4688,4,,,,,,,,,C:\\WINDOWS\\system32\\sppsvc.exe,,3,67027,A process was created.,,,
1441,Normal,"May 9, 2025 @ 11:38:03.330",16,10.12.25.5,Windows11EWS,Security,4688,4,,,,,,,,,C:\\WINDOWS\\System32\\svchost.exe -k CameraMonitor,,3,67027,A process was created.,,,
1442,Normal,"May 9, 2025 @ 11:38:03.331",16,10.12.25.5,Windows11EWS,Security,4624,932,,Negotiate,Advapi,,,,,,,,3,60106,Windows Logon Success,[T1078],"[Defense Evasion, Persistence, Privilege Escalation, Initial Access]",[Valid Accounts]
1443,Normal,"May 9, 2025 @ 11:38:06.850",16,10.12.25.5,Windows11EWS,Security,4624,932,,Negotiate,Advapi,,,,,,,,3,60106,Windows Logon Success,[T1078],"[Defense Evasion, Persistence, Privilege Escalation, Initial Access]",[Valid Accounts]
1444,Normal,"May 9, 2025 @ 11:38:06.874",16,10.12.25.5,Windows11EWS,Security,4688,4,,,,,,,,,C:\\WINDOWS\\servicing\\TrustedInstaller.exe,,3,67027,A process was created.,,,
1445,Normal,"May 9, 2025 @ 11:38:09.847",16,10.12.25.5,Windows11EWS,System,20,1212,,,,,,,,,,,5,61102,Windows System error event,,,
1446,Normal,"May 9, 2025 @ 11:38:18.549",15,10.12.25.3,Windows11,Security,4624,860,,Negotiate,Advapi,,,,,,,,3,60106,Windows Logon Success,[T1078],"[Defense Evasion, Persistence, Privilege Escalation, Initial Access]",[Valid Accounts]
1447,Normal,"May 9, 2025 @ 11:38:18.736",16,10.12.25.5,Windows11EWS,Security,4688,4,,,,,,,,,"\""C:\\WINDOWS\\System32\\SearchProtocolHost.exe\"" Global\\UsGthrFltPipeMssGthrPipe2_ Global\\UsGthrCtrlFltPipeMssGthrPipe2 1 -2147483646 \""Software\\Microsoft\\Windows Search\"" \""Mozilla/4.0 (compatible; MSIE 6.0; Windows NT; MS Search 4.0 Robot)\"" \""C:\\ProgramData\\Microsoft\\Search\\Data\\Temp\\usgthrsvc\"" \""DownLevelDaemon\""",,3,67027,A process was created.,,,
1448,Normal,"May 9, 2025 @ 11:38:18.834",15,10.12.25.3,Windows11,Security,4688,4,,,,,,,,,C:\\WINDOWS\\System32\\svchost.exe -k CameraMonitor,,3,67027,A process was created.,,,
1449,Normal,"May 9, 2025 @ 11:38:18.901",15,10.12.25.3,Windows11,Security,4688,4,,,,,,,,,C:\\WINDOWS\\System32\\svchost.exe -k Camera,,3,67027,A process was created.,,,
1450,Normal,"May 9, 2025 @ 11:38:19.312",15,10.12.25.3,Windows11,Security,4688,4,,,,,,,,,"\""C:\\Program Files (x86)\\Microsoft\\Edge\\Application\\msedge.exe\"" --type=utility --utility-sub-type=price_comparison_service.mojom.DataProcessor --lang=en-GB --service-sandbox-type=entity_extraction --no-pre-read-main-dll --always-read-main-dll --field-trial-handle=1992,i,12765322401789080612,2666233780739743436,262144 --variations-seed-version --mojo-platform-channel-handle=5608 /prefetch:14",,3,67027,A process was created.,,,
1451,Normal,"May 9, 2025 @ 11:38:28.740",16,10.12.25.5,Windows11EWS,System,7043,912,,,,,,,,,,,5,61102,Windows System error event,,,
1452,Normal,"May 9, 2025 @ 11:38:29.375",15,10.12.25.3,Windows11,Security,4673,4,,,,,,,,,,,4,60107,Failed attempt to perform a privileged operation,[T1078],"[Defense Evasion, Persistence, Privilege Escalation, Initial Access]",[Valid Accounts]
1453,Normal,"May 9, 2025 @ 11:38:31.789",15,10.12.25.3,Windows11,Security,4673,4,,,,,,,,,,,4,60107,Failed attempt to perform a privileged operation,[T1078],"[Defense Evasion, Persistence, Privilege Escalation, Initial Access]",[Valid Accounts]
1454,Normal,"May 9, 2025 @ 11:38:31.828",15,10.12.25.3,Windows11,Security,4688,4,,,,,,,,,"\""C:\\WINDOWS\\system32\\BackgroundTaskHost.exe\"" -ServerName:BackgroundTaskHost.WebAccountProvider",,3,67027,A process was created.,,,
1455,Normal,"May 9, 2025 @ 11:38:31.829",15,10.12.25.3,Windows11,Security,4688,4,,,,,,,,,C:\\Windows\\System32\\RuntimeBroker.exe -Embedding,,3,67027,A process was created.,,,
1456,Normal,"May 9, 2025 @ 11:38:35.610",15,10.12.25.3,Windows11,Security,4688,4,,,,,,,,,"\""C:\\Program Files (x86)\\Microsoft\\Edge\\Application\\msedge.exe\"" --no-startup-window",,3,67027,A process was created.,,,
1457,Normal,"May 9, 2025 @ 11:38:36.986",15,10.12.25.3,Windows11,Security,4688,4,,,,,,,,,"\""C:\\Program Files (x86)\\Microsoft\\Edge\\Application\\msedge.exe\"" --type=crashpad-handler \""--user-data-dir=C:\\Users\\carol\\AppData\\Local\\Microsoft\\Edge\\User Data\"" /prefetch:4 --monitor-self-annotation=ptype=crashpad-handler \""--database=C:\\Users\\carol\\AppData\\Local\\Microsoft\\Edge\\User Data\\Crashpad\"" --annotation=IsOfficialBuild=1 --annotation=channel= --annotation=chromium-version=136.0.7103.49 \""--annotation=exe=C:\\Program Files (x86)\\Microsoft\\Edge\\Application\\msedge.exe\"" --annotation=plat=Win64 --annotation=prod=Edge --annotation=ver=136.0.3240.50 --initial-client-data=0x270,0x274,0x278,0x26c,0x268,0x7ffe30347088,0x7ffe30347094,0x7ffe303470a0",,3,67027,A process was created.,,,
1458,Normal,"May 9, 2025 @ 11:38:37.047",15,10.12.25.3,Windows11,Security,4688,4,,,,,,,,,"\""LogonUI.exe\"" /flags:0x4 /state0:0xa3e3a055 /state1:0x41c64e6d",,3,67027,A process was created.,,,
1459,Normal,"May 9, 2025 @ 11:38:37.656",15,10.12.25.3,Windows11,System,1074,624,,,,,,,,,,,3,67018,System shutdown initiated.,[T1529],[Impact],[System Shutdown/Reboot]
1460,Normal,"May 9, 2025 @ 11:38:38.030",15,10.12.25.3,Windows11,Security,4688,4,,,,,,,,,"\""C:\\Program Files (x86)\\Microsoft\\Edge\\Application\\msedge.exe\"" --type=gpu-process --no-pre-read-main-dll --gpu-preferences=UAAAAAAAAADgAAAEAAAAAAAAAAAAAAAAAABgAAEAAAAAAAAAAAAAAAAAAAACAAAAAAAAAAAAAAAAAAAAAAAAABAAAAAAAAAAEAAAAAAAAAAIAAAAAAAAAAgAAAAAAAAA --always-read-main-dll --field-trial-handle=2212,i,7220214267384113180,9687921836578401995,262144 --variations-seed-version --mojo-platform-channel-handle=2448 /prefetch:2",,3,67027,A process was created.,,,
1461,Normal,"May 9, 2025 @ 11:38:38.031",15,10.12.25.3,Windows11,Security,4688,4,,,,,,,,,"\""C:\\Program Files (x86)\\Microsoft\\Edge\\Application\\msedge.exe\"" --type=utility --utility-sub-type=network.mojom.NetworkService --lang=en-GB --service-sandbox-type=none --no-pre-read-main-dll --always-read-main-dll --field-trial-handle=2212,i,7220214267384113180,9687921836578401995,262144 --variations-seed-version --mojo-platform-channel-handle=2732 /prefetch:11",,3,67027,A process was created.,,,
1462,Normal,"May 9, 2025 @ 11:38:38.104",15,10.12.25.3,Windows11,Security,4688,4,,,,,,,,,"\""C:\\Program Files (x86)\\Microsoft\\Edge\\Application\\msedge.exe\"" --type=utility --utility-sub-type=storage.mojom.StorageService --lang=en-GB --service-sandbox-type=service --no-pre-read-main-dll --always-read-main-dll --field-trial-handle=2212,i,7220214267384113180,9687921836578401995,262144 --variations-seed-version --mojo-platform-channel-handle=2860 /prefetch:13",,3,67027,A process was created.,,,
1463,Normal,"May 9, 2025 @ 11:38:38.104",15,10.12.25.3,Windows11,Security,4688,4,,,,,,,,,"\""C:\\Program Files (x86)\\Microsoft\\Edge\\Application\\136.0.3240.50\\elevation_service.exe\""",,3,67027,A process was created.,,,
1464,Normal,"May 9, 2025 @ 11:38:38.946",15,10.12.25.3,Windows11,Application,16384,3616,,,,,,,,,,,3,60642,Software protection service scheduled successfully.,,,
1465,Normal,"May 9, 2025 @ 11:38:45.866",15,10.12.25.3,Windows11,Application,6000,768,,,,,,,,,,,5,60775,WSearch was unavailable to handle a notification event.,,,
1466,Normal,"May 9, 2025 @ 11:38:47.312",15,10.12.25.3,Windows11,Security,4688,4,,,,,,,,,"\""C:\\WINDOWS\\System32\\SearchProtocolHost.exe\"" Global\\UsGthrFltPipeMssGthrPipe7_ Global\\UsGthrCtrlFltPipeMssGthrPipe7 1 -2147483646 \""Software\\Microsoft\\Windows Search\"" \""Mozilla/4.0 (compatible; MSIE 6.0; Windows NT; MS Search 4.0 Robot)\"" \""C:\\ProgramData\\Microsoft\\Search\\Data\\Temp\\usgthrsvc\"" \""DownLevelDaemon\""",,3,67027,A process was created.,,,
1467,Normal,"May 9, 2025 @ 11:39:48.134",0,,wazuhVM,,,,,,,,,,,,,,5,40704,Systemd: Service exited due to a failure.,,,
1468,Normal,"May 9, 2025 @ 11:39:48.135",0,,wazuhVM,,,,,,,,,,,,,,5,40704,Systemd: Service exited due to a failure.,,,
1469,Normal,"May 9, 2025 @ 11:39:50.347",0,,wazuhVM,,,,,,,,,,,,,,5,40704,Systemd: Service exited due to a failure.,,,
1470,Normal,"May 9, 2025 @ 11:39:50.347",0,,wazuhVM,,,,,,,,,,,,,,5,40704,Systemd: Service exited due to a failure.,,,
1471,Normal,"May 9, 2025 @ 11:39:50.347",0,,wazuhVM,,,,,,,,,,,,,,5,40704,Systemd: Service exited due to a failure.,,,
1472,Normal,"May 9, 2025 @ 11:39:50.347",0,,wazuhVM,,,,,,,,,,,,,,5,40704,Systemd: Service exited due to a failure.,,,
1473,Normal,"May 9, 2025 @ 11:39:50.347",0,,wazuhVM,,,,,,,,,,,,,,5,40704,Systemd: Service exited due to a failure.,,,
1474,Normal,"May 9, 2025 @ 11:39:50.347",0,,wazuhVM,,,,,,,,,,,,,,5,40704,Systemd: Service exited due to a failure.,,,
1475,Normal,"May 9, 2025 @ 13:10:50.796",0,,wazuhVM,,,,,,,,,,,,,,7,533,Listened ports status (netstat) changed (new port opened or closed).,,,
1476,Normal,"May 9, 2025 @ 13:10:57.531",0,,wazuhVM,,,,,,,,,,,,,,3,502,Wazuh server started.,,,
1477,Normal,"May 9, 2025 @ 13:11:13.293",0,,wazuhVM,,,,,,,,,,,,,,3,52002,Apparmor DENIED,,,
1478,Normal,"May 9, 2025 @ 13:11:13.298",0,,wazuhVM,,,,,,,,,,,,,,3,52002,Apparmor DENIED,,,
1479,Normal,"May 9, 2025 @ 13:11:13.298",0,,wazuhVM,,,,,,,,,,,,,,3,52002,Apparmor DENIED,,,
1480,Normal,"May 9, 2025 @ 13:11:53.643",0,,wazuhVM,,,,,,,,,,,,,,3,5501,PAM: Login session opened.,[T1078],"[Defense Evasion, Persistence, Privilege Escalation, Initial Access]",[Valid Accounts]
1481,Normal,"May 9, 2025 @ 13:12:29.742",0,,wazuhVM,,,,,,,,,,,,,,3,5501,PAM: Login session opened.,[T1078],"[Defense Evasion, Persistence, Privilege Escalation, Initial Access]",[Valid Accounts]
1482,Normal,"May 9, 2025 @ 13:12:29.742",0,,wazuhVM,,,,,,,,,,,,,,3,5402,Successful sudo to ROOT executed.,[T1548.003],"[Privilege Escalation, Defense Evasion]",[Sudo and Sudo Caching]
1483,Normal,"May 9, 2025 @ 13:12:57.788",0,,wazuhVM,,,,,,,,,,,,,,3,5502,PAM: Login session closed.,,,
1484,Normal,"May 9, 2025 @ 13:13:21.840",0,,wazuhVM,,,,,,,,,,,,,,3,5501,PAM: Login session opened.,[T1078],"[Defense Evasion, Persistence, Privilege Escalation, Initial Access]",[Valid Accounts]
1485,Normal,"May 9, 2025 @ 13:13:21.840",0,,wazuhVM,,,,,,,,,,,,,,3,5402,Successful sudo to ROOT executed.,[T1548.003],"[Privilege Escalation, Defense Evasion]",[Sudo and Sudo Caching]
1486,Normal,"May 9, 2025 @ 13:13:47.094",0,,wazuhVM,,,,,,,,,,,,,,7,533,Listened ports status (netstat) changed (new port opened or closed).,,,
1487,Normal,"May 9, 2025 @ 13:13:50.138",0,,wazuhVM,,,,,,,,,,,,,,3,5502,PAM: Login session closed.,,,
1488,Normal,"May 9, 2025 @ 13:13:56.224",0,,wazuhVM,,,,,,,,,,,,,,3,502,Wazuh server started.,,,
1489,Normal,"May 9, 2025 @ 13:15:16.540",0,,wazuhVM,,,,,,,,,,,,,,3,5402,Successful sudo to ROOT executed.,[T1548.003],"[Privilege Escalation, Defense Evasion]",[Sudo and Sudo Caching]
1490,Normal,"May 9, 2025 @ 13:15:16.541",0,,wazuhVM,,,,,,,,,,,,,,3,5501,PAM: Login session opened.,[T1078],"[Defense Evasion, Persistence, Privilege Escalation, Initial Access]",[Valid Accounts]
1491,Normal,"May 9, 2025 @ 13:16:18.636",0,,wazuhVM,,,,,,,,,,,,,,3,5502,PAM: Login session closed.,,,
1492,Normal,"May 9, 2025 @ 13:16:49.804",0,,wazuhVM,,,,,,,,,,,,,,7,533,Listened ports status (netstat) changed (new port opened or closed).,,,
1493,Normal,"May 9, 2025 @ 13:16:52.455",0,,wazuhVM,,,,,,,,,,,,,,3,5502,PAM: Login session closed.,,,
1494,Normal,"May 9, 2025 @ 13:16:57.759",0,,wazuhVM,,,,,,,,,,,,,,3,502,Wazuh server started.,,,
1495,Normal,"May 9, 2025 @ 13:18:21.867",0,,wazuhVM,,,,,,,,,,,,,,3,5501,PAM: Login session opened.,[T1078],"[Defense Evasion, Persistence, Privilege Escalation, Initial Access]",[Valid Accounts]
1496,Normal,"May 9, 2025 @ 13:18:21.867",0,,wazuhVM,,,,,,,,,,,,,,3,5402,Successful sudo to ROOT executed.,[T1548.003],"[Privilege Escalation, Defense Evasion]",[Sudo and Sudo Caching]
1497,Normal,"May 9, 2025 @ 13:18:21.870",0,,wazuhVM,,,,,,,,,,,,,,3,5502,PAM: Login session closed.,,,
1498,Normal,"May 9, 2025 @ 13:18:29.874",0,,wazuhVM,,,,,,,,,,,,,,3,5402,Successful sudo to ROOT executed.,[T1548.003],"[Privilege Escalation, Defense Evasion]",[Sudo and Sudo Caching]
1499,Normal,"May 9, 2025 @ 13:18:29.874",0,,wazuhVM,,,,,,,,,,,,,,3,5501,PAM: Login session opened.,[T1078],"[Defense Evasion, Persistence, Privilege Escalation, Initial Access]",[Valid Accounts]
1500,Normal,"May 9, 2025 @ 13:18:31.881",0,,wazuhVM,,,,,,,,,,,,,,3,5502,PAM: Login session closed.,,,
1501,Normal,"May 9, 2025 @ 13:18:39.915",0,,wazuhVM,,,,,,,,,,,,,,3,52002,Apparmor DENIED,,,
1502,Normal,"May 9, 2025 @ 13:18:39.915",0,,wazuhVM,,,,,,,,,,,,,,3,52002,Apparmor DENIED,,,
1503,Normal,"May 9, 2025 @ 13:18:39.915",0,,wazuhVM,,,,,,,,,,,,,,3,52002,Apparmor DENIED,,,
1504,Normal,"May 9, 2025 @ 13:21:01.468",15,10.12.25.3,Windows11,,,,,,,,,,,,,,3,503,Wazuh agent started.,,,
1505,Normal,"May 9, 2025 @ 13:21:02.362",15,10.12.25.3,Windows11,Microsoft-Windows-Sysmon/Operational,1,3008,,,,,,,NT AUTHORITY\\SYSTEM,"\""C:\\Program Files (x86)\\ossec-agent\\wazuh-agent.exe\""",net.exe accounts,,3,92031,Discovery activity executed,[T1087],[Discovery],[Account Discovery]
1506,Normal,"May 9, 2025 @ 13:21:03.184",15,10.12.25.3,Windows11,Security,4688,4,,,,,,,,,net.exe accounts,,3,67027,A process was created.,,,
1507,Normal,"May 9, 2025 @ 13:21:03.187",15,10.12.25.3,Windows11,Security,4688,4,,,,,,,,,\\??\\C:\\WINDOWS\\system32\\conhost.exe 0xffffffff -ForceV1,,3,67027,A process was created.,,,
1508,Normal,"May 9, 2025 @ 13:21:03.608",15,10.12.25.3,Windows11,Security,4688,4,,,,,,,,,C:\\WINDOWS\\system32\\net1 accounts,,3,67027,A process was created.,,,
1509,Normal,"May 9, 2025 @ 13:21:03.614",15,10.12.25.3,Windows11,Security,4688,4,,,,,,,,,C:\\WINDOWS\\system32\\wbem\\wmiprvse.exe -Embedding,,3,67027,A process was created.,,,
1510,Normal,"May 9, 2025 @ 13:21:03.619",15,10.12.25.3,Windows11,Security,4688,4,,,,,,,,,"C:\\WINDOWS\\system32\\wevtutil.exe uninstall-manifest \""C:\\ProgramData\\Microsoft\\Windows Defender\\Platform\\4.18.25030.2-0\\Microsoft-Antimalware-AMFilter.man\""",,3,67027,A process was created.,,,
1511,Normal,"May 9, 2025 @ 13:21:03.623",15,10.12.25.3,Windows11,Security,4688,4,,,,,,,,,\\??\\C:\\WINDOWS\\system32\\conhost.exe 0xffffffff -ForceV1,,3,67027,A process was created.,,,
1512,Normal,"May 9, 2025 @ 13:21:03.629",15,10.12.25.3,Windows11,Security,4688,4,,,,,,,,,net.exe accounts,,3,67027,A process was created.,,,
1513,Normal,"May 9, 2025 @ 13:21:03.640",15,10.12.25.3,Windows11,Security,4624,864,,Negotiate,Advapi,,,,,,,,3,60106,Windows Logon Success,[T1078],"[Defense Evasion, Persistence, Privilege Escalation, Initial Access]",[Valid Accounts]
1514,Normal,"May 9, 2025 @ 13:21:03.667",15,10.12.25.3,Windows11,Security,4688,4,,,,,,,,,\\??\\C:\\WINDOWS\\system32\\conhost.exe 0xffffffff -ForceV1,,3,67027,A process was created.,,,
1515,Normal,"May 9, 2025 @ 13:21:03.677",15,10.12.25.3,Windows11,Security,4688,4,,,,,,,,,C:\\WINDOWS\\servicing\\TrustedInstaller.exe,,3,67027,A process was created.,,,
1516,Normal,"May 9, 2025 @ 13:21:03.684",15,10.12.25.3,Windows11,Security,4688,4,,,,,,,,,C:\\WINDOWS\\system32\\net1 accounts,,3,67027,A process was created.,,,
1517,Normal,"May 9, 2025 @ 13:21:03.692",15,10.12.25.3,Windows11,Security,4688,4,,,,,,,,,C:\\WINDOWS\\winsxs\\amd64_microsoft-windows-servicingstack_31bf3856ad364e35_10.0.26100.3764_none_a5067b2d776484b6\\TiWorker.exe -Embedding,,3,67027,A process was created.,,,
1518,Normal,"May 9, 2025 @ 13:21:03.702",15,10.12.25.3,Windows11,Security,4688,4,,,,,,,,,net.exe accounts,,3,67027,A process was created.,,,
1519,Normal,"May 9, 2025 @ 13:21:03.703",15,10.12.25.3,Windows11,Microsoft-Windows-Sysmon/Operational,1,3008,,,,,,,NT AUTHORITY\\SYSTEM,net.exe accounts,C:\\WINDOWS\\system32\\net1 accounts,,3,92031,Discovery activity executed,[T1087],[Discovery],[Account Discovery]
1520,Normal,"May 9, 2025 @ 13:21:03.732",15,10.12.25.3,Windows11,Microsoft-Windows-Sysmon/Operational,1,3008,,,,,,,NT AUTHORITY\\SYSTEM,"\""C:\\Program Files (x86)\\ossec-agent\\wazuh-agent.exe\""",net.exe accounts,,3,92031,Discovery activity executed,[T1087],[Discovery],[Account Discovery]
1521,Normal,"May 9, 2025 @ 13:21:03.737",15,10.12.25.3,Windows11,Microsoft-Windows-Sysmon/Operational,1,3008,,,,,,,NT AUTHORITY\\SYSTEM,net.exe accounts,C:\\WINDOWS\\system32\\net1 accounts,,3,92031,Discovery activity executed,[T1087],[Discovery],[Account Discovery]
1522,Normal,"May 9, 2025 @ 13:21:03.744",15,10.12.25.3,Windows11,Microsoft-Windows-Sysmon/Operational,1,3008,,,,,,,NT AUTHORITY\\SYSTEM,"\""C:\\Program Files (x86)\\ossec-agent\\wazuh-agent.exe\""",net.exe accounts,,3,92031,Discovery activity executed,[T1087],[Discovery],[Account Discovery]
1523,Normal,"May 9, 2025 @ 13:21:04.639",15,10.12.25.3,Windows11,Security,4688,4,,,,,,,,,"C:\\WINDOWS\\system32\\wevtutil.exe install-manifest \""C:\\ProgramData\\Microsoft\\Windows Defender\\Platform\\4.18.25030.2-0\\Microsoft-Antimalware-AMFilter.man\"" \""/resourceFilePath:C:\\ProgramData\\Microsoft\\Windows Defender\\Platform\\4.18.25030.2-0\\Drivers\\WdFilter.sys\"" \""/messageFilePath:C:\\ProgramData\\Microsoft\\Windows Defender\\Platform\\4.18.25030.2-0\\Drivers\\WdFilter.sys\"" \""/parameterFilePath:C:\\ProgramData\\Microsoft\\Windows Defender\\Platform\\4.18.25030.2-0\\Drivers\\WdFilter.sys\""",,3,67027,A process was created.,,,
1524,Normal,"May 9, 2025 @ 13:21:04.900",15,10.12.25.3,Windows11,Security,4688,4,,,,,,,,,\\??\\C:\\WINDOWS\\system32\\conhost.exe 0xffffffff -ForceV1,,3,67027,A process was created.,,,
1525,Normal,"May 9, 2025 @ 13:21:04.902",15,10.12.25.3,Windows11,Security,4688,4,,,,,,,,,\\??\\C:\\WINDOWS\\system32\\conhost.exe 0xffffffff -ForceV1,,3,67027,A process was created.,,,
1526,Normal,"May 9, 2025 @ 13:21:04.905",15,10.12.25.3,Windows11,Security,4624,864,,Negotiate,Advapi,,,,,,,,3,60106,Windows Logon Success,[T1078],"[Defense Evasion, Persistence, Privilege Escalation, Initial Access]",[Valid Accounts]
1527,Normal,"May 9, 2025 @ 13:21:04.910",15,10.12.25.3,Windows11,Security,4688,4,,,,,,,,,C:\\WINDOWS\\system32\\svchost.exe -k wsappx -p,,3,67027,A process was created.,,,
1528,Normal,"May 9, 2025 @ 13:21:04.914",15,10.12.25.3,Windows11,Security,4688,4,,,,,,,,,C:\\WINDOWS\\system32\\net1 accounts,,3,67027,A process was created.,,,
1529,Normal,"May 9, 2025 @ 13:21:04.916",15,10.12.25.3,Windows11,Security,4688,4,,,,,,,,,"C:\\WINDOWS\\system32\\wevtutil.exe uninstall-manifest \""C:\\ProgramData\\Microsoft\\Windows Defender\\Platform\\4.18.25030.2-0\\Microsoft-Windows-Windows Defender.man\""",,3,67027,A process was created.,,,
1530,Normal,"May 9, 2025 @ 13:21:04.919",15,10.12.25.3,Windows11,Security,4688,4,,,,,,,,,\\??\\C:\\WINDOWS\\system32\\conhost.exe 0xffffffff -ForceV1,,3,67027,A process was created.,,,
1531,Normal,"May 9, 2025 @ 13:21:04.956",15,10.12.25.3,Windows11,Security,4688,4,,,,,,,,,\\??\\C:\\WINDOWS\\system32\\conhost.exe 0xffffffff -ForceV1,,3,67027,A process was created.,,,
1532,Normal,"May 9, 2025 @ 13:21:04.956",15,10.12.25.3,Windows11,Security,4688,4,,,,,,,,,net.exe accounts,,3,67027,A process was created.,,,
1533,Normal,"May 9, 2025 @ 13:21:04.956",15,10.12.25.3,Windows11,Security,4688,4,,,,,,,,,"C:\\WINDOWS\\system32\\wevtutil.exe install-manifest \""C:\\ProgramData\\Microsoft\\Windows Defender\\Platform\\4.18.25030.2-0\\Microsoft-Windows-Windows Defender.man\"" \""/resourceFilePath:C:\\ProgramData\\Microsoft\\Windows Defender\\Platform\\4.18.25030.2-0\\MpEvMsg.dll\"" \""/messageFilePath:C:\\ProgramData\\Microsoft\\Windows Defender\\Platform\\4.18.25030.2-0\\MpEvMsg.dll\"" \""/parameterFilePath:C:\\ProgramData\\Microsoft\\Windows Defender\\Platform\\4.18.25030.2-0\\MpEvMsg.dll\""",,3,67027,A process was created.,,,
1534,Normal,"May 9, 2025 @ 13:21:04.957",15,10.12.25.3,Windows11,Security,4688,4,,,,,,,,,C:\\WINDOWS\\system32\\net1 accounts,,3,67027,A process was created.,,,
1535,Normal,"May 9, 2025 @ 13:21:04.957",15,10.12.25.3,Windows11,Security,4688,4,,,,,,,,,\\??\\C:\\WINDOWS\\system32\\conhost.exe 0xffffffff -ForceV1,,3,67027,A process was created.,,,
1536,Normal,"May 9, 2025 @ 13:21:04.957",15,10.12.25.3,Windows11,Security,4688,4,,,,,,,,,net.exe accounts,,3,67027,A process was created.,,,
1537,Normal,"May 9, 2025 @ 13:21:04.957",15,10.12.25.3,Windows11,Security,4688,4,,,,,,,,,\\??\\C:\\WINDOWS\\system32\\conhost.exe 0xffffffff -ForceV1,,3,67027,A process was created.,,,
1538,Normal,"May 9, 2025 @ 13:21:04.957",15,10.12.25.3,Windows11,Security,4688,4,,,,,,,,,\\??\\C:\\WINDOWS\\system32\\conhost.exe 0xffffffff -ForceV1,,3,67027,A process was created.,,,
1539,Normal,"May 9, 2025 @ 13:21:04.957",15,10.12.25.3,Windows11,Security,4688,4,,,,,,,,,net.exe accounts,,3,67027,A process was created.,,,
1540,Normal,"May 9, 2025 @ 13:21:04.958",15,10.12.25.3,Windows11,Security,4688,4,,,,,,,,,C:\\WINDOWS\\system32\\net1 accounts,,3,67027,A process was created.,,,
1541,Normal,"May 9, 2025 @ 13:21:05.251",15,10.12.25.3,Windows11,Microsoft-Windows-Sysmon/Operational,1,3008,,,,,,,NT AUTHORITY\\SYSTEM,net.exe accounts,C:\\WINDOWS\\system32\\net1 accounts,,3,92031,Discovery activity executed,[T1087],[Discovery],[Account Discovery]
1542,Normal,"May 9, 2025 @ 13:21:05.268",15,10.12.25.3,Windows11,Microsoft-Windows-Sysmon/Operational,1,3008,,,,,,,NT AUTHORITY\\SYSTEM,"\""C:\\Program Files (x86)\\ossec-agent\\wazuh-agent.exe\""",net.exe accounts,,3,92031,Discovery activity executed,[T1087],[Discovery],[Account Discovery]
1543,Normal,"May 9, 2025 @ 13:21:05.316",15,10.12.25.3,Windows11,Microsoft-Windows-Sysmon/Operational,1,3008,,,,,,,NT AUTHORITY\\SYSTEM,net.exe accounts,C:\\WINDOWS\\system32\\net1 accounts,,3,92031,Discovery activity executed,[T1087],[Discovery],[Account Discovery]
1544,Normal,"May 9, 2025 @ 13:21:05.333",15,10.12.25.3,Windows11,Microsoft-Windows-Sysmon/Operational,1,3008,,,,,,,NT AUTHORITY\\SYSTEM,"\""C:\\Program Files (x86)\\ossec-agent\\wazuh-agent.exe\""",net.exe accounts,,3,92031,Discovery activity executed,[T1087],[Discovery],[Account Discovery]
1545,Normal,"May 9, 2025 @ 13:21:05.348",15,10.12.25.3,Windows11,Microsoft-Windows-Sysmon/Operational,1,3008,,,,,,,NT AUTHORITY\\SYSTEM,net.exe accounts,C:\\WINDOWS\\system32\\net1 accounts,,3,92031,Discovery activity executed,[T1087],[Discovery],[Account Discovery]
1546,Normal,"May 9, 2025 @ 13:21:05.363",15,10.12.25.3,Windows11,Microsoft-Windows-Sysmon/Operational,1,3008,,,,,,,NT AUTHORITY\\SYSTEM,"\""C:\\Program Files (x86)\\ossec-agent\\wazuh-agent.exe\""",net.exe accounts,,3,92031,Discovery activity executed,[T1087],[Discovery],[Account Discovery]
1547,Normal,"May 9, 2025 @ 13:21:05.596",15,10.12.25.3,Windows11,Microsoft-Windows-Sysmon/Operational,1,3008,,,,,,,NT AUTHORITY\\SYSTEM,net.exe accounts,C:\\WINDOWS\\system32\\net1 accounts,,3,92031,Discovery activity executed,[T1087],[Discovery],[Account Discovery]
1548,Normal,"May 9, 2025 @ 13:21:05.613",15,10.12.25.3,Windows11,Microsoft-Windows-Sysmon/Operational,1,3008,,,,,,,NT AUTHORITY\\SYSTEM,"\""C:\\Program Files (x86)\\ossec-agent\\wazuh-agent.exe\""",net.exe accounts,,3,92031,Discovery activity executed,[T1087],[Discovery],[Account Discovery]
1549,Normal,"May 9, 2025 @ 13:21:05.628",15,10.12.25.3,Windows11,Microsoft-Windows-Sysmon/Operational,1,3008,,,,,,,NT AUTHORITY\\SYSTEM,net.exe accounts,C:\\WINDOWS\\system32\\net1 accounts,,3,92031,Discovery activity executed,[T1087],[Discovery],[Account Discovery]
1550,Normal,"May 9, 2025 @ 13:21:05.644",15,10.12.25.3,Windows11,Microsoft-Windows-Sysmon/Operational,1,3008,,,,,,,NT AUTHORITY\\SYSTEM,"\""C:\\Program Files (x86)\\ossec-agent\\wazuh-agent.exe\""",net.exe accounts,,3,92031,Discovery activity executed,[T1087],[Discovery],[Account Discovery]
1551,Normal,"May 9, 2025 @ 13:21:05.659",15,10.12.25.3,Windows11,Microsoft-Windows-Sysmon/Operational,1,3008,,,,,,,NT AUTHORITY\\SYSTEM,net.exe accounts,C:\\WINDOWS\\system32\\net1 accounts,,3,92031,Discovery activity executed,[T1087],[Discovery],[Account Discovery]
1552,Normal,"May 9, 2025 @ 13:21:05.675",15,10.12.25.3,Windows11,Security,4688,4,,,,,,,,,C:\\WINDOWS\\system32\\net1 accounts,,3,67027,A process was created.,,,
1553,Normal,"May 9, 2025 @ 13:21:05.691",15,10.12.25.3,Windows11,Security,4688,4,,,,,,,,,net.exe accounts,,3,67027,A process was created.,,,
1554,Normal,"May 9, 2025 @ 13:21:05.708",15,10.12.25.3,Windows11,Security,4688,4,,,,,,,,,\\??\\C:\\WINDOWS\\system32\\conhost.exe 0xffffffff -ForceV1,,3,67027,A process was created.,,,
1555,Normal,"May 9, 2025 @ 13:21:05.723",15,10.12.25.3,Windows11,Security,4688,4,,,,,,,,,C:\\WINDOWS\\system32\\net1 accounts,,3,67027,A process was created.,,,
1556,Normal,"May 9, 2025 @ 13:21:05.868",15,10.12.25.3,Windows11,Security,4688,4,,,,,,,,,net.exe accounts,,3,67027,A process was created.,,,
1557,Normal,"May 9, 2025 @ 13:21:05.884",15,10.12.25.3,Windows11,Security,4688,4,,,,,,,,,\\??\\C:\\WINDOWS\\system32\\conhost.exe 0xffffffff -ForceV1,,3,67027,A process was created.,,,
1558,Normal,"May 9, 2025 @ 13:21:05.900",15,10.12.25.3,Windows11,Security,4688,4,,,,,,,,,C:\\WINDOWS\\system32\\net1 accounts,,3,67027,A process was created.,,,
1559,Normal,"May 9, 2025 @ 13:21:05.916",15,10.12.25.3,Windows11,Security,4688,4,,,,,,,,,net.exe accounts,,3,67027,A process was created.,,,
1560,Normal,"May 9, 2025 @ 13:21:05.932",15,10.12.25.3,Windows11,Security,4688,4,,,,,,,,,\\??\\C:\\WINDOWS\\system32\\conhost.exe 0xffffffff -ForceV1,,3,67027,A process was created.,,,
1561,Normal,"May 9, 2025 @ 13:21:05.948",15,10.12.25.3,Windows11,Security,4688,4,,,,,,,,,C:\\WINDOWS\\system32\\net1 accounts,,3,67027,A process was created.,,,
1562,Normal,"May 9, 2025 @ 13:21:05.965",15,10.12.25.3,Windows11,Security,4688,4,,,,,,,,,net user guest,,3,67027,A process was created.,,,
1563,Normal,"May 9, 2025 @ 13:21:05.981",15,10.12.25.3,Windows11,Security,4688,4,,,,,,,,,\\??\\C:\\WINDOWS\\system32\\conhost.exe 0xffffffff -ForceV1,,3,67027,A process was created.,,,
1564,Normal,"May 9, 2025 @ 13:21:05.996",15,10.12.25.3,Windows11,Security,4688,4,,,,,,,,,"C:\\WINDOWS\\system32\\wevtutil.exe uninstall-manifest \""C:\\ProgramData\\Microsoft\\Windows Defender\\Platform\\4.18.25030.2-0\\Microsoft-Antimalware-Service.man\""",,3,67027,A process was created.,,,
1565,Normal,"May 9, 2025 @ 13:21:06.012",15,10.12.25.3,Windows11,Security,4688,4,,,,,,,,,\\??\\C:\\WINDOWS\\system32\\conhost.exe 0xffffffff -ForceV1,,3,67027,A process was created.,,,
1566,Normal,"May 9, 2025 @ 13:21:06.029",15,10.12.25.3,Windows11,Security,4688,4,,,,,,,,,C:\\WINDOWS\\system32\\net1 user guest,,3,67027,A process was created.,,,
1567,Normal,"May 9, 2025 @ 13:21:06.065",15,10.12.25.3,Windows11,Security,4688,4,,,,,,,,,net user guest,,3,67027,A process was created.,,,
1568,Normal,"May 9, 2025 @ 13:21:06.067",15,10.12.25.3,Windows11,Security,4688,4,,,,,,,,,\\??\\C:\\WINDOWS\\system32\\conhost.exe 0xffffffff -ForceV1,,3,67027,A process was created.,,,
1569,Normal,"May 9, 2025 @ 13:21:06.068",15,10.12.25.3,Windows11,Security,4688,4,,,,,,,,,C:\\WINDOWS\\system32\\net1 user guest,,3,67027,A process was created.,,,
1570,Normal,"May 9, 2025 @ 13:21:06.121",15,10.12.25.3,Windows11,Security,4688,4,,,,,,,,,net user administrator,,3,67027,A process was created.,,,
1571,Normal,"May 9, 2025 @ 13:21:06.126",15,10.12.25.3,Windows11,Security,4688,4,,,,,,,,,\\??\\C:\\WINDOWS\\system32\\conhost.exe 0xffffffff -ForceV1,,3,67027,A process was created.,,,
1572,Normal,"May 9, 2025 @ 13:21:06.129",15,10.12.25.3,Windows11,Security,4688,4,,,,,,,,,C:\\WINDOWS\\system32\\net1 user administrator,,3,67027,A process was created.,,,
1573,Normal,"May 9, 2025 @ 13:21:06.155",15,10.12.25.3,Windows11,Security,4688,4,,,,,,,,,net user guest,,3,67027,A process was created.,,,
1574,Normal,"May 9, 2025 @ 13:21:06.170",15,10.12.25.3,Windows11,Security,4688,4,,,,,,,,,\\??\\C:\\WINDOWS\\system32\\conhost.exe 0xffffffff -ForceV1,,3,67027,A process was created.,,,
1575,Normal,"May 9, 2025 @ 13:21:06.186",15,10.12.25.3,Windows11,Microsoft-Windows-Sysmon/Operational,1,3008,,,,,,,NT AUTHORITY\\SYSTEM,"\""C:\\Program Files (x86)\\ossec-agent\\wazuh-agent.exe\""",net.exe accounts,,3,92031,Discovery activity executed,[T1087],[Discovery],[Account Discovery]
1576,Normal,"May 9, 2025 @ 13:21:06.202",15,10.12.25.3,Windows11,Microsoft-Windows-Sysmon/Operational,1,3008,,,,,,,NT AUTHORITY\\SYSTEM,net.exe accounts,C:\\WINDOWS\\system32\\net1 accounts,,3,92031,Discovery activity executed,[T1087],[Discovery],[Account Discovery]
1577,Normal,"May 9, 2025 @ 13:21:06.216",15,10.12.25.3,Windows11,Microsoft-Windows-Sysmon/Operational,1,3008,,,,,,,NT AUTHORITY\\SYSTEM,"\""C:\\Program Files (x86)\\ossec-agent\\wazuh-agent.exe\""",net user guest,,3,92039,A net.exe account discovery command was initiated,[T1087],[Discovery],[Account Discovery]
1578,Normal,"May 9, 2025 @ 13:21:06.265",15,10.12.25.3,Windows11,Microsoft-Windows-Sysmon/Operational,1,3008,,,,,,,NT AUTHORITY\\SYSTEM,net user guest,C:\\WINDOWS\\system32\\net1 user guest,,3,92039,A net.exe account discovery command was initiated,[T1087],[Discovery],[Account Discovery]
1579,Normal,"May 9, 2025 @ 13:21:06.281",15,10.12.25.3,Windows11,Microsoft-Windows-Sysmon/Operational,1,3008,,,,,,,NT AUTHORITY\\SYSTEM,"\""C:\\Program Files (x86)\\ossec-agent\\wazuh-agent.exe\""",net user guest,,3,92039,A net.exe account discovery command was initiated,[T1087],[Discovery],[Account Discovery]
1580,Normal,"May 9, 2025 @ 13:21:06.297",15,10.12.25.3,Windows11,Microsoft-Windows-Sysmon/Operational,1,3008,,,,,,,NT AUTHORITY\\SYSTEM,net user guest,C:\\WINDOWS\\system32\\net1 user guest,,3,92039,A net.exe account discovery command was initiated,[T1087],[Discovery],[Account Discovery]
1581,Normal,"May 9, 2025 @ 13:21:06.314",15,10.12.25.3,Windows11,Microsoft-Windows-Sysmon/Operational,1,3008,,,,,,,NT AUTHORITY\\SYSTEM,"\""C:\\Program Files (x86)\\ossec-agent\\wazuh-agent.exe\""",net user administrator,,3,92039,A net.exe account discovery command was initiated,[T1087],[Discovery],[Account Discovery]
1582,Normal,"May 9, 2025 @ 13:21:06.332",15,10.12.25.3,Windows11,Microsoft-Windows-Sysmon/Operational,1,3008,,,,,,,NT AUTHORITY\\SYSTEM,net user administrator,C:\\WINDOWS\\system32\\net1 user administrator,,3,92039,A net.exe account discovery command was initiated,[T1087],[Discovery],[Account Discovery]
1583,Normal,"May 9, 2025 @ 13:21:06.346",15,10.12.25.3,Windows11,Microsoft-Windows-Sysmon/Operational,1,3008,,,,,,,NT AUTHORITY\\SYSTEM,"\""C:\\Program Files (x86)\\ossec-agent\\wazuh-agent.exe\""",net user guest,,3,92039,A net.exe account discovery command was initiated,[T1087],[Discovery],[Account Discovery]
