2981,Normal,"May 9, 2025 @ 13:48:21.762",15,10.12.25.3,Windows11,Microsoft-Windows-Windows Defender/Operational,1001,3120,,,,,,,SYSTEM,,,,3,62108,Windows Defender: Antimalware scan finished,,,
2982,Normal,"May 9, 2025 @ 13:48:26.629",16,10.12.25.5,Windows11EWS,Security,4624,948,,Negotiate,Advapi,,,,,,,,3,60106,Windows Logon Success,[T1078],"[Defense Evasion, Persistence, Privilege Escalation, Initial Access]",[Valid Accounts]
2983,Normal,"May 9, 2025 @ 13:48:27.261",16,10.12.25.5,Windows11EWS,Security,4688,4,,,,,,,,,C:\\WINDOWS\\servicing\\TrustedInstaller.exe,,3,67027,A process was created.,,,
2984,Normal,"May 9, 2025 @ 13:48:28.655",15,10.12.25.3,Windows11,Security,4688,4,,,,,,,,,C:\\Windows\\System32\\smartscreen.exe -Embedding,,3,67027,A process was created.,,,
2985,Normal,"May 9, 2025 @ 13:48:46.947",16,10.12.25.5,Windows11EWS,Security,4673,4,,,,,,,,,,,4,60107,Failed attempt to perform a privileged operation,[T1078],"[Defense Evasion, Persistence, Privilege Escalation, Initial Access]",[Valid Accounts]
2986,Normal,"May 9, 2025 @ 13:48:46.958",16,10.12.25.5,Windows11EWS,Security,4688,4,,,,,,,,,"\""C:\\WINDOWS\\system32\\backgroundTaskHost.exe\"" -ServerName:App.AppXfkd8mejksk4ancwf4vtyhmkvtzn1jcbs.mca",,3,67027,A process was created.,,,
2987,Normal,"May 9, 2025 @ 13:49:00.925",15,10.12.25.3,Windows11,Security,4673,4,,,,,,,,,,,4,60107,Failed attempt to perform a privileged operation,[T1078],"[Defense Evasion, Persistence, Privilege Escalation, Initial Access]",[Valid Accounts]
2988,Normal,"May 9, 2025 @ 13:49:00.985",15,10.12.25.3,Windows11,Security,4688,4,,,,,,,,,"\""C:\\WINDOWS\\system32\\BackgroundTaskHost.exe\"" -ServerName:BackgroundTaskHost.WebAccountProvider",,3,67027,A process was created.,,,
2989,Normal,"May 9, 2025 @ 13:49:12.774",15,10.12.25.3,Windows11,Security,4688,4,,,,,,,,,C:\\Windows\\System32\\RuntimeBroker.exe -Embedding,,3,67027,A process was created.,,,
2990,Normal,"May 9, 2025 @ 13:49:19.286",15,10.12.25.3,Windows11,Security,4688,4,,,,,,,,,C:\\WINDOWS\\system32\\sppsvc.exe,,3,67027,A process was created.,,,
2991,Normal,"May 9, 2025 @ 13:49:43.028",16,10.12.25.5,Windows11EWS,Security,4688,4,,,,,,,,,C:\\WINDOWS\\system32\\wbem\\wmiprvse.exe -secured -Embedding,,3,67027,A process was created.,,,
2992,Normal,"May 9, 2025 @ 13:49:43.833",15,10.12.25.3,Windows11,Application,16384,2332,,,,,,,,,,,3,60642,Software protection service scheduled successfully.,,,
2993,Normal,"May 9, 2025 @ 13:49:48.274",15,10.12.25.3,Windows11,System,7040,844,,,,,,,,,,,3,61104,Service startup type was changed,,,
2994,Normal,"May 9, 2025 @ 13:50:23.756",16,10.12.25.5,Windows11EWS,Security,4688,4,,,,,,,,,"\""C:\\WINDOWS\\uus\\packages\\preview\\AMD64\\MoUsoCoreWorker.exe\"" useprivatenamespaces",,3,67027,A process was created.,,,
2995,Normal,"May 9, 2025 @ 13:50:24.228",16,10.12.25.5,Windows11EWS,Security,4624,948,,Negotiate,Advapi,,,,,,,,3,60106,Windows Logon Success,[T1078],"[Defense Evasion, Persistence, Privilege Escalation, Initial Access]",[Valid Accounts]
2996,Normal,"May 9, 2025 @ 13:50:25.046",16,10.12.25.5,Windows11EWS,Security,4688,4,,,,,,,,,C:\\WINDOWS\\system32\\svchost.exe -k wusvcs -p,,3,67027,A process was created.,,,
2997,Normal,"May 9, 2025 @ 13:50:27.250",16,10.12.25.5,Windows11EWS,Security,4673,4,,,,,,,,,,,4,60107,Failed attempt to perform a privileged operation,[T1078],"[Defense Evasion, Persistence, Privilege Escalation, Initial Access]",[Valid Accounts]
2998,Normal,"May 9, 2025 @ 13:50:27.317",16,10.12.25.5,Windows11EWS,Security,4688,4,,,,,,,,,"\""C:\\WINDOWS\\system32\\BackgroundTaskHost.exe\"" -ServerName:BackgroundTaskHost.WebAccountProvider",,3,67027,A process was created.,,,
2999,Normal,"May 9, 2025 @ 13:50:28.670",16,10.12.25.5,Windows11EWS,Security,4688,4,,,,,,,,,C:\\Windows\\System32\\RuntimeBroker.exe -Embedding,,3,67027,A process was created.,,,
3000,Normal,"May 9, 2025 @ 13:51:26.109",15,10.12.25.3,Windows11,Security,4673,4,,,,,,,,,,,4,60107,Failed attempt to perform a privileged operation,[T1078],"[Defense Evasion, Persistence, Privilege Escalation, Initial Access]",[Valid Accounts]
3001,Normal,"May 9, 2025 @ 13:51:26.153",15,10.12.25.3,Windows11,Security,4688,4,,,,,,,,,"\""C:\\WINDOWS\\system32\\backgroundTaskHost.exe\"" -ServerName:App.AppXmtcan0h2tfbfy7k9kn8hbxb6dmzz1zh0.mca",,3,67027,A process was created.,,,
3002,Normal,"May 9, 2025 @ 13:51:28.863",16,10.12.25.5,Windows11EWS,System,7040,928,,,,,,,,,,,3,61104,Service startup type was changed,,,
3003,Normal,"May 9, 2025 @ 13:51:49.566",15,10.12.25.3,Windows11,Security,4688,4,,,,,,,,,C:\\Windows\\System32\\RuntimeBroker.exe -Embedding,,3,67027,A process was created.,,,
3004,Normal,"May 9, 2025 @ 13:52:13.882",15,10.12.25.3,Windows11,Security,4673,4,,,,,,,,,,,4,60107,Failed attempt to perform a privileged operation,[T1078],"[Defense Evasion, Persistence, Privilege Escalation, Initial Access]",[Valid Accounts]
3005,Normal,"May 9, 2025 @ 13:52:13.953",15,10.12.25.3,Windows11,Security,4688,4,,,,,,,,,"\""C:\\WINDOWS\\system32\\BackgroundTaskHost.exe\"" -ServerName:BackgroundTaskHost.WebAccountProvider",,3,67027,A process was created.,,,
3006,Normal,"May 9, 2025 @ 13:52:14.143",15,10.12.25.3,Windows11,Security,4688,4,,,,,,,,,C:\\Windows\\System32\\RuntimeBroker.exe -Embedding,,3,67027,A process was created.,,,
3007,Normal,"May 9, 2025 @ 13:52:14.149",15,10.12.25.3,Windows11,Security,4624,864,,Negotiate,Advapi,,,,,,,,3,60106,Windows Logon Success,[T1078],"[Defense Evasion, Persistence, Privilege Escalation, Initial Access]",[Valid Accounts]
3008,Normal,"May 9, 2025 @ 13:52:14.151",15,10.12.25.3,Windows11,Security,4688,4,,,,,,,,,C:\\WINDOWS\\system32\\svchost.exe -k GPSvcGroup,,3,67027,A process was created.,,,
3009,Normal,"May 9, 2025 @ 13:52:28.920",16,10.12.25.5,Windows11EWS,Microsoft-Windows-Windows Defender/Operational,1001,3912,,,,,,,SYSTEM,,,,3,62108,Windows Defender: Antimalware scan finished,,,
3010,Normal,"May 9, 2025 @ 13:52:32.405",16,10.12.25.5,Windows11EWS,Security,4688,4,,,,,,,,,C:\\Windows\\System32\\smartscreen.exe -Embedding,,3,67027,A process was created.,,,
3011,Normal,"May 9, 2025 @ 13:53:06.749",16,10.12.25.5,Windows11EWS,Security,4688,4,,,,,,,,,C:\\WINDOWS\\system32\\wbem\\wmiprvse.exe -secured -Embedding,,3,67027,A process was created.,,,
3012,Normal,"May 9, 2025 @ 13:53:09.696",15,10.12.25.3,Windows11,Security,4688,4,,,,,,,,,"\""C:\\WINDOWS\\uus\\packages\\preview\\AMD64\\MoUsoCoreWorker.exe\"" useprivatenamespaces",,3,67027,A process was created.,,,
3013,Normal,"May 9, 2025 @ 13:53:09.733",15,10.12.25.3,Windows11,Security,4624,864,,Negotiate,Advapi,,,,,,,,3,60106,Windows Logon Success,[T1078],"[Defense Evasion, Persistence, Privilege Escalation, Initial Access]",[Valid Accounts]
3014,Normal,"May 9, 2025 @ 13:53:10.535",16,10.12.25.5,Windows11EWS,Security,4688,4,,,,,,,,,C:\\WINDOWS\\system32\\wbem\\wmiprvse.exe -secured -Embedding,,3,67027,A process was created.,,,
3015,Normal,"May 9, 2025 @ 13:53:10.706",15,10.12.25.3,Windows11,Security,4688,4,,,,,,,,,C:\\WINDOWS\\system32\\svchost.exe -k wusvcs -p,,3,67027,A process was created.,,,
3016,Normal,"May 9, 2025 @ 13:53:12.189",15,10.12.25.3,Windows11,Security,4673,4,,,,,,,,,,,4,60107,Failed attempt to perform a privileged operation,[T1078],"[Defense Evasion, Persistence, Privilege Escalation, Initial Access]",[Valid Accounts]
3017,Normal,"May 9, 2025 @ 13:53:12.194",15,10.12.25.3,Windows11,Security,4688,4,,,,,,,,,"\""C:\\WINDOWS\\system32\\BackgroundTaskHost.exe\"" -ServerName:BackgroundTaskHost.WebAccountProvider",,3,67027,A process was created.,,,
3018,Normal,"May 9, 2025 @ 13:53:12.224",15,10.12.25.3,Windows11,Security,4688,4,,,,,,,,,C:\\Windows\\System32\\RuntimeBroker.exe -Embedding,,3,67027,A process was created.,,,
3019,Normal,"May 9, 2025 @ 13:53:26.170",15,10.12.25.3,Windows11,Security,4673,4,,,,,,,,,,,4,60107,Failed attempt to perform a privileged operation,[T1078],"[Defense Evasion, Persistence, Privilege Escalation, Initial Access]",[Valid Accounts]
3020,Normal,"May 9, 2025 @ 13:53:26.266",15,10.12.25.3,Windows11,Security,4688,4,,,,,,,,,"\""BackgroundTransferHost.exe\"" -ServerName:BackgroundTransferHost.1",,3,67027,A process was created.,,,
3021,Normal,"May 9, 2025 @ 13:53:27.685",15,10.12.25.3,Windows11,Security,4673,4,,,,,,,,,,,4,60107,Failed attempt to perform a privileged operation,[T1078],"[Defense Evasion, Persistence, Privilege Escalation, Initial Access]",[Valid Accounts]
3022,Normal,"May 9, 2025 @ 13:53:27.688",15,10.12.25.3,Windows11,Security,4688,4,,,,,,,,,"\""BackgroundTransferHost.exe\"" -ServerName:BackgroundTransferHost.1",,3,67027,A process was created.,,,
3023,Normal,"May 9, 2025 @ 13:53:36.962",15,10.12.25.3,Windows11,Security,4673,4,,,,,,,,,,,4,60107,Failed attempt to perform a privileged operation,[T1078],"[Defense Evasion, Persistence, Privilege Escalation, Initial Access]",[Valid Accounts]
3024,Normal,"May 9, 2025 @ 13:53:37.040",15,10.12.25.3,Windows11,Security,4688,4,,,,,,,,,"\""BackgroundTransferHost.exe\"" -ServerName:BackgroundTransferHost.1",,3,67027,A process was created.,,,
3025,Normal,"May 9, 2025 @ 13:53:43.217",16,10.12.25.5,Windows11EWS,System,7040,928,,,,,,,,,,,3,61104,Service startup type was changed,,,
3026,Normal,"May 9, 2025 @ 13:56:12.034",15,10.12.25.3,Windows11,,,,,,,,,,,,,,3,503,Wazuh agent started.,,,
3027,Normal,"May 9, 2025 @ 13:56:12.751",15,10.12.25.3,Windows11,Security,4688,4,,,,,,,,,net.exe accounts,,3,67027,A process was created.,,,
3028,Normal,"May 9, 2025 @ 13:56:12.755",15,10.12.25.3,Windows11,Security,4688,4,,,,,,,,,\\??\\C:\\WINDOWS\\system32\\conhost.exe 0xffffffff -ForceV1,,3,67027,A process was created.,,,
3029,Normal,"May 9, 2025 @ 13:56:13.876",15,10.12.25.3,Windows11,Security,4688,4,,,,,,,,,"C:\\WINDOWS\\system32\\wevtutil.exe uninstall-manifest \""C:\\ProgramData\\Microsoft\\Windows Defender\\Platform\\4.18.25030.2-0\\Microsoft-Antimalware-AMFilter.man\""",,3,67027,A process was created.,,,
3030,Normal,"May 9, 2025 @ 13:56:13.881",15,10.12.25.3,Windows11,Security,4688,4,,,,,,,,,\\??\\C:\\WINDOWS\\system32\\conhost.exe 0xffffffff -ForceV1,,3,67027,A process was created.,,,
3031,Normal,"May 9, 2025 @ 13:56:13.915",15,10.12.25.3,Windows11,Security,4688,4,,,,,,,,,C:\\WINDOWS\\system32\\net1 accounts,,3,67027,A process was created.,,,
3032,Normal,"May 9, 2025 @ 13:56:13.916",15,10.12.25.3,Windows11,Security,4624,888,,Negotiate,Advapi,,,,,,,,3,60106,Windows Logon Success,[T1078],"[Defense Evasion, Persistence, Privilege Escalation, Initial Access]",[Valid Accounts]
3033,Normal,"May 9, 2025 @ 13:56:13.919",15,10.12.25.3,Windows11,Security,4688,4,,,,,,,,,C:\\WINDOWS\\system32\\svchost.exe -k wsappx -p,,3,67027,A process was created.,,,
3034,Normal,"May 9, 2025 @ 13:56:13.931",15,10.12.25.3,Windows11,Security,4688,4,,,,,,,,,net.exe accounts,,3,67027,A process was created.,,,
3035,Normal,"May 9, 2025 @ 13:56:13.937",15,10.12.25.3,Windows11,Security,4688,4,,,,,,,,,\\??\\C:\\WINDOWS\\system32\\conhost.exe 0xffffffff -ForceV1,,3,67027,A process was created.,,,
3036,Normal,"May 9, 2025 @ 13:56:13.938",15,10.12.25.3,Windows11,Security,4688,4,,,,,,,,,"C:\\WINDOWS\\system32\\wevtutil.exe install-manifest \""C:\\ProgramData\\Microsoft\\Windows Defender\\Platform\\4.18.25030.2-0\\Microsoft-Antimalware-AMFilter.man\"" \""/resourceFilePath:C:\\ProgramData\\Microsoft\\Windows Defender\\Platform\\4.18.25030.2-0\\Drivers\\WdFilter.sys\"" \""/messageFilePath:C:\\ProgramData\\Microsoft\\Windows Defender\\Platform\\4.18.25030.2-0\\Drivers\\WdFilter.sys\"" \""/parameterFilePath:C:\\ProgramData\\Microsoft\\Windows Defender\\Platform\\4.18.25030.2-0\\Drivers\\WdFilter.sys\""",,3,67027,A process was created.,,,
3037,Normal,"May 9, 2025 @ 13:56:13.946",15,10.12.25.3,Windows11,Security,4688,4,,,,,,,,,C:\\WINDOWS\\system32\\net1 accounts,,3,67027,A process was created.,,,
3038,Normal,"May 9, 2025 @ 13:56:13.947",15,10.12.25.3,Windows11,Security,4688,4,,,,,,,,,net.exe accounts,,3,67027,A process was created.,,,
3039,Normal,"May 9, 2025 @ 13:56:13.947",15,10.12.25.3,Windows11,Security,4688,4,,,,,,,,,\\??\\C:\\WINDOWS\\system32\\conhost.exe 0xffffffff -ForceV1,,3,67027,A process was created.,,,
3040,Normal,"May 9, 2025 @ 13:56:14.948",15,10.12.25.3,Windows11,Security,4688,4,,,,,,,,,\\??\\C:\\WINDOWS\\system32\\conhost.exe 0xffffffff -ForceV1,,3,67027,A process was created.,,,
3041,Normal,"May 9, 2025 @ 13:56:14.949",15,10.12.25.3,Windows11,Security,4688,4,,,,,,,,,C:\\WINDOWS\\system32\\net1 accounts,,3,67027,A process was created.,,,
3042,Normal,"May 9, 2025 @ 13:56:14.949",15,10.12.25.3,Windows11,Security,4688,4,,,,,,,,,net.exe accounts,,3,67027,A process was created.,,,
3043,Normal,"May 9, 2025 @ 13:56:14.950",15,10.12.25.3,Windows11,Security,4688,4,,,,,,,,,\\??\\C:\\WINDOWS\\system32\\conhost.exe 0xffffffff -ForceV1,,3,67027,A process was created.,,,
3044,Normal,"May 9, 2025 @ 13:56:14.950",15,10.12.25.3,Windows11,Security,4688,4,,,,,,,,,"C:\\WINDOWS\\system32\\wevtutil.exe uninstall-manifest \""C:\\ProgramData\\Microsoft\\Windows Defender\\Platform\\4.18.25030.2-0\\Microsoft-Windows-Windows Defender.man\""",,3,67027,A process was created.,,,
3045,Normal,"May 9, 2025 @ 13:56:14.951",15,10.12.25.3,Windows11,Security,4688,4,,,,,,,,,\\??\\C:\\WINDOWS\\system32\\conhost.exe 0xffffffff -ForceV1,,3,67027,A process was created.,,,
3046,Normal,"May 9, 2025 @ 13:56:14.951",15,10.12.25.3,Windows11,Security,4688,4,,,,,,,,,net.exe accounts,,3,67027,A process was created.,,,
3047,Normal,"May 9, 2025 @ 13:56:14.952",15,10.12.25.3,Windows11,Security,4688,4,,,,,,,,,\\??\\C:\\WINDOWS\\system32\\conhost.exe 0xffffffff -ForceV1,,3,67027,A process was created.,,,
3048,Normal,"May 9, 2025 @ 13:56:14.961",15,10.12.25.3,Windows11,Security,4688,4,,,,,,,,,C:\\WINDOWS\\system32\\net1 accounts,,3,67027,A process was created.,,,
3049,Normal,"May 9, 2025 @ 13:56:15.990",15,10.12.25.3,Windows11,Security,4688,4,,,,,,,,,C:\\WINDOWS\\system32\\net1 accounts,,3,67027,A process was created.,,,
3050,Normal,"May 9, 2025 @ 13:56:15.993",15,10.12.25.3,Windows11,Security,4688,4,,,,,,,,,"C:\\WINDOWS\\system32\\wevtutil.exe install-manifest \""C:\\ProgramData\\Microsoft\\Windows Defender\\Platform\\4.18.25030.2-0\\Microsoft-Windows-Windows Defender.man\"" \""/resourceFilePath:C:\\ProgramData\\Microsoft\\Windows Defender\\Platform\\4.18.25030.2-0\\MpEvMsg.dll\"" \""/messageFilePath:C:\\ProgramData\\Microsoft\\Windows Defender\\Platform\\4.18.25030.2-0\\MpEvMsg.dll\"" \""/parameterFilePath:C:\\ProgramData\\Microsoft\\Windows Defender\\Platform\\4.18.25030.2-0\\MpEvMsg.dll\""",,3,67027,A process was created.,,,
3051,Normal,"May 9, 2025 @ 13:56:16.131",15,10.12.25.3,Windows11,Security,4688,4,,,,,,,,,\\??\\C:\\WINDOWS\\system32\\conhost.exe 0xffffffff -ForceV1,,3,67027,A process was created.,,,
3052,Normal,"May 9, 2025 @ 13:56:16.294",15,10.12.25.3,Windows11,Security,4688,4,,,,,,,,,C:\\WINDOWS\\system32\\wbem\\unsecapp.exe -Embedding,,3,67027,A process was created.,,,
3053,Normal,"May 9, 2025 @ 13:56:16.435",15,10.12.25.3,Windows11,Security,4688,4,,,,,,,,,C:\\WINDOWS\\system32\\wbem\\wmiprvse.exe -secured -Embedding,,3,67027,A process was created.,,,
3054,Normal,"May 9, 2025 @ 13:56:16.436",15,10.12.25.3,Windows11,Security,4688,4,,,,,,,,,"C:\\WINDOWS\\system32\\wevtutil.exe uninstall-manifest \""C:\\ProgramData\\Microsoft\\Windows Defender\\Platform\\4.18.25030.2-0\\Microsoft-Antimalware-Service.man\""",,3,67027,A process was created.,,,
3055,Normal,"May 9, 2025 @ 13:56:16.436",15,10.12.25.3,Windows11,Security,4688,4,,,,,,,,,\\??\\C:\\WINDOWS\\system32\\conhost.exe 0xffffffff -ForceV1,,3,67027,A process was created.,,,
3056,Normal,"May 9, 2025 @ 13:56:17.035",15,10.12.25.3,Windows11,Security,4688,4,,,,,,,,,\\??\\C:\\WINDOWS\\system32\\conhost.exe 0xffffffff -ForceV1,,3,67027,A process was created.,,,
3057,Normal,"May 9, 2025 @ 13:56:17.035",15,10.12.25.3,Windows11,Security,4688,4,,,,,,,,,net.exe accounts,,3,67027,A process was created.,,,
3058,Normal,"May 9, 2025 @ 13:56:17.091",15,10.12.25.3,Windows11,Security,4688,4,,,,,,,,,C:\\WINDOWS\\system32\\net1 accounts,,3,67027,A process was created.,,,
3059,Normal,"May 9, 2025 @ 13:56:17.173",15,10.12.25.3,Windows11,Security,4688,4,,,,,,,,,net.exe accounts,,3,67027,A process was created.,,,
3060,Normal,"May 9, 2025 @ 13:56:17.195",15,10.12.25.3,Windows11,Security,4688,4,,,,,,,,,"C:\\WINDOWS\\system32\\wevtutil.exe install-manifest \""C:\\ProgramData\\Microsoft\\Windows Defender\\Platform\\4.18.25030.2-0\\Microsoft-Antimalware-Service.man\"" \""/resourceFilePath:C:\\ProgramData\\Microsoft\\Windows Defender\\Platform\\4.18.25030.2-0\\MpSvc.dll\"" \""/messageFilePath:C:\\ProgramData\\Microsoft\\Windows Defender\\Platform\\4.18.25030.2-0\\MpSvc.dll\"" \""/parameterFilePath:C:\\ProgramData\\Microsoft\\Windows Defender\\Platform\\4.18.25030.2-0\\MpSvc.dll\""",,3,67027,A process was created.,,,
3061,Normal,"May 9, 2025 @ 13:56:17.273",15,10.12.25.3,Windows11,Security,4688,4,,,,,,,,,\\??\\C:\\WINDOWS\\system32\\conhost.exe 0xffffffff -ForceV1,,3,67027,A process was created.,,,
3062,Normal,"May 9, 2025 @ 13:56:17.273",15,10.12.25.3,Windows11,Security,4688,4,,,,,,,,,\\??\\C:\\WINDOWS\\system32\\conhost.exe 0xffffffff -ForceV1,,3,67027,A process was created.,,,
3063,Normal,"May 9, 2025 @ 13:56:17.352",15,10.12.25.3,Windows11,Security,4688,4,,,,,,,,,"\""C:\\WINDOWS\\system32\\wermgr.exe\"" -upload",,3,67027,A process was created.,,,
3064,Normal,"May 9, 2025 @ 13:56:17.360",15,10.12.25.3,Windows11,Security,4688,4,,,,,,,,,"C:\\WINDOWS\\system32\\wevtutil.exe uninstall-manifest \""C:\\ProgramData\\Microsoft\\Windows Defender\\Platform\\4.18.25030.2-0\\Microsoft-Antimalware-NIS.man\""",,3,67027,A process was created.,,,
3065,Normal,"May 9, 2025 @ 13:56:17.427",15,10.12.25.3,Windows11,Security,4688,4,,,,,,,,,\\??\\C:\\WINDOWS\\system32\\conhost.exe 0xffffffff -ForceV1,,3,67027,A process was created.,,,
3066,Normal,"May 9, 2025 @ 13:56:17.512",15,10.12.25.3,Windows11,Security,4624,888,,Negotiate,Advapi,,,,,,,,3,60106,Windows Logon Success,[T1078],"[Defense Evasion, Persistence, Privilege Escalation, Initial Access]",[Valid Accounts]
3067,Normal,"May 9, 2025 @ 13:56:17.526",15,10.12.25.3,Windows11,Security,4688,4,,,,,,,,,C:\\WINDOWS\\servicing\\TrustedInstaller.exe,,3,67027,A process was created.,,,
3068,Normal,"May 9, 2025 @ 13:56:17.667",15,10.12.25.3,Windows11,Security,4688,4,,,,,,,,,"C:\\WINDOWS\\system32\\wevtutil.exe install-manifest \""C:\\ProgramData\\Microsoft\\Windows Defender\\Platform\\4.18.25030.2-0\\Microsoft-Antimalware-NIS.man\"" \""/resourceFilePath:C:\\ProgramData\\Microsoft\\Windows Defender\\Platform\\4.18.25030.2-0\\NisSrv.exe\"" \""/messageFilePath:C:\\ProgramData\\Microsoft\\Windows Defender\\Platform\\4.18.25030.2-0\\NisSrv.exe\"" \""/parameterFilePath:C:\\ProgramData\\Microsoft\\Windows Defender\\Platform\\4.18.25030.2-0\\NisSrv.exe\""",,3,67027,A process was created.,,,
3069,Normal,"May 9, 2025 @ 13:56:17.688",15,10.12.25.3,Windows11,Security,4688,4,,,,,,,,,\\??\\C:\\WINDOWS\\system32\\conhost.exe 0xffffffff -ForceV1,,3,67027,A process was created.,,,
3070,Normal,"May 9, 2025 @ 13:56:18.224",15,10.12.25.3,Windows11,Security,4688,4,,,,,,,,,C:\\WINDOWS\\winsxs\\amd64_microsoft-windows-servicingstack_31bf3856ad364e35_10.0.26100.3764_none_a5067b2d776484b6\\TiWorker.exe -Embedding,,3,67027,A process was created.,,,
3071,Normal,"May 9, 2025 @ 13:56:18.225",15,10.12.25.3,Windows11,Security,4688,4,,,,,,,,,C:\\WINDOWS\\system32\\net1 accounts,,3,67027,A process was created.,,,
3072,Normal,"May 9, 2025 @ 13:56:18.225",15,10.12.25.3,Windows11,Security,4688,4,,,,,,,,,net.exe accounts,,3,67027,A process was created.,,,
3073,Normal,"May 9, 2025 @ 13:56:18.226",15,10.12.25.3,Windows11,Security,4688,4,,,,,,,,,\\??\\C:\\WINDOWS\\system32\\conhost.exe 0xffffffff -ForceV1,,3,67027,A process was created.,,,
3074,Normal,"May 9, 2025 @ 13:56:18.226",15,10.12.25.3,Windows11,Security,4688,4,,,,,,,,,net.exe accounts,,3,67027,A process was created.,,,
3075,Normal,"May 9, 2025 @ 13:56:18.226",15,10.12.25.3,Windows11,Security,4688,4,,,,,,,,,C:\\WINDOWS\\system32\\net1 accounts,,3,67027,A process was created.,,,
3076,Normal,"May 9, 2025 @ 13:56:18.287",15,10.12.25.3,Windows11,Security,4688,4,,,,,,,,,"C:\\WINDOWS\\system32\\wevtutil.exe uninstall-manifest \""C:\\ProgramData\\Microsoft\\Windows Defender\\Platform\\4.18.25030.2-0\\Microsoft-Antimalware-RTP.man\""",,3,67027,A process was created.,,,
3077,Normal,"May 9, 2025 @ 13:56:18.298",15,10.12.25.3,Windows11,Security,4688,4,,,,,,,,,\\??\\C:\\WINDOWS\\system32\\conhost.exe 0xffffffff -ForceV1,,3,67027,A process was created.,,,
3078,Normal,"May 9, 2025 @ 13:56:18.298",15,10.12.25.3,Windows11,Security,4688,4,,,,,,,,,\\??\\C:\\WINDOWS\\system32\\conhost.exe 0xffffffff -ForceV1,,3,67027,A process was created.,,,
3079,Normal,"May 9, 2025 @ 13:56:18.299",15,10.12.25.3,Windows11,Security,4688,4,,,,,,,,,C:\\WINDOWS\\system32\\net1 accounts,,3,67027,A process was created.,,,
3080,Normal,"May 9, 2025 @ 13:56:18.300",15,10.12.25.3,Windows11,Security,4688,4,,,,,,,,,net user guest,,3,67027,A process was created.,,,
3081,Normal,"May 9, 2025 @ 13:56:18.300",15,10.12.25.3,Windows11,Security,4688,4,,,,,,,,,"C:\\WINDOWS\\system32\\wevtutil.exe install-manifest \""C:\\ProgramData\\Microsoft\\Windows Defender\\Platform\\4.18.25030.2-0\\Microsoft-Antimalware-RTP.man\"" \""/resourceFilePath:C:\\ProgramData\\Microsoft\\Windows Defender\\Platform\\4.18.25030.2-0\\MpRtp.dll\"" \""/messageFilePath:C:\\ProgramData\\Microsoft\\Windows Defender\\Platform\\4.18.25030.2-0\\MpRtp.dll\"" \""/parameterFilePath:C:\\ProgramData\\Microsoft\\Windows Defender\\Platform\\4.18.25030.2-0\\MpRtp.dll\""",,3,67027,A process was created.,,,
3082,Normal,"May 9, 2025 @ 13:56:18.300",15,10.12.25.3,Windows11,Security,4688,4,,,,,,,,,\\??\\C:\\WINDOWS\\system32\\conhost.exe 0xffffffff -ForceV1,,3,67027,A process was created.,,,
3083,Normal,"May 9, 2025 @ 13:56:18.301",15,10.12.25.3,Windows11,Security,4688,4,,,,,,,,,C:\\WINDOWS\\system32\\net1 user guest,,3,67027,A process was created.,,,
3084,Normal,"May 9, 2025 @ 13:56:18.301",15,10.12.25.3,Windows11,Security,4688,4,,,,,,,,,\\??\\C:\\WINDOWS\\system32\\conhost.exe 0xffffffff -ForceV1,,3,67027,A process was created.,,,
3085,Normal,"May 9, 2025 @ 13:56:18.302",15,10.12.25.3,Windows11,Security,4688,4,,,,,,,,,AggregatorHost.exe,,3,67027,A process was created.,,,
3086,Normal,"May 9, 2025 @ 13:56:18.380",15,10.12.25.3,Windows11,Security,4688,4,,,,,,,,,net user guest,,3,67027,A process was created.,,,
3087,Normal,"May 9, 2025 @ 13:56:18.386",15,10.12.25.3,Windows11,Security,4688,4,,,,,,,,,\\??\\C:\\WINDOWS\\system32\\conhost.exe 0xffffffff -ForceV1,,3,67027,A process was created.,,,
3088,Normal,"May 9, 2025 @ 13:56:18.525",15,10.12.25.3,Windows11,Microsoft-Windows-Sysmon/Operational,1,3088,,,,,,,NT AUTHORITY\\SYSTEM,"\""C:\\Program Files (x86)\\ossec-agent\\wazuh-agent.exe\""",net.exe accounts,,3,92031,Discovery activity executed,[T1087],[Discovery],[Account Discovery]
3089,Normal,"May 9, 2025 @ 13:56:18.532",15,10.12.25.3,Windows11,Microsoft-Windows-Sysmon/Operational,1,3088,,,,,,,NT AUTHORITY\\SYSTEM,net.exe accounts,C:\\WINDOWS\\system32\\net1 accounts,,3,92031,Discovery activity executed,[T1087],[Discovery],[Account Discovery]
3090,Normal,"May 9, 2025 @ 13:56:18.533",15,10.12.25.3,Windows11,Microsoft-Windows-Sysmon/Operational,1,3088,,,,,,,NT AUTHORITY\\SYSTEM,"\""C:\\Program Files (x86)\\ossec-agent\\wazuh-agent.exe\""",net.exe accounts,,3,92031,Discovery activity executed,[T1087],[Discovery],[Account Discovery]
3091,Normal,"May 9, 2025 @ 13:56:18.609",15,10.12.25.3,Windows11,Microsoft-Windows-Sysmon/Operational,1,3088,,,,,,,NT AUTHORITY\\SYSTEM,net.exe accounts,C:\\WINDOWS\\system32\\net1 accounts,,3,92031,Discovery activity executed,[T1087],[Discovery],[Account Discovery]
3092,Normal,"May 9, 2025 @ 13:56:18.756",15,10.12.25.3,Windows11,Microsoft-Windows-Sysmon/Operational,1,3088,,,,,,,NT AUTHORITY\\SYSTEM,"\""C:\\Program Files (x86)\\ossec-agent\\wazuh-agent.exe\""",net.exe accounts,,3,92031,Discovery activity executed,[T1087],[Discovery],[Account Discovery]
3093,Normal,"May 9, 2025 @ 13:56:18.764",15,10.12.25.3,Windows11,Microsoft-Windows-Sysmon/Operational,1,3088,,,,,,,NT AUTHORITY\\SYSTEM,net.exe accounts,C:\\WINDOWS\\system32\\net1 accounts,,3,92031,Discovery activity executed,[T1087],[Discovery],[Account Discovery]
3094,Normal,"May 9, 2025 @ 13:56:18.766",15,10.12.25.3,Windows11,Microsoft-Windows-Sysmon/Operational,1,3088,,,,,,,NT AUTHORITY\\SYSTEM,"\""C:\\Program Files (x86)\\ossec-agent\\wazuh-agent.exe\""",net.exe accounts,,3,92031,Discovery activity executed,[T1087],[Discovery],[Account Discovery]
3095,Normal,"May 9, 2025 @ 13:56:18.775",15,10.12.25.3,Windows11,Microsoft-Windows-Sysmon/Operational,1,3088,,,,,,,NT AUTHORITY\\SYSTEM,net.exe accounts,C:\\WINDOWS\\system32\\net1 accounts,,3,92031,Discovery activity executed,[T1087],[Discovery],[Account Discovery]
3096,Normal,"May 9, 2025 @ 13:56:18.839",15,10.12.25.3,Windows11,Microsoft-Windows-Sysmon/Operational,1,3088,,,,,,,NT AUTHORITY\\SYSTEM,"\""C:\\Program Files (x86)\\ossec-agent\\wazuh-agent.exe\""",net.exe accounts,,3,92031,Discovery activity executed,[T1087],[Discovery],[Account Discovery]
3097,Normal,"May 9, 2025 @ 13:56:18.841",15,10.12.25.3,Windows11,Microsoft-Windows-Sysmon/Operational,1,3088,,,,,,,NT AUTHORITY\\SYSTEM,net.exe accounts,C:\\WINDOWS\\system32\\net1 accounts,,3,92031,Discovery activity executed,[T1087],[Discovery],[Account Discovery]
3098,Normal,"May 9, 2025 @ 13:56:19.299",15,10.12.25.3,Windows11,Microsoft-Windows-Sysmon/Operational,1,3088,,,,,,,NT AUTHORITY\\SYSTEM,"\""C:\\Program Files (x86)\\ossec-agent\\wazuh-agent.exe\""",net.exe accounts,,3,92031,Discovery activity executed,[T1087],[Discovery],[Account Discovery]
3099,Normal,"May 9, 2025 @ 13:56:19.299",15,10.12.25.3,Windows11,Microsoft-Windows-Sysmon/Operational,1,3088,,,,,,,NT AUTHORITY\\SYSTEM,net.exe accounts,C:\\WINDOWS\\system32\\net1 accounts,,3,92031,Discovery activity executed,[T1087],[Discovery],[Account Discovery]
3100,Normal,"May 9, 2025 @ 13:56:19.590",15,10.12.25.3,Windows11,Microsoft-Windows-Sysmon/Operational,1,3088,,,,,,,NT AUTHORITY\\SYSTEM,"\""C:\\Program Files (x86)\\ossec-agent\\wazuh-agent.exe\""",net.exe accounts,,3,92031,Discovery activity executed,[T1087],[Discovery],[Account Discovery]
3101,Normal,"May 9, 2025 @ 13:56:19.598",15,10.12.25.3,Windows11,Microsoft-Windows-Sysmon/Operational,1,3088,,,,,,,NT AUTHORITY\\SYSTEM,"\""C:\\Program Files (x86)\\ossec-agent\\wazuh-agent.exe\""",net.exe accounts,,3,92031,Discovery activity executed,[T1087],[Discovery],[Account Discovery]
3102,Normal,"May 9, 2025 @ 13:56:19.598",15,10.12.25.3,Windows11,Microsoft-Windows-Sysmon/Operational,1,3088,,,,,,,NT AUTHORITY\\SYSTEM,net.exe accounts,C:\\WINDOWS\\system32\\net1 accounts,,3,92031,Discovery activity executed,[T1087],[Discovery],[Account Discovery]
3103,Normal,"May 9, 2025 @ 13:56:19.599",15,10.12.25.3,Windows11,Microsoft-Windows-Sysmon/Operational,1,3088,,,,,,,NT AUTHORITY\\SYSTEM,net.exe accounts,C:\\WINDOWS\\system32\\net1 accounts,,3,92031,Discovery activity executed,[T1087],[Discovery],[Account Discovery]
3104,Normal,"May 9, 2025 @ 13:56:19.600",15,10.12.25.3,Windows11,Microsoft-Windows-Sysmon/Operational,1,3088,,,,,,,NT AUTHORITY\\SYSTEM,"\""C:\\Program Files (x86)\\ossec-agent\\wazuh-agent.exe\""",net.exe accounts,,3,92031,Discovery activity executed,[T1087],[Discovery],[Account Discovery]
3105,Normal,"May 9, 2025 @ 13:56:19.672",15,10.12.25.3,Windows11,Microsoft-Windows-Sysmon/Operational,1,3088,,,,,,,NT AUTHORITY\\SYSTEM,"\""C:\\Program Files (x86)\\ossec-agent\\wazuh-agent.exe\""",net user guest,,3,92039,A net.exe account discovery command was initiated,[T1087],[Discovery],[Account Discovery]
3106,Normal,"May 9, 2025 @ 13:56:19.676",15,10.12.25.3,Windows11,Microsoft-Windows-Sysmon/Operational,1,3088,,,,,,,NT AUTHORITY\\SYSTEM,net.exe accounts,C:\\WINDOWS\\system32\\net1 accounts,,3,92031,Discovery activity executed,[T1087],[Discovery],[Account Discovery]
3107,Normal,"May 9, 2025 @ 13:56:19.681",15,10.12.25.3,Windows11,Microsoft-Windows-Sysmon/Operational,1,3088,,,,,,,NT AUTHORITY\\SYSTEM,"\""C:\\Program Files (x86)\\ossec-agent\\wazuh-agent.exe\""",net user guest,,3,92039,A net.exe account discovery command was initiated,[T1087],[Discovery],[Account Discovery]
3108,Normal,"May 9, 2025 @ 13:56:19.756",15,10.12.25.3,Windows11,Microsoft-Windows-Sysmon/Operational,1,3088,,,,,,,NT AUTHORITY\\SYSTEM,net user guest,C:\\WINDOWS\\system32\\net1 user guest,,3,92039,A net.exe account discovery command was initiated,[T1087],[Discovery],[Account Discovery]
3109,Normal,"May 9, 2025 @ 13:56:19.759",15,10.12.25.3,Windows11,Microsoft-Windows-Sysmon/Operational,1,3088,,,,,,,NT AUTHORITY\\SYSTEM,"\""C:\\Program Files (x86)\\ossec-agent\\wazuh-agent.exe\""",net user administrator,,3,92039,A net.exe account discovery command was initiated,[T1087],[Discovery],[Account Discovery]
3110,Normal,"May 9, 2025 @ 13:56:19.759",15,10.12.25.3,Windows11,Microsoft-Windows-Sysmon/Operational,1,3088,,,,,,,NT AUTHORITY\\SYSTEM,net user guest,C:\\WINDOWS\\system32\\net1 user guest,,3,92039,A net.exe account discovery command was initiated,[T1087],[Discovery],[Account Discovery]
3111,Normal,"May 9, 2025 @ 13:56:19.836",15,10.12.25.3,Windows11,Microsoft-Windows-Sysmon/Operational,1,3088,,,,,,,NT AUTHORITY\\SYSTEM,"\""C:\\Program Files (x86)\\ossec-agent\\wazuh-agent.exe\""",net user guest,,3,92039,A net.exe account discovery command was initiated,[T1087],[Discovery],[Account Discovery]
3112,Normal,"May 9, 2025 @ 13:56:19.837",15,10.12.25.3,Windows11,Microsoft-Windows-Sysmon/Operational,1,3088,,,,,,,NT AUTHORITY\\SYSTEM,net user administrator,C:\\WINDOWS\\system32\\net1 user administrator,,3,92039,A net.exe account discovery command was initiated,[T1087],[Discovery],[Account Discovery]
3113,Normal,"May 9, 2025 @ 13:56:19.838",15,10.12.25.3,Windows11,Security,4688,4,,,,,,,,,C:\\WINDOWS\\system32\\wbem\\wmiprvse.exe -Embedding,,3,67027,A process was created.,,,
3114,Normal,"May 9, 2025 @ 13:56:19.847",15,10.12.25.3,Windows11,Security,4688,4,,,,,,,,,\\??\\C:\\WINDOWS\\system32\\conhost.exe 0xffffffff -ForceV1,,3,67027,A process was created.,,,
3115,Normal,"May 9, 2025 @ 13:56:19.847",15,10.12.25.3,Windows11,Security,4688,4,,,,,,,,,"C:\\WINDOWS\\system32\\wevtutil.exe uninstall-manifest \""C:\\ProgramData\\Microsoft\\Windows Defender\\Platform\\4.18.25030.2-0\\Microsoft-Antimalware-Protection.man\""",,3,67027,A process was created.,,,
3116,Normal,"May 9, 2025 @ 13:56:19.848",15,10.12.25.3,Windows11,Security,4688,4,,,,,,,,,C:\\WINDOWS\\system32\\net1 user guest,,3,67027,A process was created.,,,
3117,Normal,"May 9, 2025 @ 13:56:19.852",15,10.12.25.3,Windows11,Security,4688,4,,,,,,,,,net user administrator,,3,67027,A process was created.,,,
3118,Normal,"May 9, 2025 @ 13:56:19.853",15,10.12.25.3,Windows11,Security,4688,4,,,,,,,,,\\??\\C:\\WINDOWS\\system32\\conhost.exe 0xffffffff -ForceV1,,3,67027,A process was created.,,,
3119,Normal,"May 9, 2025 @ 13:56:19.853",15,10.12.25.3,Windows11,Security,4688,4,,,,,,,,,C:\\WINDOWS\\system32\\net1 user administrator,,3,67027,A process was created.,,,
3120,Normal,"May 9, 2025 @ 13:56:19.924",15,10.12.25.3,Windows11,Security,4688,4,,,,,,,,,net user guest,,3,67027,A process was created.,,,
3121,Normal,"May 9, 2025 @ 13:56:19.925",15,10.12.25.3,Windows11,Security,4688,4,,,,,,,,,\\??\\C:\\WINDOWS\\system32\\conhost.exe 0xffffffff -ForceV1,,3,67027,A process was created.,,,
3122,Normal,"May 9, 2025 @ 13:56:19.926",15,10.12.25.3,Windows11,Security,4688,4,,,,,,,,,"C:\\WINDOWS\\system32\\wevtutil.exe install-manifest \""C:\\ProgramData\\Microsoft\\Windows Defender\\Platform\\4.18.25030.2-0\\Microsoft-Antimalware-Protection.man\"" \""/resourceFilePath:C:\\ProgramData\\Microsoft\\Windows Defender\\Platform\\4.18.25030.2-0\\MpClient.dll\"" \""/messageFilePath:C:\\ProgramData\\Microsoft\\Windows Defender\\Platform\\4.18.25030.2-0\\MpClient.dll\"" \""/parameterFilePath:C:\\ProgramData\\Microsoft\\Windows Defender\\Platform\\4.18.25030.2-0\\MpClient.dll\""",,3,67027,A process was created.,,,
3123,Normal,"May 9, 2025 @ 13:56:19.926",15,10.12.25.3,Windows11,Security,4688,4,,,,,,,,,\\??\\C:\\WINDOWS\\system32\\conhost.exe 0xffffffff -ForceV1,,3,67027,A process was created.,,,
3124,Normal,"May 9, 2025 @ 13:56:19.929",15,10.12.25.3,Windows11,Security,4688,4,,,,,,,,,C:\\WINDOWS\\system32\\net1 user guest,,3,67027,A process was created.,,,
3125,Normal,"May 9, 2025 @ 13:56:20.002",15,10.12.25.3,Windows11,Security,4688,4,,,,,,,,,reg query HKLM\\SOFTWARE\\Microsoft\\Windows\\CurrentVersion\\Policies\\system /v legalnoticetext,,3,67027,A process was created.,,,
3126,Normal,"May 9, 2025 @ 13:56:20.005",15,10.12.25.3,Windows11,Security,4688,4,,,,,,,,,\\??\\C:\\WINDOWS\\system32\\conhost.exe 0xffffffff -ForceV1,,3,67027,A process was created.,,,
3127,Normal,"May 9, 2025 @ 13:56:20.006",15,10.12.25.3,Windows11,Microsoft-Windows-Sysmon/Operational,1,3088,,,,,,,NT AUTHORITY\\SYSTEM,net user guest,C:\\WINDOWS\\system32\\net1 user guest,,3,92039,A net.exe account discovery command was initiated,[T1087],[Discovery],[Account Discovery]
3128,Normal,"May 9, 2025 @ 13:56:20.706",15,10.12.25.3,Windows11,Security,4688,4,,,,,,,,,reg query HKLM\\SOFTWARE\\Microsoft\\Windows\\CurrentVersion\\Policies\\system /v legalnoticecaption,,3,67027,A process was created.,,,
3129,Normal,"May 9, 2025 @ 13:56:20.707",15,10.12.25.3,Windows11,Security,4688,4,,,,,,,,,\\??\\C:\\WINDOWS\\system32\\conhost.exe 0xffffffff -ForceV1,,3,67027,A process was created.,,,
3130,Normal,"May 9, 2025 @ 13:56:20.714",15,10.12.25.3,Windows11,Security,4688,4,,,,,,,,,"auditpol.exe /get /subcategory:\""Credential Validation\""",,3,67027,A process was created.,,,
3131,Normal,"May 9, 2025 @ 13:56:20.714",15,10.12.25.3,Windows11,Security,4688,4,,,,,,,,,\\??\\C:\\WINDOWS\\system32\\conhost.exe 0xffffffff -ForceV1,,3,67027,A process was created.,,,
3132,Normal,"May 9, 2025 @ 13:56:20.893",15,10.12.25.3,Windows11,Microsoft-Windows-Windows Defender/Operational,5007,3168,,,,,,,,,,,5,62154,Windows Defender: Antimalware platform feature configuration changed,,,
3133,Normal,"May 9, 2025 @ 13:56:20.896",15,10.12.25.3,Windows11,Microsoft-Windows-Windows Defender/Operational,5007,3168,,,,,,,,,,,5,62154,Windows Defender: Antimalware platform feature configuration changed,,,
3134,Normal,"May 9, 2025 @ 13:56:20.897",15,10.12.25.3,Windows11,Microsoft-Windows-Windows Defender/Operational,5007,3168,,,,,,,,,,,5,62154,Windows Defender: Antimalware platform feature configuration changed,,,
3135,Normal,"May 9, 2025 @ 13:56:21.963",15,10.12.25.3,Windows11,Security,4688,4,,,,,,,,,"auditpol.exe /get /subcategory:\""Application Group Management\""",,3,67027,A process was created.,,,
3136,Normal,"May 9, 2025 @ 13:56:21.963",15,10.12.25.3,Windows11,Security,4688,4,,,,,,,,,\\??\\C:\\WINDOWS\\system32\\conhost.exe 0xffffffff -ForceV1,,3,67027,A process was created.,,,
3137,Normal,"May 9, 2025 @ 13:56:21.964",15,10.12.25.3,Windows11,Security,4688,4,,,,,,,,,\\??\\C:\\WINDOWS\\system32\\conhost.exe 0xffffffff -ForceV1,,3,67027,A process was created.,,,
3138,Normal,"May 9, 2025 @ 13:56:21.967",15,10.12.25.3,Windows11,Security,4688,4,,,,,,,,,"auditpol.exe /get /subcategory:\""User Account Management\""",,3,67027,A process was created.,,,
3139,Normal,"May 9, 2025 @ 13:56:21.967",15,10.12.25.3,Windows11,Security,4688,4,,,,,,,,,\\??\\C:\\WINDOWS\\system32\\conhost.exe 0xffffffff -ForceV1,,3,67027,A process was created.,,,
3140,Normal,"May 9, 2025 @ 13:56:21.968",15,10.12.25.3,Windows11,Security,4688,4,,,,,,,,,"auditpol.exe /get /subcategory:\""Security Group Management\""",,3,67027,A process was created.,,,
3141,Normal,"May 9, 2025 @ 13:56:21.970",15,10.12.25.3,Windows11,Security,4688,4,,,,,,,,,"auditpol.exe /get /subcategory:\""Plug and Play Events\""",,3,67027,A process was created.,,,
3142,Normal,"May 9, 2025 @ 13:56:22.040",15,10.12.25.3,Windows11,Security,4688,4,,,,,,,,,"auditpol.exe /get /subcategory:\""Process Creation\""",,3,67027,A process was created.,,,
3143,Normal,"May 9, 2025 @ 13:56:22.040",15,10.12.25.3,Windows11,Security,4688,4,,,,,,,,,\\??\\C:\\WINDOWS\\system32\\conhost.exe 0xffffffff -ForceV1,,3,67027,A process was created.,,,
3144,Normal,"May 9, 2025 @ 13:56:22.041",15,10.12.25.3,Windows11,Security,4688,4,,,,,,,,,\\??\\C:\\WINDOWS\\system32\\conhost.exe 0xffffffff -ForceV1,,3,67027,A process was created.,,,
3145,Normal,"May 9, 2025 @ 13:56:23.479",15,10.12.25.3,Windows11,Microsoft-Windows-Windows Defender/Operational,5007,3168,,,,,,,,,,,5,62154,Windows Defender: Antimalware platform feature configuration changed,,,
3146,Normal,"May 9, 2025 @ 13:56:23.524",15,10.12.25.3,Windows11,Microsoft-Windows-Windows Defender/Operational,5007,3168,,,,,,,,,,,5,62154,Windows Defender: Antimalware platform feature configuration changed,,,
3147,Normal,"May 9, 2025 @ 13:56:23.524",15,10.12.25.3,Windows11,Security,4688,4,,,,,,,,,"auditpol.exe /get /subcategory:\""Account Lockout\""",,3,67027,A process was created.,,,
3148,Normal,"May 9, 2025 @ 13:56:23.604",15,10.12.25.3,Windows11,Security,4688,4,,,,,,,,,\\??\\C:\\WINDOWS\\system32\\conhost.exe 0xffffffff -ForceV1,,3,67027,A process was created.,,,
3149,Normal,"May 9, 2025 @ 13:56:23.605",15,10.12.25.3,Windows11,Security,4688,4,,,,,,,,,"auditpol.exe /get /subcategory:\""Group Membership\""",,3,67027,A process was created.,,,
3150,Normal,"May 9, 2025 @ 13:56:23.606",15,10.12.25.3,Windows11,Security,4688,4,,,,,,,,,\\??\\C:\\WINDOWS\\system32\\conhost.exe 0xffffffff -ForceV1,,3,67027,A process was created.,,,
3151,Normal,"May 9, 2025 @ 13:56:24.625",15,10.12.25.3,Windows11,Security,4688,4,,,,,,,,,"auditpol.exe /get /subcategory:\""Logoff\""",,3,67027,A process was created.,,,
3152,Normal,"May 9, 2025 @ 13:56:24.629",15,10.12.25.3,Windows11,Security,4688,4,,,,,,,,,\\??\\C:\\WINDOWS\\system32\\conhost.exe 0xffffffff -ForceV1,,3,67027,A process was created.,,,
3153,Normal,"May 9, 2025 @ 13:56:24.703",15,10.12.25.3,Windows11,Security,4688,4,,,,,,,,,"auditpol.exe /get /subcategory:\""Logon\""",,3,67027,A process was created.,,,
3154,Normal,"May 9, 2025 @ 13:56:24.703",15,10.12.25.3,Windows11,Security,4688,4,,,,,,,,,"auditpol.exe /get /subcategory:\""Other Logon/Logoff Events\""",,3,67027,A process was created.,,,
3155,Normal,"May 9, 2025 @ 13:56:24.703",15,10.12.25.3,Windows11,Security,4688,4,,,,,,,,,\\??\\C:\\WINDOWS\\system32\\conhost.exe 0xffffffff -ForceV1,,3,67027,A process was created.,,,
3156,Normal,"May 9, 2025 @ 13:56:24.703",15,10.12.25.3,Windows11,Security,4688,4,,,,,,,,,\\??\\C:\\WINDOWS\\system32\\conhost.exe 0xffffffff -ForceV1,,3,67027,A process was created.,,,
3157,Normal,"May 9, 2025 @ 13:56:24.703",15,10.12.25.3,Windows11,Security,4688,4,,,,,,,,,"auditpol.exe /get /subcategory:\""Special Logon\""",,3,67027,A process was created.,,,
3158,Normal,"May 9, 2025 @ 13:56:24.783",15,10.12.25.3,Windows11,Security,4688,4,,,,,,,,,\\??\\C:\\WINDOWS\\system32\\conhost.exe 0xffffffff -ForceV1,,3,67027,A process was created.,,,
3159,Normal,"May 9, 2025 @ 13:56:24.784",15,10.12.25.3,Windows11,Security,4688,4,,,,,,,,,\\??\\C:\\WINDOWS\\system32\\conhost.exe 0xffffffff -ForceV1,,3,67027,A process was created.,,,
3160,Normal,"May 9, 2025 @ 13:56:24.784",15,10.12.25.3,Windows11,Security,4688,4,,,,,,,,,"auditpol.exe /get /subcategory:\""Detailed File Share\""",,3,67027,A process was created.,,,
3161,Normal,"May 9, 2025 @ 13:56:25.679",15,10.12.25.3,Windows11,Security,4688,4,,,,,,,,,"auditpol.exe /get /subcategory:\""File Share\""",,3,67027,A process was created.,,,
3162,Normal,"May 9, 2025 @ 13:56:25.753",15,10.12.25.3,Windows11,Security,4688,4,,,,,,,,,"auditpol.exe /get /subcategory:\""Other Object Access Events\""",,3,67027,A process was created.,,,
3163,Normal,"May 9, 2025 @ 13:56:25.758",15,10.12.25.3,Windows11,Security,4688,4,,,,,,,,,\\??\\C:\\WINDOWS\\system32\\conhost.exe 0xffffffff -ForceV1,,3,67027,A process was created.,,,
3164,Normal,"May 9, 2025 @ 13:56:25.763",15,10.12.25.3,Windows11,Security,4688,4,,,,,,,,,\\??\\C:\\WINDOWS\\system32\\conhost.exe 0xffffffff -ForceV1,,3,67027,A process was created.,,,
3165,Normal,"May 9, 2025 @ 13:56:25.829",15,10.12.25.3,Windows11,Security,4688,4,,,,,,,,,"auditpol.exe /get /subcategory:\""Removable Storage\""",,3,67027,A process was created.,,,
3166,Normal,"May 9, 2025 @ 13:56:25.836",15,10.12.25.3,Windows11,Security,4688,4,,,,,,,,,\\??\\C:\\WINDOWS\\system32\\conhost.exe 0xffffffff -ForceV1,,3,67027,A process was created.,,,
3167,Normal,"May 9, 2025 @ 13:56:25.903",15,10.12.25.3,Windows11,Security,4688,4,,,,,,,,,\\??\\C:\\WINDOWS\\system32\\conhost.exe 0xffffffff -ForceV1,,3,67027,A process was created.,,,
3168,Normal,"May 9, 2025 @ 13:56:25.905",15,10.12.25.3,Windows11,Security,4688,4,,,,,,,,,"auditpol.exe /get /subcategory:\""Audit Policy Change\""",,3,67027,A process was created.,,,
3169,Normal,"May 9, 2025 @ 13:56:25.906",15,10.12.25.3,Windows11,Security,4688,4,,,,,,,,,"auditpol.exe /get /subcategory:\""Authentication Policy Change\""",,3,67027,A process was created.,,,
3170,Normal,"May 9, 2025 @ 13:56:25.907",15,10.12.25.3,Windows11,Security,4688,4,,,,,,,,,\\??\\C:\\WINDOWS\\system32\\conhost.exe 0xffffffff -ForceV1,,3,67027,A process was created.,,,
3171,Normal,"May 9, 2025 @ 13:56:25.929",15,10.12.25.3,Windows11,Security,4688,4,,,,,,,,,"auditpol.exe /get /subcategory:\""Authorization Policy Change\""",,3,67027,A process was created.,,,
3172,Normal,"May 9, 2025 @ 13:56:25.930",15,10.12.25.3,Windows11,Security,4688,4,,,,,,,,,\\??\\C:\\WINDOWS\\system32\\conhost.exe 0xffffffff -ForceV1,,3,67027,A process was created.,,,
3173,Normal,"May 9, 2025 @ 13:56:25.984",15,10.12.25.3,Windows11,Security,4688,4,,,,,,,,,\\??\\C:\\WINDOWS\\system32\\conhost.exe 0xffffffff -ForceV1,,3,67027,A process was created.,,,
3174,Normal,"May 9, 2025 @ 13:56:25.988",15,10.12.25.3,Windows11,Security,4688,4,,,,,,,,,"auditpol.exe /get /subcategory:\""Other Policy Change Events\""",,3,67027,A process was created.,,,
3175,Normal,"May 9, 2025 @ 13:56:26.056",15,10.12.25.3,Windows11,Security,4688,4,,,,,,,,,"auditpol.exe /get /subcategory:\""MPSSVC Rule-Level Policy Change\""",,3,67027,A process was created.,,,
3176,Normal,"May 9, 2025 @ 13:56:26.057",15,10.12.25.3,Windows11,Security,4688,4,,,,,,,,,\\??\\C:\\WINDOWS\\system32\\conhost.exe 0xffffffff -ForceV1,,3,67027,A process was created.,,,
3177,Normal,"May 9, 2025 @ 13:56:26.057",15,10.12.25.3,Windows11,Security,4688,4,,,,,,,,,\\??\\C:\\WINDOWS\\system32\\conhost.exe 0xffffffff -ForceV1,,3,67027,A process was created.,,,
3178,Normal,"May 9, 2025 @ 13:56:26.058",15,10.12.25.3,Windows11,Security,4688,4,,,,,,,,,"auditpol.exe /get /subcategory:\""Sensitive Privilege Use\""",,3,67027,A process was created.,,,
3179,Normal,"May 9, 2025 @ 13:56:26.793",15,10.12.25.3,Windows11,Security,4688,4,,,,,,,,,\\??\\C:\\WINDOWS\\system32\\conhost.exe 0xffffffff -ForceV1,,3,67027,A process was created.,,,
3180,Normal,"May 9, 2025 @ 13:56:26.795",15,10.12.25.3,Windows11,Security,4688,4,,,,,,,,,"auditpol.exe /get /subcategory:\""IPsec Driver\""",,3,67027,A process was created.,,,
3181,Normal,"May 9, 2025 @ 13:56:26.875",15,10.12.25.3,Windows11,Security,4688,4,,,,,,,,,"auditpol.exe /get /subcategory:\""Other System Events\""",,3,67027,A process was created.,,,
3182,Normal,"May 9, 2025 @ 13:56:26.883",15,10.12.25.3,Windows11,Security,4688,4,,,,,,,,,\\??\\C:\\WINDOWS\\system32\\conhost.exe 0xffffffff -ForceV1,,3,67027,A process was created.,,,
3183,Normal,"May 9, 2025 @ 13:56:26.885",15,10.12.25.3,Windows11,Security,4688,4,,,,,,,,,"auditpol.exe /get /subcategory:\""Security State Change\""",,3,67027,A process was created.,,,
3184,Normal,"May 9, 2025 @ 13:56:26.965",15,10.12.25.3,Windows11,Security,4688,4,,,,,,,,,\\??\\C:\\WINDOWS\\system32\\conhost.exe 0xffffffff -ForceV1,,3,67027,A process was created.,,,
3185,Normal,"May 9, 2025 @ 13:56:26.970",15,10.12.25.3,Windows11,Security,4688,4,,,,,,,,,\\??\\C:\\WINDOWS\\system32\\conhost.exe 0xffffffff -ForceV1,,3,67027,A process was created.,,,
3186,Normal,"May 9, 2025 @ 13:56:26.970",15,10.12.25.3,Windows11,Security,4688,4,,,,,,,,,"auditpol.exe /get /subcategory:\""Security System Extension\""",,3,67027,A process was created.,,,
3187,Normal,"May 9, 2025 @ 13:56:26.971",15,10.12.25.3,Windows11,Security,4688,4,,,,,,,,,\\??\\C:\\WINDOWS\\system32\\conhost.exe 0xffffffff -ForceV1,,3,67027,A process was created.,,,
3188,Normal,"May 9, 2025 @ 13:56:26.976",15,10.12.25.3,Windows11,Security,4688,4,,,,,,,,,"auditpol.exe /get /subcategory:\""System Integrity\""",,3,67027,A process was created.,,,
3189,Normal,"May 9, 2025 @ 13:56:32.721",15,10.12.25.3,Windows11,Security,4624,888,,Negotiate,Advapi,,,,,,,,3,60106,Windows Logon Success,[T1078],"[Defense Evasion, Persistence, Privilege Escalation, Initial Access]",[Valid Accounts]
3190,Normal,"May 9, 2025 @ 13:56:32.734",15,10.12.25.3,Windows11,Security,4688,4,,,,,,,,,C:\\WINDOWS\\System32\\svchost.exe -k LocalSystemNetworkRestricted -p,,3,67027,A process was created.,,,
3191,Normal,"May 9, 2025 @ 13:56:35.808",15,10.12.25.3,Windows11,Microsoft-Windows-Windows Defender/Operational,5007,3168,,,,,,,,,,,5,62154,Windows Defender: Antimalware platform feature configuration changed,,,
3192,Normal,"May 9, 2025 @ 13:56:35.810",15,10.12.25.3,Windows11,Microsoft-Windows-Windows Defender/Operational,5007,3168,,,,,,,,,,,5,62154,Windows Defender: Antimalware platform feature configuration changed,,,
3193,Normal,"May 9, 2025 @ 13:56:35.810",15,10.12.25.3,Windows11,Microsoft-Windows-Windows Defender/Operational,5007,3168,,,,,,,,,,,5,62154,Windows Defender: Antimalware platform feature configuration changed,,,
3194,Normal,"May 9, 2025 @ 13:56:36.629",15,10.12.25.3,Windows11,Security,4688,4,,,,,,,,,"\""C:\\ProgramData\\Microsoft\\Windows Defender\\Platform\\4.18.25030.2-0\\NisSrv.exe\""",,3,67027,A process was created.,,,
3195,Normal,"May 9, 2025 @ 13:56:48.774",15,10.12.25.3,Windows11,Application,86,1808,,,,,,,,,,,9,60602,Windows application error event.,,,
3196,Normal,"May 9, 2025 @ 13:56:48.779",15,10.12.25.3,Windows11,Application,86,1808,,,,,,,,,,,9,60602,Windows application error event.,,,
3197,Normal,"May 9, 2025 @ 13:56:49.437",15,10.12.25.3,Windows11,Application,86,1808,,,,,,,,,,,9,60602,Windows application error event.,,,
3198,Normal,"May 9, 2025 @ 13:56:54.335",15,10.12.25.3,Windows11,Security,4688,4,,,,,,,,,"\""C:\\WINDOWS\\system32\\dxgiadaptercache.exe\""",,3,67027,A process was created.,,,
3199,Normal,"May 9, 2025 @ 13:56:55.635",15,10.12.25.3,Windows11,Security,4624,888,,Negotiate,Advapi,,,,,,,,3,60106,Windows Logon Success,[T1078],"[Defense Evasion, Persistence, Privilege Escalation, Initial Access]",[Valid Accounts]
3200,Normal,"May 9, 2025 @ 13:56:55.663",15,10.12.25.3,Windows11,Security,4688,4,,,,,,,,,C:\\WINDOWS\\System32\\svchost.exe -k WerSvcGroup,,3,67027,A process was created.,,,
3201,Normal,"May 9, 2025 @ 13:56:56.904",15,10.12.25.3,Windows11,Application,1001,864,,,,,,,,,,,4,60608,Summary event of the report's signatures.,,,
3202,Normal,"May 9, 2025 @ 13:56:56.907",15,10.12.25.3,Windows11,Application,1001,1568,,,,,,,,,,,4,60608,Summary event of the report's signatures.,,,
3203,Normal,"May 9, 2025 @ 13:56:56.923",15,10.12.25.3,Windows11,Security,4688,4,,,,,,,,,"\""C:\\WINDOWS\\system32\\wermgr.exe\"" -upload",,3,67027,A process was created.,,,
3204,Normal,"May 9, 2025 @ 13:57:21.765",15,10.12.25.3,Windows11,Microsoft-Windows-Windows Defender/Operational,5007,3168,,,,,,,,,,,5,62154,Windows Defender: Antimalware platform feature configuration changed,,,
