3438,Normal,"May 9, 2025 @ 14:00:12.202",15,10.12.25.3,Windows11,Microsoft-Windows-Sysmon/Operational,13,3088,,,,,,,NT AUTHORITY\\SYSTEM,,,,3,92307,Evidence of new service creation found in registry under HKLM\\System\\CurrentControlSet\\Services\\cbdhsvc_11057d\\ImagePath binary is: C:\\WINDOWS\\system32\\svchost.exe -k ClipboardSvcGroup -p,[T1543.003],"[Persistence, Privilege Escalation]",[Windows Service]
3439,Normal,"May 9, 2025 @ 14:00:12.233",15,10.12.25.3,Windows11,Microsoft-Windows-Sysmon/Operational,13,3088,,,,,,,NT AUTHORITY\\SYSTEM,,,,3,92307,Evidence of new service creation found in registry under HKLM\\System\\CurrentControlSet\\Services\\CDPUserSvc_11057d\\ImagePath binary is: C:\\WINDOWS\\system32\\svchost.exe -k UnistackSvcGroup,[T1543.003],"[Persistence, Privilege Escalation]",[Windows Service]
3440,Normal,"May 9, 2025 @ 14:00:12.376",15,10.12.25.3,Windows11,Microsoft-Windows-Sysmon/Operational,13,3088,,,,,,,NT AUTHORITY\\SYSTEM,,,,3,92307,Evidence of new service creation found in registry under HKLM\\System\\CurrentControlSet\\Services\\CloudBackupRestoreSvc_11057d\\ImagePath binary is: C:\\WINDOWS\\system32\\svchost.exe -k UnistackSvcGroup,[T1543.003],"[Persistence, Privilege Escalation]",[Windows Service]
3441,Normal,"May 9, 2025 @ 14:00:12.377",15,10.12.25.3,Windows11,Microsoft-Windows-Sysmon/Operational,13,3088,,,,,,,NT AUTHORITY\\SYSTEM,,,,3,92307,Evidence of new service creation found in registry under HKLM\\System\\CurrentControlSet\\Services\\CredentialEnrollmentManagerUserSvc_11057d\\ImagePath binary is: C:\\WINDOWS\\system32\\CredentialEnrollmentManager.exe,[T1543.003],"[Persistence, Privilege Escalation]",[Windows Service]
3442,Normal,"May 9, 2025 @ 14:00:12.377",15,10.12.25.3,Windows11,Microsoft-Windows-Sysmon/Operational,13,3088,,,,,,,NT AUTHORITY\\SYSTEM,,,,3,92307,Evidence of new service creation found in registry under HKLM\\System\\CurrentControlSet\\Services\\ConsentUxUserSvc_11057d\\ImagePath binary is: C:\\WINDOWS\\system32\\svchost.exe -k DevicesFlow,[T1543.003],"[Persistence, Privilege Escalation]",[Windows Service]
3443,Normal,"May 9, 2025 @ 14:00:12.378",15,10.12.25.3,Windows11,Microsoft-Windows-Sysmon/Operational,13,3088,,,,,,,NT AUTHORITY\\SYSTEM,,,,3,92307,Evidence of new service creation found in registry under HKLM\\System\\CurrentControlSet\\Services\\DeviceAssociationBrokerSvc_11057d\\ImagePath binary is: C:\\WINDOWS\\system32\\svchost.exe -k DevicesFlow -p,[T1543.003],"[Persistence, Privilege Escalation]",[Windows Service]
3444,Normal,"May 9, 2025 @ 14:00:12.414",15,10.12.25.3,Windows11,Microsoft-Windows-Sysmon/Operational,13,3088,,,,,,,NT AUTHORITY\\SYSTEM,,,,3,92307,Evidence of new service creation found in registry under HKLM\\System\\CurrentControlSet\\Services\\DevicePickerUserSvc_11057d\\ImagePath binary is: C:\\WINDOWS\\system32\\svchost.exe -k DevicesFlow,[T1543.003],"[Persistence, Privilege Escalation]",[Windows Service]
3445,Normal,"May 9, 2025 @ 14:00:12.421",15,10.12.25.3,Windows11,Microsoft-Windows-Sysmon/Operational,13,3088,,,,,,,NT AUTHORITY\\SYSTEM,,,,3,92307,Evidence of new service creation found in registry under HKLM\\System\\CurrentControlSet\\Services\\DevicesFlowUserSvc_11057d\\ImagePath binary is: C:\\WINDOWS\\system32\\svchost.exe -k DevicesFlow,[T1543.003],"[Persistence, Privilege Escalation]",[Windows Service]
3446,Normal,"May 9, 2025 @ 14:00:12.428",15,10.12.25.3,Windows11,Microsoft-Windows-Sysmon/Operational,13,3088,,,,,,,NT AUTHORITY\\SYSTEM,,,,3,92307,Evidence of new service creation found in registry under HKLM\\System\\CurrentControlSet\\Services\\MessagingService_11057d\\ImagePath binary is: C:\\WINDOWS\\system32\\svchost.exe -k UnistackSvcGroup,[T1543.003],"[Persistence, Privilege Escalation]",[Windows Service]
3447,Normal,"May 9, 2025 @ 14:00:12.535",15,10.12.25.3,Windows11,Microsoft-Windows-Sysmon/Operational,13,3088,,,,,,,NT AUTHORITY\\SYSTEM,,,,3,92307,Evidence of new service creation found in registry under HKLM\\System\\CurrentControlSet\\Services\\NPSMSvc_11057d\\ImagePath binary is: C:\\WINDOWS\\system32\\svchost.exe -k LocalService -p,[T1543.003],"[Persistence, Privilege Escalation]",[Windows Service]
3448,Normal,"May 9, 2025 @ 14:00:12.606",15,10.12.25.3,Windows11,Microsoft-Windows-Sysmon/Operational,13,3088,,,,,,,NT AUTHORITY\\SYSTEM,,,,3,92307,Evidence of new service creation found in registry under HKLM\\System\\CurrentControlSet\\Services\\OneSyncSvc_11057d\\ImagePath binary is: C:\\WINDOWS\\system32\\svchost.exe -k UnistackSvcGroup,[T1543.003],"[Persistence, Privilege Escalation]",[Windows Service]
3449,Normal,"May 9, 2025 @ 14:00:12.664",15,10.12.25.3,Windows11,Microsoft-Windows-Sysmon/Operational,13,3088,,,,,,,NT AUTHORITY\\SYSTEM,,,,3,92307,Evidence of new service creation found in registry under HKLM\\System\\CurrentControlSet\\Services\\P9RdrService_11057d\\ImagePath binary is: C:\\WINDOWS\\system32\\svchost.exe -k P9RdrService -p,[T1543.003],"[Persistence, Privilege Escalation]",[Windows Service]
3450,Normal,"May 9, 2025 @ 14:00:12.733",15,10.12.25.3,Windows11,Microsoft-Windows-Sysmon/Operational,13,3088,,,,,,,NT AUTHORITY\\SYSTEM,,,,3,92307,Evidence of new service creation found in registry under HKLM\\System\\CurrentControlSet\\Services\\PenService_11057d\\ImagePath binary is: C:\\WINDOWS\\system32\\svchost.exe -k PenService,[T1543.003],"[Persistence, Privilege Escalation]",[Windows Service]
3451,Normal,"May 9, 2025 @ 14:00:12.813",15,10.12.25.3,Windows11,Security,4688,4,,,,,,,,,taskhostw.exe {222A245B-E637-4AE9-A93F-A59CA119A75E},,3,67027,A process was created.,,,
3452,Normal,"May 9, 2025 @ 14:00:12.840",15,10.12.25.3,Windows11,Microsoft-Windows-Sysmon/Operational,13,3088,,,,,,,NT AUTHORITY\\SYSTEM,,,,3,92307,Evidence of new service creation found in registry under HKLM\\System\\CurrentControlSet\\Services\\PimIndexMaintenanceSvc_11057d\\ImagePath binary is: C:\\WINDOWS\\system32\\svchost.exe -k UnistackSvcGroup,[T1543.003],"[Persistence, Privilege Escalation]",[Windows Service]
3453,Normal,"May 9, 2025 @ 14:00:12.840",15,10.12.25.3,Windows11,Security,4688,4,,,,,,,,,"\""C:\\Program Files (x86)\\Microsoft\\EdgeUpdate\\MicrosoftEdgeUpdate.exe\"" /c",,3,67027,A process was created.,,,
3454,Normal,"May 9, 2025 @ 14:00:12.847",15,10.12.25.3,Windows11,Security,4688,4,,,,,,,,,taskhostw.exe,,3,67027,A process was created.,,,
3455,Normal,"May 9, 2025 @ 14:00:12.911",15,10.12.25.3,Windows11,Microsoft-Windows-Sysmon/Operational,13,3088,,,,,,,NT AUTHORITY\\SYSTEM,,,,3,92307,Evidence of new service creation found in registry under HKLM\\System\\CurrentControlSet\\Services\\PrintWorkflowUserSvc_11057d\\ImagePath binary is: C:\\WINDOWS\\system32\\svchost.exe -k PrintWorkflow,[T1543.003],"[Persistence, Privilege Escalation]",[Windows Service]
3456,Normal,"May 9, 2025 @ 14:00:12.912",15,10.12.25.3,Windows11,Security,4688,4,,,,,,,,,taskhostw.exe,,3,67027,A process was created.,,,
3457,Normal,"May 9, 2025 @ 14:00:12.913",15,10.12.25.3,Windows11,Microsoft-Windows-Sysmon/Operational,13,3088,,,,,,,NT AUTHORITY\\SYSTEM,,,,3,92307,Evidence of new service creation found in registry under HKLM\\System\\CurrentControlSet\\Services\\UdkUserSvc_11057d\\ImagePath binary is: C:\\WINDOWS\\system32\\svchost.exe -k UdkSvcGroup,[T1543.003],"[Persistence, Privilege Escalation]",[Windows Service]
3458,Normal,"May 9, 2025 @ 14:00:12.928",15,10.12.25.3,Windows11,Microsoft-Windows-Sysmon/Operational,13,3088,,,,,,,NT AUTHORITY\\SYSTEM,,,,3,92307,Evidence of new service creation found in registry under HKLM\\System\\CurrentControlSet\\Services\\UnistoreSvc_11057d\\ImagePath binary is: C:\\WINDOWS\\System32\\svchost.exe -k UnistackSvcGroup,[T1543.003],"[Persistence, Privilege Escalation]",[Windows Service]
3459,Normal,"May 9, 2025 @ 14:00:12.929",15,10.12.25.3,Windows11,Microsoft-Windows-Sysmon/Operational,13,3088,,,,,,,NT AUTHORITY\\SYSTEM,,,,3,92307,Evidence of new service creation found in registry under HKLM\\System\\CurrentControlSet\\Services\\UserDataSvc_11057d\\ImagePath binary is: C:\\WINDOWS\\system32\\svchost.exe -k UnistackSvcGroup,[T1543.003],"[Persistence, Privilege Escalation]",[Windows Service]
3460,Normal,"May 9, 2025 @ 14:00:12.961",15,10.12.25.3,Windows11,Microsoft-Windows-Sysmon/Operational,13,3088,,,,,,,NT AUTHORITY\\SYSTEM,,,,3,92307,Evidence of new service creation found in registry under HKLM\\System\\CurrentControlSet\\Services\\webthreatdefusersvc_11057d\\ImagePath binary is: C:\\WINDOWS\\system32\\svchost.exe -k LocalSystemNetworkRestricted -p,[T1543.003],"[Persistence, Privilege Escalation]",[Windows Service]
3461,Normal,"May 9, 2025 @ 14:00:12.962",15,10.12.25.3,Windows11,Microsoft-Windows-Sysmon/Operational,13,3088,,,,,,,NT AUTHORITY\\SYSTEM,,,,3,92307,Evidence of new service creation found in registry under HKLM\\System\\CurrentControlSet\\Services\\WpnUserService_11057d\\ImagePath binary is: C:\\WINDOWS\\system32\\svchost.exe -k UnistackSvcGroup,[T1543.003],"[Persistence, Privilege Escalation]",[Windows Service]
3462,Normal,"May 9, 2025 @ 14:00:14.860",16,10.12.25.5,Windows11EWS,Application,1001,2032,,,,,,,,,,,4,60608,Summary event of the report's signatures.,,,
3463,Normal,"May 9, 2025 @ 14:00:14.861",16,10.12.25.5,Windows11EWS,Security,4688,4,,,,,,,,,"\""C:\\WINDOWS\\system32\\wermgr.exe\"" -upload",,3,67027,A process was created.,,,
3464,Normal,"May 9, 2025 @ 14:00:14.926",16,10.12.25.5,Windows11EWS,Security,4688,4,,,,,,,,,taskhostw.exe,,3,67027,A process was created.,,,
3465,Normal,"May 9, 2025 @ 14:00:15.299",15,10.12.25.3,Windows11,Security,4688,4,,,,,,,,,C:\\WINDOWS\\system32\\userinit.exe,,3,67027,A process was created.,,,
3466,Normal,"May 9, 2025 @ 14:00:15.303",15,10.12.25.3,Windows11,Security,4688,4,,,,,,,,,C:\\WINDOWS\\Explorer.EXE,,3,67027,A process was created.,,,
3467,Normal,"May 9, 2025 @ 14:00:15.322",15,10.12.25.3,Windows11,Security,4688,4,,,,,,,,,taskhostw.exe,,3,67027,A process was created.,,,
3468,Normal,"May 9, 2025 @ 14:00:16.332",15,10.12.25.3,Windows11,Security,4688,4,,,,,,,,,"\""C:\\Windows\\System32\\ShellHost.exe\""",,3,67027,A process was created.,,,
3469,Normal,"May 9, 2025 @ 14:00:18.697",16,10.12.25.5,Windows11EWS,Security,4688,4,,,,,,,,,"\""C:\\Program Files (x86)\\Microsoft\\EdgeUpdate\\MicrosoftEdgeUpdate.exe\"" /svc",,3,67027,A process was created.,,,
3470,Normal,"May 9, 2025 @ 14:00:19.920",16,10.12.25.5,Windows11EWS,Security,4688,4,,,,,,,,,"\""C:\\Program Files (x86)\\Microsoft\\EdgeUpdate\\MicrosoftEdgeUpdate.exe\"" /c",,3,67027,A process was created.,,,
3471,Normal,"May 9, 2025 @ 14:00:19.921",16,10.12.25.5,Windows11EWS,Security,4624,960,,Negotiate,Advapi,,,,,,,,3,60106,Windows Logon Success,[T1078],"[Defense Evasion, Persistence, Privilege Escalation, Initial Access]",[Valid Accounts]
3472,Normal,"May 9, 2025 @ 14:00:19.991",16,10.12.25.5,Windows11EWS,Security,4688,4,,,,,,,,,C:\\WINDOWS\\system32\\svchost.exe -k InvSvcGroup -p,,3,67027,A process was created.,,,
3473,Normal,"May 9, 2025 @ 14:00:19.999",16,10.12.25.5,Windows11EWS,Security,4688,4,,,,,,,,,C:\\WINDOWS\\System32\\svchost.exe -k NetworkService -p,,3,67027,A process was created.,,,
3474,Normal,"May 9, 2025 @ 14:00:20.010",16,10.12.25.5,Windows11EWS,Security,4688,4,,,,,,,,,"\""C:\\Program Files (x86)\\Microsoft\\EdgeUpdate\\MicrosoftEdgeUpdate.exe\"" /ua /installsource core",,3,67027,A process was created.,,,
3475,Normal,"May 9, 2025 @ 14:00:20.109",15,10.12.25.3,Windows11,Security,4688,4,,,,,,,,,C:\\WINDOWS\\system32\\svchost.exe -k ClipboardSvcGroup -p,,3,67027,A process was created.,,,
3476,Normal,"May 9, 2025 @ 14:00:21.992",15,10.12.25.3,Windows11,Security,4688,4,,,,,,,,,C:\\WINDOWS\\system32\\DllHost.exe /Processid:{AB8902B4-09CA-4BB6-B78D-A8F59079A8D5},,3,67027,A process was created.,,,
3477,Normal,"May 9, 2025 @ 14:00:22.728",16,10.12.25.5,Windows11EWS,Security,4688,4,,,,,,,,,"\""C:\\Program Files\\Siemens\\Automation\\TIAADMIN\\server\\node.exe\"" \""--no-warnings\"" \""C:\\Program Files\\Siemens\\Automation\\TIAADMIN\\server\\server.js\"" \""--runservice\""",,3,67027,A process was created.,,,
3478,Normal,"May 9, 2025 @ 14:00:24.866",15,10.12.25.3,Windows11,Security,4688,4,,,,,,,,,C:\\WINDOWS\\system32\\DllHost.exe /Processid:{69B7FE84-6361-4423-B948-1D64820B1E96},,3,67027,A process was created.,,,
3479,Normal,"May 9, 2025 @ 14:00:24.931",15,10.12.25.3,Windows11,Security,4673,4,,,,,,,,,,,4,60107,Failed attempt to perform a privileged operation,[T1078],"[Defense Evasion, Persistence, Privilege Escalation, Initial Access]",[Valid Accounts]
3480,Normal,"May 9, 2025 @ 14:00:25.060",15,10.12.25.3,Windows11,Security,4673,4,,,,,,,,,,,4,60107,Failed attempt to perform a privileged operation,[T1078],"[Defense Evasion, Persistence, Privilege Escalation, Initial Access]",[Valid Accounts]
3481,Normal,"May 9, 2025 @ 14:00:25.173",15,10.12.25.3,Windows11,Security,4688,4,,,,,,,,,"\""C:\\WINDOWS\\SystemApps\\MicrosoftWindows.Client.CBS_cw5n1h2txyewy\\SearchHost.exe\"" -ServerName:CortanaUI.AppXstmwaab17q5s3y22tp6apqz7a45vwv65.mca",,3,67027,A process was created.,,,
3482,Normal,"May 9, 2025 @ 14:00:25.302",15,10.12.25.3,Windows11,Security,4688,4,,,,,,,,,"\""C:\\WINDOWS\\SystemApps\\Microsoft.Windows.StartMenuExperienceHost_cw5n1h2txyewy\\StartMenuExperienceHost.exe\"" -ServerName:App.AppXywbrabmsek0gm3tkwpr5kwzbs55tkqay.mca",,3,67027,A process was created.,,,
3483,Normal,"May 9, 2025 @ 14:00:25.759",15,10.12.25.3,Windows11,Security,4688,4,,,,,,,,,C:\\Windows\\System32\\RuntimeBroker.exe -Embedding,,3,67027,A process was created.,,,
3484,Normal,"May 9, 2025 @ 14:00:25.764",15,10.12.25.3,Windows11,Security,4688,4,,,,,,,,,C:\\WINDOWS\\system32\\svchost.exe -k UdkSvcGroup,,3,67027,A process was created.,,,
3485,Normal,"May 9, 2025 @ 14:00:25.764",15,10.12.25.3,Windows11,Security,4688,4,,,,,,,,,"\""C:\\Program Files\\WindowsApps\\MicrosoftWindows.Client.WebExperience_525.10401.30.0_x64__cw5n1h2txyewy\\Dashboard\\Widgets.exe\"" -ServerName:Microsoft.Windows.DashboardServer",,3,67027,A process was created.,,,
3486,Normal,"May 9, 2025 @ 14:00:25.796",15,10.12.25.3,Windows11,Security,4688,4,,,,,,,,,C:\\Windows\\System32\\RuntimeBroker.exe -Embedding,,3,67027,A process was created.,,,
3487,Normal,"May 9, 2025 @ 14:00:25.850",15,10.12.25.3,Windows11,Security,4673,4,,,,,,,,,,,4,60107,Failed attempt to perform a privileged operation,[T1078],"[Defense Evasion, Persistence, Privilege Escalation, Initial Access]",[Valid Accounts]
3488,Normal,"May 9, 2025 @ 14:00:28.470",15,10.12.25.3,Windows11,Security,4688,4,,,,,,,,,"\""C:\\Program Files\\WindowsApps\\Microsoft.WidgetsPlatformRuntime_1.6.9.0_x64__8wekyb3d8bbwe\\WidgetService\\WidgetService.exe\"" -RegisterProcessAsComServer -Embedding",,3,67027,A process was created.,,,
3489,Normal,"May 9, 2025 @ 14:00:28.471",15,10.12.25.3,Windows11,Security,4688,4,,,,,,,,,C:\\WINDOWS\\system32\\DllHost.exe /Processid:{7966B4D8-4FDC-4126-A10B-39A3209AD251},,3,67027,A process was created.,,,
3490,Normal,"May 9, 2025 @ 14:00:28.471",15,10.12.25.3,Windows11,Security,4673,4,,,,,,,,,,,4,60107,Failed attempt to perform a privileged operation,[T1078],"[Defense Evasion, Persistence, Privilege Escalation, Initial Access]",[Valid Accounts]
3491,Normal,"May 9, 2025 @ 14:00:28.472",15,10.12.25.3,Windows11,Security,4673,4,,,,,,,,,,,4,60107,Failed attempt to perform a privileged operation,[T1078],"[Defense Evasion, Persistence, Privilege Escalation, Initial Access]",[Valid Accounts]
3492,Normal,"May 9, 2025 @ 14:00:29.630",15,10.12.25.3,Windows11,Security,4688,4,,,,,,,,,C:\\WINDOWS\\system32\\DllHost.exe /Processid:{973D20D7-562D-44B9-B70B-5A0F49CCDF3F},,3,67027,A process was created.,,,
3493,Normal,"May 9, 2025 @ 14:00:29.697",15,10.12.25.3,Windows11,Security,4673,4,,,,,,,,,,,4,60107,Failed attempt to perform a privileged operation,[T1078],"[Defense Evasion, Persistence, Privilege Escalation, Initial Access]",[Valid Accounts]
3494,Normal,"May 9, 2025 @ 14:00:32.447",15,10.12.25.3,Windows11,Security,4688,4,,,,,,,,,/QuitInfo:0000000000000AE0;0000000000000AE4;,,3,67027,A process was created.,,,
3495,Normal,"May 9, 2025 @ 14:00:34.494",15,10.12.25.3,Windows11,Security,4688,4,,,,,,,,,C:\\WINDOWS\\System32\\mobsync.exe -Embedding,,3,67027,A process was created.,,,
3496,Normal,"May 9, 2025 @ 14:00:35.151",15,10.12.25.3,Windows11,Security,4688,4,,,,,,,,,C:\\WINDOWS\\system32\\DllHost.exe /Processid:{AB8902B4-09CA-4BB6-B78D-A8F59079A8D5},,3,67027,A process was created.,,,
3497,Normal,"May 9, 2025 @ 14:00:41.567",15,10.12.25.3,Windows11,Security,4688,4,,,,,,,,,C:\\WINDOWS\\system32\\DllHost.exe /Processid:{7966B4D8-4FDC-4126-A10B-39A3209AD251},,3,67027,A process was created.,,,
3498,Normal,"May 9, 2025 @ 14:00:43.249",15,10.12.25.3,Windows11,Security,4688,4,,,,,,,,,taskhostw.exe SyncFromCloud,,3,67027,A process was created.,,,
3499,Normal,"May 9, 2025 @ 14:00:44.761",15,10.12.25.3,Windows11,Security,4688,4,,,,,,,,,C:\\Windows\\System32\\smartscreen.exe -Embedding,,3,67027,A process was created.,,,
3500,Normal,"May 9, 2025 @ 14:00:44.772",15,10.12.25.3,Windows11,Security,4688,4,,,,,,,,,"\""C:\\Windows\\System32\\SecurityHealthSystray.exe\""",,3,67027,A process was created.,,,
3501,Normal,"May 9, 2025 @ 14:00:44.839",15,10.12.25.3,Windows11,Security,4624,888,,Negotiate,Advapi,,,,,,,,3,60106,Windows Logon Success,[T1078],"[Defense Evasion, Persistence, Privilege Escalation, Initial Access]",[Valid Accounts]
3502,Normal,"May 9, 2025 @ 14:00:44.892",15,10.12.25.3,Windows11,Security,4688,4,,,,,,,,, -c -s 0 -f 0 -t Empty -m Empty -a 0 -u Empty,,3,67027,A process was created.,,,
3503,Normal,"May 9, 2025 @ 14:00:44.892",15,10.12.25.3,Windows11,Security,4688,4,,,,,,,,,C:\\WINDOWS\\system32\\SecurityHealthService.exe,,3,67027,A process was created.,,,
3504,Normal,"May 9, 2025 @ 14:00:47.252",15,10.12.25.3,Windows11,Security,4688,4,,,,,,,,,"\""C:\\Program Files (x86)\\Microsoft\\Edge\\Application\\msedge.exe\"" --no-startup-window --win-session-start",,3,67027,A process was created.,,,
3505,Normal,"May 9, 2025 @ 14:00:48.372",15,10.12.25.3,Windows11,Security,4688,4,,,,,,,,,C:\\WINDOWS\\system32\\wbem\\wmiprvse.exe -secured -Embedding,,3,67027,A process was created.,,,
3506,Normal,"May 9, 2025 @ 14:00:48.553",15,10.12.25.3,Windows11,Security,4688,4,,,,,,,,,"\""C:\\Program Files (x86)\\Microsoft\\Edge\\Application\\msedge.exe\"" --type=crashpad-handler \""--user-data-dir=C:\\Users\\carol\\AppData\\Local\\Microsoft\\Edge\\User Data\"" /prefetch:4 --monitor-self-annotation=ptype=crashpad-handler \""--database=C:\\Users\\carol\\AppData\\Local\\Microsoft\\Edge\\User Data\\Crashpad\"" --annotation=IsOfficialBuild=1 --annotation=channel= --annotation=chromium-version=136.0.7103.49 \""--annotation=exe=C:\\Program Files (x86)\\Microsoft\\Edge\\Application\\msedge.exe\"" --annotation=plat=Win64 --annotation=prod=Edge --annotation=ver=136.0.3240.50 --initial-client-data=0x26c,0x270,0x274,0x268,0x27c,0x7fff536f7088,0x7fff536f7094,0x7fff536f70a0",,3,67027,A process was created.,,,
3507,Normal,"May 9, 2025 @ 14:00:49.454",15,10.12.25.3,Windows11,Security,4688,4,,,,,,,,,"\""C:\\Program Files (x86)\\Microsoft\\Edge\\Application\\136.0.3240.50\\elevation_service.exe\""",,3,67027,A process was created.,,,
3508,Normal,"May 9, 2025 @ 14:00:49.546",15,10.12.25.3,Windows11,Security,4688,4,,,,,,,,,"\""C:\\Program Files (x86)\\Microsoft\\Edge\\Application\\msedge.exe\"" --type=utility --utility-sub-type=network.mojom.NetworkService --lang=en-GB --service-sandbox-type=none --no-pre-read-main-dll --always-read-main-dll --field-trial-handle=2376,i,2209268455715813206,15638248104676148221,262144 --variations-seed-version --mojo-platform-channel-handle=2528 /prefetch:11",,3,67027,A process was created.,,,
3509,Normal,"May 9, 2025 @ 14:00:49.572",15,10.12.25.3,Windows11,Security,4688,4,,,,,,,,,"\""C:\\Program Files (x86)\\Microsoft\\Edge\\Application\\msedge.exe\"" --type=gpu-process --no-pre-read-main-dll --gpu-preferences=UAAAAAAAAADgAAAEAAAAAAAAAAAAAAAAAABgAAEAAAAAAAAAAAAAAAAAAAACAAAAAAAAAAAAAAAAAAAAAAAAABAAAAAAAAAAEAAAAAAAAAAIAAAAAAAAAAgAAAAAAAAA --always-read-main-dll --field-trial-handle=2376,i,2209268455715813206,15638248104676148221,262144 --variations-seed-version --mojo-platform-channel-handle=2264 /prefetch:2",,3,67027,A process was created.,,,
3510,Normal,"May 9, 2025 @ 14:00:49.588",15,10.12.25.3,Windows11,Security,4688,4,,,,,,,,,"\""C:\\Program Files (x86)\\Microsoft\\Edge\\Application\\msedge.exe\"" --type=utility --utility-sub-type=storage.mojom.StorageService --lang=en-GB --service-sandbox-type=service --no-pre-read-main-dll --always-read-main-dll --field-trial-handle=2376,i,2209268455715813206,15638248104676148221,262144 --variations-seed-version --mojo-platform-channel-handle=2876 /prefetch:13",,3,67027,A process was created.,,,
3511,Normal,"May 9, 2025 @ 14:00:50.914",15,10.12.25.3,Windows11,Security,4673,4,,,,,,,,,,,4,60107,Failed attempt to perform a privileged operation,[T1078],"[Defense Evasion, Persistence, Privilege Escalation, Initial Access]",[Valid Accounts]
3512,Normal,"May 9, 2025 @ 14:00:50.915",15,10.12.25.3,Windows11,Security,4688,4,,,,,,,,,"\""C:\\Program Files (x86)\\Microsoft\\Edge\\Application\\msedge.exe\"" --type=utility --utility-sub-type=PooledProcess2 --lang=en-GB --service-sandbox-type=utility --no-pre-read-main-dll --always-read-main-dll --field-trial-handle=2376,i,2209268455715813206,15638248104676148221,262144 --variations-seed-version --mojo-platform-channel-handle=4664 /prefetch:14",,3,67027,A process was created.,,,
3513,Normal,"May 9, 2025 @ 14:00:50.945",15,10.12.25.3,Windows11,Security,4688,4,,,,,,,,,"\""C:\\Program Files (x86)\\Microsoft\\Edge\\Application\\136.0.3240.50\\identity_helper.exe\"" --type=utility --utility-sub-type=winrt_app_id.mojom.WinrtAppIdService --lang=en-GB --service-sandbox-type=none --no-pre-read-main-dll --always-read-main-dll --field-trial-handle=2376,i,2209268455715813206,15638248104676148221,262144 --variations-seed-version --mojo-platform-channel-handle=4844 /prefetch:14",,3,67027,A process was created.,,,
3514,Normal,"May 9, 2025 @ 14:00:52.108",15,10.12.25.3,Windows11,Security,4688,4,,,,,,,,,"\""C:\\Program Files (x86)\\Microsoft\\Edge\\Application\\136.0.3240.50\\identity_helper.exe\"" --type=utility --utility-sub-type=winrt_app_id.mojom.WinrtAppIdService --lang=en-GB --service-sandbox-type=none --no-pre-read-main-dll --always-read-main-dll --field-trial-handle=2376,i,2209268455715813206,15638248104676148221,262144 --variations-seed-version --mojo-platform-channel-handle=4844 /prefetch:14",,3,67027,A process was created.,,,
3515,Normal,"May 9, 2025 @ 14:00:52.113",15,10.12.25.3,Windows11,Security,4673,4,,,,,,,,,,,4,60107,Failed attempt to perform a privileged operation,[T1078],"[Defense Evasion, Persistence, Privilege Escalation, Initial Access]",[Valid Accounts]
3516,Normal,"May 9, 2025 @ 14:00:54.286",15,10.12.25.3,Windows11,Security,4688,4,,,,,,,,,"\""C:\\Program Files\\WindowsApps\\MicrosoftWindows.CrossDevice_1.25032.52.0_x64__cw5n1h2txyewy\\CrossDeviceService.exe\""",,3,67027,A process was created.,,,
3517,Normal,"May 9, 2025 @ 14:00:54.344",15,10.12.25.3,Windows11,Security,4688,4,,,,,,,,,taskhostw.exe SBServicing,,3,67027,A process was created.,,,
3518,Normal,"May 9, 2025 @ 14:00:54.347",15,10.12.25.3,Windows11,Security,4673,4,,,,,,,,,,,4,60107,Failed attempt to perform a privileged operation,[T1078],"[Defense Evasion, Persistence, Privilege Escalation, Initial Access]",[Valid Accounts]
3519,Normal,"May 9, 2025 @ 14:00:56.651",15,10.12.25.3,Windows11,Security,4624,888,,Negotiate,Advapi,,,,,,,,3,60106,Windows Logon Success,[T1078],"[Defense Evasion, Persistence, Privilege Escalation, Initial Access]",[Valid Accounts]
3520,Normal,"May 9, 2025 @ 14:00:56.681",15,10.12.25.3,Windows11,Security,4688,4,,,,,,,,,C:\\WINDOWS\\System32\\svchost.exe -k netsvcs -p,,3,67027,A process was created.,,,
3521,Normal,"May 9, 2025 @ 14:00:56.754",16,10.12.25.5,Windows11EWS,Security,4688,4,,,,,,,,,C:\\WINDOWS\\system32\\sc.exe qc SiemensTiaAdmin,,3,67027,A process was created.,,,
3522,Normal,"May 9, 2025 @ 14:00:56.758",16,10.12.25.5,Windows11EWS,Security,4688,4,,,,,,,,,\\??\\C:\\WINDOWS\\system32\\conhost.exe 0xffffffff -ForceV1,,3,67027,A process was created.,,,
3523,Normal,"May 9, 2025 @ 14:00:56.775",16,10.12.25.5,Windows11EWS,Security,4688,4,,,,,,,,,C:\\WINDOWS\\system32\\sppsvc.exe,,3,67027,A process was created.,,,
3524,Normal,"May 9, 2025 @ 14:00:56.787",16,10.12.25.5,Windows11EWS,Security,4688,4,,,,,,,,,C:\\WINDOWS\\system32\\sc.exe queryex SiemensTiaAdmin,,3,67027,A process was created.,,,
3525,Normal,"May 9, 2025 @ 14:00:56.798",16,10.12.25.5,Windows11EWS,Security,4688,4,,,,,,,,,\\??\\C:\\WINDOWS\\system32\\conhost.exe 0xffffffff -ForceV1,,3,67027,A process was created.,,,
3526,Normal,"May 9, 2025 @ 14:00:56.807",16,10.12.25.5,Windows11EWS,Security,4688,4,,,,,,,,,C:\\WINDOWS\\system32\\sc.exe qfailure SiemensTiaAdmin,,3,67027,A process was created.,,,
3527,Normal,"May 9, 2025 @ 14:00:56.808",16,10.12.25.5,Windows11EWS,Security,4688,4,,,,,,,,,\\??\\C:\\WINDOWS\\system32\\conhost.exe 0xffffffff -ForceV1,,3,67027,A process was created.,,,
3528,Normal,"May 9, 2025 @ 14:00:56.828",16,10.12.25.5,Windows11EWS,Security,4688,4,,,,,,,,,C:\\WINDOWS\\system32\\sc.exe qsidtype SiemensTiaAdmin,,3,67027,A process was created.,,,
3529,Normal,"May 9, 2025 @ 14:00:56.851",16,10.12.25.5,Windows11EWS,Security,4688,4,,,,,,,,,\\??\\C:\\WINDOWS\\system32\\conhost.exe 0xffffffff -ForceV1,,3,67027,A process was created.,,,
3530,Normal,"May 9, 2025 @ 14:00:56.852",16,10.12.25.5,Windows11EWS,Security,4688,4,,,,,,,,,C:\\WINDOWS\\system32\\sc.exe qprivs SiemensTiaAdmin,,3,67027,A process was created.,,,
3531,Normal,"May 9, 2025 @ 14:00:56.856",16,10.12.25.5,Windows11EWS,Security,4688,4,,,,,,,,,\\??\\C:\\WINDOWS\\system32\\conhost.exe 0xffffffff -ForceV1,,3,67027,A process was created.,,,
3532,Normal,"May 9, 2025 @ 14:00:56.873",16,10.12.25.5,Windows11EWS,Security,4688,4,,,,,,,,,C:\\WINDOWS\\system32\\certutil.exe -verifystore Root Windows11EWS-TIAADMIN-SYSTEM,,3,67027,A process was created.,,,
3533,Normal,"May 9, 2025 @ 14:00:56.906",16,10.12.25.5,Windows11EWS,Security,4688,4,,,,,,,,,\\??\\C:\\WINDOWS\\system32\\conhost.exe 0xffffffff -ForceV1,,3,67027,A process was created.,,,
3534,Normal,"May 9, 2025 @ 14:00:57.909",16,10.12.25.5,Windows11EWS,Security,4688,4,,,,,,,,,"\""C:\\Program Files\\Siemens\\Automation\\TIAADMIN\\server\\node.exe\"" --no-warnings \""C:\\Program Files\\Siemens\\Automation\\TIAADMIN\\server\\server.js\"" --runfork --runservice",,3,67027,A process was created.,,,
3535,Normal,"May 9, 2025 @ 14:00:57.939",16,10.12.25.5,Windows11EWS,Security,4688,4,,,,,,,,,\\??\\C:\\WINDOWS\\system32\\conhost.exe 0xffffffff -ForceV1,,3,67027,A process was created.,,,
3536,Normal,"May 9, 2025 @ 14:00:57.979",16,10.12.25.5,Windows11EWS,Security,4688,4,,,,,,,,,C:\\WINDOWS\\system32\\svchost.exe -k LocalService,,3,67027,A process was created.,,,
3537,Normal,"May 9, 2025 @ 14:00:58.007",16,10.12.25.5,Windows11EWS,Security,4688,4,,,,,,,,,"\""C:\\WINDOWS\\uus\\packages\\preview\\AMD64\\MoUsoCoreWorker.exe\"" useprivatenamespaces",,3,67027,A process was created.,,,
3538,Normal,"May 9, 2025 @ 14:01:00.753",16,10.12.25.5,Windows11EWS,Security,4688,4,,,,,,,,,C:\\WINDOWS\\System32\\svchost.exe -k LocalServiceNetworkRestricted -p,,3,67027,A process was created.,,,
3539,Normal,"May 9, 2025 @ 14:01:00.982",15,10.12.25.3,Windows11,Application,16384,2108,,,,,,,,,,,3,60642,Software protection service scheduled successfully.,,,
3540,Normal,"May 9, 2025 @ 14:01:04.748",15,10.12.25.3,Windows11,Security,4688,4,,,,,,,,,C:\\Windows\\System32\\RuntimeBroker.exe -Embedding,,3,67027,A process was created.,,,
3541,Normal,"May 9, 2025 @ 14:01:17.809",15,10.12.25.3,Windows11,Security,4688,4,,,,,,,,,\\\\?\\C:\\Windows\\System32\\SecurityHealth\\10.0.27777.1008-0\\SecurityHealthHost.exe {08728914-3F57-4D52-9E31-49DAECA5A80A} -Embedding,,3,67027,A process was created.,,,
3542,Normal,"May 9, 2025 @ 14:01:19.350",15,10.12.25.3,Windows11,Security,4688,4,,,,,,,,,"\""C:\\Program Files (x86)\\Microsoft\\Edge\\Application\\msedge.exe\"" --type=utility --utility-sub-type=chrome.mojom.UtilWin --lang=en-GB --service-sandbox-type=none --message-loop-type-ui --no-pre-read-main-dll --always-read-main-dll --field-trial-handle=2376,i,2209268455715813206,15638248104676148221,262144 --variations-seed-version --mojo-platform-channel-handle=4976 /prefetch:14",,3,67027,A process was created.,,,
3543,Normal,"May 9, 2025 @ 14:01:19.405",15,10.12.25.3,Windows11,Security,4688,4,,,,,,,,,"\""C:\\Program Files (x86)\\Microsoft\\Edge\\Application\\msedge.exe\"" --type=utility --utility-sub-type=chrome.mojom.UtilWin --lang=en-GB --service-sandbox-type=none --message-loop-type-ui --no-pre-read-main-dll --always-read-main-dll --field-trial-handle=2376,i,2209268455715813206,15638248104676148221,262144 --variations-seed-version --mojo-platform-channel-handle=5108 /prefetch:14",,3,67027,A process was created.,,,
3544,Normal,"May 9, 2025 @ 14:01:19.460",15,10.12.25.3,Windows11,Security,4688,4,,,,,,,,,"\""C:\\Program Files (x86)\\Microsoft\\Edge\\Application\\msedge.exe\"" --type=utility --utility-sub-type=chrome.mojom.UtilWin --lang=en-GB --service-sandbox-type=none --message-loop-type-ui --no-pre-read-main-dll --always-read-main-dll --field-trial-handle=2376,i,2209268455715813206,15638248104676148221,262144 --variations-seed-version --mojo-platform-channel-handle=5132 /prefetch:14",,3,67027,A process was created.,,,
3545,Normal,"May 9, 2025 @ 14:01:23.301",15,10.12.25.3,Windows11,Security,4688,4,,,,,,,,,taskhostw.exe $(Arg0),,3,67027,A process was created.,,,
3546,Normal,"May 9, 2025 @ 14:01:25.230",16,10.12.25.5,Windows11EWS,Security,4688,4,,,,,,,,,wmiadap.exe /F /T /R,,3,67027,A process was created.,,,
3547,Normal,"May 9, 2025 @ 14:01:28.891",16,10.12.25.5,Windows11EWS,Application,16384,5124,,,,,,,,,,,3,60642,Software protection service scheduled successfully.,,,
3548,Normal,"May 9, 2025 @ 14:01:47.758",15,10.12.25.3,Windows11,Security,4673,4,,,,,,,,,,,4,60107,Failed attempt to perform a privileged operation,[T1078],"[Defense Evasion, Persistence, Privilege Escalation, Initial Access]",[Valid Accounts]
3549,Normal,"May 9, 2025 @ 14:01:47.830",15,10.12.25.3,Windows11,Security,4688,4,,,,,,,,,"\""C:\\WINDOWS\\system32\\backgroundTaskHost.exe\"" -ServerName:App.AppXmtcan0h2tfbfy7k9kn8hbxb6dmzz1zh0.mca",,3,67027,A process was created.,,,
3550,Normal,"May 9, 2025 @ 14:01:50.517",15,10.12.25.3,Windows11,Security,4688,4,,,,,,,,,"\""C:\\Program Files (x86)\\Microsoft\\Edge\\Application\\msedge.exe\"" --type=utility --utility-sub-type=unzip.mojom.Unzipper --lang=en-GB --service-sandbox-type=service --no-pre-read-main-dll --always-read-main-dll --field-trial-handle=2376,i,2209268455715813206,15638248104676148221,262144 --variations-seed-version --mojo-platform-channel-handle=5152 /prefetch:14",,3,67027,A process was created.,,,
3551,Normal,"May 9, 2025 @ 14:01:52.252",15,10.12.25.3,Windows11,Security,4688,4,,,,,,,,,"\""C:\\Program Files (x86)\\Microsoft\\Edge\\Application\\msedge.exe\"" --type=utility --utility-sub-type=unzip.mojom.Unzipper --lang=en-GB --service-sandbox-type=service --no-pre-read-main-dll --always-read-main-dll --field-trial-handle=2376,i,2209268455715813206,15638248104676148221,262144 --variations-seed-version --mojo-platform-channel-handle=5188 /prefetch:14",,3,67027,A process was created.,,,
3552,Normal,"May 9, 2025 @ 14:01:55.091",15,10.12.25.3,Windows11,Security,4688,4,,,,,,,,,"\""C:\\Program Files (x86)\\Microsoft\\Edge\\Application\\msedge.exe\"" --type=utility --utility-sub-type=unzip.mojom.Unzipper --lang=en-GB --service-sandbox-type=service --no-pre-read-main-dll --always-read-main-dll --field-trial-handle=2376,i,2209268455715813206,15638248104676148221,262144 --variations-seed-version --mojo-platform-channel-handle=4720 /prefetch:14",,3,67027,A process was created.,,,
3553,Normal,"May 9, 2025 @ 14:02:04.741",15,10.12.25.3,Windows11,Security,4673,4,,,,,,,,,,,4,60107,Failed attempt to perform a privileged operation,[T1078],"[Defense Evasion, Persistence, Privilege Escalation, Initial Access]",[Valid Accounts]
3554,Normal,"May 9, 2025 @ 14:02:04.754",15,10.12.25.3,Windows11,Security,4688,4,,,,,,,,,"\""C:\\WINDOWS\\system32\\backgroundTaskHost.exe\"" -ServerName:App.AppXmtcan0h2tfbfy7k9kn8hbxb6dmzz1zh0.mca",,3,67027,A process was created.,,,
3555,Normal,"May 9, 2025 @ 14:02:04.760",15,10.12.25.3,Windows11,Security,4688,4,,,,,,,,,C:\\Windows\\System32\\RuntimeBroker.exe -Embedding,,3,67027,A process was created.,,,
3556,Normal,"May 9, 2025 @ 14:02:06.925",15,10.12.25.3,Windows11,Security,4673,4,,,,,,,,,,,4,60107,Failed attempt to perform a privileged operation,[T1078],"[Defense Evasion, Persistence, Privilege Escalation, Initial Access]",[Valid Accounts]
3557,Normal,"May 9, 2025 @ 14:02:06.939",15,10.12.25.3,Windows11,Security,4688,4,,,,,,,,,C:\\Windows\\System32\\RuntimeBroker.exe -Embedding,,3,67027,A process was created.,,,
3558,Normal,"May 9, 2025 @ 14:02:06.939",15,10.12.25.3,Windows11,Security,4688,4,,,,,,,,,"\""C:\\WINDOWS\\system32\\BackgroundTaskHost.exe\"" -ServerName:BackgroundTaskHost.WebAccountProvider",,3,67027,A process was created.,,,
3559,Normal,"May 9, 2025 @ 14:02:13.877",16,10.12.25.5,Windows11EWS,System,7040,916,,,,,,,,,,,3,61104,Service startup type was changed,,,
3560,Normal,"May 9, 2025 @ 14:02:14.712",16,10.12.25.5,Windows11EWS,Security,4688,4,,,,,,,,,taskhostw.exe SBServicing,,3,67027,A process was created.,,,
3561,Normal,"May 9, 2025 @ 14:02:41.496",15,10.12.25.3,Windows11,Security,4688,4,,,,,,,,,"\""C:\\WINDOWS\\uus\\packages\\preview\\AMD64\\MoUsoCoreWorker.exe\"" useprivatenamespaces",,3,67027,A process was created.,,,
3562,Normal,"May 9, 2025 @ 14:02:41.515",15,10.12.25.3,Windows11,Security,4624,888,,Negotiate,Advapi,,,,,,,,3,60106,Windows Logon Success,[T1078],"[Defense Evasion, Persistence, Privilege Escalation, Initial Access]",[Valid Accounts]
3563,Normal,"May 9, 2025 @ 14:02:41.534",15,10.12.25.3,Windows11,Security,4688,4,,,,,,,,,C:\\WINDOWS\\system32\\svchost.exe -k wusvcs -p,,3,67027,A process was created.,,,
3564,Normal,"May 9, 2025 @ 14:02:43.203",15,10.12.25.3,Windows11,Security,4673,4,,,,,,,,,,,4,60107,Failed attempt to perform a privileged operation,[T1078],"[Defense Evasion, Persistence, Privilege Escalation, Initial Access]",[Valid Accounts]
3565,Normal,"May 9, 2025 @ 14:02:43.210",15,10.12.25.3,Windows11,Security,4688,4,,,,,,,,,"\""C:\\WINDOWS\\system32\\BackgroundTaskHost.exe\"" -ServerName:BackgroundTaskHost.WebAccountProvider",,3,67027,A process was created.,,,
3566,Normal,"May 9, 2025 @ 14:02:43.987",15,10.12.25.3,Windows11,Security,4688,4,,,,,,,,,C:\\WINDOWS\\uus\\packages\\preview\\AMD64\\MoNotificationUx.exe /ClearActiveNotifications /CV cXq97g2f50SlSL/w.1.0.0,,3,67027,A process was created.,,,
3567,Normal,"May 9, 2025 @ 14:02:49.150",15,10.12.25.3,Windows11,Security,4673,4,,,,,,,,,,,4,60107,Failed attempt to perform a privileged operation,[T1078],"[Defense Evasion, Persistence, Privilege Escalation, Initial Access]",[Valid Accounts]
3568,Normal,"May 9, 2025 @ 14:02:49.152",15,10.12.25.3,Windows11,Security,4688,4,,,,,,,,,"\""BackgroundTransferHost.exe\"" -ServerName:BackgroundTransferHost.1",,3,67027,A process was created.,,,
3569,Normal,"May 9, 2025 @ 14:02:49.153",15,10.12.25.3,Windows11,Security,4688,4,,,,,,,,,"\""C:\\Program Files (x86)\\Microsoft\\Edge\\Application\\msedge.exe\"" --type=gpu-process --disable-gpu-sandbox --use-gl=disabled --gpu-vendor-id=5140 --gpu-device-id=140 --gpu-sub-system-id=0 --gpu-revision=0 --gpu-driver-version=10.0.26100.3624 --no-pre-read-main-dll --gpu-preferences=UAAAAAAAAADoAAAEAAAAAAAAAAAAAAAAAABgAAEAAAAAAAAAAAAAAAAAAABCAAAAAAAAAAAAAAAAAAAAAAAAABAAAAAAAAAAEAAAAAAAAAAIAAAAAAAAAAgAAAAAAAAA --always-read-main-dll --field-trial-handle=2376,i,2209268455715813206,15638248104676148221,262144 --variations-seed-version --mojo-platform-channel-handle=5168 /prefetch:10",,3,67027,A process was created.,,,
3570,Normal,"May 9, 2025 @ 14:02:53.771",15,10.12.25.3,Windows11,Security,4673,4,,,,,,,,,,,4,60107,Failed attempt to perform a privileged operation,[T1078],"[Defense Evasion, Persistence, Privilege Escalation, Initial Access]",[Valid Accounts]
3571,Normal,"May 9, 2025 @ 14:02:53.782",15,10.12.25.3,Windows11,Security,4688,4,,,,,,,,,"\""C:\\WINDOWS\\system32\\backgroundTaskHost.exe\"" -ServerName:App.AppXmtcan0h2tfbfy7k9kn8hbxb6dmzz1zh0.mca",,3,67027,A process was created.,,,
3572,Normal,"May 9, 2025 @ 14:02:53.799",15,10.12.25.3,Windows11,Security,4673,4,,,,,,,,,,,4,60107,Failed attempt to perform a privileged operation,[T1078],"[Defense Evasion, Persistence, Privilege Escalation, Initial Access]",[Valid Accounts]
3573,Normal,"May 9, 2025 @ 14:02:53.806",15,10.12.25.3,Windows11,Security,4688,4,,,,,,,,,"\""BackgroundTransferHost.exe\"" -ServerName:BackgroundTransferHost.1",,3,67027,A process was created.,,,
3574,Normal,"May 9, 2025 @ 14:02:54.860",15,10.12.25.3,Windows11,Security,4673,4,,,,,,,,,,,4,60107,Failed attempt to perform a privileged operation,[T1078],"[Defense Evasion, Persistence, Privilege Escalation, Initial Access]",[Valid Accounts]
3575,Normal,"May 9, 2025 @ 14:02:54.873",15,10.12.25.3,Windows11,Security,4688,4,,,,,,,,,"\""BackgroundTransferHost.exe\"" -ServerName:BackgroundTransferHost.1",,3,67027,A process was created.,,,
3576,Normal,"May 9, 2025 @ 14:03:00.600",15,10.12.25.3,Windows11,Security,4688,4,,,,,,,,,C:\\WINDOWS\\system32\\wbem\\wmiprvse.exe -secured -Embedding,,3,67027,A process was created.,,,
3577,Normal,"May 9, 2025 @ 14:03:05.000",15,10.12.25.3,Windows11,Security,4673,4,,,,,,,,,,,4,60107,Failed attempt to perform a privileged operation,[T1078],"[Defense Evasion, Persistence, Privilege Escalation, Initial Access]",[Valid Accounts]
3578,Normal,"May 9, 2025 @ 14:03:05.011",15,10.12.25.3,Windows11,Security,4688,4,,,,,,,,,"\""C:\\WINDOWS\\system32\\backgroundTaskHost.exe\"" -ServerName:App.AppXmtcan0h2tfbfy7k9kn8hbxb6dmzz1zh0.mca",,3,67027,A process was created.,,,
3579,Normal,"May 9, 2025 @ 14:03:18.908",15,10.12.25.3,Windows11,Security,4688,4,,,,,,,,,C:\\WINDOWS\\system32\\compattelrunner.exe -cv:74snxlH6zkaydi+t.0.1 -wce:0000000000000214  -m:invagent.dll -f:RunUpdate,,3,67027,A process was created.,,,
3580,Normal,"May 9, 2025 @ 14:03:21.124",15,10.12.25.3,Windows11,Security,4688,4,,,,,,,,,C:\\WINDOWS\\system32\\compattelrunner.exe -cv:74snxlH6zkaydi+t.0.2 -wce:0000000000000214  -m:aemarebackup.dll -f:BackupMareData,,3,67027,A process was created.,,,
3581,Normal,"May 9, 2025 @ 14:03:48.712",15,10.12.25.3,Windows11,Security,4688,4,,,,,,,,,C:\\WINDOWS\\system32\\compattelrunner.exe -cv:74snxlH6zkaydi+t.0.3 -wce:0000000000000218  -m:appraiser.dll -f:UpdateAvStatus,,3,67027,A process was created.,,,
3582,Normal,"May 9, 2025 @ 14:03:48.726",15,10.12.25.3,Windows11,Security,4688,4,,,,,,,,,C:\\WINDOWS\\system32\\compattelrunner.exe -cv:74snxlH6zkaydi+t.0.4 -wce:0000000000000218  -m:GeneralTel.dll -f:RunGeneralTelemetry,,3,67027,A process was created.,,,
3583,Normal,"May 9, 2025 @ 14:03:49.921",15,10.12.25.3,Windows11,Security,4688,4,,,,,,,,,"\""C:\\Program Files (x86)\\Microsoft\\Edge\\Application\\msedge.exe\"" --type=utility --utility-sub-type=asset_store.mojom.AssetStoreService --lang=en-GB --service-sandbox-type=asset_store_service --no-pre-read-main-dll --always-read-main-dll --field-trial-handle=2376,i,2209268455715813206,15638248104676148221,262144 --variations-seed-version --mojo-platform-channel-handle=5024 /prefetch:14",,3,67027,A process was created.,,,
3584,Normal,"May 9, 2025 @ 14:03:53.911",15,10.12.25.3,Windows11,Security,4688,4,,,,,,,,,C:\\WINDOWS\\system32\\DllHost.exe /Processid:{AB8902B4-09CA-4BB6-B78D-A8F59079A8D5},,3,67027,A process was created.,,,
3585,Normal,"May 9, 2025 @ 14:03:57.362",16,10.12.25.5,Windows11EWS,Security,4688,4,,,,,,,,,C:\\WINDOWS\\system32\\sc.exe qc almservice,,3,67027,A process was created.,,,
3586,Normal,"May 9, 2025 @ 14:03:57.373",16,10.12.25.5,Windows11EWS,Security,4688,4,,,,,,,,,\\??\\C:\\WINDOWS\\system32\\conhost.exe 0xffffffff -ForceV1,,3,67027,A process was created.,,,
3587,Normal,"May 9, 2025 @ 14:03:57.383",16,10.12.25.5,Windows11EWS,Security,4688,4,,,,,,,,,\\??\\C:\\WINDOWS\\system32\\conhost.exe 0xffffffff -ForceV1,,3,67027,A process was created.,,,
3588,Normal,"May 9, 2025 @ 14:03:57.383",16,10.12.25.5,Windows11EWS,Security,4688,4,,,,,,,,,C:\\WINDOWS\\system32\\sc.exe qc almservice,,3,67027,A process was created.,,,
3589,Normal,"May 9, 2025 @ 14:04:00.399",16,10.12.25.5,Windows11EWS,Microsoft-Windows-Sysmon/Operational,1,3668,,,,,,,NT AUTHORITY\\SYSTEM,"\""C:\\Program Files\\Siemens\\Automation\\TIAADMIN\\server\\node.exe\"" \""--no-warnings\"" \""C:\\Program Files\\Siemens\\Automation\\TIAADMIN\\server\\server.js\"" \""--runservice\""","C:\\WINDOWS\\system32\\cmd.exe /d /s /c \""wmic logicaldisk get Caption,FreeSpace,Size,VolumeSerialNumber,Description  /format:list\""",,4,92052,Windows command prompt started by an abnormal process,[T1059.003],[Execution],[Windows Command Shell]
3590,Normal,"May 9, 2025 @ 14:04:00.417",16,10.12.25.5,Windows11EWS,Security,4688,4,,,,,,,,,"C:\\WINDOWS\\system32\\cmd.exe /d /s /c \""wmic logicaldisk get Caption,FreeSpace,Size,VolumeSerialNumber,Description  /format:list\""",,3,67027,A process was created.,,,
3591,Normal,"May 9, 2025 @ 14:04:00.448",16,10.12.25.5,Windows11EWS,Security,4688,4,,,,,,,,,\\??\\C:\\WINDOWS\\system32\\conhost.exe 0xffffffff -ForceV1,,3,67027,A process was created.,,,
3592,Normal,"May 9, 2025 @ 14:04:00.448",16,10.12.25.5,Windows11EWS,Microsoft-Windows-Sysmon/Operational,1,3668,,,,,,,NT AUTHORITY\\SYSTEM,"\""C:\\Program Files\\Siemens\\Automation\\TIAADMIN\\server\\node.exe\"" \""--no-warnings\"" \""C:\\Program Files\\Siemens\\Automation\\TIAADMIN\\server\\server.js\"" \""--runservice\""","C:\\WINDOWS\\system32\\cmd.exe /d /s /c \""%%windir%%\\System32\\REG QUERY HKEY_LOCAL_MACHINE\\SOFTWARE\\Microsoft\\Cryptography /v MachineGuid\""",,4,92052,Windows command prompt started by an abnormal process,[T1059.003],[Execution],[Windows Command Shell]
3593,Normal,"May 9, 2025 @ 14:04:00.479",16,10.12.25.5,Windows11EWS,Security,4688,4,,,,,,,,,"C:\\WINDOWS\\system32\\cmd.exe /d /s /c \""%windir%\\System32\\REG QUERY HKEY_LOCAL_MACHINE\\SOFTWARE\\Microsoft\\Cryptography /v MachineGuid\""",,3,67027,A process was created.,,,
3594,Normal,"May 9, 2025 @ 14:04:00.479",16,10.12.25.5,Windows11EWS,Security,4688,4,,,,,,,,,"\""C:\\Program Files\\Siemens\\Automation\\TIAADMIN\\server\\modules\\soft\\native\\BITSJobsInventory.exe\"" \""\"" \""\"" \""\""",,3,67027,A process was created.,,,
3595,Normal,"May 9, 2025 @ 14:04:00.483",16,10.12.25.5,Windows11EWS,Security,4688,4,,,,,,,,,\\??\\C:\\WINDOWS\\system32\\conhost.exe 0xffffffff -ForceV1,,3,67027,A process was created.,,,
3596,Normal,"May 9, 2025 @ 14:04:00.572",16,10.12.25.5,Windows11EWS,Security,4688,4,,,,,,,,,C:\\WINDOWS\\System32\\REG  QUERY HKEY_LOCAL_MACHINE\\SOFTWARE\\Microsoft\\Cryptography /v MachineGuid,,3,67027,A process was created.,,,
3597,Normal,"May 9, 2025 @ 14:04:02.285",16,10.12.25.5,Windows11EWS,System,7040,916,,,,,,,,,,,3,61104,Service startup type was changed,,,
3598,Normal,"May 9, 2025 @ 14:04:02.857",16,10.12.25.5,Windows11EWS,Security,4688,4,,,,,,,,,"\""C:\\Program Files\\Siemens\\Automation\\TIAADMIN\\server\\modules\\soft\\native\\Setup.Inventory.UI.exe\"" /o \""C:\\ProgramData\\Siemens\\Automation\\AWB\\SWM\\Setup.Inventory.UI.xml\""",,3,67027,A process was created.,,,
3599,Normal,"May 9, 2025 @ 14:04:02.868",16,10.12.25.5,Windows11EWS,Security,4688,4,,,,,,,,,\\??\\C:\\WINDOWS\\system32\\conhost.exe 0xffffffff -ForceV1,,3,67027,A process was created.,,,
3600,Normal,"May 9, 2025 @ 14:04:03.655",16,10.12.25.5,Windows11EWS,System,7031,916,,,,,,,,,,,5,61107,TIA Administrator terminated unexpectedly,,,
3601,Normal,"May 9, 2025 @ 14:04:04.672",16,10.12.25.5,Windows11EWS,Security,4688,4,,,,,,,,,"\""C:\\WINDOWS\\Microsoft.NET\\Framework\\v2.0.50727\\ngen.exe\"" queue pause",,3,67027,A process was created.,,,
3602,Normal,"May 9, 2025 @ 14:04:04.702",16,10.12.25.5,Windows11EWS,Security,4688,4,,,,,,,,,\\??\\C:\\WINDOWS\\system32\\conhost.exe 0xffffffff -ForceV1,,3,67027,A process was created.,,,
3603,Normal,"May 9, 2025 @ 14:04:06.731",16,10.12.25.5,Windows11EWS,Security,4688,4,,,,,,,,,"\""C:\\WINDOWS\\system32\\sc.exe\"" start pushtoinstall registration",,3,67027,A process was created.,,,
3604,Normal,"May 9, 2025 @ 14:04:06.758",16,10.12.25.5,Windows11EWS,Security,4688,4,,,,,,,,,\\??\\C:\\WINDOWS\\system32\\conhost.exe 0xffffffff -ForceV1,,3,67027,A process was created.,,,
3605,Normal,"May 9, 2025 @ 14:04:06.759",16,10.12.25.5,Windows11EWS,Security,4688,4,,,,,,,,,"\""C:\\WINDOWS\\system32\\usoclient.exe\"" StartScan",,3,67027,A process was created.,,,
3606,Normal,"May 9, 2025 @ 14:04:06.759",16,10.12.25.5,Windows11EWS,Security,4688,4,,,,,,,,,taskhostw.exe,,3,67027,A process was created.,,,
3607,Normal,"May 9, 2025 @ 14:04:09.042",16,10.12.25.5,Windows11EWS,Security,4688,4,,,,,,,,,C:\\WINDOWS\\system32\\sppsvc.exe,,3,67027,A process was created.,,,
3608,Normal,"May 9, 2025 @ 14:04:09.054",16,10.12.25.5,Windows11EWS,Security,4624,960,,Negotiate,Advapi,,,,,,,,3,60106,Windows Logon Success,[T1078],"[Defense Evasion, Persistence, Privilege Escalation, Initial Access]",[Valid Accounts]
3609,Normal,"May 9, 2025 @ 14:04:09.068",16,10.12.25.5,Windows11EWS,Security,4688,4,,,,,,,,,C:\\WINDOWS\\system32\\svchost.exe -k osprivacy -p,,3,67027,A process was created.,,,
3610,Normal,"May 9, 2025 @ 14:04:11.448",16,10.12.25.5,Windows11EWS,Security,4688,4,,,,,,,,,"\""C:\\WINDOWS\\uus\\packages\\preview\\AMD64\\MoUsoCoreWorker.exe\"" useprivatenamespaces",,3,67027,A process was created.,,,
3611,Normal,"May 9, 2025 @ 14:04:11.532",16,10.12.25.5,Windows11EWS,Security,4624,960,,Negotiate,Advapi,,,,,,,,3,60106,Windows Logon Success,[T1078],"[Defense Evasion, Persistence, Privilege Escalation, Initial Access]",[Valid Accounts]
3612,Normal,"May 9, 2025 @ 14:04:11.535",16,10.12.25.5,Windows11EWS,Security,4688,4,,,,,,,,,C:\\WINDOWS\\system32\\svchost.exe -k wusvcs -p,,3,67027,A process was created.,,,
3613,Normal,"May 9, 2025 @ 14:04:12.826",16,10.12.25.5,Windows11EWS,Security,4688,4,,,,,,,,,"\""C:\\Program Files\\Siemens\\Automation\\TIAADMIN\\server\\node.exe\"" \""--no-warnings\"" \""C:\\Program Files\\Siemens\\Automation\\TIAADMIN\\server\\server.js\"" \""--runservice\""",,3,67027,A process was created.,,,
3614,Normal,"May 9, 2025 @ 14:04:14.472",16,10.12.25.5,Windows11EWS,Security,4688,4,,,,,,,,,C:\\WINDOWS\\system32\\sc.exe qc SiemensTiaAdmin,,3,67027,A process was created.,,,
3615,Normal,"May 9, 2025 @ 14:04:14.495",16,10.12.25.5,Windows11EWS,Security,4688,4,,,,,,,,,\\??\\C:\\WINDOWS\\system32\\conhost.exe 0xffffffff -ForceV1,,3,67027,A process was created.,,,
3616,Normal,"May 9, 2025 @ 14:04:14.511",16,10.12.25.5,Windows11EWS,Security,4688,4,,,,,,,,,C:\\WINDOWS\\system32\\sc.exe queryex SiemensTiaAdmin,,3,67027,A process was created.,,,
3617,Normal,"May 9, 2025 @ 14:04:14.525",16,10.12.25.5,Windows11EWS,Security,4688,4,,,,,,,,,\\??\\C:\\WINDOWS\\system32\\conhost.exe 0xffffffff -ForceV1,,3,67027,A process was created.,,,
3618,Normal,"May 9, 2025 @ 14:04:14.536",16,10.12.25.5,Windows11EWS,Security,4688,4,,,,,,,,,C:\\WINDOWS\\system32\\sc.exe qfailure SiemensTiaAdmin,,3,67027,A process was created.,,,
3619,Normal,"May 9, 2025 @ 14:04:14.547",16,10.12.25.5,Windows11EWS,Security,4688,4,,,,,,,,,\\??\\C:\\WINDOWS\\system32\\conhost.exe 0xffffffff -ForceV1,,3,67027,A process was created.,,,
3620,Normal,"May 9, 2025 @ 14:04:14.570",16,10.12.25.5,Windows11EWS,Security,4688,4,,,,,,,,,C:\\WINDOWS\\system32\\sc.exe qsidtype SiemensTiaAdmin,,3,67027,A process was created.,,,
3621,Normal,"May 9, 2025 @ 14:04:14.586",16,10.12.25.5,Windows11EWS,Security,4688,4,,,,,,,,,\\??\\C:\\WINDOWS\\system32\\conhost.exe 0xffffffff -ForceV1,,3,67027,A process was created.,,,
3622,Normal,"May 9, 2025 @ 14:04:14.635",16,10.12.25.5,Windows11EWS,Security,4688,4,,,,,,,,,C:\\WINDOWS\\system32\\sc.exe qprivs SiemensTiaAdmin,,3,67027,A process was created.,,,
3623,Normal,"May 9, 2025 @ 14:04:14.673",16,10.12.25.5,Windows11EWS,Security,4688,4,,,,,,,,,\\??\\C:\\WINDOWS\\system32\\conhost.exe 0xffffffff -ForceV1,,3,67027,A process was created.,,,
3624,Normal,"May 9, 2025 @ 14:04:14.674",16,10.12.25.5,Windows11EWS,Security,4688,4,,,,,,,,,C:\\WINDOWS\\system32\\certutil.exe -verifystore Root Windows11EWS-TIAADMIN-SYSTEM,,3,67027,A process was created.,,,
3625,Normal,"May 9, 2025 @ 14:04:15.463",16,10.12.25.5,Windows11EWS,Security,4688,4,,,,,,,,,\\??\\C:\\WINDOWS\\system32\\conhost.exe 0xffffffff -ForceV1,,3,67027,A process was created.,,,
3626,Normal,"May 9, 2025 @ 14:04:15.476",16,10.12.25.5,Windows11EWS,Security,4688,4,,,,,,,,,"\""C:\\Program Files\\Siemens\\Automation\\TIAADMIN\\server\\node.exe\"" --no-warnings \""C:\\Program Files\\Siemens\\Automation\\TIAADMIN\\server\\server.js\"" --runfork --runservice",,3,67027,A process was created.,,,
3627,Normal,"May 9, 2025 @ 14:04:15.478",16,10.12.25.5,Windows11EWS,Security,4688,4,,,,,,,,,\\??\\C:\\WINDOWS\\system32\\conhost.exe 0xffffffff -ForceV1,,3,67027,A process was created.,,,
3628,Normal,"May 9, 2025 @ 14:04:19.249",16,10.12.25.5,Windows11EWS,Security,4688,4,,,,,,,,,C:\\WINDOWS\\system32\\sc.exe qc almservice,,3,67027,A process was created.,,,
