4893,Attack Step 5,"May 9, 2025 @ 16:49:55.224",16,10.12.25.5,Windows11EWS,Microsoft-Windows-Sysmon/Operational,1,3668,,,,,,,NT AUTHORITY\\SYSTEM,,\\SystemRoot\\System32\\smss.exe 00000124 000000e8,,12,61632,Sysmon - Suspicious Process - smss.exe,[T1055],"[Defense Evasion, Privilege Escalation]",[Process Injection]
4894,Attack Step 5,"May 9, 2025 @ 16:49:58.030",16,10.12.25.5,Windows11EWS,Security,4624,960,,Negotiate,Advapi,,,,,,,,3,67022,Non network or service local logon.,,,
4895,Attack Step 5,"May 9, 2025 @ 16:49:58.082",16,10.12.25.5,Windows11EWS,Security,4688,4,,,,,,,,,"\""C:\\Windows\\System32\\WUDFHost.exe\"" -HostGUID:{193a1820-d9ac-4997-8c55-be817523f6aa} -IoEventPortName:\\UMDFCommunicationPorts\\WUDF\\HostProcess-69295189-2cf8-4c6d-939f-d93ff264cb16 -SystemEventPortName:\\UMDFCommunicationPorts\\WUDF\\HostProcess-f33cf728-5e89-4a4b-ab6b-2bd2164b7f5a -IoCancelEventPortName:\\UMDFCommunicationPorts\\WUDF\\HostProcess-aa92b886-b579-4e74-953f-af19ff760979 -NonStateChangingEventPortName:\\UMDFCommunicationPorts\\WUDF\\HostProcess-d0d412ba-488e-4dec-bb5c-0b650aabf201 -LifetimeId:8ecd1044-14d6-4c89-b7e8-81c514e4cead -DeviceGroupId: -HostArg:16",,3,67027,A process was created.,,,
4896,Attack Step 5,"May 9, 2025 @ 16:49:58.105",16,10.12.25.5,Windows11EWS,Security,4688,4,,,,,,,,,"\""fontdrvhost.exe\""",,3,67027,A process was created.,,,
4897,Attack Step 5,"May 9, 2025 @ 16:49:58.186",16,10.12.25.5,Windows11EWS,Security,4624,960,,Negotiate,Advapi,,,,,,,,3,67022,Non network or service local logon.,,,
4898,Attack Step 5,"May 9, 2025 @ 16:49:58.246",16,10.12.25.5,Windows11EWS,Security,4624,960,,Negotiate,Advapi,,,,,,,,3,67022,Non network or service local logon.,,,
4899,Attack Step 5,"May 9, 2025 @ 16:49:58.251",16,10.12.25.5,Windows11EWS,Security,4672,960,,,,,,,,,,,3,67028,Special privileges assigned to new logon.,[T1484],"[Defense Evasion, Privilege Escalation]",[Domain Policy Modification]
4900,Attack Step 5,"May 9, 2025 @ 16:49:58.293",16,10.12.25.5,Windows11EWS,Security,4672,960,,,,,,,,,,,3,67028,Special privileges assigned to new logon.,[T1484],"[Defense Evasion, Privilege Escalation]",[Domain Policy Modification]
4901,Attack Step 5,"May 9, 2025 @ 16:49:58.298",16,10.12.25.5,Windows11EWS,Security,4688,4,,,,,,,,,"\""LogonUI.exe\"" /flags:0x2 /state0:0xa3e67855 /state1:0x41c64e6d",,3,67027,A process was created.,,,
4902,Attack Step 5,"May 9, 2025 @ 16:49:58.344",16,10.12.25.5,Windows11EWS,Security,4688,4,,,,,,,,,"\""dwm.exe\""",,3,67027,A process was created.,,,
4903,Attack Step 5,"May 9, 2025 @ 16:49:58.369",16,10.12.25.5,Windows11EWS,Security,4624,960,,Negotiate,Advapi,,,,,,,,3,60106,Windows Logon Success,[T1078],"[Defense Evasion, Persistence, Privilege Escalation, Initial Access]",[Valid Accounts]
4904,Attack Step 5,"May 9, 2025 @ 16:49:58.393",16,10.12.25.5,Windows11EWS,Security,4688,4,,,,,,,,,C:\\WINDOWS\\system32\\svchost.exe -k GPSvcGroup,,3,67027,A process was created.,,,
4905,Attack Step 5,"May 9, 2025 @ 16:49:59.265",16,10.12.25.5,Windows11EWS,Security,4624,960,,Negotiate,Advapi,,,,,,,,3,60106,Windows Logon Success,[T1078],"[Defense Evasion, Persistence, Privilege Escalation, Initial Access]",[Valid Accounts]
4906,Attack Step 5,"May 9, 2025 @ 16:49:59.266",16,10.12.25.5,Windows11EWS,Security,4688,4,,,,,,,,,C:\\WINDOWS\\System32\\svchost.exe -k CameraMonitor,,3,67027,A process was created.,,,
4907,Attack Step 5,"May 9, 2025 @ 16:49:59.266",16,10.12.25.5,Windows11EWS,Security,4688,4,,,,,,,,,/QuitInfo:0000000000000C28;0000000000001244;,,3,67027,A process was created.,,,
4908,Attack Step 5,"May 9, 2025 @ 16:50:02.542",16,10.12.25.5,Windows11EWS,Security,4688,4,,,,,,,,,C:\\WINDOWS\\system32\\DllHost.exe /Processid:{6C752774-29FB-4E50-8BB1-97098425A77C},,3,67027,A process was created.,,,
4909,Attack Step 5,"May 9, 2025 @ 16:50:04.081",16,10.12.25.5,Windows11EWS,Security,4673,4,,,,,,,,,,,4,60107,Failed attempt to perform a privileged operation,[T1078],"[Defense Evasion, Persistence, Privilege Escalation, Initial Access]",[Valid Accounts]
4910,Attack Step 5,"May 9, 2025 @ 16:50:04.085",16,10.12.25.5,Windows11EWS,Security,4673,4,,,,,,,,,,,4,60107,Failed attempt to perform a privileged operation,[T1078],"[Defense Evasion, Persistence, Privilege Escalation, Initial Access]",[Valid Accounts]
4911,Attack Step 5,"May 9, 2025 @ 16:50:04.128",16,10.12.25.5,Windows11EWS,Security,4673,4,,,,,,,,,,,4,60107,Failed attempt to perform a privileged operation,[T1078],"[Defense Evasion, Persistence, Privilege Escalation, Initial Access]",[Valid Accounts]
4912,Attack Step 5,"May 9, 2025 @ 16:50:04.129",16,10.12.25.5,Windows11EWS,Security,4673,4,,,,,,,,,,,4,60107,Failed attempt to perform a privileged operation,[T1078],"[Defense Evasion, Persistence, Privilege Escalation, Initial Access]",[Valid Accounts]
4913,Attack Step 5,"May 9, 2025 @ 16:50:04.161",16,10.12.25.5,Windows11EWS,Security,4673,4,,,,,,,,,,,4,60107,Failed attempt to perform a privileged operation,[T1078],"[Defense Evasion, Persistence, Privilege Escalation, Initial Access]",[Valid Accounts]
4914,Attack Step 5,"May 9, 2025 @ 16:50:04.166",16,10.12.25.5,Windows11EWS,Security,4673,4,,,,,,,,,,,4,60107,Failed attempt to perform a privileged operation,[T1078],"[Defense Evasion, Persistence, Privilege Escalation, Initial Access]",[Valid Accounts]
4915,Attack Step 5,"May 9, 2025 @ 16:50:04.170",16,10.12.25.5,Windows11EWS,Security,4673,4,,,,,,,,,,,4,60107,Failed attempt to perform a privileged operation,[T1078],"[Defense Evasion, Persistence, Privilege Escalation, Initial Access]",[Valid Accounts]
4916,Attack Step 5,"May 9, 2025 @ 16:50:04.183",16,10.12.25.5,Windows11EWS,Security,4673,4,,,,,,,,,,,4,60107,Failed attempt to perform a privileged operation,[T1078],"[Defense Evasion, Persistence, Privilege Escalation, Initial Access]",[Valid Accounts]
4917,Attack Step 5,"May 9, 2025 @ 16:50:04.184",16,10.12.25.5,Windows11EWS,Security,4673,4,,,,,,,,,,,4,60107,Failed attempt to perform a privileged operation,[T1078],"[Defense Evasion, Persistence, Privilege Escalation, Initial Access]",[Valid Accounts]
4918,Attack Step 5,"May 9, 2025 @ 16:50:04.223",16,10.12.25.5,Windows11EWS,Security,4673,4,,,,,,,,,,,4,60107,Failed attempt to perform a privileged operation,[T1078],"[Defense Evasion, Persistence, Privilege Escalation, Initial Access]",[Valid Accounts]
4919,Attack Step 5,"May 9, 2025 @ 16:50:04.241",16,10.12.25.5,Windows11EWS,Security,4673,4,,,,,,,,,,,4,60107,Failed attempt to perform a privileged operation,[T1078],"[Defense Evasion, Persistence, Privilege Escalation, Initial Access]",[Valid Accounts]
4920,Attack Step 5,"May 9, 2025 @ 16:50:04.241",16,10.12.25.5,Windows11EWS,Security,4673,4,,,,,,,,,,,4,60107,Failed attempt to perform a privileged operation,[T1078],"[Defense Evasion, Persistence, Privilege Escalation, Initial Access]",[Valid Accounts]
4921,Attack Step 5,"May 9, 2025 @ 16:50:04.242",16,10.12.25.5,Windows11EWS,Security,4673,4,,,,,,,,,,,4,60107,Failed attempt to perform a privileged operation,[T1078],"[Defense Evasion, Persistence, Privilege Escalation, Initial Access]",[Valid Accounts]
4922,Attack Step 5,"May 9, 2025 @ 16:50:04.267",16,10.12.25.5,Windows11EWS,Security,4673,4,,,,,,,,,,,4,60107,Failed attempt to perform a privileged operation,[T1078],"[Defense Evasion, Persistence, Privilege Escalation, Initial Access]",[Valid Accounts]
4923,Attack Step 5,"May 9, 2025 @ 16:50:04.271",16,10.12.25.5,Windows11EWS,Security,4673,4,,,,,,,,,,,4,60107,Failed attempt to perform a privileged operation,[T1078],"[Defense Evasion, Persistence, Privilege Escalation, Initial Access]",[Valid Accounts]
4924,Attack Step 5,"May 9, 2025 @ 16:50:04.272",16,10.12.25.5,Windows11EWS,Security,4673,4,,,,,,,,,,,4,60107,Failed attempt to perform a privileged operation,[T1078],"[Defense Evasion, Persistence, Privilege Escalation, Initial Access]",[Valid Accounts]
4925,Attack Step 5,"May 9, 2025 @ 16:50:04.278",16,10.12.25.5,Windows11EWS,Security,4673,4,,,,,,,,,,,4,60107,Failed attempt to perform a privileged operation,[T1078],"[Defense Evasion, Persistence, Privilege Escalation, Initial Access]",[Valid Accounts]
4926,Attack Step 5,"May 9, 2025 @ 16:50:05.850",16,10.12.25.5,Windows11EWS,Security,4624,960,,Negotiate,User32,10.12.25.23,,,,,,,3,92653,User: WORKGROUP\Windows11EWS logged using Remote Desktop Connection (RDP) from ip:10.12.25.23.,[T1021.001 T1078.002],"[Lateral Movement, Defense Evasion, Persistence, Privilege Escalation, Initial Access]","[Remote Desktop Protocol, Domain Accounts]"
4927,Attack Step 5,"May 9, 2025 @ 16:50:05.907",16,10.12.25.5,Windows11EWS,Security,4624,960,,Negotiate,User32,10.12.25.23,,,,,,,3,92653,User: WORKGROUP\Windows11EWS logged using Remote Desktop Connection (RDP) from ip:10.12.25.23.,[T1021.001 T1078.002],"[Lateral Movement, Defense Evasion, Persistence, Privilege Escalation, Initial Access]","[Remote Desktop Protocol, Domain Accounts]"
4928,Attack Step 5,"May 9, 2025 @ 16:50:06.003",16,10.12.25.5,Windows11EWS,Security,4672,960,,,,,,,,,,,3,67028,Special privileges assigned to new logon.,[T1484],"[Defense Evasion, Privilege Escalation]",[Domain Policy Modification]
4929,Attack Step 5,"May 9, 2025 @ 16:50:06.005",16,10.12.25.5,Windows11EWS,Security,4673,4,,,,,,,,,,,4,60107,Failed attempt to perform a privileged operation,[T1078],"[Defense Evasion, Persistence, Privilege Escalation, Initial Access]",[Valid Accounts]
4930,Attack Step 5,"May 9, 2025 @ 16:50:06.016",16,10.12.25.5,Windows11EWS,Security,4688,4,,,,,,,,,C:\\WINDOWS\\system32\\svchost.exe -k WebThreatDefense -p,,3,67027,A process was created.,,,
4931,Attack Step 5,"May 9, 2025 @ 16:50:06.792",16,10.12.25.5,Windows11EWS,Security,4624,960,,Negotiate,Advapi,,,,,,,,3,60106,Windows Logon Success,[T1078],"[Defense Evasion, Persistence, Privilege Escalation, Initial Access]",[Valid Accounts]
4932,Attack Step 5,"May 9, 2025 @ 16:50:07.020",16,10.12.25.5,Windows11EWS,Security,4688,4,,,,,,,,,C:\\WINDOWS\\system32\\svchost.exe -k LocalSystemNetworkRestricted,,3,67027,A process was created.,,,
4933,Attack Step 5,"May 9, 2025 @ 16:50:07.060",16,10.12.25.5,Windows11EWS,Security,4688,4,,,,,,,,,"\""C:\\PROGRAM FILES (X86)\\COMMON FILES\\SIEMENS\\ACE\\BIN\\SCSDIALOGX.EXE\"" -Embedding",,3,67027,A process was created.,,,
4934,Attack Step 5,"May 9, 2025 @ 16:50:07.105",16,10.12.25.5,Windows11EWS,Security,4688,4,,,,,,,,,C:\\WINDOWS\\system32\\TSTheme.exe -Embedding,,3,67027,A process was created.,,,
4935,Attack Step 5,"May 9, 2025 @ 16:50:07.285",16,10.12.25.5,Windows11EWS,Security,4688,4,,,,,,,,,"\""C:\\Program Files\\Siemens\\Automation\\UserManagement\\BIN\\um.ess.exe\""",,3,67027,A process was created.,,,
4936,Attack Step 5,"May 9, 2025 @ 16:50:08.894",16,10.12.25.5,Windows11EWS,Security,4688,4,,,,,,,,,rdpclip,,3,67027,A process was created.,,,
4937,Attack Step 5,"May 9, 2025 @ 16:50:09.153",16,10.12.25.5,Windows11EWS,Security,4674,4,,,,,,,,,,,5,60104,Windows audit failure event,,,
4938,Attack Step 5,"May 9, 2025 @ 16:50:09.331",16,10.12.25.5,Windows11EWS,Security,4688,4,,,,,,,,,sihost.exe,,3,67027,A process was created.,,,
4939,Attack Step 5,"May 9, 2025 @ 16:50:09.474",16,10.12.25.5,Windows11EWS,Microsoft-Windows-Sysmon/Operational,13,3668,,,,,,,NT AUTHORITY\\SYSTEM,,,,3,92307,Evidence of new service creation found in registry under HKLM\\System\\CurrentControlSet\\Services\\AarSvc_d1ce13\\ImagePath binary is: C:\\WINDOWS\\system32\\svchost.exe -k AarSvcGroup -p,[T1543.003],"[Persistence, Privilege Escalation]",[Windows Service]
4940,Attack Step 5,"May 9, 2025 @ 16:50:09.650",16,10.12.25.5,Windows11EWS,Microsoft-Windows-Sysmon/Operational,13,3668,,,,,,,NT AUTHORITY\\SYSTEM,,,,3,92307,Evidence of new service creation found in registry under HKLM\\System\\CurrentControlSet\\Services\\BcastDVRUserService_d1ce13\\ImagePath binary is: C:\\WINDOWS\\system32\\svchost.exe -k BcastDVRUserService,[T1543.003],"[Persistence, Privilege Escalation]",[Windows Service]
4941,Attack Step 5,"May 9, 2025 @ 16:50:09.897",16,10.12.25.5,Windows11EWS,Microsoft-Windows-Sysmon/Operational,13,3668,,,,,,,NT AUTHORITY\\SYSTEM,,,,3,92307,Evidence of new service creation found in registry under HKLM\\System\\CurrentControlSet\\Services\\BluetoothUserService_d1ce13\\ImagePath binary is: C:\\WINDOWS\\system32\\svchost.exe -k BthAppGroup -p,[T1543.003],"[Persistence, Privilege Escalation]",[Windows Service]
4942,Attack Step 5,"May 9, 2025 @ 16:50:10.378",16,10.12.25.5,Windows11EWS,Security,4688,4,,,,,,,,,C:\\WINDOWS\\system32\\svchost.exe -k UnistackSvcGroup,,3,67027,A process was created.,,,
4943,Attack Step 5,"May 9, 2025 @ 16:50:10.450",16,10.12.25.5,Windows11EWS,Microsoft-Windows-Sysmon/Operational,13,3668,,,,,,,NT AUTHORITY\\SYSTEM,,,,3,92307,Evidence of new service creation found in registry under HKLM\\System\\CurrentControlSet\\Services\\CaptureService_d1ce13\\ImagePath binary is: C:\\WINDOWS\\system32\\svchost.exe -k LocalService -p,[T1543.003],"[Persistence, Privilege Escalation]",[Windows Service]
4944,Attack Step 5,"May 9, 2025 @ 16:50:10.505",16,10.12.25.5,Windows11EWS,Security,4688,4,,,,,,,,,C:\\WINDOWS\\system32\\svchost.exe -k LocalSystemNetworkRestricted -p,,3,67027,A process was created.,,,
4945,Attack Step 5,"May 9, 2025 @ 16:50:10.746",16,10.12.25.5,Windows11EWS,Microsoft-Windows-Sysmon/Operational,13,3668,,,,,,,NT AUTHORITY\\SYSTEM,,,,3,92307,Evidence of new service creation found in registry under HKLM\\System\\CurrentControlSet\\Services\\cbdhsvc_d1ce13\\ImagePath binary is: C:\\WINDOWS\\system32\\svchost.exe -k ClipboardSvcGroup -p,[T1543.003],"[Persistence, Privilege Escalation]",[Windows Service]
4946,Attack Step 5,"May 9, 2025 @ 16:50:10.975",16,10.12.25.5,Windows11EWS,Microsoft-Windows-Sysmon/Operational,13,3668,,,,,,,NT AUTHORITY\\SYSTEM,,,,3,92307,Evidence of new service creation found in registry under HKLM\\System\\CurrentControlSet\\Services\\CDPUserSvc_d1ce13\\ImagePath binary is: C:\\WINDOWS\\system32\\svchost.exe -k UnistackSvcGroup,[T1543.003],"[Persistence, Privilege Escalation]",[Windows Service]
4947,Attack Step 5,"May 9, 2025 @ 16:50:11.178",16,10.12.25.5,Windows11EWS,Microsoft-Windows-Sysmon/Operational,13,3668,,,,,,,NT AUTHORITY\\SYSTEM,,,,3,92307,Evidence of new service creation found in registry under HKLM\\System\\CurrentControlSet\\Services\\CloudBackupRestoreSvc_d1ce13\\ImagePath binary is: C:\\WINDOWS\\system32\\svchost.exe -k UnistackSvcGroup,[T1543.003],"[Persistence, Privilege Escalation]",[Windows Service]
4948,Attack Step 5,"May 9, 2025 @ 16:50:11.746",16,10.12.25.5,Windows11EWS,Security,4688,4,,,,,,,,,"\""C:\\Program Files (x86)\\Microsoft\\EdgeUpdate\\MicrosoftEdgeUpdate.exe\"" /c",,3,67027,A process was created.,,,
4949,Attack Step 5,"May 9, 2025 @ 16:50:11.885",16,10.12.25.5,Windows11EWS,Microsoft-Windows-Sysmon/Operational,13,3668,,,,,,,NT AUTHORITY\\SYSTEM,,,,3,92307,Evidence of new service creation found in registry under HKLM\\System\\CurrentControlSet\\Services\\ConsentUxUserSvc_d1ce13\\ImagePath binary is: C:\\WINDOWS\\system32\\svchost.exe -k DevicesFlow,[T1543.003],"[Persistence, Privilege Escalation]",[Windows Service]
4950,Attack Step 5,"May 9, 2025 @ 16:50:12.039",16,10.12.25.5,Windows11EWS,Security,4688,4,,,,,,,,,taskhostw.exe USER,,3,67027,A process was created.,,,
4951,Attack Step 5,"May 9, 2025 @ 16:50:12.196",16,10.12.25.5,Windows11EWS,Security,4688,4,,,,,,,,,taskhostw.exe {222A245B-E637-4AE9-A93F-A59CA119A75E},,3,67027,A process was created.,,,
4952,Attack Step 5,"May 9, 2025 @ 16:50:12.344",16,10.12.25.5,Windows11EWS,Microsoft-Windows-Sysmon/Operational,13,3668,,,,,,,NT AUTHORITY\\SYSTEM,,,,3,92307,Evidence of new service creation found in registry under HKLM\\System\\CurrentControlSet\\Services\\CredentialEnrollmentManagerUserSvc_d1ce13\\ImagePath binary is: C:\\WINDOWS\\system32\\CredentialEnrollmentManager.exe,[T1543.003],"[Persistence, Privilege Escalation]",[Windows Service]
4953,Attack Step 5,"May 9, 2025 @ 16:50:12.399",16,10.12.25.5,Windows11EWS,Security,4688,4,,,,,,,,,taskhostw.exe,,3,67027,A process was created.,,,
4954,Attack Step 5,"May 9, 2025 @ 16:50:12.989",16,10.12.25.5,Windows11EWS,Microsoft-Windows-Sysmon/Operational,13,3668,,,,,,,NT AUTHORITY\\SYSTEM,,,,3,92307,Evidence of new service creation found in registry under HKLM\\System\\CurrentControlSet\\Services\\DeviceAssociationBrokerSvc_d1ce13\\ImagePath binary is: C:\\WINDOWS\\system32\\svchost.exe -k DevicesFlow -p,[T1543.003],"[Persistence, Privilege Escalation]",[Windows Service]
4955,Attack Step 5,"May 9, 2025 @ 16:50:13.150",16,10.12.25.5,Windows11EWS,Microsoft-Windows-Sysmon/Operational,13,3668,,,,,,,NT AUTHORITY\\SYSTEM,,,,3,92307,Evidence of new service creation found in registry under HKLM\\System\\CurrentControlSet\\Services\\DevicePickerUserSvc_d1ce13\\ImagePath binary is: C:\\WINDOWS\\system32\\svchost.exe -k DevicesFlow,[T1543.003],"[Persistence, Privilege Escalation]",[Windows Service]
4956,Attack Step 5,"May 9, 2025 @ 16:50:13.152",16,10.12.25.5,Windows11EWS,Microsoft-Windows-Sysmon/Operational,13,3668,,,,,,,NT AUTHORITY\\SYSTEM,,,,3,92307,Evidence of new service creation found in registry under HKLM\\System\\CurrentControlSet\\Services\\DevicesFlowUserSvc_d1ce13\\ImagePath binary is: C:\\WINDOWS\\system32\\svchost.exe -k DevicesFlow,[T1543.003],"[Persistence, Privilege Escalation]",[Windows Service]
4957,Attack Step 5,"May 9, 2025 @ 16:50:13.475",16,10.12.25.5,Windows11EWS,Microsoft-Windows-Sysmon/Operational,13,3668,,,,,,,NT AUTHORITY\\SYSTEM,,,,3,92307,Evidence of new service creation found in registry under HKLM\\System\\CurrentControlSet\\Services\\MessagingService_d1ce13\\ImagePath binary is: C:\\WINDOWS\\system32\\svchost.exe -k UnistackSvcGroup,[T1543.003],"[Persistence, Privilege Escalation]",[Windows Service]
4958,Attack Step 5,"May 9, 2025 @ 16:50:13.778",16,10.12.25.5,Windows11EWS,Microsoft-Windows-Sysmon/Operational,13,3668,,,,,,,NT AUTHORITY\\SYSTEM,,,,3,92307,Evidence of new service creation found in registry under HKLM\\System\\CurrentControlSet\\Services\\NPSMSvc_d1ce13\\ImagePath binary is: C:\\WINDOWS\\system32\\svchost.exe -k LocalService -p,[T1543.003],"[Persistence, Privilege Escalation]",[Windows Service]
4959,Attack Step 5,"May 9, 2025 @ 16:50:13.935",16,10.12.25.5,Windows11EWS,Microsoft-Windows-Sysmon/Operational,13,3668,,,,,,,NT AUTHORITY\\SYSTEM,,,,3,92307,Evidence of new service creation found in registry under HKLM\\System\\CurrentControlSet\\Services\\OneSyncSvc_d1ce13\\ImagePath binary is: C:\\WINDOWS\\system32\\svchost.exe -k UnistackSvcGroup,[T1543.003],"[Persistence, Privilege Escalation]",[Windows Service]
4960,Attack Step 5,"May 9, 2025 @ 16:50:13.999",16,10.12.25.5,Windows11EWS,Microsoft-Windows-Sysmon/Operational,13,3668,,,,,,,NT AUTHORITY\\SYSTEM,,,,3,92307,Evidence of new service creation found in registry under HKLM\\System\\CurrentControlSet\\Services\\P9RdrService_d1ce13\\ImagePath binary is: C:\\WINDOWS\\system32\\svchost.exe -k P9RdrService -p,[T1543.003],"[Persistence, Privilege Escalation]",[Windows Service]
4961,Attack Step 5,"May 9, 2025 @ 16:50:14.101",16,10.12.25.5,Windows11EWS,Microsoft-Windows-Sysmon/Operational,13,3668,,,,,,,NT AUTHORITY\\SYSTEM,,,,3,92307,Evidence of new service creation found in registry under HKLM\\System\\CurrentControlSet\\Services\\PenService_d1ce13\\ImagePath binary is: C:\\WINDOWS\\system32\\svchost.exe -k PenService,[T1543.003],"[Persistence, Privilege Escalation]",[Windows Service]
4962,Attack Step 5,"May 9, 2025 @ 16:50:14.212",16,10.12.25.5,Windows11EWS,Microsoft-Windows-Sysmon/Operational,13,3668,,,,,,,NT AUTHORITY\\SYSTEM,,,,3,92307,Evidence of new service creation found in registry under HKLM\\System\\CurrentControlSet\\Services\\PimIndexMaintenanceSvc_d1ce13\\ImagePath binary is: C:\\WINDOWS\\system32\\svchost.exe -k UnistackSvcGroup,[T1543.003],"[Persistence, Privilege Escalation]",[Windows Service]
4963,Attack Step 5,"May 9, 2025 @ 16:50:14.287",16,10.12.25.5,Windows11EWS,Microsoft-Windows-Sysmon/Operational,13,3668,,,,,,,NT AUTHORITY\\SYSTEM,,,,3,92307,Evidence of new service creation found in registry under HKLM\\System\\CurrentControlSet\\Services\\PrintWorkflowUserSvc_d1ce13\\ImagePath binary is: C:\\WINDOWS\\system32\\svchost.exe -k PrintWorkflow,[T1543.003],"[Persistence, Privilege Escalation]",[Windows Service]
4964,Attack Step 5,"May 9, 2025 @ 16:50:14.376",16,10.12.25.5,Windows11EWS,Microsoft-Windows-Sysmon/Operational,13,3668,,,,,,,NT AUTHORITY\\SYSTEM,,,,3,92307,Evidence of new service creation found in registry under HKLM\\System\\CurrentControlSet\\Services\\UdkUserSvc_d1ce13\\ImagePath binary is: C:\\WINDOWS\\system32\\svchost.exe -k UdkSvcGroup,[T1543.003],"[Persistence, Privilege Escalation]",[Windows Service]
4965,Attack Step 5,"May 9, 2025 @ 16:50:14.428",16,10.12.25.5,Windows11EWS,Microsoft-Windows-Sysmon/Operational,13,3668,,,,,,,NT AUTHORITY\\SYSTEM,,,,3,92307,Evidence of new service creation found in registry under HKLM\\System\\CurrentControlSet\\Services\\UnistoreSvc_d1ce13\\ImagePath binary is: C:\\WINDOWS\\System32\\svchost.exe -k UnistackSvcGroup,[T1543.003],"[Persistence, Privilege Escalation]",[Windows Service]
4966,Attack Step 5,"May 9, 2025 @ 16:50:14.451",16,10.12.25.5,Windows11EWS,Microsoft-Windows-Sysmon/Operational,13,3668,,,,,,,NT AUTHORITY\\SYSTEM,,,,3,92307,Evidence of new service creation found in registry under HKLM\\System\\CurrentControlSet\\Services\\UserDataSvc_d1ce13\\ImagePath binary is: C:\\WINDOWS\\system32\\svchost.exe -k UnistackSvcGroup,[T1543.003],"[Persistence, Privilege Escalation]",[Windows Service]
4967,Attack Step 5,"May 9, 2025 @ 16:50:14.470",16,10.12.25.5,Windows11EWS,Microsoft-Windows-Sysmon/Operational,13,3668,,,,,,,NT AUTHORITY\\SYSTEM,,,,3,92307,Evidence of new service creation found in registry under HKLM\\System\\CurrentControlSet\\Services\\webthreatdefusersvc_d1ce13\\ImagePath binary is: C:\\WINDOWS\\system32\\svchost.exe -k LocalSystemNetworkRestricted -p,[T1543.003],"[Persistence, Privilege Escalation]",[Windows Service]
4968,Attack Step 5,"May 9, 2025 @ 16:50:14.509",16,10.12.25.5,Windows11EWS,Microsoft-Windows-Sysmon/Operational,13,3668,,,,,,,NT AUTHORITY\\SYSTEM,,,,3,92307,Evidence of new service creation found in registry under HKLM\\System\\CurrentControlSet\\Services\\WpnUserService_d1ce13\\ImagePath binary is: C:\\WINDOWS\\system32\\svchost.exe -k UnistackSvcGroup,[T1543.003],"[Persistence, Privilege Escalation]",[Windows Service]
4969,Attack Step 5,"May 9, 2025 @ 16:50:14.647",16,10.12.25.5,Windows11EWS,Security,4624,960,,Negotiate,Advapi,,,,,,,,3,60106,Windows Logon Success,[T1078],"[Defense Evasion, Persistence, Privilege Escalation, Initial Access]",[Valid Accounts]
4970,Attack Step 5,"May 9, 2025 @ 16:50:14.783",16,10.12.25.5,Windows11EWS,Security,4688,4,,,,,,,,,C:\\WINDOWS\\system32\\svchost.exe -k wsappx -p,,3,67027,A process was created.,,,
4971,Attack Step 5,"May 9, 2025 @ 16:50:16.153",16,10.12.25.5,Windows11EWS,Security,4688,4,,,,,,,,,"\""C:\\WINDOWS\\System32\\SearchProtocolHost.exe\"" Global\\UsGthrFltPipeMssGthrPipe8_ Global\\UsGthrCtrlFltPipeMssGthrPipe8 1 -2147483646 \""Software\\Microsoft\\Windows Search\"" \""Mozilla/4.0 (compatible; MSIE 6.0; Windows NT; MS Search 4.0 Robot)\"" \""C:\\ProgramData\\Microsoft\\Search\\Data\\Temp\\usgthrsvc\"" \""DownLevelDaemon\""",,3,67027,A process was created.,,,
4972,Attack Step 5,"May 9, 2025 @ 16:50:19.212",16,10.12.25.5,Windows11EWS,Security,4688,4,,,,,,,,,C:\\WINDOWS\\system32\\userinit.exe,,3,67027,A process was created.,,,
4973,Attack Step 5,"May 9, 2025 @ 16:50:19.214",16,10.12.25.5,Windows11EWS,Security,4688,4,,,,,,,,,C:\\WINDOWS\\Explorer.EXE,,3,67027,A process was created.,,,
4974,Attack Step 5,"May 9, 2025 @ 16:50:19.274",16,10.12.25.5,Windows11EWS,Security,4688,4,,,,,,,,,"\""C:\\Windows\\System32\\ShellHost.exe\""",,3,67027,A process was created.,,,
4975,Attack Step 5,"May 9, 2025 @ 16:50:21.180",16,10.12.25.5,Windows11EWS,Security,4688,4,,,,,,,,,C:\\WINDOWS\\system32\\wbem\\wmiprvse.exe -secured -Embedding,,3,67027,A process was created.,,,
4976,Attack Step 5,"May 9, 2025 @ 16:50:21.238",16,10.12.25.5,Windows11EWS,Security,4624,960,,Negotiate,Advapi,,,,,,,,3,60106,Windows Logon Success,[T1078],"[Defense Evasion, Persistence, Privilege Escalation, Initial Access]",[Valid Accounts]
4977,Attack Step 5,"May 9, 2025 @ 16:50:21.308",16,10.12.25.5,Windows11EWS,Security,4688,4,,,,,,,,,C:\\WINDOWS\\System32\\svchost.exe -k AppReadiness -p,,3,67027,A process was created.,,,
4978,Attack Step 5,"May 9, 2025 @ 16:50:29.347",16,10.12.25.5,Windows11EWS,Security,4688,4,,,,,,,,,"C:\\WINDOWS\\system32\\rundll32.exe C:\\WINDOWS\\system32\\AppXDeploymentExtensions.OneCore.dll,ShellRefresh",,3,67027,A process was created.,,,
4979,Attack Step 5,"May 9, 2025 @ 16:50:37.703",16,10.12.25.5,Windows11EWS,Security,4688,4,,,,,,,,,C:\\WINDOWS\\system32\\svchost.exe -k ClipboardSvcGroup -p,,3,67027,A process was created.,,,
4980,Attack Step 5,"May 9, 2025 @ 16:50:39.710",16,10.12.25.5,Windows11EWS,Security,4688,4,,,,,,,,,\\\\?\\C:\\Windows\\System32\\SecurityHealth\\10.0.27777.1008-0\\SecurityHealthHost.exe {08728914-3F57-4D52-9E31-49DAECA5A80A} -Embedding,,3,67027,A process was created.,,,
4981,Attack Step 5,"May 9, 2025 @ 16:50:41.832",16,10.12.25.5,Windows11EWS,Security,4688,4,,,,,,,,,C:\\WINDOWS\\system32\\DllHost.exe /Processid:{AB8902B4-09CA-4BB6-B78D-A8F59079A8D5},,3,67027,A process was created.,,,
4982,Attack Step 5,"May 9, 2025 @ 16:50:42.020",16,10.12.25.5,Windows11EWS,Security,4688,4,,,,,,,,,C:\\WINDOWS\\system32\\DllHost.exe /Processid:{69B7FE84-6361-4423-B948-1D64820B1E96},,3,67027,A process was created.,,,
4983,Attack Step 5,"May 9, 2025 @ 16:50:42.767",16,10.12.25.5,Windows11EWS,Security,4688,4,,,,,,,,,taskhostw.exe SyncFromCloud,,3,67027,A process was created.,,,
4984,Attack Step 5,"May 9, 2025 @ 16:50:43.090",16,10.12.25.5,Windows11EWS,Security,4673,4,,,,,,,,,,,4,60107,Failed attempt to perform a privileged operation,[T1078],"[Defense Evasion, Persistence, Privilege Escalation, Initial Access]",[Valid Accounts]
4985,Attack Step 5,"May 9, 2025 @ 16:50:43.183",16,10.12.25.5,Windows11EWS,Security,4673,4,,,,,,,,,,,4,60107,Failed attempt to perform a privileged operation,[T1078],"[Defense Evasion, Persistence, Privilege Escalation, Initial Access]",[Valid Accounts]
4986,Attack Step 5,"May 9, 2025 @ 16:50:43.448",16,10.12.25.5,Windows11EWS,Security,4688,4,,,,,,,,,"\""C:\\WINDOWS\\SystemApps\\MicrosoftWindows.Client.CBS_cw5n1h2txyewy\\SearchHost.exe\"" -ServerName:CortanaUI.AppXstmwaab17q5s3y22tp6apqz7a45vwv65.mca",,3,67027,A process was created.,,,
4987,Attack Step 5,"May 9, 2025 @ 16:50:43.566",16,10.12.25.5,Windows11EWS,Security,4688,4,,,,,,,,,"\""C:\\WINDOWS\\SystemApps\\Microsoft.Windows.StartMenuExperienceHost_cw5n1h2txyewy\\StartMenuExperienceHost.exe\"" -ServerName:App.AppXywbrabmsek0gm3tkwpr5kwzbs55tkqay.mca",,3,67027,A process was created.,,,
4988,Attack Step 5,"May 9, 2025 @ 16:50:43.770",16,10.12.25.5,Windows11EWS,Security,4688,4,,,,,,,,,taskhostw.exe,,3,67027,A process was created.,,,
4989,Attack Step 5,"May 9, 2025 @ 16:50:44.087",16,10.12.25.5,Windows11EWS,Security,4688,4,,,,,,,,,\\\\?\\C:\\Windows\\System32\\SecurityHealth\\10.0.27777.1008-0\\SecurityHealthHost.exe {08728914-3F57-4D52-9E31-49DAECA5A80A} -Embedding,,3,67027,A process was created.,,,
4990,Attack Step 5,"May 9, 2025 @ 16:50:44.238",16,10.12.25.5,Windows11EWS,Security,4688,4,,,,,,,,,C:\\Windows\\System32\\RuntimeBroker.exe -Embedding,,3,67027,A process was created.,,,
4991,Attack Step 5,"May 9, 2025 @ 16:50:44.580",16,10.12.25.5,Windows11EWS,Security,4688,4,,,,,,,,,C:\\WINDOWS\\system32\\svchost.exe -k UdkSvcGroup,,3,67027,A process was created.,,,
4992,Attack Step 5,"May 9, 2025 @ 16:50:45.168",16,10.12.25.5,Windows11EWS,Security,4688,4,,,,,,,,,C:\\Windows\\System32\\RuntimeBroker.exe -Embedding,,3,67027,A process was created.,,,
4993,Attack Step 5,"May 9, 2025 @ 16:50:45.186",16,10.12.25.5,Windows11EWS,Security,4688,4,,,,,,,,,"\""C:\\Program Files\\WindowsApps\\MicrosoftWindows.Client.WebExperience_525.8401.30.0_x64__cw5n1h2txyewy\\Dashboard\\Widgets.exe\"" -ServerName:Microsoft.Windows.DashboardServer",,3,67027,A process was created.,,,
4994,Attack Step 5,"May 9, 2025 @ 16:50:46.311",16,10.12.25.5,Windows11EWS,Security,4673,4,,,,,,,,,,,4,60107,Failed attempt to perform a privileged operation,[T1078],"[Defense Evasion, Persistence, Privilege Escalation, Initial Access]",[Valid Accounts]
4995,Attack Step 5,"May 9, 2025 @ 16:50:48.296",16,10.12.25.5,Windows11EWS,Security,4688,4,,,,,,,,,C:\\Windows\\System32\\smartscreen.exe -Embedding,,3,67027,A process was created.,,,
4996,Attack Step 5,"May 9, 2025 @ 16:50:51.811",16,10.12.25.5,Windows11EWS,Security,4688,4,,,,,,,,,"\""C:\\Program Files\\WindowsApps\\Microsoft.WidgetsPlatformRuntime_1.6.9.0_x64__8wekyb3d8bbwe\\WidgetService\\WidgetService.exe\"" -RegisterProcessAsComServer -Embedding",,3,67027,A process was created.,,,
4997,Attack Step 5,"May 9, 2025 @ 16:50:51.876",16,10.12.25.5,Windows11EWS,Security,4688,4,,,,,,,,,"\""C:\\Program Files\\UnifiedAutomation\\UaExpert\\bin\\uaexpert.exe\""",,3,67027,A process was created.,,,
4998,Attack Step 5,"May 9, 2025 @ 16:50:52.017",16,10.12.25.5,Windows11EWS,Security,4673,4,,,,,,,,,,,4,60107,Failed attempt to perform a privileged operation,[T1078],"[Defense Evasion, Persistence, Privilege Escalation, Initial Access]",[Valid Accounts]
4999,Attack Step 5,"May 9, 2025 @ 16:50:52.151",16,10.12.25.5,Windows11EWS,Security,4688,4,,,,,,,,, -c -s 0 -f 0 -t Empty -m Empty -a 0 -u Empty,,3,67027,A process was created.,,,
5000,Attack Step 5,"May 9, 2025 @ 16:50:52.291",16,10.12.25.5,Windows11EWS,Security,4673,4,,,,,,,,,,,4,60107,Failed attempt to perform a privileged operation,[T1078],"[Defense Evasion, Persistence, Privilege Escalation, Initial Access]",[Valid Accounts]
5001,Attack Step 5,"May 9, 2025 @ 16:50:52.456",16,10.12.25.5,Windows11EWS,Security,4688,4,,,,,,,,,"\""C:\\WINDOWS\\system32\\BackgroundTaskHost.exe\"" -ServerName:BackgroundTaskHost.WebAccountProvider",,3,67027,A process was created.,,,
5002,Attack Step 5,"May 9, 2025 @ 16:50:56.397",16,10.12.25.5,Windows11EWS,Security,4673,4,,,,,,,,,,,4,60107,Failed attempt to perform a privileged operation,[T1078],"[Defense Evasion, Persistence, Privilege Escalation, Initial Access]",[Valid Accounts]
5003,Attack Step 5,"May 9, 2025 @ 16:50:56.515",16,10.12.25.5,Windows11EWS,Security,4624,960,,Negotiate,Advapi,,,,,,,,3,60106,Windows Logon Success,[T1078],"[Defense Evasion, Persistence, Privilege Escalation, Initial Access]",[Valid Accounts]
5004,Attack Step 5,"May 9, 2025 @ 16:50:56.623",16,10.12.25.5,Windows11EWS,Security,4688,4,,,,,,,,,C:\\WINDOWS\\System32\\svchost.exe -k CameraMonitor,,3,67027,A process was created.,,,
5005,Attack Step 5,"May 9, 2025 @ 16:50:56.624",16,10.12.25.5,Windows11EWS,Security,4688,4,,,,,,,,,C:\\WINDOWS\\System32\\svchost.exe -k Camera,,3,67027,A process was created.,,,
5006,Attack Step 5,"May 9, 2025 @ 16:50:57.137",16,10.12.25.5,Windows11EWS,Security,4688,4,,,,,,,,,C:\\WINDOWS\\system32\\DllHost.exe /Processid:{7966B4D8-4FDC-4126-A10B-39A3209AD251},,3,67027,A process was created.,,,
5007,Attack Step 5,"May 9, 2025 @ 16:50:59.616",16,10.12.25.5,Windows11EWS,Security,4688,4,,,,,,,,,C:\\WINDOWS\\system32\\DllHost.exe /Processid:{973D20D7-562D-44B9-B70B-5A0F49CCDF3F},,3,67027,A process was created.,,,
5008,Attack Step 5,"May 9, 2025 @ 16:51:01.142",16,10.12.25.5,Windows11EWS,Security,4673,4,,,,,,,,,,,4,60107,Failed attempt to perform a privileged operation,[T1078],"[Defense Evasion, Persistence, Privilege Escalation, Initial Access]",[Valid Accounts]
5009,Attack Step 5,"May 9, 2025 @ 16:51:02.653",16,10.12.25.5,Windows11EWS,Security,4688,4,,,,,,,,,C:\\WINDOWS\\System32\\mobsync.exe -Embedding,,3,67027,A process was created.,,,
5010,Attack Step 5,"May 9, 2025 @ 16:51:03.646",16,10.12.25.5,Windows11EWS,Security,4688,4,,,,,,,,,/QuitInfo:0000000000001300;0000000000001304;,,3,67027,A process was created.,,,
5011,Attack Step 5,"May 9, 2025 @ 16:51:03.682",16,10.12.25.5,Windows11EWS,Security,4688,4,,,,,,,,,\\\\?\\C:\\Windows\\System32\\SecurityHealth\\10.0.27777.1008-0\\SecurityHealthHost.exe {08728914-3F57-4D52-9E31-49DAECA5A80A} -Embedding,,3,67027,A process was created.,,,
5012,Attack Step 5,"May 9, 2025 @ 16:51:05.349",16,10.12.25.5,Windows11EWS,Security,4673,4,,,,,,,,,,,4,60107,Failed attempt to perform a privileged operation,[T1078],"[Defense Evasion, Persistence, Privilege Escalation, Initial Access]",[Valid Accounts]
5013,Attack Step 5,"May 9, 2025 @ 16:51:05.349",16,10.12.25.5,Windows11EWS,Security,4688,4,,,,,,,,,"\""C:\\WINDOWS\\system32\\BackgroundTaskHost.exe\"" -ServerName:BackgroundTaskHost.WebAccountProvider",,3,67027,A process was created.,,,
5014,Attack Step 5,"May 9, 2025 @ 16:51:15.190",16,10.12.25.5,Windows11EWS,Security,4688,4,,,,,,,,,C:\\WINDOWS\\system32\\DllHost.exe /Processid:{133EAC4F-5891-4D04-BADA-D84870380A80},,3,67027,A process was created.,,,
5015,Attack Step 5,"May 9, 2025 @ 16:51:25.439",16,10.12.25.5,Windows11EWS,Security,4688,4,,,,,,,,,C:\\WINDOWS\\system32\\DllHost.exe /Processid:{7966B4D8-4FDC-4126-A10B-39A3209AD251},,3,67027,A process was created.,,,
5016,Attack Step 5,"May 9, 2025 @ 16:51:26.710",16,10.12.25.5,Windows11EWS,Security,4673,4,,,,,,,,,,,4,60107,Failed attempt to perform a privileged operation,[T1078],"[Defense Evasion, Persistence, Privilege Escalation, Initial Access]",[Valid Accounts]
5017,Attack Step 5,"May 9, 2025 @ 16:51:26.711",16,10.12.25.5,Windows11EWS,Security,4688,4,,,,,,,,,"\""C:\\WINDOWS\\system32\\BackgroundTaskHost.exe\"" -ServerName:BackgroundTaskHost.WebAccountProvider",,3,67027,A process was created.,,,
5018,Attack Step 5,"May 9, 2025 @ 16:51:26.711",16,10.12.25.5,Windows11EWS,Security,4688,4,,,,,,,,,C:\\Windows\\System32\\RuntimeBroker.exe -Embedding,,3,67027,A process was created.,,,
5019,Attack Step 5,"May 9, 2025 @ 16:51:31.930",16,10.12.25.5,Windows11EWS,Security,4688,4,,,,,,,,,"C:\\WINDOWS\\system32\\rundll32.exe C:\\WINDOWS\\system32\\AppXDeploymentExtensions.OneCore.dll,ShellRefresh",,3,67027,A process was created.,,,
5020,Attack Step 5,"May 9, 2025 @ 16:51:31.944",16,10.12.25.5,Windows11EWS,Security,4688,4,,,,,,,,,C:\\WINDOWS\\system32\\sppsvc.exe,,3,67027,A process was created.,,,
5021,Attack Step 5,"May 9, 2025 @ 16:51:33.795",16,10.12.25.5,Windows11EWS,Security,4688,4,,,,,,,,,"\""C:\\Windows\\System32\\SecurityHealthSystray.exe\""",,3,67027,A process was created.,,,
5022,Attack Step 5,"May 9, 2025 @ 16:51:37.783",16,10.12.25.5,Windows11EWS,Security,4673,4,,,,,,,,,,,4,60107,Failed attempt to perform a privileged operation,[T1078],"[Defense Evasion, Persistence, Privilege Escalation, Initial Access]",[Valid Accounts]
5023,Attack Step 5,"May 9, 2025 @ 16:51:41.015",16,10.12.25.5,Windows11EWS,Security,4688,4,,,,,,,,,taskhostw.exe $(Arg0),,3,67027,A process was created.,,,
5024,Attack Step 5,"May 9, 2025 @ 16:51:50.070",16,10.12.25.5,Windows11EWS,Security,4673,4,,,,,,,,,,,4,60107,Failed attempt to perform a privileged operation,[T1078],"[Defense Evasion, Persistence, Privilege Escalation, Initial Access]",[Valid Accounts]
5025,Attack Step 5,"May 9, 2025 @ 16:51:50.101",16,10.12.25.5,Windows11EWS,Security,4688,4,,,,,,,,,"\""C:\\WINDOWS\\system32\\backgroundTaskHost.exe\"" -ServerName:App.AppXpybpk6fj2fe0gb0jan49e6dncngk3pa1.mca",,3,67027,A process was created.,,,
5026,Attack Step 5,"May 9, 2025 @ 16:51:54.899",16,10.12.25.5,Windows11EWS,Security,4688,4,,,,,,,,,C:\\Windows\\System32\\RuntimeBroker.exe -Embedding,,3,67027,A process was created.,,,
5027,Attack Step 5,"May 9, 2025 @ 16:51:56.863",16,10.12.25.5,Windows11EWS,Security,4688,4,,,,,,,,,"\""C:\\Program Files (x86)\\Microsoft\\Edge\\Application\\msedge.exe\"" --no-startup-window --win-session-start",,3,67027,A process was created.,,,
5028,Attack Step 5,"May 9, 2025 @ 16:51:59.891",16,10.12.25.5,Windows11EWS,Security,4688,4,,,,,,,,,"\""C:\\Program Files (x86)\\Microsoft\\Edge\\Application\\msedge.exe\"" --type=crashpad-handler \""--user-data-dir=C:\\Users\\carol\\AppData\\Local\\Microsoft\\Edge\\User Data\"" /prefetch:4 --monitor-self-annotation=ptype=crashpad-handler \""--database=C:\\Users\\carol\\AppData\\Local\\Microsoft\\Edge\\User Data\\Crashpad\"" --annotation=IsOfficialBuild=1 --annotation=channel= --annotation=chromium-version=135.0.7049.115 \""--annotation=exe=C:\\Program Files (x86)\\Microsoft\\Edge\\Application\\msedge.exe\"" --annotation=plat=Win64 --annotation=prod=Edge --annotation=ver=135.0.3179.98 --initial-client-data=0x27c,0x280,0x284,0x278,0x268,0x7fff2e479240,0x7fff2e47924c,0x7fff2e479258",,3,67027,A process was created.,,,
5029,Attack Step 5,"May 9, 2025 @ 16:51:59.946",16,10.12.25.5,Windows11EWS,Security,4688,4,,,,,,,,,"\""C:\\Program Files (x86)\\Microsoft\\Edge\\Application\\msedge.exe\"" --type=gpu-process --no-pre-read-main-dll --gpu-preferences=UAAAAAAAAADgAAAEAAAAAAAAAAAAAAAAAABgAAEAAAAAAAAAAAAAAAAAAAACAAAAAAAAAAAAAAAAAAAAAAAAABAAAAAAAAAAEAAAAAAAAAAIAAAAAAAAAAgAAAAAAAAA --always-read-main-dll --field-trial-handle=2260,i,10523690045595089126,8847648928729877960,262144 --variations-seed-version --mojo-platform-channel-handle=2252 /prefetch:2",,3,67027,A process was created.,,,
5030,Attack Step 5,"May 9, 2025 @ 16:52:00.087",16,10.12.25.5,Windows11EWS,Security,4688,4,,,,,,,,,"\""C:\\Program Files (x86)\\Microsoft\\Edge\\Application\\msedge.exe\"" --type=utility --utility-sub-type=network.mojom.NetworkService --lang=en-GB --service-sandbox-type=none --no-pre-read-main-dll --always-read-main-dll --field-trial-handle=2260,i,10523690045595089126,8847648928729877960,262144 --variations-seed-version --mojo-platform-channel-handle=2472 /prefetch:11",,3,67027,A process was created.,,,
5031,Attack Step 5,"May 9, 2025 @ 16:52:01.270",16,10.12.25.5,Windows11EWS,Security,4688,4,,,,,,,,,"\""C:\\Program Files (x86)\\Microsoft\\Edge\\Application\\135.0.3179.98\\elevation_service.exe\""",,3,67027,A process was created.,,,
5032,Attack Step 5,"May 9, 2025 @ 16:52:01.356",16,10.12.25.5,Windows11EWS,Security,4688,4,,,,,,,,,"\""C:\\Program Files (x86)\\Microsoft\\Edge\\Application\\msedge.exe\"" --type=utility --utility-sub-type=storage.mojom.StorageService --lang=en-GB --service-sandbox-type=service --no-pre-read-main-dll --always-read-main-dll --field-trial-handle=2260,i,10523690045595089126,8847648928729877960,262144 --variations-seed-version --mojo-platform-channel-handle=2848 /prefetch:13",,3,67027,A process was created.,,,
5033,Attack Step 5,"May 9, 2025 @ 16:52:03.645",16,10.12.25.5,Windows11EWS,Application,16384,8568,,,,,,,,,,,3,60642,Software protection service scheduled successfully.,,,
5034,Attack Step 5,"May 9, 2025 @ 16:52:09.178",16,10.12.25.5,Windows11EWS,Security,4688,4,,,,,,,,,"\""C:\\Program Files\\WindowsApps\\MicrosoftWindows.CrossDevice_1.25032.52.0_x64__cw5n1h2txyewy\\CrossDeviceService.exe\""",,3,67027,A process was created.,,,
5035,Attack Step 5,"May 9, 2025 @ 16:52:09.187",16,10.12.25.5,Windows11EWS,Security,4673,4,,,,,,,,,,,4,60107,Failed attempt to perform a privileged operation,[T1078],"[Defense Evasion, Persistence, Privilege Escalation, Initial Access]",[Valid Accounts]
5036,Attack Step 5,"May 9, 2025 @ 16:52:11.387",16,10.12.25.5,Windows11EWS,Security,4624,960,,Negotiate,Advapi,,,,,,,,3,60106,Windows Logon Success,[T1078],"[Defense Evasion, Persistence, Privilege Escalation, Initial Access]",[Valid Accounts]
5037,Attack Step 5,"May 9, 2025 @ 16:52:11.410",16,10.12.25.5,Windows11EWS,Security,4688,4,,,,,,,,,C:\\WINDOWS\\System32\\svchost.exe -k netsvcs -p,,3,67027,A process was created.,,,
5038,Attack Step 5,"May 9, 2025 @ 16:52:12.785",16,10.12.25.5,Windows11EWS,Security,4688,4,,,,,,,,,C:\\WINDOWS\\system32\\DllHost.exe /Processid:{AB8902B4-09CA-4BB6-B78D-A8F59079A8D5},,3,67027,A process was created.,,,
5039,Attack Step 5,"May 9, 2025 @ 16:52:20.369",16,10.12.25.5,Windows11EWS,Security,4688,4,,,,,,,,,C:\\Windows\\System32\\RuntimeBroker.exe -Embedding,,3,67027,A process was created.,,,
5040,Attack Step 5,"May 9, 2025 @ 16:52:23.543",16,10.12.25.5,Windows11EWS,Security,4688,4,,,,,,,,,C:\\WINDOWS\\SysWOW64\\runonce.exe /Run6432,,3,67027,A process was created.,,,
5041,Attack Step 5,"May 9, 2025 @ 16:52:23.605",16,10.12.25.5,Windows11EWS,Security,4688,4,,,,,,,,,"\""C:\\Program Files\\Siemens\\Automation\\UserManagement\\BIN\\UMTrayicon.exe\""",,3,67027,A process was created.,,,
5042,Attack Step 5,"May 9, 2025 @ 16:52:26.287",16,10.12.25.5,Windows11EWS,Security,4688,4,,,,,,,,,"\""C:\\Program Files (x86)\\Siemens\\Automation\\SCADA-RT_V11\\WinCC\\bin\\CCUCSurrogate.exe\""",,3,67027,A process was created.,,,
5043,Attack Step 5,"May 9, 2025 @ 16:52:28.124",16,10.12.25.5,Windows11EWS,Security,4688,4,,,,,,,,,"\""C:\\Program Files\\Siemens\\Automation\\TIAADMIN\\server\\modules\\soft\\native\\TiaAdminNotifier.exe\""",,3,67027,A process was created.,,,
5044,Attack Step 5,"May 9, 2025 @ 16:53:13.570",16,10.12.25.5,Windows11EWS,Security,4688,4,,,,,,,,,C:\\WINDOWS\\system32\\wbem\\wmiprvse.exe -secured -Embedding,,3,67027,A process was created.,,,
5045,Attack Step 5,"May 9, 2025 @ 16:54:47.654",16,10.12.25.5,Windows11EWS,Security,4688,4,,,,,,,,,taskhostw.exe,,3,67027,A process was created.,,,
5046,Attack Step 5,"May 9, 2025 @ 16:55:11.820",16,10.12.25.5,Windows11EWS,Security,4688,4,,,,,,,,,taskhostw.exe Logon,,3,67027,A process was created.,,,
5047,Attack Step 5,"May 9, 2025 @ 16:55:11.836",16,10.12.25.5,Windows11EWS,Security,4688,4,,,,,,,,,"\""C:\\WINDOWS\\system32\\sc.exe\"" start pushtoinstall login",,3,67027,A process was created.,,,
5048,Attack Step 5,"May 9, 2025 @ 16:55:11.879",16,10.12.25.5,Windows11EWS,Security,4688,4,,,,,,,,,\\??\\C:\\WINDOWS\\system32\\conhost.exe 0xffffffff -ForceV1,,3,67027,A process was created.,,,
5049,Attack Step 5,"May 9, 2025 @ 16:55:19.691",16,10.12.25.5,Windows11EWS,Security,4688,4,,,,,,,,,"\""C:\\WINDOWS\\uus\\packages\\preview\\AMD64\\MoUsoCoreWorker.exe\"" useprivatenamespaces",,3,67027,A process was created.,,,
5050,Attack Step 5,"May 9, 2025 @ 16:55:19.731",16,10.12.25.5,Windows11EWS,Security,4624,960,,Negotiate,Advapi,,,,,,,,3,60106,Windows Logon Success,[T1078],"[Defense Evasion, Persistence, Privilege Escalation, Initial Access]",[Valid Accounts]
5051,Attack Step 5,"May 9, 2025 @ 16:55:19.791",16,10.12.25.5,Windows11EWS,Security,4688,4,,,,,,,,,C:\\WINDOWS\\system32\\svchost.exe -k wusvcs -p,,3,67027,A process was created.,,,
5052,Attack Step 5,"May 9, 2025 @ 16:55:21.747",16,10.12.25.5,Windows11EWS,Security,4673,4,,,,,,,,,,,4,60107,Failed attempt to perform a privileged operation,[T1078],"[Defense Evasion, Persistence, Privilege Escalation, Initial Access]",[Valid Accounts]
5053,Attack Step 5,"May 9, 2025 @ 16:55:21.769",16,10.12.25.5,Windows11EWS,Security,4688,4,,,,,,,,,"\""C:\\WINDOWS\\system32\\BackgroundTaskHost.exe\"" -ServerName:BackgroundTaskHost.WebAccountProvider",,3,67027,A process was created.,,,
5054,Attack Step 5,"May 9, 2025 @ 16:55:21.774",16,10.12.25.5,Windows11EWS,Security,4688,4,,,,,,,,,C:\\Windows\\System32\\RuntimeBroker.exe -Embedding,,3,67027,A process was created.,,,
5055,Attack Step 5,"May 9, 2025 @ 16:55:22.919",16,10.12.25.5,Windows11EWS,Security,4688,4,,,,,,,,,C:\\WINDOWS\\uus\\packages\\preview\\AMD64\\MoNotificationUx.exe /ClearActiveNotifications /CV fOJKgTYqgEePljVC.1.0.0,,3,67027,A process was created.,,,
5056,Attack Step 5,"May 9, 2025 @ 16:56:19.671",16,10.12.25.5,Windows11EWS,Security,4688,4,,,,,,,,,"\""C:\\WINDOWS\\system32\\ProvTool.exe\"" /turn 5 /source LogonIdleTask",,3,67027,A process was created.,,,
5057,Attack Step 5,"May 9, 2025 @ 16:56:19.729",16,10.12.25.5,Windows11EWS,Security,4688,4,,,,,,,,,"\""C:\\WINDOWS\\system32\\UCPDMgr.exe\""",,3,67027,A process was created.,,,
5058,Attack Step 5,"May 9, 2025 @ 16:56:19.735",16,10.12.25.5,Windows11EWS,Security,4688,4,,,,,,,,,\\??\\C:\\WINDOWS\\system32\\conhost.exe 0xffffffff -ForceV1,,3,67027,A process was created.,,,
5059,Attack Step 5,"May 9, 2025 @ 16:56:20.996",16,10.12.25.5,Windows11EWS,Security,4624,960,,Negotiate,Advapi,,,,,,,,3,60106,Windows Logon Success,[T1078],"[Defense Evasion, Persistence, Privilege Escalation, Initial Access]",[Valid Accounts]
5060,Attack Step 5,"May 9, 2025 @ 16:56:21.009",16,10.12.25.5,Windows11EWS,Security,4688,4,,,,,,,,,C:\\WINDOWS\\system32\\svchost.exe -k netsvcs -p,,3,67027,A process was created.,,,
5061,Attack Step 5,"May 9, 2025 @ 16:56:36.055",15,10.12.25.3,Windows11,Microsoft-Windows-Windows Defender/Operational,1150,3168,,,,,,,,,,,3,62128,Windows Defender: Antimalware platform is running and in a healthy state,,,
5062,Attack Step 5,"May 9, 2025 @ 16:57:07.794",16,10.12.25.5,Windows11EWS,Microsoft-Windows-Windows Defender/Operational,5007,3880,,,,,,,,,,,5,62154,Windows Defender: Antimalware platform feature configuration changed,,,
5063,Attack Step 5,"May 9, 2025 @ 16:57:22.137",15,10.12.25.3,Windows11,Security,4688,4,,,,,,,,,C:\\WINDOWS\\system32\\wbem\\wmiprvse.exe -secured -Embedding,,3,67027,A process was created.,,,
5064,Attack Step 5,"May 9, 2025 @ 16:57:22.201",15,10.12.25.3,Windows11,Security,4624,888,,Negotiate,Advapi,,,,,,,,3,60106,Windows Logon Success,[T1078],"[Defense Evasion, Persistence, Privilege Escalation, Initial Access]",[Valid Accounts]
5065,Attack Step 5,"May 9, 2025 @ 16:57:22.230",15,10.12.25.3,Windows11,Security,4688,4,,,,,,,,,C:\\WINDOWS\\servicing\\TrustedInstaller.exe,,3,67027,A process was created.,,,
5066,Attack Step 5,"May 9, 2025 @ 16:57:23.132",15,10.12.25.3,Windows11,Security,4688,4,,,,,,,,,C:\\WINDOWS\\winsxs\\amd64_microsoft-windows-servicingstack_31bf3856ad364e35_10.0.26100.3764_none_a5067b2d776484b6\\TiWorker.exe -Embedding,,3,67027,A process was created.,,,
5067,Attack Step 5,"May 9, 2025 @ 16:57:41.968",16,10.12.25.5,Windows11EWS,Security,4688,4,,,,,,,,,taskhostw.exe,,3,67027,A process was created.,,,
5068,Attack Step 5,"May 9, 2025 @ 16:58:18.901",16,10.12.25.5,Windows11EWS,Microsoft-Windows-Windows Defender/Operational,1150,3880,,,,,,,,,,,3,62128,Windows Defender: Antimalware platform is running and in a healthy state,,,
5069,Attack Step 5,"May 9, 2025 @ 16:58:20.871",16,10.12.25.5,Windows11EWS,Security,4688,4,,,,,,,,,"\""C:\\WINDOWS\\system32\\devicecensus.exe\"" UserCxt",,3,67027,A process was created.,,,
5070,Attack Step 5,"May 9, 2025 @ 16:58:44.903",15,10.12.25.3,Windows11,Security,4624,888,,Negotiate,Advapi,,,,,,,,3,60106,Windows Logon Success,[T1078],"[Defense Evasion, Persistence, Privilege Escalation, Initial Access]",[Valid Accounts]
5071,Attack Step 5,"May 9, 2025 @ 16:58:44.954",15,10.12.25.3,Windows11,Security,4688,4,,,,,,,,,C:\\WINDOWS\\system32\\svchost.exe -k wsappx -p,,3,67027,A process was created.,,,
5072,Attack Step 5,"May 9, 2025 @ 16:58:48.809",15,10.12.25.3,Windows11,Security,4688,4,,,,,,,,,C:\\WINDOWS\\System32\\sdbinst.exe -m -bg,,3,67027,A process was created.,,,
