1584,Normal,"May 9, 2025 @ 13:21:06.365",15,10.12.25.3,Windows11,Microsoft-Windows-Sysmon/Operational,1,3008,,,,,,,NT AUTHORITY\\SYSTEM,net user guest,C:\\WINDOWS\\system32\\net1 user guest,,3,92039,A net.exe account discovery command was initiated,[T1087],[Discovery],[Account Discovery]
1585,Normal,"May 9, 2025 @ 13:21:06.894",15,10.12.25.3,Windows11,Security,4688,4,,,,,,,,,"C:\\WINDOWS\\system32\\wevtutil.exe install-manifest \""C:\\ProgramData\\Microsoft\\Windows Defender\\Platform\\4.18.25030.2-0\\Microsoft-Antimalware-Service.man\"" \""/resourceFilePath:C:\\ProgramData\\Microsoft\\Windows Defender\\Platform\\4.18.25030.2-0\\MpSvc.dll\"" \""/messageFilePath:C:\\ProgramData\\Microsoft\\Windows Defender\\Platform\\4.18.25030.2-0\\MpSvc.dll\"" \""/parameterFilePath:C:\\ProgramData\\Microsoft\\Windows Defender\\Platform\\4.18.25030.2-0\\MpSvc.dll\""",,3,67027,A process was created.,,,
1586,Normal,"May 9, 2025 @ 13:21:06.894",15,10.12.25.3,Windows11,Security,4688,4,,,,,,,,,\\??\\C:\\WINDOWS\\system32\\conhost.exe 0xffffffff -ForceV1,,3,67027,A process was created.,,,
1587,Normal,"May 9, 2025 @ 13:21:06.894",15,10.12.25.3,Windows11,Security,4688,4,,,,,,,,,C:\\WINDOWS\\system32\\net1 user guest,,3,67027,A process was created.,,,
1588,Normal,"May 9, 2025 @ 13:21:06.905",15,10.12.25.3,Windows11,Security,4688,4,,,,,,,,,reg query HKLM\\SOFTWARE\\Microsoft\\Windows\\CurrentVersion\\Policies\\system /v legalnoticetext,,3,67027,A process was created.,,,
1589,Normal,"May 9, 2025 @ 13:21:06.921",15,10.12.25.3,Windows11,Security,4688,4,,,,,,,,,\\??\\C:\\WINDOWS\\system32\\conhost.exe 0xffffffff -ForceV1,,3,67027,A process was created.,,,
1590,Normal,"May 9, 2025 @ 13:21:06.937",15,10.12.25.3,Windows11,Security,4688,4,,,,,,,,,"C:\\WINDOWS\\system32\\wevtutil.exe uninstall-manifest \""C:\\ProgramData\\Microsoft\\Windows Defender\\Platform\\4.18.25030.2-0\\Microsoft-Antimalware-NIS.man\""",,3,67027,A process was created.,,,
1591,Normal,"May 9, 2025 @ 13:21:06.953",15,10.12.25.3,Windows11,Security,4688,4,,,,,,,,,\\??\\C:\\WINDOWS\\system32\\conhost.exe 0xffffffff -ForceV1,,3,67027,A process was created.,,,
1592,Normal,"May 9, 2025 @ 13:21:09.370",15,10.12.25.3,Windows11,Security,4688,4,,,,,,,,,"C:\\WINDOWS\\system32\\wevtutil.exe install-manifest \""C:\\ProgramData\\Microsoft\\Windows Defender\\Platform\\4.18.25030.2-0\\Microsoft-Antimalware-NIS.man\"" \""/resourceFilePath:C:\\ProgramData\\Microsoft\\Windows Defender\\Platform\\4.18.25030.2-0\\NisSrv.exe\"" \""/messageFilePath:C:\\ProgramData\\Microsoft\\Windows Defender\\Platform\\4.18.25030.2-0\\NisSrv.exe\"" \""/parameterFilePath:C:\\ProgramData\\Microsoft\\Windows Defender\\Platform\\4.18.25030.2-0\\NisSrv.exe\""",,3,67027,A process was created.,,,
1593,Normal,"May 9, 2025 @ 13:21:09.409",15,10.12.25.3,Windows11,Security,4688,4,,,,,,,,,reg query HKLM\\SOFTWARE\\Microsoft\\Windows\\CurrentVersion\\Policies\\system /v legalnoticecaption,,3,67027,A process was created.,,,
1594,Normal,"May 9, 2025 @ 13:21:09.421",15,10.12.25.3,Windows11,Security,4688,4,,,,,,,,,\\??\\C:\\WINDOWS\\system32\\conhost.exe 0xffffffff -ForceV1,,3,67027,A process was created.,,,
1595,Normal,"May 9, 2025 @ 13:21:09.431",15,10.12.25.3,Windows11,Security,4688,4,,,,,,,,,\\??\\C:\\WINDOWS\\system32\\conhost.exe 0xffffffff -ForceV1,,3,67027,A process was created.,,,
1596,Normal,"May 9, 2025 @ 13:21:09.446",15,10.12.25.3,Windows11,Security,4688,4,,,,,,,,,"\""C:\\WINDOWS\\system32\\wermgr.exe\"" -upload",,3,67027,A process was created.,,,
1597,Normal,"May 9, 2025 @ 13:21:09.488",15,10.12.25.3,Windows11,Security,4688,4,,,,,,,,,"auditpol.exe /get /subcategory:\""Credential Validation\""",,3,67027,A process was created.,,,
1598,Normal,"May 9, 2025 @ 13:21:09.509",15,10.12.25.3,Windows11,Security,4688,4,,,,,,,,,"C:\\WINDOWS\\system32\\wevtutil.exe uninstall-manifest \""C:\\ProgramData\\Microsoft\\Windows Defender\\Platform\\4.18.25030.2-0\\Microsoft-Antimalware-RTP.man\""",,3,67027,A process was created.,,,
1599,Normal,"May 9, 2025 @ 13:21:09.527",15,10.12.25.3,Windows11,Security,4688,4,,,,,,,,,\\??\\C:\\WINDOWS\\system32\\conhost.exe 0xffffffff -ForceV1,,3,67027,A process was created.,,,
1600,Normal,"May 9, 2025 @ 13:21:09.544",15,10.12.25.3,Windows11,Security,4624,864,,Negotiate,Advapi,,,,,,,,3,60106,Windows Logon Success,[T1078],"[Defense Evasion, Persistence, Privilege Escalation, Initial Access]",[Valid Accounts]
1601,Normal,"May 9, 2025 @ 13:21:09.578",15,10.12.25.3,Windows11,Security,4688,4,,,,,,,,,C:\\WINDOWS\\System32\\svchost.exe -k LocalSystemNetworkRestricted -p,,3,67027,A process was created.,,,
1602,Normal,"May 9, 2025 @ 13:21:09.587",15,10.12.25.3,Windows11,Security,4688,4,,,,,,,,,"C:\\WINDOWS\\system32\\wevtutil.exe install-manifest \""C:\\ProgramData\\Microsoft\\Windows Defender\\Platform\\4.18.25030.2-0\\Microsoft-Antimalware-RTP.man\"" \""/resourceFilePath:C:\\ProgramData\\Microsoft\\Windows Defender\\Platform\\4.18.25030.2-0\\MpRtp.dll\"" \""/messageFilePath:C:\\ProgramData\\Microsoft\\Windows Defender\\Platform\\4.18.25030.2-0\\MpRtp.dll\"" \""/parameterFilePath:C:\\ProgramData\\Microsoft\\Windows Defender\\Platform\\4.18.25030.2-0\\MpRtp.dll\""",,3,67027,A process was created.,,,
1603,Normal,"May 9, 2025 @ 13:21:09.598",15,10.12.25.3,Windows11,Security,4688,4,,,,,,,,,\\??\\C:\\WINDOWS\\system32\\conhost.exe 0xffffffff -ForceV1,,3,67027,A process was created.,,,
1604,Normal,"May 9, 2025 @ 13:21:10.457",15,10.12.25.3,Windows11,Security,4688,4,,,,,,,,,AggregatorHost.exe,,3,67027,A process was created.,,,
1605,Normal,"May 9, 2025 @ 13:21:10.463",15,10.12.25.3,Windows11,Security,4688,4,,,,,,,,,"C:\\WINDOWS\\system32\\wevtutil.exe uninstall-manifest \""C:\\ProgramData\\Microsoft\\Windows Defender\\Platform\\4.18.25030.2-0\\Microsoft-Antimalware-Protection.man\""",,3,67027,A process was created.,,,
1606,Normal,"May 9, 2025 @ 13:21:10.469",15,10.12.25.3,Windows11,Security,4688,4,,,,,,,,,\\??\\C:\\WINDOWS\\system32\\conhost.exe 0xffffffff -ForceV1,,3,67027,A process was created.,,,
1607,Normal,"May 9, 2025 @ 13:21:10.481",15,10.12.25.3,Windows11,Security,4688,4,,,,,,,,,\\??\\C:\\WINDOWS\\system32\\conhost.exe 0xffffffff -ForceV1,,3,67027,A process was created.,,,
1608,Normal,"May 9, 2025 @ 13:21:10.491",15,10.12.25.3,Windows11,Security,4688,4,,,,,,,,,"C:\\WINDOWS\\system32\\wevtutil.exe install-manifest \""C:\\ProgramData\\Microsoft\\Windows Defender\\Platform\\4.18.25030.2-0\\Microsoft-Antimalware-Protection.man\"" \""/resourceFilePath:C:\\ProgramData\\Microsoft\\Windows Defender\\Platform\\4.18.25030.2-0\\MpClient.dll\"" \""/messageFilePath:C:\\ProgramData\\Microsoft\\Windows Defender\\Platform\\4.18.25030.2-0\\MpClient.dll\"" \""/parameterFilePath:C:\\ProgramData\\Microsoft\\Windows Defender\\Platform\\4.18.25030.2-0\\MpClient.dll\""",,3,67027,A process was created.,,,
1609,Normal,"May 9, 2025 @ 13:21:10.497",15,10.12.25.3,Windows11,Security,4688,4,,,,,,,,,\\??\\C:\\WINDOWS\\system32\\conhost.exe 0xffffffff -ForceV1,,3,67027,A process was created.,,,
1610,Normal,"May 9, 2025 @ 13:21:11.464",15,10.12.25.3,Windows11,Microsoft-Windows-Windows Defender/Operational,5007,3120,,,,,,,,,,,5,62154,Windows Defender: Antimalware platform feature configuration changed,,,
1611,Normal,"May 9, 2025 @ 13:21:11.466",15,10.12.25.3,Windows11,Microsoft-Windows-Windows Defender/Operational,5007,3120,,,,,,,,,,,5,62154,Windows Defender: Antimalware platform feature configuration changed,,,
1612,Normal,"May 9, 2025 @ 13:21:11.768",15,10.12.25.3,Windows11,Security,4688,4,,,,,,,,,"auditpol.exe /get /subcategory:\""Application Group Management\""",,3,67027,A process was created.,,,
1613,Normal,"May 9, 2025 @ 13:21:11.775",15,10.12.25.3,Windows11,Security,4688,4,,,,,,,,,\\??\\C:\\WINDOWS\\system32\\conhost.exe 0xffffffff -ForceV1,,3,67027,A process was created.,,,
1614,Normal,"May 9, 2025 @ 13:21:11.775",15,10.12.25.3,Windows11,Security,4688,4,,,,,,,,,"auditpol.exe /get /subcategory:\""Security Group Management\""",,3,67027,A process was created.,,,
1615,Normal,"May 9, 2025 @ 13:21:11.779",15,10.12.25.3,Windows11,Security,4688,4,,,,,,,,,\\??\\C:\\WINDOWS\\system32\\conhost.exe 0xffffffff -ForceV1,,3,67027,A process was created.,,,
1616,Normal,"May 9, 2025 @ 13:21:11.786",15,10.12.25.3,Windows11,Security,4688,4,,,,,,,,,"auditpol.exe /get /subcategory:\""User Account Management\""",,3,67027,A process was created.,,,
1617,Normal,"May 9, 2025 @ 13:21:11.787",15,10.12.25.3,Windows11,Security,4688,4,,,,,,,,,\\??\\C:\\WINDOWS\\system32\\conhost.exe 0xffffffff -ForceV1,,3,67027,A process was created.,,,
1618,Normal,"May 9, 2025 @ 13:21:11.792",15,10.12.25.3,Windows11,Security,4688,4,,,,,,,,,"auditpol.exe /get /subcategory:\""Plug and Play Events\""",,3,67027,A process was created.,,,
1619,Normal,"May 9, 2025 @ 13:21:11.801",15,10.12.25.3,Windows11,Security,4688,4,,,,,,,,,\\??\\C:\\WINDOWS\\system32\\conhost.exe 0xffffffff -ForceV1,,3,67027,A process was created.,,,
1620,Normal,"May 9, 2025 @ 13:21:11.802",15,10.12.25.3,Windows11,Security,4688,4,,,,,,,,,"auditpol.exe /get /subcategory:\""Process Creation\""",,3,67027,A process was created.,,,
1621,Normal,"May 9, 2025 @ 13:21:11.805",15,10.12.25.3,Windows11,Security,4688,4,,,,,,,,,\\??\\C:\\WINDOWS\\system32\\conhost.exe 0xffffffff -ForceV1,,3,67027,A process was created.,,,
1622,Normal,"May 9, 2025 @ 13:21:11.831",15,10.12.25.3,Windows11,Security,4688,4,,,,,,,,,"auditpol.exe /get /subcategory:\""Account Lockout\""",,3,67027,A process was created.,,,
1623,Normal,"May 9, 2025 @ 13:21:11.831",15,10.12.25.3,Windows11,Security,4688,4,,,,,,,,,\\??\\C:\\WINDOWS\\system32\\conhost.exe 0xffffffff -ForceV1,,3,67027,A process was created.,,,
1624,Normal,"May 9, 2025 @ 13:21:11.832",15,10.12.25.3,Windows11,Security,4688,4,,,,,,,,,"auditpol.exe /get /subcategory:\""Group Membership\""",,3,67027,A process was created.,,,
1625,Normal,"May 9, 2025 @ 13:21:11.843",15,10.12.25.3,Windows11,Security,4688,4,,,,,,,,,\\??\\C:\\WINDOWS\\system32\\conhost.exe 0xffffffff -ForceV1,,3,67027,A process was created.,,,
1626,Normal,"May 9, 2025 @ 13:21:11.845",15,10.12.25.3,Windows11,Security,4688,4,,,,,,,,,"auditpol.exe /get /subcategory:\""Logoff\""",,3,67027,A process was created.,,,
1627,Normal,"May 9, 2025 @ 13:21:11.847",15,10.12.25.3,Windows11,Security,4688,4,,,,,,,,,\\??\\C:\\WINDOWS\\system32\\conhost.exe 0xffffffff -ForceV1,,3,67027,A process was created.,,,
1628,Normal,"May 9, 2025 @ 13:21:11.864",15,10.12.25.3,Windows11,Security,4688,4,,,,,,,,,"auditpol.exe /get /subcategory:\""Logon\""",,3,67027,A process was created.,,,
1629,Normal,"May 9, 2025 @ 13:21:11.865",15,10.12.25.3,Windows11,Security,4688,4,,,,,,,,,\\??\\C:\\WINDOWS\\system32\\conhost.exe 0xffffffff -ForceV1,,3,67027,A process was created.,,,
1630,Normal,"May 9, 2025 @ 13:21:12.890",15,10.12.25.3,Windows11,Security,4688,4,,,,,,,,,"auditpol.exe /get /subcategory:\""Other Logon/Logoff Events\""",,3,67027,A process was created.,,,
1631,Normal,"May 9, 2025 @ 13:21:12.893",15,10.12.25.3,Windows11,Security,4688,4,,,,,,,,,\\??\\C:\\WINDOWS\\system32\\conhost.exe 0xffffffff -ForceV1,,3,67027,A process was created.,,,
1632,Normal,"May 9, 2025 @ 13:21:12.895",15,10.12.25.3,Windows11,Security,4688,4,,,,,,,,,"auditpol.exe /get /subcategory:\""Special Logon\""",,3,67027,A process was created.,,,
1633,Normal,"May 9, 2025 @ 13:21:12.897",15,10.12.25.3,Windows11,Security,4688,4,,,,,,,,,\\??\\C:\\WINDOWS\\system32\\conhost.exe 0xffffffff -ForceV1,,3,67027,A process was created.,,,
1634,Normal,"May 9, 2025 @ 13:21:12.899",15,10.12.25.3,Windows11,Security,4688,4,,,,,,,,,"auditpol.exe /get /subcategory:\""Detailed File Share\""",,3,67027,A process was created.,,,
1635,Normal,"May 9, 2025 @ 13:21:12.902",15,10.12.25.3,Windows11,Security,4688,4,,,,,,,,,\\??\\C:\\WINDOWS\\system32\\conhost.exe 0xffffffff -ForceV1,,3,67027,A process was created.,,,
1636,Normal,"May 9, 2025 @ 13:21:12.917",15,10.12.25.3,Windows11,Security,4688,4,,,,,,,,,"auditpol.exe /get /subcategory:\""File Share\""",,3,67027,A process was created.,,,
1637,Normal,"May 9, 2025 @ 13:21:12.933",15,10.12.25.3,Windows11,Security,4688,4,,,,,,,,,\\??\\C:\\WINDOWS\\system32\\conhost.exe 0xffffffff -ForceV1,,3,67027,A process was created.,,,
1638,Normal,"May 9, 2025 @ 13:21:12.948",15,10.12.25.3,Windows11,Security,4688,4,,,,,,,,,"auditpol.exe /get /subcategory:\""Other Object Access Events\""",,3,67027,A process was created.,,,
1639,Normal,"May 9, 2025 @ 13:21:12.964",15,10.12.25.3,Windows11,Security,4688,4,,,,,,,,,\\??\\C:\\WINDOWS\\system32\\conhost.exe 0xffffffff -ForceV1,,3,67027,A process was created.,,,
1640,Normal,"May 9, 2025 @ 13:21:12.980",15,10.12.25.3,Windows11,Security,4688,4,,,,,,,,,"auditpol.exe /get /subcategory:\""Removable Storage\""",,3,67027,A process was created.,,,
1641,Normal,"May 9, 2025 @ 13:21:12.996",15,10.12.25.3,Windows11,Security,4688,4,,,,,,,,,\\??\\C:\\WINDOWS\\system32\\conhost.exe 0xffffffff -ForceV1,,3,67027,A process was created.,,,
1642,Normal,"May 9, 2025 @ 13:21:13.015",15,10.12.25.3,Windows11,Security,4688,4,,,,,,,,,"auditpol.exe /get /subcategory:\""Audit Policy Change\""",,3,67027,A process was created.,,,
1643,Normal,"May 9, 2025 @ 13:21:13.036",15,10.12.25.3,Windows11,Security,4688,4,,,,,,,,,\\??\\C:\\WINDOWS\\system32\\conhost.exe 0xffffffff -ForceV1,,3,67027,A process was created.,,,
1644,Normal,"May 9, 2025 @ 13:21:13.045",15,10.12.25.3,Windows11,Security,4688,4,,,,,,,,,"auditpol.exe /get /subcategory:\""Authentication Policy Change\""",,3,67027,A process was created.,,,
1645,Normal,"May 9, 2025 @ 13:21:13.061",15,10.12.25.3,Windows11,Security,4688,4,,,,,,,,,\\??\\C:\\WINDOWS\\system32\\conhost.exe 0xffffffff -ForceV1,,3,67027,A process was created.,,,
1646,Normal,"May 9, 2025 @ 13:21:13.076",15,10.12.25.3,Windows11,Security,4688,4,,,,,,,,,"auditpol.exe /get /subcategory:\""Authorization Policy Change\""",,3,67027,A process was created.,,,
1647,Normal,"May 9, 2025 @ 13:21:13.093",15,10.12.25.3,Windows11,Security,4688,4,,,,,,,,,\\??\\C:\\WINDOWS\\system32\\conhost.exe 0xffffffff -ForceV1,,3,67027,A process was created.,,,
1648,Normal,"May 9, 2025 @ 13:21:13.108",15,10.12.25.3,Windows11,Security,4688,4,,,,,,,,,"auditpol.exe /get /subcategory:\""MPSSVC Rule-Level Policy Change\""",,3,67027,A process was created.,,,
1649,Normal,"May 9, 2025 @ 13:21:13.124",15,10.12.25.3,Windows11,Security,4688,4,,,,,,,,,\\??\\C:\\WINDOWS\\system32\\conhost.exe 0xffffffff -ForceV1,,3,67027,A process was created.,,,
1650,Normal,"May 9, 2025 @ 13:21:13.144",15,10.12.25.3,Windows11,Security,4688,4,,,,,,,,,"auditpol.exe /get /subcategory:\""Other Policy Change Events\""",,3,67027,A process was created.,,,
1651,Normal,"May 9, 2025 @ 13:21:13.145",15,10.12.25.3,Windows11,Security,4688,4,,,,,,,,,\\??\\C:\\WINDOWS\\system32\\conhost.exe 0xffffffff -ForceV1,,3,67027,A process was created.,,,
1652,Normal,"May 9, 2025 @ 13:21:13.157",15,10.12.25.3,Windows11,Security,4688,4,,,,,,,,,"auditpol.exe /get /subcategory:\""Sensitive Privilege Use\""",,3,67027,A process was created.,,,
1653,Normal,"May 9, 2025 @ 13:21:13.173",15,10.12.25.3,Windows11,Security,4688,4,,,,,,,,,\\??\\C:\\WINDOWS\\system32\\conhost.exe 0xffffffff -ForceV1,,3,67027,A process was created.,,,
1654,Normal,"May 9, 2025 @ 13:21:13.189",15,10.12.25.3,Windows11,Security,4688,4,,,,,,,,,"auditpol.exe /get /subcategory:\""IPsec Driver\""",,3,67027,A process was created.,,,
1655,Normal,"May 9, 2025 @ 13:21:13.205",15,10.12.25.3,Windows11,Security,4688,4,,,,,,,,,\\??\\C:\\WINDOWS\\system32\\conhost.exe 0xffffffff -ForceV1,,3,67027,A process was created.,,,
1656,Normal,"May 9, 2025 @ 13:21:13.221",15,10.12.25.3,Windows11,Security,4688,4,,,,,,,,,"auditpol.exe /get /subcategory:\""Other System Events\""",,3,67027,A process was created.,,,
1657,Normal,"May 9, 2025 @ 13:21:13.237",15,10.12.25.3,Windows11,Security,4688,4,,,,,,,,,\\??\\C:\\WINDOWS\\system32\\conhost.exe 0xffffffff -ForceV1,,3,67027,A process was created.,,,
1658,Normal,"May 9, 2025 @ 13:21:13.252",15,10.12.25.3,Windows11,Security,4688,4,,,,,,,,,"auditpol.exe /get /subcategory:\""Security State Change\""",,3,67027,A process was created.,,,
1659,Normal,"May 9, 2025 @ 13:21:13.268",15,10.12.25.3,Windows11,Security,4688,4,,,,,,,,,\\??\\C:\\WINDOWS\\system32\\conhost.exe 0xffffffff -ForceV1,,3,67027,A process was created.,,,
1660,Normal,"May 9, 2025 @ 13:21:13.284",15,10.12.25.3,Windows11,Security,4688,4,,,,,,,,,"auditpol.exe /get /subcategory:\""Security System Extension\""",,3,67027,A process was created.,,,
1661,Normal,"May 9, 2025 @ 13:21:13.298",15,10.12.25.3,Windows11,Security,4688,4,,,,,,,,,\\??\\C:\\WINDOWS\\system32\\conhost.exe 0xffffffff -ForceV1,,3,67027,A process was created.,,,
1662,Normal,"May 9, 2025 @ 13:21:13.314",15,10.12.25.3,Windows11,Security,4688,4,,,,,,,,,"auditpol.exe /get /subcategory:\""System Integrity\""",,3,67027,A process was created.,,,
1663,Normal,"May 9, 2025 @ 13:21:13.329",15,10.12.25.3,Windows11,Security,4688,4,,,,,,,,,\\??\\C:\\WINDOWS\\system32\\conhost.exe 0xffffffff -ForceV1,,3,67027,A process was created.,,,
1664,Normal,"May 9, 2025 @ 13:21:19.537",15,10.12.25.3,Windows11,Security,4688,4,,,,,,,,,"\""C:\\ProgramData\\Microsoft\\Windows Defender\\Platform\\4.18.25030.2-0\\NisSrv.exe\""",,3,67027,A process was created.,,,
1665,Normal,"May 9, 2025 @ 13:21:19.967",15,10.12.25.3,Windows11,Microsoft-Windows-Windows Defender/Operational,5007,3120,,,,,,,,,,,5,62154,Windows Defender: Antimalware platform feature configuration changed,,,
1666,Normal,"May 9, 2025 @ 13:21:20.007",15,10.12.25.3,Windows11,Microsoft-Windows-Windows Defender/Operational,5007,3120,,,,,,,,,,,5,62154,Windows Defender: Antimalware platform feature configuration changed,,,
1667,Normal,"May 9, 2025 @ 13:21:22.133",15,10.12.25.3,Windows11,Application,86,1960,,,,,,,,,,,9,60602,Windows application error event.,,,
1668,Normal,"May 9, 2025 @ 13:21:22.150",15,10.12.25.3,Windows11,Application,86,1960,,,,,,,,,,,9,60602,Windows application error event.,,,
1669,Normal,"May 9, 2025 @ 13:21:22.583",15,10.12.25.3,Windows11,Application,86,1960,,,,,,,,,,,9,60602,Windows application error event.,,,
1670,Normal,"May 9, 2025 @ 13:21:33.007",15,10.12.25.3,Windows11,Security,4624,864,,Negotiate,User32,127.0.0.1,,,,,,,3,60118,Windows Workstation Logon Success,[T1078],"[Defense Evasion, Persistence, Privilege Escalation, Initial Access]",[Valid Accounts]
1671,Normal,"May 9, 2025 @ 13:21:33.007",15,10.12.25.3,Windows11,Security,4624,864,,Negotiate,User32,127.0.0.1,,,,,,,3,60118,Windows Workstation Logon Success,[T1078],"[Defense Evasion, Persistence, Privilege Escalation, Initial Access]",[Valid Accounts]
1672,Normal,"May 9, 2025 @ 13:21:33.020",15,10.12.25.3,Windows11,Security,4672,864,,,,,,,,,,,3,67028,Special privileges assigned to new logon.,[T1484],"[Defense Evasion, Privilege Escalation]",[Domain Policy Modification]
1673,Normal,"May 9, 2025 @ 13:21:33.052",15,10.12.25.3,Windows11,Security,4688,4,,,,,,,,,C:\\WINDOWS\\system32\\svchost.exe -k WebThreatDefense -p,,3,67027,A process was created.,,,
1674,Normal,"May 9, 2025 @ 13:21:33.071",15,10.12.25.3,Windows11,Security,4673,4,,,,,,,,,,,4,60107,Failed attempt to perform a privileged operation,[T1078],"[Defense Evasion, Persistence, Privilege Escalation, Initial Access]",[Valid Accounts]
1675,Normal,"May 9, 2025 @ 13:21:33.136",15,10.12.25.3,Windows11,Microsoft-Windows-Sysmon/Operational,13,3008,,,,,,,NT AUTHORITY\\SYSTEM,,,,3,92307,Evidence of new service creation found in registry under HKLM\\System\\CurrentControlSet\\Services\\AarSvc_b2973\\ImagePath binary is: C:\\WINDOWS\\system32\\svchost.exe -k AarSvcGroup -p,[T1543.003],"[Persistence, Privilege Escalation]",[Windows Service]
1676,Normal,"May 9, 2025 @ 13:21:34.057",15,10.12.25.3,Windows11,Security,4674,4,,,,,,,,,,,5,60104,Windows audit failure event,,,
1677,Normal,"May 9, 2025 @ 13:21:34.069",15,10.12.25.3,Windows11,Security,4688,4,,,,,,,,,sihost.exe,,3,67027,A process was created.,,,
1678,Normal,"May 9, 2025 @ 13:21:34.095",15,10.12.25.3,Windows11,Security,4688,4,,,,,,,,,C:\\WINDOWS\\system32\\svchost.exe -k UnistackSvcGroup,,3,67027,A process was created.,,,
1679,Normal,"May 9, 2025 @ 13:21:34.111",15,10.12.25.3,Windows11,Security,4688,4,,,,,,,,,C:\\WINDOWS\\system32\\svchost.exe -k LocalSystemNetworkRestricted -p,,3,67027,A process was created.,,,
1680,Normal,"May 9, 2025 @ 13:21:34.134",15,10.12.25.3,Windows11,Microsoft-Windows-Sysmon/Operational,13,3008,,,,,,,NT AUTHORITY\\SYSTEM,,,,3,92307,Evidence of new service creation found in registry under HKLM\\System\\CurrentControlSet\\Services\\BcastDVRUserService_b2973\\ImagePath binary is: C:\\WINDOWS\\system32\\svchost.exe -k BcastDVRUserService,[T1543.003],"[Persistence, Privilege Escalation]",[Windows Service]
1681,Normal,"May 9, 2025 @ 13:21:34.138",15,10.12.25.3,Windows11,Security,4688,4,,,,,,,,,taskhostw.exe {222A245B-E637-4AE9-A93F-A59CA119A75E},,3,67027,A process was created.,,,
1682,Normal,"May 9, 2025 @ 13:21:34.162",15,10.12.25.3,Windows11,Security,4688,4,,,,,,,,,"\""C:\\Program Files (x86)\\Microsoft\\EdgeUpdate\\MicrosoftEdgeUpdate.exe\"" /c",,3,67027,A process was created.,,,
1683,Normal,"May 9, 2025 @ 13:21:34.167",15,10.12.25.3,Windows11,Microsoft-Windows-Sysmon/Operational,13,3008,,,,,,,NT AUTHORITY\\SYSTEM,,,,3,92307,Evidence of new service creation found in registry under HKLM\\System\\CurrentControlSet\\Services\\BluetoothUserService_b2973\\ImagePath binary is: C:\\WINDOWS\\system32\\svchost.exe -k BthAppGroup -p,[T1543.003],"[Persistence, Privilege Escalation]",[Windows Service]
1684,Normal,"May 9, 2025 @ 13:21:34.171",15,10.12.25.3,Windows11,Security,4688,4,,,,,,,,,taskhostw.exe,,3,67027,A process was created.,,,
1685,Normal,"May 9, 2025 @ 13:21:34.179",15,10.12.25.3,Windows11,Microsoft-Windows-Sysmon/Operational,13,3008,,,,,,,NT AUTHORITY\\SYSTEM,,,,3,92307,Evidence of new service creation found in registry under HKLM\\System\\CurrentControlSet\\Services\\CaptureService_b2973\\ImagePath binary is: C:\\WINDOWS\\system32\\svchost.exe -k LocalService -p,[T1543.003],"[Persistence, Privilege Escalation]",[Windows Service]
1686,Normal,"May 9, 2025 @ 13:21:34.183",15,10.12.25.3,Windows11,Security,4688,4,,,,,,,,,taskhostw.exe,,3,67027,A process was created.,,,
1687,Normal,"May 9, 2025 @ 13:21:34.196",15,10.12.25.3,Windows11,Microsoft-Windows-Sysmon/Operational,13,3008,,,,,,,NT AUTHORITY\\SYSTEM,,,,3,92307,Evidence of new service creation found in registry under HKLM\\System\\CurrentControlSet\\Services\\cbdhsvc_b2973\\ImagePath binary is: C:\\WINDOWS\\system32\\svchost.exe -k ClipboardSvcGroup -p,[T1543.003],"[Persistence, Privilege Escalation]",[Windows Service]
1688,Normal,"May 9, 2025 @ 13:21:34.208",15,10.12.25.3,Windows11,Microsoft-Windows-Sysmon/Operational,13,3008,,,,,,,NT AUTHORITY\\SYSTEM,,,,3,92307,Evidence of new service creation found in registry under HKLM\\System\\CurrentControlSet\\Services\\CDPUserSvc_b2973\\ImagePath binary is: C:\\WINDOWS\\system32\\svchost.exe -k UnistackSvcGroup,[T1543.003],"[Persistence, Privilege Escalation]",[Windows Service]
1689,Normal,"May 9, 2025 @ 13:21:34.233",15,10.12.25.3,Windows11,Microsoft-Windows-Sysmon/Operational,13,3008,,,,,,,NT AUTHORITY\\SYSTEM,,,,3,92307,Evidence of new service creation found in registry under HKLM\\System\\CurrentControlSet\\Services\\CloudBackupRestoreSvc_b2973\\ImagePath binary is: C:\\WINDOWS\\system32\\svchost.exe -k UnistackSvcGroup,[T1543.003],"[Persistence, Privilege Escalation]",[Windows Service]
1690,Normal,"May 9, 2025 @ 13:21:34.242",15,10.12.25.3,Windows11,Microsoft-Windows-Sysmon/Operational,13,3008,,,,,,,NT AUTHORITY\\SYSTEM,,,,3,92307,Evidence of new service creation found in registry under HKLM\\System\\CurrentControlSet\\Services\\ConsentUxUserSvc_b2973\\ImagePath binary is: C:\\WINDOWS\\system32\\svchost.exe -k DevicesFlow,[T1543.003],"[Persistence, Privilege Escalation]",[Windows Service]
1691,Normal,"May 9, 2025 @ 13:21:34.247",15,10.12.25.3,Windows11,Microsoft-Windows-Sysmon/Operational,13,3008,,,,,,,NT AUTHORITY\\SYSTEM,,,,3,92307,Evidence of new service creation found in registry under HKLM\\System\\CurrentControlSet\\Services\\CredentialEnrollmentManagerUserSvc_b2973\\ImagePath binary is: C:\\WINDOWS\\system32\\CredentialEnrollmentManager.exe,[T1543.003],"[Persistence, Privilege Escalation]",[Windows Service]
1692,Normal,"May 9, 2025 @ 13:21:34.279",15,10.12.25.3,Windows11,Microsoft-Windows-Sysmon/Operational,13,3008,,,,,,,NT AUTHORITY\\SYSTEM,,,,3,92307,Evidence of new service creation found in registry under HKLM\\System\\CurrentControlSet\\Services\\DeviceAssociationBrokerSvc_b2973\\ImagePath binary is: C:\\WINDOWS\\system32\\svchost.exe -k DevicesFlow -p,[T1543.003],"[Persistence, Privilege Escalation]",[Windows Service]
1693,Normal,"May 9, 2025 @ 13:21:34.309",15,10.12.25.3,Windows11,Microsoft-Windows-Sysmon/Operational,13,3008,,,,,,,NT AUTHORITY\\SYSTEM,,,,3,92307,Evidence of new service creation found in registry under HKLM\\System\\CurrentControlSet\\Services\\DevicePickerUserSvc_b2973\\ImagePath binary is: C:\\WINDOWS\\system32\\svchost.exe -k DevicesFlow,[T1543.003],"[Persistence, Privilege Escalation]",[Windows Service]
1694,Normal,"May 9, 2025 @ 13:21:34.360",15,10.12.25.3,Windows11,Microsoft-Windows-Sysmon/Operational,13,3008,,,,,,,NT AUTHORITY\\SYSTEM,,,,3,92307,Evidence of new service creation found in registry under HKLM\\System\\CurrentControlSet\\Services\\DevicesFlowUserSvc_b2973\\ImagePath binary is: C:\\WINDOWS\\system32\\svchost.exe -k DevicesFlow,[T1543.003],"[Persistence, Privilege Escalation]",[Windows Service]
1695,Normal,"May 9, 2025 @ 13:21:34.433",15,10.12.25.3,Windows11,Microsoft-Windows-Sysmon/Operational,13,3008,,,,,,,NT AUTHORITY\\SYSTEM,,,,3,92307,Evidence of new service creation found in registry under HKLM\\System\\CurrentControlSet\\Services\\MessagingService_b2973\\ImagePath binary is: C:\\WINDOWS\\system32\\svchost.exe -k UnistackSvcGroup,[T1543.003],"[Persistence, Privilege Escalation]",[Windows Service]
1696,Normal,"May 9, 2025 @ 13:21:34.461",15,10.12.25.3,Windows11,Microsoft-Windows-Sysmon/Operational,13,3008,,,,,,,NT AUTHORITY\\SYSTEM,,,,3,92307,Evidence of new service creation found in registry under HKLM\\System\\CurrentControlSet\\Services\\NPSMSvc_b2973\\ImagePath binary is: C:\\WINDOWS\\system32\\svchost.exe -k LocalService -p,[T1543.003],"[Persistence, Privilege Escalation]",[Windows Service]
1697,Normal,"May 9, 2025 @ 13:21:34.543",15,10.12.25.3,Windows11,Microsoft-Windows-Sysmon/Operational,13,3008,,,,,,,NT AUTHORITY\\SYSTEM,,,,3,92307,Evidence of new service creation found in registry under HKLM\\System\\CurrentControlSet\\Services\\OneSyncSvc_b2973\\ImagePath binary is: C:\\WINDOWS\\system32\\svchost.exe -k UnistackSvcGroup,[T1543.003],"[Persistence, Privilege Escalation]",[Windows Service]
1698,Normal,"May 9, 2025 @ 13:21:34.591",15,10.12.25.3,Windows11,Microsoft-Windows-Sysmon/Operational,13,3008,,,,,,,NT AUTHORITY\\SYSTEM,,,,3,92307,Evidence of new service creation found in registry under HKLM\\System\\CurrentControlSet\\Services\\P9RdrService_b2973\\ImagePath binary is: C:\\WINDOWS\\system32\\svchost.exe -k P9RdrService -p,[T1543.003],"[Persistence, Privilege Escalation]",[Windows Service]
1699,Normal,"May 9, 2025 @ 13:21:34.637",15,10.12.25.3,Windows11,Microsoft-Windows-Sysmon/Operational,13,3008,,,,,,,NT AUTHORITY\\SYSTEM,,,,3,92307,Evidence of new service creation found in registry under HKLM\\System\\CurrentControlSet\\Services\\PenService_b2973\\ImagePath binary is: C:\\WINDOWS\\system32\\svchost.exe -k PenService,[T1543.003],"[Persistence, Privilege Escalation]",[Windows Service]
1700,Normal,"May 9, 2025 @ 13:21:34.690",15,10.12.25.3,Windows11,Microsoft-Windows-Sysmon/Operational,13,3008,,,,,,,NT AUTHORITY\\SYSTEM,,,,3,92307,Evidence of new service creation found in registry under HKLM\\System\\CurrentControlSet\\Services\\PimIndexMaintenanceSvc_b2973\\ImagePath binary is: C:\\WINDOWS\\system32\\svchost.exe -k UnistackSvcGroup,[T1543.003],"[Persistence, Privilege Escalation]",[Windows Service]
1701,Normal,"May 9, 2025 @ 13:21:34.733",15,10.12.25.3,Windows11,Microsoft-Windows-Sysmon/Operational,13,3008,,,,,,,NT AUTHORITY\\SYSTEM,,,,3,92307,Evidence of new service creation found in registry under HKLM\\System\\CurrentControlSet\\Services\\PrintWorkflowUserSvc_b2973\\ImagePath binary is: C:\\WINDOWS\\system32\\svchost.exe -k PrintWorkflow,[T1543.003],"[Persistence, Privilege Escalation]",[Windows Service]
1702,Normal,"May 9, 2025 @ 13:21:34.753",15,10.12.25.3,Windows11,Microsoft-Windows-Sysmon/Operational,13,3008,,,,,,,NT AUTHORITY\\SYSTEM,,,,3,92307,Evidence of new service creation found in registry under HKLM\\System\\CurrentControlSet\\Services\\UdkUserSvc_b2973\\ImagePath binary is: C:\\WINDOWS\\system32\\svchost.exe -k UdkSvcGroup,[T1543.003],"[Persistence, Privilege Escalation]",[Windows Service]
1703,Normal,"May 9, 2025 @ 13:21:34.783",15,10.12.25.3,Windows11,Microsoft-Windows-Sysmon/Operational,13,3008,,,,,,,NT AUTHORITY\\SYSTEM,,,,3,92307,Evidence of new service creation found in registry under HKLM\\System\\CurrentControlSet\\Services\\UnistoreSvc_b2973\\ImagePath binary is: C:\\WINDOWS\\System32\\svchost.exe -k UnistackSvcGroup,[T1543.003],"[Persistence, Privilege Escalation]",[Windows Service]
1704,Normal,"May 9, 2025 @ 13:21:34.932",15,10.12.25.3,Windows11,Microsoft-Windows-Sysmon/Operational,13,3008,,,,,,,NT AUTHORITY\\SYSTEM,,,,3,92307,Evidence of new service creation found in registry under HKLM\\System\\CurrentControlSet\\Services\\UserDataSvc_b2973\\ImagePath binary is: C:\\WINDOWS\\system32\\svchost.exe -k UnistackSvcGroup,[T1543.003],"[Persistence, Privilege Escalation]",[Windows Service]
1705,Normal,"May 9, 2025 @ 13:21:34.979",15,10.12.25.3,Windows11,Microsoft-Windows-Sysmon/Operational,13,3008,,,,,,,NT AUTHORITY\\SYSTEM,,,,3,92307,Evidence of new service creation found in registry under HKLM\\System\\CurrentControlSet\\Services\\webthreatdefusersvc_b2973\\ImagePath binary is: C:\\WINDOWS\\system32\\svchost.exe -k LocalSystemNetworkRestricted -p,[T1543.003],"[Persistence, Privilege Escalation]",[Windows Service]
1706,Normal,"May 9, 2025 @ 13:21:35.001",15,10.12.25.3,Windows11,Microsoft-Windows-Sysmon/Operational,13,3008,,,,,,,NT AUTHORITY\\SYSTEM,,,,3,92307,Evidence of new service creation found in registry under HKLM\\System\\CurrentControlSet\\Services\\WpnUserService_b2973\\ImagePath binary is: C:\\WINDOWS\\system32\\svchost.exe -k UnistackSvcGroup,[T1543.003],"[Persistence, Privilege Escalation]",[Windows Service]
1707,Normal,"May 9, 2025 @ 13:21:35.295",15,10.12.25.3,Windows11,Security,4688,4,,,,,,,,,C:\\WINDOWS\\system32\\userinit.exe,,3,67027,A process was created.,,,
1708,Normal,"May 9, 2025 @ 13:21:35.333",15,10.12.25.3,Windows11,Security,4688,4,,,,,,,,,C:\\WINDOWS\\Explorer.EXE,,3,67027,A process was created.,,,
1709,Normal,"May 9, 2025 @ 13:21:35.357",15,10.12.25.3,Windows11,Security,4688,4,,,,,,,,,"\""C:\\Windows\\System32\\ShellHost.exe\""",,3,67027,A process was created.,,,
1710,Normal,"May 9, 2025 @ 13:21:35.367",15,10.12.25.3,Windows11,Security,4624,864,,Negotiate,Advapi,,,,,,,,3,60106,Windows Logon Success,[T1078],"[Defense Evasion, Persistence, Privilege Escalation, Initial Access]",[Valid Accounts]
1711,Normal,"May 9, 2025 @ 13:21:35.435",15,10.12.25.3,Windows11,Security,4688,4,,,,,,,,,C:\\WINDOWS\\system32\\svchost.exe -k osprivacy -p,,3,67027,A process was created.,,,
1712,Normal,"May 9, 2025 @ 13:21:35.469",15,10.12.25.3,Windows11,Security,4624,864,,Negotiate,Advapi,,,,,,,,3,60106,Windows Logon Success,[T1078],"[Defense Evasion, Persistence, Privilege Escalation, Initial Access]",[Valid Accounts]
1713,Normal,"May 9, 2025 @ 13:21:35.529",15,10.12.25.3,Windows11,Security,4688,4,,,,,,,,,C:\\WINDOWS\\System32\\svchost.exe -k AppReadiness -p,,3,67027,A process was created.,,,
1714,Normal,"May 9, 2025 @ 13:21:37.004",15,10.12.25.3,Windows11,Security,4688,4,,,,,,,,,"C:\\WINDOWS\\system32\\rundll32.exe C:\\WINDOWS\\system32\\AppXDeploymentExtensions.OneCore.dll,ShellRefresh",,3,67027,A process was created.,,,
1715,Normal,"May 9, 2025 @ 13:21:38.518",15,10.12.25.3,Windows11,Security,4688,4,,,,,,,,,"\""C:\\Program Files (x86)\\Microsoft\\EdgeUpdate\\MicrosoftEdgeUpdate.exe\"" /ua /installsource core",,3,67027,A process was created.,,,
1716,Normal,"May 9, 2025 @ 13:21:39.583",15,10.12.25.3,Windows11,Security,4688,4,,,,,,,,,C:\\WINDOWS\\system32\\svchost.exe -k ClipboardSvcGroup -p,,3,67027,A process was created.,,,
1717,Normal,"May 9, 2025 @ 13:21:40.669",15,10.12.25.3,Windows11,Security,4688,4,,,,,,,,,C:\\WINDOWS\\system32\\DllHost.exe /Processid:{AB8902B4-09CA-4BB6-B78D-A8F59079A8D5},,3,67027,A process was created.,,,
1718,Normal,"May 9, 2025 @ 13:21:40.712",15,10.12.25.3,Windows11,Security,4688,4,,,,,,,,,C:\\WINDOWS\\system32\\DllHost.exe /Processid:{69B7FE84-6361-4423-B948-1D64820B1E96},,3,67027,A process was created.,,,
1719,Normal,"May 9, 2025 @ 13:21:40.744",15,10.12.25.3,Windows11,Security,4673,4,,,,,,,,,,,4,60107,Failed attempt to perform a privileged operation,[T1078],"[Defense Evasion, Persistence, Privilege Escalation, Initial Access]",[Valid Accounts]
1720,Normal,"May 9, 2025 @ 13:21:40.762",15,10.12.25.3,Windows11,Security,4673,4,,,,,,,,,,,4,60107,Failed attempt to perform a privileged operation,[T1078],"[Defense Evasion, Persistence, Privilege Escalation, Initial Access]",[Valid Accounts]
1721,Normal,"May 9, 2025 @ 13:21:40.887",15,10.12.25.3,Windows11,Security,4688,4,,,,,,,,,"\""C:\\WINDOWS\\SystemApps\\Microsoft.Windows.StartMenuExperienceHost_cw5n1h2txyewy\\StartMenuExperienceHost.exe\"" -ServerName:App.AppXywbrabmsek0gm3tkwpr5kwzbs55tkqay.mca",,3,67027,A process was created.,,,
1722,Normal,"May 9, 2025 @ 13:21:41.017",15,10.12.25.3,Windows11,Security,4688,4,,,,,,,,,"\""C:\\WINDOWS\\SystemApps\\MicrosoftWindows.Client.CBS_cw5n1h2txyewy\\SearchHost.exe\"" -ServerName:CortanaUI.AppXstmwaab17q5s3y22tp6apqz7a45vwv65.mca",,3,67027,A process was created.,,,
1723,Normal,"May 9, 2025 @ 13:21:42.233",15,10.12.25.3,Windows11,Security,4688,4,,,,,,,,,C:\\Windows\\System32\\RuntimeBroker.exe -Embedding,,3,67027,A process was created.,,,
1724,Normal,"May 9, 2025 @ 13:21:42.505",15,10.12.25.3,Windows11,Security,4688,4,,,,,,,,,C:\\WINDOWS\\system32\\svchost.exe -k UdkSvcGroup,,3,67027,A process was created.,,,
1725,Normal,"May 9, 2025 @ 13:21:42.753",15,10.12.25.3,Windows11,Security,4688,4,,,,,,,,,C:\\Windows\\System32\\RuntimeBroker.exe -Embedding,,3,67027,A process was created.,,,
1726,Normal,"May 9, 2025 @ 13:21:45.220",15,10.12.25.3,Windows11,Security,4673,4,,,,,,,,,,,4,60107,Failed attempt to perform a privileged operation,[T1078],"[Defense Evasion, Persistence, Privilege Escalation, Initial Access]",[Valid Accounts]
1727,Normal,"May 9, 2025 @ 13:21:45.225",15,10.12.25.3,Windows11,Security,4688,4,,,,,,,,,C:\\WINDOWS\\system32\\DllHost.exe /Processid:{7966B4D8-4FDC-4126-A10B-39A3209AD251},,3,67027,A process was created.,,,
1728,Normal,"May 9, 2025 @ 13:21:45.230",15,10.12.25.3,Windows11,Security,4688,4,,,,,,,,,C:\\WINDOWS\\system32\\DllHost.exe /Processid:{973D20D7-562D-44B9-B70B-5A0F49CCDF3F},,3,67027,A process was created.,,,
1729,Normal,"May 9, 2025 @ 13:21:46.483",15,10.12.25.3,Windows11,Security,4688,4,,,,,,,,,"\""C:\\Program Files\\WindowsApps\\MicrosoftWindows.Client.WebExperience_525.10401.30.0_x64__cw5n1h2txyewy\\Dashboard\\Widgets.exe\"" -ServerName:Microsoft.Windows.DashboardServer",,3,67027,A process was created.,,,
1730,Normal,"May 9, 2025 @ 13:21:46.486",15,10.12.25.3,Windows11,Security,4673,4,,,,,,,,,,,4,60107,Failed attempt to perform a privileged operation,[T1078],"[Defense Evasion, Persistence, Privilege Escalation, Initial Access]",[Valid Accounts]
1731,Normal,"May 9, 2025 @ 13:21:48.629",15,10.12.25.3,Windows11,Security,4673,4,,,,,,,,,,,4,60107,Failed attempt to perform a privileged operation,[T1078],"[Defense Evasion, Persistence, Privilege Escalation, Initial Access]",[Valid Accounts]
1732,Normal,"May 9, 2025 @ 13:21:51.279",15,10.12.25.3,Windows11,Security,4688,4,,,,,,,,,/QuitInfo:0000000000000B00;0000000000000B08;,,3,67027,A process was created.,,,
1733,Normal,"May 9, 2025 @ 13:21:52.472",15,10.12.25.3,Windows11,Security,4688,4,,,,,,,,,"\""C:\\Program Files\\WindowsApps\\Microsoft.WidgetsPlatformRuntime_1.6.9.0_x64__8wekyb3d8bbwe\\WidgetService\\WidgetService.exe\"" -RegisterProcessAsComServer -Embedding",,3,67027,A process was created.,,,
1734,Normal,"May 9, 2025 @ 13:21:52.554",15,10.12.25.3,Windows11,Security,4688,4,,,,,,,,,C:\\WINDOWS\\System32\\mobsync.exe -Embedding,,3,67027,A process was created.,,,
1735,Normal,"May 9, 2025 @ 13:21:52.557",15,10.12.25.3,Windows11,Security,4673,4,,,,,,,,,,,4,60107,Failed attempt to perform a privileged operation,[T1078],"[Defense Evasion, Persistence, Privilege Escalation, Initial Access]",[Valid Accounts]
1736,Normal,"May 9, 2025 @ 13:21:56.295",15,10.12.25.3,Windows11,Security,4688,4,,,,,,,,,"\""C:\\WINDOWS\\system32\\dxgiadaptercache.exe\""",,3,67027,A process was created.,,,
1737,Normal,"May 9, 2025 @ 13:21:56.295",15,10.12.25.3,Windows11,Security,4673,4,,,,,,,,,,,4,60107,Failed attempt to perform a privileged operation,[T1078],"[Defense Evasion, Persistence, Privilege Escalation, Initial Access]",[Valid Accounts]
1738,Normal,"May 9, 2025 @ 13:21:56.316",15,10.12.25.3,Windows11,Security,4688,4,,,,,,,,,"\""C:\\WINDOWS\\system32\\BackgroundTaskHost.exe\"" -ServerName:BackgroundTaskHost.WebAccountProvider",,3,67027,A process was created.,,,
1739,Normal,"May 9, 2025 @ 13:21:58.205",15,10.12.25.3,Windows11,Security,4688,4,,,,,,,,,C:\\WINDOWS\\system32\\DllHost.exe /Processid:{7966B4D8-4FDC-4126-A10B-39A3209AD251},,3,67027,A process was created.,,,
1740,Normal,"May 9, 2025 @ 13:21:58.247",15,10.12.25.3,Windows11,Security,4673,4,,,,,,,,,,,4,60107,Failed attempt to perform a privileged operation,[T1078],"[Defense Evasion, Persistence, Privilege Escalation, Initial Access]",[Valid Accounts]
1741,Normal,"May 9, 2025 @ 13:21:58.248",15,10.12.25.3,Windows11,Security,4688,4,,,,,,,,,"\""C:\\WINDOWS\\system32\\BackgroundTaskHost.exe\"" -ServerName:BackgroundTaskHost.WebAccountProvider",,3,67027,A process was created.,,,
1742,Normal,"May 9, 2025 @ 13:21:59.105",15,10.12.25.3,Windows11,Application,1003,3676,,,,,,,,,,,3,60668,The Windows search service started.,,,
1743,Normal,"May 9, 2025 @ 13:21:59.403",15,10.12.25.3,Windows11,Security,4624,864,,Negotiate,Advapi,,,,,,,,3,60106,Windows Logon Success,[T1078],"[Defense Evasion, Persistence, Privilege Escalation, Initial Access]",[Valid Accounts]
1744,Normal,"May 9, 2025 @ 13:21:59.412",15,10.12.25.3,Windows11,Security,4688,4,,,,,,,,,C:\\WINDOWS\\system32\\SearchIndexer.exe /Embedding,,3,67027,A process was created.,,,
1745,Normal,"May 9, 2025 @ 13:21:59.420",15,10.12.25.3,Windows11,Security,4688,4,,,,,,,,,"\""C:\\Program Files (x86)\\Microsoft\\EdgeUpdate\\MicrosoftEdgeUpdate.exe\"" /ua /installsource scheduler",,3,67027,A process was created.,,,
1746,Normal,"May 9, 2025 @ 13:22:02.747",15,10.12.25.3,Windows11,Security,4688,4,,,,,,,,,C:\\WINDOWS\\system32\\DllHost.exe /Processid:{AB8902B4-09CA-4BB6-B78D-A8F59079A8D5},,3,67027,A process was created.,,,
1747,Normal,"May 9, 2025 @ 13:22:04.200",15,10.12.25.3,Windows11,Security,4688,4,,,,,,,,,C:\\Windows\\System32\\smartscreen.exe -Embedding,,3,67027,A process was created.,,,
1748,Normal,"May 9, 2025 @ 13:22:04.209",15,10.12.25.3,Windows11,Security,4688,4,,,,,,,,,"\""C:\\Windows\\System32\\SecurityHealthSystray.exe\""",,3,67027,A process was created.,,,
1749,Normal,"May 9, 2025 @ 13:22:04.210",15,10.12.25.3,Windows11,Security,4624,864,,Negotiate,Advapi,,,,,,,,3,60106,Windows Logon Success,[T1078],"[Defense Evasion, Persistence, Privilege Escalation, Initial Access]",[Valid Accounts]
1750,Normal,"May 9, 2025 @ 13:22:04.244",15,10.12.25.3,Windows11,Security,4688,4,,,,,,,,,C:\\WINDOWS\\system32\\SecurityHealthService.exe,,3,67027,A process was created.,,,
1751,Normal,"May 9, 2025 @ 13:22:04.324",15,10.12.25.3,Windows11,Security,4688,4,,,,,,,,,taskhostw.exe SyncFromCloud,,3,67027,A process was created.,,,
1752,Normal,"May 9, 2025 @ 13:22:05.321",15,10.12.25.3,Windows11,Security,4688,4,,,,,,,,, -c -s 0 -f 0 -t Empty -m Empty -a 0 -u Empty,,3,67027,A process was created.,,,
1753,Normal,"May 9, 2025 @ 13:22:05.630",15,10.12.25.3,Windows11,Security,4688,4,,,,,,,,,"\""C:\\Program Files (x86)\\Microsoft\\Edge\\Application\\msedge.exe\"" --no-startup-window --win-session-start",,3,67027,A process was created.,,,
1754,Normal,"May 9, 2025 @ 13:22:06.824",15,10.12.25.3,Windows11,Security,4688,4,,,,,,,,,"\""C:\\Program Files (x86)\\Microsoft\\Edge\\Application\\msedge.exe\"" --type=crashpad-handler \""--user-data-dir=C:\\Users\\carol\\AppData\\Local\\Microsoft\\Edge\\User Data\"" /prefetch:4 --monitor-self-annotation=ptype=crashpad-handler \""--database=C:\\Users\\carol\\AppData\\Local\\Microsoft\\Edge\\User Data\\Crashpad\"" --annotation=IsOfficialBuild=1 --annotation=channel= --annotation=chromium-version=136.0.7103.49 \""--annotation=exe=C:\\Program Files (x86)\\Microsoft\\Edge\\Application\\msedge.exe\"" --annotation=plat=Win64 --annotation=prod=Edge --annotation=ver=136.0.3240.50 --initial-client-data=0x278,0x27c,0x280,0x274,0x1dc,0x7ffb4b7d7088,0x7ffb4b7d7094,0x7ffb4b7d70a0",,3,67027,A process was created.,,,
1755,Normal,"May 9, 2025 @ 13:22:06.830",15,10.12.25.3,Windows11,Security,4673,4,,,,,,,,,,,4,60107,Failed attempt to perform a privileged operation,[T1078],"[Defense Evasion, Persistence, Privilege Escalation, Initial Access]",[Valid Accounts]
1756,Normal,"May 9, 2025 @ 13:22:06.834",15,10.12.25.3,Windows11,Security,4688,4,,,,,,,,,"\""C:\\Program Files (x86)\\Microsoft\\Edge\\Application\\msedge.exe\"" --type=gpu-process --no-pre-read-main-dll --gpu-preferences=UAAAAAAAAADgAAAEAAAAAAAAAAAAAAAAAABgAAEAAAAAAAAAAAAAAAAAAAACAAAAAAAAAAAAAAAAAAAAAAAAABAAAAAAAAAAEAAAAAAAAAAIAAAAAAAAAAgAAAAAAAAA --always-read-main-dll --field-trial-handle=2340,i,6060090785297826930,4527760222078284358,262144 --variations-seed-version --mojo-platform-channel-handle=2336 /prefetch:2",,3,67027,A process was created.,,,
1757,Normal,"May 9, 2025 @ 13:22:06.838",15,10.12.25.3,Windows11,Security,4688,4,,,,,,,,,"\""C:\\Program Files (x86)\\Microsoft\\Edge\\Application\\msedge.exe\"" --type=utility --utility-sub-type=network.mojom.NetworkService --lang=en-GB --service-sandbox-type=none --no-pre-read-main-dll --always-read-main-dll --field-trial-handle=2340,i,6060090785297826930,4527760222078284358,262144 --variations-seed-version --mojo-platform-channel-handle=2560 /prefetch:11",,3,67027,A process was created.,,,
1758,Normal,"May 9, 2025 @ 13:22:06.871",15,10.12.25.3,Windows11,Security,4688,4,,,,,,,,,"\""C:\\Program Files (x86)\\Microsoft\\Edge\\Application\\136.0.3240.50\\elevation_service.exe\""",,3,67027,A process was created.,,,
1759,Normal,"May 9, 2025 @ 13:22:06.877",15,10.12.25.3,Windows11,Security,4688,4,,,,,,,,,"\""C:\\Program Files (x86)\\Microsoft\\Edge\\Application\\msedge.exe\"" --type=utility --utility-sub-type=storage.mojom.StorageService --lang=en-GB --service-sandbox-type=service --no-pre-read-main-dll --always-read-main-dll --field-trial-handle=2340,i,6060090785297826930,4527760222078284358,262144 --variations-seed-version --mojo-platform-channel-handle=2796 /prefetch:13",,3,67027,A process was created.,,,
1760,Normal,"May 9, 2025 @ 13:22:07.800",15,10.12.25.3,Windows11,Security,4673,4,,,,,,,,,,,4,60107,Failed attempt to perform a privileged operation,[T1078],"[Defense Evasion, Persistence, Privilege Escalation, Initial Access]",[Valid Accounts]
1761,Normal,"May 9, 2025 @ 13:22:07.807",15,10.12.25.3,Windows11,Security,4688,4,,,,,,,,,"\""C:\\Program Files (x86)\\Microsoft\\Edge\\Application\\msedge.exe\"" --type=utility --utility-sub-type=PooledProcess2 --lang=en-GB --service-sandbox-type=utility --no-pre-read-main-dll --always-read-main-dll --field-trial-handle=2340,i,6060090785297826930,4527760222078284358,262144 --variations-seed-version --mojo-platform-channel-handle=4524 /prefetch:14",,3,67027,A process was created.,,,
1762,Normal,"May 9, 2025 @ 13:22:07.807",15,10.12.25.3,Windows11,Security,4688,4,,,,,,,,,"\""C:\\WINDOWS\\system32\\BackgroundTaskHost.exe\"" -ServerName:BackgroundTaskHost.WebAccountProvider",,3,67027,A process was created.,,,
1763,Normal,"May 9, 2025 @ 13:22:09.377",15,10.12.25.3,Windows11,Security,4688,4,,,,,,,,,"\""C:\\Program Files (x86)\\Microsoft\\Edge\\Application\\136.0.3240.50\\identity_helper.exe\"" --type=utility --utility-sub-type=winrt_app_id.mojom.WinrtAppIdService --lang=en-GB --service-sandbox-type=none --no-pre-read-main-dll --always-read-main-dll --field-trial-handle=2340,i,6060090785297826930,4527760222078284358,262144 --variations-seed-version --mojo-platform-channel-handle=4544 /prefetch:14",,3,67027,A process was created.,,,
1764,Normal,"May 9, 2025 @ 13:22:09.387",15,10.12.25.3,Windows11,Security,4673,4,,,,,,,,,,,4,60107,Failed attempt to perform a privileged operation,[T1078],"[Defense Evasion, Persistence, Privilege Escalation, Initial Access]",[Valid Accounts]
1765,Normal,"May 9, 2025 @ 13:22:09.387",15,10.12.25.3,Windows11,Security,4688,4,,,,,,,,,"\""C:\\Program Files (x86)\\Microsoft\\Edge\\Application\\136.0.3240.50\\identity_helper.exe\"" --type=utility --utility-sub-type=winrt_app_id.mojom.WinrtAppIdService --lang=en-GB --service-sandbox-type=none --no-pre-read-main-dll --always-read-main-dll --field-trial-handle=2340,i,6060090785297826930,4527760222078284358,262144 --variations-seed-version --mojo-platform-channel-handle=4544 /prefetch:14",,3,67027,A process was created.,,,
1766,Normal,"May 9, 2025 @ 13:22:10.912",15,10.12.25.3,Windows11,Security,4688,4,,,,,,,,,"\""C:\\Program Files\\WindowsApps\\MicrosoftWindows.CrossDevice_1.25032.52.0_x64__cw5n1h2txyewy\\CrossDeviceService.exe\""",,3,67027,A process was created.,,,
1767,Normal,"May 9, 2025 @ 13:22:10.952",15,10.12.25.3,Windows11,Security,4673,4,,,,,,,,,,,4,60107,Failed attempt to perform a privileged operation,[T1078],"[Defense Evasion, Persistence, Privilege Escalation, Initial Access]",[Valid Accounts]
1768,Normal,"May 9, 2025 @ 13:22:12.287",15,10.12.25.3,Windows11,Microsoft-Windows-Windows Defender/Operational,5007,3120,,,,,,,,,,,5,62154,Windows Defender: Antimalware platform feature configuration changed,,,
