Ref,Label,timestamp,agent.id,agent.ip,agent.name,data.win.system.channel,data.win.system.eventID,data.win.system.processID,data.win.eventdata.threat Name,data.win.eventdata.authenticationPackageName,data.win.eventdata.logonProcessName,data.win.eventdata.ipAddress,data.win.eventdata.destinationIp,data.win.eventdata.destinationPortName,data.win.eventdata.user,data.win.eventdata.parentCommandLine,data.win.eventdata.commandLine,data.win.eventdata.payload,rule.level,rule.id,rule.description,rule.mitre.id,rule.mitre.tactic,rule.mitre.technique
1,Normal,"May 9, 2025 @ 11:13:07.655",0,,wazuhVM,,,,,,,,,,,,,,7,533,Listened ports status (netstat) changed (new port opened or closed).,,,
2,Normal,"May 9, 2025 @ 11:13:07.657",0,,wazuhVM,,,,,,,,,,,,,,3,502,Wazuh server started.,,,
3,Normal,"May 9, 2025 @ 11:13:10.489",0,,wazuhVM,,,,,,,,,,,,,,3,5501,PAM: Login session opened.,[T1078],"[Defense Evasion, Persistence, Privilege Escalation, Initial Access]",[Valid Accounts]
4,Normal,"May 9, 2025 @ 11:13:59.099",15,10.12.25.3,Windows11,Microsoft-Windows-Sysmon/Operational,1,3164,,,,,,,NT AUTHORITY\\SYSTEM,"\""C:\\Program Files (x86)\\ossec-agent\\wazuh-agent.exe\""",net.exe accounts,,3,92031,Discovery activity executed,[T1087],[Discovery],[Account Discovery]
5,Normal,"May 9, 2025 @ 11:13:59.154",15,10.12.25.3,Windows11,,,,,,,,,,,,,,3,503,Wazuh agent started.,,,
6,Normal,"May 9, 2025 @ 11:13:59.789",15,10.12.25.3,Windows11,Security,4688,4,,,,,,,,,net.exe accounts,,3,67027,A process was created.,,,
7,Normal,"May 9, 2025 @ 11:13:59.833",15,10.12.25.3,Windows11,Security,4688,4,,,,,,,,,C:\\WINDOWS\\system32\\wbem\\wmiprvse.exe -secured -Embedding,,3,67027,A process was created.,,,
8,Normal,"May 9, 2025 @ 11:14:00.845",15,10.12.25.3,Windows11,Security,4688,4,,,,,,,,,"C:\\WINDOWS\\system32\\wevtutil.exe uninstall-manifest \""C:\\ProgramData\\Microsoft\\Windows Defender\\Platform\\4.18.25030.2-0\\Microsoft-Antimalware-AMFilter.man\""",,3,67027,A process was created.,,,
9,Normal,"May 9, 2025 @ 11:14:00.887",15,10.12.25.3,Windows11,Security,4688,4,,,,,,,,,\\??\\C:\\WINDOWS\\system32\\conhost.exe 0xffffffff -ForceV1,,3,67027,A process was created.,,,
10,Normal,"May 9, 2025 @ 11:14:00.920",15,10.12.25.3,Windows11,Security,4688,4,,,,,,,,,\\??\\C:\\WINDOWS\\system32\\conhost.exe 0xffffffff -ForceV1,,3,67027,A process was created.,,,
11,Normal,"May 9, 2025 @ 11:14:00.987",15,10.12.25.3,Windows11,Security,4688,4,,,,,,,,,"C:\\WINDOWS\\system32\\wevtutil.exe install-manifest \""C:\\ProgramData\\Microsoft\\Windows Defender\\Platform\\4.18.25030.2-0\\Microsoft-Antimalware-AMFilter.man\"" \""/resourceFilePath:C:\\ProgramData\\Microsoft\\Windows Defender\\Platform\\4.18.25030.2-0\\Drivers\\WdFilter.sys\"" \""/messageFilePath:C:\\ProgramData\\Microsoft\\Windows Defender\\Platform\\4.18.25030.2-0\\Drivers\\WdFilter.sys\"" \""/parameterFilePath:C:\\ProgramData\\Microsoft\\Windows Defender\\Platform\\4.18.25030.2-0\\Drivers\\WdFilter.sys\""",,3,67027,A process was created.,,,
12,Normal,"May 9, 2025 @ 11:14:01.011",15,10.12.25.3,Windows11,Security,4688,4,,,,,,,,,\\??\\C:\\WINDOWS\\system32\\conhost.exe 0xffffffff -ForceV1,,3,67027,A process was created.,,,
13,Normal,"May 9, 2025 @ 11:14:02.072",15,10.12.25.3,Windows11,Security,4624,860,,Negotiate,Advapi,,,,,,,,3,60106,Windows Logon Success,[T1078],"[Defense Evasion, Persistence, Privilege Escalation, Initial Access]",[Valid Accounts]
14,Normal,"May 9, 2025 @ 11:14:02.114",15,10.12.25.3,Windows11,Microsoft-Windows-Sysmon/Operational,1,3164,,,,,,,NT AUTHORITY\\SYSTEM,net.exe accounts,C:\\WINDOWS\\system32\\net1 accounts,,3,92031,Discovery activity executed,[T1087],[Discovery],[Account Discovery]
15,Normal,"May 9, 2025 @ 11:14:02.139",15,10.12.25.3,Windows11,Security,4688,4,,,,,,,,,C:\\WINDOWS\\system32\\svchost.exe -k wsappx -p,,3,67027,A process was created.,,,
16,Normal,"May 9, 2025 @ 11:14:02.181",15,10.12.25.3,Windows11,Security,4688,4,,,,,,,,,C:\\WINDOWS\\system32\\net1 accounts,,3,67027,A process was created.,,,
17,Normal,"May 9, 2025 @ 11:14:02.212",15,10.12.25.3,Windows11,Security,4688,4,,,,,,,,,"C:\\WINDOWS\\system32\\wevtutil.exe uninstall-manifest \""C:\\ProgramData\\Microsoft\\Windows Defender\\Platform\\4.18.25030.2-0\\Microsoft-Windows-Windows Defender.man\""",,3,67027,A process was created.,,,
18,Normal,"May 9, 2025 @ 11:14:02.261",15,10.12.25.3,Windows11,Security,4688,4,,,,,,,,,\\??\\C:\\WINDOWS\\system32\\conhost.exe 0xffffffff -ForceV1,,3,67027,A process was created.,,,
19,Normal,"May 9, 2025 @ 11:14:03.306",15,10.12.25.3,Windows11,Microsoft-Windows-Sysmon/Operational,1,3164,,,,,,,NT AUTHORITY\\SYSTEM,"\""C:\\Program Files (x86)\\ossec-agent\\wazuh-agent.exe\""",net.exe accounts,,3,92031,Discovery activity executed,[T1087],[Discovery],[Account Discovery]
20,Normal,"May 9, 2025 @ 11:14:03.560",15,10.12.25.3,Windows11,Security,4688,4,,,,,,,,,"C:\\WINDOWS\\system32\\wevtutil.exe install-manifest \""C:\\ProgramData\\Microsoft\\Windows Defender\\Platform\\4.18.25030.2-0\\Microsoft-Windows-Windows Defender.man\"" \""/resourceFilePath:C:\\ProgramData\\Microsoft\\Windows Defender\\Platform\\4.18.25030.2-0\\MpEvMsg.dll\"" \""/messageFilePath:C:\\ProgramData\\Microsoft\\Windows Defender\\Platform\\4.18.25030.2-0\\MpEvMsg.dll\"" \""/parameterFilePath:C:\\ProgramData\\Microsoft\\Windows Defender\\Platform\\4.18.25030.2-0\\MpEvMsg.dll\""",,3,67027,A process was created.,,,
21,Normal,"May 9, 2025 @ 11:14:03.619",15,10.12.25.3,Windows11,Security,4688,4,,,,,,,,,\\??\\C:\\WINDOWS\\system32\\conhost.exe 0xffffffff -ForceV1,,3,67027,A process was created.,,,
22,Normal,"May 9, 2025 @ 11:14:03.731",15,10.12.25.3,Windows11,Security,4688,4,,,,,,,,,net.exe accounts,,3,67027,A process was created.,,,
23,Normal,"May 9, 2025 @ 11:14:03.742",15,10.12.25.3,Windows11,Security,4688,4,,,,,,,,,\\??\\C:\\WINDOWS\\system32\\conhost.exe 0xffffffff -ForceV1,,3,67027,A process was created.,,,
24,Normal,"May 9, 2025 @ 11:14:04.738",15,10.12.25.3,Windows11,Microsoft-Windows-Sysmon/Operational,1,3164,,,,,,,NT AUTHORITY\\SYSTEM,net.exe accounts,C:\\WINDOWS\\system32\\net1 accounts,,3,92031,Discovery activity executed,[T1087],[Discovery],[Account Discovery]
25,Normal,"May 9, 2025 @ 11:14:04.754",15,10.12.25.3,Windows11,Security,4688,4,,,,,,,,,C:\\WINDOWS\\system32\\net1 accounts,,3,67027,A process was created.,,,
26,Normal,"May 9, 2025 @ 11:14:04.755",15,10.12.25.3,Windows11,Microsoft-Windows-Sysmon/Operational,1,3164,,,,,,,NT AUTHORITY\\SYSTEM,"\""C:\\Program Files (x86)\\ossec-agent\\wazuh-agent.exe\""",net.exe accounts,,3,92031,Discovery activity executed,[T1087],[Discovery],[Account Discovery]
27,Normal,"May 9, 2025 @ 11:14:04.870",15,10.12.25.3,Windows11,Security,4688,4,,,,,,,,,net.exe accounts,,3,67027,A process was created.,,,
28,Normal,"May 9, 2025 @ 11:14:04.878",15,10.12.25.3,Windows11,Security,4688,4,,,,,,,,,\\??\\C:\\WINDOWS\\system32\\conhost.exe 0xffffffff -ForceV1,,3,67027,A process was created.,,,
29,Normal,"May 9, 2025 @ 11:14:05.950",15,10.12.25.3,Windows11,Security,4688,4,,,,,,,,,"C:\\WINDOWS\\system32\\wevtutil.exe uninstall-manifest \""C:\\ProgramData\\Microsoft\\Windows Defender\\Platform\\4.18.25030.2-0\\Microsoft-Antimalware-Service.man\""",,3,67027,A process was created.,,,
30,Normal,"May 9, 2025 @ 11:14:06.031",15,10.12.25.3,Windows11,Security,4688,4,,,,,,,,,\\??\\C:\\WINDOWS\\system32\\conhost.exe 0xffffffff -ForceV1,,3,67027,A process was created.,,,
31,Normal,"May 9, 2025 @ 11:14:06.071",15,10.12.25.3,Windows11,Security,4688,4,,,,,,,,,"\""C:\\WINDOWS\\system32\\wermgr.exe\"" -upload",,3,67027,A process was created.,,,
32,Normal,"May 9, 2025 @ 11:14:06.072",15,10.12.25.3,Windows11,Microsoft-Windows-Sysmon/Operational,1,3164,,,,,,,NT AUTHORITY\\SYSTEM,net.exe accounts,C:\\WINDOWS\\system32\\net1 accounts,,3,92031,Discovery activity executed,[T1087],[Discovery],[Account Discovery]
33,Normal,"May 9, 2025 @ 11:14:06.126",15,10.12.25.3,Windows11,Security,4688,4,,,,,,,,,AggregatorHost.exe,,3,67027,A process was created.,,,
34,Normal,"May 9, 2025 @ 11:14:06.154",15,10.12.25.3,Windows11,Security,4688,4,,,,,,,,,C:\\WINDOWS\\system32\\net1 accounts,,3,67027,A process was created.,,,
35,Normal,"May 9, 2025 @ 11:14:06.324",15,10.12.25.3,Windows11,Security,4688,4,,,,,,,,,\\??\\C:\\WINDOWS\\system32\\conhost.exe 0xffffffff -ForceV1,,3,67027,A process was created.,,,
36,Normal,"May 9, 2025 @ 11:14:06.324",15,10.12.25.3,Windows11,Security,4688,4,,,,,,,,,"C:\\WINDOWS\\system32\\wevtutil.exe install-manifest \""C:\\ProgramData\\Microsoft\\Windows Defender\\Platform\\4.18.25030.2-0\\Microsoft-Antimalware-Service.man\"" \""/resourceFilePath:C:\\ProgramData\\Microsoft\\Windows Defender\\Platform\\4.18.25030.2-0\\MpSvc.dll\"" \""/messageFilePath:C:\\ProgramData\\Microsoft\\Windows Defender\\Platform\\4.18.25030.2-0\\MpSvc.dll\"" \""/parameterFilePath:C:\\ProgramData\\Microsoft\\Windows Defender\\Platform\\4.18.25030.2-0\\MpSvc.dll\""",,3,67027,A process was created.,,,
37,Normal,"May 9, 2025 @ 11:14:06.325",15,10.12.25.3,Windows11,Security,4688,4,,,,,,,,,"C:\\WINDOWS\\system32\\wevtutil.exe uninstall-manifest \""C:\\ProgramData\\Microsoft\\Windows Defender\\Platform\\4.18.25030.2-0\\Microsoft-Antimalware-NIS.man\""",,3,67027,A process was created.,,,
38,Normal,"May 9, 2025 @ 11:14:06.987",15,10.12.25.3,Windows11,Security,4688,4,,,,,,,,,\\??\\C:\\WINDOWS\\system32\\conhost.exe 0xffffffff -ForceV1,,3,67027,A process was created.,,,
39,Normal,"May 9, 2025 @ 11:14:07.058",15,10.12.25.3,Windows11,Security,4688,4,,,,,,,,,"C:\\WINDOWS\\system32\\wevtutil.exe install-manifest \""C:\\ProgramData\\Microsoft\\Windows Defender\\Platform\\4.18.25030.2-0\\Microsoft-Antimalware-NIS.man\"" \""/resourceFilePath:C:\\ProgramData\\Microsoft\\Windows Defender\\Platform\\4.18.25030.2-0\\NisSrv.exe\"" \""/messageFilePath:C:\\ProgramData\\Microsoft\\Windows Defender\\Platform\\4.18.25030.2-0\\NisSrv.exe\"" \""/parameterFilePath:C:\\ProgramData\\Microsoft\\Windows Defender\\Platform\\4.18.25030.2-0\\NisSrv.exe\""",,3,67027,A process was created.,,,
40,Normal,"May 9, 2025 @ 11:14:07.094",15,10.12.25.3,Windows11,Security,4688,4,,,,,,,,,\\??\\C:\\WINDOWS\\system32\\conhost.exe 0xffffffff -ForceV1,,3,67027,A process was created.,,,
41,Normal,"May 9, 2025 @ 11:14:07.135",15,10.12.25.3,Windows11,Security,4688,4,,,,,,,,,"C:\\WINDOWS\\system32\\wevtutil.exe uninstall-manifest \""C:\\ProgramData\\Microsoft\\Windows Defender\\Platform\\4.18.25030.2-0\\Microsoft-Antimalware-RTP.man\""",,3,67027,A process was created.,,,
42,Normal,"May 9, 2025 @ 11:14:07.159",15,10.12.25.3,Windows11,Security,4688,4,,,,,,,,,\\??\\C:\\WINDOWS\\system32\\conhost.exe 0xffffffff -ForceV1,,3,67027,A process was created.,,,
43,Normal,"May 9, 2025 @ 11:14:08.351",15,10.12.25.3,Windows11,Security,4688,4,,,,,,,,,"C:\\WINDOWS\\system32\\wevtutil.exe install-manifest \""C:\\ProgramData\\Microsoft\\Windows Defender\\Platform\\4.18.25030.2-0\\Microsoft-Antimalware-RTP.man\"" \""/resourceFilePath:C:\\ProgramData\\Microsoft\\Windows Defender\\Platform\\4.18.25030.2-0\\MpRtp.dll\"" \""/messageFilePath:C:\\ProgramData\\Microsoft\\Windows Defender\\Platform\\4.18.25030.2-0\\MpRtp.dll\"" \""/parameterFilePath:C:\\ProgramData\\Microsoft\\Windows Defender\\Platform\\4.18.25030.2-0\\MpRtp.dll\""",,3,67027,A process was created.,,,
44,Normal,"May 9, 2025 @ 11:14:08.369",15,10.12.25.3,Windows11,Security,4688,4,,,,,,,,,\\??\\C:\\WINDOWS\\system32\\conhost.exe 0xffffffff -ForceV1,,3,67027,A process was created.,,,
45,Normal,"May 9, 2025 @ 11:14:08.383",15,10.12.25.3,Windows11,Security,4688,4,,,,,,,,,"C:\\WINDOWS\\system32\\wevtutil.exe uninstall-manifest \""C:\\ProgramData\\Microsoft\\Windows Defender\\Platform\\4.18.25030.2-0\\Microsoft-Antimalware-Protection.man\""",,3,67027,A process was created.,,,
46,Normal,"May 9, 2025 @ 11:14:08.404",15,10.12.25.3,Windows11,Security,4688,4,,,,,,,,,\\??\\C:\\WINDOWS\\system32\\conhost.exe 0xffffffff -ForceV1,,3,67027,A process was created.,,,
47,Normal,"May 9, 2025 @ 11:14:09.582",15,10.12.25.3,Windows11,Security,4688,4,,,,,,,,,net.exe accounts,,3,67027,A process was created.,,,
48,Normal,"May 9, 2025 @ 11:14:09.607",15,10.12.25.3,Windows11,Security,4688,4,,,,,,,,,\\??\\C:\\WINDOWS\\system32\\conhost.exe 0xffffffff -ForceV1,,3,67027,A process was created.,,,
49,Normal,"May 9, 2025 @ 11:14:09.619",15,10.12.25.3,Windows11,Microsoft-Windows-Sysmon/Operational,1,3164,,,,,,,NT AUTHORITY\\SYSTEM,"\""C:\\Program Files (x86)\\ossec-agent\\wazuh-agent.exe\""",net.exe accounts,,3,92031,Discovery activity executed,[T1087],[Discovery],[Account Discovery]
50,Normal,"May 9, 2025 @ 11:14:09.626",15,10.12.25.3,Windows11,Security,4688,4,,,,,,,,,"C:\\WINDOWS\\system32\\wevtutil.exe install-manifest \""C:\\ProgramData\\Microsoft\\Windows Defender\\Platform\\4.18.25030.2-0\\Microsoft-Antimalware-Protection.man\"" \""/resourceFilePath:C:\\ProgramData\\Microsoft\\Windows Defender\\Platform\\4.18.25030.2-0\\MpClient.dll\"" \""/messageFilePath:C:\\ProgramData\\Microsoft\\Windows Defender\\Platform\\4.18.25030.2-0\\MpClient.dll\"" \""/parameterFilePath:C:\\ProgramData\\Microsoft\\Windows Defender\\Platform\\4.18.25030.2-0\\MpClient.dll\""",,3,67027,A process was created.,,,
51,Normal,"May 9, 2025 @ 11:14:09.643",15,10.12.25.3,Windows11,Security,4688,4,,,,,,,,,\\??\\C:\\WINDOWS\\system32\\conhost.exe 0xffffffff -ForceV1,,3,67027,A process was created.,,,
52,Normal,"May 9, 2025 @ 11:14:10.734",15,10.12.25.3,Windows11,Microsoft-Windows-Sysmon/Operational,1,3164,,,,,,,NT AUTHORITY\\SYSTEM,net.exe accounts,C:\\WINDOWS\\system32\\net1 accounts,,3,92031,Discovery activity executed,[T1087],[Discovery],[Account Discovery]
53,Normal,"May 9, 2025 @ 11:14:10.741",15,10.12.25.3,Windows11,Microsoft-Windows-Sysmon/Operational,1,3164,,,,,,,NT AUTHORITY\\SYSTEM,"\""C:\\Program Files (x86)\\ossec-agent\\wazuh-agent.exe\""",net.exe accounts,,3,92031,Discovery activity executed,[T1087],[Discovery],[Account Discovery]
54,Normal,"May 9, 2025 @ 11:14:10.741",15,10.12.25.3,Windows11,Microsoft-Windows-Sysmon/Operational,1,3164,,,,,,,NT AUTHORITY\\SYSTEM,net.exe accounts,C:\\WINDOWS\\system32\\net1 accounts,,3,92031,Discovery activity executed,[T1087],[Discovery],[Account Discovery]
55,Normal,"May 9, 2025 @ 11:14:10.743",15,10.12.25.3,Windows11,Microsoft-Windows-Sysmon/Operational,1,3164,,,,,,,NT AUTHORITY\\SYSTEM,"\""C:\\Program Files (x86)\\ossec-agent\\wazuh-agent.exe\""",net.exe accounts,,3,92031,Discovery activity executed,[T1087],[Discovery],[Account Discovery]
56,Normal,"May 9, 2025 @ 11:14:10.759",15,10.12.25.3,Windows11,Microsoft-Windows-Sysmon/Operational,1,3164,,,,,,,NT AUTHORITY\\SYSTEM,net.exe accounts,C:\\WINDOWS\\system32\\net1 accounts,,3,92031,Discovery activity executed,[T1087],[Discovery],[Account Discovery]
57,Normal,"May 9, 2025 @ 11:14:10.828",15,10.12.25.3,Windows11,Microsoft-Windows-Windows Defender/Operational,5007,3128,,,,,,,,,,,5,62154,Windows Defender: Antimalware platform feature configuration changed,,,
58,Normal,"May 9, 2025 @ 11:14:10.856",15,10.12.25.3,Windows11,Microsoft-Windows-Windows Defender/Operational,5007,3128,,,,,,,,,,,5,62154,Windows Defender: Antimalware platform feature configuration changed,,,
59,Normal,"May 9, 2025 @ 11:14:10.873",15,10.12.25.3,Windows11,Microsoft-Windows-Windows Defender/Operational,5007,3128,,,,,,,,,,,5,62154,Windows Defender: Antimalware platform feature configuration changed,,,
60,Normal,"May 9, 2025 @ 11:14:10.989",15,10.12.25.3,Windows11,Security,4688,4,,,,,,,,,C:\\WINDOWS\\system32\\net1 accounts,,3,67027,A process was created.,,,
61,Normal,"May 9, 2025 @ 11:14:11.054",15,10.12.25.3,Windows11,Security,4688,4,,,,,,,,,\\??\\C:\\WINDOWS\\system32\\conhost.exe 0xffffffff -ForceV1,,3,67027,A process was created.,,,
62,Normal,"May 9, 2025 @ 11:14:11.056",15,10.12.25.3,Windows11,Security,4688,4,,,,,,,,,net.exe accounts,,3,67027,A process was created.,,,
63,Normal,"May 9, 2025 @ 11:14:11.056",15,10.12.25.3,Windows11,Security,4688,4,,,,,,,,,C:\\WINDOWS\\system32\\net1 accounts,,3,67027,A process was created.,,,
64,Normal,"May 9, 2025 @ 11:14:11.058",15,10.12.25.3,Windows11,Security,4688,4,,,,,,,,,net.exe accounts,,3,67027,A process was created.,,,
65,Normal,"May 9, 2025 @ 11:14:11.067",15,10.12.25.3,Windows11,Security,4688,4,,,,,,,,,C:\\WINDOWS\\system32\\net1 accounts,,3,67027,A process was created.,,,
66,Normal,"May 9, 2025 @ 11:14:11.090",15,10.12.25.3,Windows11,Security,4688,4,,,,,,,,,\\??\\C:\\WINDOWS\\system32\\conhost.exe 0xffffffff -ForceV1,,3,67027,A process was created.,,,
67,Normal,"May 9, 2025 @ 11:14:11.105",15,10.12.25.3,Windows11,Security,4688,4,,,,,,,,,net.exe accounts,,3,67027,A process was created.,,,
68,Normal,"May 9, 2025 @ 11:14:11.834",15,10.12.25.3,Windows11,Microsoft-Windows-Sysmon/Operational,1,3164,,,,,,,NT AUTHORITY\\SYSTEM,"\""C:\\Program Files (x86)\\ossec-agent\\wazuh-agent.exe\""",net.exe accounts,,3,92031,Discovery activity executed,[T1087],[Discovery],[Account Discovery]
69,Normal,"May 9, 2025 @ 11:14:11.846",15,10.12.25.3,Windows11,Microsoft-Windows-Sysmon/Operational,1,3164,,,,,,,NT AUTHORITY\\SYSTEM,"\""C:\\Program Files (x86)\\ossec-agent\\wazuh-agent.exe\""",net.exe accounts,,3,92031,Discovery activity executed,[T1087],[Discovery],[Account Discovery]
70,Normal,"May 9, 2025 @ 11:14:11.846",15,10.12.25.3,Windows11,Microsoft-Windows-Sysmon/Operational,1,3164,,,,,,,NT AUTHORITY\\SYSTEM,net.exe accounts,C:\\WINDOWS\\system32\\net1 accounts,,3,92031,Discovery activity executed,[T1087],[Discovery],[Account Discovery]
71,Normal,"May 9, 2025 @ 11:14:11.914",15,10.12.25.3,Windows11,Microsoft-Windows-Windows Defender/Operational,5007,3128,,,,,,,,,,,5,62154,Windows Defender: Antimalware platform feature configuration changed,,,
72,Normal,"May 9, 2025 @ 11:14:12.157",15,10.12.25.3,Windows11,Security,4688,4,,,,,,,,,\\??\\C:\\WINDOWS\\system32\\conhost.exe 0xffffffff -ForceV1,,3,67027,A process was created.,,,
73,Normal,"May 9, 2025 @ 11:14:12.158",15,10.12.25.3,Windows11,Security,4688,4,,,,,,,,,C:\\WINDOWS\\system32\\net1 accounts,,3,67027,A process was created.,,,
74,Normal,"May 9, 2025 @ 11:14:12.161",15,10.12.25.3,Windows11,Security,4688,4,,,,,,,,,net.exe accounts,,3,67027,A process was created.,,,
75,Normal,"May 9, 2025 @ 11:14:12.165",15,10.12.25.3,Windows11,Security,4688,4,,,,,,,,,\\??\\C:\\WINDOWS\\system32\\conhost.exe 0xffffffff -ForceV1,,3,67027,A process was created.,,,
76,Normal,"May 9, 2025 @ 11:14:12.168",15,10.12.25.3,Windows11,Security,4688,4,,,,,,,,,C:\\WINDOWS\\system32\\net1 accounts,,3,67027,A process was created.,,,
77,Normal,"May 9, 2025 @ 11:14:13.041",15,10.12.25.3,Windows11,Microsoft-Windows-Sysmon/Operational,1,3164,,,,,,,NT AUTHORITY\\SYSTEM,net.exe accounts,C:\\WINDOWS\\system32\\net1 accounts,,3,92031,Discovery activity executed,[T1087],[Discovery],[Account Discovery]
78,Normal,"May 9, 2025 @ 11:14:13.060",15,10.12.25.3,Windows11,Microsoft-Windows-Sysmon/Operational,1,3164,,,,,,,NT AUTHORITY\\SYSTEM,"\""C:\\Program Files (x86)\\ossec-agent\\wazuh-agent.exe\""",net.exe accounts,,3,92031,Discovery activity executed,[T1087],[Discovery],[Account Discovery]
79,Normal,"May 9, 2025 @ 11:14:13.072",15,10.12.25.3,Windows11,Microsoft-Windows-Sysmon/Operational,1,3164,,,,,,,NT AUTHORITY\\SYSTEM,net.exe accounts,C:\\WINDOWS\\system32\\net1 accounts,,3,92031,Discovery activity executed,[T1087],[Discovery],[Account Discovery]
80,Normal,"May 9, 2025 @ 11:14:13.098",15,10.12.25.3,Windows11,Microsoft-Windows-Sysmon/Operational,1,3164,,,,,,,NT AUTHORITY\\SYSTEM,"\""C:\\Program Files (x86)\\ossec-agent\\wazuh-agent.exe\""",net user guest,,3,92039,A net.exe account discovery command was initiated,[T1087],[Discovery],[Account Discovery]
81,Normal,"May 9, 2025 @ 11:14:13.198",15,10.12.25.3,Windows11,Security,4688,4,,,,,,,,,net.exe accounts,,3,67027,A process was created.,,,
82,Normal,"May 9, 2025 @ 11:14:13.240",15,10.12.25.3,Windows11,Security,4688,4,,,,,,,,,\\??\\C:\\WINDOWS\\system32\\conhost.exe 0xffffffff -ForceV1,,3,67027,A process was created.,,,
83,Normal,"May 9, 2025 @ 11:14:13.247",15,10.12.25.3,Windows11,Security,4688,4,,,,,,,,,C:\\WINDOWS\\system32\\net1 accounts,,3,67027,A process was created.,,,
84,Normal,"May 9, 2025 @ 11:14:13.267",15,10.12.25.3,Windows11,Security,4688,4,,,,,,,,,net user guest,,3,67027,A process was created.,,,
85,Normal,"May 9, 2025 @ 11:14:13.269",15,10.12.25.3,Windows11,Security,4688,4,,,,,,,,,\\??\\C:\\WINDOWS\\system32\\conhost.exe 0xffffffff -ForceV1,,3,67027,A process was created.,,,
86,Normal,"May 9, 2025 @ 11:14:13.294",15,10.12.25.3,Windows11,Security,4688,4,,,,,,,,,C:\\WINDOWS\\system32\\net1 user guest,,3,67027,A process was created.,,,
87,Normal,"May 9, 2025 @ 11:14:14.102",15,10.12.25.3,Windows11,Microsoft-Windows-Sysmon/Operational,1,3164,,,,,,,NT AUTHORITY\\SYSTEM,net user guest,C:\\WINDOWS\\system32\\net1 user guest,,3,92039,A net.exe account discovery command was initiated,[T1087],[Discovery],[Account Discovery]
88,Normal,"May 9, 2025 @ 11:14:14.103",15,10.12.25.3,Windows11,Microsoft-Windows-Sysmon/Operational,1,3164,,,,,,,NT AUTHORITY\\SYSTEM,"\""C:\\Program Files (x86)\\ossec-agent\\wazuh-agent.exe\""",net user guest,,3,92039,A net.exe account discovery command was initiated,[T1087],[Discovery],[Account Discovery]
89,Normal,"May 9, 2025 @ 11:14:14.120",15,10.12.25.3,Windows11,Microsoft-Windows-Sysmon/Operational,1,3164,,,,,,,NT AUTHORITY\\SYSTEM,net user guest,C:\\WINDOWS\\system32\\net1 user guest,,3,92039,A net.exe account discovery command was initiated,[T1087],[Discovery],[Account Discovery]
90,Normal,"May 9, 2025 @ 11:14:14.332",15,10.12.25.3,Windows11,Security,4688,4,,,,,,,,,net user guest,,3,67027,A process was created.,,,
91,Normal,"May 9, 2025 @ 11:14:14.346",15,10.12.25.3,Windows11,Security,4688,4,,,,,,,,,\\??\\C:\\WINDOWS\\system32\\conhost.exe 0xffffffff -ForceV1,,3,67027,A process was created.,,,
92,Normal,"May 9, 2025 @ 11:14:14.346",15,10.12.25.3,Windows11,Security,4688,4,,,,,,,,,C:\\WINDOWS\\system32\\net1 user guest,,3,67027,A process was created.,,,
93,Normal,"May 9, 2025 @ 11:14:15.535",15,10.12.25.3,Windows11,Security,4688,4,,,,,,,,,net user administrator,,3,67027,A process was created.,,,
94,Normal,"May 9, 2025 @ 11:14:15.543",15,10.12.25.3,Windows11,Microsoft-Windows-Sysmon/Operational,1,3164,,,,,,,NT AUTHORITY\\SYSTEM,"\""C:\\Program Files (x86)\\ossec-agent\\wazuh-agent.exe\""",net user administrator,,3,92039,A net.exe account discovery command was initiated,[T1087],[Discovery],[Account Discovery]
95,Normal,"May 9, 2025 @ 11:14:15.671",15,10.12.25.3,Windows11,Security,4688,4,,,,,,,,,\\??\\C:\\WINDOWS\\system32\\conhost.exe 0xffffffff -ForceV1,,3,67027,A process was created.,,,
96,Normal,"May 9, 2025 @ 11:14:16.806",15,10.12.25.3,Windows11,Microsoft-Windows-Sysmon/Operational,1,3164,,,,,,,NT AUTHORITY\\SYSTEM,net user administrator,C:\\WINDOWS\\system32\\net1 user administrator,,3,92039,A net.exe account discovery command was initiated,[T1087],[Discovery],[Account Discovery]
97,Normal,"May 9, 2025 @ 11:14:17.232",15,10.12.25.3,Windows11,Security,4688,4,,,,,,,,,C:\\WINDOWS\\system32\\net1 user administrator,,3,67027,A process was created.,,,
98,Normal,"May 9, 2025 @ 11:14:18.336",15,10.12.25.3,Windows11,Microsoft-Windows-Sysmon/Operational,1,3164,,,,,,,NT AUTHORITY\\SYSTEM,"\""C:\\Program Files (x86)\\ossec-agent\\wazuh-agent.exe\""",net user guest,,3,92039,A net.exe account discovery command was initiated,[T1087],[Discovery],[Account Discovery]
99,Normal,"May 9, 2025 @ 11:14:18.338",15,10.12.25.3,Windows11,Security,4688,4,,,,,,,,,net user guest,,3,67027,A process was created.,,,
100,Normal,"May 9, 2025 @ 11:14:18.465",15,10.12.25.3,Windows11,Security,4688,4,,,,,,,,,\\??\\C:\\WINDOWS\\system32\\conhost.exe 0xffffffff -ForceV1,,3,67027,A process was created.,,,
101,Normal,"May 9, 2025 @ 11:14:18.518",15,10.12.25.3,Windows11,Security,4688,4,,,,,,,,,C:\\WINDOWS\\System32\\sihclient.exe  /cv V4QRUN8jYU+LHMwrUXjrHQ.0.2,,3,67027,A process was created.,,,
102,Normal,"May 9, 2025 @ 11:14:20.286",15,10.12.25.3,Windows11,Security,4688,4,,,,,,,,,"\""C:\\ProgramData\\Microsoft\\Windows Defender\\Platform\\4.18.25030.2-0\\MpCmdRun.exe\"" -IdleTask -TaskName WdVerification",,3,67027,A process was created.,,,
103,Normal,"May 9, 2025 @ 11:14:20.502",15,10.12.25.3,Windows11,Security,4688,4,,,,,,,,,"\""C:\\ProgramData\\Microsoft\\Windows Defender\\Platform\\4.18.25030.2-0\\MpCmdRun.exe\"" -IdleTask -TaskName WdCleanup",,3,67027,A process was created.,,,
104,Normal,"May 9, 2025 @ 11:14:20.553",15,10.12.25.3,Windows11,Security,4688,4,,,,,,,,,\\??\\C:\\WINDOWS\\system32\\conhost.exe 0xffffffff -ForceV1,,3,67027,A process was created.,,,
105,Normal,"May 9, 2025 @ 11:14:20.631",15,10.12.25.3,Windows11,Security,4688,4,,,,,,,,,\\??\\C:\\WINDOWS\\system32\\conhost.exe 0xffffffff -ForceV1,,3,67027,A process was created.,,,
106,Normal,"May 9, 2025 @ 11:14:21.448",15,10.12.25.3,Windows11,Security,4688,4,,,,,,,,,C:\\WINDOWS\\system32\\sppsvc.exe,,3,67027,A process was created.,,,
107,Normal,"May 9, 2025 @ 11:14:30.334",15,10.12.25.3,Windows11,Security,4688,4,,,,,,,,,C:\\WINDOWS\\system32\\net1 user guest,,3,67027,A process was created.,,,
108,Normal,"May 9, 2025 @ 11:14:30.344",15,10.12.25.3,Windows11,Microsoft-Windows-Sysmon/Operational,1,3164,,,,,,,NT AUTHORITY\\SYSTEM,net user guest,C:\\WINDOWS\\system32\\net1 user guest,,3,92039,A net.exe account discovery command was initiated,[T1087],[Discovery],[Account Discovery]
109,Normal,"May 9, 2025 @ 11:14:30.346",15,10.12.25.3,Windows11,Security,4688,4,,,,,,,,,reg query HKLM\\SOFTWARE\\Microsoft\\Windows\\CurrentVersion\\Policies\\system /v legalnoticetext,,3,67027,A process was created.,,,
110,Normal,"May 9, 2025 @ 11:14:30.358",15,10.12.25.3,Windows11,Security,4688,4,,,,,,,,,\\??\\C:\\WINDOWS\\system32\\conhost.exe 0xffffffff -ForceV1,,3,67027,A process was created.,,,
111,Normal,"May 9, 2025 @ 11:14:32.452",15,10.12.25.3,Windows11,Security,4688,4,,,,,,,,,reg query HKLM\\SOFTWARE\\Microsoft\\Windows\\CurrentVersion\\Policies\\system /v legalnoticecaption,,3,67027,A process was created.,,,
112,Normal,"May 9, 2025 @ 11:14:32.477",15,10.12.25.3,Windows11,Security,4688,4,,,,,,,,,\\??\\C:\\WINDOWS\\system32\\conhost.exe 0xffffffff -ForceV1,,3,67027,A process was created.,,,
113,Normal,"May 9, 2025 @ 11:14:33.964",15,10.12.25.3,Windows11,Security,4688,4,,,,,,,,,"auditpol.exe /get /subcategory:\""Credential Validation\""",,3,67027,A process was created.,,,
114,Normal,"May 9, 2025 @ 11:14:34.006",15,10.12.25.3,Windows11,Security,4688,4,,,,,,,,,\\??\\C:\\WINDOWS\\system32\\conhost.exe 0xffffffff -ForceV1,,3,67027,A process was created.,,,
115,Normal,"May 9, 2025 @ 11:14:34.010",15,10.12.25.3,Windows11,Security,4688,4,,,,,,,,,"auditpol.exe /get /subcategory:\""Application Group Management\""",,3,67027,A process was created.,,,
116,Normal,"May 9, 2025 @ 11:14:34.038",15,10.12.25.3,Windows11,Security,4688,4,,,,,,,,,\\??\\C:\\WINDOWS\\system32\\conhost.exe 0xffffffff -ForceV1,,3,67027,A process was created.,,,
117,Normal,"May 9, 2025 @ 11:14:35.195",15,10.12.25.3,Windows11,Security,4688,4,,,,,,,,,"auditpol.exe /get /subcategory:\""Security Group Management\""",,3,67027,A process was created.,,,
118,Normal,"May 9, 2025 @ 11:14:35.197",15,10.12.25.3,Windows11,Security,4688,4,,,,,,,,,\\??\\C:\\WINDOWS\\system32\\conhost.exe 0xffffffff -ForceV1,,3,67027,A process was created.,,,
119,Normal,"May 9, 2025 @ 11:14:35.204",15,10.12.25.3,Windows11,Security,4688,4,,,,,,,,,"auditpol.exe /get /subcategory:\""User Account Management\""",,3,67027,A process was created.,,,
120,Normal,"May 9, 2025 @ 11:14:35.245",15,10.12.25.3,Windows11,Security,4688,4,,,,,,,,,\\??\\C:\\WINDOWS\\system32\\conhost.exe 0xffffffff -ForceV1,,3,67027,A process was created.,,,
121,Normal,"May 9, 2025 @ 11:14:35.246",15,10.12.25.3,Windows11,Security,4688,4,,,,,,,,,"auditpol.exe /get /subcategory:\""Plug and Play Events\""",,3,67027,A process was created.,,,
122,Normal,"May 9, 2025 @ 11:14:35.253",15,10.12.25.3,Windows11,Security,4688,4,,,,,,,,,\\??\\C:\\WINDOWS\\system32\\conhost.exe 0xffffffff -ForceV1,,3,67027,A process was created.,,,
123,Normal,"May 9, 2025 @ 11:14:35.274",15,10.12.25.3,Windows11,Security,4688,4,,,,,,,,,\\??\\C:\\WINDOWS\\system32\\conhost.exe 0xffffffff -ForceV1,,3,67027,A process was created.,,,
124,Normal,"May 9, 2025 @ 11:14:35.274",15,10.12.25.3,Windows11,Security,4688,4,,,,,,,,,"auditpol.exe /get /subcategory:\""Process Creation\""",,3,67027,A process was created.,,,
125,Normal,"May 9, 2025 @ 11:14:35.288",15,10.12.25.3,Windows11,Security,4688,4,,,,,,,,,"auditpol.exe /get /subcategory:\""Account Lockout\""",,3,67027,A process was created.,,,
126,Normal,"May 9, 2025 @ 11:14:35.301",15,10.12.25.3,Windows11,Security,4688,4,,,,,,,,,\\??\\C:\\WINDOWS\\system32\\conhost.exe 0xffffffff -ForceV1,,3,67027,A process was created.,,,
127,Normal,"May 9, 2025 @ 11:14:35.348",15,10.12.25.3,Windows11,Security,4688,4,,,,,,,,,\\??\\C:\\WINDOWS\\system32\\conhost.exe 0xffffffff -ForceV1,,3,67027,A process was created.,,,
128,Normal,"May 9, 2025 @ 11:14:35.348",15,10.12.25.3,Windows11,Security,4688,4,,,,,,,,,"auditpol.exe /get /subcategory:\""Group Membership\""",,3,67027,A process was created.,,,
129,Normal,"May 9, 2025 @ 11:14:36.300",15,10.12.25.3,Windows11,Security,4688,4,,,,,,,,,"auditpol.exe /get /subcategory:\""Logoff\""",,3,67027,A process was created.,,,
130,Normal,"May 9, 2025 @ 11:14:36.302",15,10.12.25.3,Windows11,Security,4688,4,,,,,,,,,\\??\\C:\\WINDOWS\\system32\\conhost.exe 0xffffffff -ForceV1,,3,67027,A process was created.,,,
131,Normal,"May 9, 2025 @ 11:14:36.330",15,10.12.25.3,Windows11,Security,4688,4,,,,,,,,,"auditpol.exe /get /subcategory:\""Logon\""",,3,67027,A process was created.,,,
132,Normal,"May 9, 2025 @ 11:14:36.344",15,10.12.25.3,Windows11,Security,4688,4,,,,,,,,,\\??\\C:\\WINDOWS\\system32\\conhost.exe 0xffffffff -ForceV1,,3,67027,A process was created.,,,
133,Normal,"May 9, 2025 @ 11:14:36.346",15,10.12.25.3,Windows11,Security,4688,4,,,,,,,,,"auditpol.exe /get /subcategory:\""Other Logon/Logoff Events\""",,3,67027,A process was created.,,,
134,Normal,"May 9, 2025 @ 11:14:36.358",15,10.12.25.3,Windows11,Security,4688,4,,,,,,,,,\\??\\C:\\WINDOWS\\system32\\conhost.exe 0xffffffff -ForceV1,,3,67027,A process was created.,,,
135,Normal,"May 9, 2025 @ 11:14:36.371",15,10.12.25.3,Windows11,Security,4688,4,,,,,,,,,"auditpol.exe /get /subcategory:\""Special Logon\""",,3,67027,A process was created.,,,
136,Normal,"May 9, 2025 @ 11:14:36.373",15,10.12.25.3,Windows11,Security,4688,4,,,,,,,,,\\??\\C:\\WINDOWS\\system32\\conhost.exe 0xffffffff -ForceV1,,3,67027,A process was created.,,,
137,Normal,"May 9, 2025 @ 11:14:36.391",15,10.12.25.3,Windows11,Security,4688,4,,,,,,,,,"auditpol.exe /get /subcategory:\""Detailed File Share\""",,3,67027,A process was created.,,,
138,Normal,"May 9, 2025 @ 11:14:36.392",15,10.12.25.3,Windows11,Security,4688,4,,,,,,,,,\\??\\C:\\WINDOWS\\system32\\conhost.exe 0xffffffff -ForceV1,,3,67027,A process was created.,,,
139,Normal,"May 9, 2025 @ 11:14:37.505",15,10.12.25.3,Windows11,Security,4688,4,,,,,,,,,"auditpol.exe /get /subcategory:\""File Share\""",,3,67027,A process was created.,,,
140,Normal,"May 9, 2025 @ 11:14:37.528",15,10.12.25.3,Windows11,Security,4688,4,,,,,,,,,"auditpol.exe /get /subcategory:\""Other Object Access Events\""",,3,67027,A process was created.,,,
141,Normal,"May 9, 2025 @ 11:14:37.530",15,10.12.25.3,Windows11,Security,4688,4,,,,,,,,,\\??\\C:\\WINDOWS\\system32\\conhost.exe 0xffffffff -ForceV1,,3,67027,A process was created.,,,
142,Normal,"May 9, 2025 @ 11:14:37.530",15,10.12.25.3,Windows11,Security,4688,4,,,,,,,,,\\??\\C:\\WINDOWS\\system32\\conhost.exe 0xffffffff -ForceV1,,3,67027,A process was created.,,,
143,Normal,"May 9, 2025 @ 11:14:37.538",15,10.12.25.3,Windows11,Security,4688,4,,,,,,,,,"auditpol.exe /get /subcategory:\""Removable Storage\""",,3,67027,A process was created.,,,
144,Normal,"May 9, 2025 @ 11:14:37.547",15,10.12.25.3,Windows11,Security,4688,4,,,,,,,,,\\??\\C:\\WINDOWS\\system32\\conhost.exe 0xffffffff -ForceV1,,3,67027,A process was created.,,,
145,Normal,"May 9, 2025 @ 11:14:38.969",15,10.12.25.3,Windows11,Security,4688,4,,,,,,,,,"auditpol.exe /get /subcategory:\""Audit Policy Change\""",,3,67027,A process was created.,,,
146,Normal,"May 9, 2025 @ 11:14:39.016",15,10.12.25.3,Windows11,Security,4688,4,,,,,,,,,\\??\\C:\\WINDOWS\\system32\\conhost.exe 0xffffffff -ForceV1,,3,67027,A process was created.,,,
147,Normal,"May 9, 2025 @ 11:14:39.017",15,10.12.25.3,Windows11,Security,4688,4,,,,,,,,,"auditpol.exe /get /subcategory:\""Authentication Policy Change\""",,3,67027,A process was created.,,,
148,Normal,"May 9, 2025 @ 11:14:39.041",15,10.12.25.3,Windows11,Security,4688,4,,,,,,,,,\\??\\C:\\WINDOWS\\system32\\conhost.exe 0xffffffff -ForceV1,,3,67027,A process was created.,,,
149,Normal,"May 9, 2025 @ 11:14:39.041",15,10.12.25.3,Windows11,Security,4688,4,,,,,,,,,"auditpol.exe /get /subcategory:\""Authorization Policy Change\""",,3,67027,A process was created.,,,
150,Normal,"May 9, 2025 @ 11:14:39.042",15,10.12.25.3,Windows11,Security,4688,4,,,,,,,,,\\??\\C:\\WINDOWS\\system32\\conhost.exe 0xffffffff -ForceV1,,3,67027,A process was created.,,,
151,Normal,"May 9, 2025 @ 11:14:39.070",15,10.12.25.3,Windows11,Security,4688,4,,,,,,,,,"auditpol.exe /get /subcategory:\""MPSSVC Rule-Level Policy Change\""",,3,67027,A process was created.,,,
152,Normal,"May 9, 2025 @ 11:14:39.071",15,10.12.25.3,Windows11,Security,4688,4,,,,,,,,,\\??\\C:\\WINDOWS\\system32\\conhost.exe 0xffffffff -ForceV1,,3,67027,A process was created.,,,
153,Normal,"May 9, 2025 @ 11:14:39.079",15,10.12.25.3,Windows11,Security,4688,4,,,,,,,,,"auditpol.exe /get /subcategory:\""Other Policy Change Events\""",,3,67027,A process was created.,,,
154,Normal,"May 9, 2025 @ 11:14:39.086",15,10.12.25.3,Windows11,Security,4688,4,,,,,,,,,\\??\\C:\\WINDOWS\\system32\\conhost.exe 0xffffffff -ForceV1,,3,67027,A process was created.,,,
155,Normal,"May 9, 2025 @ 11:14:39.090",15,10.12.25.3,Windows11,Security,4688,4,,,,,,,,,"auditpol.exe /get /subcategory:\""Sensitive Privilege Use\""",,3,67027,A process was created.,,,
156,Normal,"May 9, 2025 @ 11:14:39.101",15,10.12.25.3,Windows11,Security,4688,4,,,,,,,,,\\??\\C:\\WINDOWS\\system32\\conhost.exe 0xffffffff -ForceV1,,3,67027,A process was created.,,,
157,Normal,"May 9, 2025 @ 11:14:40.129",15,10.12.25.3,Windows11,Security,4688,4,,,,,,,,,"auditpol.exe /get /subcategory:\""IPsec Driver\""",,3,67027,A process was created.,,,
158,Normal,"May 9, 2025 @ 11:14:40.145",15,10.12.25.3,Windows11,Security,4688,4,,,,,,,,,\\??\\C:\\WINDOWS\\system32\\conhost.exe 0xffffffff -ForceV1,,3,67027,A process was created.,,,
159,Normal,"May 9, 2025 @ 11:14:40.148",15,10.12.25.3,Windows11,Security,4688,4,,,,,,,,,"auditpol.exe /get /subcategory:\""Other System Events\""",,3,67027,A process was created.,,,
160,Normal,"May 9, 2025 @ 11:14:40.166",15,10.12.25.3,Windows11,Security,4688,4,,,,,,,,,\\??\\C:\\WINDOWS\\system32\\conhost.exe 0xffffffff -ForceV1,,3,67027,A process was created.,,,
161,Normal,"May 9, 2025 @ 11:14:40.200",15,10.12.25.3,Windows11,Security,4688,4,,,,,,,,,"auditpol.exe /get /subcategory:\""Security State Change\""",,3,67027,A process was created.,,,
162,Normal,"May 9, 2025 @ 11:14:40.224",15,10.12.25.3,Windows11,Security,4688,4,,,,,,,,,\\??\\C:\\WINDOWS\\system32\\conhost.exe 0xffffffff -ForceV1,,3,67027,A process was created.,,,
163,Normal,"May 9, 2025 @ 11:14:40.243",15,10.12.25.3,Windows11,Security,4688,4,,,,,,,,,"auditpol.exe /get /subcategory:\""Security System Extension\""",,3,67027,A process was created.,,,
164,Normal,"May 9, 2025 @ 11:14:40.262",15,10.12.25.3,Windows11,Security,4688,4,,,,,,,,,\\??\\C:\\WINDOWS\\system32\\conhost.exe 0xffffffff -ForceV1,,3,67027,A process was created.,,,
165,Normal,"May 9, 2025 @ 11:14:40.369",15,10.12.25.3,Windows11,Application,86,2420,,,,,,,,,,,9,60602,Windows application error event.,,,
166,Normal,"May 9, 2025 @ 11:14:40.373",15,10.12.25.3,Windows11,Application,86,2420,,,,,,,,,,,9,60602,Windows application error event.,,,
167,Normal,"May 9, 2025 @ 11:14:41.309",15,10.12.25.3,Windows11,Security,4688,4,,,,,,,,,"auditpol.exe /get /subcategory:\""System Integrity\""",,3,67027,A process was created.,,,
168,Normal,"May 9, 2025 @ 11:14:41.322",15,10.12.25.3,Windows11,Security,4688,4,,,,,,,,,\\??\\C:\\WINDOWS\\system32\\conhost.exe 0xffffffff -ForceV1,,3,67027,A process was created.,,,
169,Normal,"May 9, 2025 @ 11:14:42.375",15,10.12.25.3,Windows11,Security,4688,4,,,,,,,,,"\""C:\\ProgramData\\Microsoft\\Windows Defender\\Platform\\4.18.25030.2-0\\MpCmdRun.exe\"" SignatureUpdate -ScheduleJob -RestrictPrivileges",,3,67027,A process was created.,,,
170,Normal,"May 9, 2025 @ 11:14:42.392",15,10.12.25.3,Windows11,Security,4688,4,,,,,,,,,\\??\\C:\\WINDOWS\\system32\\conhost.exe 0xffffffff -ForceV1,,3,67027,A process was created.,,,
171,Normal,"May 9, 2025 @ 11:14:42.417",15,10.12.25.3,Windows11,Security,4688,4,,,,,,,,,"\""C:\\ProgramData\\Microsoft\\Windows Defender\\Platform\\4.18.25030.2-0\\MpCmdRun.exe\"" SignaturesUpdateService -ScheduleJob -UnmanagedUpdate",,3,67027,A process was created.,,,
172,Normal,"May 9, 2025 @ 11:14:42.446",15,10.12.25.3,Windows11,Security,4688,4,,,,,,,,,\\??\\C:\\WINDOWS\\system32\\conhost.exe 0xffffffff -ForceV1,,3,67027,A process was created.,,,
173,Normal,"May 9, 2025 @ 11:14:42.447",15,10.12.25.3,Windows11,Security,4688,4,,,,,,,,,"\""C:\\ProgramData\\Microsoft\\Windows Defender\\Platform\\4.18.25030.2-0\\NisSrv.exe\""",,3,67027,A process was created.,,,
174,Normal,"May 9, 2025 @ 11:14:42.480",15,10.12.25.3,Windows11,Microsoft-Windows-Windows Defender/Operational,5007,3128,,,,,,,,,,,5,62154,Windows Defender: Antimalware platform feature configuration changed,,,
175,Normal,"May 9, 2025 @ 11:14:42.485",15,10.12.25.3,Windows11,Microsoft-Windows-Windows Defender/Operational,5007,3128,,,,,,,,,,,5,62154,Windows Defender: Antimalware platform feature configuration changed,,,
176,Normal,"May 9, 2025 @ 11:14:43.436",15,10.12.25.3,Windows11,Application,86,2420,,,,,,,,,,,9,60602,Windows application error event.,,,
177,Normal,"May 9, 2025 @ 11:14:44.211",15,10.12.25.3,Windows11,Security,4624,860,,Negotiate,Advapi,,,,,,,,3,60106,Windows Logon Success,[T1078],"[Defense Evasion, Persistence, Privilege Escalation, Initial Access]",[Valid Accounts]
178,Normal,"May 9, 2025 @ 11:14:44.242",15,10.12.25.3,Windows11,Security,4688,4,,,,,,,,,C:\\WINDOWS\\system32\\svchost.exe -k osprivacy -p,,3,67027,A process was created.,,,
179,Normal,"May 9, 2025 @ 11:14:48.769",15,10.12.25.3,Windows11,Security,4688,4,,,,,,,,,"\""C:\\WINDOWS\\system32\\wevtutil.exe\"" uninstall-manifest \""C:\\Program Files\\WindowsApps\\Microsoft.WindowsAppRuntime.1.6_6000.457.2140.0_x86__8wekyb3d8bbwe\\EventLog-Instrumentation.man\"" /unicode:true",,3,67027,A process was created.,,,
180,Normal,"May 9, 2025 @ 11:14:48.827",15,10.12.25.3,Windows11,Security,4688,4,,,,,,,,,\\??\\C:\\WINDOWS\\system32\\conhost.exe 0xffffffff -ForceV1,,3,67027,A process was created.,,,
181,Normal,"May 9, 2025 @ 11:14:48.880",15,10.12.25.3,Windows11,Security,4688,4,,,,,,,,,"\""C:\\WINDOWS\\system32\\wevtutil.exe\"" install-manifest \""C:\\WINDOWS\\SystemApps\\Microsoft.WindowsAppRuntime.vNext.CBS_8wekyb3d8bbwe\\EventLog-Instrumentation.man\"" /resourceFilePath:\""C:\\WINDOWS\\SystemApps\\Microsoft.WindowsAppRuntime.vNext.CBS_8wekyb3d8bbwe\\WindowsAppSdk.AppxDeploymentExtensions.Desktop-EventLog-Instrumentation.dll\"" /messageFilePath:\""C:\\WINDOWS\\SystemApps\\Microsoft.WindowsAppRuntime.vNext.CBS_8wekyb3d8bbwe\\WindowsAppSdk.AppxDeploymentExtensions.Desktop-EventLog-Instrumentation.dll\"" /unicode:true",,3,67027,A process was created.,,,
182,Normal,"May 9, 2025 @ 11:14:48.904",15,10.12.25.3,Windows11,Security,4688,4,,,,,,,,,\\??\\C:\\WINDOWS\\system32\\conhost.exe 0xffffffff -ForceV1,,3,67027,A process was created.,,,
183,Normal,"May 9, 2025 @ 11:14:50.146",15,10.12.25.3,Windows11,Security,4688,4,,,,,,,,,"\""C:\\WINDOWS\\system32\\dxgiadaptercache.exe\""",,3,67027,A process was created.,,,
184,Normal,"May 9, 2025 @ 11:14:51.862",15,10.12.25.3,Windows11,Security,4688,4,,,,,,,,,"\""C:\\WINDOWS\\system32\\wevtutil.exe\"" uninstall-manifest \""C:\\WINDOWS\\SystemApps\\Microsoft.WindowsAppRuntime.vNext.CBS_8wekyb3d8bbwe\\EventLog-Instrumentation.man\"" /unicode:true",,3,67027,A process was created.,,,
185,Normal,"May 9, 2025 @ 11:14:51.910",15,10.12.25.3,Windows11,Security,4688,4,,,,,,,,,\\??\\C:\\WINDOWS\\system32\\conhost.exe 0xffffffff -ForceV1,,3,67027,A process was created.,,,
186,Normal,"May 9, 2025 @ 11:14:51.988",15,10.12.25.3,Windows11,Security,4688,4,,,,,,,,,"\""C:\\WINDOWS\\system32\\wevtutil.exe\"" install-manifest \""C:\\WINDOWS\\SystemApps\\Microsoft.WindowsAppRuntime.CBS_8wekyb3d8bbwe\\EventLog-Instrumentation.man\"" /resourceFilePath:\""C:\\WINDOWS\\SystemApps\\Microsoft.WindowsAppRuntime.CBS_8wekyb3d8bbwe\\WindowsAppSdk.AppxDeploymentExtensions.Desktop-EventLog-Instrumentation.dll\"" /messageFilePath:\""C:\\WINDOWS\\SystemApps\\Microsoft.WindowsAppRuntime.CBS_8wekyb3d8bbwe\\WindowsAppSdk.AppxDeploymentExtensions.Desktop-EventLog-Instrumentation.dll\"" /unicode:true",,3,67027,A process was created.,,,
187,Normal,"May 9, 2025 @ 11:14:51.988",15,10.12.25.3,Windows11,Security,4688,4,,,,,,,,,\\??\\C:\\WINDOWS\\system32\\conhost.exe 0xffffffff -ForceV1,,3,67027,A process was created.,,,
188,Normal,"May 9, 2025 @ 11:14:52.000",15,10.12.25.3,Windows11,Security,4688,4,,,,,,,,,C:\\WINDOWS\\uus\\AMD64\\WaaSMedicAgent.exe 30dc3742b31793f9c87fe20455757c16 V4QRUN8jYU+LHMwrUXjrHQ.0.1.0.3.0,,3,67027,A process was created.,,,
189,Normal,"May 9, 2025 @ 11:14:52.016",15,10.12.25.3,Windows11,Security,4688,4,,,,,,,,,\\??\\C:\\WINDOWS\\system32\\conhost.exe 0xffffffff -ForceV1,,3,67027,A process was created.,,,
190,Normal,"May 9, 2025 @ 11:14:54.808",15,10.12.25.3,Windows11,System,7023,840,,,,,,,,,,,5,61102,Windows System error event,,,
191,Normal,"May 9, 2025 @ 11:15:08.559",15,10.12.25.3,Windows11,System,7040,840,,,,,,,,,,,3,61104,Service startup type was changed,,,
192,Normal,"May 9, 2025 @ 11:15:11.420",15,10.12.25.3,Windows11,Microsoft-Windows-Windows Defender/Operational,5007,3128,,,,,,,,,,,5,62154,Windows Defender: Antimalware platform feature configuration changed,,,
193,Normal,"May 9, 2025 @ 11:15:11.424",15,10.12.25.3,Windows11,Microsoft-Windows-Windows Defender/Operational,5007,3128,,,,,,,,,,,5,62154,Windows Defender: Antimalware platform feature configuration changed,,,
194,Normal,"May 9, 2025 @ 11:15:12.257",15,10.12.25.3,Windows11,Security,4624,860,,Negotiate,Advapi,,,,,,,,3,60106,Windows Logon Success,[T1078],"[Defense Evasion, Persistence, Privilege Escalation, Initial Access]",[Valid Accounts]
195,Normal,"May 9, 2025 @ 11:15:12.257",15,10.12.25.3,Windows11,Security,4688,4,,,,,,,,,C:\\WINDOWS\\System32\\svchost.exe -k NetworkService -p,,3,67027,A process was created.,,,
196,Normal,"May 9, 2025 @ 11:15:12.304",15,10.12.25.3,Windows11,Security,4688,4,,,,,,,,,C:\\WINDOWS\\System32\\svchost.exe -k LocalSystemNetworkRestricted -p,,3,67027,A process was created.,,,
197,Normal,"May 9, 2025 @ 11:15:15.608",15,10.12.25.3,Windows11,Security,4688,4,,,,,,,,,C:\\WINDOWS\\system32\\wbem\\wmiprvse.exe -secured -Embedding,,3,67027,A process was created.,,,
198,Normal,"May 9, 2025 @ 11:15:18.809",15,10.12.25.3,Windows11,Microsoft-Windows-Sysmon/Operational,11,3164,,,,,,,NT AUTHORITY\\SYSTEM,,,,6,92217,Executable dropped in Windows root folder,[T1570],[Lateral Movement],[Lateral Tool Transfer]
199,Normal,"May 9, 2025 @ 11:15:18.823",15,10.12.25.3,Windows11,Microsoft-Windows-Sysmon/Operational,11,3164,,,,,,,NT AUTHORITY\\SYSTEM,,,,6,92217,Executable dropped in Windows root folder,[T1570],[Lateral Movement],[Lateral Tool Transfer]
200,Normal,"May 9, 2025 @ 11:15:20.911",15,10.12.25.3,Windows11,Application,16384,4376,,,,,,,,,,,3,60642,Software protection service scheduled successfully.,,,
201,Normal,"May 9, 2025 @ 11:15:30.472",15,10.12.25.3,Windows11,Security,4624,860,,Negotiate,Advapi,,,,,,,,3,60106,Windows Logon Success,[T1078],"[Defense Evasion, Persistence, Privilege Escalation, Initial Access]",[Valid Accounts]
202,Normal,"May 9, 2025 @ 11:15:30.503",15,10.12.25.3,Windows11,Security,4688,4,,,,,,,,,C:\\WINDOWS\\System32\\svchost.exe -k AppReadiness -p,,3,67027,A process was created.,,,
203,Normal,"May 9, 2025 @ 11:15:33.376",15,10.12.25.3,Windows11,Security,4688,4,,,,,,,,,C:\\WINDOWS\\system32\\sppsvc.exe,,3,67027,A process was created.,,,
204,Normal,"May 9, 2025 @ 11:15:40.665",15,10.12.25.3,Windows11,Security,4688,4,,,,,,,,,"\""C:\\WINDOWS\\uus\\packages\\preview\\AMD64\\wuaucltcore.exe\"" /DeploymentHandlerFullPath \\\\?\\C:\\Windows\\UUS\\Packages\\Preview\\AMD64\\UpdateDeploy.dll /ClassId d4f55271-a065-43c4-9ef1-8fa388524143 /RunHandlerComServer",,3,67027,A process was created.,,,
205,Normal,"May 9, 2025 @ 11:15:40.698",15,10.12.25.3,Windows11,Microsoft-Windows-Sysmon/Operational,11,3164,,,,,,,NT AUTHORITY\\SYSTEM,,,,6,92217,Executable dropped in Windows root folder,[T1570],[Lateral Movement],[Lateral Tool Transfer]
206,Normal,"May 9, 2025 @ 11:15:42.358",15,10.12.25.3,Windows11,Security,4688,4,,,,,,,,,"\""C:\\WINDOWS\\SoftwareDistribution\\Download\\Install\\AM_Delta.exe\"" WD /q",,3,67027,A process was created.,,,
207,Normal,"May 9, 2025 @ 11:15:42.382",15,10.12.25.3,Windows11,Security,4688,4,,,,,,,,,C:\\WINDOWS\\system32\\MpSigStub.exe /stub 1.1.24010.2001 /payload 1.427.717.0 /MpWUStub /program C:\\WINDOWS\\SoftwareDistribution\\Download\\Install\\AM_Delta.exe WD /q,,3,67027,A process was created.,,,
208,Normal,"May 9, 2025 @ 11:15:52.914",15,10.12.25.3,Windows11,Microsoft-Windows-Sysmon/Operational,11,3164,,,,,,,NT AUTHORITY\\SYSTEM,,,,12,92206,"DLL file created by printer spool service, possible malware binary drop from PrintNightmare exploit",[T1574.010],"[Persistence, Privilege Escalation, Defense Evasion]",[Services File Permissions Weakness]
209,Normal,"May 9, 2025 @ 11:15:52.933",15,10.12.25.3,Windows11,Microsoft-Windows-Sysmon/Operational,11,3164,,,,,,,NT AUTHORITY\\SYSTEM,,,,12,92206,"DLL file created by printer spool service, possible malware binary drop from PrintNightmare exploit",[T1574.010],"[Persistence, Privilege Escalation, Defense Evasion]",[Services File Permissions Weakness]
210,Normal,"May 9, 2025 @ 11:15:52.955",15,10.12.25.3,Windows11,Microsoft-Windows-Sysmon/Operational,11,3164,,,,,,,NT AUTHORITY\\SYSTEM,,,,12,92206,"DLL file created by printer spool service, possible malware binary drop from PrintNightmare exploit",[T1574.010],"[Persistence, Privilege Escalation, Defense Evasion]",[Services File Permissions Weakness]
211,Normal,"May 9, 2025 @ 11:15:52.956",15,10.12.25.3,Windows11,Microsoft-Windows-Sysmon/Operational,11,3164,,,,,,,NT AUTHORITY\\SYSTEM,,,,12,92206,"DLL file created by printer spool service, possible malware binary drop from PrintNightmare exploit",[T1574.010],"[Persistence, Privilege Escalation, Defense Evasion]",[Services File Permissions Weakness]
212,Normal,"May 9, 2025 @ 11:15:52.956",15,10.12.25.3,Windows11,Microsoft-Windows-Sysmon/Operational,11,3164,,,,,,,NT AUTHORITY\\SYSTEM,,,,12,92206,"DLL file created by printer spool service, possible malware binary drop from PrintNightmare exploit",[T1574.010],"[Persistence, Privilege Escalation, Defense Evasion]",[Services File Permissions Weakness]
213,Normal,"May 9, 2025 @ 11:15:52.957",15,10.12.25.3,Windows11,Microsoft-Windows-Sysmon/Operational,11,3164,,,,,,,NT AUTHORITY\\SYSTEM,,,,12,92206,"DLL file created by printer spool service, possible malware binary drop from PrintNightmare exploit",[T1574.010],"[Persistence, Privilege Escalation, Defense Evasion]",[Services File Permissions Weakness]
214,Normal,"May 9, 2025 @ 11:15:52.992",15,10.12.25.3,Windows11,Microsoft-Windows-Sysmon/Operational,11,3164,,,,,,,NT AUTHORITY\\SYSTEM,,,,12,92206,"DLL file created by printer spool service, possible malware binary drop from PrintNightmare exploit",[T1574.010],"[Persistence, Privilege Escalation, Defense Evasion]",[Services File Permissions Weakness]
215,Normal,"May 9, 2025 @ 11:15:53.343",15,10.12.25.3,Windows11,Security,4688,4,,,,,,,,,"C:\\WINDOWS\\system32\\regsvr32.exe /s \""C:\\WINDOWS\\system32\\spool\\drivers\\x64\\3\\PrintConfig.dll\""",,3,67027,A process was created.,,,
